[2026-06-09T07:47:25.866+0000] {local_task_job_runner.py:120} INFO - ::group::Pre task execution logs
[2026-06-09T07:47:25.879+0000] {taskinstance.py:2076} INFO - Dependencies all met for dep_context=non-requeueable deps ti=<TaskInstance: weather_pipeline.fetch_lyon manual__2026-06-09T07:47:24.094881+00:00 [queued]>
[2026-06-09T07:47:25.884+0000] {taskinstance.py:2076} INFO - Dependencies all met for dep_context=requeueable deps ti=<TaskInstance: weather_pipeline.fetch_lyon manual__2026-06-09T07:47:24.094881+00:00 [queued]>
[2026-06-09T07:47:25.885+0000] {taskinstance.py:2306} INFO - Starting attempt 1 of 3
[2026-06-09T07:47:25.893+0000] {taskinstance.py:2330} INFO - Executing <Task(PythonOperator): fetch_lyon> on 2026-06-09 07:47:24.094881+00:00
[2026-06-09T07:47:25.898+0000] {warnings.py:110} WARNING - /home/***/.local/lib/python3.12/site-packages/***/task/task_runner/standard_task_runner.py:61: DeprecationWarning: This process (pid=3588) is multi-threaded, use of fork() may lead to deadlocks in the child.
  pid = os.fork()

[2026-06-09T07:47:25.899+0000] {standard_task_runner.py:63} INFO - Started process 3594 to run task
[2026-06-09T07:47:25.900+0000] {standard_task_runner.py:90} INFO - Running: ['***', 'tasks', 'run', 'weather_pipeline', 'fetch_lyon', 'manual__2026-06-09T07:47:24.094881+00:00', '--job-id', '36', '--raw', '--subdir', 'DAGS_FOLDER/weather_pipeline.py', '--cfg-path', '/tmp/tmpfxadricw']
[2026-06-09T07:47:25.902+0000] {standard_task_runner.py:91} INFO - Job 36: Subtask fetch_lyon
[2026-06-09T07:47:25.939+0000] {task_command.py:426} INFO - Running <TaskInstance: weather_pipeline.fetch_lyon manual__2026-06-09T07:47:24.094881+00:00 [running]> on host 6222566259b1
[2026-06-09T07:47:26.007+0000] {taskinstance.py:2648} INFO - Exporting env vars: AIRFLOW_CTX_DAG_OWNER='samuel' AIRFLOW_CTX_DAG_ID='weather_pipeline' AIRFLOW_CTX_TASK_ID='fetch_lyon' AIRFLOW_CTX_EXECUTION_DATE='2026-06-09T07:47:24.094881+00:00' AIRFLOW_CTX_TRY_NUMBER='1' AIRFLOW_CTX_DAG_RUN_ID='manual__2026-06-09T07:47:24.094881+00:00'
[2026-06-09T07:47:26.009+0000] {taskinstance.py:430} INFO - ::endgroup::
[2026-06-09T07:47:26.204+0000] {logging_mixin.py:188} INFO - [fetch] Données brutes récupérées pour Lyon
[2026-06-09T07:47:26.205+0000] {python.py:237} INFO - Done. Returned value was: None
[2026-06-09T07:47:26.206+0000] {taskinstance.py:441} INFO - ::group::Post task execution logs
[2026-06-09T07:47:26.214+0000] {taskinstance.py:1206} INFO - Marking task as SUCCESS. dag_id=weather_pipeline, task_id=fetch_lyon, run_id=manual__2026-06-09T07:47:24.094881+00:00, execution_date=20260609T074724, start_date=20260609T074725, end_date=20260609T074726
[2026-06-09T07:47:26.272+0000] {local_task_job_runner.py:240} INFO - Task exited with return code 0
[2026-06-09T07:47:26.305+0000] {taskinstance.py:3498} INFO - 1 downstream tasks scheduled from follow-on schedule check
[2026-06-09T07:47:26.306+0000] {local_task_job_runner.py:222} INFO - ::endgroup::
