[2026-06-08T14:51:40.763+0000] {local_task_job_runner.py:120} INFO - ::group::Pre task execution logs
[2026-06-08T14:51:40.796+0000] {taskinstance.py:2076} INFO - Dependencies all met for dep_context=non-requeueable deps ti=<TaskInstance: weather_pipeline.load_to_db manual__2026-06-08T14:51:33.085510+00:00 [queued]>
[2026-06-08T14:51:40.808+0000] {taskinstance.py:2076} INFO - Dependencies all met for dep_context=requeueable deps ti=<TaskInstance: weather_pipeline.load_to_db manual__2026-06-08T14:51:33.085510+00:00 [queued]>
[2026-06-08T14:51:40.808+0000] {taskinstance.py:2306} INFO - Starting attempt 1 of 3
[2026-06-08T14:51:40.830+0000] {taskinstance.py:2330} INFO - Executing <Task(PythonOperator): load_to_db> on 2026-06-08 14:51:33.085510+00:00
[2026-06-08T14:51:40.839+0000] {warnings.py:110} WARNING - /home/***/.local/lib/python3.12/site-packages/***/task/task_runner/standard_task_runner.py:61: DeprecationWarning: This process (pid=2086) is multi-threaded, use of fork() may lead to deadlocks in the child.
  pid = os.fork()

[2026-06-08T14:51:40.841+0000] {standard_task_runner.py:63} INFO - Started process 2088 to run task
[2026-06-08T14:51:40.843+0000] {standard_task_runner.py:90} INFO - Running: ['***', 'tasks', 'run', 'weather_pipeline', 'load_to_db', 'manual__2026-06-08T14:51:33.085510+00:00', '--job-id', '25', '--raw', '--subdir', 'DAGS_FOLDER/weather_pipeline.py', '--cfg-path', '/tmp/tmpl3xdeg2q']
[2026-06-08T14:51:40.845+0000] {standard_task_runner.py:91} INFO - Job 25: Subtask load_to_db
[2026-06-08T14:51:40.912+0000] {task_command.py:426} INFO - Running <TaskInstance: weather_pipeline.load_to_db manual__2026-06-08T14:51:33.085510+00:00 [running]> on host 6222566259b1
[2026-06-08T14:51:41.033+0000] {taskinstance.py:2648} INFO - Exporting env vars: AIRFLOW_CTX_DAG_OWNER='samuel' AIRFLOW_CTX_DAG_ID='weather_pipeline' AIRFLOW_CTX_TASK_ID='load_to_db' AIRFLOW_CTX_EXECUTION_DATE='2026-06-08T14:51:33.085510+00:00' AIRFLOW_CTX_TRY_NUMBER='1' AIRFLOW_CTX_DAG_RUN_ID='manual__2026-06-08T14:51:33.085510+00:00'
[2026-06-08T14:51:41.036+0000] {taskinstance.py:430} INFO - ::endgroup::
[2026-06-08T14:51:41.037+0000] {logging_mixin.py:188} INFO - [load] Insertion des données validées en base
[2026-06-08T14:51:41.037+0000] {python.py:237} INFO - Done. Returned value was: None
[2026-06-08T14:51:41.038+0000] {taskinstance.py:441} INFO - ::group::Post task execution logs
[2026-06-08T14:51:41.052+0000] {taskinstance.py:1206} INFO - Marking task as SUCCESS. dag_id=weather_pipeline, task_id=load_to_db, run_id=manual__2026-06-08T14:51:33.085510+00:00, execution_date=20260608T145133, start_date=20260608T145140, end_date=20260608T145141
[2026-06-08T14:51:41.095+0000] {local_task_job_runner.py:240} INFO - Task exited with return code 0
[2026-06-08T14:51:41.129+0000] {taskinstance.py:3498} INFO - 1 downstream tasks scheduled from follow-on schedule check
[2026-06-08T14:51:41.132+0000] {local_task_job_runner.py:222} INFO - ::endgroup::
