[2026-06-09T07:06:38.688+0000] {local_task_job_runner.py:120} INFO - ::group::Pre task execution logs
[2026-06-09T07:06:38.730+0000] {taskinstance.py:2076} INFO - Dependencies all met for dep_context=non-requeueable deps ti=<TaskInstance: weather_pipeline.fetch_paris scheduled__2026-06-08T06:00:00+00:00 [queued]>
[2026-06-09T07:06:38.748+0000] {taskinstance.py:2076} INFO - Dependencies all met for dep_context=requeueable deps ti=<TaskInstance: weather_pipeline.fetch_paris scheduled__2026-06-08T06:00:00+00:00 [queued]>
[2026-06-09T07:06:38.749+0000] {taskinstance.py:2306} INFO - Starting attempt 1 of 3
[2026-06-09T07:06:38.769+0000] {taskinstance.py:2330} INFO - Executing <Task(PythonOperator): fetch_paris> on 2026-06-08 06:00:00+00:00
[2026-06-09T07:06:38.791+0000] {warnings.py:110} WARNING - /home/***/.local/lib/python3.12/site-packages/***/task/task_runner/standard_task_runner.py:61: DeprecationWarning: This process (pid=3023) is multi-threaded, use of fork() may lead to deadlocks in the child.
  pid = os.fork()

[2026-06-09T07:06:38.794+0000] {standard_task_runner.py:63} INFO - Started process 3031 to run task
[2026-06-09T07:06:38.794+0000] {standard_task_runner.py:90} INFO - Running: ['***', 'tasks', 'run', 'weather_pipeline', 'fetch_paris', 'scheduled__2026-06-08T06:00:00+00:00', '--job-id', '29', '--raw', '--subdir', 'DAGS_FOLDER/weather_pipeline.py', '--cfg-path', '/tmp/tmpsmb_t80o']
[2026-06-09T07:06:38.799+0000] {standard_task_runner.py:91} INFO - Job 29: Subtask fetch_paris
[2026-06-09T07:06:38.892+0000] {task_command.py:426} INFO - Running <TaskInstance: weather_pipeline.fetch_paris scheduled__2026-06-08T06:00:00+00:00 [running]> on host 6222566259b1
[2026-06-09T07:06:39.085+0000] {taskinstance.py:2648} INFO - Exporting env vars: AIRFLOW_CTX_DAG_OWNER='samuel' AIRFLOW_CTX_DAG_ID='weather_pipeline' AIRFLOW_CTX_TASK_ID='fetch_paris' AIRFLOW_CTX_EXECUTION_DATE='2026-06-08T06:00:00+00:00' AIRFLOW_CTX_TRY_NUMBER='1' AIRFLOW_CTX_DAG_RUN_ID='scheduled__2026-06-08T06:00:00+00:00'
[2026-06-09T07:06:39.089+0000] {taskinstance.py:430} INFO - ::endgroup::
[2026-06-09T07:06:39.091+0000] {logging_mixin.py:188} INFO - [fetch] Appel API météo pour Paris
[2026-06-09T07:06:39.091+0000] {python.py:237} INFO - Done. Returned value was: None
[2026-06-09T07:06:39.092+0000] {taskinstance.py:441} INFO - ::group::Post task execution logs
[2026-06-09T07:06:39.110+0000] {taskinstance.py:1206} INFO - Marking task as SUCCESS. dag_id=weather_pipeline, task_id=fetch_paris, run_id=scheduled__2026-06-08T06:00:00+00:00, execution_date=20260608T060000, start_date=20260609T070638, end_date=20260609T070639
[2026-06-09T07:06:39.171+0000] {local_task_job_runner.py:240} INFO - Task exited with return code 0
[2026-06-09T07:06:39.205+0000] {taskinstance.py:3498} INFO - 0 downstream tasks scheduled from follow-on schedule check
[2026-06-09T07:06:39.207+0000] {local_task_job_runner.py:222} INFO - ::endgroup::
