[2026-06-08T12:22:51.370+0000] {processor.py:161} INFO - Started process (PID=675) to work on /opt/airflow/dags/weather_pipeline.py
[2026-06-08T12:22:51.370+0000] {processor.py:830} INFO - Processing file /opt/airflow/dags/weather_pipeline.py for tasks to queue
[2026-06-08T12:22:51.371+0000] {logging_mixin.py:188} INFO - [2026-06-08T12:22:51.371+0000] {dagbag.py:545} INFO - Filling up the DagBag from /opt/airflow/dags/weather_pipeline.py
[2026-06-08T12:22:51.377+0000] {processor.py:840} INFO - DAG(s) 'weather_pipeline' retrieved from /opt/airflow/dags/weather_pipeline.py
[2026-06-08T12:22:51.388+0000] {logging_mixin.py:188} INFO - [2026-06-08T12:22:51.388+0000] {dag.py:3096} INFO - Sync 1 DAGs
[2026-06-08T12:22:51.424+0000] {logging_mixin.py:188} INFO - [2026-06-08T12:22:51.423+0000] {dag.py:3954} INFO - Setting next_dagrun for weather_pipeline to 2026-06-07 06:00:00+00:00, run_after=2026-06-08 06:00:00+00:00
[2026-06-08T12:22:51.445+0000] {processor.py:183} INFO - Processing /opt/airflow/dags/weather_pipeline.py took 0.079 seconds
[2026-06-08T12:23:21.990+0000] {processor.py:161} INFO - Started process (PID=755) to work on /opt/airflow/dags/weather_pipeline.py
[2026-06-08T12:23:21.990+0000] {processor.py:830} INFO - Processing file /opt/airflow/dags/weather_pipeline.py for tasks to queue
[2026-06-08T12:23:21.991+0000] {logging_mixin.py:188} INFO - [2026-06-08T12:23:21.991+0000] {dagbag.py:545} INFO - Filling up the DagBag from /opt/airflow/dags/weather_pipeline.py
[2026-06-08T12:23:21.996+0000] {processor.py:840} INFO - DAG(s) 'weather_pipeline' retrieved from /opt/airflow/dags/weather_pipeline.py
[2026-06-08T12:23:22.077+0000] {logging_mixin.py:188} INFO - [2026-06-08T12:23:22.077+0000] {dag.py:3096} INFO - Sync 1 DAGs
[2026-06-08T12:23:22.098+0000] {logging_mixin.py:188} INFO - [2026-06-08T12:23:22.098+0000] {dag.py:3954} INFO - Setting next_dagrun for weather_pipeline to 2026-06-08 06:00:00+00:00, run_after=2026-06-09 06:00:00+00:00
[2026-06-08T12:23:22.109+0000] {processor.py:183} INFO - Processing /opt/airflow/dags/weather_pipeline.py took 0.126 seconds
[2026-06-08T12:23:52.996+0000] {processor.py:161} INFO - Started process (PID=820) to work on /opt/airflow/dags/weather_pipeline.py
[2026-06-08T12:23:53.006+0000] {processor.py:830} INFO - Processing file /opt/airflow/dags/weather_pipeline.py for tasks to queue
[2026-06-08T12:23:53.009+0000] {logging_mixin.py:188} INFO - [2026-06-08T12:23:53.008+0000] {dagbag.py:545} INFO - Filling up the DagBag from /opt/airflow/dags/weather_pipeline.py
[2026-06-08T12:23:53.019+0000] {processor.py:840} INFO - DAG(s) 'weather_pipeline' retrieved from /opt/airflow/dags/weather_pipeline.py
[2026-06-08T12:23:53.049+0000] {logging_mixin.py:188} INFO - [2026-06-08T12:23:53.048+0000] {dag.py:3096} INFO - Sync 1 DAGs
[2026-06-08T12:23:53.073+0000] {logging_mixin.py:188} INFO - [2026-06-08T12:23:53.073+0000] {dag.py:3954} INFO - Setting next_dagrun for weather_pipeline to 2026-06-08 06:00:00+00:00, run_after=2026-06-09 06:00:00+00:00
[2026-06-08T12:23:53.098+0000] {processor.py:183} INFO - Processing /opt/airflow/dags/weather_pipeline.py took 0.110 seconds
[2026-06-08T12:24:23.626+0000] {processor.py:161} INFO - Started process (PID=879) to work on /opt/airflow/dags/weather_pipeline.py
[2026-06-08T12:24:23.627+0000] {processor.py:830} INFO - Processing file /opt/airflow/dags/weather_pipeline.py for tasks to queue
[2026-06-08T12:24:23.629+0000] {logging_mixin.py:188} INFO - [2026-06-08T12:24:23.629+0000] {dagbag.py:545} INFO - Filling up the DagBag from /opt/airflow/dags/weather_pipeline.py
[2026-06-08T12:24:23.639+0000] {processor.py:840} INFO - DAG(s) 'weather_pipeline' retrieved from /opt/airflow/dags/weather_pipeline.py
[2026-06-08T12:24:23.671+0000] {logging_mixin.py:188} INFO - [2026-06-08T12:24:23.671+0000] {dag.py:3096} INFO - Sync 1 DAGs
[2026-06-08T12:24:23.688+0000] {logging_mixin.py:188} INFO - [2026-06-08T12:24:23.688+0000] {dag.py:3954} INFO - Setting next_dagrun for weather_pipeline to 2026-06-08 06:00:00+00:00, run_after=2026-06-09 06:00:00+00:00
[2026-06-08T12:24:23.716+0000] {processor.py:183} INFO - Processing /opt/airflow/dags/weather_pipeline.py took 0.098 seconds
[2026-06-08T12:24:54.164+0000] {processor.py:161} INFO - Started process (PID=938) to work on /opt/airflow/dags/weather_pipeline.py
[2026-06-08T12:24:54.175+0000] {processor.py:830} INFO - Processing file /opt/airflow/dags/weather_pipeline.py for tasks to queue
[2026-06-08T12:24:54.178+0000] {logging_mixin.py:188} INFO - [2026-06-08T12:24:54.177+0000] {dagbag.py:545} INFO - Filling up the DagBag from /opt/airflow/dags/weather_pipeline.py
[2026-06-08T12:24:54.190+0000] {processor.py:840} INFO - DAG(s) 'weather_pipeline' retrieved from /opt/airflow/dags/weather_pipeline.py
[2026-06-08T12:24:54.224+0000] {logging_mixin.py:188} INFO - [2026-06-08T12:24:54.223+0000] {dag.py:3096} INFO - Sync 1 DAGs
[2026-06-08T12:24:54.241+0000] {logging_mixin.py:188} INFO - [2026-06-08T12:24:54.241+0000] {dag.py:3954} INFO - Setting next_dagrun for weather_pipeline to 2026-06-08 06:00:00+00:00, run_after=2026-06-09 06:00:00+00:00
[2026-06-08T12:24:54.255+0000] {processor.py:183} INFO - Processing /opt/airflow/dags/weather_pipeline.py took 0.100 seconds
[2026-06-08T12:25:24.822+0000] {processor.py:161} INFO - Started process (PID=998) to work on /opt/airflow/dags/weather_pipeline.py
[2026-06-08T12:25:24.823+0000] {processor.py:830} INFO - Processing file /opt/airflow/dags/weather_pipeline.py for tasks to queue
[2026-06-08T12:25:24.825+0000] {logging_mixin.py:188} INFO - [2026-06-08T12:25:24.824+0000] {dagbag.py:545} INFO - Filling up the DagBag from /opt/airflow/dags/weather_pipeline.py
[2026-06-08T12:25:24.832+0000] {processor.py:840} INFO - DAG(s) 'weather_pipeline' retrieved from /opt/airflow/dags/weather_pipeline.py
[2026-06-08T12:25:24.852+0000] {logging_mixin.py:188} INFO - [2026-06-08T12:25:24.851+0000] {dag.py:3096} INFO - Sync 1 DAGs
[2026-06-08T12:25:24.868+0000] {logging_mixin.py:188} INFO - [2026-06-08T12:25:24.868+0000] {dag.py:3954} INFO - Setting next_dagrun for weather_pipeline to 2026-06-08 06:00:00+00:00, run_after=2026-06-09 06:00:00+00:00
[2026-06-08T12:25:24.881+0000] {processor.py:183} INFO - Processing /opt/airflow/dags/weather_pipeline.py took 0.067 seconds
[2026-06-08T12:25:55.128+0000] {processor.py:161} INFO - Started process (PID=1057) to work on /opt/airflow/dags/weather_pipeline.py
[2026-06-08T12:25:55.138+0000] {processor.py:830} INFO - Processing file /opt/airflow/dags/weather_pipeline.py for tasks to queue
[2026-06-08T12:25:55.139+0000] {logging_mixin.py:188} INFO - [2026-06-08T12:25:55.139+0000] {dagbag.py:545} INFO - Filling up the DagBag from /opt/airflow/dags/weather_pipeline.py
[2026-06-08T12:25:55.145+0000] {processor.py:840} INFO - DAG(s) 'weather_pipeline' retrieved from /opt/airflow/dags/weather_pipeline.py
[2026-06-08T12:25:55.170+0000] {logging_mixin.py:188} INFO - [2026-06-08T12:25:55.170+0000] {dag.py:3096} INFO - Sync 1 DAGs
[2026-06-08T12:25:55.186+0000] {logging_mixin.py:188} INFO - [2026-06-08T12:25:55.186+0000] {dag.py:3954} INFO - Setting next_dagrun for weather_pipeline to 2026-06-08 06:00:00+00:00, run_after=2026-06-09 06:00:00+00:00
[2026-06-08T12:25:55.198+0000] {processor.py:183} INFO - Processing /opt/airflow/dags/weather_pipeline.py took 0.075 seconds
[2026-06-08T12:26:25.482+0000] {processor.py:161} INFO - Started process (PID=1116) to work on /opt/airflow/dags/weather_pipeline.py
[2026-06-08T12:26:25.492+0000] {processor.py:830} INFO - Processing file /opt/airflow/dags/weather_pipeline.py for tasks to queue
[2026-06-08T12:26:25.494+0000] {logging_mixin.py:188} INFO - [2026-06-08T12:26:25.494+0000] {dagbag.py:545} INFO - Filling up the DagBag from /opt/airflow/dags/weather_pipeline.py
[2026-06-08T12:26:25.499+0000] {processor.py:840} INFO - DAG(s) 'weather_pipeline' retrieved from /opt/airflow/dags/weather_pipeline.py
[2026-06-08T12:26:25.518+0000] {logging_mixin.py:188} INFO - [2026-06-08T12:26:25.518+0000] {dag.py:3096} INFO - Sync 1 DAGs
[2026-06-08T12:26:25.534+0000] {logging_mixin.py:188} INFO - [2026-06-08T12:26:25.534+0000] {dag.py:3954} INFO - Setting next_dagrun for weather_pipeline to 2026-06-08 06:00:00+00:00, run_after=2026-06-09 06:00:00+00:00
[2026-06-08T12:26:25.554+0000] {processor.py:183} INFO - Processing /opt/airflow/dags/weather_pipeline.py took 0.076 seconds
[2026-06-08T12:26:56.126+0000] {processor.py:161} INFO - Started process (PID=1175) to work on /opt/airflow/dags/weather_pipeline.py
[2026-06-08T12:26:56.136+0000] {processor.py:830} INFO - Processing file /opt/airflow/dags/weather_pipeline.py for tasks to queue
[2026-06-08T12:26:56.138+0000] {logging_mixin.py:188} INFO - [2026-06-08T12:26:56.138+0000] {dagbag.py:545} INFO - Filling up the DagBag from /opt/airflow/dags/weather_pipeline.py
[2026-06-08T12:26:56.147+0000] {processor.py:840} INFO - DAG(s) 'weather_pipeline' retrieved from /opt/airflow/dags/weather_pipeline.py
[2026-06-08T12:26:56.177+0000] {logging_mixin.py:188} INFO - [2026-06-08T12:26:56.177+0000] {dag.py:3096} INFO - Sync 1 DAGs
[2026-06-08T12:26:56.196+0000] {logging_mixin.py:188} INFO - [2026-06-08T12:26:56.196+0000] {dag.py:3954} INFO - Setting next_dagrun for weather_pipeline to 2026-06-08 06:00:00+00:00, run_after=2026-06-09 06:00:00+00:00
[2026-06-08T12:26:56.208+0000] {processor.py:183} INFO - Processing /opt/airflow/dags/weather_pipeline.py took 0.089 seconds
[2026-06-08T12:27:26.488+0000] {processor.py:161} INFO - Started process (PID=1234) to work on /opt/airflow/dags/weather_pipeline.py
[2026-06-08T12:27:26.498+0000] {processor.py:830} INFO - Processing file /opt/airflow/dags/weather_pipeline.py for tasks to queue
[2026-06-08T12:27:26.500+0000] {logging_mixin.py:188} INFO - [2026-06-08T12:27:26.499+0000] {dagbag.py:545} INFO - Filling up the DagBag from /opt/airflow/dags/weather_pipeline.py
[2026-06-08T12:27:26.507+0000] {processor.py:840} INFO - DAG(s) 'weather_pipeline' retrieved from /opt/airflow/dags/weather_pipeline.py
[2026-06-08T12:27:26.528+0000] {logging_mixin.py:188} INFO - [2026-06-08T12:27:26.528+0000] {dag.py:3096} INFO - Sync 1 DAGs
[2026-06-08T12:27:26.543+0000] {logging_mixin.py:188} INFO - [2026-06-08T12:27:26.543+0000] {dag.py:3954} INFO - Setting next_dagrun for weather_pipeline to 2026-06-08 06:00:00+00:00, run_after=2026-06-09 06:00:00+00:00
[2026-06-08T12:27:26.556+0000] {processor.py:183} INFO - Processing /opt/airflow/dags/weather_pipeline.py took 0.074 seconds
[2026-06-08T12:27:57.086+0000] {processor.py:161} INFO - Started process (PID=1293) to work on /opt/airflow/dags/weather_pipeline.py
[2026-06-08T12:27:57.096+0000] {processor.py:830} INFO - Processing file /opt/airflow/dags/weather_pipeline.py for tasks to queue
[2026-06-08T12:27:57.100+0000] {logging_mixin.py:188} INFO - [2026-06-08T12:27:57.099+0000] {dagbag.py:545} INFO - Filling up the DagBag from /opt/airflow/dags/weather_pipeline.py
[2026-06-08T12:27:57.111+0000] {processor.py:840} INFO - DAG(s) 'weather_pipeline' retrieved from /opt/airflow/dags/weather_pipeline.py
[2026-06-08T12:27:57.135+0000] {logging_mixin.py:188} INFO - [2026-06-08T12:27:57.135+0000] {dag.py:3096} INFO - Sync 1 DAGs
[2026-06-08T12:27:57.151+0000] {logging_mixin.py:188} INFO - [2026-06-08T12:27:57.150+0000] {dag.py:3954} INFO - Setting next_dagrun for weather_pipeline to 2026-06-08 06:00:00+00:00, run_after=2026-06-09 06:00:00+00:00
[2026-06-08T12:27:57.162+0000] {processor.py:183} INFO - Processing /opt/airflow/dags/weather_pipeline.py took 0.083 seconds
[2026-06-08T12:28:27.844+0000] {processor.py:161} INFO - Started process (PID=1353) to work on /opt/airflow/dags/weather_pipeline.py
[2026-06-08T12:28:27.845+0000] {processor.py:830} INFO - Processing file /opt/airflow/dags/weather_pipeline.py for tasks to queue
[2026-06-08T12:28:27.847+0000] {logging_mixin.py:188} INFO - [2026-06-08T12:28:27.847+0000] {dagbag.py:545} INFO - Filling up the DagBag from /opt/airflow/dags/weather_pipeline.py
[2026-06-08T12:28:27.854+0000] {processor.py:840} INFO - DAG(s) 'weather_pipeline' retrieved from /opt/airflow/dags/weather_pipeline.py
[2026-06-08T12:28:27.872+0000] {logging_mixin.py:188} INFO - [2026-06-08T12:28:27.872+0000] {dag.py:3096} INFO - Sync 1 DAGs
[2026-06-08T12:28:27.887+0000] {logging_mixin.py:188} INFO - [2026-06-08T12:28:27.887+0000] {dag.py:3954} INFO - Setting next_dagrun for weather_pipeline to 2026-06-08 06:00:00+00:00, run_after=2026-06-09 06:00:00+00:00
[2026-06-08T12:28:27.911+0000] {processor.py:183} INFO - Processing /opt/airflow/dags/weather_pipeline.py took 0.074 seconds
[2026-06-08T12:28:58.061+0000] {processor.py:161} INFO - Started process (PID=1412) to work on /opt/airflow/dags/weather_pipeline.py
[2026-06-08T12:28:58.064+0000] {processor.py:830} INFO - Processing file /opt/airflow/dags/weather_pipeline.py for tasks to queue
[2026-06-08T12:28:58.066+0000] {logging_mixin.py:188} INFO - [2026-06-08T12:28:58.065+0000] {dagbag.py:545} INFO - Filling up the DagBag from /opt/airflow/dags/weather_pipeline.py
[2026-06-08T12:28:58.078+0000] {processor.py:840} INFO - DAG(s) 'weather_pipeline' retrieved from /opt/airflow/dags/weather_pipeline.py
[2026-06-08T12:28:58.143+0000] {logging_mixin.py:188} INFO - [2026-06-08T12:28:58.143+0000] {dag.py:3096} INFO - Sync 1 DAGs
[2026-06-08T12:28:58.176+0000] {logging_mixin.py:188} INFO - [2026-06-08T12:28:58.176+0000] {dag.py:3954} INFO - Setting next_dagrun for weather_pipeline to 2026-06-08 06:00:00+00:00, run_after=2026-06-09 06:00:00+00:00
[2026-06-08T12:28:58.199+0000] {processor.py:183} INFO - Processing /opt/airflow/dags/weather_pipeline.py took 0.146 seconds
[2026-06-08T12:29:28.415+0000] {processor.py:161} INFO - Started process (PID=1471) to work on /opt/airflow/dags/weather_pipeline.py
[2026-06-08T12:29:28.415+0000] {processor.py:830} INFO - Processing file /opt/airflow/dags/weather_pipeline.py for tasks to queue
[2026-06-08T12:29:28.417+0000] {logging_mixin.py:188} INFO - [2026-06-08T12:29:28.417+0000] {dagbag.py:545} INFO - Filling up the DagBag from /opt/airflow/dags/weather_pipeline.py
[2026-06-08T12:29:28.423+0000] {processor.py:840} INFO - DAG(s) 'weather_pipeline' retrieved from /opt/airflow/dags/weather_pipeline.py
[2026-06-08T12:29:28.445+0000] {logging_mixin.py:188} INFO - [2026-06-08T12:29:28.444+0000] {dag.py:3096} INFO - Sync 1 DAGs
[2026-06-08T12:29:28.466+0000] {logging_mixin.py:188} INFO - [2026-06-08T12:29:28.466+0000] {dag.py:3954} INFO - Setting next_dagrun for weather_pipeline to 2026-06-08 06:00:00+00:00, run_after=2026-06-09 06:00:00+00:00
[2026-06-08T12:29:28.481+0000] {processor.py:183} INFO - Processing /opt/airflow/dags/weather_pipeline.py took 0.073 seconds
[2026-06-08T12:29:59.045+0000] {processor.py:161} INFO - Started process (PID=1530) to work on /opt/airflow/dags/weather_pipeline.py
[2026-06-08T12:29:59.055+0000] {processor.py:830} INFO - Processing file /opt/airflow/dags/weather_pipeline.py for tasks to queue
[2026-06-08T12:29:59.059+0000] {logging_mixin.py:188} INFO - [2026-06-08T12:29:59.059+0000] {dagbag.py:545} INFO - Filling up the DagBag from /opt/airflow/dags/weather_pipeline.py
[2026-06-08T12:29:59.067+0000] {processor.py:840} INFO - DAG(s) 'weather_pipeline' retrieved from /opt/airflow/dags/weather_pipeline.py
[2026-06-08T12:29:59.095+0000] {logging_mixin.py:188} INFO - [2026-06-08T12:29:59.095+0000] {dag.py:3096} INFO - Sync 1 DAGs
[2026-06-08T12:29:59.112+0000] {logging_mixin.py:188} INFO - [2026-06-08T12:29:59.112+0000] {dag.py:3954} INFO - Setting next_dagrun for weather_pipeline to 2026-06-08 06:00:00+00:00, run_after=2026-06-09 06:00:00+00:00
[2026-06-08T12:29:59.139+0000] {processor.py:183} INFO - Processing /opt/airflow/dags/weather_pipeline.py took 0.104 seconds
[2026-06-08T12:30:29.639+0000] {processor.py:161} INFO - Started process (PID=1589) to work on /opt/airflow/dags/weather_pipeline.py
[2026-06-08T12:30:29.640+0000] {processor.py:830} INFO - Processing file /opt/airflow/dags/weather_pipeline.py for tasks to queue
[2026-06-08T12:30:29.642+0000] {logging_mixin.py:188} INFO - [2026-06-08T12:30:29.642+0000] {dagbag.py:545} INFO - Filling up the DagBag from /opt/airflow/dags/weather_pipeline.py
[2026-06-08T12:30:29.650+0000] {processor.py:840} INFO - DAG(s) 'weather_pipeline' retrieved from /opt/airflow/dags/weather_pipeline.py
[2026-06-08T12:30:29.672+0000] {logging_mixin.py:188} INFO - [2026-06-08T12:30:29.671+0000] {dag.py:3096} INFO - Sync 1 DAGs
[2026-06-08T12:30:29.686+0000] {logging_mixin.py:188} INFO - [2026-06-08T12:30:29.686+0000] {dag.py:3954} INFO - Setting next_dagrun for weather_pipeline to 2026-06-08 06:00:00+00:00, run_after=2026-06-09 06:00:00+00:00
[2026-06-08T12:30:29.699+0000] {processor.py:183} INFO - Processing /opt/airflow/dags/weather_pipeline.py took 0.066 seconds
[2026-06-08T12:31:00.296+0000] {processor.py:161} INFO - Started process (PID=1648) to work on /opt/airflow/dags/weather_pipeline.py
[2026-06-08T12:31:00.306+0000] {processor.py:830} INFO - Processing file /opt/airflow/dags/weather_pipeline.py for tasks to queue
[2026-06-08T12:31:00.309+0000] {logging_mixin.py:188} INFO - [2026-06-08T12:31:00.308+0000] {dagbag.py:545} INFO - Filling up the DagBag from /opt/airflow/dags/weather_pipeline.py
[2026-06-08T12:31:00.318+0000] {processor.py:840} INFO - DAG(s) 'weather_pipeline' retrieved from /opt/airflow/dags/weather_pipeline.py
[2026-06-08T12:31:00.347+0000] {logging_mixin.py:188} INFO - [2026-06-08T12:31:00.346+0000] {dag.py:3096} INFO - Sync 1 DAGs
[2026-06-08T12:31:00.370+0000] {logging_mixin.py:188} INFO - [2026-06-08T12:31:00.370+0000] {dag.py:3954} INFO - Setting next_dagrun for weather_pipeline to 2026-06-08 06:00:00+00:00, run_after=2026-06-09 06:00:00+00:00
[2026-06-08T12:31:00.393+0000] {processor.py:183} INFO - Processing /opt/airflow/dags/weather_pipeline.py took 0.104 seconds
[2026-06-08T12:31:30.738+0000] {processor.py:161} INFO - Started process (PID=1707) to work on /opt/airflow/dags/weather_pipeline.py
[2026-06-08T12:31:30.738+0000] {processor.py:830} INFO - Processing file /opt/airflow/dags/weather_pipeline.py for tasks to queue
[2026-06-08T12:31:30.740+0000] {logging_mixin.py:188} INFO - [2026-06-08T12:31:30.739+0000] {dagbag.py:545} INFO - Filling up the DagBag from /opt/airflow/dags/weather_pipeline.py
[2026-06-08T12:31:30.745+0000] {processor.py:840} INFO - DAG(s) 'weather_pipeline' retrieved from /opt/airflow/dags/weather_pipeline.py
[2026-06-08T12:31:30.772+0000] {logging_mixin.py:188} INFO - [2026-06-08T12:31:30.772+0000] {dag.py:3096} INFO - Sync 1 DAGs
[2026-06-08T12:31:30.795+0000] {logging_mixin.py:188} INFO - [2026-06-08T12:31:30.795+0000] {dag.py:3954} INFO - Setting next_dagrun for weather_pipeline to 2026-06-08 06:00:00+00:00, run_after=2026-06-09 06:00:00+00:00
[2026-06-08T12:31:30.826+0000] {processor.py:183} INFO - Processing /opt/airflow/dags/weather_pipeline.py took 0.095 seconds
[2026-06-08T12:32:01.058+0000] {processor.py:161} INFO - Started process (PID=1766) to work on /opt/airflow/dags/weather_pipeline.py
[2026-06-08T12:32:01.070+0000] {processor.py:830} INFO - Processing file /opt/airflow/dags/weather_pipeline.py for tasks to queue
[2026-06-08T12:32:01.073+0000] {logging_mixin.py:188} INFO - [2026-06-08T12:32:01.073+0000] {dagbag.py:545} INFO - Filling up the DagBag from /opt/airflow/dags/weather_pipeline.py
[2026-06-08T12:32:01.084+0000] {processor.py:840} INFO - DAG(s) 'weather_pipeline' retrieved from /opt/airflow/dags/weather_pipeline.py
[2026-06-08T12:32:01.113+0000] {logging_mixin.py:188} INFO - [2026-06-08T12:32:01.113+0000] {dag.py:3096} INFO - Sync 1 DAGs
[2026-06-08T12:32:01.129+0000] {logging_mixin.py:188} INFO - [2026-06-08T12:32:01.129+0000] {dag.py:3954} INFO - Setting next_dagrun for weather_pipeline to 2026-06-08 06:00:00+00:00, run_after=2026-06-09 06:00:00+00:00
[2026-06-08T12:32:01.141+0000] {processor.py:183} INFO - Processing /opt/airflow/dags/weather_pipeline.py took 0.092 seconds
[2026-06-08T12:32:31.713+0000] {processor.py:161} INFO - Started process (PID=1825) to work on /opt/airflow/dags/weather_pipeline.py
[2026-06-08T12:32:31.714+0000] {processor.py:830} INFO - Processing file /opt/airflow/dags/weather_pipeline.py for tasks to queue
[2026-06-08T12:32:31.716+0000] {logging_mixin.py:188} INFO - [2026-06-08T12:32:31.715+0000] {dagbag.py:545} INFO - Filling up the DagBag from /opt/airflow/dags/weather_pipeline.py
[2026-06-08T12:32:31.723+0000] {processor.py:840} INFO - DAG(s) 'weather_pipeline' retrieved from /opt/airflow/dags/weather_pipeline.py
[2026-06-08T12:32:31.741+0000] {logging_mixin.py:188} INFO - [2026-06-08T12:32:31.740+0000] {dag.py:3096} INFO - Sync 1 DAGs
[2026-06-08T12:32:31.757+0000] {logging_mixin.py:188} INFO - [2026-06-08T12:32:31.757+0000] {dag.py:3954} INFO - Setting next_dagrun for weather_pipeline to 2026-06-08 06:00:00+00:00, run_after=2026-06-09 06:00:00+00:00
[2026-06-08T12:32:31.770+0000] {processor.py:183} INFO - Processing /opt/airflow/dags/weather_pipeline.py took 0.064 seconds
[2026-06-08T12:33:01.828+0000] {processor.py:161} INFO - Started process (PID=1884) to work on /opt/airflow/dags/weather_pipeline.py
[2026-06-08T12:33:01.839+0000] {processor.py:830} INFO - Processing file /opt/airflow/dags/weather_pipeline.py for tasks to queue
[2026-06-08T12:33:01.842+0000] {logging_mixin.py:188} INFO - [2026-06-08T12:33:01.842+0000] {dagbag.py:545} INFO - Filling up the DagBag from /opt/airflow/dags/weather_pipeline.py
[2026-06-08T12:33:01.852+0000] {processor.py:840} INFO - DAG(s) 'weather_pipeline' retrieved from /opt/airflow/dags/weather_pipeline.py
[2026-06-08T12:33:01.881+0000] {logging_mixin.py:188} INFO - [2026-06-08T12:33:01.881+0000] {dag.py:3096} INFO - Sync 1 DAGs
[2026-06-08T12:33:01.913+0000] {logging_mixin.py:188} INFO - [2026-06-08T12:33:01.913+0000] {dag.py:3954} INFO - Setting next_dagrun for weather_pipeline to 2026-06-08 06:00:00+00:00, run_after=2026-06-09 06:00:00+00:00
[2026-06-08T12:33:01.932+0000] {processor.py:183} INFO - Processing /opt/airflow/dags/weather_pipeline.py took 0.112 seconds
[2026-06-08T12:33:32.173+0000] {processor.py:161} INFO - Started process (PID=1943) to work on /opt/airflow/dags/weather_pipeline.py
[2026-06-08T12:33:32.174+0000] {processor.py:830} INFO - Processing file /opt/airflow/dags/weather_pipeline.py for tasks to queue
[2026-06-08T12:33:32.176+0000] {logging_mixin.py:188} INFO - [2026-06-08T12:33:32.175+0000] {dagbag.py:545} INFO - Filling up the DagBag from /opt/airflow/dags/weather_pipeline.py
[2026-06-08T12:33:32.183+0000] {processor.py:840} INFO - DAG(s) 'weather_pipeline' retrieved from /opt/airflow/dags/weather_pipeline.py
[2026-06-08T12:33:32.198+0000] {logging_mixin.py:188} INFO - [2026-06-08T12:33:32.198+0000] {dag.py:3096} INFO - Sync 1 DAGs
[2026-06-08T12:33:32.343+0000] {logging_mixin.py:188} INFO - [2026-06-08T12:33:32.343+0000] {dag.py:3954} INFO - Setting next_dagrun for weather_pipeline to 2026-06-08 06:00:00+00:00, run_after=2026-06-09 06:00:00+00:00
[2026-06-08T12:33:32.380+0000] {processor.py:183} INFO - Processing /opt/airflow/dags/weather_pipeline.py took 0.214 seconds
[2026-06-08T12:34:02.570+0000] {processor.py:161} INFO - Started process (PID=2002) to work on /opt/airflow/dags/weather_pipeline.py
[2026-06-08T12:34:02.570+0000] {processor.py:830} INFO - Processing file /opt/airflow/dags/weather_pipeline.py for tasks to queue
[2026-06-08T12:34:02.571+0000] {logging_mixin.py:188} INFO - [2026-06-08T12:34:02.571+0000] {dagbag.py:545} INFO - Filling up the DagBag from /opt/airflow/dags/weather_pipeline.py
[2026-06-08T12:34:02.576+0000] {processor.py:840} INFO - DAG(s) 'weather_pipeline' retrieved from /opt/airflow/dags/weather_pipeline.py
[2026-06-08T12:34:02.607+0000] {logging_mixin.py:188} INFO - [2026-06-08T12:34:02.606+0000] {dag.py:3096} INFO - Sync 1 DAGs
[2026-06-08T12:34:02.624+0000] {logging_mixin.py:188} INFO - [2026-06-08T12:34:02.624+0000] {dag.py:3954} INFO - Setting next_dagrun for weather_pipeline to 2026-06-08 06:00:00+00:00, run_after=2026-06-09 06:00:00+00:00
[2026-06-08T12:34:02.745+0000] {processor.py:183} INFO - Processing /opt/airflow/dags/weather_pipeline.py took 0.181 seconds
[2026-06-08T12:34:32.805+0000] {processor.py:161} INFO - Started process (PID=2061) to work on /opt/airflow/dags/weather_pipeline.py
[2026-06-08T12:34:32.806+0000] {processor.py:830} INFO - Processing file /opt/airflow/dags/weather_pipeline.py for tasks to queue
[2026-06-08T12:34:32.807+0000] {logging_mixin.py:188} INFO - [2026-06-08T12:34:32.807+0000] {dagbag.py:545} INFO - Filling up the DagBag from /opt/airflow/dags/weather_pipeline.py
[2026-06-08T12:34:32.812+0000] {processor.py:840} INFO - DAG(s) 'weather_pipeline' retrieved from /opt/airflow/dags/weather_pipeline.py
[2026-06-08T12:34:32.828+0000] {logging_mixin.py:188} INFO - [2026-06-08T12:34:32.828+0000] {dag.py:3096} INFO - Sync 1 DAGs
[2026-06-08T12:34:32.844+0000] {logging_mixin.py:188} INFO - [2026-06-08T12:34:32.844+0000] {dag.py:3954} INFO - Setting next_dagrun for weather_pipeline to 2026-06-08 06:00:00+00:00, run_after=2026-06-09 06:00:00+00:00
[2026-06-08T12:34:32.856+0000] {processor.py:183} INFO - Processing /opt/airflow/dags/weather_pipeline.py took 0.056 seconds
[2026-06-08T12:35:03.315+0000] {processor.py:161} INFO - Started process (PID=2120) to work on /opt/airflow/dags/weather_pipeline.py
[2026-06-08T12:35:03.315+0000] {processor.py:830} INFO - Processing file /opt/airflow/dags/weather_pipeline.py for tasks to queue
[2026-06-08T12:35:03.316+0000] {logging_mixin.py:188} INFO - [2026-06-08T12:35:03.316+0000] {dagbag.py:545} INFO - Filling up the DagBag from /opt/airflow/dags/weather_pipeline.py
[2026-06-08T12:35:03.321+0000] {processor.py:840} INFO - DAG(s) 'weather_pipeline' retrieved from /opt/airflow/dags/weather_pipeline.py
[2026-06-08T12:35:03.337+0000] {logging_mixin.py:188} INFO - [2026-06-08T12:35:03.337+0000] {dag.py:3096} INFO - Sync 1 DAGs
[2026-06-08T12:35:03.352+0000] {logging_mixin.py:188} INFO - [2026-06-08T12:35:03.352+0000] {dag.py:3954} INFO - Setting next_dagrun for weather_pipeline to 2026-06-08 06:00:00+00:00, run_after=2026-06-09 06:00:00+00:00
[2026-06-08T12:35:03.366+0000] {processor.py:183} INFO - Processing /opt/airflow/dags/weather_pipeline.py took 0.054 seconds
[2026-06-08T12:35:33.734+0000] {processor.py:161} INFO - Started process (PID=2179) to work on /opt/airflow/dags/weather_pipeline.py
[2026-06-08T12:35:33.736+0000] {processor.py:830} INFO - Processing file /opt/airflow/dags/weather_pipeline.py for tasks to queue
[2026-06-08T12:35:33.738+0000] {logging_mixin.py:188} INFO - [2026-06-08T12:35:33.738+0000] {dagbag.py:545} INFO - Filling up the DagBag from /opt/airflow/dags/weather_pipeline.py
[2026-06-08T12:35:33.750+0000] {processor.py:840} INFO - DAG(s) 'weather_pipeline' retrieved from /opt/airflow/dags/weather_pipeline.py
[2026-06-08T12:35:33.779+0000] {logging_mixin.py:188} INFO - [2026-06-08T12:35:33.779+0000] {dag.py:3096} INFO - Sync 1 DAGs
[2026-06-08T12:35:33.795+0000] {logging_mixin.py:188} INFO - [2026-06-08T12:35:33.794+0000] {dag.py:3954} INFO - Setting next_dagrun for weather_pipeline to 2026-06-08 06:00:00+00:00, run_after=2026-06-09 06:00:00+00:00
[2026-06-08T12:35:33.808+0000] {processor.py:183} INFO - Processing /opt/airflow/dags/weather_pipeline.py took 0.081 seconds
[2026-06-08T12:36:04.365+0000] {processor.py:161} INFO - Started process (PID=2238) to work on /opt/airflow/dags/weather_pipeline.py
[2026-06-08T12:36:04.376+0000] {processor.py:830} INFO - Processing file /opt/airflow/dags/weather_pipeline.py for tasks to queue
[2026-06-08T12:36:04.377+0000] {logging_mixin.py:188} INFO - [2026-06-08T12:36:04.377+0000] {dagbag.py:545} INFO - Filling up the DagBag from /opt/airflow/dags/weather_pipeline.py
[2026-06-08T12:36:04.383+0000] {processor.py:840} INFO - DAG(s) 'weather_pipeline' retrieved from /opt/airflow/dags/weather_pipeline.py
[2026-06-08T12:36:04.402+0000] {logging_mixin.py:188} INFO - [2026-06-08T12:36:04.402+0000] {dag.py:3096} INFO - Sync 1 DAGs
[2026-06-08T12:36:04.419+0000] {logging_mixin.py:188} INFO - [2026-06-08T12:36:04.419+0000] {dag.py:3954} INFO - Setting next_dagrun for weather_pipeline to 2026-06-08 06:00:00+00:00, run_after=2026-06-09 06:00:00+00:00
[2026-06-08T12:36:04.439+0000] {processor.py:183} INFO - Processing /opt/airflow/dags/weather_pipeline.py took 0.078 seconds
[2026-06-08T12:36:34.732+0000] {processor.py:161} INFO - Started process (PID=2297) to work on /opt/airflow/dags/weather_pipeline.py
[2026-06-08T12:36:34.742+0000] {processor.py:830} INFO - Processing file /opt/airflow/dags/weather_pipeline.py for tasks to queue
[2026-06-08T12:36:34.745+0000] {logging_mixin.py:188} INFO - [2026-06-08T12:36:34.745+0000] {dagbag.py:545} INFO - Filling up the DagBag from /opt/airflow/dags/weather_pipeline.py
[2026-06-08T12:36:34.755+0000] {processor.py:840} INFO - DAG(s) 'weather_pipeline' retrieved from /opt/airflow/dags/weather_pipeline.py
[2026-06-08T12:36:34.779+0000] {logging_mixin.py:188} INFO - [2026-06-08T12:36:34.778+0000] {dag.py:3096} INFO - Sync 1 DAGs
[2026-06-08T12:36:34.795+0000] {logging_mixin.py:188} INFO - [2026-06-08T12:36:34.795+0000] {dag.py:3954} INFO - Setting next_dagrun for weather_pipeline to 2026-06-08 06:00:00+00:00, run_after=2026-06-09 06:00:00+00:00
[2026-06-08T12:36:34.811+0000] {processor.py:183} INFO - Processing /opt/airflow/dags/weather_pipeline.py took 0.084 seconds
[2026-06-08T12:37:05.323+0000] {processor.py:161} INFO - Started process (PID=2356) to work on /opt/airflow/dags/weather_pipeline.py
[2026-06-08T12:37:05.324+0000] {processor.py:830} INFO - Processing file /opt/airflow/dags/weather_pipeline.py for tasks to queue
[2026-06-08T12:37:05.325+0000] {logging_mixin.py:188} INFO - [2026-06-08T12:37:05.324+0000] {dagbag.py:545} INFO - Filling up the DagBag from /opt/airflow/dags/weather_pipeline.py
[2026-06-08T12:37:05.330+0000] {processor.py:840} INFO - DAG(s) 'weather_pipeline' retrieved from /opt/airflow/dags/weather_pipeline.py
[2026-06-08T12:37:05.352+0000] {logging_mixin.py:188} INFO - [2026-06-08T12:37:05.351+0000] {dag.py:3096} INFO - Sync 1 DAGs
[2026-06-08T12:37:05.368+0000] {logging_mixin.py:188} INFO - [2026-06-08T12:37:05.368+0000] {dag.py:3954} INFO - Setting next_dagrun for weather_pipeline to 2026-06-08 06:00:00+00:00, run_after=2026-06-09 06:00:00+00:00
[2026-06-08T12:37:05.382+0000] {processor.py:183} INFO - Processing /opt/airflow/dags/weather_pipeline.py took 0.066 seconds
[2026-06-08T12:37:35.778+0000] {processor.py:161} INFO - Started process (PID=2415) to work on /opt/airflow/dags/weather_pipeline.py
[2026-06-08T12:37:35.786+0000] {processor.py:830} INFO - Processing file /opt/airflow/dags/weather_pipeline.py for tasks to queue
[2026-06-08T12:37:35.789+0000] {logging_mixin.py:188} INFO - [2026-06-08T12:37:35.789+0000] {dagbag.py:545} INFO - Filling up the DagBag from /opt/airflow/dags/weather_pipeline.py
[2026-06-08T12:37:35.799+0000] {processor.py:840} INFO - DAG(s) 'weather_pipeline' retrieved from /opt/airflow/dags/weather_pipeline.py
[2026-06-08T12:37:35.833+0000] {logging_mixin.py:188} INFO - [2026-06-08T12:37:35.832+0000] {dag.py:3096} INFO - Sync 1 DAGs
[2026-06-08T12:37:35.865+0000] {logging_mixin.py:188} INFO - [2026-06-08T12:37:35.864+0000] {dag.py:3954} INFO - Setting next_dagrun for weather_pipeline to 2026-06-08 06:00:00+00:00, run_after=2026-06-09 06:00:00+00:00
[2026-06-08T12:37:35.878+0000] {processor.py:183} INFO - Processing /opt/airflow/dags/weather_pipeline.py took 0.111 seconds
