[2026-06-09T07:47:32.487+0000] {local_task_job_runner.py:120} INFO - ::group::Pre task execution logs
[2026-06-09T07:47:32.505+0000] {taskinstance.py:2076} INFO - Dependencies all met for dep_context=non-requeueable deps ti=<TaskInstance: weather_pipeline.log_execution manual__2026-06-09T07:47:24.094881+00:00 [queued]>
[2026-06-09T07:47:32.515+0000] {taskinstance.py:2076} INFO - Dependencies all met for dep_context=requeueable deps ti=<TaskInstance: weather_pipeline.log_execution manual__2026-06-09T07:47:24.094881+00:00 [queued]>
[2026-06-09T07:47:32.515+0000] {taskinstance.py:2306} INFO - Starting attempt 1 of 3
[2026-06-09T07:47:32.533+0000] {taskinstance.py:2330} INFO - Executing <Task(PythonOperator): log_execution> on 2026-06-09 07:47:24.094881+00:00
[2026-06-09T07:47:32.543+0000] {warnings.py:110} WARNING - /home/***/.local/lib/python3.12/site-packages/***/task/task_runner/standard_task_runner.py:61: DeprecationWarning: This process (pid=3617) is multi-threaded, use of fork() may lead to deadlocks in the child.
  pid = os.fork()

[2026-06-09T07:47:32.544+0000] {standard_task_runner.py:63} INFO - Started process 3619 to run task
[2026-06-09T07:47:32.545+0000] {standard_task_runner.py:90} INFO - Running: ['***', 'tasks', 'run', 'weather_pipeline', 'log_execution', 'manual__2026-06-09T07:47:24.094881+00:00', '--job-id', '45', '--raw', '--subdir', 'DAGS_FOLDER/weather_pipeline.py', '--cfg-path', '/tmp/tmpu3ea6vs_']
[2026-06-09T07:47:32.547+0000] {standard_task_runner.py:91} INFO - Job 45: Subtask log_execution
[2026-06-09T07:47:32.602+0000] {task_command.py:426} INFO - Running <TaskInstance: weather_pipeline.log_execution manual__2026-06-09T07:47:24.094881+00:00 [running]> on host 6222566259b1
[2026-06-09T07:47:32.727+0000] {taskinstance.py:2648} INFO - Exporting env vars: AIRFLOW_CTX_DAG_OWNER='samuel' AIRFLOW_CTX_DAG_ID='weather_pipeline' AIRFLOW_CTX_TASK_ID='log_execution' AIRFLOW_CTX_EXECUTION_DATE='2026-06-09T07:47:24.094881+00:00' AIRFLOW_CTX_TRY_NUMBER='1' AIRFLOW_CTX_DAG_RUN_ID='manual__2026-06-09T07:47:24.094881+00:00'
[2026-06-09T07:47:32.729+0000] {taskinstance.py:430} INFO - ::endgroup::
[2026-06-09T07:47:32.730+0000] {logging_mixin.py:188} INFO - [log] Run terminé — 2026-06-09T07:47:24.094881+00:00
[2026-06-09T07:47:32.731+0000] {python.py:237} INFO - Done. Returned value was: None
[2026-06-09T07:47:32.732+0000] {taskinstance.py:441} INFO - ::group::Post task execution logs
[2026-06-09T07:47:32.744+0000] {taskinstance.py:1206} INFO - Marking task as SUCCESS. dag_id=weather_pipeline, task_id=log_execution, run_id=manual__2026-06-09T07:47:24.094881+00:00, execution_date=20260609T074724, start_date=20260609T074732, end_date=20260609T074732
[2026-06-09T07:47:32.797+0000] {local_task_job_runner.py:240} INFO - Task exited with return code 0
[2026-06-09T07:47:32.828+0000] {taskinstance.py:3498} INFO - 0 downstream tasks scheduled from follow-on schedule check
[2026-06-09T07:47:32.833+0000] {local_task_job_runner.py:222} INFO - ::endgroup::
