[2026-06-09T07:47:27.417+0000] {local_task_job_runner.py:120} INFO - ::group::Pre task execution logs
[2026-06-09T07:47:27.434+0000] {taskinstance.py:2076} INFO - Dependencies all met for dep_context=non-requeueable deps ti=<TaskInstance: weather_pipeline.transform_paris manual__2026-06-09T07:47:24.094881+00:00 [queued]>
[2026-06-09T07:47:27.440+0000] {taskinstance.py:2076} INFO - Dependencies all met for dep_context=requeueable deps ti=<TaskInstance: weather_pipeline.transform_paris manual__2026-06-09T07:47:24.094881+00:00 [queued]>
[2026-06-09T07:47:27.441+0000] {taskinstance.py:2306} INFO - Starting attempt 1 of 3
[2026-06-09T07:47:27.453+0000] {taskinstance.py:2330} INFO - Executing <Task(PythonOperator): transform_paris> on 2026-06-09 07:47:24.094881+00:00
[2026-06-09T07:47:27.461+0000] {warnings.py:110} WARNING - /home/***/.local/lib/python3.12/site-packages/***/task/task_runner/standard_task_runner.py:61: DeprecationWarning: This process (pid=3597) is multi-threaded, use of fork() may lead to deadlocks in the child.
  pid = os.fork()

[2026-06-09T07:47:27.462+0000] {standard_task_runner.py:63} INFO - Started process 3602 to run task
[2026-06-09T07:47:27.464+0000] {standard_task_runner.py:90} INFO - Running: ['***', 'tasks', 'run', 'weather_pipeline', 'transform_paris', 'manual__2026-06-09T07:47:24.094881+00:00', '--job-id', '38', '--raw', '--subdir', 'DAGS_FOLDER/weather_pipeline.py', '--cfg-path', '/tmp/tmpk0p0ogpf']
[2026-06-09T07:47:27.467+0000] {standard_task_runner.py:91} INFO - Job 38: Subtask transform_paris
[2026-06-09T07:47:27.507+0000] {task_command.py:426} INFO - Running <TaskInstance: weather_pipeline.transform_paris manual__2026-06-09T07:47:24.094881+00:00 [running]> on host 6222566259b1
[2026-06-09T07:47:27.584+0000] {taskinstance.py:2648} INFO - Exporting env vars: AIRFLOW_CTX_DAG_OWNER='samuel' AIRFLOW_CTX_DAG_ID='weather_pipeline' AIRFLOW_CTX_TASK_ID='transform_paris' AIRFLOW_CTX_EXECUTION_DATE='2026-06-09T07:47:24.094881+00:00' AIRFLOW_CTX_TRY_NUMBER='1' AIRFLOW_CTX_DAG_RUN_ID='manual__2026-06-09T07:47:24.094881+00:00'
[2026-06-09T07:47:27.585+0000] {taskinstance.py:430} INFO - ::endgroup::
[2026-06-09T07:47:27.612+0000] {logging_mixin.py:188} INFO - [transform] Données préparées pour Paris : {'city': 'Paris', 'temperature_c': 13.8, 'windspeed_kmh': 12.6, 'weather_code': 2, 'humidity_pct': 81, 'collected_at': '2026-06-09T09:45'}
[2026-06-09T07:47:27.612+0000] {python.py:237} INFO - Done. Returned value was: None
[2026-06-09T07:47:27.613+0000] {taskinstance.py:441} INFO - ::group::Post task execution logs
[2026-06-09T07:47:27.629+0000] {taskinstance.py:1206} INFO - Marking task as SUCCESS. dag_id=weather_pipeline, task_id=transform_paris, run_id=manual__2026-06-09T07:47:24.094881+00:00, execution_date=20260609T074724, start_date=20260609T074727, end_date=20260609T074727
[2026-06-09T07:47:27.676+0000] {local_task_job_runner.py:240} INFO - Task exited with return code 0
[2026-06-09T07:47:27.704+0000] {taskinstance.py:3498} INFO - 1 downstream tasks scheduled from follow-on schedule check
[2026-06-09T07:47:27.707+0000] {local_task_job_runner.py:222} INFO - ::endgroup::
