[2026-06-08T14:51:43.058+0000] {local_task_job_runner.py:120} INFO - ::group::Pre task execution logs
[2026-06-08T14:51:43.094+0000] {taskinstance.py:2076} INFO - Dependencies all met for dep_context=non-requeueable deps ti=<TaskInstance: weather_pipeline.log_execution manual__2026-06-08T14:51:33.085510+00:00 [queued]>
[2026-06-08T14:51:43.103+0000] {taskinstance.py:2076} INFO - Dependencies all met for dep_context=requeueable deps ti=<TaskInstance: weather_pipeline.log_execution manual__2026-06-08T14:51:33.085510+00:00 [queued]>
[2026-06-08T14:51:43.103+0000] {taskinstance.py:2306} INFO - Starting attempt 1 of 3
[2026-06-08T14:51:43.118+0000] {taskinstance.py:2330} INFO - Executing <Task(PythonOperator): log_execution> on 2026-06-08 14:51:33.085510+00:00
[2026-06-08T14:51:43.126+0000] {warnings.py:110} WARNING - /home/***/.local/lib/python3.12/site-packages/***/task/task_runner/standard_task_runner.py:61: DeprecationWarning: This process (pid=2089) is multi-threaded, use of fork() may lead to deadlocks in the child.
  pid = os.fork()

[2026-06-08T14:51:43.128+0000] {standard_task_runner.py:63} INFO - Started process 2091 to run task
[2026-06-08T14:51:43.130+0000] {standard_task_runner.py:90} INFO - Running: ['***', 'tasks', 'run', 'weather_pipeline', 'log_execution', 'manual__2026-06-08T14:51:33.085510+00:00', '--job-id', '26', '--raw', '--subdir', 'DAGS_FOLDER/weather_pipeline.py', '--cfg-path', '/tmp/tmpdc30qucp']
[2026-06-08T14:51:43.133+0000] {standard_task_runner.py:91} INFO - Job 26: Subtask log_execution
[2026-06-08T14:51:43.192+0000] {task_command.py:426} INFO - Running <TaskInstance: weather_pipeline.log_execution manual__2026-06-08T14:51:33.085510+00:00 [running]> on host 6222566259b1
[2026-06-08T14:51:43.366+0000] {taskinstance.py:2648} INFO - Exporting env vars: AIRFLOW_CTX_DAG_OWNER='samuel' AIRFLOW_CTX_DAG_ID='weather_pipeline' AIRFLOW_CTX_TASK_ID='log_execution' AIRFLOW_CTX_EXECUTION_DATE='2026-06-08T14:51:33.085510+00:00' AIRFLOW_CTX_TRY_NUMBER='1' AIRFLOW_CTX_DAG_RUN_ID='manual__2026-06-08T14:51:33.085510+00:00'
[2026-06-08T14:51:43.370+0000] {taskinstance.py:430} INFO - ::endgroup::
[2026-06-08T14:51:43.372+0000] {logging_mixin.py:188} INFO - [log] Run terminé — 2026-06-08T14:51:33.085510+00:00
[2026-06-08T14:51:43.372+0000] {python.py:237} INFO - Done. Returned value was: None
[2026-06-08T14:51:43.373+0000] {taskinstance.py:441} INFO - ::group::Post task execution logs
[2026-06-08T14:51:43.393+0000] {taskinstance.py:1206} INFO - Marking task as SUCCESS. dag_id=weather_pipeline, task_id=log_execution, run_id=manual__2026-06-08T14:51:33.085510+00:00, execution_date=20260608T145133, start_date=20260608T145143, end_date=20260608T145143
[2026-06-08T14:51:43.462+0000] {local_task_job_runner.py:240} INFO - Task exited with return code 0
[2026-06-08T14:51:43.484+0000] {taskinstance.py:3498} INFO - 0 downstream tasks scheduled from follow-on schedule check
[2026-06-08T14:51:43.487+0000] {local_task_job_runner.py:222} INFO - ::endgroup::
