[2026-06-08T12:23:12.040+0000] {local_task_job_runner.py:120} INFO - ::group::Pre task execution logs
[2026-06-08T12:23:12.061+0000] {taskinstance.py:2076} INFO - Dependencies all met for dep_context=non-requeueable deps ti=<TaskInstance: weather_pipeline.fetch_lyon manual__2026-06-08T12:23:10.373810+00:00 [queued]>
[2026-06-08T12:23:12.070+0000] {taskinstance.py:2076} INFO - Dependencies all met for dep_context=requeueable deps ti=<TaskInstance: weather_pipeline.fetch_lyon manual__2026-06-08T12:23:10.373810+00:00 [queued]>
[2026-06-08T12:23:12.070+0000] {taskinstance.py:2306} INFO - Starting attempt 1 of 3
[2026-06-08T12:23:12.085+0000] {taskinstance.py:2330} INFO - Executing <Task(PythonOperator): fetch_lyon> on 2026-06-08 12:23:10.373810+00:00
[2026-06-08T12:23:12.093+0000] {warnings.py:110} WARNING - /home/***/.local/lib/python3.12/site-packages/***/task/task_runner/standard_task_runner.py:61: DeprecationWarning: This process (pid=153) is multi-threaded, use of fork() may lead to deadlocks in the child.
  pid = os.fork()

[2026-06-08T12:23:12.094+0000] {standard_task_runner.py:63} INFO - Started process 161 to run task
[2026-06-08T12:23:12.096+0000] {standard_task_runner.py:90} INFO - Running: ['***', 'tasks', 'run', 'weather_pipeline', 'fetch_lyon', 'manual__2026-06-08T12:23:10.373810+00:00', '--job-id', '9', '--raw', '--subdir', 'DAGS_FOLDER/weather_pipeline.py', '--cfg-path', '/tmp/tmpor5s_v0z']
[2026-06-08T12:23:12.098+0000] {standard_task_runner.py:91} INFO - Job 9: Subtask fetch_lyon
[2026-06-08T12:23:12.144+0000] {task_command.py:426} INFO - Running <TaskInstance: weather_pipeline.fetch_lyon manual__2026-06-08T12:23:10.373810+00:00 [running]> on host 6222566259b1
[2026-06-08T12:23:12.234+0000] {taskinstance.py:2648} INFO - Exporting env vars: AIRFLOW_CTX_DAG_OWNER='samuel' AIRFLOW_CTX_DAG_ID='weather_pipeline' AIRFLOW_CTX_TASK_ID='fetch_lyon' AIRFLOW_CTX_EXECUTION_DATE='2026-06-08T12:23:10.373810+00:00' AIRFLOW_CTX_TRY_NUMBER='1' AIRFLOW_CTX_DAG_RUN_ID='manual__2026-06-08T12:23:10.373810+00:00'
[2026-06-08T12:23:12.235+0000] {taskinstance.py:430} INFO - ::endgroup::
[2026-06-08T12:23:12.236+0000] {logging_mixin.py:188} INFO - [fetch] Appel API météo pour Lyon
[2026-06-08T12:23:12.236+0000] {python.py:237} INFO - Done. Returned value was: None
[2026-06-08T12:23:12.237+0000] {taskinstance.py:441} INFO - ::group::Post task execution logs
[2026-06-08T12:23:12.246+0000] {taskinstance.py:1206} INFO - Marking task as SUCCESS. dag_id=weather_pipeline, task_id=fetch_lyon, run_id=manual__2026-06-08T12:23:10.373810+00:00, execution_date=20260608T122310, start_date=20260608T122312, end_date=20260608T122312
[2026-06-08T12:23:12.268+0000] {local_task_job_runner.py:240} INFO - Task exited with return code 0
[2026-06-08T12:23:12.294+0000] {taskinstance.py:3498} INFO - 1 downstream tasks scheduled from follow-on schedule check
[2026-06-08T12:23:12.297+0000] {local_task_job_runner.py:222} INFO - ::endgroup::
