[2026-06-08T12:17:52.575+0000] {processor.py:161} INFO - Started process (PID=94) to work on /home/airflow/.local/lib/python3.12/site-packages/airflow/example_dags/example_external_task_marker_dag.py
[2026-06-08T12:17:52.576+0000] {processor.py:830} INFO - Processing file /home/airflow/.local/lib/python3.12/site-packages/airflow/example_dags/example_external_task_marker_dag.py for tasks to queue
[2026-06-08T12:17:52.577+0000] {logging_mixin.py:188} INFO - [2026-06-08T12:17:52.577+0000] {dagbag.py:545} INFO - Filling up the DagBag from /home/airflow/.local/lib/python3.12/site-packages/airflow/example_dags/example_external_task_marker_dag.py
[2026-06-08T12:17:52.583+0000] {processor.py:840} INFO - DAG(s) 'example_external_task_marker_parent', 'example_external_task_marker_child' retrieved from /home/airflow/.local/lib/python3.12/site-packages/airflow/example_dags/example_external_task_marker_dag.py
[2026-06-08T12:17:52.594+0000] {logging_mixin.py:188} INFO - [2026-06-08T12:17:52.594+0000] {dag.py:3096} INFO - Sync 2 DAGs
[2026-06-08T12:17:52.604+0000] {logging_mixin.py:188} INFO - [2026-06-08T12:17:52.604+0000] {dag.py:3954} INFO - Setting next_dagrun for example_external_task_marker_child to None, run_after=None
[2026-06-08T12:17:52.607+0000] {logging_mixin.py:188} INFO - [2026-06-08T12:17:52.607+0000] {dag.py:3954} INFO - Setting next_dagrun for example_external_task_marker_parent to None, run_after=None
[2026-06-08T12:17:52.622+0000] {processor.py:183} INFO - Processing /home/airflow/.local/lib/python3.12/site-packages/airflow/example_dags/example_external_task_marker_dag.py took 0.051 seconds
[2026-06-08T12:18:24.069+0000] {processor.py:161} INFO - Started process (PID=152) to work on /home/airflow/.local/lib/python3.12/site-packages/airflow/example_dags/example_external_task_marker_dag.py
[2026-06-08T12:18:24.070+0000] {processor.py:830} INFO - Processing file /home/airflow/.local/lib/python3.12/site-packages/airflow/example_dags/example_external_task_marker_dag.py for tasks to queue
[2026-06-08T12:18:24.071+0000] {logging_mixin.py:188} INFO - [2026-06-08T12:18:24.071+0000] {dagbag.py:545} INFO - Filling up the DagBag from /home/airflow/.local/lib/python3.12/site-packages/airflow/example_dags/example_external_task_marker_dag.py
[2026-06-08T12:18:24.075+0000] {processor.py:840} INFO - DAG(s) 'example_external_task_marker_child', 'example_external_task_marker_parent' retrieved from /home/airflow/.local/lib/python3.12/site-packages/airflow/example_dags/example_external_task_marker_dag.py
[2026-06-08T12:18:24.174+0000] {logging_mixin.py:188} INFO - [2026-06-08T12:18:24.173+0000] {dag.py:3096} INFO - Sync 2 DAGs
[2026-06-08T12:18:24.182+0000] {logging_mixin.py:188} INFO - [2026-06-08T12:18:24.182+0000] {dag.py:3954} INFO - Setting next_dagrun for example_external_task_marker_child to None, run_after=None
[2026-06-08T12:18:24.184+0000] {logging_mixin.py:188} INFO - [2026-06-08T12:18:24.184+0000] {dag.py:3954} INFO - Setting next_dagrun for example_external_task_marker_parent to None, run_after=None
[2026-06-08T12:18:24.199+0000] {processor.py:183} INFO - Processing /home/airflow/.local/lib/python3.12/site-packages/airflow/example_dags/example_external_task_marker_dag.py took 0.134 seconds
[2026-06-08T12:18:54.648+0000] {processor.py:161} INFO - Started process (PID=210) to work on /home/airflow/.local/lib/python3.12/site-packages/airflow/example_dags/example_external_task_marker_dag.py
[2026-06-08T12:18:54.649+0000] {processor.py:830} INFO - Processing file /home/airflow/.local/lib/python3.12/site-packages/airflow/example_dags/example_external_task_marker_dag.py for tasks to queue
[2026-06-08T12:18:54.650+0000] {logging_mixin.py:188} INFO - [2026-06-08T12:18:54.650+0000] {dagbag.py:545} INFO - Filling up the DagBag from /home/airflow/.local/lib/python3.12/site-packages/airflow/example_dags/example_external_task_marker_dag.py
[2026-06-08T12:18:54.654+0000] {processor.py:840} INFO - DAG(s) 'example_external_task_marker_child', 'example_external_task_marker_parent' retrieved from /home/airflow/.local/lib/python3.12/site-packages/airflow/example_dags/example_external_task_marker_dag.py
[2026-06-08T12:18:54.670+0000] {logging_mixin.py:188} INFO - [2026-06-08T12:18:54.670+0000] {dag.py:3096} INFO - Sync 2 DAGs
[2026-06-08T12:18:54.679+0000] {logging_mixin.py:188} INFO - [2026-06-08T12:18:54.678+0000] {dag.py:3954} INFO - Setting next_dagrun for example_external_task_marker_child to None, run_after=None
[2026-06-08T12:18:54.681+0000] {logging_mixin.py:188} INFO - [2026-06-08T12:18:54.681+0000] {dag.py:3954} INFO - Setting next_dagrun for example_external_task_marker_parent to None, run_after=None
[2026-06-08T12:18:54.700+0000] {processor.py:183} INFO - Processing /home/airflow/.local/lib/python3.12/site-packages/airflow/example_dags/example_external_task_marker_dag.py took 0.058 seconds
[2026-06-08T12:19:25.230+0000] {processor.py:161} INFO - Started process (PID=268) to work on /home/airflow/.local/lib/python3.12/site-packages/airflow/example_dags/example_external_task_marker_dag.py
[2026-06-08T12:19:25.230+0000] {processor.py:830} INFO - Processing file /home/airflow/.local/lib/python3.12/site-packages/airflow/example_dags/example_external_task_marker_dag.py for tasks to queue
[2026-06-08T12:19:25.232+0000] {logging_mixin.py:188} INFO - [2026-06-08T12:19:25.231+0000] {dagbag.py:545} INFO - Filling up the DagBag from /home/airflow/.local/lib/python3.12/site-packages/airflow/example_dags/example_external_task_marker_dag.py
[2026-06-08T12:19:25.236+0000] {processor.py:840} INFO - DAG(s) 'example_external_task_marker_parent', 'example_external_task_marker_child' retrieved from /home/airflow/.local/lib/python3.12/site-packages/airflow/example_dags/example_external_task_marker_dag.py
[2026-06-08T12:19:25.253+0000] {logging_mixin.py:188} INFO - [2026-06-08T12:19:25.253+0000] {dag.py:3096} INFO - Sync 2 DAGs
[2026-06-08T12:19:25.262+0000] {logging_mixin.py:188} INFO - [2026-06-08T12:19:25.262+0000] {dag.py:3954} INFO - Setting next_dagrun for example_external_task_marker_child to None, run_after=None
[2026-06-08T12:19:25.265+0000] {logging_mixin.py:188} INFO - [2026-06-08T12:19:25.265+0000] {dag.py:3954} INFO - Setting next_dagrun for example_external_task_marker_parent to None, run_after=None
[2026-06-08T12:19:25.277+0000] {processor.py:183} INFO - Processing /home/airflow/.local/lib/python3.12/site-packages/airflow/example_dags/example_external_task_marker_dag.py took 0.051 seconds
[2026-06-08T12:19:55.538+0000] {processor.py:161} INFO - Started process (PID=326) to work on /home/airflow/.local/lib/python3.12/site-packages/airflow/example_dags/example_external_task_marker_dag.py
[2026-06-08T12:19:55.539+0000] {processor.py:830} INFO - Processing file /home/airflow/.local/lib/python3.12/site-packages/airflow/example_dags/example_external_task_marker_dag.py for tasks to queue
[2026-06-08T12:19:55.541+0000] {logging_mixin.py:188} INFO - [2026-06-08T12:19:55.540+0000] {dagbag.py:545} INFO - Filling up the DagBag from /home/airflow/.local/lib/python3.12/site-packages/airflow/example_dags/example_external_task_marker_dag.py
[2026-06-08T12:19:55.545+0000] {processor.py:840} INFO - DAG(s) 'example_external_task_marker_parent', 'example_external_task_marker_child' retrieved from /home/airflow/.local/lib/python3.12/site-packages/airflow/example_dags/example_external_task_marker_dag.py
[2026-06-08T12:19:55.572+0000] {logging_mixin.py:188} INFO - [2026-06-08T12:19:55.572+0000] {dag.py:3096} INFO - Sync 2 DAGs
[2026-06-08T12:19:55.582+0000] {logging_mixin.py:188} INFO - [2026-06-08T12:19:55.581+0000] {dag.py:3954} INFO - Setting next_dagrun for example_external_task_marker_child to None, run_after=None
[2026-06-08T12:19:55.584+0000] {logging_mixin.py:188} INFO - [2026-06-08T12:19:55.584+0000] {dag.py:3954} INFO - Setting next_dagrun for example_external_task_marker_parent to None, run_after=None
[2026-06-08T12:19:55.594+0000] {processor.py:183} INFO - Processing /home/airflow/.local/lib/python3.12/site-packages/airflow/example_dags/example_external_task_marker_dag.py took 0.062 seconds
[2026-06-08T12:20:26.263+0000] {processor.py:161} INFO - Started process (PID=384) to work on /home/airflow/.local/lib/python3.12/site-packages/airflow/example_dags/example_external_task_marker_dag.py
[2026-06-08T12:20:26.265+0000] {processor.py:830} INFO - Processing file /home/airflow/.local/lib/python3.12/site-packages/airflow/example_dags/example_external_task_marker_dag.py for tasks to queue
[2026-06-08T12:20:26.266+0000] {logging_mixin.py:188} INFO - [2026-06-08T12:20:26.266+0000] {dagbag.py:545} INFO - Filling up the DagBag from /home/airflow/.local/lib/python3.12/site-packages/airflow/example_dags/example_external_task_marker_dag.py
[2026-06-08T12:20:26.274+0000] {processor.py:840} INFO - DAG(s) 'example_external_task_marker_child', 'example_external_task_marker_parent' retrieved from /home/airflow/.local/lib/python3.12/site-packages/airflow/example_dags/example_external_task_marker_dag.py
[2026-06-08T12:20:26.296+0000] {logging_mixin.py:188} INFO - [2026-06-08T12:20:26.296+0000] {dag.py:3096} INFO - Sync 2 DAGs
[2026-06-08T12:20:26.305+0000] {logging_mixin.py:188} INFO - [2026-06-08T12:20:26.305+0000] {dag.py:3954} INFO - Setting next_dagrun for example_external_task_marker_child to None, run_after=None
[2026-06-08T12:20:26.308+0000] {logging_mixin.py:188} INFO - [2026-06-08T12:20:26.308+0000] {dag.py:3954} INFO - Setting next_dagrun for example_external_task_marker_parent to None, run_after=None
[2026-06-08T12:20:26.318+0000] {processor.py:183} INFO - Processing /home/airflow/.local/lib/python3.12/site-packages/airflow/example_dags/example_external_task_marker_dag.py took 0.062 seconds
[2026-06-08T12:20:56.551+0000] {processor.py:161} INFO - Started process (PID=442) to work on /home/airflow/.local/lib/python3.12/site-packages/airflow/example_dags/example_external_task_marker_dag.py
[2026-06-08T12:20:56.552+0000] {processor.py:830} INFO - Processing file /home/airflow/.local/lib/python3.12/site-packages/airflow/example_dags/example_external_task_marker_dag.py for tasks to queue
[2026-06-08T12:20:56.553+0000] {logging_mixin.py:188} INFO - [2026-06-08T12:20:56.552+0000] {dagbag.py:545} INFO - Filling up the DagBag from /home/airflow/.local/lib/python3.12/site-packages/airflow/example_dags/example_external_task_marker_dag.py
[2026-06-08T12:20:56.556+0000] {processor.py:840} INFO - DAG(s) 'example_external_task_marker_child', 'example_external_task_marker_parent' retrieved from /home/airflow/.local/lib/python3.12/site-packages/airflow/example_dags/example_external_task_marker_dag.py
[2026-06-08T12:20:56.577+0000] {logging_mixin.py:188} INFO - [2026-06-08T12:20:56.577+0000] {dag.py:3096} INFO - Sync 2 DAGs
[2026-06-08T12:20:56.585+0000] {logging_mixin.py:188} INFO - [2026-06-08T12:20:56.585+0000] {dag.py:3954} INFO - Setting next_dagrun for example_external_task_marker_child to None, run_after=None
[2026-06-08T12:20:56.587+0000] {logging_mixin.py:188} INFO - [2026-06-08T12:20:56.587+0000] {dag.py:3954} INFO - Setting next_dagrun for example_external_task_marker_parent to None, run_after=None
[2026-06-08T12:20:56.601+0000] {processor.py:183} INFO - Processing /home/airflow/.local/lib/python3.12/site-packages/airflow/example_dags/example_external_task_marker_dag.py took 0.053 seconds
[2026-06-08T12:21:26.873+0000] {processor.py:161} INFO - Started process (PID=500) to work on /home/airflow/.local/lib/python3.12/site-packages/airflow/example_dags/example_external_task_marker_dag.py
[2026-06-08T12:21:26.874+0000] {processor.py:830} INFO - Processing file /home/airflow/.local/lib/python3.12/site-packages/airflow/example_dags/example_external_task_marker_dag.py for tasks to queue
[2026-06-08T12:21:26.876+0000] {logging_mixin.py:188} INFO - [2026-06-08T12:21:26.876+0000] {dagbag.py:545} INFO - Filling up the DagBag from /home/airflow/.local/lib/python3.12/site-packages/airflow/example_dags/example_external_task_marker_dag.py
[2026-06-08T12:21:26.884+0000] {processor.py:840} INFO - DAG(s) 'example_external_task_marker_child', 'example_external_task_marker_parent' retrieved from /home/airflow/.local/lib/python3.12/site-packages/airflow/example_dags/example_external_task_marker_dag.py
[2026-06-08T12:21:26.921+0000] {logging_mixin.py:188} INFO - [2026-06-08T12:21:26.920+0000] {dag.py:3096} INFO - Sync 2 DAGs
[2026-06-08T12:21:26.940+0000] {logging_mixin.py:188} INFO - [2026-06-08T12:21:26.939+0000] {dag.py:3954} INFO - Setting next_dagrun for example_external_task_marker_child to None, run_after=None
[2026-06-08T12:21:26.944+0000] {logging_mixin.py:188} INFO - [2026-06-08T12:21:26.944+0000] {dag.py:3954} INFO - Setting next_dagrun for example_external_task_marker_parent to None, run_after=None
[2026-06-08T12:21:26.956+0000] {processor.py:183} INFO - Processing /home/airflow/.local/lib/python3.12/site-packages/airflow/example_dags/example_external_task_marker_dag.py took 0.093 seconds
[2026-06-08T12:21:57.558+0000] {processor.py:161} INFO - Started process (PID=580) to work on /home/airflow/.local/lib/python3.12/site-packages/airflow/example_dags/example_external_task_marker_dag.py
[2026-06-08T12:21:57.559+0000] {processor.py:830} INFO - Processing file /home/airflow/.local/lib/python3.12/site-packages/airflow/example_dags/example_external_task_marker_dag.py for tasks to queue
[2026-06-08T12:21:57.560+0000] {logging_mixin.py:188} INFO - [2026-06-08T12:21:57.560+0000] {dagbag.py:545} INFO - Filling up the DagBag from /home/airflow/.local/lib/python3.12/site-packages/airflow/example_dags/example_external_task_marker_dag.py
[2026-06-08T12:21:57.565+0000] {processor.py:840} INFO - DAG(s) 'example_external_task_marker_child', 'example_external_task_marker_parent' retrieved from /home/airflow/.local/lib/python3.12/site-packages/airflow/example_dags/example_external_task_marker_dag.py
[2026-06-08T12:21:57.585+0000] {logging_mixin.py:188} INFO - [2026-06-08T12:21:57.584+0000] {dag.py:3096} INFO - Sync 2 DAGs
[2026-06-08T12:21:57.596+0000] {logging_mixin.py:188} INFO - [2026-06-08T12:21:57.596+0000] {dag.py:3954} INFO - Setting next_dagrun for example_external_task_marker_child to None, run_after=None
[2026-06-08T12:21:57.599+0000] {logging_mixin.py:188} INFO - [2026-06-08T12:21:57.599+0000] {dag.py:3954} INFO - Setting next_dagrun for example_external_task_marker_parent to None, run_after=None
[2026-06-08T12:21:57.618+0000] {processor.py:183} INFO - Processing /home/airflow/.local/lib/python3.12/site-packages/airflow/example_dags/example_external_task_marker_dag.py took 0.064 seconds
[2026-06-08T12:22:28.100+0000] {processor.py:161} INFO - Started process (PID=638) to work on /home/airflow/.local/lib/python3.12/site-packages/airflow/example_dags/example_external_task_marker_dag.py
[2026-06-08T12:22:28.101+0000] {processor.py:830} INFO - Processing file /home/airflow/.local/lib/python3.12/site-packages/airflow/example_dags/example_external_task_marker_dag.py for tasks to queue
[2026-06-08T12:22:28.103+0000] {logging_mixin.py:188} INFO - [2026-06-08T12:22:28.103+0000] {dagbag.py:545} INFO - Filling up the DagBag from /home/airflow/.local/lib/python3.12/site-packages/airflow/example_dags/example_external_task_marker_dag.py
[2026-06-08T12:22:28.109+0000] {processor.py:840} INFO - DAG(s) 'example_external_task_marker_child', 'example_external_task_marker_parent' retrieved from /home/airflow/.local/lib/python3.12/site-packages/airflow/example_dags/example_external_task_marker_dag.py
[2026-06-08T12:22:28.143+0000] {logging_mixin.py:188} INFO - [2026-06-08T12:22:28.142+0000] {dag.py:3096} INFO - Sync 2 DAGs
[2026-06-08T12:22:28.163+0000] {logging_mixin.py:188} INFO - [2026-06-08T12:22:28.162+0000] {dag.py:3954} INFO - Setting next_dagrun for example_external_task_marker_child to None, run_after=None
[2026-06-08T12:22:28.170+0000] {logging_mixin.py:188} INFO - [2026-06-08T12:22:28.169+0000] {dag.py:3954} INFO - Setting next_dagrun for example_external_task_marker_parent to None, run_after=None
[2026-06-08T12:22:28.219+0000] {processor.py:183} INFO - Processing /home/airflow/.local/lib/python3.12/site-packages/airflow/example_dags/example_external_task_marker_dag.py took 0.123 seconds
[2026-06-08T12:22:58.368+0000] {processor.py:161} INFO - Started process (PID=719) to work on /home/airflow/.local/lib/python3.12/site-packages/airflow/example_dags/example_external_task_marker_dag.py
[2026-06-08T12:22:58.369+0000] {processor.py:830} INFO - Processing file /home/airflow/.local/lib/python3.12/site-packages/airflow/example_dags/example_external_task_marker_dag.py for tasks to queue
[2026-06-08T12:22:58.371+0000] {logging_mixin.py:188} INFO - [2026-06-08T12:22:58.371+0000] {dagbag.py:545} INFO - Filling up the DagBag from /home/airflow/.local/lib/python3.12/site-packages/airflow/example_dags/example_external_task_marker_dag.py
[2026-06-08T12:22:58.378+0000] {processor.py:840} INFO - DAG(s) 'example_external_task_marker_parent', 'example_external_task_marker_child' retrieved from /home/airflow/.local/lib/python3.12/site-packages/airflow/example_dags/example_external_task_marker_dag.py
[2026-06-08T12:22:58.387+0000] {logging_mixin.py:188} INFO - [2026-06-08T12:22:58.387+0000] {dag.py:3096} INFO - Sync 2 DAGs
[2026-06-08T12:22:58.395+0000] {logging_mixin.py:188} INFO - [2026-06-08T12:22:58.395+0000] {dag.py:3954} INFO - Setting next_dagrun for example_external_task_marker_child to None, run_after=None
[2026-06-08T12:22:58.398+0000] {logging_mixin.py:188} INFO - [2026-06-08T12:22:58.398+0000] {dag.py:3954} INFO - Setting next_dagrun for example_external_task_marker_parent to None, run_after=None
[2026-06-08T12:22:58.410+0000] {processor.py:183} INFO - Processing /home/airflow/.local/lib/python3.12/site-packages/airflow/example_dags/example_external_task_marker_dag.py took 0.051 seconds
[2026-06-08T12:23:29.920+0000] {processor.py:161} INFO - Started process (PID=799) to work on /home/airflow/.local/lib/python3.12/site-packages/airflow/example_dags/example_external_task_marker_dag.py
[2026-06-08T12:23:29.921+0000] {processor.py:830} INFO - Processing file /home/airflow/.local/lib/python3.12/site-packages/airflow/example_dags/example_external_task_marker_dag.py for tasks to queue
[2026-06-08T12:23:29.922+0000] {logging_mixin.py:188} INFO - [2026-06-08T12:23:29.922+0000] {dagbag.py:545} INFO - Filling up the DagBag from /home/airflow/.local/lib/python3.12/site-packages/airflow/example_dags/example_external_task_marker_dag.py
[2026-06-08T12:23:29.928+0000] {processor.py:840} INFO - DAG(s) 'example_external_task_marker_child', 'example_external_task_marker_parent' retrieved from /home/airflow/.local/lib/python3.12/site-packages/airflow/example_dags/example_external_task_marker_dag.py
[2026-06-08T12:23:30.018+0000] {logging_mixin.py:188} INFO - [2026-06-08T12:23:30.018+0000] {dag.py:3096} INFO - Sync 2 DAGs
[2026-06-08T12:23:30.025+0000] {logging_mixin.py:188} INFO - [2026-06-08T12:23:30.025+0000] {dag.py:3954} INFO - Setting next_dagrun for example_external_task_marker_child to None, run_after=None
[2026-06-08T12:23:30.027+0000] {logging_mixin.py:188} INFO - [2026-06-08T12:23:30.027+0000] {dag.py:3954} INFO - Setting next_dagrun for example_external_task_marker_parent to None, run_after=None
[2026-06-08T12:23:30.068+0000] {processor.py:183} INFO - Processing /home/airflow/.local/lib/python3.12/site-packages/airflow/example_dags/example_external_task_marker_dag.py took 0.157 seconds
[2026-06-08T12:24:00.956+0000] {processor.py:161} INFO - Started process (PID=858) to work on /home/airflow/.local/lib/python3.12/site-packages/airflow/example_dags/example_external_task_marker_dag.py
[2026-06-08T12:24:00.957+0000] {processor.py:830} INFO - Processing file /home/airflow/.local/lib/python3.12/site-packages/airflow/example_dags/example_external_task_marker_dag.py for tasks to queue
[2026-06-08T12:24:00.959+0000] {logging_mixin.py:188} INFO - [2026-06-08T12:24:00.958+0000] {dagbag.py:545} INFO - Filling up the DagBag from /home/airflow/.local/lib/python3.12/site-packages/airflow/example_dags/example_external_task_marker_dag.py
[2026-06-08T12:24:00.963+0000] {processor.py:840} INFO - DAG(s) 'example_external_task_marker_child', 'example_external_task_marker_parent' retrieved from /home/airflow/.local/lib/python3.12/site-packages/airflow/example_dags/example_external_task_marker_dag.py
[2026-06-08T12:24:00.984+0000] {logging_mixin.py:188} INFO - [2026-06-08T12:24:00.984+0000] {dag.py:3096} INFO - Sync 2 DAGs
[2026-06-08T12:24:00.994+0000] {logging_mixin.py:188} INFO - [2026-06-08T12:24:00.994+0000] {dag.py:3954} INFO - Setting next_dagrun for example_external_task_marker_child to None, run_after=None
[2026-06-08T12:24:00.997+0000] {logging_mixin.py:188} INFO - [2026-06-08T12:24:00.997+0000] {dag.py:3954} INFO - Setting next_dagrun for example_external_task_marker_parent to None, run_after=None
[2026-06-08T12:24:01.027+0000] {processor.py:183} INFO - Processing /home/airflow/.local/lib/python3.12/site-packages/airflow/example_dags/example_external_task_marker_dag.py took 0.077 seconds
[2026-06-08T12:24:31.586+0000] {processor.py:161} INFO - Started process (PID=917) to work on /home/airflow/.local/lib/python3.12/site-packages/airflow/example_dags/example_external_task_marker_dag.py
[2026-06-08T12:24:31.587+0000] {processor.py:830} INFO - Processing file /home/airflow/.local/lib/python3.12/site-packages/airflow/example_dags/example_external_task_marker_dag.py for tasks to queue
[2026-06-08T12:24:31.588+0000] {logging_mixin.py:188} INFO - [2026-06-08T12:24:31.588+0000] {dagbag.py:545} INFO - Filling up the DagBag from /home/airflow/.local/lib/python3.12/site-packages/airflow/example_dags/example_external_task_marker_dag.py
[2026-06-08T12:24:31.592+0000] {processor.py:840} INFO - DAG(s) 'example_external_task_marker_child', 'example_external_task_marker_parent' retrieved from /home/airflow/.local/lib/python3.12/site-packages/airflow/example_dags/example_external_task_marker_dag.py
[2026-06-08T12:24:31.617+0000] {logging_mixin.py:188} INFO - [2026-06-08T12:24:31.617+0000] {dag.py:3096} INFO - Sync 2 DAGs
[2026-06-08T12:24:31.627+0000] {logging_mixin.py:188} INFO - [2026-06-08T12:24:31.627+0000] {dag.py:3954} INFO - Setting next_dagrun for example_external_task_marker_child to None, run_after=None
[2026-06-08T12:24:31.629+0000] {logging_mixin.py:188} INFO - [2026-06-08T12:24:31.629+0000] {dag.py:3954} INFO - Setting next_dagrun for example_external_task_marker_parent to None, run_after=None
[2026-06-08T12:24:31.643+0000] {processor.py:183} INFO - Processing /home/airflow/.local/lib/python3.12/site-packages/airflow/example_dags/example_external_task_marker_dag.py took 0.060 seconds
[2026-06-08T12:25:02.207+0000] {processor.py:161} INFO - Started process (PID=976) to work on /home/airflow/.local/lib/python3.12/site-packages/airflow/example_dags/example_external_task_marker_dag.py
[2026-06-08T12:25:02.207+0000] {processor.py:830} INFO - Processing file /home/airflow/.local/lib/python3.12/site-packages/airflow/example_dags/example_external_task_marker_dag.py for tasks to queue
[2026-06-08T12:25:02.209+0000] {logging_mixin.py:188} INFO - [2026-06-08T12:25:02.208+0000] {dagbag.py:545} INFO - Filling up the DagBag from /home/airflow/.local/lib/python3.12/site-packages/airflow/example_dags/example_external_task_marker_dag.py
[2026-06-08T12:25:02.212+0000] {processor.py:840} INFO - DAG(s) 'example_external_task_marker_parent', 'example_external_task_marker_child' retrieved from /home/airflow/.local/lib/python3.12/site-packages/airflow/example_dags/example_external_task_marker_dag.py
[2026-06-08T12:25:02.230+0000] {logging_mixin.py:188} INFO - [2026-06-08T12:25:02.230+0000] {dag.py:3096} INFO - Sync 2 DAGs
[2026-06-08T12:25:02.243+0000] {logging_mixin.py:188} INFO - [2026-06-08T12:25:02.243+0000] {dag.py:3954} INFO - Setting next_dagrun for example_external_task_marker_child to None, run_after=None
[2026-06-08T12:25:02.247+0000] {logging_mixin.py:188} INFO - [2026-06-08T12:25:02.246+0000] {dag.py:3954} INFO - Setting next_dagrun for example_external_task_marker_parent to None, run_after=None
[2026-06-08T12:25:02.264+0000] {processor.py:183} INFO - Processing /home/airflow/.local/lib/python3.12/site-packages/airflow/example_dags/example_external_task_marker_dag.py took 0.064 seconds
[2026-06-08T12:25:32.503+0000] {processor.py:161} INFO - Started process (PID=1036) to work on /home/airflow/.local/lib/python3.12/site-packages/airflow/example_dags/example_external_task_marker_dag.py
[2026-06-08T12:25:32.504+0000] {processor.py:830} INFO - Processing file /home/airflow/.local/lib/python3.12/site-packages/airflow/example_dags/example_external_task_marker_dag.py for tasks to queue
[2026-06-08T12:25:32.506+0000] {logging_mixin.py:188} INFO - [2026-06-08T12:25:32.505+0000] {dagbag.py:545} INFO - Filling up the DagBag from /home/airflow/.local/lib/python3.12/site-packages/airflow/example_dags/example_external_task_marker_dag.py
[2026-06-08T12:25:32.509+0000] {processor.py:840} INFO - DAG(s) 'example_external_task_marker_child', 'example_external_task_marker_parent' retrieved from /home/airflow/.local/lib/python3.12/site-packages/airflow/example_dags/example_external_task_marker_dag.py
[2026-06-08T12:25:32.527+0000] {logging_mixin.py:188} INFO - [2026-06-08T12:25:32.526+0000] {dag.py:3096} INFO - Sync 2 DAGs
[2026-06-08T12:25:32.535+0000] {logging_mixin.py:188} INFO - [2026-06-08T12:25:32.535+0000] {dag.py:3954} INFO - Setting next_dagrun for example_external_task_marker_child to None, run_after=None
[2026-06-08T12:25:32.538+0000] {logging_mixin.py:188} INFO - [2026-06-08T12:25:32.538+0000] {dag.py:3954} INFO - Setting next_dagrun for example_external_task_marker_parent to None, run_after=None
[2026-06-08T12:25:32.553+0000] {processor.py:183} INFO - Processing /home/airflow/.local/lib/python3.12/site-packages/airflow/example_dags/example_external_task_marker_dag.py took 0.055 seconds
[2026-06-08T12:26:02.902+0000] {processor.py:161} INFO - Started process (PID=1095) to work on /home/airflow/.local/lib/python3.12/site-packages/airflow/example_dags/example_external_task_marker_dag.py
[2026-06-08T12:26:02.902+0000] {processor.py:830} INFO - Processing file /home/airflow/.local/lib/python3.12/site-packages/airflow/example_dags/example_external_task_marker_dag.py for tasks to queue
[2026-06-08T12:26:02.904+0000] {logging_mixin.py:188} INFO - [2026-06-08T12:26:02.903+0000] {dagbag.py:545} INFO - Filling up the DagBag from /home/airflow/.local/lib/python3.12/site-packages/airflow/example_dags/example_external_task_marker_dag.py
[2026-06-08T12:26:02.907+0000] {processor.py:840} INFO - DAG(s) 'example_external_task_marker_parent', 'example_external_task_marker_child' retrieved from /home/airflow/.local/lib/python3.12/site-packages/airflow/example_dags/example_external_task_marker_dag.py
[2026-06-08T12:26:02.925+0000] {logging_mixin.py:188} INFO - [2026-06-08T12:26:02.925+0000] {dag.py:3096} INFO - Sync 2 DAGs
[2026-06-08T12:26:02.933+0000] {logging_mixin.py:188} INFO - [2026-06-08T12:26:02.933+0000] {dag.py:3954} INFO - Setting next_dagrun for example_external_task_marker_child to None, run_after=None
[2026-06-08T12:26:02.936+0000] {logging_mixin.py:188} INFO - [2026-06-08T12:26:02.936+0000] {dag.py:3954} INFO - Setting next_dagrun for example_external_task_marker_parent to None, run_after=None
[2026-06-08T12:26:02.951+0000] {processor.py:183} INFO - Processing /home/airflow/.local/lib/python3.12/site-packages/airflow/example_dags/example_external_task_marker_dag.py took 0.055 seconds
[2026-06-08T12:26:33.503+0000] {processor.py:161} INFO - Started process (PID=1154) to work on /home/airflow/.local/lib/python3.12/site-packages/airflow/example_dags/example_external_task_marker_dag.py
[2026-06-08T12:26:33.504+0000] {processor.py:830} INFO - Processing file /home/airflow/.local/lib/python3.12/site-packages/airflow/example_dags/example_external_task_marker_dag.py for tasks to queue
[2026-06-08T12:26:33.505+0000] {logging_mixin.py:188} INFO - [2026-06-08T12:26:33.504+0000] {dagbag.py:545} INFO - Filling up the DagBag from /home/airflow/.local/lib/python3.12/site-packages/airflow/example_dags/example_external_task_marker_dag.py
[2026-06-08T12:26:33.508+0000] {processor.py:840} INFO - DAG(s) 'example_external_task_marker_parent', 'example_external_task_marker_child' retrieved from /home/airflow/.local/lib/python3.12/site-packages/airflow/example_dags/example_external_task_marker_dag.py
[2026-06-08T12:26:33.532+0000] {logging_mixin.py:188} INFO - [2026-06-08T12:26:33.531+0000] {dag.py:3096} INFO - Sync 2 DAGs
[2026-06-08T12:26:33.540+0000] {logging_mixin.py:188} INFO - [2026-06-08T12:26:33.540+0000] {dag.py:3954} INFO - Setting next_dagrun for example_external_task_marker_child to None, run_after=None
[2026-06-08T12:26:33.542+0000] {logging_mixin.py:188} INFO - [2026-06-08T12:26:33.542+0000] {dag.py:3954} INFO - Setting next_dagrun for example_external_task_marker_parent to None, run_after=None
[2026-06-08T12:26:33.556+0000] {processor.py:183} INFO - Processing /home/airflow/.local/lib/python3.12/site-packages/airflow/example_dags/example_external_task_marker_dag.py took 0.056 seconds
[2026-06-08T12:27:03.884+0000] {processor.py:161} INFO - Started process (PID=1213) to work on /home/airflow/.local/lib/python3.12/site-packages/airflow/example_dags/example_external_task_marker_dag.py
[2026-06-08T12:27:03.885+0000] {processor.py:830} INFO - Processing file /home/airflow/.local/lib/python3.12/site-packages/airflow/example_dags/example_external_task_marker_dag.py for tasks to queue
[2026-06-08T12:27:03.886+0000] {logging_mixin.py:188} INFO - [2026-06-08T12:27:03.885+0000] {dagbag.py:545} INFO - Filling up the DagBag from /home/airflow/.local/lib/python3.12/site-packages/airflow/example_dags/example_external_task_marker_dag.py
[2026-06-08T12:27:03.889+0000] {processor.py:840} INFO - DAG(s) 'example_external_task_marker_child', 'example_external_task_marker_parent' retrieved from /home/airflow/.local/lib/python3.12/site-packages/airflow/example_dags/example_external_task_marker_dag.py
[2026-06-08T12:27:03.907+0000] {logging_mixin.py:188} INFO - [2026-06-08T12:27:03.907+0000] {dag.py:3096} INFO - Sync 2 DAGs
[2026-06-08T12:27:03.916+0000] {logging_mixin.py:188} INFO - [2026-06-08T12:27:03.915+0000] {dag.py:3954} INFO - Setting next_dagrun for example_external_task_marker_child to None, run_after=None
[2026-06-08T12:27:03.918+0000] {logging_mixin.py:188} INFO - [2026-06-08T12:27:03.918+0000] {dag.py:3954} INFO - Setting next_dagrun for example_external_task_marker_parent to None, run_after=None
[2026-06-08T12:27:03.928+0000] {processor.py:183} INFO - Processing /home/airflow/.local/lib/python3.12/site-packages/airflow/example_dags/example_external_task_marker_dag.py took 0.048 seconds
[2026-06-08T12:27:34.432+0000] {processor.py:161} INFO - Started process (PID=1272) to work on /home/airflow/.local/lib/python3.12/site-packages/airflow/example_dags/example_external_task_marker_dag.py
[2026-06-08T12:27:34.433+0000] {processor.py:830} INFO - Processing file /home/airflow/.local/lib/python3.12/site-packages/airflow/example_dags/example_external_task_marker_dag.py for tasks to queue
[2026-06-08T12:27:34.434+0000] {logging_mixin.py:188} INFO - [2026-06-08T12:27:34.434+0000] {dagbag.py:545} INFO - Filling up the DagBag from /home/airflow/.local/lib/python3.12/site-packages/airflow/example_dags/example_external_task_marker_dag.py
[2026-06-08T12:27:34.438+0000] {processor.py:840} INFO - DAG(s) 'example_external_task_marker_parent', 'example_external_task_marker_child' retrieved from /home/airflow/.local/lib/python3.12/site-packages/airflow/example_dags/example_external_task_marker_dag.py
[2026-06-08T12:27:34.456+0000] {logging_mixin.py:188} INFO - [2026-06-08T12:27:34.456+0000] {dag.py:3096} INFO - Sync 2 DAGs
[2026-06-08T12:27:34.465+0000] {logging_mixin.py:188} INFO - [2026-06-08T12:27:34.464+0000] {dag.py:3954} INFO - Setting next_dagrun for example_external_task_marker_child to None, run_after=None
[2026-06-08T12:27:34.467+0000] {logging_mixin.py:188} INFO - [2026-06-08T12:27:34.467+0000] {dag.py:3954} INFO - Setting next_dagrun for example_external_task_marker_parent to None, run_after=None
[2026-06-08T12:27:34.479+0000] {processor.py:183} INFO - Processing /home/airflow/.local/lib/python3.12/site-packages/airflow/example_dags/example_external_task_marker_dag.py took 0.054 seconds
[2026-06-08T12:28:05.150+0000] {processor.py:161} INFO - Started process (PID=1331) to work on /home/airflow/.local/lib/python3.12/site-packages/airflow/example_dags/example_external_task_marker_dag.py
[2026-06-08T12:28:05.151+0000] {processor.py:830} INFO - Processing file /home/airflow/.local/lib/python3.12/site-packages/airflow/example_dags/example_external_task_marker_dag.py for tasks to queue
[2026-06-08T12:28:05.152+0000] {logging_mixin.py:188} INFO - [2026-06-08T12:28:05.151+0000] {dagbag.py:545} INFO - Filling up the DagBag from /home/airflow/.local/lib/python3.12/site-packages/airflow/example_dags/example_external_task_marker_dag.py
[2026-06-08T12:28:05.155+0000] {processor.py:840} INFO - DAG(s) 'example_external_task_marker_parent', 'example_external_task_marker_child' retrieved from /home/airflow/.local/lib/python3.12/site-packages/airflow/example_dags/example_external_task_marker_dag.py
[2026-06-08T12:28:05.177+0000] {logging_mixin.py:188} INFO - [2026-06-08T12:28:05.177+0000] {dag.py:3096} INFO - Sync 2 DAGs
[2026-06-08T12:28:05.196+0000] {logging_mixin.py:188} INFO - [2026-06-08T12:28:05.196+0000] {dag.py:3954} INFO - Setting next_dagrun for example_external_task_marker_child to None, run_after=None
[2026-06-08T12:28:05.202+0000] {logging_mixin.py:188} INFO - [2026-06-08T12:28:05.202+0000] {dag.py:3954} INFO - Setting next_dagrun for example_external_task_marker_parent to None, run_after=None
[2026-06-08T12:28:05.218+0000] {processor.py:183} INFO - Processing /home/airflow/.local/lib/python3.12/site-packages/airflow/example_dags/example_external_task_marker_dag.py took 0.072 seconds
[2026-06-08T12:28:35.523+0000] {processor.py:161} INFO - Started process (PID=1391) to work on /home/airflow/.local/lib/python3.12/site-packages/airflow/example_dags/example_external_task_marker_dag.py
[2026-06-08T12:28:35.523+0000] {processor.py:830} INFO - Processing file /home/airflow/.local/lib/python3.12/site-packages/airflow/example_dags/example_external_task_marker_dag.py for tasks to queue
[2026-06-08T12:28:35.524+0000] {logging_mixin.py:188} INFO - [2026-06-08T12:28:35.524+0000] {dagbag.py:545} INFO - Filling up the DagBag from /home/airflow/.local/lib/python3.12/site-packages/airflow/example_dags/example_external_task_marker_dag.py
[2026-06-08T12:28:35.528+0000] {processor.py:840} INFO - DAG(s) 'example_external_task_marker_child', 'example_external_task_marker_parent' retrieved from /home/airflow/.local/lib/python3.12/site-packages/airflow/example_dags/example_external_task_marker_dag.py
[2026-06-08T12:28:35.546+0000] {logging_mixin.py:188} INFO - [2026-06-08T12:28:35.546+0000] {dag.py:3096} INFO - Sync 2 DAGs
[2026-06-08T12:28:35.555+0000] {logging_mixin.py:188} INFO - [2026-06-08T12:28:35.555+0000] {dag.py:3954} INFO - Setting next_dagrun for example_external_task_marker_child to None, run_after=None
[2026-06-08T12:28:35.557+0000] {logging_mixin.py:188} INFO - [2026-06-08T12:28:35.557+0000] {dag.py:3954} INFO - Setting next_dagrun for example_external_task_marker_parent to None, run_after=None
[2026-06-08T12:28:35.568+0000] {processor.py:183} INFO - Processing /home/airflow/.local/lib/python3.12/site-packages/airflow/example_dags/example_external_task_marker_dag.py took 0.049 seconds
[2026-06-08T12:29:05.879+0000] {processor.py:161} INFO - Started process (PID=1450) to work on /home/airflow/.local/lib/python3.12/site-packages/airflow/example_dags/example_external_task_marker_dag.py
[2026-06-08T12:29:05.880+0000] {processor.py:830} INFO - Processing file /home/airflow/.local/lib/python3.12/site-packages/airflow/example_dags/example_external_task_marker_dag.py for tasks to queue
[2026-06-08T12:29:05.881+0000] {logging_mixin.py:188} INFO - [2026-06-08T12:29:05.881+0000] {dagbag.py:545} INFO - Filling up the DagBag from /home/airflow/.local/lib/python3.12/site-packages/airflow/example_dags/example_external_task_marker_dag.py
[2026-06-08T12:29:05.885+0000] {processor.py:840} INFO - DAG(s) 'example_external_task_marker_parent', 'example_external_task_marker_child' retrieved from /home/airflow/.local/lib/python3.12/site-packages/airflow/example_dags/example_external_task_marker_dag.py
[2026-06-08T12:29:05.904+0000] {logging_mixin.py:188} INFO - [2026-06-08T12:29:05.904+0000] {dag.py:3096} INFO - Sync 2 DAGs
[2026-06-08T12:29:05.915+0000] {logging_mixin.py:188} INFO - [2026-06-08T12:29:05.914+0000] {dag.py:3954} INFO - Setting next_dagrun for example_external_task_marker_child to None, run_after=None
[2026-06-08T12:29:05.918+0000] {logging_mixin.py:188} INFO - [2026-06-08T12:29:05.918+0000] {dag.py:3954} INFO - Setting next_dagrun for example_external_task_marker_parent to None, run_after=None
[2026-06-08T12:29:05.930+0000] {processor.py:183} INFO - Processing /home/airflow/.local/lib/python3.12/site-packages/airflow/example_dags/example_external_task_marker_dag.py took 0.055 seconds
[2026-06-08T12:29:36.299+0000] {processor.py:161} INFO - Started process (PID=1509) to work on /home/airflow/.local/lib/python3.12/site-packages/airflow/example_dags/example_external_task_marker_dag.py
[2026-06-08T12:29:36.299+0000] {processor.py:830} INFO - Processing file /home/airflow/.local/lib/python3.12/site-packages/airflow/example_dags/example_external_task_marker_dag.py for tasks to queue
[2026-06-08T12:29:36.301+0000] {logging_mixin.py:188} INFO - [2026-06-08T12:29:36.301+0000] {dagbag.py:545} INFO - Filling up the DagBag from /home/airflow/.local/lib/python3.12/site-packages/airflow/example_dags/example_external_task_marker_dag.py
[2026-06-08T12:29:36.305+0000] {processor.py:840} INFO - DAG(s) 'example_external_task_marker_parent', 'example_external_task_marker_child' retrieved from /home/airflow/.local/lib/python3.12/site-packages/airflow/example_dags/example_external_task_marker_dag.py
[2026-06-08T12:29:36.328+0000] {logging_mixin.py:188} INFO - [2026-06-08T12:29:36.328+0000] {dag.py:3096} INFO - Sync 2 DAGs
[2026-06-08T12:29:36.338+0000] {logging_mixin.py:188} INFO - [2026-06-08T12:29:36.338+0000] {dag.py:3954} INFO - Setting next_dagrun for example_external_task_marker_child to None, run_after=None
[2026-06-08T12:29:36.341+0000] {logging_mixin.py:188} INFO - [2026-06-08T12:29:36.341+0000] {dag.py:3954} INFO - Setting next_dagrun for example_external_task_marker_parent to None, run_after=None
[2026-06-08T12:29:36.357+0000] {processor.py:183} INFO - Processing /home/airflow/.local/lib/python3.12/site-packages/airflow/example_dags/example_external_task_marker_dag.py took 0.063 seconds
[2026-06-08T12:30:06.943+0000] {processor.py:161} INFO - Started process (PID=1568) to work on /home/airflow/.local/lib/python3.12/site-packages/airflow/example_dags/example_external_task_marker_dag.py
[2026-06-08T12:30:06.945+0000] {processor.py:830} INFO - Processing file /home/airflow/.local/lib/python3.12/site-packages/airflow/example_dags/example_external_task_marker_dag.py for tasks to queue
[2026-06-08T12:30:06.948+0000] {logging_mixin.py:188} INFO - [2026-06-08T12:30:06.947+0000] {dagbag.py:545} INFO - Filling up the DagBag from /home/airflow/.local/lib/python3.12/site-packages/airflow/example_dags/example_external_task_marker_dag.py
[2026-06-08T12:30:06.956+0000] {processor.py:840} INFO - DAG(s) 'example_external_task_marker_child', 'example_external_task_marker_parent' retrieved from /home/airflow/.local/lib/python3.12/site-packages/airflow/example_dags/example_external_task_marker_dag.py
[2026-06-08T12:30:06.979+0000] {logging_mixin.py:188} INFO - [2026-06-08T12:30:06.979+0000] {dag.py:3096} INFO - Sync 2 DAGs
[2026-06-08T12:30:06.994+0000] {logging_mixin.py:188} INFO - [2026-06-08T12:30:06.993+0000] {dag.py:3954} INFO - Setting next_dagrun for example_external_task_marker_child to None, run_after=None
[2026-06-08T12:30:07.001+0000] {logging_mixin.py:188} INFO - [2026-06-08T12:30:07.001+0000] {dag.py:3954} INFO - Setting next_dagrun for example_external_task_marker_parent to None, run_after=None
[2026-06-08T12:30:07.022+0000] {processor.py:183} INFO - Processing /home/airflow/.local/lib/python3.12/site-packages/airflow/example_dags/example_external_task_marker_dag.py took 0.091 seconds
[2026-06-08T12:30:37.645+0000] {processor.py:161} INFO - Started process (PID=1627) to work on /home/airflow/.local/lib/python3.12/site-packages/airflow/example_dags/example_external_task_marker_dag.py
[2026-06-08T12:30:37.646+0000] {processor.py:830} INFO - Processing file /home/airflow/.local/lib/python3.12/site-packages/airflow/example_dags/example_external_task_marker_dag.py for tasks to queue
[2026-06-08T12:30:37.647+0000] {logging_mixin.py:188} INFO - [2026-06-08T12:30:37.647+0000] {dagbag.py:545} INFO - Filling up the DagBag from /home/airflow/.local/lib/python3.12/site-packages/airflow/example_dags/example_external_task_marker_dag.py
[2026-06-08T12:30:37.651+0000] {processor.py:840} INFO - DAG(s) 'example_external_task_marker_parent', 'example_external_task_marker_child' retrieved from /home/airflow/.local/lib/python3.12/site-packages/airflow/example_dags/example_external_task_marker_dag.py
[2026-06-08T12:30:37.673+0000] {logging_mixin.py:188} INFO - [2026-06-08T12:30:37.673+0000] {dag.py:3096} INFO - Sync 2 DAGs
[2026-06-08T12:30:37.681+0000] {logging_mixin.py:188} INFO - [2026-06-08T12:30:37.681+0000] {dag.py:3954} INFO - Setting next_dagrun for example_external_task_marker_child to None, run_after=None
[2026-06-08T12:30:37.684+0000] {logging_mixin.py:188} INFO - [2026-06-08T12:30:37.684+0000] {dag.py:3954} INFO - Setting next_dagrun for example_external_task_marker_parent to None, run_after=None
[2026-06-08T12:30:37.695+0000] {processor.py:183} INFO - Processing /home/airflow/.local/lib/python3.12/site-packages/airflow/example_dags/example_external_task_marker_dag.py took 0.056 seconds
[2026-06-08T12:31:08.073+0000] {processor.py:161} INFO - Started process (PID=1686) to work on /home/airflow/.local/lib/python3.12/site-packages/airflow/example_dags/example_external_task_marker_dag.py
[2026-06-08T12:31:08.073+0000] {processor.py:830} INFO - Processing file /home/airflow/.local/lib/python3.12/site-packages/airflow/example_dags/example_external_task_marker_dag.py for tasks to queue
[2026-06-08T12:31:08.074+0000] {logging_mixin.py:188} INFO - [2026-06-08T12:31:08.074+0000] {dagbag.py:545} INFO - Filling up the DagBag from /home/airflow/.local/lib/python3.12/site-packages/airflow/example_dags/example_external_task_marker_dag.py
[2026-06-08T12:31:08.078+0000] {processor.py:840} INFO - DAG(s) 'example_external_task_marker_child', 'example_external_task_marker_parent' retrieved from /home/airflow/.local/lib/python3.12/site-packages/airflow/example_dags/example_external_task_marker_dag.py
[2026-06-08T12:31:08.097+0000] {logging_mixin.py:188} INFO - [2026-06-08T12:31:08.096+0000] {dag.py:3096} INFO - Sync 2 DAGs
[2026-06-08T12:31:08.107+0000] {logging_mixin.py:188} INFO - [2026-06-08T12:31:08.107+0000] {dag.py:3954} INFO - Setting next_dagrun for example_external_task_marker_child to None, run_after=None
[2026-06-08T12:31:08.109+0000] {logging_mixin.py:188} INFO - [2026-06-08T12:31:08.109+0000] {dag.py:3954} INFO - Setting next_dagrun for example_external_task_marker_parent to None, run_after=None
[2026-06-08T12:31:08.119+0000] {processor.py:183} INFO - Processing /home/airflow/.local/lib/python3.12/site-packages/airflow/example_dags/example_external_task_marker_dag.py took 0.051 seconds
[2026-06-08T12:31:38.446+0000] {processor.py:161} INFO - Started process (PID=1745) to work on /home/airflow/.local/lib/python3.12/site-packages/airflow/example_dags/example_external_task_marker_dag.py
[2026-06-08T12:31:38.447+0000] {processor.py:830} INFO - Processing file /home/airflow/.local/lib/python3.12/site-packages/airflow/example_dags/example_external_task_marker_dag.py for tasks to queue
[2026-06-08T12:31:38.448+0000] {logging_mixin.py:188} INFO - [2026-06-08T12:31:38.448+0000] {dagbag.py:545} INFO - Filling up the DagBag from /home/airflow/.local/lib/python3.12/site-packages/airflow/example_dags/example_external_task_marker_dag.py
[2026-06-08T12:31:38.452+0000] {processor.py:840} INFO - DAG(s) 'example_external_task_marker_parent', 'example_external_task_marker_child' retrieved from /home/airflow/.local/lib/python3.12/site-packages/airflow/example_dags/example_external_task_marker_dag.py
[2026-06-08T12:31:38.469+0000] {logging_mixin.py:188} INFO - [2026-06-08T12:31:38.469+0000] {dag.py:3096} INFO - Sync 2 DAGs
[2026-06-08T12:31:38.479+0000] {logging_mixin.py:188} INFO - [2026-06-08T12:31:38.479+0000] {dag.py:3954} INFO - Setting next_dagrun for example_external_task_marker_child to None, run_after=None
[2026-06-08T12:31:38.482+0000] {logging_mixin.py:188} INFO - [2026-06-08T12:31:38.482+0000] {dag.py:3954} INFO - Setting next_dagrun for example_external_task_marker_parent to None, run_after=None
[2026-06-08T12:31:38.491+0000] {processor.py:183} INFO - Processing /home/airflow/.local/lib/python3.12/site-packages/airflow/example_dags/example_external_task_marker_dag.py took 0.050 seconds
[2026-06-08T12:32:09.011+0000] {processor.py:161} INFO - Started process (PID=1804) to work on /home/airflow/.local/lib/python3.12/site-packages/airflow/example_dags/example_external_task_marker_dag.py
[2026-06-08T12:32:09.012+0000] {processor.py:830} INFO - Processing file /home/airflow/.local/lib/python3.12/site-packages/airflow/example_dags/example_external_task_marker_dag.py for tasks to queue
[2026-06-08T12:32:09.014+0000] {logging_mixin.py:188} INFO - [2026-06-08T12:32:09.014+0000] {dagbag.py:545} INFO - Filling up the DagBag from /home/airflow/.local/lib/python3.12/site-packages/airflow/example_dags/example_external_task_marker_dag.py
[2026-06-08T12:32:09.020+0000] {processor.py:840} INFO - DAG(s) 'example_external_task_marker_parent', 'example_external_task_marker_child' retrieved from /home/airflow/.local/lib/python3.12/site-packages/airflow/example_dags/example_external_task_marker_dag.py
[2026-06-08T12:32:09.046+0000] {logging_mixin.py:188} INFO - [2026-06-08T12:32:09.046+0000] {dag.py:3096} INFO - Sync 2 DAGs
[2026-06-08T12:32:09.056+0000] {logging_mixin.py:188} INFO - [2026-06-08T12:32:09.055+0000] {dag.py:3954} INFO - Setting next_dagrun for example_external_task_marker_child to None, run_after=None
[2026-06-08T12:32:09.058+0000] {logging_mixin.py:188} INFO - [2026-06-08T12:32:09.058+0000] {dag.py:3954} INFO - Setting next_dagrun for example_external_task_marker_parent to None, run_after=None
[2026-06-08T12:32:09.069+0000] {processor.py:183} INFO - Processing /home/airflow/.local/lib/python3.12/site-packages/airflow/example_dags/example_external_task_marker_dag.py took 0.066 seconds
[2026-06-08T12:32:39.674+0000] {processor.py:161} INFO - Started process (PID=1863) to work on /home/airflow/.local/lib/python3.12/site-packages/airflow/example_dags/example_external_task_marker_dag.py
[2026-06-08T12:32:39.675+0000] {processor.py:830} INFO - Processing file /home/airflow/.local/lib/python3.12/site-packages/airflow/example_dags/example_external_task_marker_dag.py for tasks to queue
[2026-06-08T12:32:39.676+0000] {logging_mixin.py:188} INFO - [2026-06-08T12:32:39.676+0000] {dagbag.py:545} INFO - Filling up the DagBag from /home/airflow/.local/lib/python3.12/site-packages/airflow/example_dags/example_external_task_marker_dag.py
[2026-06-08T12:32:39.683+0000] {processor.py:840} INFO - DAG(s) 'example_external_task_marker_child', 'example_external_task_marker_parent' retrieved from /home/airflow/.local/lib/python3.12/site-packages/airflow/example_dags/example_external_task_marker_dag.py
[2026-06-08T12:32:39.708+0000] {logging_mixin.py:188} INFO - [2026-06-08T12:32:39.707+0000] {dag.py:3096} INFO - Sync 2 DAGs
[2026-06-08T12:32:39.723+0000] {logging_mixin.py:188} INFO - [2026-06-08T12:32:39.723+0000] {dag.py:3954} INFO - Setting next_dagrun for example_external_task_marker_child to None, run_after=None
[2026-06-08T12:32:39.727+0000] {logging_mixin.py:188} INFO - [2026-06-08T12:32:39.727+0000] {dag.py:3954} INFO - Setting next_dagrun for example_external_task_marker_parent to None, run_after=None
[2026-06-08T12:32:39.745+0000] {processor.py:183} INFO - Processing /home/airflow/.local/lib/python3.12/site-packages/airflow/example_dags/example_external_task_marker_dag.py took 0.077 seconds
[2026-06-08T12:33:09.844+0000] {processor.py:161} INFO - Started process (PID=1922) to work on /home/airflow/.local/lib/python3.12/site-packages/airflow/example_dags/example_external_task_marker_dag.py
[2026-06-08T12:33:09.845+0000] {processor.py:830} INFO - Processing file /home/airflow/.local/lib/python3.12/site-packages/airflow/example_dags/example_external_task_marker_dag.py for tasks to queue
[2026-06-08T12:33:09.846+0000] {logging_mixin.py:188} INFO - [2026-06-08T12:33:09.846+0000] {dagbag.py:545} INFO - Filling up the DagBag from /home/airflow/.local/lib/python3.12/site-packages/airflow/example_dags/example_external_task_marker_dag.py
[2026-06-08T12:33:09.850+0000] {processor.py:840} INFO - DAG(s) 'example_external_task_marker_parent', 'example_external_task_marker_child' retrieved from /home/airflow/.local/lib/python3.12/site-packages/airflow/example_dags/example_external_task_marker_dag.py
[2026-06-08T12:33:09.870+0000] {logging_mixin.py:188} INFO - [2026-06-08T12:33:09.869+0000] {dag.py:3096} INFO - Sync 2 DAGs
[2026-06-08T12:33:09.878+0000] {logging_mixin.py:188} INFO - [2026-06-08T12:33:09.878+0000] {dag.py:3954} INFO - Setting next_dagrun for example_external_task_marker_child to None, run_after=None
[2026-06-08T12:33:09.880+0000] {logging_mixin.py:188} INFO - [2026-06-08T12:33:09.880+0000] {dag.py:3954} INFO - Setting next_dagrun for example_external_task_marker_parent to None, run_after=None
[2026-06-08T12:33:09.898+0000] {processor.py:183} INFO - Processing /home/airflow/.local/lib/python3.12/site-packages/airflow/example_dags/example_external_task_marker_dag.py took 0.058 seconds
[2026-06-08T12:33:40.930+0000] {processor.py:161} INFO - Started process (PID=1981) to work on /home/airflow/.local/lib/python3.12/site-packages/airflow/example_dags/example_external_task_marker_dag.py
[2026-06-08T12:33:40.930+0000] {processor.py:830} INFO - Processing file /home/airflow/.local/lib/python3.12/site-packages/airflow/example_dags/example_external_task_marker_dag.py for tasks to queue
[2026-06-08T12:33:40.932+0000] {logging_mixin.py:188} INFO - [2026-06-08T12:33:40.931+0000] {dagbag.py:545} INFO - Filling up the DagBag from /home/airflow/.local/lib/python3.12/site-packages/airflow/example_dags/example_external_task_marker_dag.py
[2026-06-08T12:33:40.936+0000] {processor.py:840} INFO - DAG(s) 'example_external_task_marker_parent', 'example_external_task_marker_child' retrieved from /home/airflow/.local/lib/python3.12/site-packages/airflow/example_dags/example_external_task_marker_dag.py
[2026-06-08T12:33:40.959+0000] {logging_mixin.py:188} INFO - [2026-06-08T12:33:40.959+0000] {dag.py:3096} INFO - Sync 2 DAGs
[2026-06-08T12:33:40.969+0000] {logging_mixin.py:188} INFO - [2026-06-08T12:33:40.968+0000] {dag.py:3954} INFO - Setting next_dagrun for example_external_task_marker_child to None, run_after=None
[2026-06-08T12:33:40.972+0000] {logging_mixin.py:188} INFO - [2026-06-08T12:33:40.972+0000] {dag.py:3954} INFO - Setting next_dagrun for example_external_task_marker_parent to None, run_after=None
[2026-06-08T12:33:40.985+0000] {processor.py:183} INFO - Processing /home/airflow/.local/lib/python3.12/site-packages/airflow/example_dags/example_external_task_marker_dag.py took 0.059 seconds
[2026-06-08T12:34:11.827+0000] {processor.py:161} INFO - Started process (PID=2040) to work on /home/airflow/.local/lib/python3.12/site-packages/airflow/example_dags/example_external_task_marker_dag.py
[2026-06-08T12:34:11.828+0000] {processor.py:830} INFO - Processing file /home/airflow/.local/lib/python3.12/site-packages/airflow/example_dags/example_external_task_marker_dag.py for tasks to queue
[2026-06-08T12:34:11.832+0000] {logging_mixin.py:188} INFO - [2026-06-08T12:34:11.831+0000] {dagbag.py:545} INFO - Filling up the DagBag from /home/airflow/.local/lib/python3.12/site-packages/airflow/example_dags/example_external_task_marker_dag.py
[2026-06-08T12:34:11.844+0000] {processor.py:840} INFO - DAG(s) 'example_external_task_marker_child', 'example_external_task_marker_parent' retrieved from /home/airflow/.local/lib/python3.12/site-packages/airflow/example_dags/example_external_task_marker_dag.py
[2026-06-08T12:34:11.864+0000] {logging_mixin.py:188} INFO - [2026-06-08T12:34:11.863+0000] {dag.py:3096} INFO - Sync 2 DAGs
[2026-06-08T12:34:11.873+0000] {logging_mixin.py:188} INFO - [2026-06-08T12:34:11.873+0000] {dag.py:3954} INFO - Setting next_dagrun for example_external_task_marker_child to None, run_after=None
[2026-06-08T12:34:11.875+0000] {logging_mixin.py:188} INFO - [2026-06-08T12:34:11.875+0000] {dag.py:3954} INFO - Setting next_dagrun for example_external_task_marker_parent to None, run_after=None
[2026-06-08T12:34:11.889+0000] {processor.py:183} INFO - Processing /home/airflow/.local/lib/python3.12/site-packages/airflow/example_dags/example_external_task_marker_dag.py took 0.068 seconds
[2026-06-08T12:34:42.954+0000] {processor.py:161} INFO - Started process (PID=2099) to work on /home/airflow/.local/lib/python3.12/site-packages/airflow/example_dags/example_external_task_marker_dag.py
[2026-06-08T12:34:42.955+0000] {processor.py:830} INFO - Processing file /home/airflow/.local/lib/python3.12/site-packages/airflow/example_dags/example_external_task_marker_dag.py for tasks to queue
[2026-06-08T12:34:42.956+0000] {logging_mixin.py:188} INFO - [2026-06-08T12:34:42.956+0000] {dagbag.py:545} INFO - Filling up the DagBag from /home/airflow/.local/lib/python3.12/site-packages/airflow/example_dags/example_external_task_marker_dag.py
[2026-06-08T12:34:43.060+0000] {processor.py:840} INFO - DAG(s) 'example_external_task_marker_parent', 'example_external_task_marker_child' retrieved from /home/airflow/.local/lib/python3.12/site-packages/airflow/example_dags/example_external_task_marker_dag.py
[2026-06-08T12:34:43.082+0000] {logging_mixin.py:188} INFO - [2026-06-08T12:34:43.082+0000] {dag.py:3096} INFO - Sync 2 DAGs
[2026-06-08T12:34:43.090+0000] {logging_mixin.py:188} INFO - [2026-06-08T12:34:43.090+0000] {dag.py:3954} INFO - Setting next_dagrun for example_external_task_marker_child to None, run_after=None
[2026-06-08T12:34:43.093+0000] {logging_mixin.py:188} INFO - [2026-06-08T12:34:43.093+0000] {dag.py:3954} INFO - Setting next_dagrun for example_external_task_marker_parent to None, run_after=None
[2026-06-08T12:34:43.108+0000] {processor.py:183} INFO - Processing /home/airflow/.local/lib/python3.12/site-packages/airflow/example_dags/example_external_task_marker_dag.py took 0.158 seconds
[2026-06-08T12:35:14.009+0000] {processor.py:161} INFO - Started process (PID=2158) to work on /home/airflow/.local/lib/python3.12/site-packages/airflow/example_dags/example_external_task_marker_dag.py
[2026-06-08T12:35:14.009+0000] {processor.py:830} INFO - Processing file /home/airflow/.local/lib/python3.12/site-packages/airflow/example_dags/example_external_task_marker_dag.py for tasks to queue
[2026-06-08T12:35:14.011+0000] {logging_mixin.py:188} INFO - [2026-06-08T12:35:14.011+0000] {dagbag.py:545} INFO - Filling up the DagBag from /home/airflow/.local/lib/python3.12/site-packages/airflow/example_dags/example_external_task_marker_dag.py
[2026-06-08T12:35:14.016+0000] {processor.py:840} INFO - DAG(s) 'example_external_task_marker_parent', 'example_external_task_marker_child' retrieved from /home/airflow/.local/lib/python3.12/site-packages/airflow/example_dags/example_external_task_marker_dag.py
[2026-06-08T12:35:14.040+0000] {logging_mixin.py:188} INFO - [2026-06-08T12:35:14.040+0000] {dag.py:3096} INFO - Sync 2 DAGs
[2026-06-08T12:35:14.048+0000] {logging_mixin.py:188} INFO - [2026-06-08T12:35:14.048+0000] {dag.py:3954} INFO - Setting next_dagrun for example_external_task_marker_child to None, run_after=None
[2026-06-08T12:35:14.051+0000] {logging_mixin.py:188} INFO - [2026-06-08T12:35:14.051+0000] {dag.py:3954} INFO - Setting next_dagrun for example_external_task_marker_parent to None, run_after=None
[2026-06-08T12:35:14.061+0000] {processor.py:183} INFO - Processing /home/airflow/.local/lib/python3.12/site-packages/airflow/example_dags/example_external_task_marker_dag.py took 0.057 seconds
[2026-06-08T12:35:44.541+0000] {processor.py:161} INFO - Started process (PID=2217) to work on /home/airflow/.local/lib/python3.12/site-packages/airflow/example_dags/example_external_task_marker_dag.py
[2026-06-08T12:35:44.542+0000] {processor.py:830} INFO - Processing file /home/airflow/.local/lib/python3.12/site-packages/airflow/example_dags/example_external_task_marker_dag.py for tasks to queue
[2026-06-08T12:35:44.543+0000] {logging_mixin.py:188} INFO - [2026-06-08T12:35:44.543+0000] {dagbag.py:545} INFO - Filling up the DagBag from /home/airflow/.local/lib/python3.12/site-packages/airflow/example_dags/example_external_task_marker_dag.py
[2026-06-08T12:35:44.548+0000] {processor.py:840} INFO - DAG(s) 'example_external_task_marker_parent', 'example_external_task_marker_child' retrieved from /home/airflow/.local/lib/python3.12/site-packages/airflow/example_dags/example_external_task_marker_dag.py
[2026-06-08T12:35:44.568+0000] {logging_mixin.py:188} INFO - [2026-06-08T12:35:44.568+0000] {dag.py:3096} INFO - Sync 2 DAGs
[2026-06-08T12:35:44.580+0000] {logging_mixin.py:188} INFO - [2026-06-08T12:35:44.580+0000] {dag.py:3954} INFO - Setting next_dagrun for example_external_task_marker_child to None, run_after=None
[2026-06-08T12:35:44.583+0000] {logging_mixin.py:188} INFO - [2026-06-08T12:35:44.583+0000] {dag.py:3954} INFO - Setting next_dagrun for example_external_task_marker_parent to None, run_after=None
[2026-06-08T12:35:44.602+0000] {processor.py:183} INFO - Processing /home/airflow/.local/lib/python3.12/site-packages/airflow/example_dags/example_external_task_marker_dag.py took 0.067 seconds
[2026-06-08T12:36:15.158+0000] {processor.py:161} INFO - Started process (PID=2276) to work on /home/airflow/.local/lib/python3.12/site-packages/airflow/example_dags/example_external_task_marker_dag.py
[2026-06-08T12:36:15.158+0000] {processor.py:830} INFO - Processing file /home/airflow/.local/lib/python3.12/site-packages/airflow/example_dags/example_external_task_marker_dag.py for tasks to queue
[2026-06-08T12:36:15.159+0000] {logging_mixin.py:188} INFO - [2026-06-08T12:36:15.159+0000] {dagbag.py:545} INFO - Filling up the DagBag from /home/airflow/.local/lib/python3.12/site-packages/airflow/example_dags/example_external_task_marker_dag.py
[2026-06-08T12:36:15.163+0000] {processor.py:840} INFO - DAG(s) 'example_external_task_marker_parent', 'example_external_task_marker_child' retrieved from /home/airflow/.local/lib/python3.12/site-packages/airflow/example_dags/example_external_task_marker_dag.py
[2026-06-08T12:36:15.181+0000] {logging_mixin.py:188} INFO - [2026-06-08T12:36:15.181+0000] {dag.py:3096} INFO - Sync 2 DAGs
[2026-06-08T12:36:15.192+0000] {logging_mixin.py:188} INFO - [2026-06-08T12:36:15.192+0000] {dag.py:3954} INFO - Setting next_dagrun for example_external_task_marker_child to None, run_after=None
[2026-06-08T12:36:15.194+0000] {logging_mixin.py:188} INFO - [2026-06-08T12:36:15.194+0000] {dag.py:3954} INFO - Setting next_dagrun for example_external_task_marker_parent to None, run_after=None
[2026-06-08T12:36:15.205+0000] {processor.py:183} INFO - Processing /home/airflow/.local/lib/python3.12/site-packages/airflow/example_dags/example_external_task_marker_dag.py took 0.051 seconds
[2026-06-08T12:36:45.736+0000] {processor.py:161} INFO - Started process (PID=2335) to work on /home/airflow/.local/lib/python3.12/site-packages/airflow/example_dags/example_external_task_marker_dag.py
[2026-06-08T12:36:45.737+0000] {processor.py:830} INFO - Processing file /home/airflow/.local/lib/python3.12/site-packages/airflow/example_dags/example_external_task_marker_dag.py for tasks to queue
[2026-06-08T12:36:45.738+0000] {logging_mixin.py:188} INFO - [2026-06-08T12:36:45.738+0000] {dagbag.py:545} INFO - Filling up the DagBag from /home/airflow/.local/lib/python3.12/site-packages/airflow/example_dags/example_external_task_marker_dag.py
[2026-06-08T12:36:45.744+0000] {processor.py:840} INFO - DAG(s) 'example_external_task_marker_child', 'example_external_task_marker_parent' retrieved from /home/airflow/.local/lib/python3.12/site-packages/airflow/example_dags/example_external_task_marker_dag.py
[2026-06-08T12:36:45.765+0000] {logging_mixin.py:188} INFO - [2026-06-08T12:36:45.764+0000] {dag.py:3096} INFO - Sync 2 DAGs
[2026-06-08T12:36:45.781+0000] {logging_mixin.py:188} INFO - [2026-06-08T12:36:45.780+0000] {dag.py:3954} INFO - Setting next_dagrun for example_external_task_marker_child to None, run_after=None
[2026-06-08T12:36:45.785+0000] {logging_mixin.py:188} INFO - [2026-06-08T12:36:45.785+0000] {dag.py:3954} INFO - Setting next_dagrun for example_external_task_marker_parent to None, run_after=None
[2026-06-08T12:36:45.802+0000] {processor.py:183} INFO - Processing /home/airflow/.local/lib/python3.12/site-packages/airflow/example_dags/example_external_task_marker_dag.py took 0.073 seconds
[2026-06-08T12:37:16.038+0000] {processor.py:161} INFO - Started process (PID=2394) to work on /home/airflow/.local/lib/python3.12/site-packages/airflow/example_dags/example_external_task_marker_dag.py
[2026-06-08T12:37:16.039+0000] {processor.py:830} INFO - Processing file /home/airflow/.local/lib/python3.12/site-packages/airflow/example_dags/example_external_task_marker_dag.py for tasks to queue
[2026-06-08T12:37:16.040+0000] {logging_mixin.py:188} INFO - [2026-06-08T12:37:16.039+0000] {dagbag.py:545} INFO - Filling up the DagBag from /home/airflow/.local/lib/python3.12/site-packages/airflow/example_dags/example_external_task_marker_dag.py
[2026-06-08T12:37:16.045+0000] {processor.py:840} INFO - DAG(s) 'example_external_task_marker_parent', 'example_external_task_marker_child' retrieved from /home/airflow/.local/lib/python3.12/site-packages/airflow/example_dags/example_external_task_marker_dag.py
[2026-06-08T12:37:16.064+0000] {logging_mixin.py:188} INFO - [2026-06-08T12:37:16.064+0000] {dag.py:3096} INFO - Sync 2 DAGs
[2026-06-08T12:37:16.076+0000] {logging_mixin.py:188} INFO - [2026-06-08T12:37:16.076+0000] {dag.py:3954} INFO - Setting next_dagrun for example_external_task_marker_child to None, run_after=None
[2026-06-08T12:37:16.079+0000] {logging_mixin.py:188} INFO - [2026-06-08T12:37:16.079+0000] {dag.py:3954} INFO - Setting next_dagrun for example_external_task_marker_parent to None, run_after=None
[2026-06-08T12:37:16.093+0000] {processor.py:183} INFO - Processing /home/airflow/.local/lib/python3.12/site-packages/airflow/example_dags/example_external_task_marker_dag.py took 0.059 seconds
[2026-06-08T12:37:46.312+0000] {processor.py:161} INFO - Started process (PID=2453) to work on /home/airflow/.local/lib/python3.12/site-packages/airflow/example_dags/example_external_task_marker_dag.py
[2026-06-08T12:37:46.313+0000] {processor.py:830} INFO - Processing file /home/airflow/.local/lib/python3.12/site-packages/airflow/example_dags/example_external_task_marker_dag.py for tasks to queue
[2026-06-08T12:37:46.314+0000] {logging_mixin.py:188} INFO - [2026-06-08T12:37:46.314+0000] {dagbag.py:545} INFO - Filling up the DagBag from /home/airflow/.local/lib/python3.12/site-packages/airflow/example_dags/example_external_task_marker_dag.py
[2026-06-08T12:37:46.319+0000] {processor.py:840} INFO - DAG(s) 'example_external_task_marker_parent', 'example_external_task_marker_child' retrieved from /home/airflow/.local/lib/python3.12/site-packages/airflow/example_dags/example_external_task_marker_dag.py
[2026-06-08T12:37:46.341+0000] {logging_mixin.py:188} INFO - [2026-06-08T12:37:46.341+0000] {dag.py:3096} INFO - Sync 2 DAGs
[2026-06-08T12:37:46.349+0000] {logging_mixin.py:188} INFO - [2026-06-08T12:37:46.349+0000] {dag.py:3954} INFO - Setting next_dagrun for example_external_task_marker_child to None, run_after=None
[2026-06-08T12:37:46.352+0000] {logging_mixin.py:188} INFO - [2026-06-08T12:37:46.352+0000] {dag.py:3954} INFO - Setting next_dagrun for example_external_task_marker_parent to None, run_after=None
[2026-06-08T12:37:46.363+0000] {processor.py:183} INFO - Processing /home/airflow/.local/lib/python3.12/site-packages/airflow/example_dags/example_external_task_marker_dag.py took 0.054 seconds
