[2026-06-08T12:17:50.692+0000] {processor.py:161} INFO - Started process (PID=54) to work on /home/airflow/.local/lib/python3.12/site-packages/airflow/example_dags/example_bash_decorator.py
[2026-06-08T12:17:50.693+0000] {processor.py:830} INFO - Processing file /home/airflow/.local/lib/python3.12/site-packages/airflow/example_dags/example_bash_decorator.py for tasks to queue
[2026-06-08T12:17:50.695+0000] {logging_mixin.py:188} INFO - [2026-06-08T12:17:50.695+0000] {dagbag.py:545} INFO - Filling up the DagBag from /home/airflow/.local/lib/python3.12/site-packages/airflow/example_dags/example_bash_decorator.py
[2026-06-08T12:17:50.714+0000] {processor.py:840} INFO - DAG(s) 'example_bash_decorator' retrieved from /home/airflow/.local/lib/python3.12/site-packages/airflow/example_dags/example_bash_decorator.py
[2026-06-08T12:17:50.726+0000] {logging_mixin.py:188} INFO - [2026-06-08T12:17:50.726+0000] {dag.py:3096} INFO - Sync 1 DAGs
[2026-06-08T12:17:50.744+0000] {logging_mixin.py:188} INFO - [2026-06-08T12:17:50.743+0000] {dag.py:3954} INFO - Setting next_dagrun for example_bash_decorator to None, run_after=None
[2026-06-08T12:17:50.765+0000] {processor.py:183} INFO - Processing /home/airflow/.local/lib/python3.12/site-packages/airflow/example_dags/example_bash_decorator.py took 0.079 seconds
[2026-06-08T12:18:21.537+0000] {processor.py:161} INFO - Started process (PID=112) to work on /home/airflow/.local/lib/python3.12/site-packages/airflow/example_dags/example_bash_decorator.py
[2026-06-08T12:18:21.538+0000] {processor.py:830} INFO - Processing file /home/airflow/.local/lib/python3.12/site-packages/airflow/example_dags/example_bash_decorator.py for tasks to queue
[2026-06-08T12:18:21.540+0000] {logging_mixin.py:188} INFO - [2026-06-08T12:18:21.539+0000] {dagbag.py:545} INFO - Filling up the DagBag from /home/airflow/.local/lib/python3.12/site-packages/airflow/example_dags/example_bash_decorator.py
[2026-06-08T12:18:21.550+0000] {processor.py:840} INFO - DAG(s) 'example_bash_decorator' retrieved from /home/airflow/.local/lib/python3.12/site-packages/airflow/example_dags/example_bash_decorator.py
[2026-06-08T12:18:21.625+0000] {logging_mixin.py:188} INFO - [2026-06-08T12:18:21.625+0000] {dag.py:3096} INFO - Sync 1 DAGs
[2026-06-08T12:18:21.631+0000] {logging_mixin.py:188} INFO - [2026-06-08T12:18:21.631+0000] {dag.py:3954} INFO - Setting next_dagrun for example_bash_decorator to None, run_after=None
[2026-06-08T12:18:21.647+0000] {processor.py:183} INFO - Processing /home/airflow/.local/lib/python3.12/site-packages/airflow/example_dags/example_bash_decorator.py took 0.115 seconds
[2026-06-08T12:18:52.076+0000] {processor.py:161} INFO - Started process (PID=176) to work on /home/airflow/.local/lib/python3.12/site-packages/airflow/example_dags/example_bash_decorator.py
[2026-06-08T12:18:52.076+0000] {processor.py:830} INFO - Processing file /home/airflow/.local/lib/python3.12/site-packages/airflow/example_dags/example_bash_decorator.py for tasks to queue
[2026-06-08T12:18:52.077+0000] {logging_mixin.py:188} INFO - [2026-06-08T12:18:52.077+0000] {dagbag.py:545} INFO - Filling up the DagBag from /home/airflow/.local/lib/python3.12/site-packages/airflow/example_dags/example_bash_decorator.py
[2026-06-08T12:18:52.086+0000] {processor.py:840} INFO - DAG(s) 'example_bash_decorator' retrieved from /home/airflow/.local/lib/python3.12/site-packages/airflow/example_dags/example_bash_decorator.py
[2026-06-08T12:18:52.107+0000] {logging_mixin.py:188} INFO - [2026-06-08T12:18:52.106+0000] {dag.py:3096} INFO - Sync 1 DAGs
[2026-06-08T12:18:52.116+0000] {logging_mixin.py:188} INFO - [2026-06-08T12:18:52.116+0000] {dag.py:3954} INFO - Setting next_dagrun for example_bash_decorator to None, run_after=None
[2026-06-08T12:18:52.132+0000] {processor.py:183} INFO - Processing /home/airflow/.local/lib/python3.12/site-packages/airflow/example_dags/example_bash_decorator.py took 0.061 seconds
[2026-06-08T12:19:22.608+0000] {processor.py:161} INFO - Started process (PID=234) to work on /home/airflow/.local/lib/python3.12/site-packages/airflow/example_dags/example_bash_decorator.py
[2026-06-08T12:19:22.609+0000] {processor.py:830} INFO - Processing file /home/airflow/.local/lib/python3.12/site-packages/airflow/example_dags/example_bash_decorator.py for tasks to queue
[2026-06-08T12:19:22.610+0000] {logging_mixin.py:188} INFO - [2026-06-08T12:19:22.610+0000] {dagbag.py:545} INFO - Filling up the DagBag from /home/airflow/.local/lib/python3.12/site-packages/airflow/example_dags/example_bash_decorator.py
[2026-06-08T12:19:22.619+0000] {processor.py:840} INFO - DAG(s) 'example_bash_decorator' retrieved from /home/airflow/.local/lib/python3.12/site-packages/airflow/example_dags/example_bash_decorator.py
[2026-06-08T12:19:22.633+0000] {logging_mixin.py:188} INFO - [2026-06-08T12:19:22.633+0000] {dag.py:3096} INFO - Sync 1 DAGs
[2026-06-08T12:19:22.641+0000] {logging_mixin.py:188} INFO - [2026-06-08T12:19:22.641+0000] {dag.py:3954} INFO - Setting next_dagrun for example_bash_decorator to None, run_after=None
[2026-06-08T12:19:22.653+0000] {processor.py:183} INFO - Processing /home/airflow/.local/lib/python3.12/site-packages/airflow/example_dags/example_bash_decorator.py took 0.053 seconds
[2026-06-08T12:19:53.132+0000] {processor.py:161} INFO - Started process (PID=292) to work on /home/airflow/.local/lib/python3.12/site-packages/airflow/example_dags/example_bash_decorator.py
[2026-06-08T12:19:53.133+0000] {processor.py:830} INFO - Processing file /home/airflow/.local/lib/python3.12/site-packages/airflow/example_dags/example_bash_decorator.py for tasks to queue
[2026-06-08T12:19:53.134+0000] {logging_mixin.py:188} INFO - [2026-06-08T12:19:53.134+0000] {dagbag.py:545} INFO - Filling up the DagBag from /home/airflow/.local/lib/python3.12/site-packages/airflow/example_dags/example_bash_decorator.py
[2026-06-08T12:19:53.144+0000] {processor.py:840} INFO - DAG(s) 'example_bash_decorator' retrieved from /home/airflow/.local/lib/python3.12/site-packages/airflow/example_dags/example_bash_decorator.py
[2026-06-08T12:19:53.164+0000] {logging_mixin.py:188} INFO - [2026-06-08T12:19:53.164+0000] {dag.py:3096} INFO - Sync 1 DAGs
[2026-06-08T12:19:53.173+0000] {logging_mixin.py:188} INFO - [2026-06-08T12:19:53.173+0000] {dag.py:3954} INFO - Setting next_dagrun for example_bash_decorator to None, run_after=None
[2026-06-08T12:19:53.188+0000] {processor.py:183} INFO - Processing /home/airflow/.local/lib/python3.12/site-packages/airflow/example_dags/example_bash_decorator.py took 0.060 seconds
[2026-06-08T12:20:23.411+0000] {processor.py:161} INFO - Started process (PID=350) to work on /home/airflow/.local/lib/python3.12/site-packages/airflow/example_dags/example_bash_decorator.py
[2026-06-08T12:20:23.412+0000] {processor.py:830} INFO - Processing file /home/airflow/.local/lib/python3.12/site-packages/airflow/example_dags/example_bash_decorator.py for tasks to queue
[2026-06-08T12:20:23.413+0000] {logging_mixin.py:188} INFO - [2026-06-08T12:20:23.413+0000] {dagbag.py:545} INFO - Filling up the DagBag from /home/airflow/.local/lib/python3.12/site-packages/airflow/example_dags/example_bash_decorator.py
[2026-06-08T12:20:23.423+0000] {processor.py:840} INFO - DAG(s) 'example_bash_decorator' retrieved from /home/airflow/.local/lib/python3.12/site-packages/airflow/example_dags/example_bash_decorator.py
[2026-06-08T12:20:23.454+0000] {logging_mixin.py:188} INFO - [2026-06-08T12:20:23.453+0000] {dag.py:3096} INFO - Sync 1 DAGs
[2026-06-08T12:20:23.466+0000] {logging_mixin.py:188} INFO - [2026-06-08T12:20:23.466+0000] {dag.py:3954} INFO - Setting next_dagrun for example_bash_decorator to None, run_after=None
[2026-06-08T12:20:23.486+0000] {processor.py:183} INFO - Processing /home/airflow/.local/lib/python3.12/site-packages/airflow/example_dags/example_bash_decorator.py took 0.081 seconds
[2026-06-08T12:20:54.004+0000] {processor.py:161} INFO - Started process (PID=408) to work on /home/airflow/.local/lib/python3.12/site-packages/airflow/example_dags/example_bash_decorator.py
[2026-06-08T12:20:54.005+0000] {processor.py:830} INFO - Processing file /home/airflow/.local/lib/python3.12/site-packages/airflow/example_dags/example_bash_decorator.py for tasks to queue
[2026-06-08T12:20:54.007+0000] {logging_mixin.py:188} INFO - [2026-06-08T12:20:54.007+0000] {dagbag.py:545} INFO - Filling up the DagBag from /home/airflow/.local/lib/python3.12/site-packages/airflow/example_dags/example_bash_decorator.py
[2026-06-08T12:20:54.021+0000] {processor.py:840} INFO - DAG(s) 'example_bash_decorator' retrieved from /home/airflow/.local/lib/python3.12/site-packages/airflow/example_dags/example_bash_decorator.py
[2026-06-08T12:20:54.039+0000] {logging_mixin.py:188} INFO - [2026-06-08T12:20:54.039+0000] {dag.py:3096} INFO - Sync 1 DAGs
[2026-06-08T12:20:54.049+0000] {logging_mixin.py:188} INFO - [2026-06-08T12:20:54.048+0000] {dag.py:3954} INFO - Setting next_dagrun for example_bash_decorator to None, run_after=None
[2026-06-08T12:20:54.067+0000] {processor.py:183} INFO - Processing /home/airflow/.local/lib/python3.12/site-packages/airflow/example_dags/example_bash_decorator.py took 0.070 seconds
[2026-06-08T12:21:24.279+0000] {processor.py:161} INFO - Started process (PID=466) to work on /home/airflow/.local/lib/python3.12/site-packages/airflow/example_dags/example_bash_decorator.py
[2026-06-08T12:21:24.280+0000] {processor.py:830} INFO - Processing file /home/airflow/.local/lib/python3.12/site-packages/airflow/example_dags/example_bash_decorator.py for tasks to queue
[2026-06-08T12:21:24.282+0000] {logging_mixin.py:188} INFO - [2026-06-08T12:21:24.281+0000] {dagbag.py:545} INFO - Filling up the DagBag from /home/airflow/.local/lib/python3.12/site-packages/airflow/example_dags/example_bash_decorator.py
[2026-06-08T12:21:24.294+0000] {processor.py:840} INFO - DAG(s) 'example_bash_decorator' retrieved from /home/airflow/.local/lib/python3.12/site-packages/airflow/example_dags/example_bash_decorator.py
[2026-06-08T12:21:24.316+0000] {logging_mixin.py:188} INFO - [2026-06-08T12:21:24.316+0000] {dag.py:3096} INFO - Sync 1 DAGs
[2026-06-08T12:21:24.327+0000] {logging_mixin.py:188} INFO - [2026-06-08T12:21:24.327+0000] {dag.py:3954} INFO - Setting next_dagrun for example_bash_decorator to None, run_after=None
[2026-06-08T12:21:24.345+0000] {processor.py:183} INFO - Processing /home/airflow/.local/lib/python3.12/site-packages/airflow/example_dags/example_bash_decorator.py took 0.072 seconds
[2026-06-08T12:21:54.819+0000] {processor.py:161} INFO - Started process (PID=546) to work on /home/airflow/.local/lib/python3.12/site-packages/airflow/example_dags/example_bash_decorator.py
[2026-06-08T12:21:54.819+0000] {processor.py:830} INFO - Processing file /home/airflow/.local/lib/python3.12/site-packages/airflow/example_dags/example_bash_decorator.py for tasks to queue
[2026-06-08T12:21:54.821+0000] {logging_mixin.py:188} INFO - [2026-06-08T12:21:54.821+0000] {dagbag.py:545} INFO - Filling up the DagBag from /home/airflow/.local/lib/python3.12/site-packages/airflow/example_dags/example_bash_decorator.py
[2026-06-08T12:21:54.830+0000] {processor.py:840} INFO - DAG(s) 'example_bash_decorator' retrieved from /home/airflow/.local/lib/python3.12/site-packages/airflow/example_dags/example_bash_decorator.py
[2026-06-08T12:21:54.844+0000] {logging_mixin.py:188} INFO - [2026-06-08T12:21:54.844+0000] {dag.py:3096} INFO - Sync 1 DAGs
[2026-06-08T12:21:54.852+0000] {logging_mixin.py:188} INFO - [2026-06-08T12:21:54.852+0000] {dag.py:3954} INFO - Setting next_dagrun for example_bash_decorator to None, run_after=None
[2026-06-08T12:21:54.864+0000] {processor.py:183} INFO - Processing /home/airflow/.local/lib/python3.12/site-packages/airflow/example_dags/example_bash_decorator.py took 0.051 seconds
[2026-06-08T12:22:25.631+0000] {processor.py:161} INFO - Started process (PID=604) to work on /home/airflow/.local/lib/python3.12/site-packages/airflow/example_dags/example_bash_decorator.py
[2026-06-08T12:22:25.632+0000] {processor.py:830} INFO - Processing file /home/airflow/.local/lib/python3.12/site-packages/airflow/example_dags/example_bash_decorator.py for tasks to queue
[2026-06-08T12:22:25.634+0000] {logging_mixin.py:188} INFO - [2026-06-08T12:22:25.634+0000] {dagbag.py:545} INFO - Filling up the DagBag from /home/airflow/.local/lib/python3.12/site-packages/airflow/example_dags/example_bash_decorator.py
[2026-06-08T12:22:25.642+0000] {processor.py:840} INFO - DAG(s) 'example_bash_decorator' retrieved from /home/airflow/.local/lib/python3.12/site-packages/airflow/example_dags/example_bash_decorator.py
[2026-06-08T12:22:25.658+0000] {logging_mixin.py:188} INFO - [2026-06-08T12:22:25.658+0000] {dag.py:3096} INFO - Sync 1 DAGs
[2026-06-08T12:22:25.667+0000] {logging_mixin.py:188} INFO - [2026-06-08T12:22:25.666+0000] {dag.py:3954} INFO - Setting next_dagrun for example_bash_decorator to None, run_after=None
[2026-06-08T12:22:25.690+0000] {processor.py:183} INFO - Processing /home/airflow/.local/lib/python3.12/site-packages/airflow/example_dags/example_bash_decorator.py took 0.067 seconds
[2026-06-08T12:22:56.589+0000] {processor.py:161} INFO - Started process (PID=685) to work on /home/airflow/.local/lib/python3.12/site-packages/airflow/example_dags/example_bash_decorator.py
[2026-06-08T12:22:56.589+0000] {processor.py:830} INFO - Processing file /home/airflow/.local/lib/python3.12/site-packages/airflow/example_dags/example_bash_decorator.py for tasks to queue
[2026-06-08T12:22:56.590+0000] {logging_mixin.py:188} INFO - [2026-06-08T12:22:56.590+0000] {dagbag.py:545} INFO - Filling up the DagBag from /home/airflow/.local/lib/python3.12/site-packages/airflow/example_dags/example_bash_decorator.py
[2026-06-08T12:22:56.598+0000] {processor.py:840} INFO - DAG(s) 'example_bash_decorator' retrieved from /home/airflow/.local/lib/python3.12/site-packages/airflow/example_dags/example_bash_decorator.py
[2026-06-08T12:22:56.606+0000] {logging_mixin.py:188} INFO - [2026-06-08T12:22:56.606+0000] {dag.py:3096} INFO - Sync 1 DAGs
[2026-06-08T12:22:56.615+0000] {logging_mixin.py:188} INFO - [2026-06-08T12:22:56.615+0000] {dag.py:3954} INFO - Setting next_dagrun for example_bash_decorator to None, run_after=None
[2026-06-08T12:22:56.627+0000] {processor.py:183} INFO - Processing /home/airflow/.local/lib/python3.12/site-packages/airflow/example_dags/example_bash_decorator.py took 0.043 seconds
[2026-06-08T12:23:27.210+0000] {processor.py:161} INFO - Started process (PID=765) to work on /home/airflow/.local/lib/python3.12/site-packages/airflow/example_dags/example_bash_decorator.py
[2026-06-08T12:23:27.211+0000] {processor.py:830} INFO - Processing file /home/airflow/.local/lib/python3.12/site-packages/airflow/example_dags/example_bash_decorator.py for tasks to queue
[2026-06-08T12:23:27.213+0000] {logging_mixin.py:188} INFO - [2026-06-08T12:23:27.213+0000] {dagbag.py:545} INFO - Filling up the DagBag from /home/airflow/.local/lib/python3.12/site-packages/airflow/example_dags/example_bash_decorator.py
[2026-06-08T12:23:27.229+0000] {processor.py:840} INFO - DAG(s) 'example_bash_decorator' retrieved from /home/airflow/.local/lib/python3.12/site-packages/airflow/example_dags/example_bash_decorator.py
[2026-06-08T12:23:27.334+0000] {logging_mixin.py:188} INFO - [2026-06-08T12:23:27.334+0000] {dag.py:3096} INFO - Sync 1 DAGs
[2026-06-08T12:23:27.342+0000] {logging_mixin.py:188} INFO - [2026-06-08T12:23:27.342+0000] {dag.py:3954} INFO - Setting next_dagrun for example_bash_decorator to None, run_after=None
[2026-06-08T12:23:27.374+0000] {processor.py:183} INFO - Processing /home/airflow/.local/lib/python3.12/site-packages/airflow/example_dags/example_bash_decorator.py took 0.170 seconds
[2026-06-08T12:23:58.238+0000] {processor.py:161} INFO - Started process (PID=824) to work on /home/airflow/.local/lib/python3.12/site-packages/airflow/example_dags/example_bash_decorator.py
[2026-06-08T12:23:58.239+0000] {processor.py:830} INFO - Processing file /home/airflow/.local/lib/python3.12/site-packages/airflow/example_dags/example_bash_decorator.py for tasks to queue
[2026-06-08T12:23:58.240+0000] {logging_mixin.py:188} INFO - [2026-06-08T12:23:58.240+0000] {dagbag.py:545} INFO - Filling up the DagBag from /home/airflow/.local/lib/python3.12/site-packages/airflow/example_dags/example_bash_decorator.py
[2026-06-08T12:23:58.254+0000] {processor.py:840} INFO - DAG(s) 'example_bash_decorator' retrieved from /home/airflow/.local/lib/python3.12/site-packages/airflow/example_dags/example_bash_decorator.py
[2026-06-08T12:23:58.274+0000] {logging_mixin.py:188} INFO - [2026-06-08T12:23:58.274+0000] {dag.py:3096} INFO - Sync 1 DAGs
[2026-06-08T12:23:58.283+0000] {logging_mixin.py:188} INFO - [2026-06-08T12:23:58.283+0000] {dag.py:3954} INFO - Setting next_dagrun for example_bash_decorator to None, run_after=None
[2026-06-08T12:23:58.294+0000] {processor.py:183} INFO - Processing /home/airflow/.local/lib/python3.12/site-packages/airflow/example_dags/example_bash_decorator.py took 0.063 seconds
[2026-06-08T12:24:28.788+0000] {processor.py:161} INFO - Started process (PID=883) to work on /home/airflow/.local/lib/python3.12/site-packages/airflow/example_dags/example_bash_decorator.py
[2026-06-08T12:24:28.789+0000] {processor.py:830} INFO - Processing file /home/airflow/.local/lib/python3.12/site-packages/airflow/example_dags/example_bash_decorator.py for tasks to queue
[2026-06-08T12:24:28.791+0000] {logging_mixin.py:188} INFO - [2026-06-08T12:24:28.791+0000] {dagbag.py:545} INFO - Filling up the DagBag from /home/airflow/.local/lib/python3.12/site-packages/airflow/example_dags/example_bash_decorator.py
[2026-06-08T12:24:28.801+0000] {processor.py:840} INFO - DAG(s) 'example_bash_decorator' retrieved from /home/airflow/.local/lib/python3.12/site-packages/airflow/example_dags/example_bash_decorator.py
[2026-06-08T12:24:28.820+0000] {logging_mixin.py:188} INFO - [2026-06-08T12:24:28.820+0000] {dag.py:3096} INFO - Sync 1 DAGs
[2026-06-08T12:24:28.828+0000] {logging_mixin.py:188} INFO - [2026-06-08T12:24:28.828+0000] {dag.py:3954} INFO - Setting next_dagrun for example_bash_decorator to None, run_after=None
[2026-06-08T12:24:28.845+0000] {processor.py:183} INFO - Processing /home/airflow/.local/lib/python3.12/site-packages/airflow/example_dags/example_bash_decorator.py took 0.065 seconds
[2026-06-08T12:24:59.325+0000] {processor.py:161} INFO - Started process (PID=942) to work on /home/airflow/.local/lib/python3.12/site-packages/airflow/example_dags/example_bash_decorator.py
[2026-06-08T12:24:59.326+0000] {processor.py:830} INFO - Processing file /home/airflow/.local/lib/python3.12/site-packages/airflow/example_dags/example_bash_decorator.py for tasks to queue
[2026-06-08T12:24:59.327+0000] {logging_mixin.py:188} INFO - [2026-06-08T12:24:59.327+0000] {dagbag.py:545} INFO - Filling up the DagBag from /home/airflow/.local/lib/python3.12/site-packages/airflow/example_dags/example_bash_decorator.py
[2026-06-08T12:24:59.338+0000] {processor.py:840} INFO - DAG(s) 'example_bash_decorator' retrieved from /home/airflow/.local/lib/python3.12/site-packages/airflow/example_dags/example_bash_decorator.py
[2026-06-08T12:24:59.359+0000] {logging_mixin.py:188} INFO - [2026-06-08T12:24:59.359+0000] {dag.py:3096} INFO - Sync 1 DAGs
[2026-06-08T12:24:59.371+0000] {logging_mixin.py:188} INFO - [2026-06-08T12:24:59.370+0000] {dag.py:3954} INFO - Setting next_dagrun for example_bash_decorator to None, run_after=None
[2026-06-08T12:24:59.389+0000] {processor.py:183} INFO - Processing /home/airflow/.local/lib/python3.12/site-packages/airflow/example_dags/example_bash_decorator.py took 0.068 seconds
[2026-06-08T12:25:29.940+0000] {processor.py:161} INFO - Started process (PID=1002) to work on /home/airflow/.local/lib/python3.12/site-packages/airflow/example_dags/example_bash_decorator.py
[2026-06-08T12:25:29.941+0000] {processor.py:830} INFO - Processing file /home/airflow/.local/lib/python3.12/site-packages/airflow/example_dags/example_bash_decorator.py for tasks to queue
[2026-06-08T12:25:29.942+0000] {logging_mixin.py:188} INFO - [2026-06-08T12:25:29.942+0000] {dagbag.py:545} INFO - Filling up the DagBag from /home/airflow/.local/lib/python3.12/site-packages/airflow/example_dags/example_bash_decorator.py
[2026-06-08T12:25:29.958+0000] {processor.py:840} INFO - DAG(s) 'example_bash_decorator' retrieved from /home/airflow/.local/lib/python3.12/site-packages/airflow/example_dags/example_bash_decorator.py
[2026-06-08T12:25:29.977+0000] {logging_mixin.py:188} INFO - [2026-06-08T12:25:29.977+0000] {dag.py:3096} INFO - Sync 1 DAGs
[2026-06-08T12:25:29.986+0000] {logging_mixin.py:188} INFO - [2026-06-08T12:25:29.985+0000] {dag.py:3954} INFO - Setting next_dagrun for example_bash_decorator to None, run_after=None
[2026-06-08T12:25:30.002+0000] {processor.py:183} INFO - Processing /home/airflow/.local/lib/python3.12/site-packages/airflow/example_dags/example_bash_decorator.py took 0.070 seconds
[2026-06-08T12:26:00.274+0000] {processor.py:161} INFO - Started process (PID=1061) to work on /home/airflow/.local/lib/python3.12/site-packages/airflow/example_dags/example_bash_decorator.py
[2026-06-08T12:26:00.275+0000] {processor.py:830} INFO - Processing file /home/airflow/.local/lib/python3.12/site-packages/airflow/example_dags/example_bash_decorator.py for tasks to queue
[2026-06-08T12:26:00.276+0000] {logging_mixin.py:188} INFO - [2026-06-08T12:26:00.275+0000] {dagbag.py:545} INFO - Filling up the DagBag from /home/airflow/.local/lib/python3.12/site-packages/airflow/example_dags/example_bash_decorator.py
[2026-06-08T12:26:00.284+0000] {processor.py:840} INFO - DAG(s) 'example_bash_decorator' retrieved from /home/airflow/.local/lib/python3.12/site-packages/airflow/example_dags/example_bash_decorator.py
[2026-06-08T12:26:00.306+0000] {logging_mixin.py:188} INFO - [2026-06-08T12:26:00.306+0000] {dag.py:3096} INFO - Sync 1 DAGs
[2026-06-08T12:26:00.317+0000] {logging_mixin.py:188} INFO - [2026-06-08T12:26:00.317+0000] {dag.py:3954} INFO - Setting next_dagrun for example_bash_decorator to None, run_after=None
[2026-06-08T12:26:00.335+0000] {processor.py:183} INFO - Processing /home/airflow/.local/lib/python3.12/site-packages/airflow/example_dags/example_bash_decorator.py took 0.066 seconds
[2026-06-08T12:26:30.657+0000] {processor.py:161} INFO - Started process (PID=1120) to work on /home/airflow/.local/lib/python3.12/site-packages/airflow/example_dags/example_bash_decorator.py
[2026-06-08T12:26:30.658+0000] {processor.py:830} INFO - Processing file /home/airflow/.local/lib/python3.12/site-packages/airflow/example_dags/example_bash_decorator.py for tasks to queue
[2026-06-08T12:26:30.659+0000] {logging_mixin.py:188} INFO - [2026-06-08T12:26:30.659+0000] {dagbag.py:545} INFO - Filling up the DagBag from /home/airflow/.local/lib/python3.12/site-packages/airflow/example_dags/example_bash_decorator.py
[2026-06-08T12:26:30.667+0000] {processor.py:840} INFO - DAG(s) 'example_bash_decorator' retrieved from /home/airflow/.local/lib/python3.12/site-packages/airflow/example_dags/example_bash_decorator.py
[2026-06-08T12:26:30.686+0000] {logging_mixin.py:188} INFO - [2026-06-08T12:26:30.686+0000] {dag.py:3096} INFO - Sync 1 DAGs
[2026-06-08T12:26:30.698+0000] {logging_mixin.py:188} INFO - [2026-06-08T12:26:30.697+0000] {dag.py:3954} INFO - Setting next_dagrun for example_bash_decorator to None, run_after=None
[2026-06-08T12:26:30.714+0000] {processor.py:183} INFO - Processing /home/airflow/.local/lib/python3.12/site-packages/airflow/example_dags/example_bash_decorator.py took 0.062 seconds
[2026-06-08T12:27:01.253+0000] {processor.py:161} INFO - Started process (PID=1179) to work on /home/airflow/.local/lib/python3.12/site-packages/airflow/example_dags/example_bash_decorator.py
[2026-06-08T12:27:01.257+0000] {processor.py:830} INFO - Processing file /home/airflow/.local/lib/python3.12/site-packages/airflow/example_dags/example_bash_decorator.py for tasks to queue
[2026-06-08T12:27:01.258+0000] {logging_mixin.py:188} INFO - [2026-06-08T12:27:01.258+0000] {dagbag.py:545} INFO - Filling up the DagBag from /home/airflow/.local/lib/python3.12/site-packages/airflow/example_dags/example_bash_decorator.py
[2026-06-08T12:27:01.268+0000] {processor.py:840} INFO - DAG(s) 'example_bash_decorator' retrieved from /home/airflow/.local/lib/python3.12/site-packages/airflow/example_dags/example_bash_decorator.py
[2026-06-08T12:27:01.288+0000] {logging_mixin.py:188} INFO - [2026-06-08T12:27:01.288+0000] {dag.py:3096} INFO - Sync 1 DAGs
[2026-06-08T12:27:01.296+0000] {logging_mixin.py:188} INFO - [2026-06-08T12:27:01.296+0000] {dag.py:3954} INFO - Setting next_dagrun for example_bash_decorator to None, run_after=None
[2026-06-08T12:27:01.308+0000] {processor.py:183} INFO - Processing /home/airflow/.local/lib/python3.12/site-packages/airflow/example_dags/example_bash_decorator.py took 0.063 seconds
[2026-06-08T12:27:31.649+0000] {processor.py:161} INFO - Started process (PID=1238) to work on /home/airflow/.local/lib/python3.12/site-packages/airflow/example_dags/example_bash_decorator.py
[2026-06-08T12:27:31.651+0000] {processor.py:830} INFO - Processing file /home/airflow/.local/lib/python3.12/site-packages/airflow/example_dags/example_bash_decorator.py for tasks to queue
[2026-06-08T12:27:31.652+0000] {logging_mixin.py:188} INFO - [2026-06-08T12:27:31.652+0000] {dagbag.py:545} INFO - Filling up the DagBag from /home/airflow/.local/lib/python3.12/site-packages/airflow/example_dags/example_bash_decorator.py
[2026-06-08T12:27:31.661+0000] {processor.py:840} INFO - DAG(s) 'example_bash_decorator' retrieved from /home/airflow/.local/lib/python3.12/site-packages/airflow/example_dags/example_bash_decorator.py
[2026-06-08T12:27:31.689+0000] {logging_mixin.py:188} INFO - [2026-06-08T12:27:31.689+0000] {dag.py:3096} INFO - Sync 1 DAGs
[2026-06-08T12:27:31.702+0000] {logging_mixin.py:188} INFO - [2026-06-08T12:27:31.702+0000] {dag.py:3954} INFO - Setting next_dagrun for example_bash_decorator to None, run_after=None
[2026-06-08T12:27:31.726+0000] {processor.py:183} INFO - Processing /home/airflow/.local/lib/python3.12/site-packages/airflow/example_dags/example_bash_decorator.py took 0.083 seconds
[2026-06-08T12:28:02.215+0000] {processor.py:161} INFO - Started process (PID=1297) to work on /home/airflow/.local/lib/python3.12/site-packages/airflow/example_dags/example_bash_decorator.py
[2026-06-08T12:28:02.216+0000] {processor.py:830} INFO - Processing file /home/airflow/.local/lib/python3.12/site-packages/airflow/example_dags/example_bash_decorator.py for tasks to queue
[2026-06-08T12:28:02.218+0000] {logging_mixin.py:188} INFO - [2026-06-08T12:28:02.218+0000] {dagbag.py:545} INFO - Filling up the DagBag from /home/airflow/.local/lib/python3.12/site-packages/airflow/example_dags/example_bash_decorator.py
[2026-06-08T12:28:02.228+0000] {processor.py:840} INFO - DAG(s) 'example_bash_decorator' retrieved from /home/airflow/.local/lib/python3.12/site-packages/airflow/example_dags/example_bash_decorator.py
[2026-06-08T12:28:02.245+0000] {logging_mixin.py:188} INFO - [2026-06-08T12:28:02.245+0000] {dag.py:3096} INFO - Sync 1 DAGs
[2026-06-08T12:28:02.253+0000] {logging_mixin.py:188} INFO - [2026-06-08T12:28:02.253+0000] {dag.py:3954} INFO - Setting next_dagrun for example_bash_decorator to None, run_after=None
[2026-06-08T12:28:02.265+0000] {processor.py:183} INFO - Processing /home/airflow/.local/lib/python3.12/site-packages/airflow/example_dags/example_bash_decorator.py took 0.059 seconds
[2026-06-08T12:28:32.959+0000] {processor.py:161} INFO - Started process (PID=1357) to work on /home/airflow/.local/lib/python3.12/site-packages/airflow/example_dags/example_bash_decorator.py
[2026-06-08T12:28:32.960+0000] {processor.py:830} INFO - Processing file /home/airflow/.local/lib/python3.12/site-packages/airflow/example_dags/example_bash_decorator.py for tasks to queue
[2026-06-08T12:28:32.962+0000] {logging_mixin.py:188} INFO - [2026-06-08T12:28:32.961+0000] {dagbag.py:545} INFO - Filling up the DagBag from /home/airflow/.local/lib/python3.12/site-packages/airflow/example_dags/example_bash_decorator.py
[2026-06-08T12:28:32.971+0000] {processor.py:840} INFO - DAG(s) 'example_bash_decorator' retrieved from /home/airflow/.local/lib/python3.12/site-packages/airflow/example_dags/example_bash_decorator.py
[2026-06-08T12:28:32.988+0000] {logging_mixin.py:188} INFO - [2026-06-08T12:28:32.988+0000] {dag.py:3096} INFO - Sync 1 DAGs
[2026-06-08T12:28:32.997+0000] {logging_mixin.py:188} INFO - [2026-06-08T12:28:32.997+0000] {dag.py:3954} INFO - Setting next_dagrun for example_bash_decorator to None, run_after=None
[2026-06-08T12:28:33.020+0000] {processor.py:183} INFO - Processing /home/airflow/.local/lib/python3.12/site-packages/airflow/example_dags/example_bash_decorator.py took 0.066 seconds
[2026-06-08T12:29:03.189+0000] {processor.py:161} INFO - Started process (PID=1416) to work on /home/airflow/.local/lib/python3.12/site-packages/airflow/example_dags/example_bash_decorator.py
[2026-06-08T12:29:03.190+0000] {processor.py:830} INFO - Processing file /home/airflow/.local/lib/python3.12/site-packages/airflow/example_dags/example_bash_decorator.py for tasks to queue
[2026-06-08T12:29:03.191+0000] {logging_mixin.py:188} INFO - [2026-06-08T12:29:03.191+0000] {dagbag.py:545} INFO - Filling up the DagBag from /home/airflow/.local/lib/python3.12/site-packages/airflow/example_dags/example_bash_decorator.py
[2026-06-08T12:29:03.202+0000] {processor.py:840} INFO - DAG(s) 'example_bash_decorator' retrieved from /home/airflow/.local/lib/python3.12/site-packages/airflow/example_dags/example_bash_decorator.py
[2026-06-08T12:29:03.223+0000] {logging_mixin.py:188} INFO - [2026-06-08T12:29:03.223+0000] {dag.py:3096} INFO - Sync 1 DAGs
[2026-06-08T12:29:03.231+0000] {logging_mixin.py:188} INFO - [2026-06-08T12:29:03.231+0000] {dag.py:3954} INFO - Setting next_dagrun for example_bash_decorator to None, run_after=None
[2026-06-08T12:29:03.244+0000] {processor.py:183} INFO - Processing /home/airflow/.local/lib/python3.12/site-packages/airflow/example_dags/example_bash_decorator.py took 0.059 seconds
[2026-06-08T12:29:33.530+0000] {processor.py:161} INFO - Started process (PID=1475) to work on /home/airflow/.local/lib/python3.12/site-packages/airflow/example_dags/example_bash_decorator.py
[2026-06-08T12:29:33.531+0000] {processor.py:830} INFO - Processing file /home/airflow/.local/lib/python3.12/site-packages/airflow/example_dags/example_bash_decorator.py for tasks to queue
[2026-06-08T12:29:33.533+0000] {logging_mixin.py:188} INFO - [2026-06-08T12:29:33.532+0000] {dagbag.py:545} INFO - Filling up the DagBag from /home/airflow/.local/lib/python3.12/site-packages/airflow/example_dags/example_bash_decorator.py
[2026-06-08T12:29:33.543+0000] {processor.py:840} INFO - DAG(s) 'example_bash_decorator' retrieved from /home/airflow/.local/lib/python3.12/site-packages/airflow/example_dags/example_bash_decorator.py
[2026-06-08T12:29:33.562+0000] {logging_mixin.py:188} INFO - [2026-06-08T12:29:33.562+0000] {dag.py:3096} INFO - Sync 1 DAGs
[2026-06-08T12:29:33.573+0000] {logging_mixin.py:188} INFO - [2026-06-08T12:29:33.573+0000] {dag.py:3954} INFO - Setting next_dagrun for example_bash_decorator to None, run_after=None
[2026-06-08T12:29:33.592+0000] {processor.py:183} INFO - Processing /home/airflow/.local/lib/python3.12/site-packages/airflow/example_dags/example_bash_decorator.py took 0.068 seconds
[2026-06-08T12:30:04.197+0000] {processor.py:161} INFO - Started process (PID=1534) to work on /home/airflow/.local/lib/python3.12/site-packages/airflow/example_dags/example_bash_decorator.py
[2026-06-08T12:30:04.200+0000] {processor.py:830} INFO - Processing file /home/airflow/.local/lib/python3.12/site-packages/airflow/example_dags/example_bash_decorator.py for tasks to queue
[2026-06-08T12:30:04.203+0000] {logging_mixin.py:188} INFO - [2026-06-08T12:30:04.202+0000] {dagbag.py:545} INFO - Filling up the DagBag from /home/airflow/.local/lib/python3.12/site-packages/airflow/example_dags/example_bash_decorator.py
[2026-06-08T12:30:04.218+0000] {processor.py:840} INFO - DAG(s) 'example_bash_decorator' retrieved from /home/airflow/.local/lib/python3.12/site-packages/airflow/example_dags/example_bash_decorator.py
[2026-06-08T12:30:04.245+0000] {logging_mixin.py:188} INFO - [2026-06-08T12:30:04.245+0000] {dag.py:3096} INFO - Sync 1 DAGs
[2026-06-08T12:30:04.253+0000] {logging_mixin.py:188} INFO - [2026-06-08T12:30:04.253+0000] {dag.py:3954} INFO - Setting next_dagrun for example_bash_decorator to None, run_after=None
[2026-06-08T12:30:04.266+0000] {processor.py:183} INFO - Processing /home/airflow/.local/lib/python3.12/site-packages/airflow/example_dags/example_bash_decorator.py took 0.075 seconds
[2026-06-08T12:30:34.754+0000] {processor.py:161} INFO - Started process (PID=1593) to work on /home/airflow/.local/lib/python3.12/site-packages/airflow/example_dags/example_bash_decorator.py
[2026-06-08T12:30:34.754+0000] {processor.py:830} INFO - Processing file /home/airflow/.local/lib/python3.12/site-packages/airflow/example_dags/example_bash_decorator.py for tasks to queue
[2026-06-08T12:30:34.755+0000] {logging_mixin.py:188} INFO - [2026-06-08T12:30:34.755+0000] {dagbag.py:545} INFO - Filling up the DagBag from /home/airflow/.local/lib/python3.12/site-packages/airflow/example_dags/example_bash_decorator.py
[2026-06-08T12:30:34.763+0000] {processor.py:840} INFO - DAG(s) 'example_bash_decorator' retrieved from /home/airflow/.local/lib/python3.12/site-packages/airflow/example_dags/example_bash_decorator.py
[2026-06-08T12:30:34.786+0000] {logging_mixin.py:188} INFO - [2026-06-08T12:30:34.786+0000] {dag.py:3096} INFO - Sync 1 DAGs
[2026-06-08T12:30:34.801+0000] {logging_mixin.py:188} INFO - [2026-06-08T12:30:34.800+0000] {dag.py:3954} INFO - Setting next_dagrun for example_bash_decorator to None, run_after=None
[2026-06-08T12:30:34.827+0000] {processor.py:183} INFO - Processing /home/airflow/.local/lib/python3.12/site-packages/airflow/example_dags/example_bash_decorator.py took 0.078 seconds
[2026-06-08T12:31:05.434+0000] {processor.py:161} INFO - Started process (PID=1652) to work on /home/airflow/.local/lib/python3.12/site-packages/airflow/example_dags/example_bash_decorator.py
[2026-06-08T12:31:05.435+0000] {processor.py:830} INFO - Processing file /home/airflow/.local/lib/python3.12/site-packages/airflow/example_dags/example_bash_decorator.py for tasks to queue
[2026-06-08T12:31:05.436+0000] {logging_mixin.py:188} INFO - [2026-06-08T12:31:05.436+0000] {dagbag.py:545} INFO - Filling up the DagBag from /home/airflow/.local/lib/python3.12/site-packages/airflow/example_dags/example_bash_decorator.py
[2026-06-08T12:31:05.446+0000] {processor.py:840} INFO - DAG(s) 'example_bash_decorator' retrieved from /home/airflow/.local/lib/python3.12/site-packages/airflow/example_dags/example_bash_decorator.py
[2026-06-08T12:31:05.461+0000] {logging_mixin.py:188} INFO - [2026-06-08T12:31:05.461+0000] {dag.py:3096} INFO - Sync 1 DAGs
[2026-06-08T12:31:05.469+0000] {logging_mixin.py:188} INFO - [2026-06-08T12:31:05.469+0000] {dag.py:3954} INFO - Setting next_dagrun for example_bash_decorator to None, run_after=None
[2026-06-08T12:31:05.484+0000] {processor.py:183} INFO - Processing /home/airflow/.local/lib/python3.12/site-packages/airflow/example_dags/example_bash_decorator.py took 0.053 seconds
[2026-06-08T12:31:35.889+0000] {processor.py:161} INFO - Started process (PID=1711) to work on /home/airflow/.local/lib/python3.12/site-packages/airflow/example_dags/example_bash_decorator.py
[2026-06-08T12:31:35.890+0000] {processor.py:830} INFO - Processing file /home/airflow/.local/lib/python3.12/site-packages/airflow/example_dags/example_bash_decorator.py for tasks to queue
[2026-06-08T12:31:35.892+0000] {logging_mixin.py:188} INFO - [2026-06-08T12:31:35.891+0000] {dagbag.py:545} INFO - Filling up the DagBag from /home/airflow/.local/lib/python3.12/site-packages/airflow/example_dags/example_bash_decorator.py
[2026-06-08T12:31:35.900+0000] {processor.py:840} INFO - DAG(s) 'example_bash_decorator' retrieved from /home/airflow/.local/lib/python3.12/site-packages/airflow/example_dags/example_bash_decorator.py
[2026-06-08T12:31:35.921+0000] {logging_mixin.py:188} INFO - [2026-06-08T12:31:35.921+0000] {dag.py:3096} INFO - Sync 1 DAGs
[2026-06-08T12:31:35.929+0000] {logging_mixin.py:188} INFO - [2026-06-08T12:31:35.929+0000] {dag.py:3954} INFO - Setting next_dagrun for example_bash_decorator to None, run_after=None
[2026-06-08T12:31:35.953+0000] {processor.py:183} INFO - Processing /home/airflow/.local/lib/python3.12/site-packages/airflow/example_dags/example_bash_decorator.py took 0.070 seconds
[2026-06-08T12:32:06.192+0000] {processor.py:161} INFO - Started process (PID=1770) to work on /home/airflow/.local/lib/python3.12/site-packages/airflow/example_dags/example_bash_decorator.py
[2026-06-08T12:32:06.196+0000] {processor.py:830} INFO - Processing file /home/airflow/.local/lib/python3.12/site-packages/airflow/example_dags/example_bash_decorator.py for tasks to queue
[2026-06-08T12:32:06.197+0000] {logging_mixin.py:188} INFO - [2026-06-08T12:32:06.197+0000] {dagbag.py:545} INFO - Filling up the DagBag from /home/airflow/.local/lib/python3.12/site-packages/airflow/example_dags/example_bash_decorator.py
[2026-06-08T12:32:06.206+0000] {processor.py:840} INFO - DAG(s) 'example_bash_decorator' retrieved from /home/airflow/.local/lib/python3.12/site-packages/airflow/example_dags/example_bash_decorator.py
[2026-06-08T12:32:06.222+0000] {logging_mixin.py:188} INFO - [2026-06-08T12:32:06.222+0000] {dag.py:3096} INFO - Sync 1 DAGs
[2026-06-08T12:32:06.233+0000] {logging_mixin.py:188} INFO - [2026-06-08T12:32:06.233+0000] {dag.py:3954} INFO - Setting next_dagrun for example_bash_decorator to None, run_after=None
[2026-06-08T12:32:06.249+0000] {processor.py:183} INFO - Processing /home/airflow/.local/lib/python3.12/site-packages/airflow/example_dags/example_bash_decorator.py took 0.062 seconds
[2026-06-08T12:32:36.855+0000] {processor.py:161} INFO - Started process (PID=1829) to work on /home/airflow/.local/lib/python3.12/site-packages/airflow/example_dags/example_bash_decorator.py
[2026-06-08T12:32:36.856+0000] {processor.py:830} INFO - Processing file /home/airflow/.local/lib/python3.12/site-packages/airflow/example_dags/example_bash_decorator.py for tasks to queue
[2026-06-08T12:32:36.857+0000] {logging_mixin.py:188} INFO - [2026-06-08T12:32:36.857+0000] {dagbag.py:545} INFO - Filling up the DagBag from /home/airflow/.local/lib/python3.12/site-packages/airflow/example_dags/example_bash_decorator.py
[2026-06-08T12:32:36.869+0000] {processor.py:840} INFO - DAG(s) 'example_bash_decorator' retrieved from /home/airflow/.local/lib/python3.12/site-packages/airflow/example_dags/example_bash_decorator.py
[2026-06-08T12:32:36.888+0000] {logging_mixin.py:188} INFO - [2026-06-08T12:32:36.888+0000] {dag.py:3096} INFO - Sync 1 DAGs
[2026-06-08T12:32:36.899+0000] {logging_mixin.py:188} INFO - [2026-06-08T12:32:36.899+0000] {dag.py:3954} INFO - Setting next_dagrun for example_bash_decorator to None, run_after=None
[2026-06-08T12:32:36.915+0000] {processor.py:183} INFO - Processing /home/airflow/.local/lib/python3.12/site-packages/airflow/example_dags/example_bash_decorator.py took 0.067 seconds
[2026-06-08T12:33:06.990+0000] {processor.py:161} INFO - Started process (PID=1888) to work on /home/airflow/.local/lib/python3.12/site-packages/airflow/example_dags/example_bash_decorator.py
[2026-06-08T12:33:06.991+0000] {processor.py:830} INFO - Processing file /home/airflow/.local/lib/python3.12/site-packages/airflow/example_dags/example_bash_decorator.py for tasks to queue
[2026-06-08T12:33:06.993+0000] {logging_mixin.py:188} INFO - [2026-06-08T12:33:06.992+0000] {dagbag.py:545} INFO - Filling up the DagBag from /home/airflow/.local/lib/python3.12/site-packages/airflow/example_dags/example_bash_decorator.py
[2026-06-08T12:33:07.007+0000] {processor.py:840} INFO - DAG(s) 'example_bash_decorator' retrieved from /home/airflow/.local/lib/python3.12/site-packages/airflow/example_dags/example_bash_decorator.py
[2026-06-08T12:33:07.027+0000] {logging_mixin.py:188} INFO - [2026-06-08T12:33:07.027+0000] {dag.py:3096} INFO - Sync 1 DAGs
[2026-06-08T12:33:07.035+0000] {logging_mixin.py:188} INFO - [2026-06-08T12:33:07.035+0000] {dag.py:3954} INFO - Setting next_dagrun for example_bash_decorator to None, run_after=None
[2026-06-08T12:33:07.047+0000] {processor.py:183} INFO - Processing /home/airflow/.local/lib/python3.12/site-packages/airflow/example_dags/example_bash_decorator.py took 0.065 seconds
[2026-06-08T12:33:37.234+0000] {processor.py:161} INFO - Started process (PID=1947) to work on /home/airflow/.local/lib/python3.12/site-packages/airflow/example_dags/example_bash_decorator.py
[2026-06-08T12:33:37.235+0000] {processor.py:830} INFO - Processing file /home/airflow/.local/lib/python3.12/site-packages/airflow/example_dags/example_bash_decorator.py for tasks to queue
[2026-06-08T12:33:37.236+0000] {logging_mixin.py:188} INFO - [2026-06-08T12:33:37.236+0000] {dagbag.py:545} INFO - Filling up the DagBag from /home/airflow/.local/lib/python3.12/site-packages/airflow/example_dags/example_bash_decorator.py
[2026-06-08T12:33:37.244+0000] {processor.py:840} INFO - DAG(s) 'example_bash_decorator' retrieved from /home/airflow/.local/lib/python3.12/site-packages/airflow/example_dags/example_bash_decorator.py
[2026-06-08T12:33:37.270+0000] {logging_mixin.py:188} INFO - [2026-06-08T12:33:37.270+0000] {dag.py:3096} INFO - Sync 1 DAGs
[2026-06-08T12:33:37.284+0000] {logging_mixin.py:188} INFO - [2026-06-08T12:33:37.283+0000] {dag.py:3954} INFO - Setting next_dagrun for example_bash_decorator to None, run_after=None
[2026-06-08T12:33:37.302+0000] {processor.py:183} INFO - Processing /home/airflow/.local/lib/python3.12/site-packages/airflow/example_dags/example_bash_decorator.py took 0.072 seconds
[2026-06-08T12:34:07.802+0000] {processor.py:161} INFO - Started process (PID=2006) to work on /home/airflow/.local/lib/python3.12/site-packages/airflow/example_dags/example_bash_decorator.py
[2026-06-08T12:34:07.803+0000] {processor.py:830} INFO - Processing file /home/airflow/.local/lib/python3.12/site-packages/airflow/example_dags/example_bash_decorator.py for tasks to queue
[2026-06-08T12:34:07.804+0000] {logging_mixin.py:188} INFO - [2026-06-08T12:34:07.804+0000] {dagbag.py:545} INFO - Filling up the DagBag from /home/airflow/.local/lib/python3.12/site-packages/airflow/example_dags/example_bash_decorator.py
[2026-06-08T12:34:07.812+0000] {processor.py:840} INFO - DAG(s) 'example_bash_decorator' retrieved from /home/airflow/.local/lib/python3.12/site-packages/airflow/example_dags/example_bash_decorator.py
[2026-06-08T12:34:07.827+0000] {logging_mixin.py:188} INFO - [2026-06-08T12:34:07.827+0000] {dag.py:3096} INFO - Sync 1 DAGs
[2026-06-08T12:34:07.937+0000] {logging_mixin.py:188} INFO - [2026-06-08T12:34:07.937+0000] {dag.py:3954} INFO - Setting next_dagrun for example_bash_decorator to None, run_after=None
[2026-06-08T12:34:07.959+0000] {processor.py:183} INFO - Processing /home/airflow/.local/lib/python3.12/site-packages/airflow/example_dags/example_bash_decorator.py took 0.161 seconds
[2026-06-08T12:34:38.918+0000] {processor.py:161} INFO - Started process (PID=2065) to work on /home/airflow/.local/lib/python3.12/site-packages/airflow/example_dags/example_bash_decorator.py
[2026-06-08T12:34:38.924+0000] {processor.py:830} INFO - Processing file /home/airflow/.local/lib/python3.12/site-packages/airflow/example_dags/example_bash_decorator.py for tasks to queue
[2026-06-08T12:34:38.925+0000] {logging_mixin.py:188} INFO - [2026-06-08T12:34:38.925+0000] {dagbag.py:545} INFO - Filling up the DagBag from /home/airflow/.local/lib/python3.12/site-packages/airflow/example_dags/example_bash_decorator.py
[2026-06-08T12:34:38.934+0000] {processor.py:840} INFO - DAG(s) 'example_bash_decorator' retrieved from /home/airflow/.local/lib/python3.12/site-packages/airflow/example_dags/example_bash_decorator.py
[2026-06-08T12:34:38.958+0000] {logging_mixin.py:188} INFO - [2026-06-08T12:34:38.958+0000] {dag.py:3096} INFO - Sync 1 DAGs
[2026-06-08T12:34:38.968+0000] {logging_mixin.py:188} INFO - [2026-06-08T12:34:38.968+0000] {dag.py:3954} INFO - Setting next_dagrun for example_bash_decorator to None, run_after=None
[2026-06-08T12:34:38.980+0000] {processor.py:183} INFO - Processing /home/airflow/.local/lib/python3.12/site-packages/airflow/example_dags/example_bash_decorator.py took 0.066 seconds
[2026-06-08T12:35:09.503+0000] {processor.py:161} INFO - Started process (PID=2124) to work on /home/airflow/.local/lib/python3.12/site-packages/airflow/example_dags/example_bash_decorator.py
[2026-06-08T12:35:09.507+0000] {processor.py:830} INFO - Processing file /home/airflow/.local/lib/python3.12/site-packages/airflow/example_dags/example_bash_decorator.py for tasks to queue
[2026-06-08T12:35:09.510+0000] {logging_mixin.py:188} INFO - [2026-06-08T12:35:09.509+0000] {dagbag.py:545} INFO - Filling up the DagBag from /home/airflow/.local/lib/python3.12/site-packages/airflow/example_dags/example_bash_decorator.py
[2026-06-08T12:35:09.526+0000] {processor.py:840} INFO - DAG(s) 'example_bash_decorator' retrieved from /home/airflow/.local/lib/python3.12/site-packages/airflow/example_dags/example_bash_decorator.py
[2026-06-08T12:35:09.557+0000] {logging_mixin.py:188} INFO - [2026-06-08T12:35:09.557+0000] {dag.py:3096} INFO - Sync 1 DAGs
[2026-06-08T12:35:09.566+0000] {logging_mixin.py:188} INFO - [2026-06-08T12:35:09.566+0000] {dag.py:3954} INFO - Setting next_dagrun for example_bash_decorator to None, run_after=None
[2026-06-08T12:35:09.578+0000] {processor.py:183} INFO - Processing /home/airflow/.local/lib/python3.12/site-packages/airflow/example_dags/example_bash_decorator.py took 0.084 seconds
[2026-06-08T12:35:39.880+0000] {processor.py:161} INFO - Started process (PID=2183) to work on /home/airflow/.local/lib/python3.12/site-packages/airflow/example_dags/example_bash_decorator.py
[2026-06-08T12:35:39.883+0000] {processor.py:830} INFO - Processing file /home/airflow/.local/lib/python3.12/site-packages/airflow/example_dags/example_bash_decorator.py for tasks to queue
[2026-06-08T12:35:39.886+0000] {logging_mixin.py:188} INFO - [2026-06-08T12:35:39.886+0000] {dagbag.py:545} INFO - Filling up the DagBag from /home/airflow/.local/lib/python3.12/site-packages/airflow/example_dags/example_bash_decorator.py
[2026-06-08T12:35:39.904+0000] {processor.py:840} INFO - DAG(s) 'example_bash_decorator' retrieved from /home/airflow/.local/lib/python3.12/site-packages/airflow/example_dags/example_bash_decorator.py
[2026-06-08T12:35:39.926+0000] {logging_mixin.py:188} INFO - [2026-06-08T12:35:39.925+0000] {dag.py:3096} INFO - Sync 1 DAGs
[2026-06-08T12:35:39.935+0000] {logging_mixin.py:188} INFO - [2026-06-08T12:35:39.935+0000] {dag.py:3954} INFO - Setting next_dagrun for example_bash_decorator to None, run_after=None
[2026-06-08T12:35:39.952+0000] {processor.py:183} INFO - Processing /home/airflow/.local/lib/python3.12/site-packages/airflow/example_dags/example_bash_decorator.py took 0.082 seconds
[2026-06-08T12:36:10.504+0000] {processor.py:161} INFO - Started process (PID=2242) to work on /home/airflow/.local/lib/python3.12/site-packages/airflow/example_dags/example_bash_decorator.py
[2026-06-08T12:36:10.506+0000] {processor.py:830} INFO - Processing file /home/airflow/.local/lib/python3.12/site-packages/airflow/example_dags/example_bash_decorator.py for tasks to queue
[2026-06-08T12:36:10.507+0000] {logging_mixin.py:188} INFO - [2026-06-08T12:36:10.507+0000] {dagbag.py:545} INFO - Filling up the DagBag from /home/airflow/.local/lib/python3.12/site-packages/airflow/example_dags/example_bash_decorator.py
[2026-06-08T12:36:10.516+0000] {processor.py:840} INFO - DAG(s) 'example_bash_decorator' retrieved from /home/airflow/.local/lib/python3.12/site-packages/airflow/example_dags/example_bash_decorator.py
[2026-06-08T12:36:10.537+0000] {logging_mixin.py:188} INFO - [2026-06-08T12:36:10.537+0000] {dag.py:3096} INFO - Sync 1 DAGs
[2026-06-08T12:36:10.546+0000] {logging_mixin.py:188} INFO - [2026-06-08T12:36:10.545+0000] {dag.py:3954} INFO - Setting next_dagrun for example_bash_decorator to None, run_after=None
[2026-06-08T12:36:10.558+0000] {processor.py:183} INFO - Processing /home/airflow/.local/lib/python3.12/site-packages/airflow/example_dags/example_bash_decorator.py took 0.061 seconds
[2026-06-08T12:36:40.871+0000] {processor.py:161} INFO - Started process (PID=2301) to work on /home/airflow/.local/lib/python3.12/site-packages/airflow/example_dags/example_bash_decorator.py
[2026-06-08T12:36:40.872+0000] {processor.py:830} INFO - Processing file /home/airflow/.local/lib/python3.12/site-packages/airflow/example_dags/example_bash_decorator.py for tasks to queue
[2026-06-08T12:36:40.873+0000] {logging_mixin.py:188} INFO - [2026-06-08T12:36:40.873+0000] {dagbag.py:545} INFO - Filling up the DagBag from /home/airflow/.local/lib/python3.12/site-packages/airflow/example_dags/example_bash_decorator.py
[2026-06-08T12:36:40.886+0000] {processor.py:840} INFO - DAG(s) 'example_bash_decorator' retrieved from /home/airflow/.local/lib/python3.12/site-packages/airflow/example_dags/example_bash_decorator.py
[2026-06-08T12:36:40.912+0000] {logging_mixin.py:188} INFO - [2026-06-08T12:36:40.912+0000] {dag.py:3096} INFO - Sync 1 DAGs
[2026-06-08T12:36:40.928+0000] {logging_mixin.py:188} INFO - [2026-06-08T12:36:40.928+0000] {dag.py:3954} INFO - Setting next_dagrun for example_bash_decorator to None, run_after=None
[2026-06-08T12:36:40.948+0000] {processor.py:183} INFO - Processing /home/airflow/.local/lib/python3.12/site-packages/airflow/example_dags/example_bash_decorator.py took 0.083 seconds
[2026-06-08T12:37:11.428+0000] {processor.py:161} INFO - Started process (PID=2360) to work on /home/airflow/.local/lib/python3.12/site-packages/airflow/example_dags/example_bash_decorator.py
[2026-06-08T12:37:11.429+0000] {processor.py:830} INFO - Processing file /home/airflow/.local/lib/python3.12/site-packages/airflow/example_dags/example_bash_decorator.py for tasks to queue
[2026-06-08T12:37:11.430+0000] {logging_mixin.py:188} INFO - [2026-06-08T12:37:11.430+0000] {dagbag.py:545} INFO - Filling up the DagBag from /home/airflow/.local/lib/python3.12/site-packages/airflow/example_dags/example_bash_decorator.py
[2026-06-08T12:37:11.438+0000] {processor.py:840} INFO - DAG(s) 'example_bash_decorator' retrieved from /home/airflow/.local/lib/python3.12/site-packages/airflow/example_dags/example_bash_decorator.py
[2026-06-08T12:37:11.453+0000] {logging_mixin.py:188} INFO - [2026-06-08T12:37:11.453+0000] {dag.py:3096} INFO - Sync 1 DAGs
[2026-06-08T12:37:11.462+0000] {logging_mixin.py:188} INFO - [2026-06-08T12:37:11.461+0000] {dag.py:3954} INFO - Setting next_dagrun for example_bash_decorator to None, run_after=None
[2026-06-08T12:37:11.473+0000] {processor.py:183} INFO - Processing /home/airflow/.local/lib/python3.12/site-packages/airflow/example_dags/example_bash_decorator.py took 0.048 seconds
[2026-06-08T12:37:41.845+0000] {processor.py:161} INFO - Started process (PID=2419) to work on /home/airflow/.local/lib/python3.12/site-packages/airflow/example_dags/example_bash_decorator.py
[2026-06-08T12:37:41.847+0000] {processor.py:830} INFO - Processing file /home/airflow/.local/lib/python3.12/site-packages/airflow/example_dags/example_bash_decorator.py for tasks to queue
[2026-06-08T12:37:41.849+0000] {logging_mixin.py:188} INFO - [2026-06-08T12:37:41.848+0000] {dagbag.py:545} INFO - Filling up the DagBag from /home/airflow/.local/lib/python3.12/site-packages/airflow/example_dags/example_bash_decorator.py
[2026-06-08T12:37:41.860+0000] {processor.py:840} INFO - DAG(s) 'example_bash_decorator' retrieved from /home/airflow/.local/lib/python3.12/site-packages/airflow/example_dags/example_bash_decorator.py
[2026-06-08T12:37:41.876+0000] {logging_mixin.py:188} INFO - [2026-06-08T12:37:41.876+0000] {dag.py:3096} INFO - Sync 1 DAGs
[2026-06-08T12:37:41.885+0000] {logging_mixin.py:188} INFO - [2026-06-08T12:37:41.885+0000] {dag.py:3954} INFO - Setting next_dagrun for example_bash_decorator to None, run_after=None
[2026-06-08T12:37:41.904+0000] {processor.py:183} INFO - Processing /home/airflow/.local/lib/python3.12/site-packages/airflow/example_dags/example_bash_decorator.py took 0.067 seconds
