[2026-06-08T12:17:51.980+0000] {processor.py:161} INFO - Started process (PID=85) to work on /home/airflow/.local/lib/python3.12/site-packages/airflow/example_dags/example_dag_decorator.py
[2026-06-08T12:17:51.981+0000] {processor.py:830} INFO - Processing file /home/airflow/.local/lib/python3.12/site-packages/airflow/example_dags/example_dag_decorator.py for tasks to queue
[2026-06-08T12:17:51.982+0000] {logging_mixin.py:188} INFO - [2026-06-08T12:17:51.982+0000] {dagbag.py:545} INFO - Filling up the DagBag from /home/airflow/.local/lib/python3.12/site-packages/airflow/example_dags/example_dag_decorator.py
[2026-06-08T12:17:52.187+0000] {processor.py:840} INFO - DAG(s) 'example_dag_decorator' retrieved from /home/airflow/.local/lib/python3.12/site-packages/airflow/example_dags/example_dag_decorator.py
[2026-06-08T12:17:52.198+0000] {logging_mixin.py:188} INFO - [2026-06-08T12:17:52.198+0000] {dag.py:3096} INFO - Sync 1 DAGs
[2026-06-08T12:17:52.212+0000] {logging_mixin.py:188} INFO - [2026-06-08T12:17:52.212+0000] {dag.py:3954} INFO - Setting next_dagrun for example_dag_decorator to None, run_after=None
[2026-06-08T12:17:52.235+0000] {processor.py:183} INFO - Processing /home/airflow/.local/lib/python3.12/site-packages/airflow/example_dags/example_dag_decorator.py took 0.261 seconds
[2026-06-08T12:18:23.368+0000] {processor.py:161} INFO - Started process (PID=143) to work on /home/airflow/.local/lib/python3.12/site-packages/airflow/example_dags/example_dag_decorator.py
[2026-06-08T12:18:23.369+0000] {processor.py:830} INFO - Processing file /home/airflow/.local/lib/python3.12/site-packages/airflow/example_dags/example_dag_decorator.py for tasks to queue
[2026-06-08T12:18:23.371+0000] {logging_mixin.py:188} INFO - [2026-06-08T12:18:23.370+0000] {dagbag.py:545} INFO - Filling up the DagBag from /home/airflow/.local/lib/python3.12/site-packages/airflow/example_dags/example_dag_decorator.py
[2026-06-08T12:18:23.426+0000] {processor.py:840} INFO - DAG(s) 'example_dag_decorator' retrieved from /home/airflow/.local/lib/python3.12/site-packages/airflow/example_dags/example_dag_decorator.py
[2026-06-08T12:18:23.499+0000] {logging_mixin.py:188} INFO - [2026-06-08T12:18:23.498+0000] {dag.py:3096} INFO - Sync 1 DAGs
[2026-06-08T12:18:23.511+0000] {logging_mixin.py:188} INFO - [2026-06-08T12:18:23.511+0000] {dag.py:3954} INFO - Setting next_dagrun for example_dag_decorator to None, run_after=None
[2026-06-08T12:18:23.530+0000] {processor.py:183} INFO - Processing /home/airflow/.local/lib/python3.12/site-packages/airflow/example_dags/example_dag_decorator.py took 0.168 seconds
[2026-06-08T12:18:54.256+0000] {processor.py:161} INFO - Started process (PID=201) to work on /home/airflow/.local/lib/python3.12/site-packages/airflow/example_dags/example_dag_decorator.py
[2026-06-08T12:18:54.257+0000] {processor.py:830} INFO - Processing file /home/airflow/.local/lib/python3.12/site-packages/airflow/example_dags/example_dag_decorator.py for tasks to queue
[2026-06-08T12:18:54.258+0000] {logging_mixin.py:188} INFO - [2026-06-08T12:18:54.258+0000] {dagbag.py:545} INFO - Filling up the DagBag from /home/airflow/.local/lib/python3.12/site-packages/airflow/example_dags/example_dag_decorator.py
[2026-06-08T12:18:54.312+0000] {processor.py:840} INFO - DAG(s) 'example_dag_decorator' retrieved from /home/airflow/.local/lib/python3.12/site-packages/airflow/example_dags/example_dag_decorator.py
[2026-06-08T12:18:54.385+0000] {logging_mixin.py:188} INFO - [2026-06-08T12:18:54.384+0000] {dag.py:3096} INFO - Sync 1 DAGs
[2026-06-08T12:18:54.396+0000] {logging_mixin.py:188} INFO - [2026-06-08T12:18:54.395+0000] {dag.py:3954} INFO - Setting next_dagrun for example_dag_decorator to None, run_after=None
[2026-06-08T12:18:54.410+0000] {processor.py:183} INFO - Processing /home/airflow/.local/lib/python3.12/site-packages/airflow/example_dags/example_dag_decorator.py took 0.160 seconds
[2026-06-08T12:19:24.695+0000] {processor.py:161} INFO - Started process (PID=259) to work on /home/airflow/.local/lib/python3.12/site-packages/airflow/example_dags/example_dag_decorator.py
[2026-06-08T12:19:24.696+0000] {processor.py:830} INFO - Processing file /home/airflow/.local/lib/python3.12/site-packages/airflow/example_dags/example_dag_decorator.py for tasks to queue
[2026-06-08T12:19:24.697+0000] {logging_mixin.py:188} INFO - [2026-06-08T12:19:24.697+0000] {dagbag.py:545} INFO - Filling up the DagBag from /home/airflow/.local/lib/python3.12/site-packages/airflow/example_dags/example_dag_decorator.py
[2026-06-08T12:19:24.758+0000] {processor.py:840} INFO - DAG(s) 'example_dag_decorator' retrieved from /home/airflow/.local/lib/python3.12/site-packages/airflow/example_dags/example_dag_decorator.py
[2026-06-08T12:19:24.836+0000] {logging_mixin.py:188} INFO - [2026-06-08T12:19:24.835+0000] {dag.py:3096} INFO - Sync 1 DAGs
[2026-06-08T12:19:24.846+0000] {logging_mixin.py:188} INFO - [2026-06-08T12:19:24.845+0000] {dag.py:3954} INFO - Setting next_dagrun for example_dag_decorator to None, run_after=None
[2026-06-08T12:19:24.879+0000] {processor.py:183} INFO - Processing /home/airflow/.local/lib/python3.12/site-packages/airflow/example_dags/example_dag_decorator.py took 0.192 seconds
[2026-06-08T12:19:55.074+0000] {processor.py:161} INFO - Started process (PID=317) to work on /home/airflow/.local/lib/python3.12/site-packages/airflow/example_dags/example_dag_decorator.py
[2026-06-08T12:19:55.075+0000] {processor.py:830} INFO - Processing file /home/airflow/.local/lib/python3.12/site-packages/airflow/example_dags/example_dag_decorator.py for tasks to queue
[2026-06-08T12:19:55.076+0000] {logging_mixin.py:188} INFO - [2026-06-08T12:19:55.076+0000] {dagbag.py:545} INFO - Filling up the DagBag from /home/airflow/.local/lib/python3.12/site-packages/airflow/example_dags/example_dag_decorator.py
[2026-06-08T12:19:55.131+0000] {processor.py:840} INFO - DAG(s) 'example_dag_decorator' retrieved from /home/airflow/.local/lib/python3.12/site-packages/airflow/example_dags/example_dag_decorator.py
[2026-06-08T12:19:55.208+0000] {logging_mixin.py:188} INFO - [2026-06-08T12:19:55.208+0000] {dag.py:3096} INFO - Sync 1 DAGs
[2026-06-08T12:19:55.215+0000] {logging_mixin.py:188} INFO - [2026-06-08T12:19:55.214+0000] {dag.py:3954} INFO - Setting next_dagrun for example_dag_decorator to None, run_after=None
[2026-06-08T12:19:55.231+0000] {processor.py:183} INFO - Processing /home/airflow/.local/lib/python3.12/site-packages/airflow/example_dags/example_dag_decorator.py took 0.161 seconds
[2026-06-08T12:20:25.679+0000] {processor.py:161} INFO - Started process (PID=375) to work on /home/airflow/.local/lib/python3.12/site-packages/airflow/example_dags/example_dag_decorator.py
[2026-06-08T12:20:25.680+0000] {processor.py:830} INFO - Processing file /home/airflow/.local/lib/python3.12/site-packages/airflow/example_dags/example_dag_decorator.py for tasks to queue
[2026-06-08T12:20:25.682+0000] {logging_mixin.py:188} INFO - [2026-06-08T12:20:25.681+0000] {dagbag.py:545} INFO - Filling up the DagBag from /home/airflow/.local/lib/python3.12/site-packages/airflow/example_dags/example_dag_decorator.py
[2026-06-08T12:20:25.755+0000] {processor.py:840} INFO - DAG(s) 'example_dag_decorator' retrieved from /home/airflow/.local/lib/python3.12/site-packages/airflow/example_dags/example_dag_decorator.py
[2026-06-08T12:20:25.866+0000] {logging_mixin.py:188} INFO - [2026-06-08T12:20:25.866+0000] {dag.py:3096} INFO - Sync 1 DAGs
[2026-06-08T12:20:25.873+0000] {logging_mixin.py:188} INFO - [2026-06-08T12:20:25.873+0000] {dag.py:3954} INFO - Setting next_dagrun for example_dag_decorator to None, run_after=None
[2026-06-08T12:20:25.889+0000] {processor.py:183} INFO - Processing /home/airflow/.local/lib/python3.12/site-packages/airflow/example_dags/example_dag_decorator.py took 0.215 seconds
[2026-06-08T12:20:56.144+0000] {processor.py:161} INFO - Started process (PID=433) to work on /home/airflow/.local/lib/python3.12/site-packages/airflow/example_dags/example_dag_decorator.py
[2026-06-08T12:20:56.145+0000] {processor.py:830} INFO - Processing file /home/airflow/.local/lib/python3.12/site-packages/airflow/example_dags/example_dag_decorator.py for tasks to queue
[2026-06-08T12:20:56.146+0000] {logging_mixin.py:188} INFO - [2026-06-08T12:20:56.145+0000] {dagbag.py:545} INFO - Filling up the DagBag from /home/airflow/.local/lib/python3.12/site-packages/airflow/example_dags/example_dag_decorator.py
[2026-06-08T12:20:56.201+0000] {processor.py:840} INFO - DAG(s) 'example_dag_decorator' retrieved from /home/airflow/.local/lib/python3.12/site-packages/airflow/example_dags/example_dag_decorator.py
[2026-06-08T12:20:56.269+0000] {logging_mixin.py:188} INFO - [2026-06-08T12:20:56.269+0000] {dag.py:3096} INFO - Sync 1 DAGs
[2026-06-08T12:20:56.275+0000] {logging_mixin.py:188} INFO - [2026-06-08T12:20:56.275+0000] {dag.py:3954} INFO - Setting next_dagrun for example_dag_decorator to None, run_after=None
[2026-06-08T12:20:56.287+0000] {processor.py:183} INFO - Processing /home/airflow/.local/lib/python3.12/site-packages/airflow/example_dags/example_dag_decorator.py took 0.146 seconds
[2026-06-08T12:21:26.309+0000] {processor.py:161} INFO - Started process (PID=491) to work on /home/airflow/.local/lib/python3.12/site-packages/airflow/example_dags/example_dag_decorator.py
[2026-06-08T12:21:26.310+0000] {processor.py:830} INFO - Processing file /home/airflow/.local/lib/python3.12/site-packages/airflow/example_dags/example_dag_decorator.py for tasks to queue
[2026-06-08T12:21:26.311+0000] {logging_mixin.py:188} INFO - [2026-06-08T12:21:26.310+0000] {dagbag.py:545} INFO - Filling up the DagBag from /home/airflow/.local/lib/python3.12/site-packages/airflow/example_dags/example_dag_decorator.py
[2026-06-08T12:21:26.364+0000] {processor.py:840} INFO - DAG(s) 'example_dag_decorator' retrieved from /home/airflow/.local/lib/python3.12/site-packages/airflow/example_dags/example_dag_decorator.py
[2026-06-08T12:21:26.434+0000] {logging_mixin.py:188} INFO - [2026-06-08T12:21:26.433+0000] {dag.py:3096} INFO - Sync 1 DAGs
[2026-06-08T12:21:26.440+0000] {logging_mixin.py:188} INFO - [2026-06-08T12:21:26.440+0000] {dag.py:3954} INFO - Setting next_dagrun for example_dag_decorator to None, run_after=None
[2026-06-08T12:21:26.461+0000] {processor.py:183} INFO - Processing /home/airflow/.local/lib/python3.12/site-packages/airflow/example_dags/example_dag_decorator.py took 0.156 seconds
[2026-06-08T12:21:57.043+0000] {processor.py:161} INFO - Started process (PID=571) to work on /home/airflow/.local/lib/python3.12/site-packages/airflow/example_dags/example_dag_decorator.py
[2026-06-08T12:21:57.044+0000] {processor.py:830} INFO - Processing file /home/airflow/.local/lib/python3.12/site-packages/airflow/example_dags/example_dag_decorator.py for tasks to queue
[2026-06-08T12:21:57.046+0000] {logging_mixin.py:188} INFO - [2026-06-08T12:21:57.046+0000] {dagbag.py:545} INFO - Filling up the DagBag from /home/airflow/.local/lib/python3.12/site-packages/airflow/example_dags/example_dag_decorator.py
[2026-06-08T12:21:57.125+0000] {processor.py:840} INFO - DAG(s) 'example_dag_decorator' retrieved from /home/airflow/.local/lib/python3.12/site-packages/airflow/example_dags/example_dag_decorator.py
[2026-06-08T12:21:57.220+0000] {logging_mixin.py:188} INFO - [2026-06-08T12:21:57.220+0000] {dag.py:3096} INFO - Sync 1 DAGs
[2026-06-08T12:21:57.233+0000] {logging_mixin.py:188} INFO - [2026-06-08T12:21:57.232+0000] {dag.py:3954} INFO - Setting next_dagrun for example_dag_decorator to None, run_after=None
[2026-06-08T12:21:57.255+0000] {processor.py:183} INFO - Processing /home/airflow/.local/lib/python3.12/site-packages/airflow/example_dags/example_dag_decorator.py took 0.217 seconds
[2026-06-08T12:22:27.375+0000] {processor.py:161} INFO - Started process (PID=629) to work on /home/airflow/.local/lib/python3.12/site-packages/airflow/example_dags/example_dag_decorator.py
[2026-06-08T12:22:27.376+0000] {processor.py:830} INFO - Processing file /home/airflow/.local/lib/python3.12/site-packages/airflow/example_dags/example_dag_decorator.py for tasks to queue
[2026-06-08T12:22:27.378+0000] {logging_mixin.py:188} INFO - [2026-06-08T12:22:27.378+0000] {dagbag.py:545} INFO - Filling up the DagBag from /home/airflow/.local/lib/python3.12/site-packages/airflow/example_dags/example_dag_decorator.py
[2026-06-08T12:22:27.444+0000] {processor.py:840} INFO - DAG(s) 'example_dag_decorator' retrieved from /home/airflow/.local/lib/python3.12/site-packages/airflow/example_dags/example_dag_decorator.py
[2026-06-08T12:22:27.526+0000] {logging_mixin.py:188} INFO - [2026-06-08T12:22:27.526+0000] {dag.py:3096} INFO - Sync 1 DAGs
[2026-06-08T12:22:27.533+0000] {logging_mixin.py:188} INFO - [2026-06-08T12:22:27.532+0000] {dag.py:3954} INFO - Setting next_dagrun for example_dag_decorator to None, run_after=None
[2026-06-08T12:22:27.546+0000] {processor.py:183} INFO - Processing /home/airflow/.local/lib/python3.12/site-packages/airflow/example_dags/example_dag_decorator.py took 0.179 seconds
[2026-06-08T12:22:57.880+0000] {processor.py:161} INFO - Started process (PID=710) to work on /home/airflow/.local/lib/python3.12/site-packages/airflow/example_dags/example_dag_decorator.py
[2026-06-08T12:22:57.881+0000] {processor.py:830} INFO - Processing file /home/airflow/.local/lib/python3.12/site-packages/airflow/example_dags/example_dag_decorator.py for tasks to queue
[2026-06-08T12:22:57.882+0000] {logging_mixin.py:188} INFO - [2026-06-08T12:22:57.882+0000] {dagbag.py:545} INFO - Filling up the DagBag from /home/airflow/.local/lib/python3.12/site-packages/airflow/example_dags/example_dag_decorator.py
[2026-06-08T12:22:57.937+0000] {processor.py:840} INFO - DAG(s) 'example_dag_decorator' retrieved from /home/airflow/.local/lib/python3.12/site-packages/airflow/example_dags/example_dag_decorator.py
[2026-06-08T12:22:57.946+0000] {logging_mixin.py:188} INFO - [2026-06-08T12:22:57.946+0000] {dag.py:3096} INFO - Sync 1 DAGs
[2026-06-08T12:22:57.955+0000] {logging_mixin.py:188} INFO - [2026-06-08T12:22:57.955+0000] {dag.py:3954} INFO - Setting next_dagrun for example_dag_decorator to None, run_after=None
[2026-06-08T12:22:57.967+0000] {processor.py:183} INFO - Processing /home/airflow/.local/lib/python3.12/site-packages/airflow/example_dags/example_dag_decorator.py took 0.091 seconds
[2026-06-08T12:23:29.034+0000] {processor.py:161} INFO - Started process (PID=790) to work on /home/airflow/.local/lib/python3.12/site-packages/airflow/example_dags/example_dag_decorator.py
[2026-06-08T12:23:29.035+0000] {processor.py:830} INFO - Processing file /home/airflow/.local/lib/python3.12/site-packages/airflow/example_dags/example_dag_decorator.py for tasks to queue
[2026-06-08T12:23:29.036+0000] {logging_mixin.py:188} INFO - [2026-06-08T12:23:29.036+0000] {dagbag.py:545} INFO - Filling up the DagBag from /home/airflow/.local/lib/python3.12/site-packages/airflow/example_dags/example_dag_decorator.py
[2026-06-08T12:23:29.091+0000] {processor.py:840} INFO - DAG(s) 'example_dag_decorator' retrieved from /home/airflow/.local/lib/python3.12/site-packages/airflow/example_dags/example_dag_decorator.py
[2026-06-08T12:23:29.167+0000] {logging_mixin.py:188} INFO - [2026-06-08T12:23:29.166+0000] {dag.py:3096} INFO - Sync 1 DAGs
[2026-06-08T12:23:29.173+0000] {logging_mixin.py:188} INFO - [2026-06-08T12:23:29.173+0000] {dag.py:3954} INFO - Setting next_dagrun for example_dag_decorator to None, run_after=None
[2026-06-08T12:23:29.185+0000] {processor.py:183} INFO - Processing /home/airflow/.local/lib/python3.12/site-packages/airflow/example_dags/example_dag_decorator.py took 0.156 seconds
[2026-06-08T12:23:59.384+0000] {processor.py:161} INFO - Started process (PID=849) to work on /home/airflow/.local/lib/python3.12/site-packages/airflow/example_dags/example_dag_decorator.py
[2026-06-08T12:23:59.385+0000] {processor.py:830} INFO - Processing file /home/airflow/.local/lib/python3.12/site-packages/airflow/example_dags/example_dag_decorator.py for tasks to queue
[2026-06-08T12:23:59.386+0000] {logging_mixin.py:188} INFO - [2026-06-08T12:23:59.386+0000] {dagbag.py:545} INFO - Filling up the DagBag from /home/airflow/.local/lib/python3.12/site-packages/airflow/example_dags/example_dag_decorator.py
[2026-06-08T12:23:59.442+0000] {processor.py:840} INFO - DAG(s) 'example_dag_decorator' retrieved from /home/airflow/.local/lib/python3.12/site-packages/airflow/example_dags/example_dag_decorator.py
[2026-06-08T12:23:59.508+0000] {logging_mixin.py:188} INFO - [2026-06-08T12:23:59.508+0000] {dag.py:3096} INFO - Sync 1 DAGs
[2026-06-08T12:23:59.515+0000] {logging_mixin.py:188} INFO - [2026-06-08T12:23:59.515+0000] {dag.py:3954} INFO - Setting next_dagrun for example_dag_decorator to None, run_after=None
[2026-06-08T12:23:59.530+0000] {processor.py:183} INFO - Processing /home/airflow/.local/lib/python3.12/site-packages/airflow/example_dags/example_dag_decorator.py took 0.151 seconds
[2026-06-08T12:24:30.143+0000] {processor.py:161} INFO - Started process (PID=908) to work on /home/airflow/.local/lib/python3.12/site-packages/airflow/example_dags/example_dag_decorator.py
[2026-06-08T12:24:30.143+0000] {processor.py:830} INFO - Processing file /home/airflow/.local/lib/python3.12/site-packages/airflow/example_dags/example_dag_decorator.py for tasks to queue
[2026-06-08T12:24:30.144+0000] {logging_mixin.py:188} INFO - [2026-06-08T12:24:30.144+0000] {dagbag.py:545} INFO - Filling up the DagBag from /home/airflow/.local/lib/python3.12/site-packages/airflow/example_dags/example_dag_decorator.py
[2026-06-08T12:24:30.199+0000] {processor.py:840} INFO - DAG(s) 'example_dag_decorator' retrieved from /home/airflow/.local/lib/python3.12/site-packages/airflow/example_dags/example_dag_decorator.py
[2026-06-08T12:24:30.266+0000] {logging_mixin.py:188} INFO - [2026-06-08T12:24:30.266+0000] {dag.py:3096} INFO - Sync 1 DAGs
[2026-06-08T12:24:30.272+0000] {logging_mixin.py:188} INFO - [2026-06-08T12:24:30.272+0000] {dag.py:3954} INFO - Setting next_dagrun for example_dag_decorator to None, run_after=None
[2026-06-08T12:24:30.284+0000] {processor.py:183} INFO - Processing /home/airflow/.local/lib/python3.12/site-packages/airflow/example_dags/example_dag_decorator.py took 0.144 seconds
[2026-06-08T12:25:00.619+0000] {processor.py:161} INFO - Started process (PID=967) to work on /home/airflow/.local/lib/python3.12/site-packages/airflow/example_dags/example_dag_decorator.py
[2026-06-08T12:25:00.620+0000] {processor.py:830} INFO - Processing file /home/airflow/.local/lib/python3.12/site-packages/airflow/example_dags/example_dag_decorator.py for tasks to queue
[2026-06-08T12:25:00.621+0000] {logging_mixin.py:188} INFO - [2026-06-08T12:25:00.621+0000] {dagbag.py:545} INFO - Filling up the DagBag from /home/airflow/.local/lib/python3.12/site-packages/airflow/example_dags/example_dag_decorator.py
[2026-06-08T12:25:00.681+0000] {processor.py:840} INFO - DAG(s) 'example_dag_decorator' retrieved from /home/airflow/.local/lib/python3.12/site-packages/airflow/example_dags/example_dag_decorator.py
[2026-06-08T12:25:00.778+0000] {logging_mixin.py:188} INFO - [2026-06-08T12:25:00.777+0000] {dag.py:3096} INFO - Sync 1 DAGs
[2026-06-08T12:25:00.787+0000] {logging_mixin.py:188} INFO - [2026-06-08T12:25:00.787+0000] {dag.py:3954} INFO - Setting next_dagrun for example_dag_decorator to None, run_after=None
[2026-06-08T12:25:00.806+0000] {processor.py:183} INFO - Processing /home/airflow/.local/lib/python3.12/site-packages/airflow/example_dags/example_dag_decorator.py took 0.191 seconds
[2026-06-08T12:25:31.034+0000] {processor.py:161} INFO - Started process (PID=1027) to work on /home/airflow/.local/lib/python3.12/site-packages/airflow/example_dags/example_dag_decorator.py
[2026-06-08T12:25:31.034+0000] {processor.py:830} INFO - Processing file /home/airflow/.local/lib/python3.12/site-packages/airflow/example_dags/example_dag_decorator.py for tasks to queue
[2026-06-08T12:25:31.036+0000] {logging_mixin.py:188} INFO - [2026-06-08T12:25:31.036+0000] {dagbag.py:545} INFO - Filling up the DagBag from /home/airflow/.local/lib/python3.12/site-packages/airflow/example_dags/example_dag_decorator.py
[2026-06-08T12:25:31.109+0000] {processor.py:840} INFO - DAG(s) 'example_dag_decorator' retrieved from /home/airflow/.local/lib/python3.12/site-packages/airflow/example_dags/example_dag_decorator.py
[2026-06-08T12:25:31.179+0000] {logging_mixin.py:188} INFO - [2026-06-08T12:25:31.179+0000] {dag.py:3096} INFO - Sync 1 DAGs
[2026-06-08T12:25:31.186+0000] {logging_mixin.py:188} INFO - [2026-06-08T12:25:31.186+0000] {dag.py:3954} INFO - Setting next_dagrun for example_dag_decorator to None, run_after=None
[2026-06-08T12:25:31.200+0000] {processor.py:183} INFO - Processing /home/airflow/.local/lib/python3.12/site-packages/airflow/example_dags/example_dag_decorator.py took 0.170 seconds
[2026-06-08T12:26:01.477+0000] {processor.py:161} INFO - Started process (PID=1086) to work on /home/airflow/.local/lib/python3.12/site-packages/airflow/example_dags/example_dag_decorator.py
[2026-06-08T12:26:01.478+0000] {processor.py:830} INFO - Processing file /home/airflow/.local/lib/python3.12/site-packages/airflow/example_dags/example_dag_decorator.py for tasks to queue
[2026-06-08T12:26:01.479+0000] {logging_mixin.py:188} INFO - [2026-06-08T12:26:01.479+0000] {dagbag.py:545} INFO - Filling up the DagBag from /home/airflow/.local/lib/python3.12/site-packages/airflow/example_dags/example_dag_decorator.py
[2026-06-08T12:26:01.532+0000] {processor.py:840} INFO - DAG(s) 'example_dag_decorator' retrieved from /home/airflow/.local/lib/python3.12/site-packages/airflow/example_dags/example_dag_decorator.py
[2026-06-08T12:26:01.598+0000] {logging_mixin.py:188} INFO - [2026-06-08T12:26:01.598+0000] {dag.py:3096} INFO - Sync 1 DAGs
[2026-06-08T12:26:01.706+0000] {logging_mixin.py:188} INFO - [2026-06-08T12:26:01.706+0000] {dag.py:3954} INFO - Setting next_dagrun for example_dag_decorator to None, run_after=None
[2026-06-08T12:26:01.719+0000] {processor.py:183} INFO - Processing /home/airflow/.local/lib/python3.12/site-packages/airflow/example_dags/example_dag_decorator.py took 0.246 seconds
[2026-06-08T12:26:32.034+0000] {processor.py:161} INFO - Started process (PID=1145) to work on /home/airflow/.local/lib/python3.12/site-packages/airflow/example_dags/example_dag_decorator.py
[2026-06-08T12:26:32.035+0000] {processor.py:830} INFO - Processing file /home/airflow/.local/lib/python3.12/site-packages/airflow/example_dags/example_dag_decorator.py for tasks to queue
[2026-06-08T12:26:32.036+0000] {logging_mixin.py:188} INFO - [2026-06-08T12:26:32.036+0000] {dagbag.py:545} INFO - Filling up the DagBag from /home/airflow/.local/lib/python3.12/site-packages/airflow/example_dags/example_dag_decorator.py
[2026-06-08T12:26:32.090+0000] {processor.py:840} INFO - DAG(s) 'example_dag_decorator' retrieved from /home/airflow/.local/lib/python3.12/site-packages/airflow/example_dags/example_dag_decorator.py
[2026-06-08T12:26:32.162+0000] {logging_mixin.py:188} INFO - [2026-06-08T12:26:32.162+0000] {dag.py:3096} INFO - Sync 1 DAGs
[2026-06-08T12:26:32.170+0000] {logging_mixin.py:188} INFO - [2026-06-08T12:26:32.170+0000] {dag.py:3954} INFO - Setting next_dagrun for example_dag_decorator to None, run_after=None
[2026-06-08T12:26:32.285+0000] {processor.py:183} INFO - Processing /home/airflow/.local/lib/python3.12/site-packages/airflow/example_dags/example_dag_decorator.py took 0.256 seconds
[2026-06-08T12:27:02.432+0000] {processor.py:161} INFO - Started process (PID=1205) to work on /home/airflow/.local/lib/python3.12/site-packages/airflow/example_dags/example_dag_decorator.py
[2026-06-08T12:27:02.432+0000] {processor.py:830} INFO - Processing file /home/airflow/.local/lib/python3.12/site-packages/airflow/example_dags/example_dag_decorator.py for tasks to queue
[2026-06-08T12:27:02.433+0000] {logging_mixin.py:188} INFO - [2026-06-08T12:27:02.433+0000] {dagbag.py:545} INFO - Filling up the DagBag from /home/airflow/.local/lib/python3.12/site-packages/airflow/example_dags/example_dag_decorator.py
[2026-06-08T12:27:02.486+0000] {processor.py:840} INFO - DAG(s) 'example_dag_decorator' retrieved from /home/airflow/.local/lib/python3.12/site-packages/airflow/example_dags/example_dag_decorator.py
[2026-06-08T12:27:02.553+0000] {logging_mixin.py:188} INFO - [2026-06-08T12:27:02.553+0000] {dag.py:3096} INFO - Sync 1 DAGs
[2026-06-08T12:27:02.560+0000] {logging_mixin.py:188} INFO - [2026-06-08T12:27:02.560+0000] {dag.py:3954} INFO - Setting next_dagrun for example_dag_decorator to None, run_after=None
[2026-06-08T12:27:02.676+0000] {processor.py:183} INFO - Processing /home/airflow/.local/lib/python3.12/site-packages/airflow/example_dags/example_dag_decorator.py took 0.249 seconds
[2026-06-08T12:27:32.938+0000] {processor.py:161} INFO - Started process (PID=1263) to work on /home/airflow/.local/lib/python3.12/site-packages/airflow/example_dags/example_dag_decorator.py
[2026-06-08T12:27:32.938+0000] {processor.py:830} INFO - Processing file /home/airflow/.local/lib/python3.12/site-packages/airflow/example_dags/example_dag_decorator.py for tasks to queue
[2026-06-08T12:27:32.940+0000] {logging_mixin.py:188} INFO - [2026-06-08T12:27:32.939+0000] {dagbag.py:545} INFO - Filling up the DagBag from /home/airflow/.local/lib/python3.12/site-packages/airflow/example_dags/example_dag_decorator.py
[2026-06-08T12:27:32.996+0000] {processor.py:840} INFO - DAG(s) 'example_dag_decorator' retrieved from /home/airflow/.local/lib/python3.12/site-packages/airflow/example_dags/example_dag_decorator.py
[2026-06-08T12:27:33.079+0000] {logging_mixin.py:188} INFO - [2026-06-08T12:27:33.079+0000] {dag.py:3096} INFO - Sync 1 DAGs
[2026-06-08T12:27:33.091+0000] {logging_mixin.py:188} INFO - [2026-06-08T12:27:33.090+0000] {dag.py:3954} INFO - Setting next_dagrun for example_dag_decorator to None, run_after=None
[2026-06-08T12:27:33.109+0000] {processor.py:183} INFO - Processing /home/airflow/.local/lib/python3.12/site-packages/airflow/example_dags/example_dag_decorator.py took 0.177 seconds
[2026-06-08T12:28:03.640+0000] {processor.py:161} INFO - Started process (PID=1322) to work on /home/airflow/.local/lib/python3.12/site-packages/airflow/example_dags/example_dag_decorator.py
[2026-06-08T12:28:03.641+0000] {processor.py:830} INFO - Processing file /home/airflow/.local/lib/python3.12/site-packages/airflow/example_dags/example_dag_decorator.py for tasks to queue
[2026-06-08T12:28:03.643+0000] {logging_mixin.py:188} INFO - [2026-06-08T12:28:03.642+0000] {dagbag.py:545} INFO - Filling up the DagBag from /home/airflow/.local/lib/python3.12/site-packages/airflow/example_dags/example_dag_decorator.py
[2026-06-08T12:28:03.707+0000] {processor.py:840} INFO - DAG(s) 'example_dag_decorator' retrieved from /home/airflow/.local/lib/python3.12/site-packages/airflow/example_dags/example_dag_decorator.py
[2026-06-08T12:28:03.918+0000] {logging_mixin.py:188} INFO - [2026-06-08T12:28:03.918+0000] {dag.py:3096} INFO - Sync 1 DAGs
[2026-06-08T12:28:03.925+0000] {logging_mixin.py:188} INFO - [2026-06-08T12:28:03.925+0000] {dag.py:3954} INFO - Setting next_dagrun for example_dag_decorator to None, run_after=None
[2026-06-08T12:28:03.940+0000] {processor.py:183} INFO - Processing /home/airflow/.local/lib/python3.12/site-packages/airflow/example_dags/example_dag_decorator.py took 0.306 seconds
[2026-06-08T12:28:34.164+0000] {processor.py:161} INFO - Started process (PID=1384) to work on /home/airflow/.local/lib/python3.12/site-packages/airflow/example_dags/example_dag_decorator.py
[2026-06-08T12:28:34.165+0000] {processor.py:830} INFO - Processing file /home/airflow/.local/lib/python3.12/site-packages/airflow/example_dags/example_dag_decorator.py for tasks to queue
[2026-06-08T12:28:34.166+0000] {logging_mixin.py:188} INFO - [2026-06-08T12:28:34.166+0000] {dagbag.py:545} INFO - Filling up the DagBag from /home/airflow/.local/lib/python3.12/site-packages/airflow/example_dags/example_dag_decorator.py
[2026-06-08T12:28:34.222+0000] {processor.py:840} INFO - DAG(s) 'example_dag_decorator' retrieved from /home/airflow/.local/lib/python3.12/site-packages/airflow/example_dags/example_dag_decorator.py
[2026-06-08T12:28:34.400+0000] {logging_mixin.py:188} INFO - [2026-06-08T12:28:34.400+0000] {dag.py:3096} INFO - Sync 1 DAGs
[2026-06-08T12:28:34.406+0000] {logging_mixin.py:188} INFO - [2026-06-08T12:28:34.406+0000] {dag.py:3954} INFO - Setting next_dagrun for example_dag_decorator to None, run_after=None
[2026-06-08T12:28:34.416+0000] {processor.py:183} INFO - Processing /home/airflow/.local/lib/python3.12/site-packages/airflow/example_dags/example_dag_decorator.py took 0.257 seconds
[2026-06-08T12:29:04.544+0000] {processor.py:161} INFO - Started process (PID=1444) to work on /home/airflow/.local/lib/python3.12/site-packages/airflow/example_dags/example_dag_decorator.py
[2026-06-08T12:29:04.544+0000] {processor.py:830} INFO - Processing file /home/airflow/.local/lib/python3.12/site-packages/airflow/example_dags/example_dag_decorator.py for tasks to queue
[2026-06-08T12:29:04.545+0000] {logging_mixin.py:188} INFO - [2026-06-08T12:29:04.545+0000] {dagbag.py:545} INFO - Filling up the DagBag from /home/airflow/.local/lib/python3.12/site-packages/airflow/example_dags/example_dag_decorator.py
[2026-06-08T12:29:04.603+0000] {processor.py:840} INFO - DAG(s) 'example_dag_decorator' retrieved from /home/airflow/.local/lib/python3.12/site-packages/airflow/example_dags/example_dag_decorator.py
[2026-06-08T12:29:04.781+0000] {logging_mixin.py:188} INFO - [2026-06-08T12:29:04.780+0000] {dag.py:3096} INFO - Sync 1 DAGs
[2026-06-08T12:29:04.788+0000] {logging_mixin.py:188} INFO - [2026-06-08T12:29:04.788+0000] {dag.py:3954} INFO - Setting next_dagrun for example_dag_decorator to None, run_after=None
[2026-06-08T12:29:04.800+0000] {processor.py:183} INFO - Processing /home/airflow/.local/lib/python3.12/site-packages/airflow/example_dags/example_dag_decorator.py took 0.265 seconds
[2026-06-08T12:29:34.954+0000] {processor.py:161} INFO - Started process (PID=1504) to work on /home/airflow/.local/lib/python3.12/site-packages/airflow/example_dags/example_dag_decorator.py
[2026-06-08T12:29:34.955+0000] {processor.py:830} INFO - Processing file /home/airflow/.local/lib/python3.12/site-packages/airflow/example_dags/example_dag_decorator.py for tasks to queue
[2026-06-08T12:29:34.956+0000] {logging_mixin.py:188} INFO - [2026-06-08T12:29:34.956+0000] {dagbag.py:545} INFO - Filling up the DagBag from /home/airflow/.local/lib/python3.12/site-packages/airflow/example_dags/example_dag_decorator.py
[2026-06-08T12:29:35.013+0000] {processor.py:840} INFO - DAG(s) 'example_dag_decorator' retrieved from /home/airflow/.local/lib/python3.12/site-packages/airflow/example_dags/example_dag_decorator.py
[2026-06-08T12:29:35.191+0000] {logging_mixin.py:188} INFO - [2026-06-08T12:29:35.191+0000] {dag.py:3096} INFO - Sync 1 DAGs
[2026-06-08T12:29:35.202+0000] {logging_mixin.py:188} INFO - [2026-06-08T12:29:35.202+0000] {dag.py:3954} INFO - Setting next_dagrun for example_dag_decorator to None, run_after=None
[2026-06-08T12:29:35.229+0000] {processor.py:183} INFO - Processing /home/airflow/.local/lib/python3.12/site-packages/airflow/example_dags/example_dag_decorator.py took 0.281 seconds
[2026-06-08T12:30:05.442+0000] {processor.py:161} INFO - Started process (PID=1559) to work on /home/airflow/.local/lib/python3.12/site-packages/airflow/example_dags/example_dag_decorator.py
[2026-06-08T12:30:05.443+0000] {processor.py:830} INFO - Processing file /home/airflow/.local/lib/python3.12/site-packages/airflow/example_dags/example_dag_decorator.py for tasks to queue
[2026-06-08T12:30:05.444+0000] {logging_mixin.py:188} INFO - [2026-06-08T12:30:05.444+0000] {dagbag.py:545} INFO - Filling up the DagBag from /home/airflow/.local/lib/python3.12/site-packages/airflow/example_dags/example_dag_decorator.py
[2026-06-08T12:30:05.499+0000] {processor.py:840} INFO - DAG(s) 'example_dag_decorator' retrieved from /home/airflow/.local/lib/python3.12/site-packages/airflow/example_dags/example_dag_decorator.py
[2026-06-08T12:30:05.668+0000] {logging_mixin.py:188} INFO - [2026-06-08T12:30:05.668+0000] {dag.py:3096} INFO - Sync 1 DAGs
[2026-06-08T12:30:05.675+0000] {logging_mixin.py:188} INFO - [2026-06-08T12:30:05.674+0000] {dag.py:3954} INFO - Setting next_dagrun for example_dag_decorator to None, run_after=None
[2026-06-08T12:30:05.686+0000] {processor.py:183} INFO - Processing /home/airflow/.local/lib/python3.12/site-packages/airflow/example_dags/example_dag_decorator.py took 0.248 seconds
[2026-06-08T12:30:36.042+0000] {processor.py:161} INFO - Started process (PID=1620) to work on /home/airflow/.local/lib/python3.12/site-packages/airflow/example_dags/example_dag_decorator.py
[2026-06-08T12:30:36.043+0000] {processor.py:830} INFO - Processing file /home/airflow/.local/lib/python3.12/site-packages/airflow/example_dags/example_dag_decorator.py for tasks to queue
[2026-06-08T12:30:36.045+0000] {logging_mixin.py:188} INFO - [2026-06-08T12:30:36.045+0000] {dagbag.py:545} INFO - Filling up the DagBag from /home/airflow/.local/lib/python3.12/site-packages/airflow/example_dags/example_dag_decorator.py
[2026-06-08T12:30:36.110+0000] {processor.py:840} INFO - DAG(s) 'example_dag_decorator' retrieved from /home/airflow/.local/lib/python3.12/site-packages/airflow/example_dags/example_dag_decorator.py
[2026-06-08T12:30:36.287+0000] {logging_mixin.py:188} INFO - [2026-06-08T12:30:36.287+0000] {dag.py:3096} INFO - Sync 1 DAGs
[2026-06-08T12:30:36.293+0000] {logging_mixin.py:188} INFO - [2026-06-08T12:30:36.293+0000] {dag.py:3954} INFO - Setting next_dagrun for example_dag_decorator to None, run_after=None
[2026-06-08T12:30:36.316+0000] {processor.py:183} INFO - Processing /home/airflow/.local/lib/python3.12/site-packages/airflow/example_dags/example_dag_decorator.py took 0.280 seconds
[2026-06-08T12:31:06.580+0000] {processor.py:161} INFO - Started process (PID=1678) to work on /home/airflow/.local/lib/python3.12/site-packages/airflow/example_dags/example_dag_decorator.py
[2026-06-08T12:31:06.581+0000] {processor.py:830} INFO - Processing file /home/airflow/.local/lib/python3.12/site-packages/airflow/example_dags/example_dag_decorator.py for tasks to queue
[2026-06-08T12:31:06.583+0000] {logging_mixin.py:188} INFO - [2026-06-08T12:31:06.582+0000] {dagbag.py:545} INFO - Filling up the DagBag from /home/airflow/.local/lib/python3.12/site-packages/airflow/example_dags/example_dag_decorator.py
[2026-06-08T12:31:06.636+0000] {processor.py:840} INFO - DAG(s) 'example_dag_decorator' retrieved from /home/airflow/.local/lib/python3.12/site-packages/airflow/example_dags/example_dag_decorator.py
[2026-06-08T12:31:06.827+0000] {logging_mixin.py:188} INFO - [2026-06-08T12:31:06.827+0000] {dag.py:3096} INFO - Sync 1 DAGs
[2026-06-08T12:31:06.835+0000] {logging_mixin.py:188} INFO - [2026-06-08T12:31:06.835+0000] {dag.py:3954} INFO - Setting next_dagrun for example_dag_decorator to None, run_after=None
[2026-06-08T12:31:06.846+0000] {processor.py:183} INFO - Processing /home/airflow/.local/lib/python3.12/site-packages/airflow/example_dags/example_dag_decorator.py took 0.272 seconds
[2026-06-08T12:31:37.018+0000] {processor.py:161} INFO - Started process (PID=1737) to work on /home/airflow/.local/lib/python3.12/site-packages/airflow/example_dags/example_dag_decorator.py
[2026-06-08T12:31:37.019+0000] {processor.py:830} INFO - Processing file /home/airflow/.local/lib/python3.12/site-packages/airflow/example_dags/example_dag_decorator.py for tasks to queue
[2026-06-08T12:31:37.020+0000] {logging_mixin.py:188} INFO - [2026-06-08T12:31:37.020+0000] {dagbag.py:545} INFO - Filling up the DagBag from /home/airflow/.local/lib/python3.12/site-packages/airflow/example_dags/example_dag_decorator.py
[2026-06-08T12:31:37.073+0000] {processor.py:840} INFO - DAG(s) 'example_dag_decorator' retrieved from /home/airflow/.local/lib/python3.12/site-packages/airflow/example_dags/example_dag_decorator.py
[2026-06-08T12:31:37.245+0000] {logging_mixin.py:188} INFO - [2026-06-08T12:31:37.245+0000] {dag.py:3096} INFO - Sync 1 DAGs
[2026-06-08T12:31:37.251+0000] {logging_mixin.py:188} INFO - [2026-06-08T12:31:37.251+0000] {dag.py:3954} INFO - Setting next_dagrun for example_dag_decorator to None, run_after=None
[2026-06-08T12:31:37.264+0000] {processor.py:183} INFO - Processing /home/airflow/.local/lib/python3.12/site-packages/airflow/example_dags/example_dag_decorator.py took 0.250 seconds
[2026-06-08T12:32:07.318+0000] {processor.py:161} INFO - Started process (PID=1795) to work on /home/airflow/.local/lib/python3.12/site-packages/airflow/example_dags/example_dag_decorator.py
[2026-06-08T12:32:07.319+0000] {processor.py:830} INFO - Processing file /home/airflow/.local/lib/python3.12/site-packages/airflow/example_dags/example_dag_decorator.py for tasks to queue
[2026-06-08T12:32:07.320+0000] {logging_mixin.py:188} INFO - [2026-06-08T12:32:07.320+0000] {dagbag.py:545} INFO - Filling up the DagBag from /home/airflow/.local/lib/python3.12/site-packages/airflow/example_dags/example_dag_decorator.py
[2026-06-08T12:32:07.374+0000] {processor.py:840} INFO - DAG(s) 'example_dag_decorator' retrieved from /home/airflow/.local/lib/python3.12/site-packages/airflow/example_dags/example_dag_decorator.py
[2026-06-08T12:32:07.539+0000] {logging_mixin.py:188} INFO - [2026-06-08T12:32:07.539+0000] {dag.py:3096} INFO - Sync 1 DAGs
[2026-06-08T12:32:07.545+0000] {logging_mixin.py:188} INFO - [2026-06-08T12:32:07.545+0000] {dag.py:3954} INFO - Setting next_dagrun for example_dag_decorator to None, run_after=None
[2026-06-08T12:32:07.558+0000] {processor.py:183} INFO - Processing /home/airflow/.local/lib/python3.12/site-packages/airflow/example_dags/example_dag_decorator.py took 0.243 seconds
[2026-06-08T12:32:38.135+0000] {processor.py:161} INFO - Started process (PID=1855) to work on /home/airflow/.local/lib/python3.12/site-packages/airflow/example_dags/example_dag_decorator.py
[2026-06-08T12:32:38.136+0000] {processor.py:830} INFO - Processing file /home/airflow/.local/lib/python3.12/site-packages/airflow/example_dags/example_dag_decorator.py for tasks to queue
[2026-06-08T12:32:38.138+0000] {logging_mixin.py:188} INFO - [2026-06-08T12:32:38.138+0000] {dagbag.py:545} INFO - Filling up the DagBag from /home/airflow/.local/lib/python3.12/site-packages/airflow/example_dags/example_dag_decorator.py
[2026-06-08T12:32:38.294+0000] {processor.py:840} INFO - DAG(s) 'example_dag_decorator' retrieved from /home/airflow/.local/lib/python3.12/site-packages/airflow/example_dags/example_dag_decorator.py
[2026-06-08T12:32:38.359+0000] {logging_mixin.py:188} INFO - [2026-06-08T12:32:38.359+0000] {dag.py:3096} INFO - Sync 1 DAGs
[2026-06-08T12:32:38.367+0000] {logging_mixin.py:188} INFO - [2026-06-08T12:32:38.367+0000] {dag.py:3954} INFO - Setting next_dagrun for example_dag_decorator to None, run_after=None
[2026-06-08T12:32:38.382+0000] {processor.py:183} INFO - Processing /home/airflow/.local/lib/python3.12/site-packages/airflow/example_dags/example_dag_decorator.py took 0.254 seconds
[2026-06-08T12:33:09.142+0000] {processor.py:161} INFO - Started process (PID=1913) to work on /home/airflow/.local/lib/python3.12/site-packages/airflow/example_dags/example_dag_decorator.py
[2026-06-08T12:33:09.143+0000] {processor.py:830} INFO - Processing file /home/airflow/.local/lib/python3.12/site-packages/airflow/example_dags/example_dag_decorator.py for tasks to queue
[2026-06-08T12:33:09.144+0000] {logging_mixin.py:188} INFO - [2026-06-08T12:33:09.143+0000] {dagbag.py:545} INFO - Filling up the DagBag from /home/airflow/.local/lib/python3.12/site-packages/airflow/example_dags/example_dag_decorator.py
[2026-06-08T12:33:09.305+0000] {processor.py:840} INFO - DAG(s) 'example_dag_decorator' retrieved from /home/airflow/.local/lib/python3.12/site-packages/airflow/example_dags/example_dag_decorator.py
[2026-06-08T12:33:09.374+0000] {logging_mixin.py:188} INFO - [2026-06-08T12:33:09.373+0000] {dag.py:3096} INFO - Sync 1 DAGs
[2026-06-08T12:33:09.380+0000] {logging_mixin.py:188} INFO - [2026-06-08T12:33:09.380+0000] {dag.py:3954} INFO - Setting next_dagrun for example_dag_decorator to None, run_after=None
[2026-06-08T12:33:09.392+0000] {processor.py:183} INFO - Processing /home/airflow/.local/lib/python3.12/site-packages/airflow/example_dags/example_dag_decorator.py took 0.256 seconds
[2026-06-08T12:33:40.407+0000] {processor.py:161} INFO - Started process (PID=1972) to work on /home/airflow/.local/lib/python3.12/site-packages/airflow/example_dags/example_dag_decorator.py
[2026-06-08T12:33:40.409+0000] {processor.py:830} INFO - Processing file /home/airflow/.local/lib/python3.12/site-packages/airflow/example_dags/example_dag_decorator.py for tasks to queue
[2026-06-08T12:33:40.410+0000] {logging_mixin.py:188} INFO - [2026-06-08T12:33:40.410+0000] {dagbag.py:545} INFO - Filling up the DagBag from /home/airflow/.local/lib/python3.12/site-packages/airflow/example_dags/example_dag_decorator.py
[2026-06-08T12:33:40.471+0000] {processor.py:840} INFO - DAG(s) 'example_dag_decorator' retrieved from /home/airflow/.local/lib/python3.12/site-packages/airflow/example_dags/example_dag_decorator.py
[2026-06-08T12:33:40.638+0000] {logging_mixin.py:188} INFO - [2026-06-08T12:33:40.637+0000] {dag.py:3096} INFO - Sync 1 DAGs
[2026-06-08T12:33:40.644+0000] {logging_mixin.py:188} INFO - [2026-06-08T12:33:40.644+0000] {dag.py:3954} INFO - Setting next_dagrun for example_dag_decorator to None, run_after=None
[2026-06-08T12:33:40.656+0000] {processor.py:183} INFO - Processing /home/airflow/.local/lib/python3.12/site-packages/airflow/example_dags/example_dag_decorator.py took 0.257 seconds
[2026-06-08T12:34:11.317+0000] {processor.py:161} INFO - Started process (PID=2031) to work on /home/airflow/.local/lib/python3.12/site-packages/airflow/example_dags/example_dag_decorator.py
[2026-06-08T12:34:11.327+0000] {processor.py:830} INFO - Processing file /home/airflow/.local/lib/python3.12/site-packages/airflow/example_dags/example_dag_decorator.py for tasks to queue
[2026-06-08T12:34:11.328+0000] {logging_mixin.py:188} INFO - [2026-06-08T12:34:11.328+0000] {dagbag.py:545} INFO - Filling up the DagBag from /home/airflow/.local/lib/python3.12/site-packages/airflow/example_dags/example_dag_decorator.py
[2026-06-08T12:34:11.394+0000] {processor.py:840} INFO - DAG(s) 'example_dag_decorator' retrieved from /home/airflow/.local/lib/python3.12/site-packages/airflow/example_dags/example_dag_decorator.py
[2026-06-08T12:34:11.570+0000] {logging_mixin.py:188} INFO - [2026-06-08T12:34:11.569+0000] {dag.py:3096} INFO - Sync 1 DAGs
[2026-06-08T12:34:11.576+0000] {logging_mixin.py:188} INFO - [2026-06-08T12:34:11.576+0000] {dag.py:3954} INFO - Setting next_dagrun for example_dag_decorator to None, run_after=None
[2026-06-08T12:34:11.588+0000] {processor.py:183} INFO - Processing /home/airflow/.local/lib/python3.12/site-packages/airflow/example_dags/example_dag_decorator.py took 0.278 seconds
[2026-06-08T12:34:42.214+0000] {processor.py:161} INFO - Started process (PID=2090) to work on /home/airflow/.local/lib/python3.12/site-packages/airflow/example_dags/example_dag_decorator.py
[2026-06-08T12:34:42.214+0000] {processor.py:830} INFO - Processing file /home/airflow/.local/lib/python3.12/site-packages/airflow/example_dags/example_dag_decorator.py for tasks to queue
[2026-06-08T12:34:42.215+0000] {logging_mixin.py:188} INFO - [2026-06-08T12:34:42.215+0000] {dagbag.py:545} INFO - Filling up the DagBag from /home/airflow/.local/lib/python3.12/site-packages/airflow/example_dags/example_dag_decorator.py
[2026-06-08T12:34:42.367+0000] {processor.py:840} INFO - DAG(s) 'example_dag_decorator' retrieved from /home/airflow/.local/lib/python3.12/site-packages/airflow/example_dags/example_dag_decorator.py
[2026-06-08T12:34:42.447+0000] {logging_mixin.py:188} INFO - [2026-06-08T12:34:42.446+0000] {dag.py:3096} INFO - Sync 1 DAGs
[2026-06-08T12:34:42.456+0000] {logging_mixin.py:188} INFO - [2026-06-08T12:34:42.456+0000] {dag.py:3954} INFO - Setting next_dagrun for example_dag_decorator to None, run_after=None
[2026-06-08T12:34:42.480+0000] {processor.py:183} INFO - Processing /home/airflow/.local/lib/python3.12/site-packages/airflow/example_dags/example_dag_decorator.py took 0.272 seconds
[2026-06-08T12:35:12.503+0000] {processor.py:161} INFO - Started process (PID=2149) to work on /home/airflow/.local/lib/python3.12/site-packages/airflow/example_dags/example_dag_decorator.py
[2026-06-08T12:35:12.504+0000] {processor.py:830} INFO - Processing file /home/airflow/.local/lib/python3.12/site-packages/airflow/example_dags/example_dag_decorator.py for tasks to queue
[2026-06-08T12:35:12.506+0000] {logging_mixin.py:188} INFO - [2026-06-08T12:35:12.506+0000] {dagbag.py:545} INFO - Filling up the DagBag from /home/airflow/.local/lib/python3.12/site-packages/airflow/example_dags/example_dag_decorator.py
[2026-06-08T12:35:12.568+0000] {processor.py:840} INFO - DAG(s) 'example_dag_decorator' retrieved from /home/airflow/.local/lib/python3.12/site-packages/airflow/example_dags/example_dag_decorator.py
[2026-06-08T12:35:12.637+0000] {logging_mixin.py:188} INFO - [2026-06-08T12:35:12.636+0000] {dag.py:3096} INFO - Sync 1 DAGs
[2026-06-08T12:35:12.643+0000] {logging_mixin.py:188} INFO - [2026-06-08T12:35:12.643+0000] {dag.py:3954} INFO - Setting next_dagrun for example_dag_decorator to None, run_after=None
[2026-06-08T12:35:12.666+0000] {processor.py:183} INFO - Processing /home/airflow/.local/lib/python3.12/site-packages/airflow/example_dags/example_dag_decorator.py took 0.169 seconds
[2026-06-08T12:35:43.104+0000] {processor.py:161} INFO - Started process (PID=2208) to work on /home/airflow/.local/lib/python3.12/site-packages/airflow/example_dags/example_dag_decorator.py
[2026-06-08T12:35:43.105+0000] {processor.py:830} INFO - Processing file /home/airflow/.local/lib/python3.12/site-packages/airflow/example_dags/example_dag_decorator.py for tasks to queue
[2026-06-08T12:35:43.107+0000] {logging_mixin.py:188} INFO - [2026-06-08T12:35:43.107+0000] {dagbag.py:545} INFO - Filling up the DagBag from /home/airflow/.local/lib/python3.12/site-packages/airflow/example_dags/example_dag_decorator.py
[2026-06-08T12:35:43.164+0000] {processor.py:840} INFO - DAG(s) 'example_dag_decorator' retrieved from /home/airflow/.local/lib/python3.12/site-packages/airflow/example_dags/example_dag_decorator.py
[2026-06-08T12:35:43.236+0000] {logging_mixin.py:188} INFO - [2026-06-08T12:35:43.235+0000] {dag.py:3096} INFO - Sync 1 DAGs
[2026-06-08T12:35:43.247+0000] {logging_mixin.py:188} INFO - [2026-06-08T12:35:43.247+0000] {dag.py:3954} INFO - Setting next_dagrun for example_dag_decorator to None, run_after=None
[2026-06-08T12:35:43.262+0000] {processor.py:183} INFO - Processing /home/airflow/.local/lib/python3.12/site-packages/airflow/example_dags/example_dag_decorator.py took 0.162 seconds
[2026-06-08T12:36:13.636+0000] {processor.py:161} INFO - Started process (PID=2267) to work on /home/airflow/.local/lib/python3.12/site-packages/airflow/example_dags/example_dag_decorator.py
[2026-06-08T12:36:13.637+0000] {processor.py:830} INFO - Processing file /home/airflow/.local/lib/python3.12/site-packages/airflow/example_dags/example_dag_decorator.py for tasks to queue
[2026-06-08T12:36:13.639+0000] {logging_mixin.py:188} INFO - [2026-06-08T12:36:13.639+0000] {dagbag.py:545} INFO - Filling up the DagBag from /home/airflow/.local/lib/python3.12/site-packages/airflow/example_dags/example_dag_decorator.py
[2026-06-08T12:36:13.696+0000] {processor.py:840} INFO - DAG(s) 'example_dag_decorator' retrieved from /home/airflow/.local/lib/python3.12/site-packages/airflow/example_dags/example_dag_decorator.py
[2026-06-08T12:36:13.779+0000] {logging_mixin.py:188} INFO - [2026-06-08T12:36:13.779+0000] {dag.py:3096} INFO - Sync 1 DAGs
[2026-06-08T12:36:13.790+0000] {logging_mixin.py:188} INFO - [2026-06-08T12:36:13.790+0000] {dag.py:3954} INFO - Setting next_dagrun for example_dag_decorator to None, run_after=None
[2026-06-08T12:36:13.806+0000] {processor.py:183} INFO - Processing /home/airflow/.local/lib/python3.12/site-packages/airflow/example_dags/example_dag_decorator.py took 0.177 seconds
[2026-06-08T12:36:44.314+0000] {processor.py:161} INFO - Started process (PID=2327) to work on /home/airflow/.local/lib/python3.12/site-packages/airflow/example_dags/example_dag_decorator.py
[2026-06-08T12:36:44.314+0000] {processor.py:830} INFO - Processing file /home/airflow/.local/lib/python3.12/site-packages/airflow/example_dags/example_dag_decorator.py for tasks to queue
[2026-06-08T12:36:44.315+0000] {logging_mixin.py:188} INFO - [2026-06-08T12:36:44.315+0000] {dagbag.py:545} INFO - Filling up the DagBag from /home/airflow/.local/lib/python3.12/site-packages/airflow/example_dags/example_dag_decorator.py
[2026-06-08T12:36:44.388+0000] {processor.py:840} INFO - DAG(s) 'example_dag_decorator' retrieved from /home/airflow/.local/lib/python3.12/site-packages/airflow/example_dags/example_dag_decorator.py
[2026-06-08T12:36:44.480+0000] {logging_mixin.py:188} INFO - [2026-06-08T12:36:44.480+0000] {dag.py:3096} INFO - Sync 1 DAGs
[2026-06-08T12:36:44.487+0000] {logging_mixin.py:188} INFO - [2026-06-08T12:36:44.487+0000] {dag.py:3954} INFO - Setting next_dagrun for example_dag_decorator to None, run_after=None
[2026-06-08T12:36:44.501+0000] {processor.py:183} INFO - Processing /home/airflow/.local/lib/python3.12/site-packages/airflow/example_dags/example_dag_decorator.py took 0.191 seconds
[2026-06-08T12:37:14.625+0000] {processor.py:161} INFO - Started process (PID=2386) to work on /home/airflow/.local/lib/python3.12/site-packages/airflow/example_dags/example_dag_decorator.py
[2026-06-08T12:37:14.626+0000] {processor.py:830} INFO - Processing file /home/airflow/.local/lib/python3.12/site-packages/airflow/example_dags/example_dag_decorator.py for tasks to queue
[2026-06-08T12:37:14.628+0000] {logging_mixin.py:188} INFO - [2026-06-08T12:37:14.628+0000] {dagbag.py:545} INFO - Filling up the DagBag from /home/airflow/.local/lib/python3.12/site-packages/airflow/example_dags/example_dag_decorator.py
[2026-06-08T12:37:14.684+0000] {processor.py:840} INFO - DAG(s) 'example_dag_decorator' retrieved from /home/airflow/.local/lib/python3.12/site-packages/airflow/example_dags/example_dag_decorator.py
[2026-06-08T12:37:14.753+0000] {logging_mixin.py:188} INFO - [2026-06-08T12:37:14.753+0000] {dag.py:3096} INFO - Sync 1 DAGs
[2026-06-08T12:37:14.760+0000] {logging_mixin.py:188} INFO - [2026-06-08T12:37:14.760+0000] {dag.py:3954} INFO - Setting next_dagrun for example_dag_decorator to None, run_after=None
[2026-06-08T12:37:14.775+0000] {processor.py:183} INFO - Processing /home/airflow/.local/lib/python3.12/site-packages/airflow/example_dags/example_dag_decorator.py took 0.157 seconds
[2026-06-08T12:37:44.977+0000] {processor.py:161} INFO - Started process (PID=2445) to work on /home/airflow/.local/lib/python3.12/site-packages/airflow/example_dags/example_dag_decorator.py
[2026-06-08T12:37:44.978+0000] {processor.py:830} INFO - Processing file /home/airflow/.local/lib/python3.12/site-packages/airflow/example_dags/example_dag_decorator.py for tasks to queue
[2026-06-08T12:37:44.979+0000] {logging_mixin.py:188} INFO - [2026-06-08T12:37:44.979+0000] {dagbag.py:545} INFO - Filling up the DagBag from /home/airflow/.local/lib/python3.12/site-packages/airflow/example_dags/example_dag_decorator.py
[2026-06-08T12:37:45.033+0000] {processor.py:840} INFO - DAG(s) 'example_dag_decorator' retrieved from /home/airflow/.local/lib/python3.12/site-packages/airflow/example_dags/example_dag_decorator.py
[2026-06-08T12:37:45.051+0000] {logging_mixin.py:188} INFO - [2026-06-08T12:37:45.051+0000] {dag.py:3096} INFO - Sync 1 DAGs
[2026-06-08T12:37:45.059+0000] {logging_mixin.py:188} INFO - [2026-06-08T12:37:45.059+0000] {dag.py:3954} INFO - Setting next_dagrun for example_dag_decorator to None, run_after=None
[2026-06-08T12:37:45.070+0000] {processor.py:183} INFO - Processing /home/airflow/.local/lib/python3.12/site-packages/airflow/example_dags/example_dag_decorator.py took 0.098 seconds
