[2026-06-08T12:17:51.473+0000] {processor.py:161} INFO - Started process (PID=70) to work on /home/airflow/.local/lib/python3.12/site-packages/airflow/example_dags/example_bash_operator.py
[2026-06-08T12:17:51.473+0000] {processor.py:830} INFO - Processing file /home/airflow/.local/lib/python3.12/site-packages/airflow/example_dags/example_bash_operator.py for tasks to queue
[2026-06-08T12:17:51.474+0000] {logging_mixin.py:188} INFO - [2026-06-08T12:17:51.474+0000] {dagbag.py:545} INFO - Filling up the DagBag from /home/airflow/.local/lib/python3.12/site-packages/airflow/example_dags/example_bash_operator.py
[2026-06-08T12:17:51.484+0000] {processor.py:840} INFO - DAG(s) 'example_bash_operator' retrieved from /home/airflow/.local/lib/python3.12/site-packages/airflow/example_dags/example_bash_operator.py
[2026-06-08T12:17:51.491+0000] {logging_mixin.py:188} INFO - [2026-06-08T12:17:51.491+0000] {dag.py:3096} INFO - Sync 1 DAGs
[2026-06-08T12:17:51.507+0000] {logging_mixin.py:188} INFO - [2026-06-08T12:17:51.507+0000] {dag.py:3954} INFO - Setting next_dagrun for example_bash_operator to 2026-06-07 00:00:00+00:00, run_after=2026-06-08 00:00:00+00:00
[2026-06-08T12:17:51.527+0000] {processor.py:183} INFO - Processing /home/airflow/.local/lib/python3.12/site-packages/airflow/example_dags/example_bash_operator.py took 0.059 seconds
[2026-06-08T12:18:22.662+0000] {processor.py:161} INFO - Started process (PID=134) to work on /home/airflow/.local/lib/python3.12/site-packages/airflow/example_dags/example_bash_operator.py
[2026-06-08T12:18:22.663+0000] {processor.py:830} INFO - Processing file /home/airflow/.local/lib/python3.12/site-packages/airflow/example_dags/example_bash_operator.py for tasks to queue
[2026-06-08T12:18:22.664+0000] {logging_mixin.py:188} INFO - [2026-06-08T12:18:22.663+0000] {dagbag.py:545} INFO - Filling up the DagBag from /home/airflow/.local/lib/python3.12/site-packages/airflow/example_dags/example_bash_operator.py
[2026-06-08T12:18:22.671+0000] {processor.py:840} INFO - DAG(s) 'example_bash_operator' retrieved from /home/airflow/.local/lib/python3.12/site-packages/airflow/example_dags/example_bash_operator.py
[2026-06-08T12:18:22.778+0000] {logging_mixin.py:188} INFO - [2026-06-08T12:18:22.778+0000] {dag.py:3096} INFO - Sync 1 DAGs
[2026-06-08T12:18:22.802+0000] {logging_mixin.py:188} INFO - [2026-06-08T12:18:22.802+0000] {dag.py:3954} INFO - Setting next_dagrun for example_bash_operator to 2026-06-07 00:00:00+00:00, run_after=2026-06-08 00:00:00+00:00
[2026-06-08T12:18:22.825+0000] {processor.py:183} INFO - Processing /home/airflow/.local/lib/python3.12/site-packages/airflow/example_dags/example_bash_operator.py took 0.167 seconds
[2026-06-08T12:18:52.899+0000] {processor.py:161} INFO - Started process (PID=192) to work on /home/airflow/.local/lib/python3.12/site-packages/airflow/example_dags/example_bash_operator.py
[2026-06-08T12:18:52.899+0000] {processor.py:830} INFO - Processing file /home/airflow/.local/lib/python3.12/site-packages/airflow/example_dags/example_bash_operator.py for tasks to queue
[2026-06-08T12:18:52.901+0000] {logging_mixin.py:188} INFO - [2026-06-08T12:18:52.900+0000] {dagbag.py:545} INFO - Filling up the DagBag from /home/airflow/.local/lib/python3.12/site-packages/airflow/example_dags/example_bash_operator.py
[2026-06-08T12:18:52.907+0000] {processor.py:840} INFO - DAG(s) 'example_bash_operator' retrieved from /home/airflow/.local/lib/python3.12/site-packages/airflow/example_dags/example_bash_operator.py
[2026-06-08T12:18:52.934+0000] {logging_mixin.py:188} INFO - [2026-06-08T12:18:52.933+0000] {dag.py:3096} INFO - Sync 1 DAGs
[2026-06-08T12:18:52.951+0000] {logging_mixin.py:188} INFO - [2026-06-08T12:18:52.951+0000] {dag.py:3954} INFO - Setting next_dagrun for example_bash_operator to 2026-06-07 00:00:00+00:00, run_after=2026-06-08 00:00:00+00:00
[2026-06-08T12:18:52.964+0000] {processor.py:183} INFO - Processing /home/airflow/.local/lib/python3.12/site-packages/airflow/example_dags/example_bash_operator.py took 0.068 seconds
[2026-06-08T12:19:23.180+0000] {processor.py:161} INFO - Started process (PID=250) to work on /home/airflow/.local/lib/python3.12/site-packages/airflow/example_dags/example_bash_operator.py
[2026-06-08T12:19:23.180+0000] {processor.py:830} INFO - Processing file /home/airflow/.local/lib/python3.12/site-packages/airflow/example_dags/example_bash_operator.py for tasks to queue
[2026-06-08T12:19:23.181+0000] {logging_mixin.py:188} INFO - [2026-06-08T12:19:23.181+0000] {dagbag.py:545} INFO - Filling up the DagBag from /home/airflow/.local/lib/python3.12/site-packages/airflow/example_dags/example_bash_operator.py
[2026-06-08T12:19:23.189+0000] {processor.py:840} INFO - DAG(s) 'example_bash_operator' retrieved from /home/airflow/.local/lib/python3.12/site-packages/airflow/example_dags/example_bash_operator.py
[2026-06-08T12:19:23.211+0000] {logging_mixin.py:188} INFO - [2026-06-08T12:19:23.211+0000] {dag.py:3096} INFO - Sync 1 DAGs
[2026-06-08T12:19:23.229+0000] {logging_mixin.py:188} INFO - [2026-06-08T12:19:23.229+0000] {dag.py:3954} INFO - Setting next_dagrun for example_bash_operator to 2026-06-07 00:00:00+00:00, run_after=2026-06-08 00:00:00+00:00
[2026-06-08T12:19:23.246+0000] {processor.py:183} INFO - Processing /home/airflow/.local/lib/python3.12/site-packages/airflow/example_dags/example_bash_operator.py took 0.070 seconds
[2026-06-08T12:19:53.717+0000] {processor.py:161} INFO - Started process (PID=308) to work on /home/airflow/.local/lib/python3.12/site-packages/airflow/example_dags/example_bash_operator.py
[2026-06-08T12:19:53.718+0000] {processor.py:830} INFO - Processing file /home/airflow/.local/lib/python3.12/site-packages/airflow/example_dags/example_bash_operator.py for tasks to queue
[2026-06-08T12:19:53.719+0000] {logging_mixin.py:188} INFO - [2026-06-08T12:19:53.718+0000] {dagbag.py:545} INFO - Filling up the DagBag from /home/airflow/.local/lib/python3.12/site-packages/airflow/example_dags/example_bash_operator.py
[2026-06-08T12:19:53.726+0000] {processor.py:840} INFO - DAG(s) 'example_bash_operator' retrieved from /home/airflow/.local/lib/python3.12/site-packages/airflow/example_dags/example_bash_operator.py
[2026-06-08T12:19:53.752+0000] {logging_mixin.py:188} INFO - [2026-06-08T12:19:53.752+0000] {dag.py:3096} INFO - Sync 1 DAGs
[2026-06-08T12:19:53.772+0000] {logging_mixin.py:188} INFO - [2026-06-08T12:19:53.771+0000] {dag.py:3954} INFO - Setting next_dagrun for example_bash_operator to 2026-06-07 00:00:00+00:00, run_after=2026-06-08 00:00:00+00:00
[2026-06-08T12:19:53.786+0000] {processor.py:183} INFO - Processing /home/airflow/.local/lib/python3.12/site-packages/airflow/example_dags/example_bash_operator.py took 0.075 seconds
[2026-06-08T12:20:24.233+0000] {processor.py:161} INFO - Started process (PID=366) to work on /home/airflow/.local/lib/python3.12/site-packages/airflow/example_dags/example_bash_operator.py
[2026-06-08T12:20:24.234+0000] {processor.py:830} INFO - Processing file /home/airflow/.local/lib/python3.12/site-packages/airflow/example_dags/example_bash_operator.py for tasks to queue
[2026-06-08T12:20:24.235+0000] {logging_mixin.py:188} INFO - [2026-06-08T12:20:24.234+0000] {dagbag.py:545} INFO - Filling up the DagBag from /home/airflow/.local/lib/python3.12/site-packages/airflow/example_dags/example_bash_operator.py
[2026-06-08T12:20:24.242+0000] {processor.py:840} INFO - DAG(s) 'example_bash_operator' retrieved from /home/airflow/.local/lib/python3.12/site-packages/airflow/example_dags/example_bash_operator.py
[2026-06-08T12:20:24.262+0000] {logging_mixin.py:188} INFO - [2026-06-08T12:20:24.261+0000] {dag.py:3096} INFO - Sync 1 DAGs
[2026-06-08T12:20:24.282+0000] {logging_mixin.py:188} INFO - [2026-06-08T12:20:24.282+0000] {dag.py:3954} INFO - Setting next_dagrun for example_bash_operator to 2026-06-07 00:00:00+00:00, run_after=2026-06-08 00:00:00+00:00
[2026-06-08T12:20:24.301+0000] {processor.py:183} INFO - Processing /home/airflow/.local/lib/python3.12/site-packages/airflow/example_dags/example_bash_operator.py took 0.072 seconds
[2026-06-08T12:20:54.804+0000] {processor.py:161} INFO - Started process (PID=424) to work on /home/airflow/.local/lib/python3.12/site-packages/airflow/example_dags/example_bash_operator.py
[2026-06-08T12:20:54.804+0000] {processor.py:830} INFO - Processing file /home/airflow/.local/lib/python3.12/site-packages/airflow/example_dags/example_bash_operator.py for tasks to queue
[2026-06-08T12:20:54.806+0000] {logging_mixin.py:188} INFO - [2026-06-08T12:20:54.805+0000] {dagbag.py:545} INFO - Filling up the DagBag from /home/airflow/.local/lib/python3.12/site-packages/airflow/example_dags/example_bash_operator.py
[2026-06-08T12:20:54.812+0000] {processor.py:840} INFO - DAG(s) 'example_bash_operator' retrieved from /home/airflow/.local/lib/python3.12/site-packages/airflow/example_dags/example_bash_operator.py
[2026-06-08T12:20:54.840+0000] {logging_mixin.py:188} INFO - [2026-06-08T12:20:54.839+0000] {dag.py:3096} INFO - Sync 1 DAGs
[2026-06-08T12:20:54.861+0000] {logging_mixin.py:188} INFO - [2026-06-08T12:20:54.861+0000] {dag.py:3954} INFO - Setting next_dagrun for example_bash_operator to 2026-06-07 00:00:00+00:00, run_after=2026-06-08 00:00:00+00:00
[2026-06-08T12:20:54.875+0000] {processor.py:183} INFO - Processing /home/airflow/.local/lib/python3.12/site-packages/airflow/example_dags/example_bash_operator.py took 0.075 seconds
[2026-06-08T12:21:24.917+0000] {processor.py:161} INFO - Started process (PID=482) to work on /home/airflow/.local/lib/python3.12/site-packages/airflow/example_dags/example_bash_operator.py
[2026-06-08T12:21:24.918+0000] {processor.py:830} INFO - Processing file /home/airflow/.local/lib/python3.12/site-packages/airflow/example_dags/example_bash_operator.py for tasks to queue
[2026-06-08T12:21:24.920+0000] {logging_mixin.py:188} INFO - [2026-06-08T12:21:24.919+0000] {dagbag.py:545} INFO - Filling up the DagBag from /home/airflow/.local/lib/python3.12/site-packages/airflow/example_dags/example_bash_operator.py
[2026-06-08T12:21:24.928+0000] {processor.py:840} INFO - DAG(s) 'example_bash_operator' retrieved from /home/airflow/.local/lib/python3.12/site-packages/airflow/example_dags/example_bash_operator.py
[2026-06-08T12:21:24.946+0000] {logging_mixin.py:188} INFO - [2026-06-08T12:21:24.946+0000] {dag.py:3096} INFO - Sync 1 DAGs
[2026-06-08T12:21:24.961+0000] {logging_mixin.py:188} INFO - [2026-06-08T12:21:24.961+0000] {dag.py:3954} INFO - Setting next_dagrun for example_bash_operator to 2026-06-07 00:00:00+00:00, run_after=2026-06-08 00:00:00+00:00
[2026-06-08T12:21:24.972+0000] {processor.py:183} INFO - Processing /home/airflow/.local/lib/python3.12/site-packages/airflow/example_dags/example_bash_operator.py took 0.060 seconds
[2026-06-08T12:21:55.576+0000] {processor.py:161} INFO - Started process (PID=562) to work on /home/airflow/.local/lib/python3.12/site-packages/airflow/example_dags/example_bash_operator.py
[2026-06-08T12:21:55.576+0000] {processor.py:830} INFO - Processing file /home/airflow/.local/lib/python3.12/site-packages/airflow/example_dags/example_bash_operator.py for tasks to queue
[2026-06-08T12:21:55.578+0000] {logging_mixin.py:188} INFO - [2026-06-08T12:21:55.577+0000] {dagbag.py:545} INFO - Filling up the DagBag from /home/airflow/.local/lib/python3.12/site-packages/airflow/example_dags/example_bash_operator.py
[2026-06-08T12:21:55.586+0000] {processor.py:840} INFO - DAG(s) 'example_bash_operator' retrieved from /home/airflow/.local/lib/python3.12/site-packages/airflow/example_dags/example_bash_operator.py
[2026-06-08T12:21:55.607+0000] {logging_mixin.py:188} INFO - [2026-06-08T12:21:55.607+0000] {dag.py:3096} INFO - Sync 1 DAGs
[2026-06-08T12:21:55.623+0000] {logging_mixin.py:188} INFO - [2026-06-08T12:21:55.623+0000] {dag.py:3954} INFO - Setting next_dagrun for example_bash_operator to 2026-06-07 00:00:00+00:00, run_after=2026-06-08 00:00:00+00:00
[2026-06-08T12:21:55.637+0000] {processor.py:183} INFO - Processing /home/airflow/.local/lib/python3.12/site-packages/airflow/example_dags/example_bash_operator.py took 0.068 seconds
[2026-06-08T12:22:26.683+0000] {processor.py:161} INFO - Started process (PID=620) to work on /home/airflow/.local/lib/python3.12/site-packages/airflow/example_dags/example_bash_operator.py
[2026-06-08T12:22:26.696+0000] {processor.py:830} INFO - Processing file /home/airflow/.local/lib/python3.12/site-packages/airflow/example_dags/example_bash_operator.py for tasks to queue
[2026-06-08T12:22:26.697+0000] {logging_mixin.py:188} INFO - [2026-06-08T12:22:26.697+0000] {dagbag.py:545} INFO - Filling up the DagBag from /home/airflow/.local/lib/python3.12/site-packages/airflow/example_dags/example_bash_operator.py
[2026-06-08T12:22:26.705+0000] {processor.py:840} INFO - DAG(s) 'example_bash_operator' retrieved from /home/airflow/.local/lib/python3.12/site-packages/airflow/example_dags/example_bash_operator.py
[2026-06-08T12:22:26.734+0000] {logging_mixin.py:188} INFO - [2026-06-08T12:22:26.734+0000] {dag.py:3096} INFO - Sync 1 DAGs
[2026-06-08T12:22:26.762+0000] {logging_mixin.py:188} INFO - [2026-06-08T12:22:26.761+0000] {dag.py:3954} INFO - Setting next_dagrun for example_bash_operator to 2026-06-07 00:00:00+00:00, run_after=2026-06-08 00:00:00+00:00
[2026-06-08T12:22:26.792+0000] {processor.py:183} INFO - Processing /home/airflow/.local/lib/python3.12/site-packages/airflow/example_dags/example_bash_operator.py took 0.115 seconds
[2026-06-08T12:22:57.405+0000] {processor.py:161} INFO - Started process (PID=701) to work on /home/airflow/.local/lib/python3.12/site-packages/airflow/example_dags/example_bash_operator.py
[2026-06-08T12:22:57.406+0000] {processor.py:830} INFO - Processing file /home/airflow/.local/lib/python3.12/site-packages/airflow/example_dags/example_bash_operator.py for tasks to queue
[2026-06-08T12:22:57.407+0000] {logging_mixin.py:188} INFO - [2026-06-08T12:22:57.407+0000] {dagbag.py:545} INFO - Filling up the DagBag from /home/airflow/.local/lib/python3.12/site-packages/airflow/example_dags/example_bash_operator.py
[2026-06-08T12:22:57.417+0000] {processor.py:840} INFO - DAG(s) 'example_bash_operator' retrieved from /home/airflow/.local/lib/python3.12/site-packages/airflow/example_dags/example_bash_operator.py
[2026-06-08T12:22:57.428+0000] {logging_mixin.py:188} INFO - [2026-06-08T12:22:57.428+0000] {dag.py:3096} INFO - Sync 1 DAGs
[2026-06-08T12:22:57.448+0000] {logging_mixin.py:188} INFO - [2026-06-08T12:22:57.448+0000] {dag.py:3954} INFO - Setting next_dagrun for example_bash_operator to 2026-06-07 00:00:00+00:00, run_after=2026-06-08 00:00:00+00:00
[2026-06-08T12:22:57.461+0000] {processor.py:183} INFO - Processing /home/airflow/.local/lib/python3.12/site-packages/airflow/example_dags/example_bash_operator.py took 0.062 seconds
[2026-06-08T12:23:28.475+0000] {processor.py:161} INFO - Started process (PID=781) to work on /home/airflow/.local/lib/python3.12/site-packages/airflow/example_dags/example_bash_operator.py
[2026-06-08T12:23:28.475+0000] {processor.py:830} INFO - Processing file /home/airflow/.local/lib/python3.12/site-packages/airflow/example_dags/example_bash_operator.py for tasks to queue
[2026-06-08T12:23:28.476+0000] {logging_mixin.py:188} INFO - [2026-06-08T12:23:28.476+0000] {dagbag.py:545} INFO - Filling up the DagBag from /home/airflow/.local/lib/python3.12/site-packages/airflow/example_dags/example_bash_operator.py
[2026-06-08T12:23:28.483+0000] {processor.py:840} INFO - DAG(s) 'example_bash_operator' retrieved from /home/airflow/.local/lib/python3.12/site-packages/airflow/example_dags/example_bash_operator.py
[2026-06-08T12:23:28.564+0000] {logging_mixin.py:188} INFO - [2026-06-08T12:23:28.563+0000] {dag.py:3096} INFO - Sync 1 DAGs
[2026-06-08T12:23:28.576+0000] {logging_mixin.py:188} INFO - [2026-06-08T12:23:28.576+0000] {dag.py:3954} INFO - Setting next_dagrun for example_bash_operator to 2026-06-07 00:00:00+00:00, run_after=2026-06-08 00:00:00+00:00
[2026-06-08T12:23:28.587+0000] {processor.py:183} INFO - Processing /home/airflow/.local/lib/python3.12/site-packages/airflow/example_dags/example_bash_operator.py took 0.116 seconds
[2026-06-08T12:23:58.927+0000] {processor.py:161} INFO - Started process (PID=840) to work on /home/airflow/.local/lib/python3.12/site-packages/airflow/example_dags/example_bash_operator.py
[2026-06-08T12:23:58.927+0000] {processor.py:830} INFO - Processing file /home/airflow/.local/lib/python3.12/site-packages/airflow/example_dags/example_bash_operator.py for tasks to queue
[2026-06-08T12:23:58.928+0000] {logging_mixin.py:188} INFO - [2026-06-08T12:23:58.928+0000] {dagbag.py:545} INFO - Filling up the DagBag from /home/airflow/.local/lib/python3.12/site-packages/airflow/example_dags/example_bash_operator.py
[2026-06-08T12:23:58.939+0000] {processor.py:840} INFO - DAG(s) 'example_bash_operator' retrieved from /home/airflow/.local/lib/python3.12/site-packages/airflow/example_dags/example_bash_operator.py
[2026-06-08T12:23:58.965+0000] {logging_mixin.py:188} INFO - [2026-06-08T12:23:58.965+0000] {dag.py:3096} INFO - Sync 1 DAGs
[2026-06-08T12:23:58.981+0000] {logging_mixin.py:188} INFO - [2026-06-08T12:23:58.980+0000] {dag.py:3954} INFO - Setting next_dagrun for example_bash_operator to 2026-06-07 00:00:00+00:00, run_after=2026-06-08 00:00:00+00:00
[2026-06-08T12:23:58.995+0000] {processor.py:183} INFO - Processing /home/airflow/.local/lib/python3.12/site-packages/airflow/example_dags/example_bash_operator.py took 0.072 seconds
[2026-06-08T12:24:29.650+0000] {processor.py:161} INFO - Started process (PID=899) to work on /home/airflow/.local/lib/python3.12/site-packages/airflow/example_dags/example_bash_operator.py
[2026-06-08T12:24:29.651+0000] {processor.py:830} INFO - Processing file /home/airflow/.local/lib/python3.12/site-packages/airflow/example_dags/example_bash_operator.py for tasks to queue
[2026-06-08T12:24:29.652+0000] {logging_mixin.py:188} INFO - [2026-06-08T12:24:29.652+0000] {dagbag.py:545} INFO - Filling up the DagBag from /home/airflow/.local/lib/python3.12/site-packages/airflow/example_dags/example_bash_operator.py
[2026-06-08T12:24:29.660+0000] {processor.py:840} INFO - DAG(s) 'example_bash_operator' retrieved from /home/airflow/.local/lib/python3.12/site-packages/airflow/example_dags/example_bash_operator.py
[2026-06-08T12:24:29.694+0000] {logging_mixin.py:188} INFO - [2026-06-08T12:24:29.694+0000] {dag.py:3096} INFO - Sync 1 DAGs
[2026-06-08T12:24:29.709+0000] {logging_mixin.py:188} INFO - [2026-06-08T12:24:29.709+0000] {dag.py:3954} INFO - Setting next_dagrun for example_bash_operator to 2026-06-07 00:00:00+00:00, run_after=2026-06-08 00:00:00+00:00
[2026-06-08T12:24:29.721+0000] {processor.py:183} INFO - Processing /home/airflow/.local/lib/python3.12/site-packages/airflow/example_dags/example_bash_operator.py took 0.075 seconds
[2026-06-08T12:25:00.168+0000] {processor.py:161} INFO - Started process (PID=958) to work on /home/airflow/.local/lib/python3.12/site-packages/airflow/example_dags/example_bash_operator.py
[2026-06-08T12:25:00.169+0000] {processor.py:830} INFO - Processing file /home/airflow/.local/lib/python3.12/site-packages/airflow/example_dags/example_bash_operator.py for tasks to queue
[2026-06-08T12:25:00.171+0000] {logging_mixin.py:188} INFO - [2026-06-08T12:25:00.170+0000] {dagbag.py:545} INFO - Filling up the DagBag from /home/airflow/.local/lib/python3.12/site-packages/airflow/example_dags/example_bash_operator.py
[2026-06-08T12:25:00.182+0000] {processor.py:840} INFO - DAG(s) 'example_bash_operator' retrieved from /home/airflow/.local/lib/python3.12/site-packages/airflow/example_dags/example_bash_operator.py
[2026-06-08T12:25:00.203+0000] {logging_mixin.py:188} INFO - [2026-06-08T12:25:00.203+0000] {dag.py:3096} INFO - Sync 1 DAGs
[2026-06-08T12:25:00.226+0000] {logging_mixin.py:188} INFO - [2026-06-08T12:25:00.225+0000] {dag.py:3954} INFO - Setting next_dagrun for example_bash_operator to 2026-06-07 00:00:00+00:00, run_after=2026-06-08 00:00:00+00:00
[2026-06-08T12:25:00.239+0000] {processor.py:183} INFO - Processing /home/airflow/.local/lib/python3.12/site-packages/airflow/example_dags/example_bash_operator.py took 0.077 seconds
[2026-06-08T12:25:30.674+0000] {processor.py:161} INFO - Started process (PID=1018) to work on /home/airflow/.local/lib/python3.12/site-packages/airflow/example_dags/example_bash_operator.py
[2026-06-08T12:25:30.675+0000] {processor.py:830} INFO - Processing file /home/airflow/.local/lib/python3.12/site-packages/airflow/example_dags/example_bash_operator.py for tasks to queue
[2026-06-08T12:25:30.676+0000] {logging_mixin.py:188} INFO - [2026-06-08T12:25:30.676+0000] {dagbag.py:545} INFO - Filling up the DagBag from /home/airflow/.local/lib/python3.12/site-packages/airflow/example_dags/example_bash_operator.py
[2026-06-08T12:25:30.683+0000] {processor.py:840} INFO - DAG(s) 'example_bash_operator' retrieved from /home/airflow/.local/lib/python3.12/site-packages/airflow/example_dags/example_bash_operator.py
[2026-06-08T12:25:30.701+0000] {logging_mixin.py:188} INFO - [2026-06-08T12:25:30.701+0000] {dag.py:3096} INFO - Sync 1 DAGs
[2026-06-08T12:25:30.717+0000] {logging_mixin.py:188} INFO - [2026-06-08T12:25:30.716+0000] {dag.py:3954} INFO - Setting next_dagrun for example_bash_operator to 2026-06-07 00:00:00+00:00, run_after=2026-06-08 00:00:00+00:00
[2026-06-08T12:25:30.728+0000] {processor.py:183} INFO - Processing /home/airflow/.local/lib/python3.12/site-packages/airflow/example_dags/example_bash_operator.py took 0.058 seconds
[2026-06-08T12:26:01.129+0000] {processor.py:161} INFO - Started process (PID=1077) to work on /home/airflow/.local/lib/python3.12/site-packages/airflow/example_dags/example_bash_operator.py
[2026-06-08T12:26:01.130+0000] {processor.py:830} INFO - Processing file /home/airflow/.local/lib/python3.12/site-packages/airflow/example_dags/example_bash_operator.py for tasks to queue
[2026-06-08T12:26:01.132+0000] {logging_mixin.py:188} INFO - [2026-06-08T12:26:01.132+0000] {dagbag.py:545} INFO - Filling up the DagBag from /home/airflow/.local/lib/python3.12/site-packages/airflow/example_dags/example_bash_operator.py
[2026-06-08T12:26:01.140+0000] {processor.py:840} INFO - DAG(s) 'example_bash_operator' retrieved from /home/airflow/.local/lib/python3.12/site-packages/airflow/example_dags/example_bash_operator.py
[2026-06-08T12:26:01.162+0000] {logging_mixin.py:188} INFO - [2026-06-08T12:26:01.162+0000] {dag.py:3096} INFO - Sync 1 DAGs
[2026-06-08T12:26:01.176+0000] {logging_mixin.py:188} INFO - [2026-06-08T12:26:01.176+0000] {dag.py:3954} INFO - Setting next_dagrun for example_bash_operator to 2026-06-07 00:00:00+00:00, run_after=2026-06-08 00:00:00+00:00
[2026-06-08T12:26:01.190+0000] {processor.py:183} INFO - Processing /home/airflow/.local/lib/python3.12/site-packages/airflow/example_dags/example_bash_operator.py took 0.066 seconds
[2026-06-08T12:26:31.481+0000] {processor.py:161} INFO - Started process (PID=1136) to work on /home/airflow/.local/lib/python3.12/site-packages/airflow/example_dags/example_bash_operator.py
[2026-06-08T12:26:31.481+0000] {processor.py:830} INFO - Processing file /home/airflow/.local/lib/python3.12/site-packages/airflow/example_dags/example_bash_operator.py for tasks to queue
[2026-06-08T12:26:31.483+0000] {logging_mixin.py:188} INFO - [2026-06-08T12:26:31.482+0000] {dagbag.py:545} INFO - Filling up the DagBag from /home/airflow/.local/lib/python3.12/site-packages/airflow/example_dags/example_bash_operator.py
[2026-06-08T12:26:31.495+0000] {processor.py:840} INFO - DAG(s) 'example_bash_operator' retrieved from /home/airflow/.local/lib/python3.12/site-packages/airflow/example_dags/example_bash_operator.py
[2026-06-08T12:26:31.516+0000] {logging_mixin.py:188} INFO - [2026-06-08T12:26:31.516+0000] {dag.py:3096} INFO - Sync 1 DAGs
[2026-06-08T12:26:31.535+0000] {logging_mixin.py:188} INFO - [2026-06-08T12:26:31.534+0000] {dag.py:3954} INFO - Setting next_dagrun for example_bash_operator to 2026-06-07 00:00:00+00:00, run_after=2026-06-08 00:00:00+00:00
[2026-06-08T12:26:31.555+0000] {processor.py:183} INFO - Processing /home/airflow/.local/lib/python3.12/site-packages/airflow/example_dags/example_bash_operator.py took 0.078 seconds
[2026-06-08T12:27:02.019+0000] {processor.py:161} INFO - Started process (PID=1195) to work on /home/airflow/.local/lib/python3.12/site-packages/airflow/example_dags/example_bash_operator.py
[2026-06-08T12:27:02.020+0000] {processor.py:830} INFO - Processing file /home/airflow/.local/lib/python3.12/site-packages/airflow/example_dags/example_bash_operator.py for tasks to queue
[2026-06-08T12:27:02.021+0000] {logging_mixin.py:188} INFO - [2026-06-08T12:27:02.021+0000] {dagbag.py:545} INFO - Filling up the DagBag from /home/airflow/.local/lib/python3.12/site-packages/airflow/example_dags/example_bash_operator.py
[2026-06-08T12:27:02.029+0000] {processor.py:840} INFO - DAG(s) 'example_bash_operator' retrieved from /home/airflow/.local/lib/python3.12/site-packages/airflow/example_dags/example_bash_operator.py
[2026-06-08T12:27:02.057+0000] {logging_mixin.py:188} INFO - [2026-06-08T12:27:02.057+0000] {dag.py:3096} INFO - Sync 1 DAGs
[2026-06-08T12:27:02.079+0000] {logging_mixin.py:188} INFO - [2026-06-08T12:27:02.079+0000] {dag.py:3954} INFO - Setting next_dagrun for example_bash_operator to 2026-06-07 00:00:00+00:00, run_after=2026-06-08 00:00:00+00:00
[2026-06-08T12:27:02.092+0000] {processor.py:183} INFO - Processing /home/airflow/.local/lib/python3.12/site-packages/airflow/example_dags/example_bash_operator.py took 0.078 seconds
[2026-06-08T12:27:32.518+0000] {processor.py:161} INFO - Started process (PID=1254) to work on /home/airflow/.local/lib/python3.12/site-packages/airflow/example_dags/example_bash_operator.py
[2026-06-08T12:27:32.519+0000] {processor.py:830} INFO - Processing file /home/airflow/.local/lib/python3.12/site-packages/airflow/example_dags/example_bash_operator.py for tasks to queue
[2026-06-08T12:27:32.521+0000] {logging_mixin.py:188} INFO - [2026-06-08T12:27:32.521+0000] {dagbag.py:545} INFO - Filling up the DagBag from /home/airflow/.local/lib/python3.12/site-packages/airflow/example_dags/example_bash_operator.py
[2026-06-08T12:27:32.532+0000] {processor.py:840} INFO - DAG(s) 'example_bash_operator' retrieved from /home/airflow/.local/lib/python3.12/site-packages/airflow/example_dags/example_bash_operator.py
[2026-06-08T12:27:32.564+0000] {logging_mixin.py:188} INFO - [2026-06-08T12:27:32.564+0000] {dag.py:3096} INFO - Sync 1 DAGs
[2026-06-08T12:27:32.591+0000] {logging_mixin.py:188} INFO - [2026-06-08T12:27:32.590+0000] {dag.py:3954} INFO - Setting next_dagrun for example_bash_operator to 2026-06-07 00:00:00+00:00, run_after=2026-06-08 00:00:00+00:00
[2026-06-08T12:27:32.604+0000] {processor.py:183} INFO - Processing /home/airflow/.local/lib/python3.12/site-packages/airflow/example_dags/example_bash_operator.py took 0.095 seconds
[2026-06-08T12:28:03.080+0000] {processor.py:161} INFO - Started process (PID=1313) to work on /home/airflow/.local/lib/python3.12/site-packages/airflow/example_dags/example_bash_operator.py
[2026-06-08T12:28:03.080+0000] {processor.py:830} INFO - Processing file /home/airflow/.local/lib/python3.12/site-packages/airflow/example_dags/example_bash_operator.py for tasks to queue
[2026-06-08T12:28:03.081+0000] {logging_mixin.py:188} INFO - [2026-06-08T12:28:03.081+0000] {dagbag.py:545} INFO - Filling up the DagBag from /home/airflow/.local/lib/python3.12/site-packages/airflow/example_dags/example_bash_operator.py
[2026-06-08T12:28:03.088+0000] {processor.py:840} INFO - DAG(s) 'example_bash_operator' retrieved from /home/airflow/.local/lib/python3.12/site-packages/airflow/example_dags/example_bash_operator.py
[2026-06-08T12:28:03.110+0000] {logging_mixin.py:188} INFO - [2026-06-08T12:28:03.110+0000] {dag.py:3096} INFO - Sync 1 DAGs
[2026-06-08T12:28:03.127+0000] {logging_mixin.py:188} INFO - [2026-06-08T12:28:03.127+0000] {dag.py:3954} INFO - Setting next_dagrun for example_bash_operator to 2026-06-07 00:00:00+00:00, run_after=2026-06-08 00:00:00+00:00
[2026-06-08T12:28:03.139+0000] {processor.py:183} INFO - Processing /home/airflow/.local/lib/python3.12/site-packages/airflow/example_dags/example_bash_operator.py took 0.063 seconds
[2026-06-08T12:28:33.628+0000] {processor.py:161} INFO - Started process (PID=1373) to work on /home/airflow/.local/lib/python3.12/site-packages/airflow/example_dags/example_bash_operator.py
[2026-06-08T12:28:33.629+0000] {processor.py:830} INFO - Processing file /home/airflow/.local/lib/python3.12/site-packages/airflow/example_dags/example_bash_operator.py for tasks to queue
[2026-06-08T12:28:33.630+0000] {logging_mixin.py:188} INFO - [2026-06-08T12:28:33.630+0000] {dagbag.py:545} INFO - Filling up the DagBag from /home/airflow/.local/lib/python3.12/site-packages/airflow/example_dags/example_bash_operator.py
[2026-06-08T12:28:33.643+0000] {processor.py:840} INFO - DAG(s) 'example_bash_operator' retrieved from /home/airflow/.local/lib/python3.12/site-packages/airflow/example_dags/example_bash_operator.py
[2026-06-08T12:28:33.675+0000] {logging_mixin.py:188} INFO - [2026-06-08T12:28:33.675+0000] {dag.py:3096} INFO - Sync 1 DAGs
[2026-06-08T12:28:33.704+0000] {logging_mixin.py:188} INFO - [2026-06-08T12:28:33.703+0000] {dag.py:3954} INFO - Setting next_dagrun for example_bash_operator to 2026-06-07 00:00:00+00:00, run_after=2026-06-08 00:00:00+00:00
[2026-06-08T12:28:33.724+0000] {processor.py:183} INFO - Processing /home/airflow/.local/lib/python3.12/site-packages/airflow/example_dags/example_bash_operator.py took 0.102 seconds
[2026-06-08T12:29:04.018+0000] {processor.py:161} INFO - Started process (PID=1432) to work on /home/airflow/.local/lib/python3.12/site-packages/airflow/example_dags/example_bash_operator.py
[2026-06-08T12:29:04.018+0000] {processor.py:830} INFO - Processing file /home/airflow/.local/lib/python3.12/site-packages/airflow/example_dags/example_bash_operator.py for tasks to queue
[2026-06-08T12:29:04.019+0000] {logging_mixin.py:188} INFO - [2026-06-08T12:29:04.019+0000] {dagbag.py:545} INFO - Filling up the DagBag from /home/airflow/.local/lib/python3.12/site-packages/airflow/example_dags/example_bash_operator.py
[2026-06-08T12:29:04.026+0000] {processor.py:840} INFO - DAG(s) 'example_bash_operator' retrieved from /home/airflow/.local/lib/python3.12/site-packages/airflow/example_dags/example_bash_operator.py
[2026-06-08T12:29:04.050+0000] {logging_mixin.py:188} INFO - [2026-06-08T12:29:04.050+0000] {dag.py:3096} INFO - Sync 1 DAGs
[2026-06-08T12:29:04.071+0000] {logging_mixin.py:188} INFO - [2026-06-08T12:29:04.071+0000] {dag.py:3954} INFO - Setting next_dagrun for example_bash_operator to 2026-06-07 00:00:00+00:00, run_after=2026-06-08 00:00:00+00:00
[2026-06-08T12:29:04.087+0000] {processor.py:183} INFO - Processing /home/airflow/.local/lib/python3.12/site-packages/airflow/example_dags/example_bash_operator.py took 0.073 seconds
[2026-06-08T12:29:34.336+0000] {processor.py:161} INFO - Started process (PID=1491) to work on /home/airflow/.local/lib/python3.12/site-packages/airflow/example_dags/example_bash_operator.py
[2026-06-08T12:29:34.336+0000] {processor.py:830} INFO - Processing file /home/airflow/.local/lib/python3.12/site-packages/airflow/example_dags/example_bash_operator.py for tasks to queue
[2026-06-08T12:29:34.337+0000] {logging_mixin.py:188} INFO - [2026-06-08T12:29:34.337+0000] {dagbag.py:545} INFO - Filling up the DagBag from /home/airflow/.local/lib/python3.12/site-packages/airflow/example_dags/example_bash_operator.py
[2026-06-08T12:29:34.346+0000] {processor.py:840} INFO - DAG(s) 'example_bash_operator' retrieved from /home/airflow/.local/lib/python3.12/site-packages/airflow/example_dags/example_bash_operator.py
[2026-06-08T12:29:34.367+0000] {logging_mixin.py:188} INFO - [2026-06-08T12:29:34.366+0000] {dag.py:3096} INFO - Sync 1 DAGs
[2026-06-08T12:29:34.381+0000] {logging_mixin.py:188} INFO - [2026-06-08T12:29:34.381+0000] {dag.py:3954} INFO - Setting next_dagrun for example_bash_operator to 2026-06-07 00:00:00+00:00, run_after=2026-06-08 00:00:00+00:00
[2026-06-08T12:29:34.393+0000] {processor.py:183} INFO - Processing /home/airflow/.local/lib/python3.12/site-packages/airflow/example_dags/example_bash_operator.py took 0.063 seconds
[2026-06-08T12:30:05.105+0000] {processor.py:161} INFO - Started process (PID=1550) to work on /home/airflow/.local/lib/python3.12/site-packages/airflow/example_dags/example_bash_operator.py
[2026-06-08T12:30:05.106+0000] {processor.py:830} INFO - Processing file /home/airflow/.local/lib/python3.12/site-packages/airflow/example_dags/example_bash_operator.py for tasks to queue
[2026-06-08T12:30:05.107+0000] {logging_mixin.py:188} INFO - [2026-06-08T12:30:05.107+0000] {dagbag.py:545} INFO - Filling up the DagBag from /home/airflow/.local/lib/python3.12/site-packages/airflow/example_dags/example_bash_operator.py
[2026-06-08T12:30:05.114+0000] {processor.py:840} INFO - DAG(s) 'example_bash_operator' retrieved from /home/airflow/.local/lib/python3.12/site-packages/airflow/example_dags/example_bash_operator.py
[2026-06-08T12:30:05.137+0000] {logging_mixin.py:188} INFO - [2026-06-08T12:30:05.136+0000] {dag.py:3096} INFO - Sync 1 DAGs
[2026-06-08T12:30:05.153+0000] {logging_mixin.py:188} INFO - [2026-06-08T12:30:05.153+0000] {dag.py:3954} INFO - Setting next_dagrun for example_bash_operator to 2026-06-07 00:00:00+00:00, run_after=2026-06-08 00:00:00+00:00
[2026-06-08T12:30:05.168+0000] {processor.py:183} INFO - Processing /home/airflow/.local/lib/python3.12/site-packages/airflow/example_dags/example_bash_operator.py took 0.068 seconds
[2026-06-08T12:30:35.554+0000] {processor.py:161} INFO - Started process (PID=1609) to work on /home/airflow/.local/lib/python3.12/site-packages/airflow/example_dags/example_bash_operator.py
[2026-06-08T12:30:35.554+0000] {processor.py:830} INFO - Processing file /home/airflow/.local/lib/python3.12/site-packages/airflow/example_dags/example_bash_operator.py for tasks to queue
[2026-06-08T12:30:35.556+0000] {logging_mixin.py:188} INFO - [2026-06-08T12:30:35.555+0000] {dagbag.py:545} INFO - Filling up the DagBag from /home/airflow/.local/lib/python3.12/site-packages/airflow/example_dags/example_bash_operator.py
[2026-06-08T12:30:35.566+0000] {processor.py:840} INFO - DAG(s) 'example_bash_operator' retrieved from /home/airflow/.local/lib/python3.12/site-packages/airflow/example_dags/example_bash_operator.py
[2026-06-08T12:30:35.591+0000] {logging_mixin.py:188} INFO - [2026-06-08T12:30:35.590+0000] {dag.py:3096} INFO - Sync 1 DAGs
[2026-06-08T12:30:35.606+0000] {logging_mixin.py:188} INFO - [2026-06-08T12:30:35.605+0000] {dag.py:3954} INFO - Setting next_dagrun for example_bash_operator to 2026-06-07 00:00:00+00:00, run_after=2026-06-08 00:00:00+00:00
[2026-06-08T12:30:35.617+0000] {processor.py:183} INFO - Processing /home/airflow/.local/lib/python3.12/site-packages/airflow/example_dags/example_bash_operator.py took 0.067 seconds
[2026-06-08T12:31:06.206+0000] {processor.py:161} INFO - Started process (PID=1668) to work on /home/airflow/.local/lib/python3.12/site-packages/airflow/example_dags/example_bash_operator.py
[2026-06-08T12:31:06.206+0000] {processor.py:830} INFO - Processing file /home/airflow/.local/lib/python3.12/site-packages/airflow/example_dags/example_bash_operator.py for tasks to queue
[2026-06-08T12:31:06.207+0000] {logging_mixin.py:188} INFO - [2026-06-08T12:31:06.207+0000] {dagbag.py:545} INFO - Filling up the DagBag from /home/airflow/.local/lib/python3.12/site-packages/airflow/example_dags/example_bash_operator.py
[2026-06-08T12:31:06.214+0000] {processor.py:840} INFO - DAG(s) 'example_bash_operator' retrieved from /home/airflow/.local/lib/python3.12/site-packages/airflow/example_dags/example_bash_operator.py
[2026-06-08T12:31:06.235+0000] {logging_mixin.py:188} INFO - [2026-06-08T12:31:06.235+0000] {dag.py:3096} INFO - Sync 1 DAGs
[2026-06-08T12:31:06.250+0000] {logging_mixin.py:188} INFO - [2026-06-08T12:31:06.250+0000] {dag.py:3954} INFO - Setting next_dagrun for example_bash_operator to 2026-06-07 00:00:00+00:00, run_after=2026-06-08 00:00:00+00:00
[2026-06-08T12:31:06.262+0000] {processor.py:183} INFO - Processing /home/airflow/.local/lib/python3.12/site-packages/airflow/example_dags/example_bash_operator.py took 0.060 seconds
[2026-06-08T12:31:36.617+0000] {processor.py:161} INFO - Started process (PID=1727) to work on /home/airflow/.local/lib/python3.12/site-packages/airflow/example_dags/example_bash_operator.py
[2026-06-08T12:31:36.618+0000] {processor.py:830} INFO - Processing file /home/airflow/.local/lib/python3.12/site-packages/airflow/example_dags/example_bash_operator.py for tasks to queue
[2026-06-08T12:31:36.620+0000] {logging_mixin.py:188} INFO - [2026-06-08T12:31:36.619+0000] {dagbag.py:545} INFO - Filling up the DagBag from /home/airflow/.local/lib/python3.12/site-packages/airflow/example_dags/example_bash_operator.py
[2026-06-08T12:31:36.631+0000] {processor.py:840} INFO - DAG(s) 'example_bash_operator' retrieved from /home/airflow/.local/lib/python3.12/site-packages/airflow/example_dags/example_bash_operator.py
[2026-06-08T12:31:36.659+0000] {logging_mixin.py:188} INFO - [2026-06-08T12:31:36.659+0000] {dag.py:3096} INFO - Sync 1 DAGs
[2026-06-08T12:31:36.675+0000] {logging_mixin.py:188} INFO - [2026-06-08T12:31:36.674+0000] {dag.py:3954} INFO - Setting next_dagrun for example_bash_operator to 2026-06-07 00:00:00+00:00, run_after=2026-06-08 00:00:00+00:00
[2026-06-08T12:31:36.686+0000] {processor.py:183} INFO - Processing /home/airflow/.local/lib/python3.12/site-packages/airflow/example_dags/example_bash_operator.py took 0.075 seconds
[2026-06-08T12:32:06.900+0000] {processor.py:161} INFO - Started process (PID=1786) to work on /home/airflow/.local/lib/python3.12/site-packages/airflow/example_dags/example_bash_operator.py
[2026-06-08T12:32:06.900+0000] {processor.py:830} INFO - Processing file /home/airflow/.local/lib/python3.12/site-packages/airflow/example_dags/example_bash_operator.py for tasks to queue
[2026-06-08T12:32:06.902+0000] {logging_mixin.py:188} INFO - [2026-06-08T12:32:06.901+0000] {dagbag.py:545} INFO - Filling up the DagBag from /home/airflow/.local/lib/python3.12/site-packages/airflow/example_dags/example_bash_operator.py
[2026-06-08T12:32:06.909+0000] {processor.py:840} INFO - DAG(s) 'example_bash_operator' retrieved from /home/airflow/.local/lib/python3.12/site-packages/airflow/example_dags/example_bash_operator.py
[2026-06-08T12:32:06.936+0000] {logging_mixin.py:188} INFO - [2026-06-08T12:32:06.936+0000] {dag.py:3096} INFO - Sync 1 DAGs
[2026-06-08T12:32:06.958+0000] {logging_mixin.py:188} INFO - [2026-06-08T12:32:06.958+0000] {dag.py:3954} INFO - Setting next_dagrun for example_bash_operator to 2026-06-07 00:00:00+00:00, run_after=2026-06-08 00:00:00+00:00
[2026-06-08T12:32:06.972+0000] {processor.py:183} INFO - Processing /home/airflow/.local/lib/python3.12/site-packages/airflow/example_dags/example_bash_operator.py took 0.078 seconds
[2026-06-08T12:32:37.723+0000] {processor.py:161} INFO - Started process (PID=1845) to work on /home/airflow/.local/lib/python3.12/site-packages/airflow/example_dags/example_bash_operator.py
[2026-06-08T12:32:37.724+0000] {processor.py:830} INFO - Processing file /home/airflow/.local/lib/python3.12/site-packages/airflow/example_dags/example_bash_operator.py for tasks to queue
[2026-06-08T12:32:37.726+0000] {logging_mixin.py:188} INFO - [2026-06-08T12:32:37.726+0000] {dagbag.py:545} INFO - Filling up the DagBag from /home/airflow/.local/lib/python3.12/site-packages/airflow/example_dags/example_bash_operator.py
[2026-06-08T12:32:37.738+0000] {processor.py:840} INFO - DAG(s) 'example_bash_operator' retrieved from /home/airflow/.local/lib/python3.12/site-packages/airflow/example_dags/example_bash_operator.py
[2026-06-08T12:32:37.761+0000] {logging_mixin.py:188} INFO - [2026-06-08T12:32:37.761+0000] {dag.py:3096} INFO - Sync 1 DAGs
[2026-06-08T12:32:37.776+0000] {logging_mixin.py:188} INFO - [2026-06-08T12:32:37.776+0000] {dag.py:3954} INFO - Setting next_dagrun for example_bash_operator to 2026-06-07 00:00:00+00:00, run_after=2026-06-08 00:00:00+00:00
[2026-06-08T12:32:37.788+0000] {processor.py:183} INFO - Processing /home/airflow/.local/lib/python3.12/site-packages/airflow/example_dags/example_bash_operator.py took 0.074 seconds
[2026-06-08T12:33:08.773+0000] {processor.py:161} INFO - Started process (PID=1904) to work on /home/airflow/.local/lib/python3.12/site-packages/airflow/example_dags/example_bash_operator.py
[2026-06-08T12:33:08.774+0000] {processor.py:830} INFO - Processing file /home/airflow/.local/lib/python3.12/site-packages/airflow/example_dags/example_bash_operator.py for tasks to queue
[2026-06-08T12:33:08.775+0000] {logging_mixin.py:188} INFO - [2026-06-08T12:33:08.775+0000] {dagbag.py:545} INFO - Filling up the DagBag from /home/airflow/.local/lib/python3.12/site-packages/airflow/example_dags/example_bash_operator.py
[2026-06-08T12:33:08.782+0000] {processor.py:840} INFO - DAG(s) 'example_bash_operator' retrieved from /home/airflow/.local/lib/python3.12/site-packages/airflow/example_dags/example_bash_operator.py
[2026-06-08T12:33:08.807+0000] {logging_mixin.py:188} INFO - [2026-06-08T12:33:08.806+0000] {dag.py:3096} INFO - Sync 1 DAGs
[2026-06-08T12:33:08.822+0000] {logging_mixin.py:188} INFO - [2026-06-08T12:33:08.822+0000] {dag.py:3954} INFO - Setting next_dagrun for example_bash_operator to 2026-06-07 00:00:00+00:00, run_after=2026-06-08 00:00:00+00:00
[2026-06-08T12:33:08.834+0000] {processor.py:183} INFO - Processing /home/airflow/.local/lib/python3.12/site-packages/airflow/example_dags/example_bash_operator.py took 0.067 seconds
[2026-06-08T12:33:39.026+0000] {processor.py:161} INFO - Started process (PID=1963) to work on /home/airflow/.local/lib/python3.12/site-packages/airflow/example_dags/example_bash_operator.py
[2026-06-08T12:33:39.027+0000] {processor.py:830} INFO - Processing file /home/airflow/.local/lib/python3.12/site-packages/airflow/example_dags/example_bash_operator.py for tasks to queue
[2026-06-08T12:33:39.029+0000] {logging_mixin.py:188} INFO - [2026-06-08T12:33:39.029+0000] {dagbag.py:545} INFO - Filling up the DagBag from /home/airflow/.local/lib/python3.12/site-packages/airflow/example_dags/example_bash_operator.py
[2026-06-08T12:33:39.037+0000] {processor.py:840} INFO - DAG(s) 'example_bash_operator' retrieved from /home/airflow/.local/lib/python3.12/site-packages/airflow/example_dags/example_bash_operator.py
[2026-06-08T12:33:39.059+0000] {logging_mixin.py:188} INFO - [2026-06-08T12:33:39.058+0000] {dag.py:3096} INFO - Sync 1 DAGs
[2026-06-08T12:33:39.079+0000] {logging_mixin.py:188} INFO - [2026-06-08T12:33:39.079+0000] {dag.py:3954} INFO - Setting next_dagrun for example_bash_operator to 2026-06-07 00:00:00+00:00, run_after=2026-06-08 00:00:00+00:00
[2026-06-08T12:33:39.091+0000] {processor.py:183} INFO - Processing /home/airflow/.local/lib/python3.12/site-packages/airflow/example_dags/example_bash_operator.py took 0.071 seconds
[2026-06-08T12:34:09.948+0000] {processor.py:161} INFO - Started process (PID=2022) to work on /home/airflow/.local/lib/python3.12/site-packages/airflow/example_dags/example_bash_operator.py
[2026-06-08T12:34:09.949+0000] {processor.py:830} INFO - Processing file /home/airflow/.local/lib/python3.12/site-packages/airflow/example_dags/example_bash_operator.py for tasks to queue
[2026-06-08T12:34:09.950+0000] {logging_mixin.py:188} INFO - [2026-06-08T12:34:09.950+0000] {dagbag.py:545} INFO - Filling up the DagBag from /home/airflow/.local/lib/python3.12/site-packages/airflow/example_dags/example_bash_operator.py
[2026-06-08T12:34:09.958+0000] {processor.py:840} INFO - DAG(s) 'example_bash_operator' retrieved from /home/airflow/.local/lib/python3.12/site-packages/airflow/example_dags/example_bash_operator.py
[2026-06-08T12:34:09.984+0000] {logging_mixin.py:188} INFO - [2026-06-08T12:34:09.983+0000] {dag.py:3096} INFO - Sync 1 DAGs
[2026-06-08T12:34:09.999+0000] {logging_mixin.py:188} INFO - [2026-06-08T12:34:09.998+0000] {dag.py:3954} INFO - Setting next_dagrun for example_bash_operator to 2026-06-07 00:00:00+00:00, run_after=2026-06-08 00:00:00+00:00
[2026-06-08T12:34:10.014+0000] {processor.py:183} INFO - Processing /home/airflow/.local/lib/python3.12/site-packages/airflow/example_dags/example_bash_operator.py took 0.070 seconds
[2026-06-08T12:34:40.833+0000] {processor.py:161} INFO - Started process (PID=2081) to work on /home/airflow/.local/lib/python3.12/site-packages/airflow/example_dags/example_bash_operator.py
[2026-06-08T12:34:40.834+0000] {processor.py:830} INFO - Processing file /home/airflow/.local/lib/python3.12/site-packages/airflow/example_dags/example_bash_operator.py for tasks to queue
[2026-06-08T12:34:40.837+0000] {logging_mixin.py:188} INFO - [2026-06-08T12:34:40.836+0000] {dagbag.py:545} INFO - Filling up the DagBag from /home/airflow/.local/lib/python3.12/site-packages/airflow/example_dags/example_bash_operator.py
[2026-06-08T12:34:40.847+0000] {processor.py:840} INFO - DAG(s) 'example_bash_operator' retrieved from /home/airflow/.local/lib/python3.12/site-packages/airflow/example_dags/example_bash_operator.py
[2026-06-08T12:34:41.013+0000] {logging_mixin.py:188} INFO - [2026-06-08T12:34:41.013+0000] {dag.py:3096} INFO - Sync 1 DAGs
[2026-06-08T12:34:41.029+0000] {logging_mixin.py:188} INFO - [2026-06-08T12:34:41.029+0000] {dag.py:3954} INFO - Setting next_dagrun for example_bash_operator to 2026-06-07 00:00:00+00:00, run_after=2026-06-08 00:00:00+00:00
[2026-06-08T12:34:41.054+0000] {processor.py:183} INFO - Processing /home/airflow/.local/lib/python3.12/site-packages/airflow/example_dags/example_bash_operator.py took 0.227 seconds
[2026-06-08T12:35:11.167+0000] {processor.py:161} INFO - Started process (PID=2140) to work on /home/airflow/.local/lib/python3.12/site-packages/airflow/example_dags/example_bash_operator.py
[2026-06-08T12:35:11.168+0000] {processor.py:830} INFO - Processing file /home/airflow/.local/lib/python3.12/site-packages/airflow/example_dags/example_bash_operator.py for tasks to queue
[2026-06-08T12:35:11.169+0000] {logging_mixin.py:188} INFO - [2026-06-08T12:35:11.168+0000] {dagbag.py:545} INFO - Filling up the DagBag from /home/airflow/.local/lib/python3.12/site-packages/airflow/example_dags/example_bash_operator.py
[2026-06-08T12:35:11.175+0000] {processor.py:840} INFO - DAG(s) 'example_bash_operator' retrieved from /home/airflow/.local/lib/python3.12/site-packages/airflow/example_dags/example_bash_operator.py
[2026-06-08T12:35:11.194+0000] {logging_mixin.py:188} INFO - [2026-06-08T12:35:11.194+0000] {dag.py:3096} INFO - Sync 1 DAGs
[2026-06-08T12:35:11.210+0000] {logging_mixin.py:188} INFO - [2026-06-08T12:35:11.210+0000] {dag.py:3954} INFO - Setting next_dagrun for example_bash_operator to 2026-06-07 00:00:00+00:00, run_after=2026-06-08 00:00:00+00:00
[2026-06-08T12:35:11.225+0000] {processor.py:183} INFO - Processing /home/airflow/.local/lib/python3.12/site-packages/airflow/example_dags/example_bash_operator.py took 0.062 seconds
[2026-06-08T12:35:41.740+0000] {processor.py:161} INFO - Started process (PID=2199) to work on /home/airflow/.local/lib/python3.12/site-packages/airflow/example_dags/example_bash_operator.py
[2026-06-08T12:35:41.740+0000] {processor.py:830} INFO - Processing file /home/airflow/.local/lib/python3.12/site-packages/airflow/example_dags/example_bash_operator.py for tasks to queue
[2026-06-08T12:35:41.741+0000] {logging_mixin.py:188} INFO - [2026-06-08T12:35:41.741+0000] {dagbag.py:545} INFO - Filling up the DagBag from /home/airflow/.local/lib/python3.12/site-packages/airflow/example_dags/example_bash_operator.py
[2026-06-08T12:35:41.749+0000] {processor.py:840} INFO - DAG(s) 'example_bash_operator' retrieved from /home/airflow/.local/lib/python3.12/site-packages/airflow/example_dags/example_bash_operator.py
[2026-06-08T12:35:41.777+0000] {logging_mixin.py:188} INFO - [2026-06-08T12:35:41.776+0000] {dag.py:3096} INFO - Sync 1 DAGs
[2026-06-08T12:35:41.797+0000] {logging_mixin.py:188} INFO - [2026-06-08T12:35:41.796+0000] {dag.py:3954} INFO - Setting next_dagrun for example_bash_operator to 2026-06-07 00:00:00+00:00, run_after=2026-06-08 00:00:00+00:00
[2026-06-08T12:35:41.811+0000] {processor.py:183} INFO - Processing /home/airflow/.local/lib/python3.12/site-packages/airflow/example_dags/example_bash_operator.py took 0.076 seconds
[2026-06-08T12:36:12.284+0000] {processor.py:161} INFO - Started process (PID=2258) to work on /home/airflow/.local/lib/python3.12/site-packages/airflow/example_dags/example_bash_operator.py
[2026-06-08T12:36:12.285+0000] {processor.py:830} INFO - Processing file /home/airflow/.local/lib/python3.12/site-packages/airflow/example_dags/example_bash_operator.py for tasks to queue
[2026-06-08T12:36:12.286+0000] {logging_mixin.py:188} INFO - [2026-06-08T12:36:12.286+0000] {dagbag.py:545} INFO - Filling up the DagBag from /home/airflow/.local/lib/python3.12/site-packages/airflow/example_dags/example_bash_operator.py
[2026-06-08T12:36:12.294+0000] {processor.py:840} INFO - DAG(s) 'example_bash_operator' retrieved from /home/airflow/.local/lib/python3.12/site-packages/airflow/example_dags/example_bash_operator.py
[2026-06-08T12:36:12.325+0000] {logging_mixin.py:188} INFO - [2026-06-08T12:36:12.325+0000] {dag.py:3096} INFO - Sync 1 DAGs
[2026-06-08T12:36:12.340+0000] {logging_mixin.py:188} INFO - [2026-06-08T12:36:12.340+0000] {dag.py:3954} INFO - Setting next_dagrun for example_bash_operator to 2026-06-07 00:00:00+00:00, run_after=2026-06-08 00:00:00+00:00
[2026-06-08T12:36:12.354+0000] {processor.py:183} INFO - Processing /home/airflow/.local/lib/python3.12/site-packages/airflow/example_dags/example_bash_operator.py took 0.075 seconds
[2026-06-08T12:36:42.797+0000] {processor.py:161} INFO - Started process (PID=2317) to work on /home/airflow/.local/lib/python3.12/site-packages/airflow/example_dags/example_bash_operator.py
[2026-06-08T12:36:42.798+0000] {processor.py:830} INFO - Processing file /home/airflow/.local/lib/python3.12/site-packages/airflow/example_dags/example_bash_operator.py for tasks to queue
[2026-06-08T12:36:42.799+0000] {logging_mixin.py:188} INFO - [2026-06-08T12:36:42.799+0000] {dagbag.py:545} INFO - Filling up the DagBag from /home/airflow/.local/lib/python3.12/site-packages/airflow/example_dags/example_bash_operator.py
[2026-06-08T12:36:42.810+0000] {processor.py:840} INFO - DAG(s) 'example_bash_operator' retrieved from /home/airflow/.local/lib/python3.12/site-packages/airflow/example_dags/example_bash_operator.py
[2026-06-08T12:36:42.845+0000] {logging_mixin.py:188} INFO - [2026-06-08T12:36:42.844+0000] {dag.py:3096} INFO - Sync 1 DAGs
[2026-06-08T12:36:42.875+0000] {logging_mixin.py:188} INFO - [2026-06-08T12:36:42.875+0000] {dag.py:3954} INFO - Setting next_dagrun for example_bash_operator to 2026-06-07 00:00:00+00:00, run_after=2026-06-08 00:00:00+00:00
[2026-06-08T12:36:42.897+0000] {processor.py:183} INFO - Processing /home/airflow/.local/lib/python3.12/site-packages/airflow/example_dags/example_bash_operator.py took 0.104 seconds
[2026-06-08T12:37:13.101+0000] {processor.py:161} INFO - Started process (PID=2376) to work on /home/airflow/.local/lib/python3.12/site-packages/airflow/example_dags/example_bash_operator.py
[2026-06-08T12:37:13.102+0000] {processor.py:830} INFO - Processing file /home/airflow/.local/lib/python3.12/site-packages/airflow/example_dags/example_bash_operator.py for tasks to queue
[2026-06-08T12:37:13.103+0000] {logging_mixin.py:188} INFO - [2026-06-08T12:37:13.103+0000] {dagbag.py:545} INFO - Filling up the DagBag from /home/airflow/.local/lib/python3.12/site-packages/airflow/example_dags/example_bash_operator.py
[2026-06-08T12:37:13.110+0000] {processor.py:840} INFO - DAG(s) 'example_bash_operator' retrieved from /home/airflow/.local/lib/python3.12/site-packages/airflow/example_dags/example_bash_operator.py
[2026-06-08T12:37:13.136+0000] {logging_mixin.py:188} INFO - [2026-06-08T12:37:13.136+0000] {dag.py:3096} INFO - Sync 1 DAGs
[2026-06-08T12:37:13.153+0000] {logging_mixin.py:188} INFO - [2026-06-08T12:37:13.153+0000] {dag.py:3954} INFO - Setting next_dagrun for example_bash_operator to 2026-06-07 00:00:00+00:00, run_after=2026-06-08 00:00:00+00:00
[2026-06-08T12:37:13.165+0000] {processor.py:183} INFO - Processing /home/airflow/.local/lib/python3.12/site-packages/airflow/example_dags/example_bash_operator.py took 0.067 seconds
[2026-06-08T12:37:43.577+0000] {processor.py:161} INFO - Started process (PID=2435) to work on /home/airflow/.local/lib/python3.12/site-packages/airflow/example_dags/example_bash_operator.py
[2026-06-08T12:37:43.579+0000] {processor.py:830} INFO - Processing file /home/airflow/.local/lib/python3.12/site-packages/airflow/example_dags/example_bash_operator.py for tasks to queue
[2026-06-08T12:37:43.581+0000] {logging_mixin.py:188} INFO - [2026-06-08T12:37:43.581+0000] {dagbag.py:545} INFO - Filling up the DagBag from /home/airflow/.local/lib/python3.12/site-packages/airflow/example_dags/example_bash_operator.py
[2026-06-08T12:37:43.591+0000] {processor.py:840} INFO - DAG(s) 'example_bash_operator' retrieved from /home/airflow/.local/lib/python3.12/site-packages/airflow/example_dags/example_bash_operator.py
[2026-06-08T12:37:43.611+0000] {logging_mixin.py:188} INFO - [2026-06-08T12:37:43.611+0000] {dag.py:3096} INFO - Sync 1 DAGs
[2026-06-08T12:37:43.625+0000] {logging_mixin.py:188} INFO - [2026-06-08T12:37:43.624+0000] {dag.py:3954} INFO - Setting next_dagrun for example_bash_operator to 2026-06-07 00:00:00+00:00, run_after=2026-06-08 00:00:00+00:00
[2026-06-08T12:37:43.655+0000] {processor.py:183} INFO - Processing /home/airflow/.local/lib/python3.12/site-packages/airflow/example_dags/example_bash_operator.py took 0.085 seconds
