[2026-06-08T12:17:51.469+0000] {processor.py:161} INFO - Started process (PID=69) to work on /home/airflow/.local/lib/python3.12/site-packages/airflow/example_dags/example_branch_labels.py
[2026-06-08T12:17:51.469+0000] {processor.py:830} INFO - Processing file /home/airflow/.local/lib/python3.12/site-packages/airflow/example_dags/example_branch_labels.py for tasks to queue
[2026-06-08T12:17:51.471+0000] {logging_mixin.py:188} INFO - [2026-06-08T12:17:51.471+0000] {dagbag.py:545} INFO - Filling up the DagBag from /home/airflow/.local/lib/python3.12/site-packages/airflow/example_dags/example_branch_labels.py
[2026-06-08T12:17:51.482+0000] {processor.py:840} INFO - DAG(s) 'example_branch_labels' retrieved from /home/airflow/.local/lib/python3.12/site-packages/airflow/example_dags/example_branch_labels.py
[2026-06-08T12:17:51.493+0000] {logging_mixin.py:188} INFO - [2026-06-08T12:17:51.493+0000] {dag.py:3096} INFO - Sync 1 DAGs
[2026-06-08T12:17:51.517+0000] {logging_mixin.py:188} INFO - [2026-06-08T12:17:51.517+0000] {dag.py:3954} INFO - Setting next_dagrun for example_branch_labels to 2026-06-07 00:00:00+00:00, run_after=2026-06-08 00:00:00+00:00
[2026-06-08T12:17:51.533+0000] {processor.py:183} INFO - Processing /home/airflow/.local/lib/python3.12/site-packages/airflow/example_dags/example_branch_labels.py took 0.071 seconds
[2026-06-08T12:18:22.535+0000] {processor.py:161} INFO - Started process (PID=133) to work on /home/airflow/.local/lib/python3.12/site-packages/airflow/example_dags/example_branch_labels.py
[2026-06-08T12:18:22.536+0000] {processor.py:830} INFO - Processing file /home/airflow/.local/lib/python3.12/site-packages/airflow/example_dags/example_branch_labels.py for tasks to queue
[2026-06-08T12:18:22.537+0000] {logging_mixin.py:188} INFO - [2026-06-08T12:18:22.537+0000] {dagbag.py:545} INFO - Filling up the DagBag from /home/airflow/.local/lib/python3.12/site-packages/airflow/example_dags/example_branch_labels.py
[2026-06-08T12:18:22.542+0000] {processor.py:840} INFO - DAG(s) 'example_branch_labels' retrieved from /home/airflow/.local/lib/python3.12/site-packages/airflow/example_dags/example_branch_labels.py
[2026-06-08T12:18:22.610+0000] {logging_mixin.py:188} INFO - [2026-06-08T12:18:22.609+0000] {dag.py:3096} INFO - Sync 1 DAGs
[2026-06-08T12:18:22.627+0000] {logging_mixin.py:188} INFO - [2026-06-08T12:18:22.627+0000] {dag.py:3954} INFO - Setting next_dagrun for example_branch_labels to 2026-06-07 00:00:00+00:00, run_after=2026-06-08 00:00:00+00:00
[2026-06-08T12:18:22.640+0000] {processor.py:183} INFO - Processing /home/airflow/.local/lib/python3.12/site-packages/airflow/example_dags/example_branch_labels.py took 0.110 seconds
[2026-06-08T12:18:52.836+0000] {processor.py:161} INFO - Started process (PID=191) to work on /home/airflow/.local/lib/python3.12/site-packages/airflow/example_dags/example_branch_labels.py
[2026-06-08T12:18:52.836+0000] {processor.py:830} INFO - Processing file /home/airflow/.local/lib/python3.12/site-packages/airflow/example_dags/example_branch_labels.py for tasks to queue
[2026-06-08T12:18:52.837+0000] {logging_mixin.py:188} INFO - [2026-06-08T12:18:52.837+0000] {dagbag.py:545} INFO - Filling up the DagBag from /home/airflow/.local/lib/python3.12/site-packages/airflow/example_dags/example_branch_labels.py
[2026-06-08T12:18:52.842+0000] {processor.py:840} INFO - DAG(s) 'example_branch_labels' retrieved from /home/airflow/.local/lib/python3.12/site-packages/airflow/example_dags/example_branch_labels.py
[2026-06-08T12:18:52.860+0000] {logging_mixin.py:188} INFO - [2026-06-08T12:18:52.860+0000] {dag.py:3096} INFO - Sync 1 DAGs
[2026-06-08T12:18:52.874+0000] {logging_mixin.py:188} INFO - [2026-06-08T12:18:52.874+0000] {dag.py:3954} INFO - Setting next_dagrun for example_branch_labels to 2026-06-07 00:00:00+00:00, run_after=2026-06-08 00:00:00+00:00
[2026-06-08T12:18:52.888+0000] {processor.py:183} INFO - Processing /home/airflow/.local/lib/python3.12/site-packages/airflow/example_dags/example_branch_labels.py took 0.056 seconds
[2026-06-08T12:19:23.150+0000] {processor.py:161} INFO - Started process (PID=249) to work on /home/airflow/.local/lib/python3.12/site-packages/airflow/example_dags/example_branch_labels.py
[2026-06-08T12:19:23.151+0000] {processor.py:830} INFO - Processing file /home/airflow/.local/lib/python3.12/site-packages/airflow/example_dags/example_branch_labels.py for tasks to queue
[2026-06-08T12:19:23.153+0000] {logging_mixin.py:188} INFO - [2026-06-08T12:19:23.153+0000] {dagbag.py:545} INFO - Filling up the DagBag from /home/airflow/.local/lib/python3.12/site-packages/airflow/example_dags/example_branch_labels.py
[2026-06-08T12:19:23.160+0000] {processor.py:840} INFO - DAG(s) 'example_branch_labels' retrieved from /home/airflow/.local/lib/python3.12/site-packages/airflow/example_dags/example_branch_labels.py
[2026-06-08T12:19:23.181+0000] {logging_mixin.py:188} INFO - [2026-06-08T12:19:23.181+0000] {dag.py:3096} INFO - Sync 1 DAGs
[2026-06-08T12:19:23.199+0000] {logging_mixin.py:188} INFO - [2026-06-08T12:19:23.198+0000] {dag.py:3954} INFO - Setting next_dagrun for example_branch_labels to 2026-06-07 00:00:00+00:00, run_after=2026-06-08 00:00:00+00:00
[2026-06-08T12:19:23.215+0000] {processor.py:183} INFO - Processing /home/airflow/.local/lib/python3.12/site-packages/airflow/example_dags/example_branch_labels.py took 0.069 seconds
[2026-06-08T12:19:53.655+0000] {processor.py:161} INFO - Started process (PID=307) to work on /home/airflow/.local/lib/python3.12/site-packages/airflow/example_dags/example_branch_labels.py
[2026-06-08T12:19:53.655+0000] {processor.py:830} INFO - Processing file /home/airflow/.local/lib/python3.12/site-packages/airflow/example_dags/example_branch_labels.py for tasks to queue
[2026-06-08T12:19:53.657+0000] {logging_mixin.py:188} INFO - [2026-06-08T12:19:53.657+0000] {dagbag.py:545} INFO - Filling up the DagBag from /home/airflow/.local/lib/python3.12/site-packages/airflow/example_dags/example_branch_labels.py
[2026-06-08T12:19:53.663+0000] {processor.py:840} INFO - DAG(s) 'example_branch_labels' retrieved from /home/airflow/.local/lib/python3.12/site-packages/airflow/example_dags/example_branch_labels.py
[2026-06-08T12:19:53.676+0000] {logging_mixin.py:188} INFO - [2026-06-08T12:19:53.676+0000] {dag.py:3096} INFO - Sync 1 DAGs
[2026-06-08T12:19:53.690+0000] {logging_mixin.py:188} INFO - [2026-06-08T12:19:53.690+0000] {dag.py:3954} INFO - Setting next_dagrun for example_branch_labels to 2026-06-07 00:00:00+00:00, run_after=2026-06-08 00:00:00+00:00
[2026-06-08T12:19:53.701+0000] {processor.py:183} INFO - Processing /home/airflow/.local/lib/python3.12/site-packages/airflow/example_dags/example_branch_labels.py took 0.053 seconds
[2026-06-08T12:20:24.188+0000] {processor.py:161} INFO - Started process (PID=365) to work on /home/airflow/.local/lib/python3.12/site-packages/airflow/example_dags/example_branch_labels.py
[2026-06-08T12:20:24.189+0000] {processor.py:830} INFO - Processing file /home/airflow/.local/lib/python3.12/site-packages/airflow/example_dags/example_branch_labels.py for tasks to queue
[2026-06-08T12:20:24.190+0000] {logging_mixin.py:188} INFO - [2026-06-08T12:20:24.190+0000] {dagbag.py:545} INFO - Filling up the DagBag from /home/airflow/.local/lib/python3.12/site-packages/airflow/example_dags/example_branch_labels.py
[2026-06-08T12:20:24.195+0000] {processor.py:840} INFO - DAG(s) 'example_branch_labels' retrieved from /home/airflow/.local/lib/python3.12/site-packages/airflow/example_dags/example_branch_labels.py
[2026-06-08T12:20:24.211+0000] {logging_mixin.py:188} INFO - [2026-06-08T12:20:24.210+0000] {dag.py:3096} INFO - Sync 1 DAGs
[2026-06-08T12:20:24.228+0000] {logging_mixin.py:188} INFO - [2026-06-08T12:20:24.228+0000] {dag.py:3954} INFO - Setting next_dagrun for example_branch_labels to 2026-06-07 00:00:00+00:00, run_after=2026-06-08 00:00:00+00:00
[2026-06-08T12:20:24.241+0000] {processor.py:183} INFO - Processing /home/airflow/.local/lib/python3.12/site-packages/airflow/example_dags/example_branch_labels.py took 0.057 seconds
[2026-06-08T12:20:54.754+0000] {processor.py:161} INFO - Started process (PID=423) to work on /home/airflow/.local/lib/python3.12/site-packages/airflow/example_dags/example_branch_labels.py
[2026-06-08T12:20:54.755+0000] {processor.py:830} INFO - Processing file /home/airflow/.local/lib/python3.12/site-packages/airflow/example_dags/example_branch_labels.py for tasks to queue
[2026-06-08T12:20:54.756+0000] {logging_mixin.py:188} INFO - [2026-06-08T12:20:54.756+0000] {dagbag.py:545} INFO - Filling up the DagBag from /home/airflow/.local/lib/python3.12/site-packages/airflow/example_dags/example_branch_labels.py
[2026-06-08T12:20:54.761+0000] {processor.py:840} INFO - DAG(s) 'example_branch_labels' retrieved from /home/airflow/.local/lib/python3.12/site-packages/airflow/example_dags/example_branch_labels.py
[2026-06-08T12:20:54.791+0000] {logging_mixin.py:188} INFO - [2026-06-08T12:20:54.791+0000] {dag.py:3096} INFO - Sync 1 DAGs
[2026-06-08T12:20:54.808+0000] {logging_mixin.py:188} INFO - [2026-06-08T12:20:54.808+0000] {dag.py:3954} INFO - Setting next_dagrun for example_branch_labels to 2026-06-07 00:00:00+00:00, run_after=2026-06-08 00:00:00+00:00
[2026-06-08T12:20:54.821+0000] {processor.py:183} INFO - Processing /home/airflow/.local/lib/python3.12/site-packages/airflow/example_dags/example_branch_labels.py took 0.070 seconds
[2026-06-08T12:21:24.885+0000] {processor.py:161} INFO - Started process (PID=481) to work on /home/airflow/.local/lib/python3.12/site-packages/airflow/example_dags/example_branch_labels.py
[2026-06-08T12:21:24.887+0000] {processor.py:830} INFO - Processing file /home/airflow/.local/lib/python3.12/site-packages/airflow/example_dags/example_branch_labels.py for tasks to queue
[2026-06-08T12:21:24.888+0000] {logging_mixin.py:188} INFO - [2026-06-08T12:21:24.888+0000] {dagbag.py:545} INFO - Filling up the DagBag from /home/airflow/.local/lib/python3.12/site-packages/airflow/example_dags/example_branch_labels.py
[2026-06-08T12:21:24.893+0000] {processor.py:840} INFO - DAG(s) 'example_branch_labels' retrieved from /home/airflow/.local/lib/python3.12/site-packages/airflow/example_dags/example_branch_labels.py
[2026-06-08T12:21:24.913+0000] {logging_mixin.py:188} INFO - [2026-06-08T12:21:24.912+0000] {dag.py:3096} INFO - Sync 1 DAGs
[2026-06-08T12:21:24.931+0000] {logging_mixin.py:188} INFO - [2026-06-08T12:21:24.931+0000] {dag.py:3954} INFO - Setting next_dagrun for example_branch_labels to 2026-06-07 00:00:00+00:00, run_after=2026-06-08 00:00:00+00:00
[2026-06-08T12:21:24.942+0000] {processor.py:183} INFO - Processing /home/airflow/.local/lib/python3.12/site-packages/airflow/example_dags/example_branch_labels.py took 0.061 seconds
[2026-06-08T12:21:55.518+0000] {processor.py:161} INFO - Started process (PID=561) to work on /home/airflow/.local/lib/python3.12/site-packages/airflow/example_dags/example_branch_labels.py
[2026-06-08T12:21:55.519+0000] {processor.py:830} INFO - Processing file /home/airflow/.local/lib/python3.12/site-packages/airflow/example_dags/example_branch_labels.py for tasks to queue
[2026-06-08T12:21:55.520+0000] {logging_mixin.py:188} INFO - [2026-06-08T12:21:55.520+0000] {dagbag.py:545} INFO - Filling up the DagBag from /home/airflow/.local/lib/python3.12/site-packages/airflow/example_dags/example_branch_labels.py
[2026-06-08T12:21:55.526+0000] {processor.py:840} INFO - DAG(s) 'example_branch_labels' retrieved from /home/airflow/.local/lib/python3.12/site-packages/airflow/example_dags/example_branch_labels.py
[2026-06-08T12:21:55.540+0000] {logging_mixin.py:188} INFO - [2026-06-08T12:21:55.539+0000] {dag.py:3096} INFO - Sync 1 DAGs
[2026-06-08T12:21:55.555+0000] {logging_mixin.py:188} INFO - [2026-06-08T12:21:55.554+0000] {dag.py:3954} INFO - Setting next_dagrun for example_branch_labels to 2026-06-07 00:00:00+00:00, run_after=2026-06-08 00:00:00+00:00
[2026-06-08T12:21:55.570+0000] {processor.py:183} INFO - Processing /home/airflow/.local/lib/python3.12/site-packages/airflow/example_dags/example_branch_labels.py took 0.056 seconds
[2026-06-08T12:22:26.583+0000] {processor.py:161} INFO - Started process (PID=619) to work on /home/airflow/.local/lib/python3.12/site-packages/airflow/example_dags/example_branch_labels.py
[2026-06-08T12:22:26.584+0000] {processor.py:830} INFO - Processing file /home/airflow/.local/lib/python3.12/site-packages/airflow/example_dags/example_branch_labels.py for tasks to queue
[2026-06-08T12:22:26.586+0000] {logging_mixin.py:188} INFO - [2026-06-08T12:22:26.586+0000] {dagbag.py:545} INFO - Filling up the DagBag from /home/airflow/.local/lib/python3.12/site-packages/airflow/example_dags/example_branch_labels.py
[2026-06-08T12:22:26.594+0000] {processor.py:840} INFO - DAG(s) 'example_branch_labels' retrieved from /home/airflow/.local/lib/python3.12/site-packages/airflow/example_dags/example_branch_labels.py
[2026-06-08T12:22:26.616+0000] {logging_mixin.py:188} INFO - [2026-06-08T12:22:26.616+0000] {dag.py:3096} INFO - Sync 1 DAGs
[2026-06-08T12:22:26.635+0000] {logging_mixin.py:188} INFO - [2026-06-08T12:22:26.635+0000] {dag.py:3954} INFO - Setting next_dagrun for example_branch_labels to 2026-06-07 00:00:00+00:00, run_after=2026-06-08 00:00:00+00:00
[2026-06-08T12:22:26.660+0000] {processor.py:183} INFO - Processing /home/airflow/.local/lib/python3.12/site-packages/airflow/example_dags/example_branch_labels.py took 0.083 seconds
[2026-06-08T12:22:57.319+0000] {processor.py:161} INFO - Started process (PID=700) to work on /home/airflow/.local/lib/python3.12/site-packages/airflow/example_dags/example_branch_labels.py
[2026-06-08T12:22:57.319+0000] {processor.py:830} INFO - Processing file /home/airflow/.local/lib/python3.12/site-packages/airflow/example_dags/example_branch_labels.py for tasks to queue
[2026-06-08T12:22:57.321+0000] {logging_mixin.py:188} INFO - [2026-06-08T12:22:57.321+0000] {dagbag.py:545} INFO - Filling up the DagBag from /home/airflow/.local/lib/python3.12/site-packages/airflow/example_dags/example_branch_labels.py
[2026-06-08T12:22:57.330+0000] {processor.py:840} INFO - DAG(s) 'example_branch_labels' retrieved from /home/airflow/.local/lib/python3.12/site-packages/airflow/example_dags/example_branch_labels.py
[2026-06-08T12:22:57.342+0000] {logging_mixin.py:188} INFO - [2026-06-08T12:22:57.342+0000] {dag.py:3096} INFO - Sync 1 DAGs
[2026-06-08T12:22:57.363+0000] {logging_mixin.py:188} INFO - [2026-06-08T12:22:57.362+0000] {dag.py:3954} INFO - Setting next_dagrun for example_branch_labels to 2026-06-07 00:00:00+00:00, run_after=2026-06-08 00:00:00+00:00
[2026-06-08T12:22:57.386+0000] {processor.py:183} INFO - Processing /home/airflow/.local/lib/python3.12/site-packages/airflow/example_dags/example_branch_labels.py took 0.074 seconds
[2026-06-08T12:23:28.404+0000] {processor.py:161} INFO - Started process (PID=780) to work on /home/airflow/.local/lib/python3.12/site-packages/airflow/example_dags/example_branch_labels.py
[2026-06-08T12:23:28.405+0000] {processor.py:830} INFO - Processing file /home/airflow/.local/lib/python3.12/site-packages/airflow/example_dags/example_branch_labels.py for tasks to queue
[2026-06-08T12:23:28.406+0000] {logging_mixin.py:188} INFO - [2026-06-08T12:23:28.405+0000] {dagbag.py:545} INFO - Filling up the DagBag from /home/airflow/.local/lib/python3.12/site-packages/airflow/example_dags/example_branch_labels.py
[2026-06-08T12:23:28.410+0000] {processor.py:840} INFO - DAG(s) 'example_branch_labels' retrieved from /home/airflow/.local/lib/python3.12/site-packages/airflow/example_dags/example_branch_labels.py
[2026-06-08T12:23:28.479+0000] {logging_mixin.py:188} INFO - [2026-06-08T12:23:28.479+0000] {dag.py:3096} INFO - Sync 1 DAGs
[2026-06-08T12:23:28.492+0000] {logging_mixin.py:188} INFO - [2026-06-08T12:23:28.492+0000] {dag.py:3954} INFO - Setting next_dagrun for example_branch_labels to 2026-06-07 00:00:00+00:00, run_after=2026-06-08 00:00:00+00:00
[2026-06-08T12:23:28.507+0000] {processor.py:183} INFO - Processing /home/airflow/.local/lib/python3.12/site-packages/airflow/example_dags/example_branch_labels.py took 0.108 seconds
[2026-06-08T12:23:58.854+0000] {processor.py:161} INFO - Started process (PID=839) to work on /home/airflow/.local/lib/python3.12/site-packages/airflow/example_dags/example_branch_labels.py
[2026-06-08T12:23:58.855+0000] {processor.py:830} INFO - Processing file /home/airflow/.local/lib/python3.12/site-packages/airflow/example_dags/example_branch_labels.py for tasks to queue
[2026-06-08T12:23:58.856+0000] {logging_mixin.py:188} INFO - [2026-06-08T12:23:58.856+0000] {dagbag.py:545} INFO - Filling up the DagBag from /home/airflow/.local/lib/python3.12/site-packages/airflow/example_dags/example_branch_labels.py
[2026-06-08T12:23:58.861+0000] {processor.py:840} INFO - DAG(s) 'example_branch_labels' retrieved from /home/airflow/.local/lib/python3.12/site-packages/airflow/example_dags/example_branch_labels.py
[2026-06-08T12:23:58.876+0000] {logging_mixin.py:188} INFO - [2026-06-08T12:23:58.876+0000] {dag.py:3096} INFO - Sync 1 DAGs
[2026-06-08T12:23:58.891+0000] {logging_mixin.py:188} INFO - [2026-06-08T12:23:58.890+0000] {dag.py:3954} INFO - Setting next_dagrun for example_branch_labels to 2026-06-07 00:00:00+00:00, run_after=2026-06-08 00:00:00+00:00
[2026-06-08T12:23:58.904+0000] {processor.py:183} INFO - Processing /home/airflow/.local/lib/python3.12/site-packages/airflow/example_dags/example_branch_labels.py took 0.055 seconds
[2026-06-08T12:24:29.587+0000] {processor.py:161} INFO - Started process (PID=898) to work on /home/airflow/.local/lib/python3.12/site-packages/airflow/example_dags/example_branch_labels.py
[2026-06-08T12:24:29.588+0000] {processor.py:830} INFO - Processing file /home/airflow/.local/lib/python3.12/site-packages/airflow/example_dags/example_branch_labels.py for tasks to queue
[2026-06-08T12:24:29.589+0000] {logging_mixin.py:188} INFO - [2026-06-08T12:24:29.589+0000] {dagbag.py:545} INFO - Filling up the DagBag from /home/airflow/.local/lib/python3.12/site-packages/airflow/example_dags/example_branch_labels.py
[2026-06-08T12:24:29.596+0000] {processor.py:840} INFO - DAG(s) 'example_branch_labels' retrieved from /home/airflow/.local/lib/python3.12/site-packages/airflow/example_dags/example_branch_labels.py
[2026-06-08T12:24:29.610+0000] {logging_mixin.py:188} INFO - [2026-06-08T12:24:29.610+0000] {dag.py:3096} INFO - Sync 1 DAGs
[2026-06-08T12:24:29.624+0000] {logging_mixin.py:188} INFO - [2026-06-08T12:24:29.624+0000] {dag.py:3954} INFO - Setting next_dagrun for example_branch_labels to 2026-06-07 00:00:00+00:00, run_after=2026-06-08 00:00:00+00:00
[2026-06-08T12:24:29.635+0000] {processor.py:183} INFO - Processing /home/airflow/.local/lib/python3.12/site-packages/airflow/example_dags/example_branch_labels.py took 0.052 seconds
[2026-06-08T12:25:00.093+0000] {processor.py:161} INFO - Started process (PID=957) to work on /home/airflow/.local/lib/python3.12/site-packages/airflow/example_dags/example_branch_labels.py
[2026-06-08T12:25:00.094+0000] {processor.py:830} INFO - Processing file /home/airflow/.local/lib/python3.12/site-packages/airflow/example_dags/example_branch_labels.py for tasks to queue
[2026-06-08T12:25:00.100+0000] {logging_mixin.py:188} INFO - [2026-06-08T12:25:00.100+0000] {dagbag.py:545} INFO - Filling up the DagBag from /home/airflow/.local/lib/python3.12/site-packages/airflow/example_dags/example_branch_labels.py
[2026-06-08T12:25:00.105+0000] {processor.py:840} INFO - DAG(s) 'example_branch_labels' retrieved from /home/airflow/.local/lib/python3.12/site-packages/airflow/example_dags/example_branch_labels.py
[2026-06-08T12:25:00.126+0000] {logging_mixin.py:188} INFO - [2026-06-08T12:25:00.126+0000] {dag.py:3096} INFO - Sync 1 DAGs
[2026-06-08T12:25:00.142+0000] {logging_mixin.py:188} INFO - [2026-06-08T12:25:00.142+0000] {dag.py:3954} INFO - Setting next_dagrun for example_branch_labels to 2026-06-07 00:00:00+00:00, run_after=2026-06-08 00:00:00+00:00
[2026-06-08T12:25:00.157+0000] {processor.py:183} INFO - Processing /home/airflow/.local/lib/python3.12/site-packages/airflow/example_dags/example_branch_labels.py took 0.068 seconds
[2026-06-08T12:25:30.617+0000] {processor.py:161} INFO - Started process (PID=1017) to work on /home/airflow/.local/lib/python3.12/site-packages/airflow/example_dags/example_branch_labels.py
[2026-06-08T12:25:30.618+0000] {processor.py:830} INFO - Processing file /home/airflow/.local/lib/python3.12/site-packages/airflow/example_dags/example_branch_labels.py for tasks to queue
[2026-06-08T12:25:30.619+0000] {logging_mixin.py:188} INFO - [2026-06-08T12:25:30.619+0000] {dagbag.py:545} INFO - Filling up the DagBag from /home/airflow/.local/lib/python3.12/site-packages/airflow/example_dags/example_branch_labels.py
[2026-06-08T12:25:30.624+0000] {processor.py:840} INFO - DAG(s) 'example_branch_labels' retrieved from /home/airflow/.local/lib/python3.12/site-packages/airflow/example_dags/example_branch_labels.py
[2026-06-08T12:25:30.642+0000] {logging_mixin.py:188} INFO - [2026-06-08T12:25:30.642+0000] {dag.py:3096} INFO - Sync 1 DAGs
[2026-06-08T12:25:30.659+0000] {logging_mixin.py:188} INFO - [2026-06-08T12:25:30.659+0000] {dag.py:3954} INFO - Setting next_dagrun for example_branch_labels to 2026-06-07 00:00:00+00:00, run_after=2026-06-08 00:00:00+00:00
[2026-06-08T12:25:30.673+0000] {processor.py:183} INFO - Processing /home/airflow/.local/lib/python3.12/site-packages/airflow/example_dags/example_branch_labels.py took 0.062 seconds
[2026-06-08T12:26:01.124+0000] {processor.py:161} INFO - Started process (PID=1076) to work on /home/airflow/.local/lib/python3.12/site-packages/airflow/example_dags/example_branch_labels.py
[2026-06-08T12:26:01.125+0000] {processor.py:830} INFO - Processing file /home/airflow/.local/lib/python3.12/site-packages/airflow/example_dags/example_branch_labels.py for tasks to queue
[2026-06-08T12:26:01.127+0000] {logging_mixin.py:188} INFO - [2026-06-08T12:26:01.127+0000] {dagbag.py:545} INFO - Filling up the DagBag from /home/airflow/.local/lib/python3.12/site-packages/airflow/example_dags/example_branch_labels.py
[2026-06-08T12:26:01.135+0000] {processor.py:840} INFO - DAG(s) 'example_branch_labels' retrieved from /home/airflow/.local/lib/python3.12/site-packages/airflow/example_dags/example_branch_labels.py
[2026-06-08T12:26:01.155+0000] {logging_mixin.py:188} INFO - [2026-06-08T12:26:01.154+0000] {dag.py:3096} INFO - Sync 1 DAGs
[2026-06-08T12:26:01.171+0000] {logging_mixin.py:188} INFO - [2026-06-08T12:26:01.171+0000] {dag.py:3954} INFO - Setting next_dagrun for example_branch_labels to 2026-06-07 00:00:00+00:00, run_after=2026-06-08 00:00:00+00:00
[2026-06-08T12:26:01.182+0000] {processor.py:183} INFO - Processing /home/airflow/.local/lib/python3.12/site-packages/airflow/example_dags/example_branch_labels.py took 0.065 seconds
[2026-06-08T12:26:31.422+0000] {processor.py:161} INFO - Started process (PID=1135) to work on /home/airflow/.local/lib/python3.12/site-packages/airflow/example_dags/example_branch_labels.py
[2026-06-08T12:26:31.423+0000] {processor.py:830} INFO - Processing file /home/airflow/.local/lib/python3.12/site-packages/airflow/example_dags/example_branch_labels.py for tasks to queue
[2026-06-08T12:26:31.424+0000] {logging_mixin.py:188} INFO - [2026-06-08T12:26:31.424+0000] {dagbag.py:545} INFO - Filling up the DagBag from /home/airflow/.local/lib/python3.12/site-packages/airflow/example_dags/example_branch_labels.py
[2026-06-08T12:26:31.429+0000] {processor.py:840} INFO - DAG(s) 'example_branch_labels' retrieved from /home/airflow/.local/lib/python3.12/site-packages/airflow/example_dags/example_branch_labels.py
[2026-06-08T12:26:31.448+0000] {logging_mixin.py:188} INFO - [2026-06-08T12:26:31.448+0000] {dag.py:3096} INFO - Sync 1 DAGs
[2026-06-08T12:26:31.466+0000] {logging_mixin.py:188} INFO - [2026-06-08T12:26:31.466+0000] {dag.py:3954} INFO - Setting next_dagrun for example_branch_labels to 2026-06-07 00:00:00+00:00, run_after=2026-06-08 00:00:00+00:00
[2026-06-08T12:26:31.481+0000] {processor.py:183} INFO - Processing /home/airflow/.local/lib/python3.12/site-packages/airflow/example_dags/example_branch_labels.py took 0.063 seconds
[2026-06-08T12:27:01.992+0000] {processor.py:161} INFO - Started process (PID=1194) to work on /home/airflow/.local/lib/python3.12/site-packages/airflow/example_dags/example_branch_labels.py
[2026-06-08T12:27:01.993+0000] {processor.py:830} INFO - Processing file /home/airflow/.local/lib/python3.12/site-packages/airflow/example_dags/example_branch_labels.py for tasks to queue
[2026-06-08T12:27:01.994+0000] {logging_mixin.py:188} INFO - [2026-06-08T12:27:01.994+0000] {dagbag.py:545} INFO - Filling up the DagBag from /home/airflow/.local/lib/python3.12/site-packages/airflow/example_dags/example_branch_labels.py
[2026-06-08T12:27:02.000+0000] {processor.py:840} INFO - DAG(s) 'example_branch_labels' retrieved from /home/airflow/.local/lib/python3.12/site-packages/airflow/example_dags/example_branch_labels.py
[2026-06-08T12:27:02.023+0000] {logging_mixin.py:188} INFO - [2026-06-08T12:27:02.023+0000] {dag.py:3096} INFO - Sync 1 DAGs
[2026-06-08T12:27:02.041+0000] {logging_mixin.py:188} INFO - [2026-06-08T12:27:02.041+0000] {dag.py:3954} INFO - Setting next_dagrun for example_branch_labels to 2026-06-07 00:00:00+00:00, run_after=2026-06-08 00:00:00+00:00
[2026-06-08T12:27:02.052+0000] {processor.py:183} INFO - Processing /home/airflow/.local/lib/python3.12/site-packages/airflow/example_dags/example_branch_labels.py took 0.066 seconds
[2026-06-08T12:27:32.436+0000] {processor.py:161} INFO - Started process (PID=1253) to work on /home/airflow/.local/lib/python3.12/site-packages/airflow/example_dags/example_branch_labels.py
[2026-06-08T12:27:32.436+0000] {processor.py:830} INFO - Processing file /home/airflow/.local/lib/python3.12/site-packages/airflow/example_dags/example_branch_labels.py for tasks to queue
[2026-06-08T12:27:32.437+0000] {logging_mixin.py:188} INFO - [2026-06-08T12:27:32.437+0000] {dagbag.py:545} INFO - Filling up the DagBag from /home/airflow/.local/lib/python3.12/site-packages/airflow/example_dags/example_branch_labels.py
[2026-06-08T12:27:32.442+0000] {processor.py:840} INFO - DAG(s) 'example_branch_labels' retrieved from /home/airflow/.local/lib/python3.12/site-packages/airflow/example_dags/example_branch_labels.py
[2026-06-08T12:27:32.462+0000] {logging_mixin.py:188} INFO - [2026-06-08T12:27:32.462+0000] {dag.py:3096} INFO - Sync 1 DAGs
[2026-06-08T12:27:32.478+0000] {logging_mixin.py:188} INFO - [2026-06-08T12:27:32.478+0000] {dag.py:3954} INFO - Setting next_dagrun for example_branch_labels to 2026-06-07 00:00:00+00:00, run_after=2026-06-08 00:00:00+00:00
[2026-06-08T12:27:32.490+0000] {processor.py:183} INFO - Processing /home/airflow/.local/lib/python3.12/site-packages/airflow/example_dags/example_branch_labels.py took 0.058 seconds
[2026-06-08T12:28:02.984+0000] {processor.py:161} INFO - Started process (PID=1312) to work on /home/airflow/.local/lib/python3.12/site-packages/airflow/example_dags/example_branch_labels.py
[2026-06-08T12:28:02.985+0000] {processor.py:830} INFO - Processing file /home/airflow/.local/lib/python3.12/site-packages/airflow/example_dags/example_branch_labels.py for tasks to queue
[2026-06-08T12:28:02.986+0000] {logging_mixin.py:188} INFO - [2026-06-08T12:28:02.986+0000] {dagbag.py:545} INFO - Filling up the DagBag from /home/airflow/.local/lib/python3.12/site-packages/airflow/example_dags/example_branch_labels.py
[2026-06-08T12:28:02.994+0000] {processor.py:840} INFO - DAG(s) 'example_branch_labels' retrieved from /home/airflow/.local/lib/python3.12/site-packages/airflow/example_dags/example_branch_labels.py
[2026-06-08T12:28:03.023+0000] {logging_mixin.py:188} INFO - [2026-06-08T12:28:03.023+0000] {dag.py:3096} INFO - Sync 1 DAGs
[2026-06-08T12:28:03.050+0000] {logging_mixin.py:188} INFO - [2026-06-08T12:28:03.050+0000] {dag.py:3954} INFO - Setting next_dagrun for example_branch_labels to 2026-06-07 00:00:00+00:00, run_after=2026-06-08 00:00:00+00:00
[2026-06-08T12:28:03.063+0000] {processor.py:183} INFO - Processing /home/airflow/.local/lib/python3.12/site-packages/airflow/example_dags/example_branch_labels.py took 0.088 seconds
[2026-06-08T12:28:33.599+0000] {processor.py:161} INFO - Started process (PID=1372) to work on /home/airflow/.local/lib/python3.12/site-packages/airflow/example_dags/example_branch_labels.py
[2026-06-08T12:28:33.600+0000] {processor.py:830} INFO - Processing file /home/airflow/.local/lib/python3.12/site-packages/airflow/example_dags/example_branch_labels.py for tasks to queue
[2026-06-08T12:28:33.601+0000] {logging_mixin.py:188} INFO - [2026-06-08T12:28:33.600+0000] {dagbag.py:545} INFO - Filling up the DagBag from /home/airflow/.local/lib/python3.12/site-packages/airflow/example_dags/example_branch_labels.py
[2026-06-08T12:28:33.605+0000] {processor.py:840} INFO - DAG(s) 'example_branch_labels' retrieved from /home/airflow/.local/lib/python3.12/site-packages/airflow/example_dags/example_branch_labels.py
[2026-06-08T12:28:33.624+0000] {logging_mixin.py:188} INFO - [2026-06-08T12:28:33.624+0000] {dag.py:3096} INFO - Sync 1 DAGs
[2026-06-08T12:28:33.649+0000] {logging_mixin.py:188} INFO - [2026-06-08T12:28:33.649+0000] {dag.py:3954} INFO - Setting next_dagrun for example_branch_labels to 2026-06-07 00:00:00+00:00, run_after=2026-06-08 00:00:00+00:00
[2026-06-08T12:28:33.671+0000] {processor.py:183} INFO - Processing /home/airflow/.local/lib/python3.12/site-packages/airflow/example_dags/example_branch_labels.py took 0.077 seconds
[2026-06-08T12:29:03.996+0000] {processor.py:161} INFO - Started process (PID=1431) to work on /home/airflow/.local/lib/python3.12/site-packages/airflow/example_dags/example_branch_labels.py
[2026-06-08T12:29:03.996+0000] {processor.py:830} INFO - Processing file /home/airflow/.local/lib/python3.12/site-packages/airflow/example_dags/example_branch_labels.py for tasks to queue
[2026-06-08T12:29:03.998+0000] {logging_mixin.py:188} INFO - [2026-06-08T12:29:03.998+0000] {dagbag.py:545} INFO - Filling up the DagBag from /home/airflow/.local/lib/python3.12/site-packages/airflow/example_dags/example_branch_labels.py
[2026-06-08T12:29:04.004+0000] {processor.py:840} INFO - DAG(s) 'example_branch_labels' retrieved from /home/airflow/.local/lib/python3.12/site-packages/airflow/example_dags/example_branch_labels.py
[2026-06-08T12:29:04.024+0000] {logging_mixin.py:188} INFO - [2026-06-08T12:29:04.024+0000] {dag.py:3096} INFO - Sync 1 DAGs
[2026-06-08T12:29:04.040+0000] {logging_mixin.py:188} INFO - [2026-06-08T12:29:04.040+0000] {dag.py:3954} INFO - Setting next_dagrun for example_branch_labels to 2026-06-07 00:00:00+00:00, run_after=2026-06-08 00:00:00+00:00
[2026-06-08T12:29:04.052+0000] {processor.py:183} INFO - Processing /home/airflow/.local/lib/python3.12/site-packages/airflow/example_dags/example_branch_labels.py took 0.060 seconds
[2026-06-08T12:29:34.328+0000] {processor.py:161} INFO - Started process (PID=1490) to work on /home/airflow/.local/lib/python3.12/site-packages/airflow/example_dags/example_branch_labels.py
[2026-06-08T12:29:34.328+0000] {processor.py:830} INFO - Processing file /home/airflow/.local/lib/python3.12/site-packages/airflow/example_dags/example_branch_labels.py for tasks to queue
[2026-06-08T12:29:34.330+0000] {logging_mixin.py:188} INFO - [2026-06-08T12:29:34.330+0000] {dagbag.py:545} INFO - Filling up the DagBag from /home/airflow/.local/lib/python3.12/site-packages/airflow/example_dags/example_branch_labels.py
[2026-06-08T12:29:34.338+0000] {processor.py:840} INFO - DAG(s) 'example_branch_labels' retrieved from /home/airflow/.local/lib/python3.12/site-packages/airflow/example_dags/example_branch_labels.py
[2026-06-08T12:29:34.359+0000] {logging_mixin.py:188} INFO - [2026-06-08T12:29:34.359+0000] {dag.py:3096} INFO - Sync 1 DAGs
[2026-06-08T12:29:34.378+0000] {logging_mixin.py:188} INFO - [2026-06-08T12:29:34.378+0000] {dag.py:3954} INFO - Setting next_dagrun for example_branch_labels to 2026-06-07 00:00:00+00:00, run_after=2026-06-08 00:00:00+00:00
[2026-06-08T12:29:34.391+0000] {processor.py:183} INFO - Processing /home/airflow/.local/lib/python3.12/site-packages/airflow/example_dags/example_branch_labels.py took 0.069 seconds
[2026-06-08T12:30:05.025+0000] {processor.py:161} INFO - Started process (PID=1549) to work on /home/airflow/.local/lib/python3.12/site-packages/airflow/example_dags/example_branch_labels.py
[2026-06-08T12:30:05.026+0000] {processor.py:830} INFO - Processing file /home/airflow/.local/lib/python3.12/site-packages/airflow/example_dags/example_branch_labels.py for tasks to queue
[2026-06-08T12:30:05.027+0000] {logging_mixin.py:188} INFO - [2026-06-08T12:30:05.027+0000] {dagbag.py:545} INFO - Filling up the DagBag from /home/airflow/.local/lib/python3.12/site-packages/airflow/example_dags/example_branch_labels.py
[2026-06-08T12:30:05.032+0000] {processor.py:840} INFO - DAG(s) 'example_branch_labels' retrieved from /home/airflow/.local/lib/python3.12/site-packages/airflow/example_dags/example_branch_labels.py
[2026-06-08T12:30:05.047+0000] {logging_mixin.py:188} INFO - [2026-06-08T12:30:05.047+0000] {dag.py:3096} INFO - Sync 1 DAGs
[2026-06-08T12:30:05.066+0000] {logging_mixin.py:188} INFO - [2026-06-08T12:30:05.066+0000] {dag.py:3954} INFO - Setting next_dagrun for example_branch_labels to 2026-06-07 00:00:00+00:00, run_after=2026-06-08 00:00:00+00:00
[2026-06-08T12:30:05.082+0000] {processor.py:183} INFO - Processing /home/airflow/.local/lib/python3.12/site-packages/airflow/example_dags/example_branch_labels.py took 0.061 seconds
[2026-06-08T12:30:35.551+0000] {processor.py:161} INFO - Started process (PID=1608) to work on /home/airflow/.local/lib/python3.12/site-packages/airflow/example_dags/example_branch_labels.py
[2026-06-08T12:30:35.552+0000] {processor.py:830} INFO - Processing file /home/airflow/.local/lib/python3.12/site-packages/airflow/example_dags/example_branch_labels.py for tasks to queue
[2026-06-08T12:30:35.553+0000] {logging_mixin.py:188} INFO - [2026-06-08T12:30:35.553+0000] {dagbag.py:545} INFO - Filling up the DagBag from /home/airflow/.local/lib/python3.12/site-packages/airflow/example_dags/example_branch_labels.py
[2026-06-08T12:30:35.561+0000] {processor.py:840} INFO - DAG(s) 'example_branch_labels' retrieved from /home/airflow/.local/lib/python3.12/site-packages/airflow/example_dags/example_branch_labels.py
[2026-06-08T12:30:35.579+0000] {logging_mixin.py:188} INFO - [2026-06-08T12:30:35.579+0000] {dag.py:3096} INFO - Sync 1 DAGs
[2026-06-08T12:30:35.594+0000] {logging_mixin.py:188} INFO - [2026-06-08T12:30:35.594+0000] {dag.py:3954} INFO - Setting next_dagrun for example_branch_labels to 2026-06-07 00:00:00+00:00, run_after=2026-06-08 00:00:00+00:00
[2026-06-08T12:30:35.606+0000] {processor.py:183} INFO - Processing /home/airflow/.local/lib/python3.12/site-packages/airflow/example_dags/example_branch_labels.py took 0.060 seconds
[2026-06-08T12:31:06.179+0000] {processor.py:161} INFO - Started process (PID=1667) to work on /home/airflow/.local/lib/python3.12/site-packages/airflow/example_dags/example_branch_labels.py
[2026-06-08T12:31:06.180+0000] {processor.py:830} INFO - Processing file /home/airflow/.local/lib/python3.12/site-packages/airflow/example_dags/example_branch_labels.py for tasks to queue
[2026-06-08T12:31:06.181+0000] {logging_mixin.py:188} INFO - [2026-06-08T12:31:06.181+0000] {dagbag.py:545} INFO - Filling up the DagBag from /home/airflow/.local/lib/python3.12/site-packages/airflow/example_dags/example_branch_labels.py
[2026-06-08T12:31:06.188+0000] {processor.py:840} INFO - DAG(s) 'example_branch_labels' retrieved from /home/airflow/.local/lib/python3.12/site-packages/airflow/example_dags/example_branch_labels.py
[2026-06-08T12:31:06.205+0000] {logging_mixin.py:188} INFO - [2026-06-08T12:31:06.205+0000] {dag.py:3096} INFO - Sync 1 DAGs
[2026-06-08T12:31:06.220+0000] {logging_mixin.py:188} INFO - [2026-06-08T12:31:06.220+0000] {dag.py:3954} INFO - Setting next_dagrun for example_branch_labels to 2026-06-07 00:00:00+00:00, run_after=2026-06-08 00:00:00+00:00
[2026-06-08T12:31:06.232+0000] {processor.py:183} INFO - Processing /home/airflow/.local/lib/python3.12/site-packages/airflow/example_dags/example_branch_labels.py took 0.059 seconds
[2026-06-08T12:31:36.595+0000] {processor.py:161} INFO - Started process (PID=1726) to work on /home/airflow/.local/lib/python3.12/site-packages/airflow/example_dags/example_branch_labels.py
[2026-06-08T12:31:36.595+0000] {processor.py:830} INFO - Processing file /home/airflow/.local/lib/python3.12/site-packages/airflow/example_dags/example_branch_labels.py for tasks to queue
[2026-06-08T12:31:36.596+0000] {logging_mixin.py:188} INFO - [2026-06-08T12:31:36.596+0000] {dagbag.py:545} INFO - Filling up the DagBag from /home/airflow/.local/lib/python3.12/site-packages/airflow/example_dags/example_branch_labels.py
[2026-06-08T12:31:36.601+0000] {processor.py:840} INFO - DAG(s) 'example_branch_labels' retrieved from /home/airflow/.local/lib/python3.12/site-packages/airflow/example_dags/example_branch_labels.py
[2026-06-08T12:31:36.623+0000] {logging_mixin.py:188} INFO - [2026-06-08T12:31:36.623+0000] {dag.py:3096} INFO - Sync 1 DAGs
[2026-06-08T12:31:36.643+0000] {logging_mixin.py:188} INFO - [2026-06-08T12:31:36.643+0000] {dag.py:3954} INFO - Setting next_dagrun for example_branch_labels to 2026-06-07 00:00:00+00:00, run_after=2026-06-08 00:00:00+00:00
[2026-06-08T12:31:36.662+0000] {processor.py:183} INFO - Processing /home/airflow/.local/lib/python3.12/site-packages/airflow/example_dags/example_branch_labels.py took 0.071 seconds
[2026-06-08T12:32:06.877+0000] {processor.py:161} INFO - Started process (PID=1785) to work on /home/airflow/.local/lib/python3.12/site-packages/airflow/example_dags/example_branch_labels.py
[2026-06-08T12:32:06.878+0000] {processor.py:830} INFO - Processing file /home/airflow/.local/lib/python3.12/site-packages/airflow/example_dags/example_branch_labels.py for tasks to queue
[2026-06-08T12:32:06.879+0000] {logging_mixin.py:188} INFO - [2026-06-08T12:32:06.879+0000] {dagbag.py:545} INFO - Filling up the DagBag from /home/airflow/.local/lib/python3.12/site-packages/airflow/example_dags/example_branch_labels.py
[2026-06-08T12:32:06.884+0000] {processor.py:840} INFO - DAG(s) 'example_branch_labels' retrieved from /home/airflow/.local/lib/python3.12/site-packages/airflow/example_dags/example_branch_labels.py
[2026-06-08T12:32:06.902+0000] {logging_mixin.py:188} INFO - [2026-06-08T12:32:06.902+0000] {dag.py:3096} INFO - Sync 1 DAGs
[2026-06-08T12:32:06.922+0000] {logging_mixin.py:188} INFO - [2026-06-08T12:32:06.921+0000] {dag.py:3954} INFO - Setting next_dagrun for example_branch_labels to 2026-06-07 00:00:00+00:00, run_after=2026-06-08 00:00:00+00:00
[2026-06-08T12:32:06.936+0000] {processor.py:183} INFO - Processing /home/airflow/.local/lib/python3.12/site-packages/airflow/example_dags/example_branch_labels.py took 0.062 seconds
[2026-06-08T12:32:37.633+0000] {processor.py:161} INFO - Started process (PID=1844) to work on /home/airflow/.local/lib/python3.12/site-packages/airflow/example_dags/example_branch_labels.py
[2026-06-08T12:32:37.633+0000] {processor.py:830} INFO - Processing file /home/airflow/.local/lib/python3.12/site-packages/airflow/example_dags/example_branch_labels.py for tasks to queue
[2026-06-08T12:32:37.635+0000] {logging_mixin.py:188} INFO - [2026-06-08T12:32:37.634+0000] {dagbag.py:545} INFO - Filling up the DagBag from /home/airflow/.local/lib/python3.12/site-packages/airflow/example_dags/example_branch_labels.py
[2026-06-08T12:32:37.639+0000] {processor.py:840} INFO - DAG(s) 'example_branch_labels' retrieved from /home/airflow/.local/lib/python3.12/site-packages/airflow/example_dags/example_branch_labels.py
[2026-06-08T12:32:37.660+0000] {logging_mixin.py:188} INFO - [2026-06-08T12:32:37.659+0000] {dag.py:3096} INFO - Sync 1 DAGs
[2026-06-08T12:32:37.679+0000] {logging_mixin.py:188} INFO - [2026-06-08T12:32:37.679+0000] {dag.py:3954} INFO - Setting next_dagrun for example_branch_labels to 2026-06-07 00:00:00+00:00, run_after=2026-06-08 00:00:00+00:00
[2026-06-08T12:32:37.701+0000] {processor.py:183} INFO - Processing /home/airflow/.local/lib/python3.12/site-packages/airflow/example_dags/example_branch_labels.py took 0.072 seconds
[2026-06-08T12:33:08.755+0000] {processor.py:161} INFO - Started process (PID=1903) to work on /home/airflow/.local/lib/python3.12/site-packages/airflow/example_dags/example_branch_labels.py
[2026-06-08T12:33:08.756+0000] {processor.py:830} INFO - Processing file /home/airflow/.local/lib/python3.12/site-packages/airflow/example_dags/example_branch_labels.py for tasks to queue
[2026-06-08T12:33:08.757+0000] {logging_mixin.py:188} INFO - [2026-06-08T12:33:08.757+0000] {dagbag.py:545} INFO - Filling up the DagBag from /home/airflow/.local/lib/python3.12/site-packages/airflow/example_dags/example_branch_labels.py
[2026-06-08T12:33:08.761+0000] {processor.py:840} INFO - DAG(s) 'example_branch_labels' retrieved from /home/airflow/.local/lib/python3.12/site-packages/airflow/example_dags/example_branch_labels.py
[2026-06-08T12:33:08.780+0000] {logging_mixin.py:188} INFO - [2026-06-08T12:33:08.780+0000] {dag.py:3096} INFO - Sync 1 DAGs
[2026-06-08T12:33:08.797+0000] {logging_mixin.py:188} INFO - [2026-06-08T12:33:08.796+0000] {dag.py:3954} INFO - Setting next_dagrun for example_branch_labels to 2026-06-07 00:00:00+00:00, run_after=2026-06-08 00:00:00+00:00
[2026-06-08T12:33:08.811+0000] {processor.py:183} INFO - Processing /home/airflow/.local/lib/python3.12/site-packages/airflow/example_dags/example_branch_labels.py took 0.059 seconds
[2026-06-08T12:33:38.976+0000] {processor.py:161} INFO - Started process (PID=1962) to work on /home/airflow/.local/lib/python3.12/site-packages/airflow/example_dags/example_branch_labels.py
[2026-06-08T12:33:38.977+0000] {processor.py:830} INFO - Processing file /home/airflow/.local/lib/python3.12/site-packages/airflow/example_dags/example_branch_labels.py for tasks to queue
[2026-06-08T12:33:38.978+0000] {logging_mixin.py:188} INFO - [2026-06-08T12:33:38.977+0000] {dagbag.py:545} INFO - Filling up the DagBag from /home/airflow/.local/lib/python3.12/site-packages/airflow/example_dags/example_branch_labels.py
[2026-06-08T12:33:38.982+0000] {processor.py:840} INFO - DAG(s) 'example_branch_labels' retrieved from /home/airflow/.local/lib/python3.12/site-packages/airflow/example_dags/example_branch_labels.py
[2026-06-08T12:33:38.997+0000] {logging_mixin.py:188} INFO - [2026-06-08T12:33:38.997+0000] {dag.py:3096} INFO - Sync 1 DAGs
[2026-06-08T12:33:39.011+0000] {logging_mixin.py:188} INFO - [2026-06-08T12:33:39.010+0000] {dag.py:3954} INFO - Setting next_dagrun for example_branch_labels to 2026-06-07 00:00:00+00:00, run_after=2026-06-08 00:00:00+00:00
[2026-06-08T12:33:39.022+0000] {processor.py:183} INFO - Processing /home/airflow/.local/lib/python3.12/site-packages/airflow/example_dags/example_branch_labels.py took 0.050 seconds
[2026-06-08T12:34:09.925+0000] {processor.py:161} INFO - Started process (PID=2021) to work on /home/airflow/.local/lib/python3.12/site-packages/airflow/example_dags/example_branch_labels.py
[2026-06-08T12:34:09.926+0000] {processor.py:830} INFO - Processing file /home/airflow/.local/lib/python3.12/site-packages/airflow/example_dags/example_branch_labels.py for tasks to queue
[2026-06-08T12:34:09.927+0000] {logging_mixin.py:188} INFO - [2026-06-08T12:34:09.926+0000] {dagbag.py:545} INFO - Filling up the DagBag from /home/airflow/.local/lib/python3.12/site-packages/airflow/example_dags/example_branch_labels.py
[2026-06-08T12:34:09.931+0000] {processor.py:840} INFO - DAG(s) 'example_branch_labels' retrieved from /home/airflow/.local/lib/python3.12/site-packages/airflow/example_dags/example_branch_labels.py
[2026-06-08T12:34:09.952+0000] {logging_mixin.py:188} INFO - [2026-06-08T12:34:09.952+0000] {dag.py:3096} INFO - Sync 1 DAGs
[2026-06-08T12:34:09.971+0000] {logging_mixin.py:188} INFO - [2026-06-08T12:34:09.970+0000] {dag.py:3954} INFO - Setting next_dagrun for example_branch_labels to 2026-06-07 00:00:00+00:00, run_after=2026-06-08 00:00:00+00:00
[2026-06-08T12:34:09.985+0000] {processor.py:183} INFO - Processing /home/airflow/.local/lib/python3.12/site-packages/airflow/example_dags/example_branch_labels.py took 0.064 seconds
[2026-06-08T12:34:40.826+0000] {processor.py:161} INFO - Started process (PID=2080) to work on /home/airflow/.local/lib/python3.12/site-packages/airflow/example_dags/example_branch_labels.py
[2026-06-08T12:34:40.827+0000] {processor.py:830} INFO - Processing file /home/airflow/.local/lib/python3.12/site-packages/airflow/example_dags/example_branch_labels.py for tasks to queue
[2026-06-08T12:34:40.829+0000] {logging_mixin.py:188} INFO - [2026-06-08T12:34:40.829+0000] {dagbag.py:545} INFO - Filling up the DagBag from /home/airflow/.local/lib/python3.12/site-packages/airflow/example_dags/example_branch_labels.py
[2026-06-08T12:34:40.840+0000] {processor.py:840} INFO - DAG(s) 'example_branch_labels' retrieved from /home/airflow/.local/lib/python3.12/site-packages/airflow/example_dags/example_branch_labels.py
[2026-06-08T12:34:40.864+0000] {logging_mixin.py:188} INFO - [2026-06-08T12:34:40.864+0000] {dag.py:3096} INFO - Sync 1 DAGs
[2026-06-08T12:34:41.034+0000] {logging_mixin.py:188} INFO - [2026-06-08T12:34:41.033+0000] {dag.py:3954} INFO - Setting next_dagrun for example_branch_labels to 2026-06-07 00:00:00+00:00, run_after=2026-06-08 00:00:00+00:00
[2026-06-08T12:34:41.055+0000] {processor.py:183} INFO - Processing /home/airflow/.local/lib/python3.12/site-packages/airflow/example_dags/example_branch_labels.py took 0.235 seconds
[2026-06-08T12:35:11.115+0000] {processor.py:161} INFO - Started process (PID=2139) to work on /home/airflow/.local/lib/python3.12/site-packages/airflow/example_dags/example_branch_labels.py
[2026-06-08T12:35:11.115+0000] {processor.py:830} INFO - Processing file /home/airflow/.local/lib/python3.12/site-packages/airflow/example_dags/example_branch_labels.py for tasks to queue
[2026-06-08T12:35:11.117+0000] {logging_mixin.py:188} INFO - [2026-06-08T12:35:11.116+0000] {dagbag.py:545} INFO - Filling up the DagBag from /home/airflow/.local/lib/python3.12/site-packages/airflow/example_dags/example_branch_labels.py
[2026-06-08T12:35:11.122+0000] {processor.py:840} INFO - DAG(s) 'example_branch_labels' retrieved from /home/airflow/.local/lib/python3.12/site-packages/airflow/example_dags/example_branch_labels.py
[2026-06-08T12:35:11.137+0000] {logging_mixin.py:188} INFO - [2026-06-08T12:35:11.137+0000] {dag.py:3096} INFO - Sync 1 DAGs
[2026-06-08T12:35:11.152+0000] {logging_mixin.py:188} INFO - [2026-06-08T12:35:11.152+0000] {dag.py:3954} INFO - Setting next_dagrun for example_branch_labels to 2026-06-07 00:00:00+00:00, run_after=2026-06-08 00:00:00+00:00
[2026-06-08T12:35:11.163+0000] {processor.py:183} INFO - Processing /home/airflow/.local/lib/python3.12/site-packages/airflow/example_dags/example_branch_labels.py took 0.055 seconds
[2026-06-08T12:35:41.682+0000] {processor.py:161} INFO - Started process (PID=2198) to work on /home/airflow/.local/lib/python3.12/site-packages/airflow/example_dags/example_branch_labels.py
[2026-06-08T12:35:41.683+0000] {processor.py:830} INFO - Processing file /home/airflow/.local/lib/python3.12/site-packages/airflow/example_dags/example_branch_labels.py for tasks to queue
[2026-06-08T12:35:41.684+0000] {logging_mixin.py:188} INFO - [2026-06-08T12:35:41.684+0000] {dagbag.py:545} INFO - Filling up the DagBag from /home/airflow/.local/lib/python3.12/site-packages/airflow/example_dags/example_branch_labels.py
[2026-06-08T12:35:41.689+0000] {processor.py:840} INFO - DAG(s) 'example_branch_labels' retrieved from /home/airflow/.local/lib/python3.12/site-packages/airflow/example_dags/example_branch_labels.py
[2026-06-08T12:35:41.705+0000] {logging_mixin.py:188} INFO - [2026-06-08T12:35:41.705+0000] {dag.py:3096} INFO - Sync 1 DAGs
[2026-06-08T12:35:41.721+0000] {logging_mixin.py:188} INFO - [2026-06-08T12:35:41.721+0000] {dag.py:3954} INFO - Setting next_dagrun for example_branch_labels to 2026-06-07 00:00:00+00:00, run_after=2026-06-08 00:00:00+00:00
[2026-06-08T12:35:41.734+0000] {processor.py:183} INFO - Processing /home/airflow/.local/lib/python3.12/site-packages/airflow/example_dags/example_branch_labels.py took 0.058 seconds
[2026-06-08T12:36:12.219+0000] {processor.py:161} INFO - Started process (PID=2257) to work on /home/airflow/.local/lib/python3.12/site-packages/airflow/example_dags/example_branch_labels.py
[2026-06-08T12:36:12.220+0000] {processor.py:830} INFO - Processing file /home/airflow/.local/lib/python3.12/site-packages/airflow/example_dags/example_branch_labels.py for tasks to queue
[2026-06-08T12:36:12.221+0000] {logging_mixin.py:188} INFO - [2026-06-08T12:36:12.221+0000] {dagbag.py:545} INFO - Filling up the DagBag from /home/airflow/.local/lib/python3.12/site-packages/airflow/example_dags/example_branch_labels.py
[2026-06-08T12:36:12.226+0000] {processor.py:840} INFO - DAG(s) 'example_branch_labels' retrieved from /home/airflow/.local/lib/python3.12/site-packages/airflow/example_dags/example_branch_labels.py
[2026-06-08T12:36:12.240+0000] {logging_mixin.py:188} INFO - [2026-06-08T12:36:12.240+0000] {dag.py:3096} INFO - Sync 1 DAGs
[2026-06-08T12:36:12.258+0000] {logging_mixin.py:188} INFO - [2026-06-08T12:36:12.258+0000] {dag.py:3954} INFO - Setting next_dagrun for example_branch_labels to 2026-06-07 00:00:00+00:00, run_after=2026-06-08 00:00:00+00:00
[2026-06-08T12:36:12.272+0000] {processor.py:183} INFO - Processing /home/airflow/.local/lib/python3.12/site-packages/airflow/example_dags/example_branch_labels.py took 0.059 seconds
[2026-06-08T12:36:42.730+0000] {processor.py:161} INFO - Started process (PID=2316) to work on /home/airflow/.local/lib/python3.12/site-packages/airflow/example_dags/example_branch_labels.py
[2026-06-08T12:36:42.730+0000] {processor.py:830} INFO - Processing file /home/airflow/.local/lib/python3.12/site-packages/airflow/example_dags/example_branch_labels.py for tasks to queue
[2026-06-08T12:36:42.731+0000] {logging_mixin.py:188} INFO - [2026-06-08T12:36:42.731+0000] {dagbag.py:545} INFO - Filling up the DagBag from /home/airflow/.local/lib/python3.12/site-packages/airflow/example_dags/example_branch_labels.py
[2026-06-08T12:36:42.737+0000] {processor.py:840} INFO - DAG(s) 'example_branch_labels' retrieved from /home/airflow/.local/lib/python3.12/site-packages/airflow/example_dags/example_branch_labels.py
[2026-06-08T12:36:42.752+0000] {logging_mixin.py:188} INFO - [2026-06-08T12:36:42.751+0000] {dag.py:3096} INFO - Sync 1 DAGs
[2026-06-08T12:36:42.766+0000] {logging_mixin.py:188} INFO - [2026-06-08T12:36:42.766+0000] {dag.py:3954} INFO - Setting next_dagrun for example_branch_labels to 2026-06-07 00:00:00+00:00, run_after=2026-06-08 00:00:00+00:00
[2026-06-08T12:36:42.783+0000] {processor.py:183} INFO - Processing /home/airflow/.local/lib/python3.12/site-packages/airflow/example_dags/example_branch_labels.py took 0.058 seconds
[2026-06-08T12:37:13.032+0000] {processor.py:161} INFO - Started process (PID=2375) to work on /home/airflow/.local/lib/python3.12/site-packages/airflow/example_dags/example_branch_labels.py
[2026-06-08T12:37:13.033+0000] {processor.py:830} INFO - Processing file /home/airflow/.local/lib/python3.12/site-packages/airflow/example_dags/example_branch_labels.py for tasks to queue
[2026-06-08T12:37:13.034+0000] {logging_mixin.py:188} INFO - [2026-06-08T12:37:13.034+0000] {dagbag.py:545} INFO - Filling up the DagBag from /home/airflow/.local/lib/python3.12/site-packages/airflow/example_dags/example_branch_labels.py
[2026-06-08T12:37:13.042+0000] {processor.py:840} INFO - DAG(s) 'example_branch_labels' retrieved from /home/airflow/.local/lib/python3.12/site-packages/airflow/example_dags/example_branch_labels.py
[2026-06-08T12:37:13.062+0000] {logging_mixin.py:188} INFO - [2026-06-08T12:37:13.062+0000] {dag.py:3096} INFO - Sync 1 DAGs
[2026-06-08T12:37:13.077+0000] {logging_mixin.py:188} INFO - [2026-06-08T12:37:13.076+0000] {dag.py:3954} INFO - Setting next_dagrun for example_branch_labels to 2026-06-07 00:00:00+00:00, run_after=2026-06-08 00:00:00+00:00
[2026-06-08T12:37:13.096+0000] {processor.py:183} INFO - Processing /home/airflow/.local/lib/python3.12/site-packages/airflow/example_dags/example_branch_labels.py took 0.070 seconds
[2026-06-08T12:37:43.530+0000] {processor.py:161} INFO - Started process (PID=2434) to work on /home/airflow/.local/lib/python3.12/site-packages/airflow/example_dags/example_branch_labels.py
[2026-06-08T12:37:43.530+0000] {processor.py:830} INFO - Processing file /home/airflow/.local/lib/python3.12/site-packages/airflow/example_dags/example_branch_labels.py for tasks to queue
[2026-06-08T12:37:43.531+0000] {logging_mixin.py:188} INFO - [2026-06-08T12:37:43.531+0000] {dagbag.py:545} INFO - Filling up the DagBag from /home/airflow/.local/lib/python3.12/site-packages/airflow/example_dags/example_branch_labels.py
[2026-06-08T12:37:43.536+0000] {processor.py:840} INFO - DAG(s) 'example_branch_labels' retrieved from /home/airflow/.local/lib/python3.12/site-packages/airflow/example_dags/example_branch_labels.py
[2026-06-08T12:37:43.553+0000] {logging_mixin.py:188} INFO - [2026-06-08T12:37:43.552+0000] {dag.py:3096} INFO - Sync 1 DAGs
[2026-06-08T12:37:43.570+0000] {logging_mixin.py:188} INFO - [2026-06-08T12:37:43.569+0000] {dag.py:3954} INFO - Setting next_dagrun for example_branch_labels to 2026-06-07 00:00:00+00:00, run_after=2026-06-08 00:00:00+00:00
[2026-06-08T12:37:43.591+0000] {processor.py:183} INFO - Processing /home/airflow/.local/lib/python3.12/site-packages/airflow/example_dags/example_branch_labels.py took 0.065 seconds
