[2026-06-08T12:17:50.758+0000] {processor.py:161} INFO - Started process (PID=55) to work on /home/airflow/.local/lib/python3.12/site-packages/airflow/example_dags/example_complex.py
[2026-06-08T12:17:50.759+0000] {processor.py:830} INFO - Processing file /home/airflow/.local/lib/python3.12/site-packages/airflow/example_dags/example_complex.py for tasks to queue
[2026-06-08T12:17:50.760+0000] {logging_mixin.py:188} INFO - [2026-06-08T12:17:50.760+0000] {dagbag.py:545} INFO - Filling up the DagBag from /home/airflow/.local/lib/python3.12/site-packages/airflow/example_dags/example_complex.py
[2026-06-08T12:17:50.771+0000] {processor.py:840} INFO - DAG(s) 'example_complex' retrieved from /home/airflow/.local/lib/python3.12/site-packages/airflow/example_dags/example_complex.py
[2026-06-08T12:17:50.783+0000] {logging_mixin.py:188} INFO - [2026-06-08T12:17:50.783+0000] {dag.py:3096} INFO - Sync 1 DAGs
[2026-06-08T12:17:50.801+0000] {logging_mixin.py:188} INFO - [2026-06-08T12:17:50.800+0000] {dag.py:3954} INFO - Setting next_dagrun for example_complex to None, run_after=None
[2026-06-08T12:17:50.820+0000] {processor.py:183} INFO - Processing /home/airflow/.local/lib/python3.12/site-packages/airflow/example_dags/example_complex.py took 0.066 seconds
[2026-06-08T12:18:21.542+0000] {processor.py:161} INFO - Started process (PID=113) to work on /home/airflow/.local/lib/python3.12/site-packages/airflow/example_dags/example_complex.py
[2026-06-08T12:18:21.542+0000] {processor.py:830} INFO - Processing file /home/airflow/.local/lib/python3.12/site-packages/airflow/example_dags/example_complex.py for tasks to queue
[2026-06-08T12:18:21.543+0000] {logging_mixin.py:188} INFO - [2026-06-08T12:18:21.543+0000] {dagbag.py:545} INFO - Filling up the DagBag from /home/airflow/.local/lib/python3.12/site-packages/airflow/example_dags/example_complex.py
[2026-06-08T12:18:21.550+0000] {processor.py:840} INFO - DAG(s) 'example_complex' retrieved from /home/airflow/.local/lib/python3.12/site-packages/airflow/example_dags/example_complex.py
[2026-06-08T12:18:21.632+0000] {logging_mixin.py:188} INFO - [2026-06-08T12:18:21.632+0000] {dag.py:3096} INFO - Sync 1 DAGs
[2026-06-08T12:18:21.639+0000] {logging_mixin.py:188} INFO - [2026-06-08T12:18:21.639+0000] {dag.py:3954} INFO - Setting next_dagrun for example_complex to None, run_after=None
[2026-06-08T12:18:21.656+0000] {processor.py:183} INFO - Processing /home/airflow/.local/lib/python3.12/site-packages/airflow/example_dags/example_complex.py took 0.119 seconds
[2026-06-08T12:18:52.164+0000] {processor.py:161} INFO - Started process (PID=177) to work on /home/airflow/.local/lib/python3.12/site-packages/airflow/example_dags/example_complex.py
[2026-06-08T12:18:52.165+0000] {processor.py:830} INFO - Processing file /home/airflow/.local/lib/python3.12/site-packages/airflow/example_dags/example_complex.py for tasks to queue
[2026-06-08T12:18:52.167+0000] {logging_mixin.py:188} INFO - [2026-06-08T12:18:52.166+0000] {dagbag.py:545} INFO - Filling up the DagBag from /home/airflow/.local/lib/python3.12/site-packages/airflow/example_dags/example_complex.py
[2026-06-08T12:18:52.183+0000] {processor.py:840} INFO - DAG(s) 'example_complex' retrieved from /home/airflow/.local/lib/python3.12/site-packages/airflow/example_dags/example_complex.py
[2026-06-08T12:18:52.221+0000] {logging_mixin.py:188} INFO - [2026-06-08T12:18:52.221+0000] {dag.py:3096} INFO - Sync 1 DAGs
[2026-06-08T12:18:52.232+0000] {logging_mixin.py:188} INFO - [2026-06-08T12:18:52.232+0000] {dag.py:3954} INFO - Setting next_dagrun for example_complex to None, run_after=None
[2026-06-08T12:18:52.252+0000] {processor.py:183} INFO - Processing /home/airflow/.local/lib/python3.12/site-packages/airflow/example_dags/example_complex.py took 0.096 seconds
[2026-06-08T12:19:22.612+0000] {processor.py:161} INFO - Started process (PID=235) to work on /home/airflow/.local/lib/python3.12/site-packages/airflow/example_dags/example_complex.py
[2026-06-08T12:19:22.612+0000] {processor.py:830} INFO - Processing file /home/airflow/.local/lib/python3.12/site-packages/airflow/example_dags/example_complex.py for tasks to queue
[2026-06-08T12:19:22.614+0000] {logging_mixin.py:188} INFO - [2026-06-08T12:19:22.613+0000] {dagbag.py:545} INFO - Filling up the DagBag from /home/airflow/.local/lib/python3.12/site-packages/airflow/example_dags/example_complex.py
[2026-06-08T12:19:22.620+0000] {processor.py:840} INFO - DAG(s) 'example_complex' retrieved from /home/airflow/.local/lib/python3.12/site-packages/airflow/example_dags/example_complex.py
[2026-06-08T12:19:22.646+0000] {logging_mixin.py:188} INFO - [2026-06-08T12:19:22.646+0000] {dag.py:3096} INFO - Sync 1 DAGs
[2026-06-08T12:19:22.654+0000] {logging_mixin.py:188} INFO - [2026-06-08T12:19:22.654+0000] {dag.py:3954} INFO - Setting next_dagrun for example_complex to None, run_after=None
[2026-06-08T12:19:22.667+0000] {processor.py:183} INFO - Processing /home/airflow/.local/lib/python3.12/site-packages/airflow/example_dags/example_complex.py took 0.059 seconds
[2026-06-08T12:19:53.143+0000] {processor.py:161} INFO - Started process (PID=293) to work on /home/airflow/.local/lib/python3.12/site-packages/airflow/example_dags/example_complex.py
[2026-06-08T12:19:53.144+0000] {processor.py:830} INFO - Processing file /home/airflow/.local/lib/python3.12/site-packages/airflow/example_dags/example_complex.py for tasks to queue
[2026-06-08T12:19:53.145+0000] {logging_mixin.py:188} INFO - [2026-06-08T12:19:53.145+0000] {dagbag.py:545} INFO - Filling up the DagBag from /home/airflow/.local/lib/python3.12/site-packages/airflow/example_dags/example_complex.py
[2026-06-08T12:19:53.153+0000] {processor.py:840} INFO - DAG(s) 'example_complex' retrieved from /home/airflow/.local/lib/python3.12/site-packages/airflow/example_dags/example_complex.py
[2026-06-08T12:19:53.178+0000] {logging_mixin.py:188} INFO - [2026-06-08T12:19:53.178+0000] {dag.py:3096} INFO - Sync 1 DAGs
[2026-06-08T12:19:53.187+0000] {logging_mixin.py:188} INFO - [2026-06-08T12:19:53.187+0000] {dag.py:3954} INFO - Setting next_dagrun for example_complex to None, run_after=None
[2026-06-08T12:19:53.202+0000] {processor.py:183} INFO - Processing /home/airflow/.local/lib/python3.12/site-packages/airflow/example_dags/example_complex.py took 0.063 seconds
[2026-06-08T12:20:23.415+0000] {processor.py:161} INFO - Started process (PID=351) to work on /home/airflow/.local/lib/python3.12/site-packages/airflow/example_dags/example_complex.py
[2026-06-08T12:20:23.416+0000] {processor.py:830} INFO - Processing file /home/airflow/.local/lib/python3.12/site-packages/airflow/example_dags/example_complex.py for tasks to queue
[2026-06-08T12:20:23.417+0000] {logging_mixin.py:188} INFO - [2026-06-08T12:20:23.417+0000] {dagbag.py:545} INFO - Filling up the DagBag from /home/airflow/.local/lib/python3.12/site-packages/airflow/example_dags/example_complex.py
[2026-06-08T12:20:23.424+0000] {processor.py:840} INFO - DAG(s) 'example_complex' retrieved from /home/airflow/.local/lib/python3.12/site-packages/airflow/example_dags/example_complex.py
[2026-06-08T12:20:23.455+0000] {logging_mixin.py:188} INFO - [2026-06-08T12:20:23.455+0000] {dag.py:3096} INFO - Sync 1 DAGs
[2026-06-08T12:20:23.465+0000] {logging_mixin.py:188} INFO - [2026-06-08T12:20:23.465+0000] {dag.py:3954} INFO - Setting next_dagrun for example_complex to None, run_after=None
[2026-06-08T12:20:23.490+0000] {processor.py:183} INFO - Processing /home/airflow/.local/lib/python3.12/site-packages/airflow/example_dags/example_complex.py took 0.079 seconds
[2026-06-08T12:20:54.009+0000] {processor.py:161} INFO - Started process (PID=409) to work on /home/airflow/.local/lib/python3.12/site-packages/airflow/example_dags/example_complex.py
[2026-06-08T12:20:54.009+0000] {processor.py:830} INFO - Processing file /home/airflow/.local/lib/python3.12/site-packages/airflow/example_dags/example_complex.py for tasks to queue
[2026-06-08T12:20:54.010+0000] {logging_mixin.py:188} INFO - [2026-06-08T12:20:54.010+0000] {dagbag.py:545} INFO - Filling up the DagBag from /home/airflow/.local/lib/python3.12/site-packages/airflow/example_dags/example_complex.py
[2026-06-08T12:20:54.016+0000] {processor.py:840} INFO - DAG(s) 'example_complex' retrieved from /home/airflow/.local/lib/python3.12/site-packages/airflow/example_dags/example_complex.py
[2026-06-08T12:20:54.041+0000] {logging_mixin.py:188} INFO - [2026-06-08T12:20:54.041+0000] {dag.py:3096} INFO - Sync 1 DAGs
[2026-06-08T12:20:54.051+0000] {logging_mixin.py:188} INFO - [2026-06-08T12:20:54.051+0000] {dag.py:3954} INFO - Setting next_dagrun for example_complex to None, run_after=None
[2026-06-08T12:20:54.068+0000] {processor.py:183} INFO - Processing /home/airflow/.local/lib/python3.12/site-packages/airflow/example_dags/example_complex.py took 0.064 seconds
[2026-06-08T12:21:24.345+0000] {processor.py:161} INFO - Started process (PID=467) to work on /home/airflow/.local/lib/python3.12/site-packages/airflow/example_dags/example_complex.py
[2026-06-08T12:21:24.346+0000] {processor.py:830} INFO - Processing file /home/airflow/.local/lib/python3.12/site-packages/airflow/example_dags/example_complex.py for tasks to queue
[2026-06-08T12:21:24.347+0000] {logging_mixin.py:188} INFO - [2026-06-08T12:21:24.347+0000] {dagbag.py:545} INFO - Filling up the DagBag from /home/airflow/.local/lib/python3.12/site-packages/airflow/example_dags/example_complex.py
[2026-06-08T12:21:24.354+0000] {processor.py:840} INFO - DAG(s) 'example_complex' retrieved from /home/airflow/.local/lib/python3.12/site-packages/airflow/example_dags/example_complex.py
[2026-06-08T12:21:24.376+0000] {logging_mixin.py:188} INFO - [2026-06-08T12:21:24.376+0000] {dag.py:3096} INFO - Sync 1 DAGs
[2026-06-08T12:21:24.385+0000] {logging_mixin.py:188} INFO - [2026-06-08T12:21:24.384+0000] {dag.py:3954} INFO - Setting next_dagrun for example_complex to None, run_after=None
[2026-06-08T12:21:24.398+0000] {processor.py:183} INFO - Processing /home/airflow/.local/lib/python3.12/site-packages/airflow/example_dags/example_complex.py took 0.056 seconds
[2026-06-08T12:21:54.886+0000] {processor.py:161} INFO - Started process (PID=547) to work on /home/airflow/.local/lib/python3.12/site-packages/airflow/example_dags/example_complex.py
[2026-06-08T12:21:54.886+0000] {processor.py:830} INFO - Processing file /home/airflow/.local/lib/python3.12/site-packages/airflow/example_dags/example_complex.py for tasks to queue
[2026-06-08T12:21:54.887+0000] {logging_mixin.py:188} INFO - [2026-06-08T12:21:54.887+0000] {dagbag.py:545} INFO - Filling up the DagBag from /home/airflow/.local/lib/python3.12/site-packages/airflow/example_dags/example_complex.py
[2026-06-08T12:21:54.893+0000] {processor.py:840} INFO - DAG(s) 'example_complex' retrieved from /home/airflow/.local/lib/python3.12/site-packages/airflow/example_dags/example_complex.py
[2026-06-08T12:21:54.916+0000] {logging_mixin.py:188} INFO - [2026-06-08T12:21:54.915+0000] {dag.py:3096} INFO - Sync 1 DAGs
[2026-06-08T12:21:54.924+0000] {logging_mixin.py:188} INFO - [2026-06-08T12:21:54.924+0000] {dag.py:3954} INFO - Setting next_dagrun for example_complex to None, run_after=None
[2026-06-08T12:21:54.937+0000] {processor.py:183} INFO - Processing /home/airflow/.local/lib/python3.12/site-packages/airflow/example_dags/example_complex.py took 0.055 seconds
[2026-06-08T12:22:25.638+0000] {processor.py:161} INFO - Started process (PID=605) to work on /home/airflow/.local/lib/python3.12/site-packages/airflow/example_dags/example_complex.py
[2026-06-08T12:22:25.639+0000] {processor.py:830} INFO - Processing file /home/airflow/.local/lib/python3.12/site-packages/airflow/example_dags/example_complex.py for tasks to queue
[2026-06-08T12:22:25.641+0000] {logging_mixin.py:188} INFO - [2026-06-08T12:22:25.640+0000] {dagbag.py:545} INFO - Filling up the DagBag from /home/airflow/.local/lib/python3.12/site-packages/airflow/example_dags/example_complex.py
[2026-06-08T12:22:25.651+0000] {processor.py:840} INFO - DAG(s) 'example_complex' retrieved from /home/airflow/.local/lib/python3.12/site-packages/airflow/example_dags/example_complex.py
[2026-06-08T12:22:25.675+0000] {logging_mixin.py:188} INFO - [2026-06-08T12:22:25.675+0000] {dag.py:3096} INFO - Sync 1 DAGs
[2026-06-08T12:22:25.685+0000] {logging_mixin.py:188} INFO - [2026-06-08T12:22:25.685+0000] {dag.py:3954} INFO - Setting next_dagrun for example_complex to None, run_after=None
[2026-06-08T12:22:25.701+0000] {processor.py:183} INFO - Processing /home/airflow/.local/lib/python3.12/site-packages/airflow/example_dags/example_complex.py took 0.069 seconds
[2026-06-08T12:22:56.648+0000] {processor.py:161} INFO - Started process (PID=686) to work on /home/airflow/.local/lib/python3.12/site-packages/airflow/example_dags/example_complex.py
[2026-06-08T12:22:56.649+0000] {processor.py:830} INFO - Processing file /home/airflow/.local/lib/python3.12/site-packages/airflow/example_dags/example_complex.py for tasks to queue
[2026-06-08T12:22:56.651+0000] {logging_mixin.py:188} INFO - [2026-06-08T12:22:56.650+0000] {dagbag.py:545} INFO - Filling up the DagBag from /home/airflow/.local/lib/python3.12/site-packages/airflow/example_dags/example_complex.py
[2026-06-08T12:22:56.662+0000] {processor.py:840} INFO - DAG(s) 'example_complex' retrieved from /home/airflow/.local/lib/python3.12/site-packages/airflow/example_dags/example_complex.py
[2026-06-08T12:22:56.670+0000] {logging_mixin.py:188} INFO - [2026-06-08T12:22:56.670+0000] {dag.py:3096} INFO - Sync 1 DAGs
[2026-06-08T12:22:56.680+0000] {logging_mixin.py:188} INFO - [2026-06-08T12:22:56.680+0000] {dag.py:3954} INFO - Setting next_dagrun for example_complex to None, run_after=None
[2026-06-08T12:22:56.695+0000] {processor.py:183} INFO - Processing /home/airflow/.local/lib/python3.12/site-packages/airflow/example_dags/example_complex.py took 0.054 seconds
[2026-06-08T12:23:27.416+0000] {processor.py:161} INFO - Started process (PID=766) to work on /home/airflow/.local/lib/python3.12/site-packages/airflow/example_dags/example_complex.py
[2026-06-08T12:23:27.417+0000] {processor.py:830} INFO - Processing file /home/airflow/.local/lib/python3.12/site-packages/airflow/example_dags/example_complex.py for tasks to queue
[2026-06-08T12:23:27.418+0000] {logging_mixin.py:188} INFO - [2026-06-08T12:23:27.418+0000] {dagbag.py:545} INFO - Filling up the DagBag from /home/airflow/.local/lib/python3.12/site-packages/airflow/example_dags/example_complex.py
[2026-06-08T12:23:27.428+0000] {processor.py:840} INFO - DAG(s) 'example_complex' retrieved from /home/airflow/.local/lib/python3.12/site-packages/airflow/example_dags/example_complex.py
[2026-06-08T12:23:27.510+0000] {logging_mixin.py:188} INFO - [2026-06-08T12:23:27.510+0000] {dag.py:3096} INFO - Sync 1 DAGs
[2026-06-08T12:23:27.517+0000] {logging_mixin.py:188} INFO - [2026-06-08T12:23:27.517+0000] {dag.py:3954} INFO - Setting next_dagrun for example_complex to None, run_after=None
[2026-06-08T12:23:27.533+0000] {processor.py:183} INFO - Processing /home/airflow/.local/lib/python3.12/site-packages/airflow/example_dags/example_complex.py took 0.125 seconds
[2026-06-08T12:23:58.316+0000] {processor.py:161} INFO - Started process (PID=825) to work on /home/airflow/.local/lib/python3.12/site-packages/airflow/example_dags/example_complex.py
[2026-06-08T12:23:58.317+0000] {processor.py:830} INFO - Processing file /home/airflow/.local/lib/python3.12/site-packages/airflow/example_dags/example_complex.py for tasks to queue
[2026-06-08T12:23:58.319+0000] {logging_mixin.py:188} INFO - [2026-06-08T12:23:58.318+0000] {dagbag.py:545} INFO - Filling up the DagBag from /home/airflow/.local/lib/python3.12/site-packages/airflow/example_dags/example_complex.py
[2026-06-08T12:23:58.328+0000] {processor.py:840} INFO - DAG(s) 'example_complex' retrieved from /home/airflow/.local/lib/python3.12/site-packages/airflow/example_dags/example_complex.py
[2026-06-08T12:23:58.352+0000] {logging_mixin.py:188} INFO - [2026-06-08T12:23:58.351+0000] {dag.py:3096} INFO - Sync 1 DAGs
[2026-06-08T12:23:58.360+0000] {logging_mixin.py:188} INFO - [2026-06-08T12:23:58.360+0000] {dag.py:3954} INFO - Setting next_dagrun for example_complex to None, run_after=None
[2026-06-08T12:23:58.373+0000] {processor.py:183} INFO - Processing /home/airflow/.local/lib/python3.12/site-packages/airflow/example_dags/example_complex.py took 0.064 seconds
[2026-06-08T12:24:28.869+0000] {processor.py:161} INFO - Started process (PID=884) to work on /home/airflow/.local/lib/python3.12/site-packages/airflow/example_dags/example_complex.py
[2026-06-08T12:24:28.870+0000] {processor.py:830} INFO - Processing file /home/airflow/.local/lib/python3.12/site-packages/airflow/example_dags/example_complex.py for tasks to queue
[2026-06-08T12:24:28.871+0000] {logging_mixin.py:188} INFO - [2026-06-08T12:24:28.871+0000] {dagbag.py:545} INFO - Filling up the DagBag from /home/airflow/.local/lib/python3.12/site-packages/airflow/example_dags/example_complex.py
[2026-06-08T12:24:28.884+0000] {processor.py:840} INFO - DAG(s) 'example_complex' retrieved from /home/airflow/.local/lib/python3.12/site-packages/airflow/example_dags/example_complex.py
[2026-06-08T12:24:28.920+0000] {logging_mixin.py:188} INFO - [2026-06-08T12:24:28.920+0000] {dag.py:3096} INFO - Sync 1 DAGs
[2026-06-08T12:24:28.928+0000] {logging_mixin.py:188} INFO - [2026-06-08T12:24:28.927+0000] {dag.py:3954} INFO - Setting next_dagrun for example_complex to None, run_after=None
[2026-06-08T12:24:28.941+0000] {processor.py:183} INFO - Processing /home/airflow/.local/lib/python3.12/site-packages/airflow/example_dags/example_complex.py took 0.080 seconds
[2026-06-08T12:24:59.412+0000] {processor.py:161} INFO - Started process (PID=943) to work on /home/airflow/.local/lib/python3.12/site-packages/airflow/example_dags/example_complex.py
[2026-06-08T12:24:59.413+0000] {processor.py:830} INFO - Processing file /home/airflow/.local/lib/python3.12/site-packages/airflow/example_dags/example_complex.py for tasks to queue
[2026-06-08T12:24:59.415+0000] {logging_mixin.py:188} INFO - [2026-06-08T12:24:59.414+0000] {dagbag.py:545} INFO - Filling up the DagBag from /home/airflow/.local/lib/python3.12/site-packages/airflow/example_dags/example_complex.py
[2026-06-08T12:24:59.424+0000] {processor.py:840} INFO - DAG(s) 'example_complex' retrieved from /home/airflow/.local/lib/python3.12/site-packages/airflow/example_dags/example_complex.py
[2026-06-08T12:24:59.460+0000] {logging_mixin.py:188} INFO - [2026-06-08T12:24:59.460+0000] {dag.py:3096} INFO - Sync 1 DAGs
[2026-06-08T12:24:59.472+0000] {logging_mixin.py:188} INFO - [2026-06-08T12:24:59.472+0000] {dag.py:3954} INFO - Setting next_dagrun for example_complex to None, run_after=None
[2026-06-08T12:24:59.493+0000] {processor.py:183} INFO - Processing /home/airflow/.local/lib/python3.12/site-packages/airflow/example_dags/example_complex.py took 0.087 seconds
[2026-06-08T12:25:30.023+0000] {processor.py:161} INFO - Started process (PID=1003) to work on /home/airflow/.local/lib/python3.12/site-packages/airflow/example_dags/example_complex.py
[2026-06-08T12:25:30.024+0000] {processor.py:830} INFO - Processing file /home/airflow/.local/lib/python3.12/site-packages/airflow/example_dags/example_complex.py for tasks to queue
[2026-06-08T12:25:30.025+0000] {logging_mixin.py:188} INFO - [2026-06-08T12:25:30.025+0000] {dagbag.py:545} INFO - Filling up the DagBag from /home/airflow/.local/lib/python3.12/site-packages/airflow/example_dags/example_complex.py
[2026-06-08T12:25:30.031+0000] {processor.py:840} INFO - DAG(s) 'example_complex' retrieved from /home/airflow/.local/lib/python3.12/site-packages/airflow/example_dags/example_complex.py
[2026-06-08T12:25:30.052+0000] {logging_mixin.py:188} INFO - [2026-06-08T12:25:30.051+0000] {dag.py:3096} INFO - Sync 1 DAGs
[2026-06-08T12:25:30.063+0000] {logging_mixin.py:188} INFO - [2026-06-08T12:25:30.063+0000] {dag.py:3954} INFO - Setting next_dagrun for example_complex to None, run_after=None
[2026-06-08T12:25:30.078+0000] {processor.py:183} INFO - Processing /home/airflow/.local/lib/python3.12/site-packages/airflow/example_dags/example_complex.py took 0.058 seconds
[2026-06-08T12:26:00.364+0000] {processor.py:161} INFO - Started process (PID=1062) to work on /home/airflow/.local/lib/python3.12/site-packages/airflow/example_dags/example_complex.py
[2026-06-08T12:26:00.365+0000] {processor.py:830} INFO - Processing file /home/airflow/.local/lib/python3.12/site-packages/airflow/example_dags/example_complex.py for tasks to queue
[2026-06-08T12:26:00.367+0000] {logging_mixin.py:188} INFO - [2026-06-08T12:26:00.366+0000] {dagbag.py:545} INFO - Filling up the DagBag from /home/airflow/.local/lib/python3.12/site-packages/airflow/example_dags/example_complex.py
[2026-06-08T12:26:00.375+0000] {processor.py:840} INFO - DAG(s) 'example_complex' retrieved from /home/airflow/.local/lib/python3.12/site-packages/airflow/example_dags/example_complex.py
[2026-06-08T12:26:00.400+0000] {logging_mixin.py:188} INFO - [2026-06-08T12:26:00.400+0000] {dag.py:3096} INFO - Sync 1 DAGs
[2026-06-08T12:26:00.410+0000] {logging_mixin.py:188} INFO - [2026-06-08T12:26:00.409+0000] {dag.py:3954} INFO - Setting next_dagrun for example_complex to None, run_after=None
[2026-06-08T12:26:00.424+0000] {processor.py:183} INFO - Processing /home/airflow/.local/lib/python3.12/site-packages/airflow/example_dags/example_complex.py took 0.068 seconds
[2026-06-08T12:26:30.737+0000] {processor.py:161} INFO - Started process (PID=1121) to work on /home/airflow/.local/lib/python3.12/site-packages/airflow/example_dags/example_complex.py
[2026-06-08T12:26:30.738+0000] {processor.py:830} INFO - Processing file /home/airflow/.local/lib/python3.12/site-packages/airflow/example_dags/example_complex.py for tasks to queue
[2026-06-08T12:26:30.740+0000] {logging_mixin.py:188} INFO - [2026-06-08T12:26:30.740+0000] {dagbag.py:545} INFO - Filling up the DagBag from /home/airflow/.local/lib/python3.12/site-packages/airflow/example_dags/example_complex.py
[2026-06-08T12:26:30.751+0000] {processor.py:840} INFO - DAG(s) 'example_complex' retrieved from /home/airflow/.local/lib/python3.12/site-packages/airflow/example_dags/example_complex.py
[2026-06-08T12:26:30.782+0000] {logging_mixin.py:188} INFO - [2026-06-08T12:26:30.782+0000] {dag.py:3096} INFO - Sync 1 DAGs
[2026-06-08T12:26:30.790+0000] {logging_mixin.py:188} INFO - [2026-06-08T12:26:30.790+0000] {dag.py:3954} INFO - Setting next_dagrun for example_complex to None, run_after=None
[2026-06-08T12:26:30.803+0000] {processor.py:183} INFO - Processing /home/airflow/.local/lib/python3.12/site-packages/airflow/example_dags/example_complex.py took 0.071 seconds
[2026-06-08T12:27:01.332+0000] {processor.py:161} INFO - Started process (PID=1180) to work on /home/airflow/.local/lib/python3.12/site-packages/airflow/example_dags/example_complex.py
[2026-06-08T12:27:01.333+0000] {processor.py:830} INFO - Processing file /home/airflow/.local/lib/python3.12/site-packages/airflow/example_dags/example_complex.py for tasks to queue
[2026-06-08T12:27:01.336+0000] {logging_mixin.py:188} INFO - [2026-06-08T12:27:01.336+0000] {dagbag.py:545} INFO - Filling up the DagBag from /home/airflow/.local/lib/python3.12/site-packages/airflow/example_dags/example_complex.py
[2026-06-08T12:27:01.346+0000] {processor.py:840} INFO - DAG(s) 'example_complex' retrieved from /home/airflow/.local/lib/python3.12/site-packages/airflow/example_dags/example_complex.py
[2026-06-08T12:27:01.382+0000] {logging_mixin.py:188} INFO - [2026-06-08T12:27:01.382+0000] {dag.py:3096} INFO - Sync 1 DAGs
[2026-06-08T12:27:01.392+0000] {logging_mixin.py:188} INFO - [2026-06-08T12:27:01.392+0000] {dag.py:3954} INFO - Setting next_dagrun for example_complex to None, run_after=None
[2026-06-08T12:27:01.407+0000] {processor.py:183} INFO - Processing /home/airflow/.local/lib/python3.12/site-packages/airflow/example_dags/example_complex.py took 0.082 seconds
[2026-06-08T12:27:31.759+0000] {processor.py:161} INFO - Started process (PID=1239) to work on /home/airflow/.local/lib/python3.12/site-packages/airflow/example_dags/example_complex.py
[2026-06-08T12:27:31.761+0000] {processor.py:830} INFO - Processing file /home/airflow/.local/lib/python3.12/site-packages/airflow/example_dags/example_complex.py for tasks to queue
[2026-06-08T12:27:31.763+0000] {logging_mixin.py:188} INFO - [2026-06-08T12:27:31.763+0000] {dagbag.py:545} INFO - Filling up the DagBag from /home/airflow/.local/lib/python3.12/site-packages/airflow/example_dags/example_complex.py
[2026-06-08T12:27:31.786+0000] {processor.py:840} INFO - DAG(s) 'example_complex' retrieved from /home/airflow/.local/lib/python3.12/site-packages/airflow/example_dags/example_complex.py
[2026-06-08T12:27:31.829+0000] {logging_mixin.py:188} INFO - [2026-06-08T12:27:31.829+0000] {dag.py:3096} INFO - Sync 1 DAGs
[2026-06-08T12:27:31.846+0000] {logging_mixin.py:188} INFO - [2026-06-08T12:27:31.846+0000] {dag.py:3954} INFO - Setting next_dagrun for example_complex to None, run_after=None
[2026-06-08T12:27:31.872+0000] {processor.py:183} INFO - Processing /home/airflow/.local/lib/python3.12/site-packages/airflow/example_dags/example_complex.py took 0.123 seconds
[2026-06-08T12:28:02.285+0000] {processor.py:161} INFO - Started process (PID=1298) to work on /home/airflow/.local/lib/python3.12/site-packages/airflow/example_dags/example_complex.py
[2026-06-08T12:28:02.286+0000] {processor.py:830} INFO - Processing file /home/airflow/.local/lib/python3.12/site-packages/airflow/example_dags/example_complex.py for tasks to queue
[2026-06-08T12:28:02.287+0000] {logging_mixin.py:188} INFO - [2026-06-08T12:28:02.287+0000] {dagbag.py:545} INFO - Filling up the DagBag from /home/airflow/.local/lib/python3.12/site-packages/airflow/example_dags/example_complex.py
[2026-06-08T12:28:02.295+0000] {processor.py:840} INFO - DAG(s) 'example_complex' retrieved from /home/airflow/.local/lib/python3.12/site-packages/airflow/example_dags/example_complex.py
[2026-06-08T12:28:02.320+0000] {logging_mixin.py:188} INFO - [2026-06-08T12:28:02.320+0000] {dag.py:3096} INFO - Sync 1 DAGs
[2026-06-08T12:28:02.328+0000] {logging_mixin.py:188} INFO - [2026-06-08T12:28:02.328+0000] {dag.py:3954} INFO - Setting next_dagrun for example_complex to None, run_after=None
[2026-06-08T12:28:02.340+0000] {processor.py:183} INFO - Processing /home/airflow/.local/lib/python3.12/site-packages/airflow/example_dags/example_complex.py took 0.060 seconds
[2026-06-08T12:28:33.040+0000] {processor.py:161} INFO - Started process (PID=1358) to work on /home/airflow/.local/lib/python3.12/site-packages/airflow/example_dags/example_complex.py
[2026-06-08T12:28:33.041+0000] {processor.py:830} INFO - Processing file /home/airflow/.local/lib/python3.12/site-packages/airflow/example_dags/example_complex.py for tasks to queue
[2026-06-08T12:28:33.042+0000] {logging_mixin.py:188} INFO - [2026-06-08T12:28:33.041+0000] {dagbag.py:545} INFO - Filling up the DagBag from /home/airflow/.local/lib/python3.12/site-packages/airflow/example_dags/example_complex.py
[2026-06-08T12:28:33.048+0000] {processor.py:840} INFO - DAG(s) 'example_complex' retrieved from /home/airflow/.local/lib/python3.12/site-packages/airflow/example_dags/example_complex.py
[2026-06-08T12:28:33.070+0000] {logging_mixin.py:188} INFO - [2026-06-08T12:28:33.070+0000] {dag.py:3096} INFO - Sync 1 DAGs
[2026-06-08T12:28:33.078+0000] {logging_mixin.py:188} INFO - [2026-06-08T12:28:33.078+0000] {dag.py:3954} INFO - Setting next_dagrun for example_complex to None, run_after=None
[2026-06-08T12:28:33.093+0000] {processor.py:183} INFO - Processing /home/airflow/.local/lib/python3.12/site-packages/airflow/example_dags/example_complex.py took 0.058 seconds
[2026-06-08T12:29:03.265+0000] {processor.py:161} INFO - Started process (PID=1417) to work on /home/airflow/.local/lib/python3.12/site-packages/airflow/example_dags/example_complex.py
[2026-06-08T12:29:03.266+0000] {processor.py:830} INFO - Processing file /home/airflow/.local/lib/python3.12/site-packages/airflow/example_dags/example_complex.py for tasks to queue
[2026-06-08T12:29:03.268+0000] {logging_mixin.py:188} INFO - [2026-06-08T12:29:03.267+0000] {dagbag.py:545} INFO - Filling up the DagBag from /home/airflow/.local/lib/python3.12/site-packages/airflow/example_dags/example_complex.py
[2026-06-08T12:29:03.278+0000] {processor.py:840} INFO - DAG(s) 'example_complex' retrieved from /home/airflow/.local/lib/python3.12/site-packages/airflow/example_dags/example_complex.py
[2026-06-08T12:29:03.310+0000] {logging_mixin.py:188} INFO - [2026-06-08T12:29:03.310+0000] {dag.py:3096} INFO - Sync 1 DAGs
[2026-06-08T12:29:03.318+0000] {logging_mixin.py:188} INFO - [2026-06-08T12:29:03.318+0000] {dag.py:3954} INFO - Setting next_dagrun for example_complex to None, run_after=None
[2026-06-08T12:29:03.334+0000] {processor.py:183} INFO - Processing /home/airflow/.local/lib/python3.12/site-packages/airflow/example_dags/example_complex.py took 0.076 seconds
[2026-06-08T12:29:33.614+0000] {processor.py:161} INFO - Started process (PID=1476) to work on /home/airflow/.local/lib/python3.12/site-packages/airflow/example_dags/example_complex.py
[2026-06-08T12:29:33.615+0000] {processor.py:830} INFO - Processing file /home/airflow/.local/lib/python3.12/site-packages/airflow/example_dags/example_complex.py for tasks to queue
[2026-06-08T12:29:33.616+0000] {logging_mixin.py:188} INFO - [2026-06-08T12:29:33.616+0000] {dagbag.py:545} INFO - Filling up the DagBag from /home/airflow/.local/lib/python3.12/site-packages/airflow/example_dags/example_complex.py
[2026-06-08T12:29:33.623+0000] {processor.py:840} INFO - DAG(s) 'example_complex' retrieved from /home/airflow/.local/lib/python3.12/site-packages/airflow/example_dags/example_complex.py
[2026-06-08T12:29:33.648+0000] {logging_mixin.py:188} INFO - [2026-06-08T12:29:33.648+0000] {dag.py:3096} INFO - Sync 1 DAGs
[2026-06-08T12:29:33.657+0000] {logging_mixin.py:188} INFO - [2026-06-08T12:29:33.657+0000] {dag.py:3954} INFO - Setting next_dagrun for example_complex to None, run_after=None
[2026-06-08T12:29:33.675+0000] {processor.py:183} INFO - Processing /home/airflow/.local/lib/python3.12/site-packages/airflow/example_dags/example_complex.py took 0.065 seconds
[2026-06-08T12:30:04.283+0000] {processor.py:161} INFO - Started process (PID=1535) to work on /home/airflow/.local/lib/python3.12/site-packages/airflow/example_dags/example_complex.py
[2026-06-08T12:30:04.283+0000] {processor.py:830} INFO - Processing file /home/airflow/.local/lib/python3.12/site-packages/airflow/example_dags/example_complex.py for tasks to queue
[2026-06-08T12:30:04.284+0000] {logging_mixin.py:188} INFO - [2026-06-08T12:30:04.284+0000] {dagbag.py:545} INFO - Filling up the DagBag from /home/airflow/.local/lib/python3.12/site-packages/airflow/example_dags/example_complex.py
[2026-06-08T12:30:04.290+0000] {processor.py:840} INFO - DAG(s) 'example_complex' retrieved from /home/airflow/.local/lib/python3.12/site-packages/airflow/example_dags/example_complex.py
[2026-06-08T12:30:04.323+0000] {logging_mixin.py:188} INFO - [2026-06-08T12:30:04.323+0000] {dag.py:3096} INFO - Sync 1 DAGs
[2026-06-08T12:30:04.333+0000] {logging_mixin.py:188} INFO - [2026-06-08T12:30:04.333+0000] {dag.py:3954} INFO - Setting next_dagrun for example_complex to None, run_after=None
[2026-06-08T12:30:04.345+0000] {processor.py:183} INFO - Processing /home/airflow/.local/lib/python3.12/site-packages/airflow/example_dags/example_complex.py took 0.065 seconds
[2026-06-08T12:30:34.847+0000] {processor.py:161} INFO - Started process (PID=1594) to work on /home/airflow/.local/lib/python3.12/site-packages/airflow/example_dags/example_complex.py
[2026-06-08T12:30:34.848+0000] {processor.py:830} INFO - Processing file /home/airflow/.local/lib/python3.12/site-packages/airflow/example_dags/example_complex.py for tasks to queue
[2026-06-08T12:30:34.849+0000] {logging_mixin.py:188} INFO - [2026-06-08T12:30:34.849+0000] {dagbag.py:545} INFO - Filling up the DagBag from /home/airflow/.local/lib/python3.12/site-packages/airflow/example_dags/example_complex.py
[2026-06-08T12:30:34.856+0000] {processor.py:840} INFO - DAG(s) 'example_complex' retrieved from /home/airflow/.local/lib/python3.12/site-packages/airflow/example_dags/example_complex.py
[2026-06-08T12:30:34.885+0000] {logging_mixin.py:188} INFO - [2026-06-08T12:30:34.884+0000] {dag.py:3096} INFO - Sync 1 DAGs
[2026-06-08T12:30:34.894+0000] {logging_mixin.py:188} INFO - [2026-06-08T12:30:34.894+0000] {dag.py:3954} INFO - Setting next_dagrun for example_complex to None, run_after=None
[2026-06-08T12:30:34.908+0000] {processor.py:183} INFO - Processing /home/airflow/.local/lib/python3.12/site-packages/airflow/example_dags/example_complex.py took 0.065 seconds
[2026-06-08T12:31:05.504+0000] {processor.py:161} INFO - Started process (PID=1653) to work on /home/airflow/.local/lib/python3.12/site-packages/airflow/example_dags/example_complex.py
[2026-06-08T12:31:05.504+0000] {processor.py:830} INFO - Processing file /home/airflow/.local/lib/python3.12/site-packages/airflow/example_dags/example_complex.py for tasks to queue
[2026-06-08T12:31:05.505+0000] {logging_mixin.py:188} INFO - [2026-06-08T12:31:05.505+0000] {dagbag.py:545} INFO - Filling up the DagBag from /home/airflow/.local/lib/python3.12/site-packages/airflow/example_dags/example_complex.py
[2026-06-08T12:31:05.512+0000] {processor.py:840} INFO - DAG(s) 'example_complex' retrieved from /home/airflow/.local/lib/python3.12/site-packages/airflow/example_dags/example_complex.py
[2026-06-08T12:31:05.534+0000] {logging_mixin.py:188} INFO - [2026-06-08T12:31:05.534+0000] {dag.py:3096} INFO - Sync 1 DAGs
[2026-06-08T12:31:05.543+0000] {logging_mixin.py:188} INFO - [2026-06-08T12:31:05.542+0000] {dag.py:3954} INFO - Setting next_dagrun for example_complex to None, run_after=None
[2026-06-08T12:31:05.559+0000] {processor.py:183} INFO - Processing /home/airflow/.local/lib/python3.12/site-packages/airflow/example_dags/example_complex.py took 0.061 seconds
[2026-06-08T12:31:35.971+0000] {processor.py:161} INFO - Started process (PID=1712) to work on /home/airflow/.local/lib/python3.12/site-packages/airflow/example_dags/example_complex.py
[2026-06-08T12:31:35.972+0000] {processor.py:830} INFO - Processing file /home/airflow/.local/lib/python3.12/site-packages/airflow/example_dags/example_complex.py for tasks to queue
[2026-06-08T12:31:35.974+0000] {logging_mixin.py:188} INFO - [2026-06-08T12:31:35.974+0000] {dagbag.py:545} INFO - Filling up the DagBag from /home/airflow/.local/lib/python3.12/site-packages/airflow/example_dags/example_complex.py
[2026-06-08T12:31:35.984+0000] {processor.py:840} INFO - DAG(s) 'example_complex' retrieved from /home/airflow/.local/lib/python3.12/site-packages/airflow/example_dags/example_complex.py
[2026-06-08T12:31:36.004+0000] {logging_mixin.py:188} INFO - [2026-06-08T12:31:36.004+0000] {dag.py:3096} INFO - Sync 1 DAGs
[2026-06-08T12:31:36.012+0000] {logging_mixin.py:188} INFO - [2026-06-08T12:31:36.012+0000] {dag.py:3954} INFO - Setting next_dagrun for example_complex to None, run_after=None
[2026-06-08T12:31:36.030+0000] {processor.py:183} INFO - Processing /home/airflow/.local/lib/python3.12/site-packages/airflow/example_dags/example_complex.py took 0.064 seconds
[2026-06-08T12:32:06.272+0000] {processor.py:161} INFO - Started process (PID=1771) to work on /home/airflow/.local/lib/python3.12/site-packages/airflow/example_dags/example_complex.py
[2026-06-08T12:32:06.272+0000] {processor.py:830} INFO - Processing file /home/airflow/.local/lib/python3.12/site-packages/airflow/example_dags/example_complex.py for tasks to queue
[2026-06-08T12:32:06.274+0000] {logging_mixin.py:188} INFO - [2026-06-08T12:32:06.274+0000] {dagbag.py:545} INFO - Filling up the DagBag from /home/airflow/.local/lib/python3.12/site-packages/airflow/example_dags/example_complex.py
[2026-06-08T12:32:06.283+0000] {processor.py:840} INFO - DAG(s) 'example_complex' retrieved from /home/airflow/.local/lib/python3.12/site-packages/airflow/example_dags/example_complex.py
[2026-06-08T12:32:06.308+0000] {logging_mixin.py:188} INFO - [2026-06-08T12:32:06.308+0000] {dag.py:3096} INFO - Sync 1 DAGs
[2026-06-08T12:32:06.316+0000] {logging_mixin.py:188} INFO - [2026-06-08T12:32:06.315+0000] {dag.py:3954} INFO - Setting next_dagrun for example_complex to None, run_after=None
[2026-06-08T12:32:06.328+0000] {processor.py:183} INFO - Processing /home/airflow/.local/lib/python3.12/site-packages/airflow/example_dags/example_complex.py took 0.062 seconds
[2026-06-08T12:32:36.935+0000] {processor.py:161} INFO - Started process (PID=1830) to work on /home/airflow/.local/lib/python3.12/site-packages/airflow/example_dags/example_complex.py
[2026-06-08T12:32:36.936+0000] {processor.py:830} INFO - Processing file /home/airflow/.local/lib/python3.12/site-packages/airflow/example_dags/example_complex.py for tasks to queue
[2026-06-08T12:32:36.938+0000] {logging_mixin.py:188} INFO - [2026-06-08T12:32:36.937+0000] {dagbag.py:545} INFO - Filling up the DagBag from /home/airflow/.local/lib/python3.12/site-packages/airflow/example_dags/example_complex.py
[2026-06-08T12:32:36.946+0000] {processor.py:840} INFO - DAG(s) 'example_complex' retrieved from /home/airflow/.local/lib/python3.12/site-packages/airflow/example_dags/example_complex.py
[2026-06-08T12:32:36.980+0000] {logging_mixin.py:188} INFO - [2026-06-08T12:32:36.980+0000] {dag.py:3096} INFO - Sync 1 DAGs
[2026-06-08T12:32:36.989+0000] {logging_mixin.py:188} INFO - [2026-06-08T12:32:36.988+0000] {dag.py:3954} INFO - Setting next_dagrun for example_complex to None, run_after=None
[2026-06-08T12:32:37.002+0000] {processor.py:183} INFO - Processing /home/airflow/.local/lib/python3.12/site-packages/airflow/example_dags/example_complex.py took 0.074 seconds
[2026-06-08T12:33:07.066+0000] {processor.py:161} INFO - Started process (PID=1889) to work on /home/airflow/.local/lib/python3.12/site-packages/airflow/example_dags/example_complex.py
[2026-06-08T12:33:07.066+0000] {processor.py:830} INFO - Processing file /home/airflow/.local/lib/python3.12/site-packages/airflow/example_dags/example_complex.py for tasks to queue
[2026-06-08T12:33:07.067+0000] {logging_mixin.py:188} INFO - [2026-06-08T12:33:07.067+0000] {dagbag.py:545} INFO - Filling up the DagBag from /home/airflow/.local/lib/python3.12/site-packages/airflow/example_dags/example_complex.py
[2026-06-08T12:33:07.074+0000] {processor.py:840} INFO - DAG(s) 'example_complex' retrieved from /home/airflow/.local/lib/python3.12/site-packages/airflow/example_dags/example_complex.py
[2026-06-08T12:33:07.097+0000] {logging_mixin.py:188} INFO - [2026-06-08T12:33:07.097+0000] {dag.py:3096} INFO - Sync 1 DAGs
[2026-06-08T12:33:07.104+0000] {logging_mixin.py:188} INFO - [2026-06-08T12:33:07.104+0000] {dag.py:3954} INFO - Setting next_dagrun for example_complex to None, run_after=None
[2026-06-08T12:33:07.119+0000] {processor.py:183} INFO - Processing /home/airflow/.local/lib/python3.12/site-packages/airflow/example_dags/example_complex.py took 0.058 seconds
[2026-06-08T12:33:37.328+0000] {processor.py:161} INFO - Started process (PID=1948) to work on /home/airflow/.local/lib/python3.12/site-packages/airflow/example_dags/example_complex.py
[2026-06-08T12:33:37.329+0000] {processor.py:830} INFO - Processing file /home/airflow/.local/lib/python3.12/site-packages/airflow/example_dags/example_complex.py for tasks to queue
[2026-06-08T12:33:37.330+0000] {logging_mixin.py:188} INFO - [2026-06-08T12:33:37.330+0000] {dagbag.py:545} INFO - Filling up the DagBag from /home/airflow/.local/lib/python3.12/site-packages/airflow/example_dags/example_complex.py
[2026-06-08T12:33:37.342+0000] {processor.py:840} INFO - DAG(s) 'example_complex' retrieved from /home/airflow/.local/lib/python3.12/site-packages/airflow/example_dags/example_complex.py
[2026-06-08T12:33:37.365+0000] {logging_mixin.py:188} INFO - [2026-06-08T12:33:37.365+0000] {dag.py:3096} INFO - Sync 1 DAGs
[2026-06-08T12:33:37.380+0000] {logging_mixin.py:188} INFO - [2026-06-08T12:33:37.379+0000] {dag.py:3954} INFO - Setting next_dagrun for example_complex to None, run_after=None
[2026-06-08T12:33:37.405+0000] {processor.py:183} INFO - Processing /home/airflow/.local/lib/python3.12/site-packages/airflow/example_dags/example_complex.py took 0.081 seconds
[2026-06-08T12:34:07.984+0000] {processor.py:161} INFO - Started process (PID=2007) to work on /home/airflow/.local/lib/python3.12/site-packages/airflow/example_dags/example_complex.py
[2026-06-08T12:34:07.985+0000] {processor.py:830} INFO - Processing file /home/airflow/.local/lib/python3.12/site-packages/airflow/example_dags/example_complex.py for tasks to queue
[2026-06-08T12:34:07.987+0000] {logging_mixin.py:188} INFO - [2026-06-08T12:34:07.986+0000] {dagbag.py:545} INFO - Filling up the DagBag from /home/airflow/.local/lib/python3.12/site-packages/airflow/example_dags/example_complex.py
[2026-06-08T12:34:07.996+0000] {processor.py:840} INFO - DAG(s) 'example_complex' retrieved from /home/airflow/.local/lib/python3.12/site-packages/airflow/example_dags/example_complex.py
[2026-06-08T12:34:08.022+0000] {logging_mixin.py:188} INFO - [2026-06-08T12:34:08.021+0000] {dag.py:3096} INFO - Sync 1 DAGs
[2026-06-08T12:34:08.132+0000] {logging_mixin.py:188} INFO - [2026-06-08T12:34:08.131+0000] {dag.py:3954} INFO - Setting next_dagrun for example_complex to None, run_after=None
[2026-06-08T12:34:08.151+0000] {processor.py:183} INFO - Processing /home/airflow/.local/lib/python3.12/site-packages/airflow/example_dags/example_complex.py took 0.173 seconds
[2026-06-08T12:34:39.002+0000] {processor.py:161} INFO - Started process (PID=2066) to work on /home/airflow/.local/lib/python3.12/site-packages/airflow/example_dags/example_complex.py
[2026-06-08T12:34:39.002+0000] {processor.py:830} INFO - Processing file /home/airflow/.local/lib/python3.12/site-packages/airflow/example_dags/example_complex.py for tasks to queue
[2026-06-08T12:34:39.004+0000] {logging_mixin.py:188} INFO - [2026-06-08T12:34:39.003+0000] {dagbag.py:545} INFO - Filling up the DagBag from /home/airflow/.local/lib/python3.12/site-packages/airflow/example_dags/example_complex.py
[2026-06-08T12:34:39.011+0000] {processor.py:840} INFO - DAG(s) 'example_complex' retrieved from /home/airflow/.local/lib/python3.12/site-packages/airflow/example_dags/example_complex.py
[2026-06-08T12:34:39.037+0000] {logging_mixin.py:188} INFO - [2026-06-08T12:34:39.037+0000] {dag.py:3096} INFO - Sync 1 DAGs
[2026-06-08T12:34:39.047+0000] {logging_mixin.py:188} INFO - [2026-06-08T12:34:39.047+0000] {dag.py:3954} INFO - Setting next_dagrun for example_complex to None, run_after=None
[2026-06-08T12:34:39.192+0000] {processor.py:183} INFO - Processing /home/airflow/.local/lib/python3.12/site-packages/airflow/example_dags/example_complex.py took 0.195 seconds
[2026-06-08T12:35:09.597+0000] {processor.py:161} INFO - Started process (PID=2125) to work on /home/airflow/.local/lib/python3.12/site-packages/airflow/example_dags/example_complex.py
[2026-06-08T12:35:09.597+0000] {processor.py:830} INFO - Processing file /home/airflow/.local/lib/python3.12/site-packages/airflow/example_dags/example_complex.py for tasks to queue
[2026-06-08T12:35:09.598+0000] {logging_mixin.py:188} INFO - [2026-06-08T12:35:09.598+0000] {dagbag.py:545} INFO - Filling up the DagBag from /home/airflow/.local/lib/python3.12/site-packages/airflow/example_dags/example_complex.py
[2026-06-08T12:35:09.605+0000] {processor.py:840} INFO - DAG(s) 'example_complex' retrieved from /home/airflow/.local/lib/python3.12/site-packages/airflow/example_dags/example_complex.py
[2026-06-08T12:35:09.628+0000] {logging_mixin.py:188} INFO - [2026-06-08T12:35:09.628+0000] {dag.py:3096} INFO - Sync 1 DAGs
[2026-06-08T12:35:09.636+0000] {logging_mixin.py:188} INFO - [2026-06-08T12:35:09.636+0000] {dag.py:3954} INFO - Setting next_dagrun for example_complex to None, run_after=None
[2026-06-08T12:35:09.649+0000] {processor.py:183} INFO - Processing /home/airflow/.local/lib/python3.12/site-packages/airflow/example_dags/example_complex.py took 0.056 seconds
[2026-06-08T12:35:39.969+0000] {processor.py:161} INFO - Started process (PID=2184) to work on /home/airflow/.local/lib/python3.12/site-packages/airflow/example_dags/example_complex.py
[2026-06-08T12:35:39.970+0000] {processor.py:830} INFO - Processing file /home/airflow/.local/lib/python3.12/site-packages/airflow/example_dags/example_complex.py for tasks to queue
[2026-06-08T12:35:39.971+0000] {logging_mixin.py:188} INFO - [2026-06-08T12:35:39.971+0000] {dagbag.py:545} INFO - Filling up the DagBag from /home/airflow/.local/lib/python3.12/site-packages/airflow/example_dags/example_complex.py
[2026-06-08T12:35:39.981+0000] {processor.py:840} INFO - DAG(s) 'example_complex' retrieved from /home/airflow/.local/lib/python3.12/site-packages/airflow/example_dags/example_complex.py
[2026-06-08T12:35:40.023+0000] {logging_mixin.py:188} INFO - [2026-06-08T12:35:40.023+0000] {dag.py:3096} INFO - Sync 1 DAGs
[2026-06-08T12:35:40.031+0000] {logging_mixin.py:188} INFO - [2026-06-08T12:35:40.031+0000] {dag.py:3954} INFO - Setting next_dagrun for example_complex to None, run_after=None
[2026-06-08T12:35:40.045+0000] {processor.py:183} INFO - Processing /home/airflow/.local/lib/python3.12/site-packages/airflow/example_dags/example_complex.py took 0.081 seconds
[2026-06-08T12:36:10.576+0000] {processor.py:161} INFO - Started process (PID=2243) to work on /home/airflow/.local/lib/python3.12/site-packages/airflow/example_dags/example_complex.py
[2026-06-08T12:36:10.576+0000] {processor.py:830} INFO - Processing file /home/airflow/.local/lib/python3.12/site-packages/airflow/example_dags/example_complex.py for tasks to queue
[2026-06-08T12:36:10.577+0000] {logging_mixin.py:188} INFO - [2026-06-08T12:36:10.577+0000] {dagbag.py:545} INFO - Filling up the DagBag from /home/airflow/.local/lib/python3.12/site-packages/airflow/example_dags/example_complex.py
[2026-06-08T12:36:10.584+0000] {processor.py:840} INFO - DAG(s) 'example_complex' retrieved from /home/airflow/.local/lib/python3.12/site-packages/airflow/example_dags/example_complex.py
[2026-06-08T12:36:10.604+0000] {logging_mixin.py:188} INFO - [2026-06-08T12:36:10.604+0000] {dag.py:3096} INFO - Sync 1 DAGs
[2026-06-08T12:36:10.613+0000] {logging_mixin.py:188} INFO - [2026-06-08T12:36:10.613+0000] {dag.py:3954} INFO - Setting next_dagrun for example_complex to None, run_after=None
[2026-06-08T12:36:10.630+0000] {processor.py:183} INFO - Processing /home/airflow/.local/lib/python3.12/site-packages/airflow/example_dags/example_complex.py took 0.058 seconds
[2026-06-08T12:36:40.979+0000] {processor.py:161} INFO - Started process (PID=2302) to work on /home/airflow/.local/lib/python3.12/site-packages/airflow/example_dags/example_complex.py
[2026-06-08T12:36:40.980+0000] {processor.py:830} INFO - Processing file /home/airflow/.local/lib/python3.12/site-packages/airflow/example_dags/example_complex.py for tasks to queue
[2026-06-08T12:36:40.982+0000] {logging_mixin.py:188} INFO - [2026-06-08T12:36:40.981+0000] {dagbag.py:545} INFO - Filling up the DagBag from /home/airflow/.local/lib/python3.12/site-packages/airflow/example_dags/example_complex.py
[2026-06-08T12:36:40.994+0000] {processor.py:840} INFO - DAG(s) 'example_complex' retrieved from /home/airflow/.local/lib/python3.12/site-packages/airflow/example_dags/example_complex.py
[2026-06-08T12:36:41.033+0000] {logging_mixin.py:188} INFO - [2026-06-08T12:36:41.033+0000] {dag.py:3096} INFO - Sync 1 DAGs
[2026-06-08T12:36:41.051+0000] {logging_mixin.py:188} INFO - [2026-06-08T12:36:41.050+0000] {dag.py:3954} INFO - Setting next_dagrun for example_complex to None, run_after=None
[2026-06-08T12:36:41.077+0000] {processor.py:183} INFO - Processing /home/airflow/.local/lib/python3.12/site-packages/airflow/example_dags/example_complex.py took 0.106 seconds
[2026-06-08T12:37:11.493+0000] {processor.py:161} INFO - Started process (PID=2361) to work on /home/airflow/.local/lib/python3.12/site-packages/airflow/example_dags/example_complex.py
[2026-06-08T12:37:11.493+0000] {processor.py:830} INFO - Processing file /home/airflow/.local/lib/python3.12/site-packages/airflow/example_dags/example_complex.py for tasks to queue
[2026-06-08T12:37:11.494+0000] {logging_mixin.py:188} INFO - [2026-06-08T12:37:11.494+0000] {dagbag.py:545} INFO - Filling up the DagBag from /home/airflow/.local/lib/python3.12/site-packages/airflow/example_dags/example_complex.py
[2026-06-08T12:37:11.501+0000] {processor.py:840} INFO - DAG(s) 'example_complex' retrieved from /home/airflow/.local/lib/python3.12/site-packages/airflow/example_dags/example_complex.py
[2026-06-08T12:37:11.526+0000] {logging_mixin.py:188} INFO - [2026-06-08T12:37:11.526+0000] {dag.py:3096} INFO - Sync 1 DAGs
[2026-06-08T12:37:11.535+0000] {logging_mixin.py:188} INFO - [2026-06-08T12:37:11.535+0000] {dag.py:3954} INFO - Setting next_dagrun for example_complex to None, run_after=None
[2026-06-08T12:37:11.550+0000] {processor.py:183} INFO - Processing /home/airflow/.local/lib/python3.12/site-packages/airflow/example_dags/example_complex.py took 0.061 seconds
[2026-06-08T12:37:41.922+0000] {processor.py:161} INFO - Started process (PID=2420) to work on /home/airflow/.local/lib/python3.12/site-packages/airflow/example_dags/example_complex.py
[2026-06-08T12:37:41.923+0000] {processor.py:830} INFO - Processing file /home/airflow/.local/lib/python3.12/site-packages/airflow/example_dags/example_complex.py for tasks to queue
[2026-06-08T12:37:41.924+0000] {logging_mixin.py:188} INFO - [2026-06-08T12:37:41.924+0000] {dagbag.py:545} INFO - Filling up the DagBag from /home/airflow/.local/lib/python3.12/site-packages/airflow/example_dags/example_complex.py
[2026-06-08T12:37:41.930+0000] {processor.py:840} INFO - DAG(s) 'example_complex' retrieved from /home/airflow/.local/lib/python3.12/site-packages/airflow/example_dags/example_complex.py
[2026-06-08T12:37:41.952+0000] {logging_mixin.py:188} INFO - [2026-06-08T12:37:41.951+0000] {dag.py:3096} INFO - Sync 1 DAGs
[2026-06-08T12:37:41.960+0000] {logging_mixin.py:188} INFO - [2026-06-08T12:37:41.959+0000] {dag.py:3954} INFO - Setting next_dagrun for example_complex to None, run_after=None
[2026-06-08T12:37:41.991+0000] {processor.py:183} INFO - Processing /home/airflow/.local/lib/python3.12/site-packages/airflow/example_dags/example_complex.py took 0.073 seconds
