[2026-06-08T12:17:52.423+0000] {processor.py:161} INFO - Started process (PID=90) to work on /home/airflow/.local/lib/python3.12/site-packages/airflow/example_dags/example_branch_python_dop_operator_3.py
[2026-06-08T12:17:52.424+0000] {processor.py:830} INFO - Processing file /home/airflow/.local/lib/python3.12/site-packages/airflow/example_dags/example_branch_python_dop_operator_3.py for tasks to queue
[2026-06-08T12:17:52.426+0000] {logging_mixin.py:188} INFO - [2026-06-08T12:17:52.425+0000] {dagbag.py:545} INFO - Filling up the DagBag from /home/airflow/.local/lib/python3.12/site-packages/airflow/example_dags/example_branch_python_dop_operator_3.py
[2026-06-08T12:17:52.433+0000] {processor.py:840} INFO - DAG(s) 'example_branch_dop_operator_v3' retrieved from /home/airflow/.local/lib/python3.12/site-packages/airflow/example_dags/example_branch_python_dop_operator_3.py
[2026-06-08T12:17:52.443+0000] {logging_mixin.py:188} INFO - [2026-06-08T12:17:52.443+0000] {dag.py:3096} INFO - Sync 1 DAGs
[2026-06-08T12:17:52.468+0000] {logging_mixin.py:188} INFO - [2026-06-08T12:17:52.467+0000] {dag.py:3954} INFO - Setting next_dagrun for example_branch_dop_operator_v3 to 2026-06-08 12:16:00+00:00, run_after=2026-06-08 12:17:00+00:00
[2026-06-08T12:17:52.484+0000] {processor.py:183} INFO - Processing /home/airflow/.local/lib/python3.12/site-packages/airflow/example_dags/example_branch_python_dop_operator_3.py took 0.066 seconds
[2026-06-08T12:18:23.741+0000] {processor.py:161} INFO - Started process (PID=148) to work on /home/airflow/.local/lib/python3.12/site-packages/airflow/example_dags/example_branch_python_dop_operator_3.py
[2026-06-08T12:18:23.742+0000] {processor.py:830} INFO - Processing file /home/airflow/.local/lib/python3.12/site-packages/airflow/example_dags/example_branch_python_dop_operator_3.py for tasks to queue
[2026-06-08T12:18:23.744+0000] {logging_mixin.py:188} INFO - [2026-06-08T12:18:23.743+0000] {dagbag.py:545} INFO - Filling up the DagBag from /home/airflow/.local/lib/python3.12/site-packages/airflow/example_dags/example_branch_python_dop_operator_3.py
[2026-06-08T12:18:23.754+0000] {processor.py:840} INFO - DAG(s) 'example_branch_dop_operator_v3' retrieved from /home/airflow/.local/lib/python3.12/site-packages/airflow/example_dags/example_branch_python_dop_operator_3.py
[2026-06-08T12:18:23.833+0000] {logging_mixin.py:188} INFO - [2026-06-08T12:18:23.833+0000] {dag.py:3096} INFO - Sync 1 DAGs
[2026-06-08T12:18:23.853+0000] {logging_mixin.py:188} INFO - [2026-06-08T12:18:23.853+0000] {dag.py:3954} INFO - Setting next_dagrun for example_branch_dop_operator_v3 to 2026-06-08 12:17:00+00:00, run_after=2026-06-08 12:18:00+00:00
[2026-06-08T12:18:23.866+0000] {processor.py:183} INFO - Processing /home/airflow/.local/lib/python3.12/site-packages/airflow/example_dags/example_branch_python_dop_operator_3.py took 0.132 seconds
[2026-06-08T12:18:54.502+0000] {processor.py:161} INFO - Started process (PID=206) to work on /home/airflow/.local/lib/python3.12/site-packages/airflow/example_dags/example_branch_python_dop_operator_3.py
[2026-06-08T12:18:54.502+0000] {processor.py:830} INFO - Processing file /home/airflow/.local/lib/python3.12/site-packages/airflow/example_dags/example_branch_python_dop_operator_3.py for tasks to queue
[2026-06-08T12:18:54.503+0000] {logging_mixin.py:188} INFO - [2026-06-08T12:18:54.503+0000] {dagbag.py:545} INFO - Filling up the DagBag from /home/airflow/.local/lib/python3.12/site-packages/airflow/example_dags/example_branch_python_dop_operator_3.py
[2026-06-08T12:18:54.509+0000] {processor.py:840} INFO - DAG(s) 'example_branch_dop_operator_v3' retrieved from /home/airflow/.local/lib/python3.12/site-packages/airflow/example_dags/example_branch_python_dop_operator_3.py
[2026-06-08T12:18:54.522+0000] {logging_mixin.py:188} INFO - [2026-06-08T12:18:54.522+0000] {dag.py:3096} INFO - Sync 1 DAGs
[2026-06-08T12:18:54.538+0000] {logging_mixin.py:188} INFO - [2026-06-08T12:18:54.538+0000] {dag.py:3954} INFO - Setting next_dagrun for example_branch_dop_operator_v3 to 2026-06-08 12:17:00+00:00, run_after=2026-06-08 12:18:00+00:00
[2026-06-08T12:18:54.555+0000] {processor.py:183} INFO - Processing /home/airflow/.local/lib/python3.12/site-packages/airflow/example_dags/example_branch_python_dop_operator_3.py took 0.057 seconds
[2026-06-08T12:19:25.072+0000] {processor.py:161} INFO - Started process (PID=264) to work on /home/airflow/.local/lib/python3.12/site-packages/airflow/example_dags/example_branch_python_dop_operator_3.py
[2026-06-08T12:19:25.073+0000] {processor.py:830} INFO - Processing file /home/airflow/.local/lib/python3.12/site-packages/airflow/example_dags/example_branch_python_dop_operator_3.py for tasks to queue
[2026-06-08T12:19:25.075+0000] {logging_mixin.py:188} INFO - [2026-06-08T12:19:25.075+0000] {dagbag.py:545} INFO - Filling up the DagBag from /home/airflow/.local/lib/python3.12/site-packages/airflow/example_dags/example_branch_python_dop_operator_3.py
[2026-06-08T12:19:25.082+0000] {processor.py:840} INFO - DAG(s) 'example_branch_dop_operator_v3' retrieved from /home/airflow/.local/lib/python3.12/site-packages/airflow/example_dags/example_branch_python_dop_operator_3.py
[2026-06-08T12:19:25.101+0000] {logging_mixin.py:188} INFO - [2026-06-08T12:19:25.101+0000] {dag.py:3096} INFO - Sync 1 DAGs
[2026-06-08T12:19:25.122+0000] {logging_mixin.py:188} INFO - [2026-06-08T12:19:25.122+0000] {dag.py:3954} INFO - Setting next_dagrun for example_branch_dop_operator_v3 to 2026-06-08 12:18:00+00:00, run_after=2026-06-08 12:19:00+00:00
[2026-06-08T12:19:25.137+0000] {processor.py:183} INFO - Processing /home/airflow/.local/lib/python3.12/site-packages/airflow/example_dags/example_branch_python_dop_operator_3.py took 0.071 seconds
[2026-06-08T12:19:55.315+0000] {processor.py:161} INFO - Started process (PID=322) to work on /home/airflow/.local/lib/python3.12/site-packages/airflow/example_dags/example_branch_python_dop_operator_3.py
[2026-06-08T12:19:55.316+0000] {processor.py:830} INFO - Processing file /home/airflow/.local/lib/python3.12/site-packages/airflow/example_dags/example_branch_python_dop_operator_3.py for tasks to queue
[2026-06-08T12:19:55.319+0000] {logging_mixin.py:188} INFO - [2026-06-08T12:19:55.318+0000] {dagbag.py:545} INFO - Filling up the DagBag from /home/airflow/.local/lib/python3.12/site-packages/airflow/example_dags/example_branch_python_dop_operator_3.py
[2026-06-08T12:19:55.328+0000] {processor.py:840} INFO - DAG(s) 'example_branch_dop_operator_v3' retrieved from /home/airflow/.local/lib/python3.12/site-packages/airflow/example_dags/example_branch_python_dop_operator_3.py
[2026-06-08T12:19:55.344+0000] {logging_mixin.py:188} INFO - [2026-06-08T12:19:55.344+0000] {dag.py:3096} INFO - Sync 1 DAGs
[2026-06-08T12:19:55.362+0000] {logging_mixin.py:188} INFO - [2026-06-08T12:19:55.362+0000] {dag.py:3954} INFO - Setting next_dagrun for example_branch_dop_operator_v3 to 2026-06-08 12:18:00+00:00, run_after=2026-06-08 12:19:00+00:00
[2026-06-08T12:19:55.376+0000] {processor.py:183} INFO - Processing /home/airflow/.local/lib/python3.12/site-packages/airflow/example_dags/example_branch_python_dop_operator_3.py took 0.068 seconds
[2026-06-08T12:20:26.004+0000] {processor.py:161} INFO - Started process (PID=380) to work on /home/airflow/.local/lib/python3.12/site-packages/airflow/example_dags/example_branch_python_dop_operator_3.py
[2026-06-08T12:20:26.005+0000] {processor.py:830} INFO - Processing file /home/airflow/.local/lib/python3.12/site-packages/airflow/example_dags/example_branch_python_dop_operator_3.py for tasks to queue
[2026-06-08T12:20:26.006+0000] {logging_mixin.py:188} INFO - [2026-06-08T12:20:26.005+0000] {dagbag.py:545} INFO - Filling up the DagBag from /home/airflow/.local/lib/python3.12/site-packages/airflow/example_dags/example_branch_python_dop_operator_3.py
[2026-06-08T12:20:26.012+0000] {processor.py:840} INFO - DAG(s) 'example_branch_dop_operator_v3' retrieved from /home/airflow/.local/lib/python3.12/site-packages/airflow/example_dags/example_branch_python_dop_operator_3.py
[2026-06-08T12:20:26.033+0000] {logging_mixin.py:188} INFO - [2026-06-08T12:20:26.033+0000] {dag.py:3096} INFO - Sync 1 DAGs
[2026-06-08T12:20:26.050+0000] {logging_mixin.py:188} INFO - [2026-06-08T12:20:26.049+0000] {dag.py:3954} INFO - Setting next_dagrun for example_branch_dop_operator_v3 to 2026-06-08 12:19:00+00:00, run_after=2026-06-08 12:20:00+00:00
[2026-06-08T12:20:26.063+0000] {processor.py:183} INFO - Processing /home/airflow/.local/lib/python3.12/site-packages/airflow/example_dags/example_branch_python_dop_operator_3.py took 0.064 seconds
[2026-06-08T12:20:56.394+0000] {processor.py:161} INFO - Started process (PID=438) to work on /home/airflow/.local/lib/python3.12/site-packages/airflow/example_dags/example_branch_python_dop_operator_3.py
[2026-06-08T12:20:56.394+0000] {processor.py:830} INFO - Processing file /home/airflow/.local/lib/python3.12/site-packages/airflow/example_dags/example_branch_python_dop_operator_3.py for tasks to queue
[2026-06-08T12:20:56.396+0000] {logging_mixin.py:188} INFO - [2026-06-08T12:20:56.395+0000] {dagbag.py:545} INFO - Filling up the DagBag from /home/airflow/.local/lib/python3.12/site-packages/airflow/example_dags/example_branch_python_dop_operator_3.py
[2026-06-08T12:20:56.405+0000] {processor.py:840} INFO - DAG(s) 'example_branch_dop_operator_v3' retrieved from /home/airflow/.local/lib/python3.12/site-packages/airflow/example_dags/example_branch_python_dop_operator_3.py
[2026-06-08T12:20:56.425+0000] {logging_mixin.py:188} INFO - [2026-06-08T12:20:56.425+0000] {dag.py:3096} INFO - Sync 1 DAGs
[2026-06-08T12:20:56.442+0000] {logging_mixin.py:188} INFO - [2026-06-08T12:20:56.442+0000] {dag.py:3954} INFO - Setting next_dagrun for example_branch_dop_operator_v3 to 2026-06-08 12:19:00+00:00, run_after=2026-06-08 12:20:00+00:00
[2026-06-08T12:20:56.457+0000] {processor.py:183} INFO - Processing /home/airflow/.local/lib/python3.12/site-packages/airflow/example_dags/example_branch_python_dop_operator_3.py took 0.068 seconds
[2026-06-08T12:21:26.611+0000] {processor.py:161} INFO - Started process (PID=496) to work on /home/airflow/.local/lib/python3.12/site-packages/airflow/example_dags/example_branch_python_dop_operator_3.py
[2026-06-08T12:21:26.612+0000] {processor.py:830} INFO - Processing file /home/airflow/.local/lib/python3.12/site-packages/airflow/example_dags/example_branch_python_dop_operator_3.py for tasks to queue
[2026-06-08T12:21:26.613+0000] {logging_mixin.py:188} INFO - [2026-06-08T12:21:26.613+0000] {dagbag.py:545} INFO - Filling up the DagBag from /home/airflow/.local/lib/python3.12/site-packages/airflow/example_dags/example_branch_python_dop_operator_3.py
[2026-06-08T12:21:26.618+0000] {processor.py:840} INFO - DAG(s) 'example_branch_dop_operator_v3' retrieved from /home/airflow/.local/lib/python3.12/site-packages/airflow/example_dags/example_branch_python_dop_operator_3.py
[2026-06-08T12:21:26.636+0000] {logging_mixin.py:188} INFO - [2026-06-08T12:21:26.635+0000] {dag.py:3096} INFO - Sync 1 DAGs
[2026-06-08T12:21:26.651+0000] {logging_mixin.py:188} INFO - [2026-06-08T12:21:26.651+0000] {dag.py:3954} INFO - Setting next_dagrun for example_branch_dop_operator_v3 to 2026-06-08 12:20:00+00:00, run_after=2026-06-08 12:21:00+00:00
[2026-06-08T12:21:26.663+0000] {processor.py:183} INFO - Processing /home/airflow/.local/lib/python3.12/site-packages/airflow/example_dags/example_branch_python_dop_operator_3.py took 0.056 seconds
[2026-06-08T12:21:57.363+0000] {processor.py:161} INFO - Started process (PID=576) to work on /home/airflow/.local/lib/python3.12/site-packages/airflow/example_dags/example_branch_python_dop_operator_3.py
[2026-06-08T12:21:57.363+0000] {processor.py:830} INFO - Processing file /home/airflow/.local/lib/python3.12/site-packages/airflow/example_dags/example_branch_python_dop_operator_3.py for tasks to queue
[2026-06-08T12:21:57.365+0000] {logging_mixin.py:188} INFO - [2026-06-08T12:21:57.364+0000] {dagbag.py:545} INFO - Filling up the DagBag from /home/airflow/.local/lib/python3.12/site-packages/airflow/example_dags/example_branch_python_dop_operator_3.py
[2026-06-08T12:21:57.371+0000] {processor.py:840} INFO - DAG(s) 'example_branch_dop_operator_v3' retrieved from /home/airflow/.local/lib/python3.12/site-packages/airflow/example_dags/example_branch_python_dop_operator_3.py
[2026-06-08T12:21:57.391+0000] {logging_mixin.py:188} INFO - [2026-06-08T12:21:57.391+0000] {dag.py:3096} INFO - Sync 1 DAGs
[2026-06-08T12:21:57.421+0000] {logging_mixin.py:188} INFO - [2026-06-08T12:21:57.420+0000] {dag.py:3954} INFO - Setting next_dagrun for example_branch_dop_operator_v3 to 2026-06-08 12:20:00+00:00, run_after=2026-06-08 12:21:00+00:00
[2026-06-08T12:21:57.441+0000] {processor.py:183} INFO - Processing /home/airflow/.local/lib/python3.12/site-packages/airflow/example_dags/example_branch_python_dop_operator_3.py took 0.083 seconds
[2026-06-08T12:22:27.830+0000] {processor.py:161} INFO - Started process (PID=634) to work on /home/airflow/.local/lib/python3.12/site-packages/airflow/example_dags/example_branch_python_dop_operator_3.py
[2026-06-08T12:22:27.830+0000] {processor.py:830} INFO - Processing file /home/airflow/.local/lib/python3.12/site-packages/airflow/example_dags/example_branch_python_dop_operator_3.py for tasks to queue
[2026-06-08T12:22:27.832+0000] {logging_mixin.py:188} INFO - [2026-06-08T12:22:27.831+0000] {dagbag.py:545} INFO - Filling up the DagBag from /home/airflow/.local/lib/python3.12/site-packages/airflow/example_dags/example_branch_python_dop_operator_3.py
[2026-06-08T12:22:27.839+0000] {processor.py:840} INFO - DAG(s) 'example_branch_dop_operator_v3' retrieved from /home/airflow/.local/lib/python3.12/site-packages/airflow/example_dags/example_branch_python_dop_operator_3.py
[2026-06-08T12:22:27.859+0000] {logging_mixin.py:188} INFO - [2026-06-08T12:22:27.859+0000] {dag.py:3096} INFO - Sync 1 DAGs
[2026-06-08T12:22:27.876+0000] {logging_mixin.py:188} INFO - [2026-06-08T12:22:27.875+0000] {dag.py:3954} INFO - Setting next_dagrun for example_branch_dop_operator_v3 to 2026-06-08 12:21:00+00:00, run_after=2026-06-08 12:22:00+00:00
[2026-06-08T12:22:27.889+0000] {processor.py:183} INFO - Processing /home/airflow/.local/lib/python3.12/site-packages/airflow/example_dags/example_branch_python_dop_operator_3.py took 0.064 seconds
[2026-06-08T12:22:58.132+0000] {processor.py:161} INFO - Started process (PID=715) to work on /home/airflow/.local/lib/python3.12/site-packages/airflow/example_dags/example_branch_python_dop_operator_3.py
[2026-06-08T12:22:58.133+0000] {processor.py:830} INFO - Processing file /home/airflow/.local/lib/python3.12/site-packages/airflow/example_dags/example_branch_python_dop_operator_3.py for tasks to queue
[2026-06-08T12:22:58.134+0000] {logging_mixin.py:188} INFO - [2026-06-08T12:22:58.133+0000] {dagbag.py:545} INFO - Filling up the DagBag from /home/airflow/.local/lib/python3.12/site-packages/airflow/example_dags/example_branch_python_dop_operator_3.py
[2026-06-08T12:22:58.138+0000] {processor.py:840} INFO - DAG(s) 'example_branch_dop_operator_v3' retrieved from /home/airflow/.local/lib/python3.12/site-packages/airflow/example_dags/example_branch_python_dop_operator_3.py
[2026-06-08T12:22:58.149+0000] {logging_mixin.py:188} INFO - [2026-06-08T12:22:58.149+0000] {dag.py:3096} INFO - Sync 1 DAGs
[2026-06-08T12:22:58.166+0000] {logging_mixin.py:188} INFO - [2026-06-08T12:22:58.166+0000] {dag.py:3954} INFO - Setting next_dagrun for example_branch_dop_operator_v3 to 2026-06-08 12:21:00+00:00, run_after=2026-06-08 12:22:00+00:00
[2026-06-08T12:22:58.180+0000] {processor.py:183} INFO - Processing /home/airflow/.local/lib/python3.12/site-packages/airflow/example_dags/example_branch_python_dop_operator_3.py took 0.052 seconds
[2026-06-08T12:23:29.459+0000] {processor.py:161} INFO - Started process (PID=795) to work on /home/airflow/.local/lib/python3.12/site-packages/airflow/example_dags/example_branch_python_dop_operator_3.py
[2026-06-08T12:23:29.460+0000] {processor.py:830} INFO - Processing file /home/airflow/.local/lib/python3.12/site-packages/airflow/example_dags/example_branch_python_dop_operator_3.py for tasks to queue
[2026-06-08T12:23:29.462+0000] {logging_mixin.py:188} INFO - [2026-06-08T12:23:29.462+0000] {dagbag.py:545} INFO - Filling up the DagBag from /home/airflow/.local/lib/python3.12/site-packages/airflow/example_dags/example_branch_python_dop_operator_3.py
[2026-06-08T12:23:29.472+0000] {processor.py:840} INFO - DAG(s) 'example_branch_dop_operator_v3' retrieved from /home/airflow/.local/lib/python3.12/site-packages/airflow/example_dags/example_branch_python_dop_operator_3.py
[2026-06-08T12:23:29.540+0000] {logging_mixin.py:188} INFO - [2026-06-08T12:23:29.539+0000] {dag.py:3096} INFO - Sync 1 DAGs
[2026-06-08T12:23:29.553+0000] {logging_mixin.py:188} INFO - [2026-06-08T12:23:29.553+0000] {dag.py:3954} INFO - Setting next_dagrun for example_branch_dop_operator_v3 to 2026-06-08 12:22:00+00:00, run_after=2026-06-08 12:23:00+00:00
[2026-06-08T12:23:29.570+0000] {processor.py:183} INFO - Processing /home/airflow/.local/lib/python3.12/site-packages/airflow/example_dags/example_branch_python_dop_operator_3.py took 0.117 seconds
[2026-06-08T12:23:59.698+0000] {processor.py:161} INFO - Started process (PID=854) to work on /home/airflow/.local/lib/python3.12/site-packages/airflow/example_dags/example_branch_python_dop_operator_3.py
[2026-06-08T12:23:59.698+0000] {processor.py:830} INFO - Processing file /home/airflow/.local/lib/python3.12/site-packages/airflow/example_dags/example_branch_python_dop_operator_3.py for tasks to queue
[2026-06-08T12:23:59.700+0000] {logging_mixin.py:188} INFO - [2026-06-08T12:23:59.699+0000] {dagbag.py:545} INFO - Filling up the DagBag from /home/airflow/.local/lib/python3.12/site-packages/airflow/example_dags/example_branch_python_dop_operator_3.py
[2026-06-08T12:23:59.705+0000] {processor.py:840} INFO - DAG(s) 'example_branch_dop_operator_v3' retrieved from /home/airflow/.local/lib/python3.12/site-packages/airflow/example_dags/example_branch_python_dop_operator_3.py
[2026-06-08T12:23:59.722+0000] {logging_mixin.py:188} INFO - [2026-06-08T12:23:59.722+0000] {dag.py:3096} INFO - Sync 1 DAGs
[2026-06-08T12:23:59.744+0000] {logging_mixin.py:188} INFO - [2026-06-08T12:23:59.744+0000] {dag.py:3954} INFO - Setting next_dagrun for example_branch_dop_operator_v3 to 2026-06-08 12:22:00+00:00, run_after=2026-06-08 12:23:00+00:00
[2026-06-08T12:23:59.758+0000] {processor.py:183} INFO - Processing /home/airflow/.local/lib/python3.12/site-packages/airflow/example_dags/example_branch_python_dop_operator_3.py took 0.066 seconds
[2026-06-08T12:24:30.416+0000] {processor.py:161} INFO - Started process (PID=913) to work on /home/airflow/.local/lib/python3.12/site-packages/airflow/example_dags/example_branch_python_dop_operator_3.py
[2026-06-08T12:24:30.417+0000] {processor.py:830} INFO - Processing file /home/airflow/.local/lib/python3.12/site-packages/airflow/example_dags/example_branch_python_dop_operator_3.py for tasks to queue
[2026-06-08T12:24:30.418+0000] {logging_mixin.py:188} INFO - [2026-06-08T12:24:30.418+0000] {dagbag.py:545} INFO - Filling up the DagBag from /home/airflow/.local/lib/python3.12/site-packages/airflow/example_dags/example_branch_python_dop_operator_3.py
[2026-06-08T12:24:30.424+0000] {processor.py:840} INFO - DAG(s) 'example_branch_dop_operator_v3' retrieved from /home/airflow/.local/lib/python3.12/site-packages/airflow/example_dags/example_branch_python_dop_operator_3.py
[2026-06-08T12:24:30.442+0000] {logging_mixin.py:188} INFO - [2026-06-08T12:24:30.442+0000] {dag.py:3096} INFO - Sync 1 DAGs
[2026-06-08T12:24:30.458+0000] {logging_mixin.py:188} INFO - [2026-06-08T12:24:30.457+0000] {dag.py:3954} INFO - Setting next_dagrun for example_branch_dop_operator_v3 to 2026-06-08 12:23:00+00:00, run_after=2026-06-08 12:24:00+00:00
[2026-06-08T12:24:30.469+0000] {processor.py:183} INFO - Processing /home/airflow/.local/lib/python3.12/site-packages/airflow/example_dags/example_branch_python_dop_operator_3.py took 0.056 seconds
[2026-06-08T12:25:01.014+0000] {processor.py:161} INFO - Started process (PID=972) to work on /home/airflow/.local/lib/python3.12/site-packages/airflow/example_dags/example_branch_python_dop_operator_3.py
[2026-06-08T12:25:01.016+0000] {processor.py:830} INFO - Processing file /home/airflow/.local/lib/python3.12/site-packages/airflow/example_dags/example_branch_python_dop_operator_3.py for tasks to queue
[2026-06-08T12:25:01.019+0000] {logging_mixin.py:188} INFO - [2026-06-08T12:25:01.018+0000] {dagbag.py:545} INFO - Filling up the DagBag from /home/airflow/.local/lib/python3.12/site-packages/airflow/example_dags/example_branch_python_dop_operator_3.py
[2026-06-08T12:25:01.031+0000] {processor.py:840} INFO - DAG(s) 'example_branch_dop_operator_v3' retrieved from /home/airflow/.local/lib/python3.12/site-packages/airflow/example_dags/example_branch_python_dop_operator_3.py
[2026-06-08T12:25:01.059+0000] {logging_mixin.py:188} INFO - [2026-06-08T12:25:01.058+0000] {dag.py:3096} INFO - Sync 1 DAGs
[2026-06-08T12:25:01.081+0000] {logging_mixin.py:188} INFO - [2026-06-08T12:25:01.081+0000] {dag.py:3954} INFO - Setting next_dagrun for example_branch_dop_operator_v3 to 2026-06-08 12:24:00+00:00, run_after=2026-06-08 12:25:00+00:00
[2026-06-08T12:25:01.094+0000] {processor.py:183} INFO - Processing /home/airflow/.local/lib/python3.12/site-packages/airflow/example_dags/example_branch_python_dop_operator_3.py took 0.089 seconds
[2026-06-08T12:25:31.336+0000] {processor.py:161} INFO - Started process (PID=1032) to work on /home/airflow/.local/lib/python3.12/site-packages/airflow/example_dags/example_branch_python_dop_operator_3.py
[2026-06-08T12:25:31.337+0000] {processor.py:830} INFO - Processing file /home/airflow/.local/lib/python3.12/site-packages/airflow/example_dags/example_branch_python_dop_operator_3.py for tasks to queue
[2026-06-08T12:25:31.339+0000] {logging_mixin.py:188} INFO - [2026-06-08T12:25:31.339+0000] {dagbag.py:545} INFO - Filling up the DagBag from /home/airflow/.local/lib/python3.12/site-packages/airflow/example_dags/example_branch_python_dop_operator_3.py
[2026-06-08T12:25:31.348+0000] {processor.py:840} INFO - DAG(s) 'example_branch_dop_operator_v3' retrieved from /home/airflow/.local/lib/python3.12/site-packages/airflow/example_dags/example_branch_python_dop_operator_3.py
[2026-06-08T12:25:31.363+0000] {logging_mixin.py:188} INFO - [2026-06-08T12:25:31.363+0000] {dag.py:3096} INFO - Sync 1 DAGs
[2026-06-08T12:25:31.380+0000] {logging_mixin.py:188} INFO - [2026-06-08T12:25:31.380+0000] {dag.py:3954} INFO - Setting next_dagrun for example_branch_dop_operator_v3 to 2026-06-08 12:24:00+00:00, run_after=2026-06-08 12:25:00+00:00
[2026-06-08T12:25:31.394+0000] {processor.py:183} INFO - Processing /home/airflow/.local/lib/python3.12/site-packages/airflow/example_dags/example_branch_python_dop_operator_3.py took 0.064 seconds
[2026-06-08T12:26:01.742+0000] {processor.py:161} INFO - Started process (PID=1091) to work on /home/airflow/.local/lib/python3.12/site-packages/airflow/example_dags/example_branch_python_dop_operator_3.py
[2026-06-08T12:26:01.743+0000] {processor.py:830} INFO - Processing file /home/airflow/.local/lib/python3.12/site-packages/airflow/example_dags/example_branch_python_dop_operator_3.py for tasks to queue
[2026-06-08T12:26:01.744+0000] {logging_mixin.py:188} INFO - [2026-06-08T12:26:01.744+0000] {dagbag.py:545} INFO - Filling up the DagBag from /home/airflow/.local/lib/python3.12/site-packages/airflow/example_dags/example_branch_python_dop_operator_3.py
[2026-06-08T12:26:01.749+0000] {processor.py:840} INFO - DAG(s) 'example_branch_dop_operator_v3' retrieved from /home/airflow/.local/lib/python3.12/site-packages/airflow/example_dags/example_branch_python_dop_operator_3.py
[2026-06-08T12:26:01.764+0000] {logging_mixin.py:188} INFO - [2026-06-08T12:26:01.764+0000] {dag.py:3096} INFO - Sync 1 DAGs
[2026-06-08T12:26:01.782+0000] {logging_mixin.py:188} INFO - [2026-06-08T12:26:01.782+0000] {dag.py:3954} INFO - Setting next_dagrun for example_branch_dop_operator_v3 to 2026-06-08 12:25:00+00:00, run_after=2026-06-08 12:26:00+00:00
[2026-06-08T12:26:01.793+0000] {processor.py:183} INFO - Processing /home/airflow/.local/lib/python3.12/site-packages/airflow/example_dags/example_branch_python_dop_operator_3.py took 0.056 seconds
[2026-06-08T12:26:32.330+0000] {processor.py:161} INFO - Started process (PID=1150) to work on /home/airflow/.local/lib/python3.12/site-packages/airflow/example_dags/example_branch_python_dop_operator_3.py
[2026-06-08T12:26:32.331+0000] {processor.py:830} INFO - Processing file /home/airflow/.local/lib/python3.12/site-packages/airflow/example_dags/example_branch_python_dop_operator_3.py for tasks to queue
[2026-06-08T12:26:32.333+0000] {logging_mixin.py:188} INFO - [2026-06-08T12:26:32.333+0000] {dagbag.py:545} INFO - Filling up the DagBag from /home/airflow/.local/lib/python3.12/site-packages/airflow/example_dags/example_branch_python_dop_operator_3.py
[2026-06-08T12:26:32.342+0000] {processor.py:840} INFO - DAG(s) 'example_branch_dop_operator_v3' retrieved from /home/airflow/.local/lib/python3.12/site-packages/airflow/example_dags/example_branch_python_dop_operator_3.py
[2026-06-08T12:26:32.357+0000] {logging_mixin.py:188} INFO - [2026-06-08T12:26:32.357+0000] {dag.py:3096} INFO - Sync 1 DAGs
[2026-06-08T12:26:32.379+0000] {logging_mixin.py:188} INFO - [2026-06-08T12:26:32.379+0000] {dag.py:3954} INFO - Setting next_dagrun for example_branch_dop_operator_v3 to 2026-06-08 12:25:00+00:00, run_after=2026-06-08 12:26:00+00:00
[2026-06-08T12:26:32.398+0000] {processor.py:183} INFO - Processing /home/airflow/.local/lib/python3.12/site-packages/airflow/example_dags/example_branch_python_dop_operator_3.py took 0.073 seconds
[2026-06-08T12:27:02.701+0000] {processor.py:161} INFO - Started process (PID=1209) to work on /home/airflow/.local/lib/python3.12/site-packages/airflow/example_dags/example_branch_python_dop_operator_3.py
[2026-06-08T12:27:02.702+0000] {processor.py:830} INFO - Processing file /home/airflow/.local/lib/python3.12/site-packages/airflow/example_dags/example_branch_python_dop_operator_3.py for tasks to queue
[2026-06-08T12:27:02.703+0000] {logging_mixin.py:188} INFO - [2026-06-08T12:27:02.703+0000] {dagbag.py:545} INFO - Filling up the DagBag from /home/airflow/.local/lib/python3.12/site-packages/airflow/example_dags/example_branch_python_dop_operator_3.py
[2026-06-08T12:27:02.712+0000] {processor.py:840} INFO - DAG(s) 'example_branch_dop_operator_v3' retrieved from /home/airflow/.local/lib/python3.12/site-packages/airflow/example_dags/example_branch_python_dop_operator_3.py
[2026-06-08T12:27:02.734+0000] {logging_mixin.py:188} INFO - [2026-06-08T12:27:02.734+0000] {dag.py:3096} INFO - Sync 1 DAGs
[2026-06-08T12:27:02.752+0000] {logging_mixin.py:188} INFO - [2026-06-08T12:27:02.751+0000] {dag.py:3954} INFO - Setting next_dagrun for example_branch_dop_operator_v3 to 2026-06-08 12:26:00+00:00, run_after=2026-06-08 12:27:00+00:00
[2026-06-08T12:27:02.769+0000] {processor.py:183} INFO - Processing /home/airflow/.local/lib/python3.12/site-packages/airflow/example_dags/example_branch_python_dop_operator_3.py took 0.072 seconds
[2026-06-08T12:27:33.220+0000] {processor.py:161} INFO - Started process (PID=1268) to work on /home/airflow/.local/lib/python3.12/site-packages/airflow/example_dags/example_branch_python_dop_operator_3.py
[2026-06-08T12:27:33.220+0000] {processor.py:830} INFO - Processing file /home/airflow/.local/lib/python3.12/site-packages/airflow/example_dags/example_branch_python_dop_operator_3.py for tasks to queue
[2026-06-08T12:27:33.222+0000] {logging_mixin.py:188} INFO - [2026-06-08T12:27:33.221+0000] {dagbag.py:545} INFO - Filling up the DagBag from /home/airflow/.local/lib/python3.12/site-packages/airflow/example_dags/example_branch_python_dop_operator_3.py
[2026-06-08T12:27:33.227+0000] {processor.py:840} INFO - DAG(s) 'example_branch_dop_operator_v3' retrieved from /home/airflow/.local/lib/python3.12/site-packages/airflow/example_dags/example_branch_python_dop_operator_3.py
[2026-06-08T12:27:33.245+0000] {logging_mixin.py:188} INFO - [2026-06-08T12:27:33.245+0000] {dag.py:3096} INFO - Sync 1 DAGs
[2026-06-08T12:27:33.263+0000] {logging_mixin.py:188} INFO - [2026-06-08T12:27:33.263+0000] {dag.py:3954} INFO - Setting next_dagrun for example_branch_dop_operator_v3 to 2026-06-08 12:26:00+00:00, run_after=2026-06-08 12:27:00+00:00
[2026-06-08T12:27:33.277+0000] {processor.py:183} INFO - Processing /home/airflow/.local/lib/python3.12/site-packages/airflow/example_dags/example_branch_python_dop_operator_3.py took 0.063 seconds
[2026-06-08T12:28:03.965+0000] {processor.py:161} INFO - Started process (PID=1327) to work on /home/airflow/.local/lib/python3.12/site-packages/airflow/example_dags/example_branch_python_dop_operator_3.py
[2026-06-08T12:28:03.966+0000] {processor.py:830} INFO - Processing file /home/airflow/.local/lib/python3.12/site-packages/airflow/example_dags/example_branch_python_dop_operator_3.py for tasks to queue
[2026-06-08T12:28:03.968+0000] {logging_mixin.py:188} INFO - [2026-06-08T12:28:03.967+0000] {dagbag.py:545} INFO - Filling up the DagBag from /home/airflow/.local/lib/python3.12/site-packages/airflow/example_dags/example_branch_python_dop_operator_3.py
[2026-06-08T12:28:03.976+0000] {processor.py:840} INFO - DAG(s) 'example_branch_dop_operator_v3' retrieved from /home/airflow/.local/lib/python3.12/site-packages/airflow/example_dags/example_branch_python_dop_operator_3.py
[2026-06-08T12:28:03.994+0000] {logging_mixin.py:188} INFO - [2026-06-08T12:28:03.994+0000] {dag.py:3096} INFO - Sync 1 DAGs
[2026-06-08T12:28:04.014+0000] {logging_mixin.py:188} INFO - [2026-06-08T12:28:04.014+0000] {dag.py:3954} INFO - Setting next_dagrun for example_branch_dop_operator_v3 to 2026-06-08 12:27:00+00:00, run_after=2026-06-08 12:28:00+00:00
[2026-06-08T12:28:04.028+0000] {processor.py:183} INFO - Processing /home/airflow/.local/lib/python3.12/site-packages/airflow/example_dags/example_branch_python_dop_operator_3.py took 0.068 seconds
[2026-06-08T12:28:34.366+0000] {processor.py:161} INFO - Started process (PID=1387) to work on /home/airflow/.local/lib/python3.12/site-packages/airflow/example_dags/example_branch_python_dop_operator_3.py
[2026-06-08T12:28:34.366+0000] {processor.py:830} INFO - Processing file /home/airflow/.local/lib/python3.12/site-packages/airflow/example_dags/example_branch_python_dop_operator_3.py for tasks to queue
[2026-06-08T12:28:34.368+0000] {logging_mixin.py:188} INFO - [2026-06-08T12:28:34.367+0000] {dagbag.py:545} INFO - Filling up the DagBag from /home/airflow/.local/lib/python3.12/site-packages/airflow/example_dags/example_branch_python_dop_operator_3.py
[2026-06-08T12:28:34.377+0000] {processor.py:840} INFO - DAG(s) 'example_branch_dop_operator_v3' retrieved from /home/airflow/.local/lib/python3.12/site-packages/airflow/example_dags/example_branch_python_dop_operator_3.py
[2026-06-08T12:28:34.392+0000] {logging_mixin.py:188} INFO - [2026-06-08T12:28:34.392+0000] {dag.py:3096} INFO - Sync 1 DAGs
[2026-06-08T12:28:34.407+0000] {logging_mixin.py:188} INFO - [2026-06-08T12:28:34.407+0000] {dag.py:3954} INFO - Setting next_dagrun for example_branch_dop_operator_v3 to 2026-06-08 12:27:00+00:00, run_after=2026-06-08 12:28:00+00:00
[2026-06-08T12:28:34.419+0000] {processor.py:183} INFO - Processing /home/airflow/.local/lib/python3.12/site-packages/airflow/example_dags/example_branch_python_dop_operator_3.py took 0.059 seconds
[2026-06-08T12:29:04.630+0000] {processor.py:161} INFO - Started process (PID=1446) to work on /home/airflow/.local/lib/python3.12/site-packages/airflow/example_dags/example_branch_python_dop_operator_3.py
[2026-06-08T12:29:04.630+0000] {processor.py:830} INFO - Processing file /home/airflow/.local/lib/python3.12/site-packages/airflow/example_dags/example_branch_python_dop_operator_3.py for tasks to queue
[2026-06-08T12:29:04.631+0000] {logging_mixin.py:188} INFO - [2026-06-08T12:29:04.631+0000] {dagbag.py:545} INFO - Filling up the DagBag from /home/airflow/.local/lib/python3.12/site-packages/airflow/example_dags/example_branch_python_dop_operator_3.py
[2026-06-08T12:29:04.637+0000] {processor.py:840} INFO - DAG(s) 'example_branch_dop_operator_v3' retrieved from /home/airflow/.local/lib/python3.12/site-packages/airflow/example_dags/example_branch_python_dop_operator_3.py
[2026-06-08T12:29:04.656+0000] {logging_mixin.py:188} INFO - [2026-06-08T12:29:04.656+0000] {dag.py:3096} INFO - Sync 1 DAGs
[2026-06-08T12:29:04.674+0000] {logging_mixin.py:188} INFO - [2026-06-08T12:29:04.674+0000] {dag.py:3954} INFO - Setting next_dagrun for example_branch_dop_operator_v3 to 2026-06-08 12:28:00+00:00, run_after=2026-06-08 12:29:00+00:00
[2026-06-08T12:29:04.686+0000] {processor.py:183} INFO - Processing /home/airflow/.local/lib/python3.12/site-packages/airflow/example_dags/example_branch_python_dop_operator_3.py took 0.062 seconds
[2026-06-08T12:29:35.028+0000] {processor.py:161} INFO - Started process (PID=1505) to work on /home/airflow/.local/lib/python3.12/site-packages/airflow/example_dags/example_branch_python_dop_operator_3.py
[2026-06-08T12:29:35.029+0000] {processor.py:830} INFO - Processing file /home/airflow/.local/lib/python3.12/site-packages/airflow/example_dags/example_branch_python_dop_operator_3.py for tasks to queue
[2026-06-08T12:29:35.031+0000] {logging_mixin.py:188} INFO - [2026-06-08T12:29:35.030+0000] {dagbag.py:545} INFO - Filling up the DagBag from /home/airflow/.local/lib/python3.12/site-packages/airflow/example_dags/example_branch_python_dop_operator_3.py
[2026-06-08T12:29:35.037+0000] {processor.py:840} INFO - DAG(s) 'example_branch_dop_operator_v3' retrieved from /home/airflow/.local/lib/python3.12/site-packages/airflow/example_dags/example_branch_python_dop_operator_3.py
[2026-06-08T12:29:35.057+0000] {logging_mixin.py:188} INFO - [2026-06-08T12:29:35.057+0000] {dag.py:3096} INFO - Sync 1 DAGs
[2026-06-08T12:29:35.075+0000] {logging_mixin.py:188} INFO - [2026-06-08T12:29:35.075+0000] {dag.py:3954} INFO - Setting next_dagrun for example_branch_dop_operator_v3 to 2026-06-08 12:28:00+00:00, run_after=2026-06-08 12:29:00+00:00
[2026-06-08T12:29:35.092+0000] {processor.py:183} INFO - Processing /home/airflow/.local/lib/python3.12/site-packages/airflow/example_dags/example_branch_python_dop_operator_3.py took 0.070 seconds
[2026-06-08T12:30:05.753+0000] {processor.py:161} INFO - Started process (PID=1564) to work on /home/airflow/.local/lib/python3.12/site-packages/airflow/example_dags/example_branch_python_dop_operator_3.py
[2026-06-08T12:30:05.754+0000] {processor.py:830} INFO - Processing file /home/airflow/.local/lib/python3.12/site-packages/airflow/example_dags/example_branch_python_dop_operator_3.py for tasks to queue
[2026-06-08T12:30:05.755+0000] {logging_mixin.py:188} INFO - [2026-06-08T12:30:05.755+0000] {dagbag.py:545} INFO - Filling up the DagBag from /home/airflow/.local/lib/python3.12/site-packages/airflow/example_dags/example_branch_python_dop_operator_3.py
[2026-06-08T12:30:05.760+0000] {processor.py:840} INFO - DAG(s) 'example_branch_dop_operator_v3' retrieved from /home/airflow/.local/lib/python3.12/site-packages/airflow/example_dags/example_branch_python_dop_operator_3.py
[2026-06-08T12:30:05.775+0000] {logging_mixin.py:188} INFO - [2026-06-08T12:30:05.775+0000] {dag.py:3096} INFO - Sync 1 DAGs
[2026-06-08T12:30:05.791+0000] {logging_mixin.py:188} INFO - [2026-06-08T12:30:05.791+0000] {dag.py:3954} INFO - Setting next_dagrun for example_branch_dop_operator_v3 to 2026-06-08 12:29:00+00:00, run_after=2026-06-08 12:30:00+00:00
[2026-06-08T12:30:05.806+0000] {processor.py:183} INFO - Processing /home/airflow/.local/lib/python3.12/site-packages/airflow/example_dags/example_branch_python_dop_operator_3.py took 0.057 seconds
[2026-06-08T12:30:36.449+0000] {processor.py:161} INFO - Started process (PID=1623) to work on /home/airflow/.local/lib/python3.12/site-packages/airflow/example_dags/example_branch_python_dop_operator_3.py
[2026-06-08T12:30:36.450+0000] {processor.py:830} INFO - Processing file /home/airflow/.local/lib/python3.12/site-packages/airflow/example_dags/example_branch_python_dop_operator_3.py for tasks to queue
[2026-06-08T12:30:36.451+0000] {logging_mixin.py:188} INFO - [2026-06-08T12:30:36.451+0000] {dagbag.py:545} INFO - Filling up the DagBag from /home/airflow/.local/lib/python3.12/site-packages/airflow/example_dags/example_branch_python_dop_operator_3.py
[2026-06-08T12:30:36.459+0000] {processor.py:840} INFO - DAG(s) 'example_branch_dop_operator_v3' retrieved from /home/airflow/.local/lib/python3.12/site-packages/airflow/example_dags/example_branch_python_dop_operator_3.py
[2026-06-08T12:30:36.479+0000] {logging_mixin.py:188} INFO - [2026-06-08T12:30:36.479+0000] {dag.py:3096} INFO - Sync 1 DAGs
[2026-06-08T12:30:36.505+0000] {logging_mixin.py:188} INFO - [2026-06-08T12:30:36.505+0000] {dag.py:3954} INFO - Setting next_dagrun for example_branch_dop_operator_v3 to 2026-06-08 12:29:00+00:00, run_after=2026-06-08 12:30:00+00:00
[2026-06-08T12:30:36.525+0000] {processor.py:183} INFO - Processing /home/airflow/.local/lib/python3.12/site-packages/airflow/example_dags/example_branch_python_dop_operator_3.py took 0.082 seconds
[2026-06-08T12:31:06.868+0000] {processor.py:161} INFO - Started process (PID=1682) to work on /home/airflow/.local/lib/python3.12/site-packages/airflow/example_dags/example_branch_python_dop_operator_3.py
[2026-06-08T12:31:06.869+0000] {processor.py:830} INFO - Processing file /home/airflow/.local/lib/python3.12/site-packages/airflow/example_dags/example_branch_python_dop_operator_3.py for tasks to queue
[2026-06-08T12:31:06.871+0000] {logging_mixin.py:188} INFO - [2026-06-08T12:31:06.871+0000] {dagbag.py:545} INFO - Filling up the DagBag from /home/airflow/.local/lib/python3.12/site-packages/airflow/example_dags/example_branch_python_dop_operator_3.py
[2026-06-08T12:31:06.878+0000] {processor.py:840} INFO - DAG(s) 'example_branch_dop_operator_v3' retrieved from /home/airflow/.local/lib/python3.12/site-packages/airflow/example_dags/example_branch_python_dop_operator_3.py
[2026-06-08T12:31:06.901+0000] {logging_mixin.py:188} INFO - [2026-06-08T12:31:06.900+0000] {dag.py:3096} INFO - Sync 1 DAGs
[2026-06-08T12:31:06.923+0000] {logging_mixin.py:188} INFO - [2026-06-08T12:31:06.923+0000] {dag.py:3954} INFO - Setting next_dagrun for example_branch_dop_operator_v3 to 2026-06-08 12:30:00+00:00, run_after=2026-06-08 12:31:00+00:00
[2026-06-08T12:31:06.941+0000] {processor.py:183} INFO - Processing /home/airflow/.local/lib/python3.12/site-packages/airflow/example_dags/example_branch_python_dop_operator_3.py took 0.078 seconds
[2026-06-08T12:31:37.285+0000] {processor.py:161} INFO - Started process (PID=1741) to work on /home/airflow/.local/lib/python3.12/site-packages/airflow/example_dags/example_branch_python_dop_operator_3.py
[2026-06-08T12:31:37.285+0000] {processor.py:830} INFO - Processing file /home/airflow/.local/lib/python3.12/site-packages/airflow/example_dags/example_branch_python_dop_operator_3.py for tasks to queue
[2026-06-08T12:31:37.286+0000] {logging_mixin.py:188} INFO - [2026-06-08T12:31:37.286+0000] {dagbag.py:545} INFO - Filling up the DagBag from /home/airflow/.local/lib/python3.12/site-packages/airflow/example_dags/example_branch_python_dop_operator_3.py
[2026-06-08T12:31:37.293+0000] {processor.py:840} INFO - DAG(s) 'example_branch_dop_operator_v3' retrieved from /home/airflow/.local/lib/python3.12/site-packages/airflow/example_dags/example_branch_python_dop_operator_3.py
[2026-06-08T12:31:37.307+0000] {logging_mixin.py:188} INFO - [2026-06-08T12:31:37.307+0000] {dag.py:3096} INFO - Sync 1 DAGs
[2026-06-08T12:31:37.324+0000] {logging_mixin.py:188} INFO - [2026-06-08T12:31:37.324+0000] {dag.py:3954} INFO - Setting next_dagrun for example_branch_dop_operator_v3 to 2026-06-08 12:30:00+00:00, run_after=2026-06-08 12:31:00+00:00
[2026-06-08T12:31:37.338+0000] {processor.py:183} INFO - Processing /home/airflow/.local/lib/python3.12/site-packages/airflow/example_dags/example_branch_python_dop_operator_3.py took 0.057 seconds
[2026-06-08T12:32:07.679+0000] {processor.py:161} INFO - Started process (PID=1800) to work on /home/airflow/.local/lib/python3.12/site-packages/airflow/example_dags/example_branch_python_dop_operator_3.py
[2026-06-08T12:32:07.680+0000] {processor.py:830} INFO - Processing file /home/airflow/.local/lib/python3.12/site-packages/airflow/example_dags/example_branch_python_dop_operator_3.py for tasks to queue
[2026-06-08T12:32:07.683+0000] {logging_mixin.py:188} INFO - [2026-06-08T12:32:07.682+0000] {dagbag.py:545} INFO - Filling up the DagBag from /home/airflow/.local/lib/python3.12/site-packages/airflow/example_dags/example_branch_python_dop_operator_3.py
[2026-06-08T12:32:07.692+0000] {processor.py:840} INFO - DAG(s) 'example_branch_dop_operator_v3' retrieved from /home/airflow/.local/lib/python3.12/site-packages/airflow/example_dags/example_branch_python_dop_operator_3.py
[2026-06-08T12:32:07.709+0000] {logging_mixin.py:188} INFO - [2026-06-08T12:32:07.709+0000] {dag.py:3096} INFO - Sync 1 DAGs
[2026-06-08T12:32:07.728+0000] {logging_mixin.py:188} INFO - [2026-06-08T12:32:07.728+0000] {dag.py:3954} INFO - Setting next_dagrun for example_branch_dop_operator_v3 to 2026-06-08 12:31:00+00:00, run_after=2026-06-08 12:32:00+00:00
[2026-06-08T12:32:07.742+0000] {processor.py:183} INFO - Processing /home/airflow/.local/lib/python3.12/site-packages/airflow/example_dags/example_branch_python_dop_operator_3.py took 0.072 seconds
[2026-06-08T12:32:38.499+0000] {processor.py:161} INFO - Started process (PID=1859) to work on /home/airflow/.local/lib/python3.12/site-packages/airflow/example_dags/example_branch_python_dop_operator_3.py
[2026-06-08T12:32:38.499+0000] {processor.py:830} INFO - Processing file /home/airflow/.local/lib/python3.12/site-packages/airflow/example_dags/example_branch_python_dop_operator_3.py for tasks to queue
[2026-06-08T12:32:38.500+0000] {logging_mixin.py:188} INFO - [2026-06-08T12:32:38.500+0000] {dagbag.py:545} INFO - Filling up the DagBag from /home/airflow/.local/lib/python3.12/site-packages/airflow/example_dags/example_branch_python_dop_operator_3.py
[2026-06-08T12:32:38.506+0000] {processor.py:840} INFO - DAG(s) 'example_branch_dop_operator_v3' retrieved from /home/airflow/.local/lib/python3.12/site-packages/airflow/example_dags/example_branch_python_dop_operator_3.py
[2026-06-08T12:32:38.523+0000] {logging_mixin.py:188} INFO - [2026-06-08T12:32:38.523+0000] {dag.py:3096} INFO - Sync 1 DAGs
[2026-06-08T12:32:38.540+0000] {logging_mixin.py:188} INFO - [2026-06-08T12:32:38.540+0000] {dag.py:3954} INFO - Setting next_dagrun for example_branch_dop_operator_v3 to 2026-06-08 12:31:00+00:00, run_after=2026-06-08 12:32:00+00:00
[2026-06-08T12:32:38.552+0000] {processor.py:183} INFO - Processing /home/airflow/.local/lib/python3.12/site-packages/airflow/example_dags/example_branch_python_dop_operator_3.py took 0.058 seconds
[2026-06-08T12:33:09.574+0000] {processor.py:161} INFO - Started process (PID=1918) to work on /home/airflow/.local/lib/python3.12/site-packages/airflow/example_dags/example_branch_python_dop_operator_3.py
[2026-06-08T12:33:09.575+0000] {processor.py:830} INFO - Processing file /home/airflow/.local/lib/python3.12/site-packages/airflow/example_dags/example_branch_python_dop_operator_3.py for tasks to queue
[2026-06-08T12:33:09.577+0000] {logging_mixin.py:188} INFO - [2026-06-08T12:33:09.576+0000] {dagbag.py:545} INFO - Filling up the DagBag from /home/airflow/.local/lib/python3.12/site-packages/airflow/example_dags/example_branch_python_dop_operator_3.py
[2026-06-08T12:33:09.585+0000] {processor.py:840} INFO - DAG(s) 'example_branch_dop_operator_v3' retrieved from /home/airflow/.local/lib/python3.12/site-packages/airflow/example_dags/example_branch_python_dop_operator_3.py
[2026-06-08T12:33:09.606+0000] {logging_mixin.py:188} INFO - [2026-06-08T12:33:09.606+0000] {dag.py:3096} INFO - Sync 1 DAGs
[2026-06-08T12:33:09.629+0000] {logging_mixin.py:188} INFO - [2026-06-08T12:33:09.629+0000] {dag.py:3954} INFO - Setting next_dagrun for example_branch_dop_operator_v3 to 2026-06-08 12:32:00+00:00, run_after=2026-06-08 12:33:00+00:00
[2026-06-08T12:33:09.644+0000] {processor.py:183} INFO - Processing /home/airflow/.local/lib/python3.12/site-packages/airflow/example_dags/example_branch_python_dop_operator_3.py took 0.077 seconds
[2026-06-08T12:33:40.793+0000] {processor.py:161} INFO - Started process (PID=1977) to work on /home/airflow/.local/lib/python3.12/site-packages/airflow/example_dags/example_branch_python_dop_operator_3.py
[2026-06-08T12:33:40.793+0000] {processor.py:830} INFO - Processing file /home/airflow/.local/lib/python3.12/site-packages/airflow/example_dags/example_branch_python_dop_operator_3.py for tasks to queue
[2026-06-08T12:33:40.795+0000] {logging_mixin.py:188} INFO - [2026-06-08T12:33:40.794+0000] {dagbag.py:545} INFO - Filling up the DagBag from /home/airflow/.local/lib/python3.12/site-packages/airflow/example_dags/example_branch_python_dop_operator_3.py
[2026-06-08T12:33:40.801+0000] {processor.py:840} INFO - DAG(s) 'example_branch_dop_operator_v3' retrieved from /home/airflow/.local/lib/python3.12/site-packages/airflow/example_dags/example_branch_python_dop_operator_3.py
[2026-06-08T12:33:40.817+0000] {logging_mixin.py:188} INFO - [2026-06-08T12:33:40.817+0000] {dag.py:3096} INFO - Sync 1 DAGs
[2026-06-08T12:33:40.833+0000] {logging_mixin.py:188} INFO - [2026-06-08T12:33:40.833+0000] {dag.py:3954} INFO - Setting next_dagrun for example_branch_dop_operator_v3 to 2026-06-08 12:32:00+00:00, run_after=2026-06-08 12:33:00+00:00
[2026-06-08T12:33:40.845+0000] {processor.py:183} INFO - Processing /home/airflow/.local/lib/python3.12/site-packages/airflow/example_dags/example_branch_python_dop_operator_3.py took 0.058 seconds
[2026-06-08T12:34:11.670+0000] {processor.py:161} INFO - Started process (PID=2036) to work on /home/airflow/.local/lib/python3.12/site-packages/airflow/example_dags/example_branch_python_dop_operator_3.py
[2026-06-08T12:34:11.671+0000] {processor.py:830} INFO - Processing file /home/airflow/.local/lib/python3.12/site-packages/airflow/example_dags/example_branch_python_dop_operator_3.py for tasks to queue
[2026-06-08T12:34:11.672+0000] {logging_mixin.py:188} INFO - [2026-06-08T12:34:11.672+0000] {dagbag.py:545} INFO - Filling up the DagBag from /home/airflow/.local/lib/python3.12/site-packages/airflow/example_dags/example_branch_python_dop_operator_3.py
[2026-06-08T12:34:11.678+0000] {processor.py:840} INFO - DAG(s) 'example_branch_dop_operator_v3' retrieved from /home/airflow/.local/lib/python3.12/site-packages/airflow/example_dags/example_branch_python_dop_operator_3.py
[2026-06-08T12:34:11.697+0000] {logging_mixin.py:188} INFO - [2026-06-08T12:34:11.697+0000] {dag.py:3096} INFO - Sync 1 DAGs
[2026-06-08T12:34:11.715+0000] {logging_mixin.py:188} INFO - [2026-06-08T12:34:11.714+0000] {dag.py:3954} INFO - Setting next_dagrun for example_branch_dop_operator_v3 to 2026-06-08 12:33:00+00:00, run_after=2026-06-08 12:34:00+00:00
[2026-06-08T12:34:11.726+0000] {processor.py:183} INFO - Processing /home/airflow/.local/lib/python3.12/site-packages/airflow/example_dags/example_branch_python_dop_operator_3.py took 0.060 seconds
[2026-06-08T12:34:42.661+0000] {processor.py:161} INFO - Started process (PID=2095) to work on /home/airflow/.local/lib/python3.12/site-packages/airflow/example_dags/example_branch_python_dop_operator_3.py
[2026-06-08T12:34:42.662+0000] {processor.py:830} INFO - Processing file /home/airflow/.local/lib/python3.12/site-packages/airflow/example_dags/example_branch_python_dop_operator_3.py for tasks to queue
[2026-06-08T12:34:42.663+0000] {logging_mixin.py:188} INFO - [2026-06-08T12:34:42.663+0000] {dagbag.py:545} INFO - Filling up the DagBag from /home/airflow/.local/lib/python3.12/site-packages/airflow/example_dags/example_branch_python_dop_operator_3.py
[2026-06-08T12:34:42.671+0000] {processor.py:840} INFO - DAG(s) 'example_branch_dop_operator_v3' retrieved from /home/airflow/.local/lib/python3.12/site-packages/airflow/example_dags/example_branch_python_dop_operator_3.py
[2026-06-08T12:34:42.689+0000] {logging_mixin.py:188} INFO - [2026-06-08T12:34:42.688+0000] {dag.py:3096} INFO - Sync 1 DAGs
[2026-06-08T12:34:42.705+0000] {logging_mixin.py:188} INFO - [2026-06-08T12:34:42.704+0000] {dag.py:3954} INFO - Setting next_dagrun for example_branch_dop_operator_v3 to 2026-06-08 12:33:00+00:00, run_after=2026-06-08 12:34:00+00:00
[2026-06-08T12:34:42.725+0000] {processor.py:183} INFO - Processing /home/airflow/.local/lib/python3.12/site-packages/airflow/example_dags/example_branch_python_dop_operator_3.py took 0.070 seconds
[2026-06-08T12:35:12.833+0000] {processor.py:161} INFO - Started process (PID=2154) to work on /home/airflow/.local/lib/python3.12/site-packages/airflow/example_dags/example_branch_python_dop_operator_3.py
[2026-06-08T12:35:12.833+0000] {processor.py:830} INFO - Processing file /home/airflow/.local/lib/python3.12/site-packages/airflow/example_dags/example_branch_python_dop_operator_3.py for tasks to queue
[2026-06-08T12:35:12.835+0000] {logging_mixin.py:188} INFO - [2026-06-08T12:35:12.834+0000] {dagbag.py:545} INFO - Filling up the DagBag from /home/airflow/.local/lib/python3.12/site-packages/airflow/example_dags/example_branch_python_dop_operator_3.py
[2026-06-08T12:35:12.840+0000] {processor.py:840} INFO - DAG(s) 'example_branch_dop_operator_v3' retrieved from /home/airflow/.local/lib/python3.12/site-packages/airflow/example_dags/example_branch_python_dop_operator_3.py
[2026-06-08T12:35:12.859+0000] {logging_mixin.py:188} INFO - [2026-06-08T12:35:12.859+0000] {dag.py:3096} INFO - Sync 1 DAGs
[2026-06-08T12:35:12.884+0000] {logging_mixin.py:188} INFO - [2026-06-08T12:35:12.883+0000] {dag.py:3954} INFO - Setting next_dagrun for example_branch_dop_operator_v3 to 2026-06-08 12:34:00+00:00, run_after=2026-06-08 12:35:00+00:00
[2026-06-08T12:35:12.906+0000] {processor.py:183} INFO - Processing /home/airflow/.local/lib/python3.12/site-packages/airflow/example_dags/example_branch_python_dop_operator_3.py took 0.078 seconds
[2026-06-08T12:35:43.385+0000] {processor.py:161} INFO - Started process (PID=2213) to work on /home/airflow/.local/lib/python3.12/site-packages/airflow/example_dags/example_branch_python_dop_operator_3.py
[2026-06-08T12:35:43.386+0000] {processor.py:830} INFO - Processing file /home/airflow/.local/lib/python3.12/site-packages/airflow/example_dags/example_branch_python_dop_operator_3.py for tasks to queue
[2026-06-08T12:35:43.387+0000] {logging_mixin.py:188} INFO - [2026-06-08T12:35:43.386+0000] {dagbag.py:545} INFO - Filling up the DagBag from /home/airflow/.local/lib/python3.12/site-packages/airflow/example_dags/example_branch_python_dop_operator_3.py
[2026-06-08T12:35:43.392+0000] {processor.py:840} INFO - DAG(s) 'example_branch_dop_operator_v3' retrieved from /home/airflow/.local/lib/python3.12/site-packages/airflow/example_dags/example_branch_python_dop_operator_3.py
[2026-06-08T12:35:43.409+0000] {logging_mixin.py:188} INFO - [2026-06-08T12:35:43.409+0000] {dag.py:3096} INFO - Sync 1 DAGs
[2026-06-08T12:35:43.429+0000] {logging_mixin.py:188} INFO - [2026-06-08T12:35:43.429+0000] {dag.py:3954} INFO - Setting next_dagrun for example_branch_dop_operator_v3 to 2026-06-08 12:34:00+00:00, run_after=2026-06-08 12:35:00+00:00
[2026-06-08T12:35:43.440+0000] {processor.py:183} INFO - Processing /home/airflow/.local/lib/python3.12/site-packages/airflow/example_dags/example_branch_python_dop_operator_3.py took 0.062 seconds
[2026-06-08T12:36:13.893+0000] {processor.py:161} INFO - Started process (PID=2272) to work on /home/airflow/.local/lib/python3.12/site-packages/airflow/example_dags/example_branch_python_dop_operator_3.py
[2026-06-08T12:36:13.894+0000] {processor.py:830} INFO - Processing file /home/airflow/.local/lib/python3.12/site-packages/airflow/example_dags/example_branch_python_dop_operator_3.py for tasks to queue
[2026-06-08T12:36:13.895+0000] {logging_mixin.py:188} INFO - [2026-06-08T12:36:13.895+0000] {dagbag.py:545} INFO - Filling up the DagBag from /home/airflow/.local/lib/python3.12/site-packages/airflow/example_dags/example_branch_python_dop_operator_3.py
[2026-06-08T12:36:13.901+0000] {processor.py:840} INFO - DAG(s) 'example_branch_dop_operator_v3' retrieved from /home/airflow/.local/lib/python3.12/site-packages/airflow/example_dags/example_branch_python_dop_operator_3.py
[2026-06-08T12:36:13.922+0000] {logging_mixin.py:188} INFO - [2026-06-08T12:36:13.922+0000] {dag.py:3096} INFO - Sync 1 DAGs
[2026-06-08T12:36:13.941+0000] {logging_mixin.py:188} INFO - [2026-06-08T12:36:13.941+0000] {dag.py:3954} INFO - Setting next_dagrun for example_branch_dop_operator_v3 to 2026-06-08 12:35:00+00:00, run_after=2026-06-08 12:36:00+00:00
[2026-06-08T12:36:13.954+0000] {processor.py:183} INFO - Processing /home/airflow/.local/lib/python3.12/site-packages/airflow/example_dags/example_branch_python_dop_operator_3.py took 0.065 seconds
[2026-06-08T12:36:44.577+0000] {processor.py:161} INFO - Started process (PID=2331) to work on /home/airflow/.local/lib/python3.12/site-packages/airflow/example_dags/example_branch_python_dop_operator_3.py
[2026-06-08T12:36:44.578+0000] {processor.py:830} INFO - Processing file /home/airflow/.local/lib/python3.12/site-packages/airflow/example_dags/example_branch_python_dop_operator_3.py for tasks to queue
[2026-06-08T12:36:44.581+0000] {logging_mixin.py:188} INFO - [2026-06-08T12:36:44.580+0000] {dagbag.py:545} INFO - Filling up the DagBag from /home/airflow/.local/lib/python3.12/site-packages/airflow/example_dags/example_branch_python_dop_operator_3.py
[2026-06-08T12:36:44.588+0000] {processor.py:840} INFO - DAG(s) 'example_branch_dop_operator_v3' retrieved from /home/airflow/.local/lib/python3.12/site-packages/airflow/example_dags/example_branch_python_dop_operator_3.py
[2026-06-08T12:36:44.607+0000] {logging_mixin.py:188} INFO - [2026-06-08T12:36:44.607+0000] {dag.py:3096} INFO - Sync 1 DAGs
[2026-06-08T12:36:44.630+0000] {logging_mixin.py:188} INFO - [2026-06-08T12:36:44.630+0000] {dag.py:3954} INFO - Setting next_dagrun for example_branch_dop_operator_v3 to 2026-06-08 12:35:00+00:00, run_after=2026-06-08 12:36:00+00:00
[2026-06-08T12:36:44.641+0000] {processor.py:183} INFO - Processing /home/airflow/.local/lib/python3.12/site-packages/airflow/example_dags/example_branch_python_dop_operator_3.py took 0.073 seconds
[2026-06-08T12:37:14.799+0000] {processor.py:161} INFO - Started process (PID=2390) to work on /home/airflow/.local/lib/python3.12/site-packages/airflow/example_dags/example_branch_python_dop_operator_3.py
[2026-06-08T12:37:14.800+0000] {processor.py:830} INFO - Processing file /home/airflow/.local/lib/python3.12/site-packages/airflow/example_dags/example_branch_python_dop_operator_3.py for tasks to queue
[2026-06-08T12:37:14.801+0000] {logging_mixin.py:188} INFO - [2026-06-08T12:37:14.801+0000] {dagbag.py:545} INFO - Filling up the DagBag from /home/airflow/.local/lib/python3.12/site-packages/airflow/example_dags/example_branch_python_dop_operator_3.py
[2026-06-08T12:37:14.809+0000] {processor.py:840} INFO - DAG(s) 'example_branch_dop_operator_v3' retrieved from /home/airflow/.local/lib/python3.12/site-packages/airflow/example_dags/example_branch_python_dop_operator_3.py
[2026-06-08T12:37:14.835+0000] {logging_mixin.py:188} INFO - [2026-06-08T12:37:14.835+0000] {dag.py:3096} INFO - Sync 1 DAGs
[2026-06-08T12:37:14.857+0000] {logging_mixin.py:188} INFO - [2026-06-08T12:37:14.856+0000] {dag.py:3954} INFO - Setting next_dagrun for example_branch_dop_operator_v3 to 2026-06-08 12:36:00+00:00, run_after=2026-06-08 12:37:00+00:00
[2026-06-08T12:37:14.877+0000] {processor.py:183} INFO - Processing /home/airflow/.local/lib/python3.12/site-packages/airflow/example_dags/example_branch_python_dop_operator_3.py took 0.085 seconds
[2026-06-08T12:37:45.146+0000] {processor.py:161} INFO - Started process (PID=2449) to work on /home/airflow/.local/lib/python3.12/site-packages/airflow/example_dags/example_branch_python_dop_operator_3.py
[2026-06-08T12:37:45.146+0000] {processor.py:830} INFO - Processing file /home/airflow/.local/lib/python3.12/site-packages/airflow/example_dags/example_branch_python_dop_operator_3.py for tasks to queue
[2026-06-08T12:37:45.147+0000] {logging_mixin.py:188} INFO - [2026-06-08T12:37:45.147+0000] {dagbag.py:545} INFO - Filling up the DagBag from /home/airflow/.local/lib/python3.12/site-packages/airflow/example_dags/example_branch_python_dop_operator_3.py
[2026-06-08T12:37:45.153+0000] {processor.py:840} INFO - DAG(s) 'example_branch_dop_operator_v3' retrieved from /home/airflow/.local/lib/python3.12/site-packages/airflow/example_dags/example_branch_python_dop_operator_3.py
[2026-06-08T12:37:45.167+0000] {logging_mixin.py:188} INFO - [2026-06-08T12:37:45.167+0000] {dag.py:3096} INFO - Sync 1 DAGs
[2026-06-08T12:37:45.182+0000] {logging_mixin.py:188} INFO - [2026-06-08T12:37:45.182+0000] {dag.py:3954} INFO - Setting next_dagrun for example_branch_dop_operator_v3 to 2026-06-08 12:36:00+00:00, run_after=2026-06-08 12:37:00+00:00
[2026-06-08T12:37:45.194+0000] {processor.py:183} INFO - Processing /home/airflow/.local/lib/python3.12/site-packages/airflow/example_dags/example_branch_python_dop_operator_3.py took 0.052 seconds
