[2026-06-08T12:17:52.265+0000] {processor.py:161} INFO - Started process (PID=87) to work on /home/airflow/.local/lib/python3.12/site-packages/airflow/example_dags/example_setup_teardown.py
[2026-06-08T12:17:52.265+0000] {processor.py:830} INFO - Processing file /home/airflow/.local/lib/python3.12/site-packages/airflow/example_dags/example_setup_teardown.py for tasks to queue
[2026-06-08T12:17:52.267+0000] {logging_mixin.py:188} INFO - [2026-06-08T12:17:52.266+0000] {dagbag.py:545} INFO - Filling up the DagBag from /home/airflow/.local/lib/python3.12/site-packages/airflow/example_dags/example_setup_teardown.py
[2026-06-08T12:17:52.273+0000] {processor.py:840} INFO - DAG(s) 'example_setup_teardown' retrieved from /home/airflow/.local/lib/python3.12/site-packages/airflow/example_dags/example_setup_teardown.py
[2026-06-08T12:17:52.284+0000] {logging_mixin.py:188} INFO - [2026-06-08T12:17:52.283+0000] {dag.py:3096} INFO - Sync 1 DAGs
[2026-06-08T12:17:52.309+0000] {logging_mixin.py:188} INFO - [2026-06-08T12:17:52.309+0000] {dag.py:3954} INFO - Setting next_dagrun for example_setup_teardown to 2026-06-07 00:00:00+00:00, run_after=2026-06-08 00:00:00+00:00
[2026-06-08T12:17:52.330+0000] {processor.py:183} INFO - Processing /home/airflow/.local/lib/python3.12/site-packages/airflow/example_dags/example_setup_teardown.py took 0.069 seconds
[2026-06-08T12:18:23.550+0000] {processor.py:161} INFO - Started process (PID=145) to work on /home/airflow/.local/lib/python3.12/site-packages/airflow/example_dags/example_setup_teardown.py
[2026-06-08T12:18:23.551+0000] {processor.py:830} INFO - Processing file /home/airflow/.local/lib/python3.12/site-packages/airflow/example_dags/example_setup_teardown.py for tasks to queue
[2026-06-08T12:18:23.552+0000] {logging_mixin.py:188} INFO - [2026-06-08T12:18:23.551+0000] {dagbag.py:545} INFO - Filling up the DagBag from /home/airflow/.local/lib/python3.12/site-packages/airflow/example_dags/example_setup_teardown.py
[2026-06-08T12:18:23.556+0000] {processor.py:840} INFO - DAG(s) 'example_setup_teardown' retrieved from /home/airflow/.local/lib/python3.12/site-packages/airflow/example_dags/example_setup_teardown.py
[2026-06-08T12:18:23.657+0000] {logging_mixin.py:188} INFO - [2026-06-08T12:18:23.657+0000] {dag.py:3096} INFO - Sync 1 DAGs
[2026-06-08T12:18:23.673+0000] {logging_mixin.py:188} INFO - [2026-06-08T12:18:23.672+0000] {dag.py:3954} INFO - Setting next_dagrun for example_setup_teardown to 2026-06-07 00:00:00+00:00, run_after=2026-06-08 00:00:00+00:00
[2026-06-08T12:18:23.693+0000] {processor.py:183} INFO - Processing /home/airflow/.local/lib/python3.12/site-packages/airflow/example_dags/example_setup_teardown.py took 0.147 seconds
[2026-06-08T12:18:54.396+0000] {processor.py:161} INFO - Started process (PID=203) to work on /home/airflow/.local/lib/python3.12/site-packages/airflow/example_dags/example_setup_teardown.py
[2026-06-08T12:18:54.397+0000] {processor.py:830} INFO - Processing file /home/airflow/.local/lib/python3.12/site-packages/airflow/example_dags/example_setup_teardown.py for tasks to queue
[2026-06-08T12:18:54.398+0000] {logging_mixin.py:188} INFO - [2026-06-08T12:18:54.398+0000] {dagbag.py:545} INFO - Filling up the DagBag from /home/airflow/.local/lib/python3.12/site-packages/airflow/example_dags/example_setup_teardown.py
[2026-06-08T12:18:54.402+0000] {processor.py:840} INFO - DAG(s) 'example_setup_teardown' retrieved from /home/airflow/.local/lib/python3.12/site-packages/airflow/example_dags/example_setup_teardown.py
[2026-06-08T12:18:54.419+0000] {logging_mixin.py:188} INFO - [2026-06-08T12:18:54.419+0000] {dag.py:3096} INFO - Sync 1 DAGs
[2026-06-08T12:18:54.436+0000] {logging_mixin.py:188} INFO - [2026-06-08T12:18:54.436+0000] {dag.py:3954} INFO - Setting next_dagrun for example_setup_teardown to 2026-06-07 00:00:00+00:00, run_after=2026-06-08 00:00:00+00:00
[2026-06-08T12:18:54.450+0000] {processor.py:183} INFO - Processing /home/airflow/.local/lib/python3.12/site-packages/airflow/example_dags/example_setup_teardown.py took 0.059 seconds
[2026-06-08T12:19:24.909+0000] {processor.py:161} INFO - Started process (PID=261) to work on /home/airflow/.local/lib/python3.12/site-packages/airflow/example_dags/example_setup_teardown.py
[2026-06-08T12:19:24.909+0000] {processor.py:830} INFO - Processing file /home/airflow/.local/lib/python3.12/site-packages/airflow/example_dags/example_setup_teardown.py for tasks to queue
[2026-06-08T12:19:24.910+0000] {logging_mixin.py:188} INFO - [2026-06-08T12:19:24.910+0000] {dagbag.py:545} INFO - Filling up the DagBag from /home/airflow/.local/lib/python3.12/site-packages/airflow/example_dags/example_setup_teardown.py
[2026-06-08T12:19:24.914+0000] {processor.py:840} INFO - DAG(s) 'example_setup_teardown' retrieved from /home/airflow/.local/lib/python3.12/site-packages/airflow/example_dags/example_setup_teardown.py
[2026-06-08T12:19:24.930+0000] {logging_mixin.py:188} INFO - [2026-06-08T12:19:24.930+0000] {dag.py:3096} INFO - Sync 1 DAGs
[2026-06-08T12:19:24.955+0000] {logging_mixin.py:188} INFO - [2026-06-08T12:19:24.954+0000] {dag.py:3954} INFO - Setting next_dagrun for example_setup_teardown to 2026-06-07 00:00:00+00:00, run_after=2026-06-08 00:00:00+00:00
[2026-06-08T12:19:24.976+0000] {processor.py:183} INFO - Processing /home/airflow/.local/lib/python3.12/site-packages/airflow/example_dags/example_setup_teardown.py took 0.072 seconds
[2026-06-08T12:19:55.221+0000] {processor.py:161} INFO - Started process (PID=319) to work on /home/airflow/.local/lib/python3.12/site-packages/airflow/example_dags/example_setup_teardown.py
[2026-06-08T12:19:55.222+0000] {processor.py:830} INFO - Processing file /home/airflow/.local/lib/python3.12/site-packages/airflow/example_dags/example_setup_teardown.py for tasks to queue
[2026-06-08T12:19:55.223+0000] {logging_mixin.py:188} INFO - [2026-06-08T12:19:55.223+0000] {dagbag.py:545} INFO - Filling up the DagBag from /home/airflow/.local/lib/python3.12/site-packages/airflow/example_dags/example_setup_teardown.py
[2026-06-08T12:19:55.227+0000] {processor.py:840} INFO - DAG(s) 'example_setup_teardown' retrieved from /home/airflow/.local/lib/python3.12/site-packages/airflow/example_dags/example_setup_teardown.py
[2026-06-08T12:19:55.246+0000] {logging_mixin.py:188} INFO - [2026-06-08T12:19:55.246+0000] {dag.py:3096} INFO - Sync 1 DAGs
[2026-06-08T12:19:55.265+0000] {logging_mixin.py:188} INFO - [2026-06-08T12:19:55.265+0000] {dag.py:3954} INFO - Setting next_dagrun for example_setup_teardown to 2026-06-07 00:00:00+00:00, run_after=2026-06-08 00:00:00+00:00
[2026-06-08T12:19:55.278+0000] {processor.py:183} INFO - Processing /home/airflow/.local/lib/python3.12/site-packages/airflow/example_dags/example_setup_teardown.py took 0.060 seconds
[2026-06-08T12:20:25.841+0000] {processor.py:161} INFO - Started process (PID=377) to work on /home/airflow/.local/lib/python3.12/site-packages/airflow/example_dags/example_setup_teardown.py
[2026-06-08T12:20:25.841+0000] {processor.py:830} INFO - Processing file /home/airflow/.local/lib/python3.12/site-packages/airflow/example_dags/example_setup_teardown.py for tasks to queue
[2026-06-08T12:20:25.843+0000] {logging_mixin.py:188} INFO - [2026-06-08T12:20:25.842+0000] {dagbag.py:545} INFO - Filling up the DagBag from /home/airflow/.local/lib/python3.12/site-packages/airflow/example_dags/example_setup_teardown.py
[2026-06-08T12:20:25.848+0000] {processor.py:840} INFO - DAG(s) 'example_setup_teardown' retrieved from /home/airflow/.local/lib/python3.12/site-packages/airflow/example_dags/example_setup_teardown.py
[2026-06-08T12:20:25.869+0000] {logging_mixin.py:188} INFO - [2026-06-08T12:20:25.868+0000] {dag.py:3096} INFO - Sync 1 DAGs
[2026-06-08T12:20:25.883+0000] {logging_mixin.py:188} INFO - [2026-06-08T12:20:25.883+0000] {dag.py:3954} INFO - Setting next_dagrun for example_setup_teardown to 2026-06-07 00:00:00+00:00, run_after=2026-06-08 00:00:00+00:00
[2026-06-08T12:20:25.896+0000] {processor.py:183} INFO - Processing /home/airflow/.local/lib/python3.12/site-packages/airflow/example_dags/example_setup_teardown.py took 0.060 seconds
[2026-06-08T12:20:56.307+0000] {processor.py:161} INFO - Started process (PID=435) to work on /home/airflow/.local/lib/python3.12/site-packages/airflow/example_dags/example_setup_teardown.py
[2026-06-08T12:20:56.308+0000] {processor.py:830} INFO - Processing file /home/airflow/.local/lib/python3.12/site-packages/airflow/example_dags/example_setup_teardown.py for tasks to queue
[2026-06-08T12:20:56.311+0000] {logging_mixin.py:188} INFO - [2026-06-08T12:20:56.310+0000] {dagbag.py:545} INFO - Filling up the DagBag from /home/airflow/.local/lib/python3.12/site-packages/airflow/example_dags/example_setup_teardown.py
[2026-06-08T12:20:56.318+0000] {processor.py:840} INFO - DAG(s) 'example_setup_teardown' retrieved from /home/airflow/.local/lib/python3.12/site-packages/airflow/example_dags/example_setup_teardown.py
[2026-06-08T12:20:56.335+0000] {logging_mixin.py:188} INFO - [2026-06-08T12:20:56.335+0000] {dag.py:3096} INFO - Sync 1 DAGs
[2026-06-08T12:20:56.349+0000] {logging_mixin.py:188} INFO - [2026-06-08T12:20:56.349+0000] {dag.py:3954} INFO - Setting next_dagrun for example_setup_teardown to 2026-06-07 00:00:00+00:00, run_after=2026-06-08 00:00:00+00:00
[2026-06-08T12:20:56.362+0000] {processor.py:183} INFO - Processing /home/airflow/.local/lib/python3.12/site-packages/airflow/example_dags/example_setup_teardown.py took 0.061 seconds
[2026-06-08T12:21:26.489+0000] {processor.py:161} INFO - Started process (PID=493) to work on /home/airflow/.local/lib/python3.12/site-packages/airflow/example_dags/example_setup_teardown.py
[2026-06-08T12:21:26.490+0000] {processor.py:830} INFO - Processing file /home/airflow/.local/lib/python3.12/site-packages/airflow/example_dags/example_setup_teardown.py for tasks to queue
[2026-06-08T12:21:26.492+0000] {logging_mixin.py:188} INFO - [2026-06-08T12:21:26.491+0000] {dagbag.py:545} INFO - Filling up the DagBag from /home/airflow/.local/lib/python3.12/site-packages/airflow/example_dags/example_setup_teardown.py
[2026-06-08T12:21:26.498+0000] {processor.py:840} INFO - DAG(s) 'example_setup_teardown' retrieved from /home/airflow/.local/lib/python3.12/site-packages/airflow/example_dags/example_setup_teardown.py
[2026-06-08T12:21:26.515+0000] {logging_mixin.py:188} INFO - [2026-06-08T12:21:26.514+0000] {dag.py:3096} INFO - Sync 1 DAGs
[2026-06-08T12:21:26.528+0000] {logging_mixin.py:188} INFO - [2026-06-08T12:21:26.528+0000] {dag.py:3954} INFO - Setting next_dagrun for example_setup_teardown to 2026-06-07 00:00:00+00:00, run_after=2026-06-08 00:00:00+00:00
[2026-06-08T12:21:26.540+0000] {processor.py:183} INFO - Processing /home/airflow/.local/lib/python3.12/site-packages/airflow/example_dags/example_setup_teardown.py took 0.059 seconds
[2026-06-08T12:21:57.225+0000] {processor.py:161} INFO - Started process (PID=573) to work on /home/airflow/.local/lib/python3.12/site-packages/airflow/example_dags/example_setup_teardown.py
[2026-06-08T12:21:57.226+0000] {processor.py:830} INFO - Processing file /home/airflow/.local/lib/python3.12/site-packages/airflow/example_dags/example_setup_teardown.py for tasks to queue
[2026-06-08T12:21:57.227+0000] {logging_mixin.py:188} INFO - [2026-06-08T12:21:57.227+0000] {dagbag.py:545} INFO - Filling up the DagBag from /home/airflow/.local/lib/python3.12/site-packages/airflow/example_dags/example_setup_teardown.py
[2026-06-08T12:21:57.234+0000] {processor.py:840} INFO - DAG(s) 'example_setup_teardown' retrieved from /home/airflow/.local/lib/python3.12/site-packages/airflow/example_dags/example_setup_teardown.py
[2026-06-08T12:21:57.257+0000] {logging_mixin.py:188} INFO - [2026-06-08T12:21:57.257+0000] {dag.py:3096} INFO - Sync 1 DAGs
[2026-06-08T12:21:57.281+0000] {logging_mixin.py:188} INFO - [2026-06-08T12:21:57.281+0000] {dag.py:3954} INFO - Setting next_dagrun for example_setup_teardown to 2026-06-07 00:00:00+00:00, run_after=2026-06-08 00:00:00+00:00
[2026-06-08T12:21:57.300+0000] {processor.py:183} INFO - Processing /home/airflow/.local/lib/python3.12/site-packages/airflow/example_dags/example_setup_teardown.py took 0.081 seconds
[2026-06-08T12:22:27.568+0000] {processor.py:161} INFO - Started process (PID=631) to work on /home/airflow/.local/lib/python3.12/site-packages/airflow/example_dags/example_setup_teardown.py
[2026-06-08T12:22:27.569+0000] {processor.py:830} INFO - Processing file /home/airflow/.local/lib/python3.12/site-packages/airflow/example_dags/example_setup_teardown.py for tasks to queue
[2026-06-08T12:22:27.571+0000] {logging_mixin.py:188} INFO - [2026-06-08T12:22:27.570+0000] {dagbag.py:545} INFO - Filling up the DagBag from /home/airflow/.local/lib/python3.12/site-packages/airflow/example_dags/example_setup_teardown.py
[2026-06-08T12:22:27.578+0000] {processor.py:840} INFO - DAG(s) 'example_setup_teardown' retrieved from /home/airflow/.local/lib/python3.12/site-packages/airflow/example_dags/example_setup_teardown.py
[2026-06-08T12:22:27.606+0000] {logging_mixin.py:188} INFO - [2026-06-08T12:22:27.606+0000] {dag.py:3096} INFO - Sync 1 DAGs
[2026-06-08T12:22:27.626+0000] {logging_mixin.py:188} INFO - [2026-06-08T12:22:27.626+0000] {dag.py:3954} INFO - Setting next_dagrun for example_setup_teardown to 2026-06-07 00:00:00+00:00, run_after=2026-06-08 00:00:00+00:00
[2026-06-08T12:22:27.660+0000] {processor.py:183} INFO - Processing /home/airflow/.local/lib/python3.12/site-packages/airflow/example_dags/example_setup_teardown.py took 0.099 seconds
[2026-06-08T12:22:57.983+0000] {processor.py:161} INFO - Started process (PID=712) to work on /home/airflow/.local/lib/python3.12/site-packages/airflow/example_dags/example_setup_teardown.py
[2026-06-08T12:22:57.983+0000] {processor.py:830} INFO - Processing file /home/airflow/.local/lib/python3.12/site-packages/airflow/example_dags/example_setup_teardown.py for tasks to queue
[2026-06-08T12:22:57.985+0000] {logging_mixin.py:188} INFO - [2026-06-08T12:22:57.985+0000] {dagbag.py:545} INFO - Filling up the DagBag from /home/airflow/.local/lib/python3.12/site-packages/airflow/example_dags/example_setup_teardown.py
[2026-06-08T12:22:57.991+0000] {processor.py:840} INFO - DAG(s) 'example_setup_teardown' retrieved from /home/airflow/.local/lib/python3.12/site-packages/airflow/example_dags/example_setup_teardown.py
[2026-06-08T12:22:58.006+0000] {logging_mixin.py:188} INFO - [2026-06-08T12:22:58.005+0000] {dag.py:3096} INFO - Sync 1 DAGs
[2026-06-08T12:22:58.032+0000] {logging_mixin.py:188} INFO - [2026-06-08T12:22:58.031+0000] {dag.py:3954} INFO - Setting next_dagrun for example_setup_teardown to 2026-06-07 00:00:00+00:00, run_after=2026-06-08 00:00:00+00:00
[2026-06-08T12:22:58.047+0000] {processor.py:183} INFO - Processing /home/airflow/.local/lib/python3.12/site-packages/airflow/example_dags/example_setup_teardown.py took 0.071 seconds
[2026-06-08T12:23:29.205+0000] {processor.py:161} INFO - Started process (PID=792) to work on /home/airflow/.local/lib/python3.12/site-packages/airflow/example_dags/example_setup_teardown.py
[2026-06-08T12:23:29.206+0000] {processor.py:830} INFO - Processing file /home/airflow/.local/lib/python3.12/site-packages/airflow/example_dags/example_setup_teardown.py for tasks to queue
[2026-06-08T12:23:29.207+0000] {logging_mixin.py:188} INFO - [2026-06-08T12:23:29.207+0000] {dagbag.py:545} INFO - Filling up the DagBag from /home/airflow/.local/lib/python3.12/site-packages/airflow/example_dags/example_setup_teardown.py
[2026-06-08T12:23:29.211+0000] {processor.py:840} INFO - DAG(s) 'example_setup_teardown' retrieved from /home/airflow/.local/lib/python3.12/site-packages/airflow/example_dags/example_setup_teardown.py
[2026-06-08T12:23:29.277+0000] {logging_mixin.py:188} INFO - [2026-06-08T12:23:29.277+0000] {dag.py:3096} INFO - Sync 1 DAGs
[2026-06-08T12:23:29.291+0000] {logging_mixin.py:188} INFO - [2026-06-08T12:23:29.291+0000] {dag.py:3954} INFO - Setting next_dagrun for example_setup_teardown to 2026-06-07 00:00:00+00:00, run_after=2026-06-08 00:00:00+00:00
[2026-06-08T12:23:29.304+0000] {processor.py:183} INFO - Processing /home/airflow/.local/lib/python3.12/site-packages/airflow/example_dags/example_setup_teardown.py took 0.105 seconds
[2026-06-08T12:23:59.537+0000] {processor.py:161} INFO - Started process (PID=851) to work on /home/airflow/.local/lib/python3.12/site-packages/airflow/example_dags/example_setup_teardown.py
[2026-06-08T12:23:59.537+0000] {processor.py:830} INFO - Processing file /home/airflow/.local/lib/python3.12/site-packages/airflow/example_dags/example_setup_teardown.py for tasks to queue
[2026-06-08T12:23:59.538+0000] {logging_mixin.py:188} INFO - [2026-06-08T12:23:59.538+0000] {dagbag.py:545} INFO - Filling up the DagBag from /home/airflow/.local/lib/python3.12/site-packages/airflow/example_dags/example_setup_teardown.py
[2026-06-08T12:23:59.542+0000] {processor.py:840} INFO - DAG(s) 'example_setup_teardown' retrieved from /home/airflow/.local/lib/python3.12/site-packages/airflow/example_dags/example_setup_teardown.py
[2026-06-08T12:23:59.556+0000] {logging_mixin.py:188} INFO - [2026-06-08T12:23:59.556+0000] {dag.py:3096} INFO - Sync 1 DAGs
[2026-06-08T12:23:59.576+0000] {logging_mixin.py:188} INFO - [2026-06-08T12:23:59.576+0000] {dag.py:3954} INFO - Setting next_dagrun for example_setup_teardown to 2026-06-07 00:00:00+00:00, run_after=2026-06-08 00:00:00+00:00
[2026-06-08T12:23:59.594+0000] {processor.py:183} INFO - Processing /home/airflow/.local/lib/python3.12/site-packages/airflow/example_dags/example_setup_teardown.py took 0.061 seconds
[2026-06-08T12:24:30.305+0000] {processor.py:161} INFO - Started process (PID=910) to work on /home/airflow/.local/lib/python3.12/site-packages/airflow/example_dags/example_setup_teardown.py
[2026-06-08T12:24:30.306+0000] {processor.py:830} INFO - Processing file /home/airflow/.local/lib/python3.12/site-packages/airflow/example_dags/example_setup_teardown.py for tasks to queue
[2026-06-08T12:24:30.308+0000] {logging_mixin.py:188} INFO - [2026-06-08T12:24:30.307+0000] {dagbag.py:545} INFO - Filling up the DagBag from /home/airflow/.local/lib/python3.12/site-packages/airflow/example_dags/example_setup_teardown.py
[2026-06-08T12:24:30.315+0000] {processor.py:840} INFO - DAG(s) 'example_setup_teardown' retrieved from /home/airflow/.local/lib/python3.12/site-packages/airflow/example_dags/example_setup_teardown.py
[2026-06-08T12:24:30.343+0000] {logging_mixin.py:188} INFO - [2026-06-08T12:24:30.343+0000] {dag.py:3096} INFO - Sync 1 DAGs
[2026-06-08T12:24:30.371+0000] {logging_mixin.py:188} INFO - [2026-06-08T12:24:30.370+0000] {dag.py:3954} INFO - Setting next_dagrun for example_setup_teardown to 2026-06-07 00:00:00+00:00, run_after=2026-06-08 00:00:00+00:00
[2026-06-08T12:24:30.389+0000] {processor.py:183} INFO - Processing /home/airflow/.local/lib/python3.12/site-packages/airflow/example_dags/example_setup_teardown.py took 0.089 seconds
[2026-06-08T12:25:00.851+0000] {processor.py:161} INFO - Started process (PID=969) to work on /home/airflow/.local/lib/python3.12/site-packages/airflow/example_dags/example_setup_teardown.py
[2026-06-08T12:25:00.852+0000] {processor.py:830} INFO - Processing file /home/airflow/.local/lib/python3.12/site-packages/airflow/example_dags/example_setup_teardown.py for tasks to queue
[2026-06-08T12:25:00.854+0000] {logging_mixin.py:188} INFO - [2026-06-08T12:25:00.854+0000] {dagbag.py:545} INFO - Filling up the DagBag from /home/airflow/.local/lib/python3.12/site-packages/airflow/example_dags/example_setup_teardown.py
[2026-06-08T12:25:00.864+0000] {processor.py:840} INFO - DAG(s) 'example_setup_teardown' retrieved from /home/airflow/.local/lib/python3.12/site-packages/airflow/example_dags/example_setup_teardown.py
[2026-06-08T12:25:00.893+0000] {logging_mixin.py:188} INFO - [2026-06-08T12:25:00.892+0000] {dag.py:3096} INFO - Sync 1 DAGs
[2026-06-08T12:25:00.920+0000] {logging_mixin.py:188} INFO - [2026-06-08T12:25:00.920+0000] {dag.py:3954} INFO - Setting next_dagrun for example_setup_teardown to 2026-06-07 00:00:00+00:00, run_after=2026-06-08 00:00:00+00:00
[2026-06-08T12:25:00.948+0000] {processor.py:183} INFO - Processing /home/airflow/.local/lib/python3.12/site-packages/airflow/example_dags/example_setup_teardown.py took 0.111 seconds
[2026-06-08T12:25:31.222+0000] {processor.py:161} INFO - Started process (PID=1029) to work on /home/airflow/.local/lib/python3.12/site-packages/airflow/example_dags/example_setup_teardown.py
[2026-06-08T12:25:31.223+0000] {processor.py:830} INFO - Processing file /home/airflow/.local/lib/python3.12/site-packages/airflow/example_dags/example_setup_teardown.py for tasks to queue
[2026-06-08T12:25:31.224+0000] {logging_mixin.py:188} INFO - [2026-06-08T12:25:31.223+0000] {dagbag.py:545} INFO - Filling up the DagBag from /home/airflow/.local/lib/python3.12/site-packages/airflow/example_dags/example_setup_teardown.py
[2026-06-08T12:25:31.228+0000] {processor.py:840} INFO - DAG(s) 'example_setup_teardown' retrieved from /home/airflow/.local/lib/python3.12/site-packages/airflow/example_dags/example_setup_teardown.py
[2026-06-08T12:25:31.247+0000] {logging_mixin.py:188} INFO - [2026-06-08T12:25:31.246+0000] {dag.py:3096} INFO - Sync 1 DAGs
[2026-06-08T12:25:31.268+0000] {logging_mixin.py:188} INFO - [2026-06-08T12:25:31.268+0000] {dag.py:3954} INFO - Setting next_dagrun for example_setup_teardown to 2026-06-07 00:00:00+00:00, run_after=2026-06-08 00:00:00+00:00
[2026-06-08T12:25:31.281+0000] {processor.py:183} INFO - Processing /home/airflow/.local/lib/python3.12/site-packages/airflow/example_dags/example_setup_teardown.py took 0.064 seconds
[2026-06-08T12:26:01.593+0000] {processor.py:161} INFO - Started process (PID=1088) to work on /home/airflow/.local/lib/python3.12/site-packages/airflow/example_dags/example_setup_teardown.py
[2026-06-08T12:26:01.594+0000] {processor.py:830} INFO - Processing file /home/airflow/.local/lib/python3.12/site-packages/airflow/example_dags/example_setup_teardown.py for tasks to queue
[2026-06-08T12:26:01.595+0000] {logging_mixin.py:188} INFO - [2026-06-08T12:26:01.594+0000] {dagbag.py:545} INFO - Filling up the DagBag from /home/airflow/.local/lib/python3.12/site-packages/airflow/example_dags/example_setup_teardown.py
[2026-06-08T12:26:01.598+0000] {processor.py:840} INFO - DAG(s) 'example_setup_teardown' retrieved from /home/airflow/.local/lib/python3.12/site-packages/airflow/example_dags/example_setup_teardown.py
[2026-06-08T12:26:01.614+0000] {logging_mixin.py:188} INFO - [2026-06-08T12:26:01.613+0000] {dag.py:3096} INFO - Sync 1 DAGs
[2026-06-08T12:26:01.628+0000] {logging_mixin.py:188} INFO - [2026-06-08T12:26:01.628+0000] {dag.py:3954} INFO - Setting next_dagrun for example_setup_teardown to 2026-06-07 00:00:00+00:00, run_after=2026-06-08 00:00:00+00:00
[2026-06-08T12:26:01.642+0000] {processor.py:183} INFO - Processing /home/airflow/.local/lib/python3.12/site-packages/airflow/example_dags/example_setup_teardown.py took 0.054 seconds
[2026-06-08T12:26:32.171+0000] {processor.py:161} INFO - Started process (PID=1147) to work on /home/airflow/.local/lib/python3.12/site-packages/airflow/example_dags/example_setup_teardown.py
[2026-06-08T12:26:32.171+0000] {processor.py:830} INFO - Processing file /home/airflow/.local/lib/python3.12/site-packages/airflow/example_dags/example_setup_teardown.py for tasks to queue
[2026-06-08T12:26:32.172+0000] {logging_mixin.py:188} INFO - [2026-06-08T12:26:32.172+0000] {dagbag.py:545} INFO - Filling up the DagBag from /home/airflow/.local/lib/python3.12/site-packages/airflow/example_dags/example_setup_teardown.py
[2026-06-08T12:26:32.176+0000] {processor.py:840} INFO - DAG(s) 'example_setup_teardown' retrieved from /home/airflow/.local/lib/python3.12/site-packages/airflow/example_dags/example_setup_teardown.py
[2026-06-08T12:26:32.195+0000] {logging_mixin.py:188} INFO - [2026-06-08T12:26:32.194+0000] {dag.py:3096} INFO - Sync 1 DAGs
[2026-06-08T12:26:32.212+0000] {logging_mixin.py:188} INFO - [2026-06-08T12:26:32.212+0000] {dag.py:3954} INFO - Setting next_dagrun for example_setup_teardown to 2026-06-07 00:00:00+00:00, run_after=2026-06-08 00:00:00+00:00
[2026-06-08T12:26:32.225+0000] {processor.py:183} INFO - Processing /home/airflow/.local/lib/python3.12/site-packages/airflow/example_dags/example_setup_teardown.py took 0.060 seconds
[2026-06-08T12:27:02.504+0000] {processor.py:161} INFO - Started process (PID=1206) to work on /home/airflow/.local/lib/python3.12/site-packages/airflow/example_dags/example_setup_teardown.py
[2026-06-08T12:27:02.504+0000] {processor.py:830} INFO - Processing file /home/airflow/.local/lib/python3.12/site-packages/airflow/example_dags/example_setup_teardown.py for tasks to queue
[2026-06-08T12:27:02.506+0000] {logging_mixin.py:188} INFO - [2026-06-08T12:27:02.505+0000] {dagbag.py:545} INFO - Filling up the DagBag from /home/airflow/.local/lib/python3.12/site-packages/airflow/example_dags/example_setup_teardown.py
[2026-06-08T12:27:02.510+0000] {processor.py:840} INFO - DAG(s) 'example_setup_teardown' retrieved from /home/airflow/.local/lib/python3.12/site-packages/airflow/example_dags/example_setup_teardown.py
[2026-06-08T12:27:02.523+0000] {logging_mixin.py:188} INFO - [2026-06-08T12:27:02.523+0000] {dag.py:3096} INFO - Sync 1 DAGs
[2026-06-08T12:27:02.537+0000] {logging_mixin.py:188} INFO - [2026-06-08T12:27:02.537+0000] {dag.py:3954} INFO - Setting next_dagrun for example_setup_teardown to 2026-06-07 00:00:00+00:00, run_after=2026-06-08 00:00:00+00:00
[2026-06-08T12:27:02.551+0000] {processor.py:183} INFO - Processing /home/airflow/.local/lib/python3.12/site-packages/airflow/example_dags/example_setup_teardown.py took 0.053 seconds
[2026-06-08T12:27:33.111+0000] {processor.py:161} INFO - Started process (PID=1265) to work on /home/airflow/.local/lib/python3.12/site-packages/airflow/example_dags/example_setup_teardown.py
[2026-06-08T12:27:33.113+0000] {processor.py:830} INFO - Processing file /home/airflow/.local/lib/python3.12/site-packages/airflow/example_dags/example_setup_teardown.py for tasks to queue
[2026-06-08T12:27:33.115+0000] {logging_mixin.py:188} INFO - [2026-06-08T12:27:33.114+0000] {dagbag.py:545} INFO - Filling up the DagBag from /home/airflow/.local/lib/python3.12/site-packages/airflow/example_dags/example_setup_teardown.py
[2026-06-08T12:27:33.122+0000] {processor.py:840} INFO - DAG(s) 'example_setup_teardown' retrieved from /home/airflow/.local/lib/python3.12/site-packages/airflow/example_dags/example_setup_teardown.py
[2026-06-08T12:27:33.139+0000] {logging_mixin.py:188} INFO - [2026-06-08T12:27:33.139+0000] {dag.py:3096} INFO - Sync 1 DAGs
[2026-06-08T12:27:33.157+0000] {logging_mixin.py:188} INFO - [2026-06-08T12:27:33.157+0000] {dag.py:3954} INFO - Setting next_dagrun for example_setup_teardown to 2026-06-07 00:00:00+00:00, run_after=2026-06-08 00:00:00+00:00
[2026-06-08T12:27:33.178+0000] {processor.py:183} INFO - Processing /home/airflow/.local/lib/python3.12/site-packages/airflow/example_dags/example_setup_teardown.py took 0.076 seconds
[2026-06-08T12:28:03.792+0000] {processor.py:161} INFO - Started process (PID=1324) to work on /home/airflow/.local/lib/python3.12/site-packages/airflow/example_dags/example_setup_teardown.py
[2026-06-08T12:28:03.793+0000] {processor.py:830} INFO - Processing file /home/airflow/.local/lib/python3.12/site-packages/airflow/example_dags/example_setup_teardown.py for tasks to queue
[2026-06-08T12:28:03.795+0000] {logging_mixin.py:188} INFO - [2026-06-08T12:28:03.795+0000] {dagbag.py:545} INFO - Filling up the DagBag from /home/airflow/.local/lib/python3.12/site-packages/airflow/example_dags/example_setup_teardown.py
[2026-06-08T12:28:03.800+0000] {processor.py:840} INFO - DAG(s) 'example_setup_teardown' retrieved from /home/airflow/.local/lib/python3.12/site-packages/airflow/example_dags/example_setup_teardown.py
[2026-06-08T12:28:03.817+0000] {logging_mixin.py:188} INFO - [2026-06-08T12:28:03.817+0000] {dag.py:3096} INFO - Sync 1 DAGs
[2026-06-08T12:28:03.835+0000] {logging_mixin.py:188} INFO - [2026-06-08T12:28:03.835+0000] {dag.py:3954} INFO - Setting next_dagrun for example_setup_teardown to 2026-06-07 00:00:00+00:00, run_after=2026-06-08 00:00:00+00:00
[2026-06-08T12:28:03.853+0000] {processor.py:183} INFO - Processing /home/airflow/.local/lib/python3.12/site-packages/airflow/example_dags/example_setup_teardown.py took 0.067 seconds
[2026-06-08T12:28:34.055+0000] {processor.py:161} INFO - Started process (PID=1383) to work on /home/airflow/.local/lib/python3.12/site-packages/airflow/example_dags/example_setup_teardown.py
[2026-06-08T12:28:34.055+0000] {processor.py:830} INFO - Processing file /home/airflow/.local/lib/python3.12/site-packages/airflow/example_dags/example_setup_teardown.py for tasks to queue
[2026-06-08T12:28:34.056+0000] {logging_mixin.py:188} INFO - [2026-06-08T12:28:34.056+0000] {dagbag.py:545} INFO - Filling up the DagBag from /home/airflow/.local/lib/python3.12/site-packages/airflow/example_dags/example_setup_teardown.py
[2026-06-08T12:28:34.062+0000] {processor.py:840} INFO - DAG(s) 'example_setup_teardown' retrieved from /home/airflow/.local/lib/python3.12/site-packages/airflow/example_dags/example_setup_teardown.py
[2026-06-08T12:28:34.091+0000] {logging_mixin.py:188} INFO - [2026-06-08T12:28:34.090+0000] {dag.py:3096} INFO - Sync 1 DAGs
[2026-06-08T12:28:34.120+0000] {logging_mixin.py:188} INFO - [2026-06-08T12:28:34.120+0000] {dag.py:3954} INFO - Setting next_dagrun for example_setup_teardown to 2026-06-07 00:00:00+00:00, run_after=2026-06-08 00:00:00+00:00
[2026-06-08T12:28:34.141+0000] {processor.py:183} INFO - Processing /home/airflow/.local/lib/python3.12/site-packages/airflow/example_dags/example_setup_teardown.py took 0.091 seconds
[2026-06-08T12:29:04.409+0000] {processor.py:161} INFO - Started process (PID=1442) to work on /home/airflow/.local/lib/python3.12/site-packages/airflow/example_dags/example_setup_teardown.py
[2026-06-08T12:29:04.410+0000] {processor.py:830} INFO - Processing file /home/airflow/.local/lib/python3.12/site-packages/airflow/example_dags/example_setup_teardown.py for tasks to queue
[2026-06-08T12:29:04.411+0000] {logging_mixin.py:188} INFO - [2026-06-08T12:29:04.410+0000] {dagbag.py:545} INFO - Filling up the DagBag from /home/airflow/.local/lib/python3.12/site-packages/airflow/example_dags/example_setup_teardown.py
[2026-06-08T12:29:04.415+0000] {processor.py:840} INFO - DAG(s) 'example_setup_teardown' retrieved from /home/airflow/.local/lib/python3.12/site-packages/airflow/example_dags/example_setup_teardown.py
[2026-06-08T12:29:04.431+0000] {logging_mixin.py:188} INFO - [2026-06-08T12:29:04.430+0000] {dag.py:3096} INFO - Sync 1 DAGs
[2026-06-08T12:29:04.445+0000] {logging_mixin.py:188} INFO - [2026-06-08T12:29:04.445+0000] {dag.py:3954} INFO - Setting next_dagrun for example_setup_teardown to 2026-06-07 00:00:00+00:00, run_after=2026-06-08 00:00:00+00:00
[2026-06-08T12:29:04.461+0000] {processor.py:183} INFO - Processing /home/airflow/.local/lib/python3.12/site-packages/airflow/example_dags/example_setup_teardown.py took 0.058 seconds
[2026-06-08T12:29:34.810+0000] {processor.py:161} INFO - Started process (PID=1501) to work on /home/airflow/.local/lib/python3.12/site-packages/airflow/example_dags/example_setup_teardown.py
[2026-06-08T12:29:34.810+0000] {processor.py:830} INFO - Processing file /home/airflow/.local/lib/python3.12/site-packages/airflow/example_dags/example_setup_teardown.py for tasks to queue
[2026-06-08T12:29:34.811+0000] {logging_mixin.py:188} INFO - [2026-06-08T12:29:34.811+0000] {dagbag.py:545} INFO - Filling up the DagBag from /home/airflow/.local/lib/python3.12/site-packages/airflow/example_dags/example_setup_teardown.py
[2026-06-08T12:29:34.818+0000] {processor.py:840} INFO - DAG(s) 'example_setup_teardown' retrieved from /home/airflow/.local/lib/python3.12/site-packages/airflow/example_dags/example_setup_teardown.py
[2026-06-08T12:29:34.834+0000] {logging_mixin.py:188} INFO - [2026-06-08T12:29:34.834+0000] {dag.py:3096} INFO - Sync 1 DAGs
[2026-06-08T12:29:34.848+0000] {logging_mixin.py:188} INFO - [2026-06-08T12:29:34.848+0000] {dag.py:3954} INFO - Setting next_dagrun for example_setup_teardown to 2026-06-07 00:00:00+00:00, run_after=2026-06-08 00:00:00+00:00
[2026-06-08T12:29:34.862+0000] {processor.py:183} INFO - Processing /home/airflow/.local/lib/python3.12/site-packages/airflow/example_dags/example_setup_teardown.py took 0.058 seconds
[2026-06-08T12:30:05.612+0000] {processor.py:161} INFO - Started process (PID=1561) to work on /home/airflow/.local/lib/python3.12/site-packages/airflow/example_dags/example_setup_teardown.py
[2026-06-08T12:30:05.614+0000] {processor.py:830} INFO - Processing file /home/airflow/.local/lib/python3.12/site-packages/airflow/example_dags/example_setup_teardown.py for tasks to queue
[2026-06-08T12:30:05.615+0000] {logging_mixin.py:188} INFO - [2026-06-08T12:30:05.615+0000] {dagbag.py:545} INFO - Filling up the DagBag from /home/airflow/.local/lib/python3.12/site-packages/airflow/example_dags/example_setup_teardown.py
[2026-06-08T12:30:05.619+0000] {processor.py:840} INFO - DAG(s) 'example_setup_teardown' retrieved from /home/airflow/.local/lib/python3.12/site-packages/airflow/example_dags/example_setup_teardown.py
[2026-06-08T12:30:05.639+0000] {logging_mixin.py:188} INFO - [2026-06-08T12:30:05.639+0000] {dag.py:3096} INFO - Sync 1 DAGs
[2026-06-08T12:30:05.657+0000] {logging_mixin.py:188} INFO - [2026-06-08T12:30:05.657+0000] {dag.py:3954} INFO - Setting next_dagrun for example_setup_teardown to 2026-06-07 00:00:00+00:00, run_after=2026-06-08 00:00:00+00:00
[2026-06-08T12:30:05.669+0000] {processor.py:183} INFO - Processing /home/airflow/.local/lib/python3.12/site-packages/airflow/example_dags/example_setup_teardown.py took 0.063 seconds
[2026-06-08T12:30:35.970+0000] {processor.py:161} INFO - Started process (PID=1619) to work on /home/airflow/.local/lib/python3.12/site-packages/airflow/example_dags/example_setup_teardown.py
[2026-06-08T12:30:35.970+0000] {processor.py:830} INFO - Processing file /home/airflow/.local/lib/python3.12/site-packages/airflow/example_dags/example_setup_teardown.py for tasks to queue
[2026-06-08T12:30:35.972+0000] {logging_mixin.py:188} INFO - [2026-06-08T12:30:35.972+0000] {dagbag.py:545} INFO - Filling up the DagBag from /home/airflow/.local/lib/python3.12/site-packages/airflow/example_dags/example_setup_teardown.py
[2026-06-08T12:30:35.979+0000] {processor.py:840} INFO - DAG(s) 'example_setup_teardown' retrieved from /home/airflow/.local/lib/python3.12/site-packages/airflow/example_dags/example_setup_teardown.py
[2026-06-08T12:30:35.999+0000] {logging_mixin.py:188} INFO - [2026-06-08T12:30:35.998+0000] {dag.py:3096} INFO - Sync 1 DAGs
[2026-06-08T12:30:36.013+0000] {logging_mixin.py:188} INFO - [2026-06-08T12:30:36.013+0000] {dag.py:3954} INFO - Setting next_dagrun for example_setup_teardown to 2026-06-07 00:00:00+00:00, run_after=2026-06-08 00:00:00+00:00
[2026-06-08T12:30:36.026+0000] {processor.py:183} INFO - Processing /home/airflow/.local/lib/python3.12/site-packages/airflow/example_dags/example_setup_teardown.py took 0.063 seconds
[2026-06-08T12:31:06.646+0000] {processor.py:161} INFO - Started process (PID=1679) to work on /home/airflow/.local/lib/python3.12/site-packages/airflow/example_dags/example_setup_teardown.py
[2026-06-08T12:31:06.647+0000] {processor.py:830} INFO - Processing file /home/airflow/.local/lib/python3.12/site-packages/airflow/example_dags/example_setup_teardown.py for tasks to queue
[2026-06-08T12:31:06.649+0000] {logging_mixin.py:188} INFO - [2026-06-08T12:31:06.648+0000] {dagbag.py:545} INFO - Filling up the DagBag from /home/airflow/.local/lib/python3.12/site-packages/airflow/example_dags/example_setup_teardown.py
[2026-06-08T12:31:06.654+0000] {processor.py:840} INFO - DAG(s) 'example_setup_teardown' retrieved from /home/airflow/.local/lib/python3.12/site-packages/airflow/example_dags/example_setup_teardown.py
[2026-06-08T12:31:06.672+0000] {logging_mixin.py:188} INFO - [2026-06-08T12:31:06.672+0000] {dag.py:3096} INFO - Sync 1 DAGs
[2026-06-08T12:31:06.687+0000] {logging_mixin.py:188} INFO - [2026-06-08T12:31:06.687+0000] {dag.py:3954} INFO - Setting next_dagrun for example_setup_teardown to 2026-06-07 00:00:00+00:00, run_after=2026-06-08 00:00:00+00:00
[2026-06-08T12:31:06.699+0000] {processor.py:183} INFO - Processing /home/airflow/.local/lib/python3.12/site-packages/airflow/example_dags/example_setup_teardown.py took 0.059 seconds
[2026-06-08T12:31:37.084+0000] {processor.py:161} INFO - Started process (PID=1738) to work on /home/airflow/.local/lib/python3.12/site-packages/airflow/example_dags/example_setup_teardown.py
[2026-06-08T12:31:37.085+0000] {processor.py:830} INFO - Processing file /home/airflow/.local/lib/python3.12/site-packages/airflow/example_dags/example_setup_teardown.py for tasks to queue
[2026-06-08T12:31:37.086+0000] {logging_mixin.py:188} INFO - [2026-06-08T12:31:37.086+0000] {dagbag.py:545} INFO - Filling up the DagBag from /home/airflow/.local/lib/python3.12/site-packages/airflow/example_dags/example_setup_teardown.py
[2026-06-08T12:31:37.090+0000] {processor.py:840} INFO - DAG(s) 'example_setup_teardown' retrieved from /home/airflow/.local/lib/python3.12/site-packages/airflow/example_dags/example_setup_teardown.py
[2026-06-08T12:31:37.106+0000] {logging_mixin.py:188} INFO - [2026-06-08T12:31:37.106+0000] {dag.py:3096} INFO - Sync 1 DAGs
[2026-06-08T12:31:37.126+0000] {logging_mixin.py:188} INFO - [2026-06-08T12:31:37.125+0000] {dag.py:3954} INFO - Setting next_dagrun for example_setup_teardown to 2026-06-07 00:00:00+00:00, run_after=2026-06-08 00:00:00+00:00
[2026-06-08T12:31:37.142+0000] {processor.py:183} INFO - Processing /home/airflow/.local/lib/python3.12/site-packages/airflow/example_dags/example_setup_teardown.py took 0.062 seconds
[2026-06-08T12:32:07.464+0000] {processor.py:161} INFO - Started process (PID=1797) to work on /home/airflow/.local/lib/python3.12/site-packages/airflow/example_dags/example_setup_teardown.py
[2026-06-08T12:32:07.465+0000] {processor.py:830} INFO - Processing file /home/airflow/.local/lib/python3.12/site-packages/airflow/example_dags/example_setup_teardown.py for tasks to queue
[2026-06-08T12:32:07.466+0000] {logging_mixin.py:188} INFO - [2026-06-08T12:32:07.465+0000] {dagbag.py:545} INFO - Filling up the DagBag from /home/airflow/.local/lib/python3.12/site-packages/airflow/example_dags/example_setup_teardown.py
[2026-06-08T12:32:07.470+0000] {processor.py:840} INFO - DAG(s) 'example_setup_teardown' retrieved from /home/airflow/.local/lib/python3.12/site-packages/airflow/example_dags/example_setup_teardown.py
[2026-06-08T12:32:07.486+0000] {logging_mixin.py:188} INFO - [2026-06-08T12:32:07.486+0000] {dag.py:3096} INFO - Sync 1 DAGs
[2026-06-08T12:32:07.500+0000] {logging_mixin.py:188} INFO - [2026-06-08T12:32:07.500+0000] {dag.py:3954} INFO - Setting next_dagrun for example_setup_teardown to 2026-06-07 00:00:00+00:00, run_after=2026-06-08 00:00:00+00:00
[2026-06-08T12:32:07.610+0000] {processor.py:183} INFO - Processing /home/airflow/.local/lib/python3.12/site-packages/airflow/example_dags/example_setup_teardown.py took 0.150 seconds
[2026-06-08T12:32:38.333+0000] {processor.py:161} INFO - Started process (PID=1856) to work on /home/airflow/.local/lib/python3.12/site-packages/airflow/example_dags/example_setup_teardown.py
[2026-06-08T12:32:38.333+0000] {processor.py:830} INFO - Processing file /home/airflow/.local/lib/python3.12/site-packages/airflow/example_dags/example_setup_teardown.py for tasks to queue
[2026-06-08T12:32:38.335+0000] {logging_mixin.py:188} INFO - [2026-06-08T12:32:38.334+0000] {dagbag.py:545} INFO - Filling up the DagBag from /home/airflow/.local/lib/python3.12/site-packages/airflow/example_dags/example_setup_teardown.py
[2026-06-08T12:32:38.339+0000] {processor.py:840} INFO - DAG(s) 'example_setup_teardown' retrieved from /home/airflow/.local/lib/python3.12/site-packages/airflow/example_dags/example_setup_teardown.py
[2026-06-08T12:32:38.357+0000] {logging_mixin.py:188} INFO - [2026-06-08T12:32:38.357+0000] {dag.py:3096} INFO - Sync 1 DAGs
[2026-06-08T12:32:38.373+0000] {logging_mixin.py:188} INFO - [2026-06-08T12:32:38.372+0000] {dag.py:3954} INFO - Setting next_dagrun for example_setup_teardown to 2026-06-07 00:00:00+00:00, run_after=2026-06-08 00:00:00+00:00
[2026-06-08T12:32:38.388+0000] {processor.py:183} INFO - Processing /home/airflow/.local/lib/python3.12/site-packages/airflow/example_dags/example_setup_teardown.py took 0.059 seconds
[2026-06-08T12:33:09.414+0000] {processor.py:161} INFO - Started process (PID=1915) to work on /home/airflow/.local/lib/python3.12/site-packages/airflow/example_dags/example_setup_teardown.py
[2026-06-08T12:33:09.415+0000] {processor.py:830} INFO - Processing file /home/airflow/.local/lib/python3.12/site-packages/airflow/example_dags/example_setup_teardown.py for tasks to queue
[2026-06-08T12:33:09.417+0000] {logging_mixin.py:188} INFO - [2026-06-08T12:33:09.416+0000] {dagbag.py:545} INFO - Filling up the DagBag from /home/airflow/.local/lib/python3.12/site-packages/airflow/example_dags/example_setup_teardown.py
[2026-06-08T12:33:09.424+0000] {processor.py:840} INFO - DAG(s) 'example_setup_teardown' retrieved from /home/airflow/.local/lib/python3.12/site-packages/airflow/example_dags/example_setup_teardown.py
[2026-06-08T12:33:09.444+0000] {logging_mixin.py:188} INFO - [2026-06-08T12:33:09.444+0000] {dag.py:3096} INFO - Sync 1 DAGs
[2026-06-08T12:33:09.464+0000] {logging_mixin.py:188} INFO - [2026-06-08T12:33:09.464+0000] {dag.py:3954} INFO - Setting next_dagrun for example_setup_teardown to 2026-06-07 00:00:00+00:00, run_after=2026-06-08 00:00:00+00:00
[2026-06-08T12:33:09.476+0000] {processor.py:183} INFO - Processing /home/airflow/.local/lib/python3.12/site-packages/airflow/example_dags/example_setup_teardown.py took 0.067 seconds
[2026-06-08T12:33:40.539+0000] {processor.py:161} INFO - Started process (PID=1974) to work on /home/airflow/.local/lib/python3.12/site-packages/airflow/example_dags/example_setup_teardown.py
[2026-06-08T12:33:40.539+0000] {processor.py:830} INFO - Processing file /home/airflow/.local/lib/python3.12/site-packages/airflow/example_dags/example_setup_teardown.py for tasks to queue
[2026-06-08T12:33:40.540+0000] {logging_mixin.py:188} INFO - [2026-06-08T12:33:40.540+0000] {dagbag.py:545} INFO - Filling up the DagBag from /home/airflow/.local/lib/python3.12/site-packages/airflow/example_dags/example_setup_teardown.py
[2026-06-08T12:33:40.544+0000] {processor.py:840} INFO - DAG(s) 'example_setup_teardown' retrieved from /home/airflow/.local/lib/python3.12/site-packages/airflow/example_dags/example_setup_teardown.py
[2026-06-08T12:33:40.570+0000] {logging_mixin.py:188} INFO - [2026-06-08T12:33:40.570+0000] {dag.py:3096} INFO - Sync 1 DAGs
[2026-06-08T12:33:40.588+0000] {logging_mixin.py:188} INFO - [2026-06-08T12:33:40.588+0000] {dag.py:3954} INFO - Setting next_dagrun for example_setup_teardown to 2026-06-07 00:00:00+00:00, run_after=2026-06-08 00:00:00+00:00
[2026-06-08T12:33:40.601+0000] {processor.py:183} INFO - Processing /home/airflow/.local/lib/python3.12/site-packages/airflow/example_dags/example_setup_teardown.py took 0.066 seconds
[2026-06-08T12:34:11.453+0000] {processor.py:161} INFO - Started process (PID=2033) to work on /home/airflow/.local/lib/python3.12/site-packages/airflow/example_dags/example_setup_teardown.py
[2026-06-08T12:34:11.454+0000] {processor.py:830} INFO - Processing file /home/airflow/.local/lib/python3.12/site-packages/airflow/example_dags/example_setup_teardown.py for tasks to queue
[2026-06-08T12:34:11.456+0000] {logging_mixin.py:188} INFO - [2026-06-08T12:34:11.455+0000] {dagbag.py:545} INFO - Filling up the DagBag from /home/airflow/.local/lib/python3.12/site-packages/airflow/example_dags/example_setup_teardown.py
[2026-06-08T12:34:11.460+0000] {processor.py:840} INFO - DAG(s) 'example_setup_teardown' retrieved from /home/airflow/.local/lib/python3.12/site-packages/airflow/example_dags/example_setup_teardown.py
[2026-06-08T12:34:11.478+0000] {logging_mixin.py:188} INFO - [2026-06-08T12:34:11.478+0000] {dag.py:3096} INFO - Sync 1 DAGs
[2026-06-08T12:34:11.498+0000] {logging_mixin.py:188} INFO - [2026-06-08T12:34:11.498+0000] {dag.py:3954} INFO - Setting next_dagrun for example_setup_teardown to 2026-06-07 00:00:00+00:00, run_after=2026-06-08 00:00:00+00:00
[2026-06-08T12:34:11.520+0000] {processor.py:183} INFO - Processing /home/airflow/.local/lib/python3.12/site-packages/airflow/example_dags/example_setup_teardown.py took 0.073 seconds
[2026-06-08T12:34:42.513+0000] {processor.py:161} INFO - Started process (PID=2092) to work on /home/airflow/.local/lib/python3.12/site-packages/airflow/example_dags/example_setup_teardown.py
[2026-06-08T12:34:42.514+0000] {processor.py:830} INFO - Processing file /home/airflow/.local/lib/python3.12/site-packages/airflow/example_dags/example_setup_teardown.py for tasks to queue
[2026-06-08T12:34:42.515+0000] {logging_mixin.py:188} INFO - [2026-06-08T12:34:42.515+0000] {dagbag.py:545} INFO - Filling up the DagBag from /home/airflow/.local/lib/python3.12/site-packages/airflow/example_dags/example_setup_teardown.py
[2026-06-08T12:34:42.521+0000] {processor.py:840} INFO - DAG(s) 'example_setup_teardown' retrieved from /home/airflow/.local/lib/python3.12/site-packages/airflow/example_dags/example_setup_teardown.py
[2026-06-08T12:34:42.542+0000] {logging_mixin.py:188} INFO - [2026-06-08T12:34:42.542+0000] {dag.py:3096} INFO - Sync 1 DAGs
[2026-06-08T12:34:42.556+0000] {logging_mixin.py:188} INFO - [2026-06-08T12:34:42.556+0000] {dag.py:3954} INFO - Setting next_dagrun for example_setup_teardown to 2026-06-07 00:00:00+00:00, run_after=2026-06-08 00:00:00+00:00
[2026-06-08T12:34:42.582+0000] {processor.py:183} INFO - Processing /home/airflow/.local/lib/python3.12/site-packages/airflow/example_dags/example_setup_teardown.py took 0.075 seconds
[2026-06-08T12:35:12.696+0000] {processor.py:161} INFO - Started process (PID=2151) to work on /home/airflow/.local/lib/python3.12/site-packages/airflow/example_dags/example_setup_teardown.py
[2026-06-08T12:35:12.697+0000] {processor.py:830} INFO - Processing file /home/airflow/.local/lib/python3.12/site-packages/airflow/example_dags/example_setup_teardown.py for tasks to queue
[2026-06-08T12:35:12.698+0000] {logging_mixin.py:188} INFO - [2026-06-08T12:35:12.698+0000] {dagbag.py:545} INFO - Filling up the DagBag from /home/airflow/.local/lib/python3.12/site-packages/airflow/example_dags/example_setup_teardown.py
[2026-06-08T12:35:12.702+0000] {processor.py:840} INFO - DAG(s) 'example_setup_teardown' retrieved from /home/airflow/.local/lib/python3.12/site-packages/airflow/example_dags/example_setup_teardown.py
[2026-06-08T12:35:12.717+0000] {logging_mixin.py:188} INFO - [2026-06-08T12:35:12.717+0000] {dag.py:3096} INFO - Sync 1 DAGs
[2026-06-08T12:35:12.731+0000] {logging_mixin.py:188} INFO - [2026-06-08T12:35:12.731+0000] {dag.py:3954} INFO - Setting next_dagrun for example_setup_teardown to 2026-06-07 00:00:00+00:00, run_after=2026-06-08 00:00:00+00:00
[2026-06-08T12:35:12.752+0000] {processor.py:183} INFO - Processing /home/airflow/.local/lib/python3.12/site-packages/airflow/example_dags/example_setup_teardown.py took 0.060 seconds
[2026-06-08T12:35:43.242+0000] {processor.py:161} INFO - Started process (PID=2210) to work on /home/airflow/.local/lib/python3.12/site-packages/airflow/example_dags/example_setup_teardown.py
[2026-06-08T12:35:43.243+0000] {processor.py:830} INFO - Processing file /home/airflow/.local/lib/python3.12/site-packages/airflow/example_dags/example_setup_teardown.py for tasks to queue
[2026-06-08T12:35:43.245+0000] {logging_mixin.py:188} INFO - [2026-06-08T12:35:43.245+0000] {dagbag.py:545} INFO - Filling up the DagBag from /home/airflow/.local/lib/python3.12/site-packages/airflow/example_dags/example_setup_teardown.py
[2026-06-08T12:35:43.252+0000] {processor.py:840} INFO - DAG(s) 'example_setup_teardown' retrieved from /home/airflow/.local/lib/python3.12/site-packages/airflow/example_dags/example_setup_teardown.py
[2026-06-08T12:35:43.276+0000] {logging_mixin.py:188} INFO - [2026-06-08T12:35:43.275+0000] {dag.py:3096} INFO - Sync 1 DAGs
[2026-06-08T12:35:43.295+0000] {logging_mixin.py:188} INFO - [2026-06-08T12:35:43.295+0000] {dag.py:3954} INFO - Setting next_dagrun for example_setup_teardown to 2026-06-07 00:00:00+00:00, run_after=2026-06-08 00:00:00+00:00
[2026-06-08T12:35:43.311+0000] {processor.py:183} INFO - Processing /home/airflow/.local/lib/python3.12/site-packages/airflow/example_dags/example_setup_teardown.py took 0.075 seconds
[2026-06-08T12:36:13.791+0000] {processor.py:161} INFO - Started process (PID=2269) to work on /home/airflow/.local/lib/python3.12/site-packages/airflow/example_dags/example_setup_teardown.py
[2026-06-08T12:36:13.792+0000] {processor.py:830} INFO - Processing file /home/airflow/.local/lib/python3.12/site-packages/airflow/example_dags/example_setup_teardown.py for tasks to queue
[2026-06-08T12:36:13.794+0000] {logging_mixin.py:188} INFO - [2026-06-08T12:36:13.794+0000] {dagbag.py:545} INFO - Filling up the DagBag from /home/airflow/.local/lib/python3.12/site-packages/airflow/example_dags/example_setup_teardown.py
[2026-06-08T12:36:13.801+0000] {processor.py:840} INFO - DAG(s) 'example_setup_teardown' retrieved from /home/airflow/.local/lib/python3.12/site-packages/airflow/example_dags/example_setup_teardown.py
[2026-06-08T12:36:13.821+0000] {logging_mixin.py:188} INFO - [2026-06-08T12:36:13.820+0000] {dag.py:3096} INFO - Sync 1 DAGs
[2026-06-08T12:36:13.836+0000] {logging_mixin.py:188} INFO - [2026-06-08T12:36:13.836+0000] {dag.py:3954} INFO - Setting next_dagrun for example_setup_teardown to 2026-06-07 00:00:00+00:00, run_after=2026-06-08 00:00:00+00:00
[2026-06-08T12:36:13.856+0000] {processor.py:183} INFO - Processing /home/airflow/.local/lib/python3.12/site-packages/airflow/example_dags/example_setup_teardown.py took 0.072 seconds
[2026-06-08T12:36:44.417+0000] {processor.py:161} INFO - Started process (PID=2328) to work on /home/airflow/.local/lib/python3.12/site-packages/airflow/example_dags/example_setup_teardown.py
[2026-06-08T12:36:44.418+0000] {processor.py:830} INFO - Processing file /home/airflow/.local/lib/python3.12/site-packages/airflow/example_dags/example_setup_teardown.py for tasks to queue
[2026-06-08T12:36:44.420+0000] {logging_mixin.py:188} INFO - [2026-06-08T12:36:44.420+0000] {dagbag.py:545} INFO - Filling up the DagBag from /home/airflow/.local/lib/python3.12/site-packages/airflow/example_dags/example_setup_teardown.py
[2026-06-08T12:36:44.427+0000] {processor.py:840} INFO - DAG(s) 'example_setup_teardown' retrieved from /home/airflow/.local/lib/python3.12/site-packages/airflow/example_dags/example_setup_teardown.py
[2026-06-08T12:36:44.443+0000] {logging_mixin.py:188} INFO - [2026-06-08T12:36:44.442+0000] {dag.py:3096} INFO - Sync 1 DAGs
[2026-06-08T12:36:44.457+0000] {logging_mixin.py:188} INFO - [2026-06-08T12:36:44.457+0000] {dag.py:3954} INFO - Setting next_dagrun for example_setup_teardown to 2026-06-07 00:00:00+00:00, run_after=2026-06-08 00:00:00+00:00
[2026-06-08T12:36:44.473+0000] {processor.py:183} INFO - Processing /home/airflow/.local/lib/python3.12/site-packages/airflow/example_dags/example_setup_teardown.py took 0.062 seconds
[2026-06-08T12:37:14.631+0000] {processor.py:161} INFO - Started process (PID=2387) to work on /home/airflow/.local/lib/python3.12/site-packages/airflow/example_dags/example_setup_teardown.py
[2026-06-08T12:37:14.631+0000] {processor.py:830} INFO - Processing file /home/airflow/.local/lib/python3.12/site-packages/airflow/example_dags/example_setup_teardown.py for tasks to queue
[2026-06-08T12:37:14.632+0000] {logging_mixin.py:188} INFO - [2026-06-08T12:37:14.632+0000] {dagbag.py:545} INFO - Filling up the DagBag from /home/airflow/.local/lib/python3.12/site-packages/airflow/example_dags/example_setup_teardown.py
[2026-06-08T12:37:14.636+0000] {processor.py:840} INFO - DAG(s) 'example_setup_teardown' retrieved from /home/airflow/.local/lib/python3.12/site-packages/airflow/example_dags/example_setup_teardown.py
[2026-06-08T12:37:14.649+0000] {logging_mixin.py:188} INFO - [2026-06-08T12:37:14.649+0000] {dag.py:3096} INFO - Sync 1 DAGs
[2026-06-08T12:37:14.663+0000] {logging_mixin.py:188} INFO - [2026-06-08T12:37:14.663+0000] {dag.py:3954} INFO - Setting next_dagrun for example_setup_teardown to 2026-06-07 00:00:00+00:00, run_after=2026-06-08 00:00:00+00:00
[2026-06-08T12:37:14.674+0000] {processor.py:183} INFO - Processing /home/airflow/.local/lib/python3.12/site-packages/airflow/example_dags/example_setup_teardown.py took 0.049 seconds
[2026-06-08T12:37:45.034+0000] {processor.py:161} INFO - Started process (PID=2446) to work on /home/airflow/.local/lib/python3.12/site-packages/airflow/example_dags/example_setup_teardown.py
[2026-06-08T12:37:45.035+0000] {processor.py:830} INFO - Processing file /home/airflow/.local/lib/python3.12/site-packages/airflow/example_dags/example_setup_teardown.py for tasks to queue
[2026-06-08T12:37:45.036+0000] {logging_mixin.py:188} INFO - [2026-06-08T12:37:45.036+0000] {dagbag.py:545} INFO - Filling up the DagBag from /home/airflow/.local/lib/python3.12/site-packages/airflow/example_dags/example_setup_teardown.py
[2026-06-08T12:37:45.040+0000] {processor.py:840} INFO - DAG(s) 'example_setup_teardown' retrieved from /home/airflow/.local/lib/python3.12/site-packages/airflow/example_dags/example_setup_teardown.py
[2026-06-08T12:37:45.054+0000] {logging_mixin.py:188} INFO - [2026-06-08T12:37:45.054+0000] {dag.py:3096} INFO - Sync 1 DAGs
[2026-06-08T12:37:45.068+0000] {logging_mixin.py:188} INFO - [2026-06-08T12:37:45.067+0000] {dag.py:3954} INFO - Setting next_dagrun for example_setup_teardown to 2026-06-07 00:00:00+00:00, run_after=2026-06-08 00:00:00+00:00
[2026-06-08T12:37:45.084+0000] {processor.py:183} INFO - Processing /home/airflow/.local/lib/python3.12/site-packages/airflow/example_dags/example_setup_teardown.py took 0.053 seconds
