[2026-06-08T12:17:52.866+0000] {processor.py:161} INFO - Started process (PID=99) to work on /home/airflow/.local/lib/python3.12/site-packages/airflow/example_dags/example_nested_branch_dag.py
[2026-06-08T12:17:52.866+0000] {processor.py:830} INFO - Processing file /home/airflow/.local/lib/python3.12/site-packages/airflow/example_dags/example_nested_branch_dag.py for tasks to queue
[2026-06-08T12:17:52.868+0000] {logging_mixin.py:188} INFO - [2026-06-08T12:17:52.868+0000] {dagbag.py:545} INFO - Filling up the DagBag from /home/airflow/.local/lib/python3.12/site-packages/airflow/example_dags/example_nested_branch_dag.py
[2026-06-08T12:17:52.877+0000] {processor.py:840} INFO - DAG(s) 'example_nested_branch_dag' retrieved from /home/airflow/.local/lib/python3.12/site-packages/airflow/example_dags/example_nested_branch_dag.py
[2026-06-08T12:17:52.887+0000] {logging_mixin.py:188} INFO - [2026-06-08T12:17:52.887+0000] {dag.py:3096} INFO - Sync 1 DAGs
[2026-06-08T12:17:52.911+0000] {logging_mixin.py:188} INFO - [2026-06-08T12:17:52.911+0000] {dag.py:3954} INFO - Setting next_dagrun for example_nested_branch_dag to 2026-06-07 00:00:00+00:00, run_after=2026-06-08 00:00:00+00:00
[2026-06-08T12:17:52.929+0000] {processor.py:183} INFO - Processing /home/airflow/.local/lib/python3.12/site-packages/airflow/example_dags/example_nested_branch_dag.py took 0.069 seconds
[2026-06-08T12:18:24.430+0000] {processor.py:161} INFO - Started process (PID=157) to work on /home/airflow/.local/lib/python3.12/site-packages/airflow/example_dags/example_nested_branch_dag.py
[2026-06-08T12:18:24.431+0000] {processor.py:830} INFO - Processing file /home/airflow/.local/lib/python3.12/site-packages/airflow/example_dags/example_nested_branch_dag.py for tasks to queue
[2026-06-08T12:18:24.432+0000] {logging_mixin.py:188} INFO - [2026-06-08T12:18:24.431+0000] {dagbag.py:545} INFO - Filling up the DagBag from /home/airflow/.local/lib/python3.12/site-packages/airflow/example_dags/example_nested_branch_dag.py
[2026-06-08T12:18:24.438+0000] {processor.py:840} INFO - DAG(s) 'example_nested_branch_dag' retrieved from /home/airflow/.local/lib/python3.12/site-packages/airflow/example_dags/example_nested_branch_dag.py
[2026-06-08T12:18:24.515+0000] {logging_mixin.py:188} INFO - [2026-06-08T12:18:24.515+0000] {dag.py:3096} INFO - Sync 1 DAGs
[2026-06-08T12:18:24.529+0000] {logging_mixin.py:188} INFO - [2026-06-08T12:18:24.528+0000] {dag.py:3954} INFO - Setting next_dagrun for example_nested_branch_dag to 2026-06-07 00:00:00+00:00, run_after=2026-06-08 00:00:00+00:00
[2026-06-08T12:18:24.541+0000] {processor.py:183} INFO - Processing /home/airflow/.local/lib/python3.12/site-packages/airflow/example_dags/example_nested_branch_dag.py took 0.115 seconds
[2026-06-08T12:18:54.964+0000] {processor.py:161} INFO - Started process (PID=215) to work on /home/airflow/.local/lib/python3.12/site-packages/airflow/example_dags/example_nested_branch_dag.py
[2026-06-08T12:18:54.965+0000] {processor.py:830} INFO - Processing file /home/airflow/.local/lib/python3.12/site-packages/airflow/example_dags/example_nested_branch_dag.py for tasks to queue
[2026-06-08T12:18:54.966+0000] {logging_mixin.py:188} INFO - [2026-06-08T12:18:54.966+0000] {dagbag.py:545} INFO - Filling up the DagBag from /home/airflow/.local/lib/python3.12/site-packages/airflow/example_dags/example_nested_branch_dag.py
[2026-06-08T12:18:54.972+0000] {processor.py:840} INFO - DAG(s) 'example_nested_branch_dag' retrieved from /home/airflow/.local/lib/python3.12/site-packages/airflow/example_dags/example_nested_branch_dag.py
[2026-06-08T12:18:54.994+0000] {logging_mixin.py:188} INFO - [2026-06-08T12:18:54.994+0000] {dag.py:3096} INFO - Sync 1 DAGs
[2026-06-08T12:18:55.009+0000] {logging_mixin.py:188} INFO - [2026-06-08T12:18:55.008+0000] {dag.py:3954} INFO - Setting next_dagrun for example_nested_branch_dag to 2026-06-07 00:00:00+00:00, run_after=2026-06-08 00:00:00+00:00
[2026-06-08T12:18:55.021+0000] {processor.py:183} INFO - Processing /home/airflow/.local/lib/python3.12/site-packages/airflow/example_dags/example_nested_branch_dag.py took 0.060 seconds
[2026-06-08T12:19:25.461+0000] {processor.py:161} INFO - Started process (PID=273) to work on /home/airflow/.local/lib/python3.12/site-packages/airflow/example_dags/example_nested_branch_dag.py
[2026-06-08T12:19:25.462+0000] {processor.py:830} INFO - Processing file /home/airflow/.local/lib/python3.12/site-packages/airflow/example_dags/example_nested_branch_dag.py for tasks to queue
[2026-06-08T12:19:25.464+0000] {logging_mixin.py:188} INFO - [2026-06-08T12:19:25.463+0000] {dagbag.py:545} INFO - Filling up the DagBag from /home/airflow/.local/lib/python3.12/site-packages/airflow/example_dags/example_nested_branch_dag.py
[2026-06-08T12:19:25.475+0000] {processor.py:840} INFO - DAG(s) 'example_nested_branch_dag' retrieved from /home/airflow/.local/lib/python3.12/site-packages/airflow/example_dags/example_nested_branch_dag.py
[2026-06-08T12:19:25.496+0000] {logging_mixin.py:188} INFO - [2026-06-08T12:19:25.496+0000] {dag.py:3096} INFO - Sync 1 DAGs
[2026-06-08T12:19:25.515+0000] {logging_mixin.py:188} INFO - [2026-06-08T12:19:25.515+0000] {dag.py:3954} INFO - Setting next_dagrun for example_nested_branch_dag to 2026-06-07 00:00:00+00:00, run_after=2026-06-08 00:00:00+00:00
[2026-06-08T12:19:25.534+0000] {processor.py:183} INFO - Processing /home/airflow/.local/lib/python3.12/site-packages/airflow/example_dags/example_nested_branch_dag.py took 0.080 seconds
[2026-06-08T12:19:55.763+0000] {processor.py:161} INFO - Started process (PID=331) to work on /home/airflow/.local/lib/python3.12/site-packages/airflow/example_dags/example_nested_branch_dag.py
[2026-06-08T12:19:55.763+0000] {processor.py:830} INFO - Processing file /home/airflow/.local/lib/python3.12/site-packages/airflow/example_dags/example_nested_branch_dag.py for tasks to queue
[2026-06-08T12:19:55.765+0000] {logging_mixin.py:188} INFO - [2026-06-08T12:19:55.764+0000] {dagbag.py:545} INFO - Filling up the DagBag from /home/airflow/.local/lib/python3.12/site-packages/airflow/example_dags/example_nested_branch_dag.py
[2026-06-08T12:19:55.772+0000] {processor.py:840} INFO - DAG(s) 'example_nested_branch_dag' retrieved from /home/airflow/.local/lib/python3.12/site-packages/airflow/example_dags/example_nested_branch_dag.py
[2026-06-08T12:19:55.793+0000] {logging_mixin.py:188} INFO - [2026-06-08T12:19:55.793+0000] {dag.py:3096} INFO - Sync 1 DAGs
[2026-06-08T12:19:55.813+0000] {logging_mixin.py:188} INFO - [2026-06-08T12:19:55.812+0000] {dag.py:3954} INFO - Setting next_dagrun for example_nested_branch_dag to 2026-06-07 00:00:00+00:00, run_after=2026-06-08 00:00:00+00:00
[2026-06-08T12:19:55.825+0000] {processor.py:183} INFO - Processing /home/airflow/.local/lib/python3.12/site-packages/airflow/example_dags/example_nested_branch_dag.py took 0.066 seconds
[2026-06-08T12:20:26.447+0000] {processor.py:161} INFO - Started process (PID=389) to work on /home/airflow/.local/lib/python3.12/site-packages/airflow/example_dags/example_nested_branch_dag.py
[2026-06-08T12:20:26.448+0000] {processor.py:830} INFO - Processing file /home/airflow/.local/lib/python3.12/site-packages/airflow/example_dags/example_nested_branch_dag.py for tasks to queue
[2026-06-08T12:20:26.449+0000] {logging_mixin.py:188} INFO - [2026-06-08T12:20:26.448+0000] {dagbag.py:545} INFO - Filling up the DagBag from /home/airflow/.local/lib/python3.12/site-packages/airflow/example_dags/example_nested_branch_dag.py
[2026-06-08T12:20:26.455+0000] {processor.py:840} INFO - DAG(s) 'example_nested_branch_dag' retrieved from /home/airflow/.local/lib/python3.12/site-packages/airflow/example_dags/example_nested_branch_dag.py
[2026-06-08T12:20:26.472+0000] {logging_mixin.py:188} INFO - [2026-06-08T12:20:26.472+0000] {dag.py:3096} INFO - Sync 1 DAGs
[2026-06-08T12:20:26.486+0000] {logging_mixin.py:188} INFO - [2026-06-08T12:20:26.486+0000] {dag.py:3954} INFO - Setting next_dagrun for example_nested_branch_dag to 2026-06-07 00:00:00+00:00, run_after=2026-06-08 00:00:00+00:00
[2026-06-08T12:20:26.498+0000] {processor.py:183} INFO - Processing /home/airflow/.local/lib/python3.12/site-packages/airflow/example_dags/example_nested_branch_dag.py took 0.055 seconds
[2026-06-08T12:20:56.744+0000] {processor.py:161} INFO - Started process (PID=447) to work on /home/airflow/.local/lib/python3.12/site-packages/airflow/example_dags/example_nested_branch_dag.py
[2026-06-08T12:20:56.744+0000] {processor.py:830} INFO - Processing file /home/airflow/.local/lib/python3.12/site-packages/airflow/example_dags/example_nested_branch_dag.py for tasks to queue
[2026-06-08T12:20:56.745+0000] {logging_mixin.py:188} INFO - [2026-06-08T12:20:56.745+0000] {dagbag.py:545} INFO - Filling up the DagBag from /home/airflow/.local/lib/python3.12/site-packages/airflow/example_dags/example_nested_branch_dag.py
[2026-06-08T12:20:56.752+0000] {processor.py:840} INFO - DAG(s) 'example_nested_branch_dag' retrieved from /home/airflow/.local/lib/python3.12/site-packages/airflow/example_dags/example_nested_branch_dag.py
[2026-06-08T12:20:56.771+0000] {logging_mixin.py:188} INFO - [2026-06-08T12:20:56.771+0000] {dag.py:3096} INFO - Sync 1 DAGs
[2026-06-08T12:20:56.796+0000] {logging_mixin.py:188} INFO - [2026-06-08T12:20:56.796+0000] {dag.py:3954} INFO - Setting next_dagrun for example_nested_branch_dag to 2026-06-07 00:00:00+00:00, run_after=2026-06-08 00:00:00+00:00
[2026-06-08T12:20:56.811+0000] {processor.py:183} INFO - Processing /home/airflow/.local/lib/python3.12/site-packages/airflow/example_dags/example_nested_branch_dag.py took 0.071 seconds
[2026-06-08T12:21:27.271+0000] {processor.py:161} INFO - Started process (PID=505) to work on /home/airflow/.local/lib/python3.12/site-packages/airflow/example_dags/example_nested_branch_dag.py
[2026-06-08T12:21:27.271+0000] {processor.py:830} INFO - Processing file /home/airflow/.local/lib/python3.12/site-packages/airflow/example_dags/example_nested_branch_dag.py for tasks to queue
[2026-06-08T12:21:27.273+0000] {logging_mixin.py:188} INFO - [2026-06-08T12:21:27.273+0000] {dagbag.py:545} INFO - Filling up the DagBag from /home/airflow/.local/lib/python3.12/site-packages/airflow/example_dags/example_nested_branch_dag.py
[2026-06-08T12:21:27.281+0000] {processor.py:840} INFO - DAG(s) 'example_nested_branch_dag' retrieved from /home/airflow/.local/lib/python3.12/site-packages/airflow/example_dags/example_nested_branch_dag.py
[2026-06-08T12:21:27.296+0000] {logging_mixin.py:188} INFO - [2026-06-08T12:21:27.296+0000] {dag.py:3096} INFO - Sync 1 DAGs
[2026-06-08T12:21:27.312+0000] {logging_mixin.py:188} INFO - [2026-06-08T12:21:27.312+0000] {dag.py:3954} INFO - Setting next_dagrun for example_nested_branch_dag to 2026-06-07 00:00:00+00:00, run_after=2026-06-08 00:00:00+00:00
[2026-06-08T12:21:27.324+0000] {processor.py:183} INFO - Processing /home/airflow/.local/lib/python3.12/site-packages/airflow/example_dags/example_nested_branch_dag.py took 0.059 seconds
[2026-06-08T12:21:57.802+0000] {processor.py:161} INFO - Started process (PID=585) to work on /home/airflow/.local/lib/python3.12/site-packages/airflow/example_dags/example_nested_branch_dag.py
[2026-06-08T12:21:57.802+0000] {processor.py:830} INFO - Processing file /home/airflow/.local/lib/python3.12/site-packages/airflow/example_dags/example_nested_branch_dag.py for tasks to queue
[2026-06-08T12:21:57.804+0000] {logging_mixin.py:188} INFO - [2026-06-08T12:21:57.804+0000] {dagbag.py:545} INFO - Filling up the DagBag from /home/airflow/.local/lib/python3.12/site-packages/airflow/example_dags/example_nested_branch_dag.py
[2026-06-08T12:21:57.816+0000] {processor.py:840} INFO - DAG(s) 'example_nested_branch_dag' retrieved from /home/airflow/.local/lib/python3.12/site-packages/airflow/example_dags/example_nested_branch_dag.py
[2026-06-08T12:21:57.834+0000] {logging_mixin.py:188} INFO - [2026-06-08T12:21:57.834+0000] {dag.py:3096} INFO - Sync 1 DAGs
[2026-06-08T12:21:57.863+0000] {logging_mixin.py:188} INFO - [2026-06-08T12:21:57.862+0000] {dag.py:3954} INFO - Setting next_dagrun for example_nested_branch_dag to 2026-06-07 00:00:00+00:00, run_after=2026-06-08 00:00:00+00:00
[2026-06-08T12:21:57.887+0000] {processor.py:183} INFO - Processing /home/airflow/.local/lib/python3.12/site-packages/airflow/example_dags/example_nested_branch_dag.py took 0.092 seconds
[2026-06-08T12:22:28.501+0000] {processor.py:161} INFO - Started process (PID=643) to work on /home/airflow/.local/lib/python3.12/site-packages/airflow/example_dags/example_nested_branch_dag.py
[2026-06-08T12:22:28.502+0000] {processor.py:830} INFO - Processing file /home/airflow/.local/lib/python3.12/site-packages/airflow/example_dags/example_nested_branch_dag.py for tasks to queue
[2026-06-08T12:22:28.505+0000] {logging_mixin.py:188} INFO - [2026-06-08T12:22:28.504+0000] {dagbag.py:545} INFO - Filling up the DagBag from /home/airflow/.local/lib/python3.12/site-packages/airflow/example_dags/example_nested_branch_dag.py
[2026-06-08T12:22:28.511+0000] {processor.py:840} INFO - DAG(s) 'example_nested_branch_dag' retrieved from /home/airflow/.local/lib/python3.12/site-packages/airflow/example_dags/example_nested_branch_dag.py
[2026-06-08T12:22:28.537+0000] {logging_mixin.py:188} INFO - [2026-06-08T12:22:28.537+0000] {dag.py:3096} INFO - Sync 1 DAGs
[2026-06-08T12:22:28.552+0000] {logging_mixin.py:188} INFO - [2026-06-08T12:22:28.552+0000] {dag.py:3954} INFO - Setting next_dagrun for example_nested_branch_dag to 2026-06-07 00:00:00+00:00, run_after=2026-06-08 00:00:00+00:00
[2026-06-08T12:22:28.581+0000] {processor.py:183} INFO - Processing /home/airflow/.local/lib/python3.12/site-packages/airflow/example_dags/example_nested_branch_dag.py took 0.089 seconds
[2026-06-08T12:22:59.523+0000] {processor.py:161} INFO - Started process (PID=724) to work on /home/airflow/.local/lib/python3.12/site-packages/airflow/example_dags/example_nested_branch_dag.py
[2026-06-08T12:22:59.524+0000] {processor.py:830} INFO - Processing file /home/airflow/.local/lib/python3.12/site-packages/airflow/example_dags/example_nested_branch_dag.py for tasks to queue
[2026-06-08T12:22:59.525+0000] {logging_mixin.py:188} INFO - [2026-06-08T12:22:59.525+0000] {dagbag.py:545} INFO - Filling up the DagBag from /home/airflow/.local/lib/python3.12/site-packages/airflow/example_dags/example_nested_branch_dag.py
[2026-06-08T12:22:59.532+0000] {processor.py:840} INFO - DAG(s) 'example_nested_branch_dag' retrieved from /home/airflow/.local/lib/python3.12/site-packages/airflow/example_dags/example_nested_branch_dag.py
[2026-06-08T12:22:59.539+0000] {logging_mixin.py:188} INFO - [2026-06-08T12:22:59.539+0000] {dag.py:3096} INFO - Sync 1 DAGs
[2026-06-08T12:22:59.566+0000] {logging_mixin.py:188} INFO - [2026-06-08T12:22:59.566+0000] {dag.py:3954} INFO - Setting next_dagrun for example_nested_branch_dag to 2026-06-07 00:00:00+00:00, run_after=2026-06-08 00:00:00+00:00
[2026-06-08T12:22:59.582+0000] {processor.py:183} INFO - Processing /home/airflow/.local/lib/python3.12/site-packages/airflow/example_dags/example_nested_branch_dag.py took 0.065 seconds
[2026-06-08T12:23:30.398+0000] {processor.py:161} INFO - Started process (PID=804) to work on /home/airflow/.local/lib/python3.12/site-packages/airflow/example_dags/example_nested_branch_dag.py
[2026-06-08T12:23:30.399+0000] {processor.py:830} INFO - Processing file /home/airflow/.local/lib/python3.12/site-packages/airflow/example_dags/example_nested_branch_dag.py for tasks to queue
[2026-06-08T12:23:30.400+0000] {logging_mixin.py:188} INFO - [2026-06-08T12:23:30.400+0000] {dagbag.py:545} INFO - Filling up the DagBag from /home/airflow/.local/lib/python3.12/site-packages/airflow/example_dags/example_nested_branch_dag.py
[2026-06-08T12:23:30.406+0000] {processor.py:840} INFO - DAG(s) 'example_nested_branch_dag' retrieved from /home/airflow/.local/lib/python3.12/site-packages/airflow/example_dags/example_nested_branch_dag.py
[2026-06-08T12:23:30.470+0000] {logging_mixin.py:188} INFO - [2026-06-08T12:23:30.470+0000] {dag.py:3096} INFO - Sync 1 DAGs
[2026-06-08T12:23:30.484+0000] {logging_mixin.py:188} INFO - [2026-06-08T12:23:30.484+0000] {dag.py:3954} INFO - Setting next_dagrun for example_nested_branch_dag to 2026-06-07 00:00:00+00:00, run_after=2026-06-08 00:00:00+00:00
[2026-06-08T12:23:30.505+0000] {processor.py:183} INFO - Processing /home/airflow/.local/lib/python3.12/site-packages/airflow/example_dags/example_nested_branch_dag.py took 0.110 seconds
[2026-06-08T12:24:01.189+0000] {processor.py:161} INFO - Started process (PID=863) to work on /home/airflow/.local/lib/python3.12/site-packages/airflow/example_dags/example_nested_branch_dag.py
[2026-06-08T12:24:01.190+0000] {processor.py:830} INFO - Processing file /home/airflow/.local/lib/python3.12/site-packages/airflow/example_dags/example_nested_branch_dag.py for tasks to queue
[2026-06-08T12:24:01.192+0000] {logging_mixin.py:188} INFO - [2026-06-08T12:24:01.192+0000] {dagbag.py:545} INFO - Filling up the DagBag from /home/airflow/.local/lib/python3.12/site-packages/airflow/example_dags/example_nested_branch_dag.py
[2026-06-08T12:24:01.198+0000] {processor.py:840} INFO - DAG(s) 'example_nested_branch_dag' retrieved from /home/airflow/.local/lib/python3.12/site-packages/airflow/example_dags/example_nested_branch_dag.py
[2026-06-08T12:24:01.215+0000] {logging_mixin.py:188} INFO - [2026-06-08T12:24:01.215+0000] {dag.py:3096} INFO - Sync 1 DAGs
[2026-06-08T12:24:01.235+0000] {logging_mixin.py:188} INFO - [2026-06-08T12:24:01.234+0000] {dag.py:3954} INFO - Setting next_dagrun for example_nested_branch_dag to 2026-06-07 00:00:00+00:00, run_after=2026-06-08 00:00:00+00:00
[2026-06-08T12:24:01.249+0000] {processor.py:183} INFO - Processing /home/airflow/.local/lib/python3.12/site-packages/airflow/example_dags/example_nested_branch_dag.py took 0.066 seconds
[2026-06-08T12:24:31.775+0000] {processor.py:161} INFO - Started process (PID=922) to work on /home/airflow/.local/lib/python3.12/site-packages/airflow/example_dags/example_nested_branch_dag.py
[2026-06-08T12:24:31.776+0000] {processor.py:830} INFO - Processing file /home/airflow/.local/lib/python3.12/site-packages/airflow/example_dags/example_nested_branch_dag.py for tasks to queue
[2026-06-08T12:24:31.778+0000] {logging_mixin.py:188} INFO - [2026-06-08T12:24:31.778+0000] {dagbag.py:545} INFO - Filling up the DagBag from /home/airflow/.local/lib/python3.12/site-packages/airflow/example_dags/example_nested_branch_dag.py
[2026-06-08T12:24:31.785+0000] {processor.py:840} INFO - DAG(s) 'example_nested_branch_dag' retrieved from /home/airflow/.local/lib/python3.12/site-packages/airflow/example_dags/example_nested_branch_dag.py
[2026-06-08T12:24:31.803+0000] {logging_mixin.py:188} INFO - [2026-06-08T12:24:31.803+0000] {dag.py:3096} INFO - Sync 1 DAGs
[2026-06-08T12:24:31.822+0000] {logging_mixin.py:188} INFO - [2026-06-08T12:24:31.822+0000] {dag.py:3954} INFO - Setting next_dagrun for example_nested_branch_dag to 2026-06-07 00:00:00+00:00, run_after=2026-06-08 00:00:00+00:00
[2026-06-08T12:24:31.835+0000] {processor.py:183} INFO - Processing /home/airflow/.local/lib/python3.12/site-packages/airflow/example_dags/example_nested_branch_dag.py took 0.068 seconds
[2026-06-08T12:25:02.404+0000] {processor.py:161} INFO - Started process (PID=981) to work on /home/airflow/.local/lib/python3.12/site-packages/airflow/example_dags/example_nested_branch_dag.py
[2026-06-08T12:25:02.405+0000] {processor.py:830} INFO - Processing file /home/airflow/.local/lib/python3.12/site-packages/airflow/example_dags/example_nested_branch_dag.py for tasks to queue
[2026-06-08T12:25:02.407+0000] {logging_mixin.py:188} INFO - [2026-06-08T12:25:02.407+0000] {dagbag.py:545} INFO - Filling up the DagBag from /home/airflow/.local/lib/python3.12/site-packages/airflow/example_dags/example_nested_branch_dag.py
[2026-06-08T12:25:02.413+0000] {processor.py:840} INFO - DAG(s) 'example_nested_branch_dag' retrieved from /home/airflow/.local/lib/python3.12/site-packages/airflow/example_dags/example_nested_branch_dag.py
[2026-06-08T12:25:02.429+0000] {logging_mixin.py:188} INFO - [2026-06-08T12:25:02.429+0000] {dag.py:3096} INFO - Sync 1 DAGs
[2026-06-08T12:25:02.443+0000] {logging_mixin.py:188} INFO - [2026-06-08T12:25:02.443+0000] {dag.py:3954} INFO - Setting next_dagrun for example_nested_branch_dag to 2026-06-07 00:00:00+00:00, run_after=2026-06-08 00:00:00+00:00
[2026-06-08T12:25:02.459+0000] {processor.py:183} INFO - Processing /home/airflow/.local/lib/python3.12/site-packages/airflow/example_dags/example_nested_branch_dag.py took 0.060 seconds
[2026-06-08T12:25:32.707+0000] {processor.py:161} INFO - Started process (PID=1041) to work on /home/airflow/.local/lib/python3.12/site-packages/airflow/example_dags/example_nested_branch_dag.py
[2026-06-08T12:25:32.708+0000] {processor.py:830} INFO - Processing file /home/airflow/.local/lib/python3.12/site-packages/airflow/example_dags/example_nested_branch_dag.py for tasks to queue
[2026-06-08T12:25:32.709+0000] {logging_mixin.py:188} INFO - [2026-06-08T12:25:32.708+0000] {dagbag.py:545} INFO - Filling up the DagBag from /home/airflow/.local/lib/python3.12/site-packages/airflow/example_dags/example_nested_branch_dag.py
[2026-06-08T12:25:32.715+0000] {processor.py:840} INFO - DAG(s) 'example_nested_branch_dag' retrieved from /home/airflow/.local/lib/python3.12/site-packages/airflow/example_dags/example_nested_branch_dag.py
[2026-06-08T12:25:32.737+0000] {logging_mixin.py:188} INFO - [2026-06-08T12:25:32.737+0000] {dag.py:3096} INFO - Sync 1 DAGs
[2026-06-08T12:25:32.755+0000] {logging_mixin.py:188} INFO - [2026-06-08T12:25:32.755+0000] {dag.py:3954} INFO - Setting next_dagrun for example_nested_branch_dag to 2026-06-07 00:00:00+00:00, run_after=2026-06-08 00:00:00+00:00
[2026-06-08T12:25:32.779+0000] {processor.py:183} INFO - Processing /home/airflow/.local/lib/python3.12/site-packages/airflow/example_dags/example_nested_branch_dag.py took 0.078 seconds
[2026-06-08T12:26:03.132+0000] {processor.py:161} INFO - Started process (PID=1100) to work on /home/airflow/.local/lib/python3.12/site-packages/airflow/example_dags/example_nested_branch_dag.py
[2026-06-08T12:26:03.133+0000] {processor.py:830} INFO - Processing file /home/airflow/.local/lib/python3.12/site-packages/airflow/example_dags/example_nested_branch_dag.py for tasks to queue
[2026-06-08T12:26:03.134+0000] {logging_mixin.py:188} INFO - [2026-06-08T12:26:03.133+0000] {dagbag.py:545} INFO - Filling up the DagBag from /home/airflow/.local/lib/python3.12/site-packages/airflow/example_dags/example_nested_branch_dag.py
[2026-06-08T12:26:03.141+0000] {processor.py:840} INFO - DAG(s) 'example_nested_branch_dag' retrieved from /home/airflow/.local/lib/python3.12/site-packages/airflow/example_dags/example_nested_branch_dag.py
[2026-06-08T12:26:03.162+0000] {logging_mixin.py:188} INFO - [2026-06-08T12:26:03.162+0000] {dag.py:3096} INFO - Sync 1 DAGs
[2026-06-08T12:26:03.180+0000] {logging_mixin.py:188} INFO - [2026-06-08T12:26:03.179+0000] {dag.py:3954} INFO - Setting next_dagrun for example_nested_branch_dag to 2026-06-07 00:00:00+00:00, run_after=2026-06-08 00:00:00+00:00
[2026-06-08T12:26:03.194+0000] {processor.py:183} INFO - Processing /home/airflow/.local/lib/python3.12/site-packages/airflow/example_dags/example_nested_branch_dag.py took 0.067 seconds
[2026-06-08T12:26:33.736+0000] {processor.py:161} INFO - Started process (PID=1159) to work on /home/airflow/.local/lib/python3.12/site-packages/airflow/example_dags/example_nested_branch_dag.py
[2026-06-08T12:26:33.737+0000] {processor.py:830} INFO - Processing file /home/airflow/.local/lib/python3.12/site-packages/airflow/example_dags/example_nested_branch_dag.py for tasks to queue
[2026-06-08T12:26:33.739+0000] {logging_mixin.py:188} INFO - [2026-06-08T12:26:33.739+0000] {dagbag.py:545} INFO - Filling up the DagBag from /home/airflow/.local/lib/python3.12/site-packages/airflow/example_dags/example_nested_branch_dag.py
[2026-06-08T12:26:33.747+0000] {processor.py:840} INFO - DAG(s) 'example_nested_branch_dag' retrieved from /home/airflow/.local/lib/python3.12/site-packages/airflow/example_dags/example_nested_branch_dag.py
[2026-06-08T12:26:33.769+0000] {logging_mixin.py:188} INFO - [2026-06-08T12:26:33.769+0000] {dag.py:3096} INFO - Sync 1 DAGs
[2026-06-08T12:26:33.792+0000] {logging_mixin.py:188} INFO - [2026-06-08T12:26:33.791+0000] {dag.py:3954} INFO - Setting next_dagrun for example_nested_branch_dag to 2026-06-07 00:00:00+00:00, run_after=2026-06-08 00:00:00+00:00
[2026-06-08T12:26:33.806+0000] {processor.py:183} INFO - Processing /home/airflow/.local/lib/python3.12/site-packages/airflow/example_dags/example_nested_branch_dag.py took 0.075 seconds
[2026-06-08T12:27:04.042+0000] {processor.py:161} INFO - Started process (PID=1218) to work on /home/airflow/.local/lib/python3.12/site-packages/airflow/example_dags/example_nested_branch_dag.py
[2026-06-08T12:27:04.043+0000] {processor.py:830} INFO - Processing file /home/airflow/.local/lib/python3.12/site-packages/airflow/example_dags/example_nested_branch_dag.py for tasks to queue
[2026-06-08T12:27:04.044+0000] {logging_mixin.py:188} INFO - [2026-06-08T12:27:04.044+0000] {dagbag.py:545} INFO - Filling up the DagBag from /home/airflow/.local/lib/python3.12/site-packages/airflow/example_dags/example_nested_branch_dag.py
[2026-06-08T12:27:04.053+0000] {processor.py:840} INFO - DAG(s) 'example_nested_branch_dag' retrieved from /home/airflow/.local/lib/python3.12/site-packages/airflow/example_dags/example_nested_branch_dag.py
[2026-06-08T12:27:04.069+0000] {logging_mixin.py:188} INFO - [2026-06-08T12:27:04.069+0000] {dag.py:3096} INFO - Sync 1 DAGs
[2026-06-08T12:27:04.083+0000] {logging_mixin.py:188} INFO - [2026-06-08T12:27:04.083+0000] {dag.py:3954} INFO - Setting next_dagrun for example_nested_branch_dag to 2026-06-07 00:00:00+00:00, run_after=2026-06-08 00:00:00+00:00
[2026-06-08T12:27:04.095+0000] {processor.py:183} INFO - Processing /home/airflow/.local/lib/python3.12/site-packages/airflow/example_dags/example_nested_branch_dag.py took 0.059 seconds
[2026-06-08T12:27:34.623+0000] {processor.py:161} INFO - Started process (PID=1277) to work on /home/airflow/.local/lib/python3.12/site-packages/airflow/example_dags/example_nested_branch_dag.py
[2026-06-08T12:27:34.624+0000] {processor.py:830} INFO - Processing file /home/airflow/.local/lib/python3.12/site-packages/airflow/example_dags/example_nested_branch_dag.py for tasks to queue
[2026-06-08T12:27:34.625+0000] {logging_mixin.py:188} INFO - [2026-06-08T12:27:34.625+0000] {dagbag.py:545} INFO - Filling up the DagBag from /home/airflow/.local/lib/python3.12/site-packages/airflow/example_dags/example_nested_branch_dag.py
[2026-06-08T12:27:34.632+0000] {processor.py:840} INFO - DAG(s) 'example_nested_branch_dag' retrieved from /home/airflow/.local/lib/python3.12/site-packages/airflow/example_dags/example_nested_branch_dag.py
[2026-06-08T12:27:34.649+0000] {logging_mixin.py:188} INFO - [2026-06-08T12:27:34.649+0000] {dag.py:3096} INFO - Sync 1 DAGs
[2026-06-08T12:27:34.665+0000] {logging_mixin.py:188} INFO - [2026-06-08T12:27:34.665+0000] {dag.py:3954} INFO - Setting next_dagrun for example_nested_branch_dag to 2026-06-07 00:00:00+00:00, run_after=2026-06-08 00:00:00+00:00
[2026-06-08T12:27:34.680+0000] {processor.py:183} INFO - Processing /home/airflow/.local/lib/python3.12/site-packages/airflow/example_dags/example_nested_branch_dag.py took 0.063 seconds
[2026-06-08T12:28:05.404+0000] {processor.py:161} INFO - Started process (PID=1336) to work on /home/airflow/.local/lib/python3.12/site-packages/airflow/example_dags/example_nested_branch_dag.py
[2026-06-08T12:28:05.405+0000] {processor.py:830} INFO - Processing file /home/airflow/.local/lib/python3.12/site-packages/airflow/example_dags/example_nested_branch_dag.py for tasks to queue
[2026-06-08T12:28:05.406+0000] {logging_mixin.py:188} INFO - [2026-06-08T12:28:05.406+0000] {dagbag.py:545} INFO - Filling up the DagBag from /home/airflow/.local/lib/python3.12/site-packages/airflow/example_dags/example_nested_branch_dag.py
[2026-06-08T12:28:05.412+0000] {processor.py:840} INFO - DAG(s) 'example_nested_branch_dag' retrieved from /home/airflow/.local/lib/python3.12/site-packages/airflow/example_dags/example_nested_branch_dag.py
[2026-06-08T12:28:05.426+0000] {logging_mixin.py:188} INFO - [2026-06-08T12:28:05.425+0000] {dag.py:3096} INFO - Sync 1 DAGs
[2026-06-08T12:28:05.442+0000] {logging_mixin.py:188} INFO - [2026-06-08T12:28:05.441+0000] {dag.py:3954} INFO - Setting next_dagrun for example_nested_branch_dag to 2026-06-07 00:00:00+00:00, run_after=2026-06-08 00:00:00+00:00
[2026-06-08T12:28:05.456+0000] {processor.py:183} INFO - Processing /home/airflow/.local/lib/python3.12/site-packages/airflow/example_dags/example_nested_branch_dag.py took 0.056 seconds
[2026-06-08T12:28:35.685+0000] {processor.py:161} INFO - Started process (PID=1396) to work on /home/airflow/.local/lib/python3.12/site-packages/airflow/example_dags/example_nested_branch_dag.py
[2026-06-08T12:28:35.686+0000] {processor.py:830} INFO - Processing file /home/airflow/.local/lib/python3.12/site-packages/airflow/example_dags/example_nested_branch_dag.py for tasks to queue
[2026-06-08T12:28:35.687+0000] {logging_mixin.py:188} INFO - [2026-06-08T12:28:35.687+0000] {dagbag.py:545} INFO - Filling up the DagBag from /home/airflow/.local/lib/python3.12/site-packages/airflow/example_dags/example_nested_branch_dag.py
[2026-06-08T12:28:35.692+0000] {processor.py:840} INFO - DAG(s) 'example_nested_branch_dag' retrieved from /home/airflow/.local/lib/python3.12/site-packages/airflow/example_dags/example_nested_branch_dag.py
[2026-06-08T12:28:35.706+0000] {logging_mixin.py:188} INFO - [2026-06-08T12:28:35.706+0000] {dag.py:3096} INFO - Sync 1 DAGs
[2026-06-08T12:28:35.721+0000] {logging_mixin.py:188} INFO - [2026-06-08T12:28:35.721+0000] {dag.py:3954} INFO - Setting next_dagrun for example_nested_branch_dag to 2026-06-07 00:00:00+00:00, run_after=2026-06-08 00:00:00+00:00
[2026-06-08T12:28:35.735+0000] {processor.py:183} INFO - Processing /home/airflow/.local/lib/python3.12/site-packages/airflow/example_dags/example_nested_branch_dag.py took 0.055 seconds
[2026-06-08T12:29:06.050+0000] {processor.py:161} INFO - Started process (PID=1455) to work on /home/airflow/.local/lib/python3.12/site-packages/airflow/example_dags/example_nested_branch_dag.py
[2026-06-08T12:29:06.051+0000] {processor.py:830} INFO - Processing file /home/airflow/.local/lib/python3.12/site-packages/airflow/example_dags/example_nested_branch_dag.py for tasks to queue
[2026-06-08T12:29:06.053+0000] {logging_mixin.py:188} INFO - [2026-06-08T12:29:06.052+0000] {dagbag.py:545} INFO - Filling up the DagBag from /home/airflow/.local/lib/python3.12/site-packages/airflow/example_dags/example_nested_branch_dag.py
[2026-06-08T12:29:06.060+0000] {processor.py:840} INFO - DAG(s) 'example_nested_branch_dag' retrieved from /home/airflow/.local/lib/python3.12/site-packages/airflow/example_dags/example_nested_branch_dag.py
[2026-06-08T12:29:06.076+0000] {logging_mixin.py:188} INFO - [2026-06-08T12:29:06.076+0000] {dag.py:3096} INFO - Sync 1 DAGs
[2026-06-08T12:29:06.091+0000] {logging_mixin.py:188} INFO - [2026-06-08T12:29:06.091+0000] {dag.py:3954} INFO - Setting next_dagrun for example_nested_branch_dag to 2026-06-07 00:00:00+00:00, run_after=2026-06-08 00:00:00+00:00
[2026-06-08T12:29:06.103+0000] {processor.py:183} INFO - Processing /home/airflow/.local/lib/python3.12/site-packages/airflow/example_dags/example_nested_branch_dag.py took 0.060 seconds
[2026-06-08T12:29:36.583+0000] {processor.py:161} INFO - Started process (PID=1514) to work on /home/airflow/.local/lib/python3.12/site-packages/airflow/example_dags/example_nested_branch_dag.py
[2026-06-08T12:29:36.584+0000] {processor.py:830} INFO - Processing file /home/airflow/.local/lib/python3.12/site-packages/airflow/example_dags/example_nested_branch_dag.py for tasks to queue
[2026-06-08T12:29:36.585+0000] {logging_mixin.py:188} INFO - [2026-06-08T12:29:36.585+0000] {dagbag.py:545} INFO - Filling up the DagBag from /home/airflow/.local/lib/python3.12/site-packages/airflow/example_dags/example_nested_branch_dag.py
[2026-06-08T12:29:36.592+0000] {processor.py:840} INFO - DAG(s) 'example_nested_branch_dag' retrieved from /home/airflow/.local/lib/python3.12/site-packages/airflow/example_dags/example_nested_branch_dag.py
[2026-06-08T12:29:36.612+0000] {logging_mixin.py:188} INFO - [2026-06-08T12:29:36.611+0000] {dag.py:3096} INFO - Sync 1 DAGs
[2026-06-08T12:29:36.633+0000] {logging_mixin.py:188} INFO - [2026-06-08T12:29:36.632+0000] {dag.py:3954} INFO - Setting next_dagrun for example_nested_branch_dag to 2026-06-07 00:00:00+00:00, run_after=2026-06-08 00:00:00+00:00
[2026-06-08T12:29:36.656+0000] {processor.py:183} INFO - Processing /home/airflow/.local/lib/python3.12/site-packages/airflow/example_dags/example_nested_branch_dag.py took 0.078 seconds
[2026-06-08T12:30:07.223+0000] {processor.py:161} INFO - Started process (PID=1573) to work on /home/airflow/.local/lib/python3.12/site-packages/airflow/example_dags/example_nested_branch_dag.py
[2026-06-08T12:30:07.224+0000] {processor.py:830} INFO - Processing file /home/airflow/.local/lib/python3.12/site-packages/airflow/example_dags/example_nested_branch_dag.py for tasks to queue
[2026-06-08T12:30:07.225+0000] {logging_mixin.py:188} INFO - [2026-06-08T12:30:07.225+0000] {dagbag.py:545} INFO - Filling up the DagBag from /home/airflow/.local/lib/python3.12/site-packages/airflow/example_dags/example_nested_branch_dag.py
[2026-06-08T12:30:07.231+0000] {processor.py:840} INFO - DAG(s) 'example_nested_branch_dag' retrieved from /home/airflow/.local/lib/python3.12/site-packages/airflow/example_dags/example_nested_branch_dag.py
[2026-06-08T12:30:07.249+0000] {logging_mixin.py:188} INFO - [2026-06-08T12:30:07.249+0000] {dag.py:3096} INFO - Sync 1 DAGs
[2026-06-08T12:30:07.265+0000] {logging_mixin.py:188} INFO - [2026-06-08T12:30:07.265+0000] {dag.py:3954} INFO - Setting next_dagrun for example_nested_branch_dag to 2026-06-07 00:00:00+00:00, run_after=2026-06-08 00:00:00+00:00
[2026-06-08T12:30:07.277+0000] {processor.py:183} INFO - Processing /home/airflow/.local/lib/python3.12/site-packages/airflow/example_dags/example_nested_branch_dag.py took 0.057 seconds
[2026-06-08T12:30:37.885+0000] {processor.py:161} INFO - Started process (PID=1632) to work on /home/airflow/.local/lib/python3.12/site-packages/airflow/example_dags/example_nested_branch_dag.py
[2026-06-08T12:30:37.886+0000] {processor.py:830} INFO - Processing file /home/airflow/.local/lib/python3.12/site-packages/airflow/example_dags/example_nested_branch_dag.py for tasks to queue
[2026-06-08T12:30:37.887+0000] {logging_mixin.py:188} INFO - [2026-06-08T12:30:37.886+0000] {dagbag.py:545} INFO - Filling up the DagBag from /home/airflow/.local/lib/python3.12/site-packages/airflow/example_dags/example_nested_branch_dag.py
[2026-06-08T12:30:37.892+0000] {processor.py:840} INFO - DAG(s) 'example_nested_branch_dag' retrieved from /home/airflow/.local/lib/python3.12/site-packages/airflow/example_dags/example_nested_branch_dag.py
[2026-06-08T12:30:37.907+0000] {logging_mixin.py:188} INFO - [2026-06-08T12:30:37.907+0000] {dag.py:3096} INFO - Sync 1 DAGs
[2026-06-08T12:30:37.926+0000] {logging_mixin.py:188} INFO - [2026-06-08T12:30:37.926+0000] {dag.py:3954} INFO - Setting next_dagrun for example_nested_branch_dag to 2026-06-07 00:00:00+00:00, run_after=2026-06-08 00:00:00+00:00
[2026-06-08T12:30:37.941+0000] {processor.py:183} INFO - Processing /home/airflow/.local/lib/python3.12/site-packages/airflow/example_dags/example_nested_branch_dag.py took 0.061 seconds
[2026-06-08T12:31:08.317+0000] {processor.py:161} INFO - Started process (PID=1691) to work on /home/airflow/.local/lib/python3.12/site-packages/airflow/example_dags/example_nested_branch_dag.py
[2026-06-08T12:31:08.318+0000] {processor.py:830} INFO - Processing file /home/airflow/.local/lib/python3.12/site-packages/airflow/example_dags/example_nested_branch_dag.py for tasks to queue
[2026-06-08T12:31:08.319+0000] {logging_mixin.py:188} INFO - [2026-06-08T12:31:08.319+0000] {dagbag.py:545} INFO - Filling up the DagBag from /home/airflow/.local/lib/python3.12/site-packages/airflow/example_dags/example_nested_branch_dag.py
[2026-06-08T12:31:08.325+0000] {processor.py:840} INFO - DAG(s) 'example_nested_branch_dag' retrieved from /home/airflow/.local/lib/python3.12/site-packages/airflow/example_dags/example_nested_branch_dag.py
[2026-06-08T12:31:08.344+0000] {logging_mixin.py:188} INFO - [2026-06-08T12:31:08.344+0000] {dag.py:3096} INFO - Sync 1 DAGs
[2026-06-08T12:31:08.363+0000] {logging_mixin.py:188} INFO - [2026-06-08T12:31:08.362+0000] {dag.py:3954} INFO - Setting next_dagrun for example_nested_branch_dag to 2026-06-07 00:00:00+00:00, run_after=2026-06-08 00:00:00+00:00
[2026-06-08T12:31:08.379+0000] {processor.py:183} INFO - Processing /home/airflow/.local/lib/python3.12/site-packages/airflow/example_dags/example_nested_branch_dag.py took 0.065 seconds
[2026-06-08T12:31:38.643+0000] {processor.py:161} INFO - Started process (PID=1750) to work on /home/airflow/.local/lib/python3.12/site-packages/airflow/example_dags/example_nested_branch_dag.py
[2026-06-08T12:31:38.643+0000] {processor.py:830} INFO - Processing file /home/airflow/.local/lib/python3.12/site-packages/airflow/example_dags/example_nested_branch_dag.py for tasks to queue
[2026-06-08T12:31:38.645+0000] {logging_mixin.py:188} INFO - [2026-06-08T12:31:38.644+0000] {dagbag.py:545} INFO - Filling up the DagBag from /home/airflow/.local/lib/python3.12/site-packages/airflow/example_dags/example_nested_branch_dag.py
[2026-06-08T12:31:38.651+0000] {processor.py:840} INFO - DAG(s) 'example_nested_branch_dag' retrieved from /home/airflow/.local/lib/python3.12/site-packages/airflow/example_dags/example_nested_branch_dag.py
[2026-06-08T12:31:38.668+0000] {logging_mixin.py:188} INFO - [2026-06-08T12:31:38.667+0000] {dag.py:3096} INFO - Sync 1 DAGs
[2026-06-08T12:31:38.687+0000] {logging_mixin.py:188} INFO - [2026-06-08T12:31:38.686+0000] {dag.py:3954} INFO - Setting next_dagrun for example_nested_branch_dag to 2026-06-07 00:00:00+00:00, run_after=2026-06-08 00:00:00+00:00
[2026-06-08T12:31:38.705+0000] {processor.py:183} INFO - Processing /home/airflow/.local/lib/python3.12/site-packages/airflow/example_dags/example_nested_branch_dag.py took 0.066 seconds
[2026-06-08T12:32:09.239+0000] {processor.py:161} INFO - Started process (PID=1809) to work on /home/airflow/.local/lib/python3.12/site-packages/airflow/example_dags/example_nested_branch_dag.py
[2026-06-08T12:32:09.240+0000] {processor.py:830} INFO - Processing file /home/airflow/.local/lib/python3.12/site-packages/airflow/example_dags/example_nested_branch_dag.py for tasks to queue
[2026-06-08T12:32:09.241+0000] {logging_mixin.py:188} INFO - [2026-06-08T12:32:09.241+0000] {dagbag.py:545} INFO - Filling up the DagBag from /home/airflow/.local/lib/python3.12/site-packages/airflow/example_dags/example_nested_branch_dag.py
[2026-06-08T12:32:09.247+0000] {processor.py:840} INFO - DAG(s) 'example_nested_branch_dag' retrieved from /home/airflow/.local/lib/python3.12/site-packages/airflow/example_dags/example_nested_branch_dag.py
[2026-06-08T12:32:09.263+0000] {logging_mixin.py:188} INFO - [2026-06-08T12:32:09.263+0000] {dag.py:3096} INFO - Sync 1 DAGs
[2026-06-08T12:32:09.277+0000] {logging_mixin.py:188} INFO - [2026-06-08T12:32:09.277+0000] {dag.py:3954} INFO - Setting next_dagrun for example_nested_branch_dag to 2026-06-07 00:00:00+00:00, run_after=2026-06-08 00:00:00+00:00
[2026-06-08T12:32:09.291+0000] {processor.py:183} INFO - Processing /home/airflow/.local/lib/python3.12/site-packages/airflow/example_dags/example_nested_branch_dag.py took 0.056 seconds
[2026-06-08T12:32:40.088+0000] {processor.py:161} INFO - Started process (PID=1868) to work on /home/airflow/.local/lib/python3.12/site-packages/airflow/example_dags/example_nested_branch_dag.py
[2026-06-08T12:32:40.089+0000] {processor.py:830} INFO - Processing file /home/airflow/.local/lib/python3.12/site-packages/airflow/example_dags/example_nested_branch_dag.py for tasks to queue
[2026-06-08T12:32:40.091+0000] {logging_mixin.py:188} INFO - [2026-06-08T12:32:40.091+0000] {dagbag.py:545} INFO - Filling up the DagBag from /home/airflow/.local/lib/python3.12/site-packages/airflow/example_dags/example_nested_branch_dag.py
[2026-06-08T12:32:40.100+0000] {processor.py:840} INFO - DAG(s) 'example_nested_branch_dag' retrieved from /home/airflow/.local/lib/python3.12/site-packages/airflow/example_dags/example_nested_branch_dag.py
[2026-06-08T12:32:40.125+0000] {logging_mixin.py:188} INFO - [2026-06-08T12:32:40.125+0000] {dag.py:3096} INFO - Sync 1 DAGs
[2026-06-08T12:32:40.146+0000] {logging_mixin.py:188} INFO - [2026-06-08T12:32:40.146+0000] {dag.py:3954} INFO - Setting next_dagrun for example_nested_branch_dag to 2026-06-07 00:00:00+00:00, run_after=2026-06-08 00:00:00+00:00
[2026-06-08T12:32:40.161+0000] {processor.py:183} INFO - Processing /home/airflow/.local/lib/python3.12/site-packages/airflow/example_dags/example_nested_branch_dag.py took 0.080 seconds
[2026-06-08T12:33:10.362+0000] {processor.py:161} INFO - Started process (PID=1927) to work on /home/airflow/.local/lib/python3.12/site-packages/airflow/example_dags/example_nested_branch_dag.py
[2026-06-08T12:33:10.373+0000] {processor.py:830} INFO - Processing file /home/airflow/.local/lib/python3.12/site-packages/airflow/example_dags/example_nested_branch_dag.py for tasks to queue
[2026-06-08T12:33:10.376+0000] {logging_mixin.py:188} INFO - [2026-06-08T12:33:10.375+0000] {dagbag.py:545} INFO - Filling up the DagBag from /home/airflow/.local/lib/python3.12/site-packages/airflow/example_dags/example_nested_branch_dag.py
[2026-06-08T12:33:10.388+0000] {processor.py:840} INFO - DAG(s) 'example_nested_branch_dag' retrieved from /home/airflow/.local/lib/python3.12/site-packages/airflow/example_dags/example_nested_branch_dag.py
[2026-06-08T12:33:10.406+0000] {logging_mixin.py:188} INFO - [2026-06-08T12:33:10.406+0000] {dag.py:3096} INFO - Sync 1 DAGs
[2026-06-08T12:33:10.427+0000] {logging_mixin.py:188} INFO - [2026-06-08T12:33:10.427+0000] {dag.py:3954} INFO - Setting next_dagrun for example_nested_branch_dag to 2026-06-07 00:00:00+00:00, run_after=2026-06-08 00:00:00+00:00
[2026-06-08T12:33:10.449+0000] {processor.py:183} INFO - Processing /home/airflow/.local/lib/python3.12/site-packages/airflow/example_dags/example_nested_branch_dag.py took 0.093 seconds
[2026-06-08T12:33:41.121+0000] {processor.py:161} INFO - Started process (PID=1986) to work on /home/airflow/.local/lib/python3.12/site-packages/airflow/example_dags/example_nested_branch_dag.py
[2026-06-08T12:33:41.121+0000] {processor.py:830} INFO - Processing file /home/airflow/.local/lib/python3.12/site-packages/airflow/example_dags/example_nested_branch_dag.py for tasks to queue
[2026-06-08T12:33:41.122+0000] {logging_mixin.py:188} INFO - [2026-06-08T12:33:41.122+0000] {dagbag.py:545} INFO - Filling up the DagBag from /home/airflow/.local/lib/python3.12/site-packages/airflow/example_dags/example_nested_branch_dag.py
[2026-06-08T12:33:41.129+0000] {processor.py:840} INFO - DAG(s) 'example_nested_branch_dag' retrieved from /home/airflow/.local/lib/python3.12/site-packages/airflow/example_dags/example_nested_branch_dag.py
[2026-06-08T12:33:41.146+0000] {logging_mixin.py:188} INFO - [2026-06-08T12:33:41.146+0000] {dag.py:3096} INFO - Sync 1 DAGs
[2026-06-08T12:33:41.162+0000] {logging_mixin.py:188} INFO - [2026-06-08T12:33:41.162+0000] {dag.py:3954} INFO - Setting next_dagrun for example_nested_branch_dag to 2026-06-07 00:00:00+00:00, run_after=2026-06-08 00:00:00+00:00
[2026-06-08T12:33:41.185+0000] {processor.py:183} INFO - Processing /home/airflow/.local/lib/python3.12/site-packages/airflow/example_dags/example_nested_branch_dag.py took 0.071 seconds
[2026-06-08T12:34:12.047+0000] {processor.py:161} INFO - Started process (PID=2045) to work on /home/airflow/.local/lib/python3.12/site-packages/airflow/example_dags/example_nested_branch_dag.py
[2026-06-08T12:34:12.048+0000] {processor.py:830} INFO - Processing file /home/airflow/.local/lib/python3.12/site-packages/airflow/example_dags/example_nested_branch_dag.py for tasks to queue
[2026-06-08T12:34:12.049+0000] {logging_mixin.py:188} INFO - [2026-06-08T12:34:12.049+0000] {dagbag.py:545} INFO - Filling up the DagBag from /home/airflow/.local/lib/python3.12/site-packages/airflow/example_dags/example_nested_branch_dag.py
[2026-06-08T12:34:12.055+0000] {processor.py:840} INFO - DAG(s) 'example_nested_branch_dag' retrieved from /home/airflow/.local/lib/python3.12/site-packages/airflow/example_dags/example_nested_branch_dag.py
[2026-06-08T12:34:12.072+0000] {logging_mixin.py:188} INFO - [2026-06-08T12:34:12.071+0000] {dag.py:3096} INFO - Sync 1 DAGs
[2026-06-08T12:34:12.098+0000] {logging_mixin.py:188} INFO - [2026-06-08T12:34:12.098+0000] {dag.py:3954} INFO - Setting next_dagrun for example_nested_branch_dag to 2026-06-07 00:00:00+00:00, run_after=2026-06-08 00:00:00+00:00
[2026-06-08T12:34:12.118+0000] {processor.py:183} INFO - Processing /home/airflow/.local/lib/python3.12/site-packages/airflow/example_dags/example_nested_branch_dag.py took 0.076 seconds
[2026-06-08T12:34:43.738+0000] {processor.py:161} INFO - Started process (PID=2104) to work on /home/airflow/.local/lib/python3.12/site-packages/airflow/example_dags/example_nested_branch_dag.py
[2026-06-08T12:34:43.740+0000] {processor.py:830} INFO - Processing file /home/airflow/.local/lib/python3.12/site-packages/airflow/example_dags/example_nested_branch_dag.py for tasks to queue
[2026-06-08T12:34:43.741+0000] {logging_mixin.py:188} INFO - [2026-06-08T12:34:43.741+0000] {dagbag.py:545} INFO - Filling up the DagBag from /home/airflow/.local/lib/python3.12/site-packages/airflow/example_dags/example_nested_branch_dag.py
[2026-06-08T12:34:43.749+0000] {processor.py:840} INFO - DAG(s) 'example_nested_branch_dag' retrieved from /home/airflow/.local/lib/python3.12/site-packages/airflow/example_dags/example_nested_branch_dag.py
[2026-06-08T12:34:43.766+0000] {logging_mixin.py:188} INFO - [2026-06-08T12:34:43.766+0000] {dag.py:3096} INFO - Sync 1 DAGs
[2026-06-08T12:34:43.829+0000] {logging_mixin.py:188} INFO - [2026-06-08T12:34:43.829+0000] {dag.py:3954} INFO - Setting next_dagrun for example_nested_branch_dag to 2026-06-07 00:00:00+00:00, run_after=2026-06-08 00:00:00+00:00
[2026-06-08T12:34:43.879+0000] {processor.py:183} INFO - Processing /home/airflow/.local/lib/python3.12/site-packages/airflow/example_dags/example_nested_branch_dag.py took 0.148 seconds
[2026-06-08T12:35:14.286+0000] {processor.py:161} INFO - Started process (PID=2163) to work on /home/airflow/.local/lib/python3.12/site-packages/airflow/example_dags/example_nested_branch_dag.py
[2026-06-08T12:35:14.286+0000] {processor.py:830} INFO - Processing file /home/airflow/.local/lib/python3.12/site-packages/airflow/example_dags/example_nested_branch_dag.py for tasks to queue
[2026-06-08T12:35:14.287+0000] {logging_mixin.py:188} INFO - [2026-06-08T12:35:14.287+0000] {dagbag.py:545} INFO - Filling up the DagBag from /home/airflow/.local/lib/python3.12/site-packages/airflow/example_dags/example_nested_branch_dag.py
[2026-06-08T12:35:14.293+0000] {processor.py:840} INFO - DAG(s) 'example_nested_branch_dag' retrieved from /home/airflow/.local/lib/python3.12/site-packages/airflow/example_dags/example_nested_branch_dag.py
[2026-06-08T12:35:14.313+0000] {logging_mixin.py:188} INFO - [2026-06-08T12:35:14.312+0000] {dag.py:3096} INFO - Sync 1 DAGs
[2026-06-08T12:35:14.329+0000] {logging_mixin.py:188} INFO - [2026-06-08T12:35:14.329+0000] {dag.py:3954} INFO - Setting next_dagrun for example_nested_branch_dag to 2026-06-07 00:00:00+00:00, run_after=2026-06-08 00:00:00+00:00
[2026-06-08T12:35:14.341+0000] {processor.py:183} INFO - Processing /home/airflow/.local/lib/python3.12/site-packages/airflow/example_dags/example_nested_branch_dag.py took 0.061 seconds
[2026-06-08T12:35:44.829+0000] {processor.py:161} INFO - Started process (PID=2222) to work on /home/airflow/.local/lib/python3.12/site-packages/airflow/example_dags/example_nested_branch_dag.py
[2026-06-08T12:35:44.830+0000] {processor.py:830} INFO - Processing file /home/airflow/.local/lib/python3.12/site-packages/airflow/example_dags/example_nested_branch_dag.py for tasks to queue
[2026-06-08T12:35:44.831+0000] {logging_mixin.py:188} INFO - [2026-06-08T12:35:44.831+0000] {dagbag.py:545} INFO - Filling up the DagBag from /home/airflow/.local/lib/python3.12/site-packages/airflow/example_dags/example_nested_branch_dag.py
[2026-06-08T12:35:44.837+0000] {processor.py:840} INFO - DAG(s) 'example_nested_branch_dag' retrieved from /home/airflow/.local/lib/python3.12/site-packages/airflow/example_dags/example_nested_branch_dag.py
[2026-06-08T12:35:44.860+0000] {logging_mixin.py:188} INFO - [2026-06-08T12:35:44.859+0000] {dag.py:3096} INFO - Sync 1 DAGs
[2026-06-08T12:35:44.875+0000] {logging_mixin.py:188} INFO - [2026-06-08T12:35:44.875+0000] {dag.py:3954} INFO - Setting next_dagrun for example_nested_branch_dag to 2026-06-07 00:00:00+00:00, run_after=2026-06-08 00:00:00+00:00
[2026-06-08T12:35:44.896+0000] {processor.py:183} INFO - Processing /home/airflow/.local/lib/python3.12/site-packages/airflow/example_dags/example_nested_branch_dag.py took 0.072 seconds
[2026-06-08T12:36:15.335+0000] {processor.py:161} INFO - Started process (PID=2281) to work on /home/airflow/.local/lib/python3.12/site-packages/airflow/example_dags/example_nested_branch_dag.py
[2026-06-08T12:36:15.336+0000] {processor.py:830} INFO - Processing file /home/airflow/.local/lib/python3.12/site-packages/airflow/example_dags/example_nested_branch_dag.py for tasks to queue
[2026-06-08T12:36:15.338+0000] {logging_mixin.py:188} INFO - [2026-06-08T12:36:15.338+0000] {dagbag.py:545} INFO - Filling up the DagBag from /home/airflow/.local/lib/python3.12/site-packages/airflow/example_dags/example_nested_branch_dag.py
[2026-06-08T12:36:15.348+0000] {processor.py:840} INFO - DAG(s) 'example_nested_branch_dag' retrieved from /home/airflow/.local/lib/python3.12/site-packages/airflow/example_dags/example_nested_branch_dag.py
[2026-06-08T12:36:15.369+0000] {logging_mixin.py:188} INFO - [2026-06-08T12:36:15.369+0000] {dag.py:3096} INFO - Sync 1 DAGs
[2026-06-08T12:36:15.385+0000] {logging_mixin.py:188} INFO - [2026-06-08T12:36:15.385+0000] {dag.py:3954} INFO - Setting next_dagrun for example_nested_branch_dag to 2026-06-07 00:00:00+00:00, run_after=2026-06-08 00:00:00+00:00
[2026-06-08T12:36:15.397+0000] {processor.py:183} INFO - Processing /home/airflow/.local/lib/python3.12/site-packages/airflow/example_dags/example_nested_branch_dag.py took 0.069 seconds
[2026-06-08T12:36:45.950+0000] {processor.py:161} INFO - Started process (PID=2340) to work on /home/airflow/.local/lib/python3.12/site-packages/airflow/example_dags/example_nested_branch_dag.py
[2026-06-08T12:36:45.951+0000] {processor.py:830} INFO - Processing file /home/airflow/.local/lib/python3.12/site-packages/airflow/example_dags/example_nested_branch_dag.py for tasks to queue
[2026-06-08T12:36:45.952+0000] {logging_mixin.py:188} INFO - [2026-06-08T12:36:45.952+0000] {dagbag.py:545} INFO - Filling up the DagBag from /home/airflow/.local/lib/python3.12/site-packages/airflow/example_dags/example_nested_branch_dag.py
[2026-06-08T12:36:45.958+0000] {processor.py:840} INFO - DAG(s) 'example_nested_branch_dag' retrieved from /home/airflow/.local/lib/python3.12/site-packages/airflow/example_dags/example_nested_branch_dag.py
[2026-06-08T12:36:45.974+0000] {logging_mixin.py:188} INFO - [2026-06-08T12:36:45.974+0000] {dag.py:3096} INFO - Sync 1 DAGs
[2026-06-08T12:36:45.990+0000] {logging_mixin.py:188} INFO - [2026-06-08T12:36:45.990+0000] {dag.py:3954} INFO - Setting next_dagrun for example_nested_branch_dag to 2026-06-07 00:00:00+00:00, run_after=2026-06-08 00:00:00+00:00
[2026-06-08T12:36:46.005+0000] {processor.py:183} INFO - Processing /home/airflow/.local/lib/python3.12/site-packages/airflow/example_dags/example_nested_branch_dag.py took 0.058 seconds
[2026-06-08T12:37:16.335+0000] {processor.py:161} INFO - Started process (PID=2399) to work on /home/airflow/.local/lib/python3.12/site-packages/airflow/example_dags/example_nested_branch_dag.py
[2026-06-08T12:37:16.336+0000] {processor.py:830} INFO - Processing file /home/airflow/.local/lib/python3.12/site-packages/airflow/example_dags/example_nested_branch_dag.py for tasks to queue
[2026-06-08T12:37:16.337+0000] {logging_mixin.py:188} INFO - [2026-06-08T12:37:16.337+0000] {dagbag.py:545} INFO - Filling up the DagBag from /home/airflow/.local/lib/python3.12/site-packages/airflow/example_dags/example_nested_branch_dag.py
[2026-06-08T12:37:16.343+0000] {processor.py:840} INFO - DAG(s) 'example_nested_branch_dag' retrieved from /home/airflow/.local/lib/python3.12/site-packages/airflow/example_dags/example_nested_branch_dag.py
[2026-06-08T12:37:16.367+0000] {logging_mixin.py:188} INFO - [2026-06-08T12:37:16.367+0000] {dag.py:3096} INFO - Sync 1 DAGs
[2026-06-08T12:37:16.399+0000] {logging_mixin.py:188} INFO - [2026-06-08T12:37:16.398+0000] {dag.py:3954} INFO - Setting next_dagrun for example_nested_branch_dag to 2026-06-07 00:00:00+00:00, run_after=2026-06-08 00:00:00+00:00
[2026-06-08T12:37:16.412+0000] {processor.py:183} INFO - Processing /home/airflow/.local/lib/python3.12/site-packages/airflow/example_dags/example_nested_branch_dag.py took 0.083 seconds
[2026-06-08T12:37:46.518+0000] {processor.py:161} INFO - Started process (PID=2458) to work on /home/airflow/.local/lib/python3.12/site-packages/airflow/example_dags/example_nested_branch_dag.py
[2026-06-08T12:37:46.519+0000] {processor.py:830} INFO - Processing file /home/airflow/.local/lib/python3.12/site-packages/airflow/example_dags/example_nested_branch_dag.py for tasks to queue
[2026-06-08T12:37:46.520+0000] {logging_mixin.py:188} INFO - [2026-06-08T12:37:46.520+0000] {dagbag.py:545} INFO - Filling up the DagBag from /home/airflow/.local/lib/python3.12/site-packages/airflow/example_dags/example_nested_branch_dag.py
[2026-06-08T12:37:46.526+0000] {processor.py:840} INFO - DAG(s) 'example_nested_branch_dag' retrieved from /home/airflow/.local/lib/python3.12/site-packages/airflow/example_dags/example_nested_branch_dag.py
[2026-06-08T12:37:46.545+0000] {logging_mixin.py:188} INFO - [2026-06-08T12:37:46.545+0000] {dag.py:3096} INFO - Sync 1 DAGs
[2026-06-08T12:37:46.561+0000] {logging_mixin.py:188} INFO - [2026-06-08T12:37:46.560+0000] {dag.py:3954} INFO - Setting next_dagrun for example_nested_branch_dag to 2026-06-07 00:00:00+00:00, run_after=2026-06-08 00:00:00+00:00
[2026-06-08T12:37:46.574+0000] {processor.py:183} INFO - Processing /home/airflow/.local/lib/python3.12/site-packages/airflow/example_dags/example_nested_branch_dag.py took 0.061 seconds
