[2026-06-08T12:17:51.149+0000] {processor.py:161} INFO - Started process (PID=64) to work on /home/airflow/.local/lib/python3.12/site-packages/airflow/example_dags/example_branch_datetime_operator.py
[2026-06-08T12:17:51.149+0000] {processor.py:830} INFO - Processing file /home/airflow/.local/lib/python3.12/site-packages/airflow/example_dags/example_branch_datetime_operator.py for tasks to queue
[2026-06-08T12:17:51.150+0000] {logging_mixin.py:188} INFO - [2026-06-08T12:17:51.150+0000] {dagbag.py:545} INFO - Filling up the DagBag from /home/airflow/.local/lib/python3.12/site-packages/airflow/example_dags/example_branch_datetime_operator.py
[2026-06-08T12:17:51.162+0000] {processor.py:840} INFO - DAG(s) 'example_branch_datetime_operator_3', 'example_branch_datetime_operator', 'example_branch_datetime_operator_2' retrieved from /home/airflow/.local/lib/python3.12/site-packages/airflow/example_dags/example_branch_datetime_operator.py
[2026-06-08T12:17:51.173+0000] {logging_mixin.py:188} INFO - [2026-06-08T12:17:51.173+0000] {dag.py:3096} INFO - Sync 3 DAGs
[2026-06-08T12:17:51.200+0000] {logging_mixin.py:188} INFO - [2026-06-08T12:17:51.200+0000] {dag.py:3954} INFO - Setting next_dagrun for example_branch_datetime_operator to 2026-06-07 00:00:00+00:00, run_after=2026-06-08 00:00:00+00:00
[2026-06-08T12:17:51.206+0000] {logging_mixin.py:188} INFO - [2026-06-08T12:17:51.206+0000] {dag.py:3954} INFO - Setting next_dagrun for example_branch_datetime_operator_2 to 2026-06-07 00:00:00+00:00, run_after=2026-06-08 00:00:00+00:00
[2026-06-08T12:17:51.210+0000] {logging_mixin.py:188} INFO - [2026-06-08T12:17:51.209+0000] {dag.py:3954} INFO - Setting next_dagrun for example_branch_datetime_operator_3 to 2026-06-07 00:00:00+00:00, run_after=2026-06-08 00:00:00+00:00
[2026-06-08T12:17:51.228+0000] {processor.py:183} INFO - Processing /home/airflow/.local/lib/python3.12/site-packages/airflow/example_dags/example_branch_datetime_operator.py took 0.084 seconds
[2026-06-08T12:18:22.227+0000] {processor.py:161} INFO - Started process (PID=128) to work on /home/airflow/.local/lib/python3.12/site-packages/airflow/example_dags/example_branch_datetime_operator.py
[2026-06-08T12:18:22.227+0000] {processor.py:830} INFO - Processing file /home/airflow/.local/lib/python3.12/site-packages/airflow/example_dags/example_branch_datetime_operator.py for tasks to queue
[2026-06-08T12:18:22.228+0000] {logging_mixin.py:188} INFO - [2026-06-08T12:18:22.228+0000] {dagbag.py:545} INFO - Filling up the DagBag from /home/airflow/.local/lib/python3.12/site-packages/airflow/example_dags/example_branch_datetime_operator.py
[2026-06-08T12:18:22.237+0000] {processor.py:840} INFO - DAG(s) 'example_branch_datetime_operator_3', 'example_branch_datetime_operator', 'example_branch_datetime_operator_2' retrieved from /home/airflow/.local/lib/python3.12/site-packages/airflow/example_dags/example_branch_datetime_operator.py
[2026-06-08T12:18:22.334+0000] {logging_mixin.py:188} INFO - [2026-06-08T12:18:22.334+0000] {dag.py:3096} INFO - Sync 3 DAGs
[2026-06-08T12:18:22.350+0000] {logging_mixin.py:188} INFO - [2026-06-08T12:18:22.349+0000] {dag.py:3954} INFO - Setting next_dagrun for example_branch_datetime_operator to 2026-06-07 00:00:00+00:00, run_after=2026-06-08 00:00:00+00:00
[2026-06-08T12:18:22.353+0000] {logging_mixin.py:188} INFO - [2026-06-08T12:18:22.353+0000] {dag.py:3954} INFO - Setting next_dagrun for example_branch_datetime_operator_2 to 2026-06-07 00:00:00+00:00, run_after=2026-06-08 00:00:00+00:00
[2026-06-08T12:18:22.355+0000] {logging_mixin.py:188} INFO - [2026-06-08T12:18:22.355+0000] {dag.py:3954} INFO - Setting next_dagrun for example_branch_datetime_operator_3 to 2026-06-07 00:00:00+00:00, run_after=2026-06-08 00:00:00+00:00
[2026-06-08T12:18:22.369+0000] {processor.py:183} INFO - Processing /home/airflow/.local/lib/python3.12/site-packages/airflow/example_dags/example_branch_datetime_operator.py took 0.146 seconds
[2026-06-08T12:18:52.694+0000] {processor.py:161} INFO - Started process (PID=187) to work on /home/airflow/.local/lib/python3.12/site-packages/airflow/example_dags/example_branch_datetime_operator.py
[2026-06-08T12:18:52.695+0000] {processor.py:830} INFO - Processing file /home/airflow/.local/lib/python3.12/site-packages/airflow/example_dags/example_branch_datetime_operator.py for tasks to queue
[2026-06-08T12:18:52.697+0000] {logging_mixin.py:188} INFO - [2026-06-08T12:18:52.696+0000] {dagbag.py:545} INFO - Filling up the DagBag from /home/airflow/.local/lib/python3.12/site-packages/airflow/example_dags/example_branch_datetime_operator.py
[2026-06-08T12:18:52.707+0000] {processor.py:840} INFO - DAG(s) 'example_branch_datetime_operator_3', 'example_branch_datetime_operator_2', 'example_branch_datetime_operator' retrieved from /home/airflow/.local/lib/python3.12/site-packages/airflow/example_dags/example_branch_datetime_operator.py
[2026-06-08T12:18:52.735+0000] {logging_mixin.py:188} INFO - [2026-06-08T12:18:52.735+0000] {dag.py:3096} INFO - Sync 3 DAGs
[2026-06-08T12:18:52.756+0000] {logging_mixin.py:188} INFO - [2026-06-08T12:18:52.755+0000] {dag.py:3954} INFO - Setting next_dagrun for example_branch_datetime_operator to 2026-06-07 00:00:00+00:00, run_after=2026-06-08 00:00:00+00:00
[2026-06-08T12:18:52.762+0000] {logging_mixin.py:188} INFO - [2026-06-08T12:18:52.762+0000] {dag.py:3954} INFO - Setting next_dagrun for example_branch_datetime_operator_2 to 2026-06-07 00:00:00+00:00, run_after=2026-06-08 00:00:00+00:00
[2026-06-08T12:18:52.764+0000] {logging_mixin.py:188} INFO - [2026-06-08T12:18:52.764+0000] {dag.py:3954} INFO - Setting next_dagrun for example_branch_datetime_operator_3 to 2026-06-07 00:00:00+00:00, run_after=2026-06-08 00:00:00+00:00
[2026-06-08T12:18:52.776+0000] {processor.py:183} INFO - Processing /home/airflow/.local/lib/python3.12/site-packages/airflow/example_dags/example_branch_datetime_operator.py took 0.087 seconds
[2026-06-08T12:19:22.992+0000] {processor.py:161} INFO - Started process (PID=245) to work on /home/airflow/.local/lib/python3.12/site-packages/airflow/example_dags/example_branch_datetime_operator.py
[2026-06-08T12:19:22.993+0000] {processor.py:830} INFO - Processing file /home/airflow/.local/lib/python3.12/site-packages/airflow/example_dags/example_branch_datetime_operator.py for tasks to queue
[2026-06-08T12:19:22.994+0000] {logging_mixin.py:188} INFO - [2026-06-08T12:19:22.994+0000] {dagbag.py:545} INFO - Filling up the DagBag from /home/airflow/.local/lib/python3.12/site-packages/airflow/example_dags/example_branch_datetime_operator.py
[2026-06-08T12:19:23.000+0000] {processor.py:840} INFO - DAG(s) 'example_branch_datetime_operator', 'example_branch_datetime_operator_3', 'example_branch_datetime_operator_2' retrieved from /home/airflow/.local/lib/python3.12/site-packages/airflow/example_dags/example_branch_datetime_operator.py
[2026-06-08T12:19:23.026+0000] {logging_mixin.py:188} INFO - [2026-06-08T12:19:23.026+0000] {dag.py:3096} INFO - Sync 3 DAGs
[2026-06-08T12:19:23.044+0000] {logging_mixin.py:188} INFO - [2026-06-08T12:19:23.044+0000] {dag.py:3954} INFO - Setting next_dagrun for example_branch_datetime_operator to 2026-06-07 00:00:00+00:00, run_after=2026-06-08 00:00:00+00:00
[2026-06-08T12:19:23.047+0000] {logging_mixin.py:188} INFO - [2026-06-08T12:19:23.047+0000] {dag.py:3954} INFO - Setting next_dagrun for example_branch_datetime_operator_2 to 2026-06-07 00:00:00+00:00, run_after=2026-06-08 00:00:00+00:00
[2026-06-08T12:19:23.049+0000] {logging_mixin.py:188} INFO - [2026-06-08T12:19:23.049+0000] {dag.py:3954} INFO - Setting next_dagrun for example_branch_datetime_operator_3 to 2026-06-07 00:00:00+00:00, run_after=2026-06-08 00:00:00+00:00
[2026-06-08T12:19:23.063+0000] {processor.py:183} INFO - Processing /home/airflow/.local/lib/python3.12/site-packages/airflow/example_dags/example_branch_datetime_operator.py took 0.074 seconds
[2026-06-08T12:19:53.488+0000] {processor.py:161} INFO - Started process (PID=302) to work on /home/airflow/.local/lib/python3.12/site-packages/airflow/example_dags/example_branch_datetime_operator.py
[2026-06-08T12:19:53.489+0000] {processor.py:830} INFO - Processing file /home/airflow/.local/lib/python3.12/site-packages/airflow/example_dags/example_branch_datetime_operator.py for tasks to queue
[2026-06-08T12:19:53.490+0000] {logging_mixin.py:188} INFO - [2026-06-08T12:19:53.490+0000] {dagbag.py:545} INFO - Filling up the DagBag from /home/airflow/.local/lib/python3.12/site-packages/airflow/example_dags/example_branch_datetime_operator.py
[2026-06-08T12:19:53.496+0000] {processor.py:840} INFO - DAG(s) 'example_branch_datetime_operator_3', 'example_branch_datetime_operator_2', 'example_branch_datetime_operator' retrieved from /home/airflow/.local/lib/python3.12/site-packages/airflow/example_dags/example_branch_datetime_operator.py
[2026-06-08T12:19:53.514+0000] {logging_mixin.py:188} INFO - [2026-06-08T12:19:53.514+0000] {dag.py:3096} INFO - Sync 3 DAGs
[2026-06-08T12:19:53.529+0000] {logging_mixin.py:188} INFO - [2026-06-08T12:19:53.529+0000] {dag.py:3954} INFO - Setting next_dagrun for example_branch_datetime_operator to 2026-06-07 00:00:00+00:00, run_after=2026-06-08 00:00:00+00:00
[2026-06-08T12:19:53.533+0000] {logging_mixin.py:188} INFO - [2026-06-08T12:19:53.533+0000] {dag.py:3954} INFO - Setting next_dagrun for example_branch_datetime_operator_2 to 2026-06-07 00:00:00+00:00, run_after=2026-06-08 00:00:00+00:00
[2026-06-08T12:19:53.534+0000] {logging_mixin.py:188} INFO - [2026-06-08T12:19:53.534+0000] {dag.py:3954} INFO - Setting next_dagrun for example_branch_datetime_operator_3 to 2026-06-07 00:00:00+00:00, run_after=2026-06-08 00:00:00+00:00
[2026-06-08T12:19:53.544+0000] {processor.py:183} INFO - Processing /home/airflow/.local/lib/python3.12/site-packages/airflow/example_dags/example_branch_datetime_operator.py took 0.060 seconds
[2026-06-08T12:20:23.974+0000] {processor.py:161} INFO - Started process (PID=360) to work on /home/airflow/.local/lib/python3.12/site-packages/airflow/example_dags/example_branch_datetime_operator.py
[2026-06-08T12:20:23.975+0000] {processor.py:830} INFO - Processing file /home/airflow/.local/lib/python3.12/site-packages/airflow/example_dags/example_branch_datetime_operator.py for tasks to queue
[2026-06-08T12:20:23.977+0000] {logging_mixin.py:188} INFO - [2026-06-08T12:20:23.977+0000] {dagbag.py:545} INFO - Filling up the DagBag from /home/airflow/.local/lib/python3.12/site-packages/airflow/example_dags/example_branch_datetime_operator.py
[2026-06-08T12:20:23.989+0000] {processor.py:840} INFO - DAG(s) 'example_branch_datetime_operator_3', 'example_branch_datetime_operator', 'example_branch_datetime_operator_2' retrieved from /home/airflow/.local/lib/python3.12/site-packages/airflow/example_dags/example_branch_datetime_operator.py
[2026-06-08T12:20:24.010+0000] {logging_mixin.py:188} INFO - [2026-06-08T12:20:24.010+0000] {dag.py:3096} INFO - Sync 3 DAGs
[2026-06-08T12:20:24.029+0000] {logging_mixin.py:188} INFO - [2026-06-08T12:20:24.028+0000] {dag.py:3954} INFO - Setting next_dagrun for example_branch_datetime_operator to 2026-06-07 00:00:00+00:00, run_after=2026-06-08 00:00:00+00:00
[2026-06-08T12:20:24.032+0000] {logging_mixin.py:188} INFO - [2026-06-08T12:20:24.032+0000] {dag.py:3954} INFO - Setting next_dagrun for example_branch_datetime_operator_2 to 2026-06-07 00:00:00+00:00, run_after=2026-06-08 00:00:00+00:00
[2026-06-08T12:20:24.034+0000] {logging_mixin.py:188} INFO - [2026-06-08T12:20:24.034+0000] {dag.py:3954} INFO - Setting next_dagrun for example_branch_datetime_operator_3 to 2026-06-07 00:00:00+00:00, run_after=2026-06-08 00:00:00+00:00
[2026-06-08T12:20:24.046+0000] {processor.py:183} INFO - Processing /home/airflow/.local/lib/python3.12/site-packages/airflow/example_dags/example_branch_datetime_operator.py took 0.082 seconds
[2026-06-08T12:20:54.528+0000] {processor.py:161} INFO - Started process (PID=418) to work on /home/airflow/.local/lib/python3.12/site-packages/airflow/example_dags/example_branch_datetime_operator.py
[2026-06-08T12:20:54.529+0000] {processor.py:830} INFO - Processing file /home/airflow/.local/lib/python3.12/site-packages/airflow/example_dags/example_branch_datetime_operator.py for tasks to queue
[2026-06-08T12:20:54.530+0000] {logging_mixin.py:188} INFO - [2026-06-08T12:20:54.530+0000] {dagbag.py:545} INFO - Filling up the DagBag from /home/airflow/.local/lib/python3.12/site-packages/airflow/example_dags/example_branch_datetime_operator.py
[2026-06-08T12:20:54.537+0000] {processor.py:840} INFO - DAG(s) 'example_branch_datetime_operator', 'example_branch_datetime_operator_3', 'example_branch_datetime_operator_2' retrieved from /home/airflow/.local/lib/python3.12/site-packages/airflow/example_dags/example_branch_datetime_operator.py
[2026-06-08T12:20:54.560+0000] {logging_mixin.py:188} INFO - [2026-06-08T12:20:54.560+0000] {dag.py:3096} INFO - Sync 3 DAGs
[2026-06-08T12:20:54.576+0000] {logging_mixin.py:188} INFO - [2026-06-08T12:20:54.576+0000] {dag.py:3954} INFO - Setting next_dagrun for example_branch_datetime_operator to 2026-06-07 00:00:00+00:00, run_after=2026-06-08 00:00:00+00:00
[2026-06-08T12:20:54.579+0000] {logging_mixin.py:188} INFO - [2026-06-08T12:20:54.579+0000] {dag.py:3954} INFO - Setting next_dagrun for example_branch_datetime_operator_2 to 2026-06-07 00:00:00+00:00, run_after=2026-06-08 00:00:00+00:00
[2026-06-08T12:20:54.581+0000] {logging_mixin.py:188} INFO - [2026-06-08T12:20:54.581+0000] {dag.py:3954} INFO - Setting next_dagrun for example_branch_datetime_operator_3 to 2026-06-07 00:00:00+00:00, run_after=2026-06-08 00:00:00+00:00
[2026-06-08T12:20:54.592+0000] {processor.py:183} INFO - Processing /home/airflow/.local/lib/python3.12/site-packages/airflow/example_dags/example_branch_datetime_operator.py took 0.070 seconds
[2026-06-08T12:21:24.662+0000] {processor.py:161} INFO - Started process (PID=476) to work on /home/airflow/.local/lib/python3.12/site-packages/airflow/example_dags/example_branch_datetime_operator.py
[2026-06-08T12:21:24.663+0000] {processor.py:830} INFO - Processing file /home/airflow/.local/lib/python3.12/site-packages/airflow/example_dags/example_branch_datetime_operator.py for tasks to queue
[2026-06-08T12:21:24.664+0000] {logging_mixin.py:188} INFO - [2026-06-08T12:21:24.664+0000] {dagbag.py:545} INFO - Filling up the DagBag from /home/airflow/.local/lib/python3.12/site-packages/airflow/example_dags/example_branch_datetime_operator.py
[2026-06-08T12:21:24.670+0000] {processor.py:840} INFO - DAG(s) 'example_branch_datetime_operator_3', 'example_branch_datetime_operator', 'example_branch_datetime_operator_2' retrieved from /home/airflow/.local/lib/python3.12/site-packages/airflow/example_dags/example_branch_datetime_operator.py
[2026-06-08T12:21:24.690+0000] {logging_mixin.py:188} INFO - [2026-06-08T12:21:24.689+0000] {dag.py:3096} INFO - Sync 3 DAGs
[2026-06-08T12:21:24.705+0000] {logging_mixin.py:188} INFO - [2026-06-08T12:21:24.705+0000] {dag.py:3954} INFO - Setting next_dagrun for example_branch_datetime_operator to 2026-06-07 00:00:00+00:00, run_after=2026-06-08 00:00:00+00:00
[2026-06-08T12:21:24.709+0000] {logging_mixin.py:188} INFO - [2026-06-08T12:21:24.709+0000] {dag.py:3954} INFO - Setting next_dagrun for example_branch_datetime_operator_2 to 2026-06-07 00:00:00+00:00, run_after=2026-06-08 00:00:00+00:00
[2026-06-08T12:21:24.711+0000] {logging_mixin.py:188} INFO - [2026-06-08T12:21:24.711+0000] {dag.py:3954} INFO - Setting next_dagrun for example_branch_datetime_operator_3 to 2026-06-07 00:00:00+00:00, run_after=2026-06-08 00:00:00+00:00
[2026-06-08T12:21:24.723+0000] {processor.py:183} INFO - Processing /home/airflow/.local/lib/python3.12/site-packages/airflow/example_dags/example_branch_datetime_operator.py took 0.066 seconds
[2026-06-08T12:21:55.332+0000] {processor.py:161} INFO - Started process (PID=556) to work on /home/airflow/.local/lib/python3.12/site-packages/airflow/example_dags/example_branch_datetime_operator.py
[2026-06-08T12:21:55.333+0000] {processor.py:830} INFO - Processing file /home/airflow/.local/lib/python3.12/site-packages/airflow/example_dags/example_branch_datetime_operator.py for tasks to queue
[2026-06-08T12:21:55.334+0000] {logging_mixin.py:188} INFO - [2026-06-08T12:21:55.333+0000] {dagbag.py:545} INFO - Filling up the DagBag from /home/airflow/.local/lib/python3.12/site-packages/airflow/example_dags/example_branch_datetime_operator.py
[2026-06-08T12:21:55.340+0000] {processor.py:840} INFO - DAG(s) 'example_branch_datetime_operator_2', 'example_branch_datetime_operator', 'example_branch_datetime_operator_3' retrieved from /home/airflow/.local/lib/python3.12/site-packages/airflow/example_dags/example_branch_datetime_operator.py
[2026-06-08T12:21:55.357+0000] {logging_mixin.py:188} INFO - [2026-06-08T12:21:55.357+0000] {dag.py:3096} INFO - Sync 3 DAGs
[2026-06-08T12:21:55.373+0000] {logging_mixin.py:188} INFO - [2026-06-08T12:21:55.373+0000] {dag.py:3954} INFO - Setting next_dagrun for example_branch_datetime_operator to 2026-06-07 00:00:00+00:00, run_after=2026-06-08 00:00:00+00:00
[2026-06-08T12:21:55.376+0000] {logging_mixin.py:188} INFO - [2026-06-08T12:21:55.376+0000] {dag.py:3954} INFO - Setting next_dagrun for example_branch_datetime_operator_2 to 2026-06-07 00:00:00+00:00, run_after=2026-06-08 00:00:00+00:00
[2026-06-08T12:21:55.378+0000] {logging_mixin.py:188} INFO - [2026-06-08T12:21:55.378+0000] {dag.py:3954} INFO - Setting next_dagrun for example_branch_datetime_operator_3 to 2026-06-07 00:00:00+00:00, run_after=2026-06-08 00:00:00+00:00
[2026-06-08T12:21:55.390+0000] {processor.py:183} INFO - Processing /home/airflow/.local/lib/python3.12/site-packages/airflow/example_dags/example_branch_datetime_operator.py took 0.062 seconds
[2026-06-08T12:22:26.199+0000] {processor.py:161} INFO - Started process (PID=614) to work on /home/airflow/.local/lib/python3.12/site-packages/airflow/example_dags/example_branch_datetime_operator.py
[2026-06-08T12:22:26.200+0000] {processor.py:830} INFO - Processing file /home/airflow/.local/lib/python3.12/site-packages/airflow/example_dags/example_branch_datetime_operator.py for tasks to queue
[2026-06-08T12:22:26.201+0000] {logging_mixin.py:188} INFO - [2026-06-08T12:22:26.201+0000] {dagbag.py:545} INFO - Filling up the DagBag from /home/airflow/.local/lib/python3.12/site-packages/airflow/example_dags/example_branch_datetime_operator.py
[2026-06-08T12:22:26.209+0000] {processor.py:840} INFO - DAG(s) 'example_branch_datetime_operator', 'example_branch_datetime_operator_2', 'example_branch_datetime_operator_3' retrieved from /home/airflow/.local/lib/python3.12/site-packages/airflow/example_dags/example_branch_datetime_operator.py
[2026-06-08T12:22:26.239+0000] {logging_mixin.py:188} INFO - [2026-06-08T12:22:26.239+0000] {dag.py:3096} INFO - Sync 3 DAGs
[2026-06-08T12:22:26.259+0000] {logging_mixin.py:188} INFO - [2026-06-08T12:22:26.259+0000] {dag.py:3954} INFO - Setting next_dagrun for example_branch_datetime_operator to 2026-06-07 00:00:00+00:00, run_after=2026-06-08 00:00:00+00:00
[2026-06-08T12:22:26.262+0000] {logging_mixin.py:188} INFO - [2026-06-08T12:22:26.262+0000] {dag.py:3954} INFO - Setting next_dagrun for example_branch_datetime_operator_2 to 2026-06-07 00:00:00+00:00, run_after=2026-06-08 00:00:00+00:00
[2026-06-08T12:22:26.264+0000] {logging_mixin.py:188} INFO - [2026-06-08T12:22:26.264+0000] {dag.py:3954} INFO - Setting next_dagrun for example_branch_datetime_operator_3 to 2026-06-07 00:00:00+00:00, run_after=2026-06-08 00:00:00+00:00
[2026-06-08T12:22:26.276+0000] {processor.py:183} INFO - Processing /home/airflow/.local/lib/python3.12/site-packages/airflow/example_dags/example_branch_datetime_operator.py took 0.082 seconds
[2026-06-08T12:22:57.060+0000] {processor.py:161} INFO - Started process (PID=695) to work on /home/airflow/.local/lib/python3.12/site-packages/airflow/example_dags/example_branch_datetime_operator.py
[2026-06-08T12:22:57.060+0000] {processor.py:830} INFO - Processing file /home/airflow/.local/lib/python3.12/site-packages/airflow/example_dags/example_branch_datetime_operator.py for tasks to queue
[2026-06-08T12:22:57.062+0000] {logging_mixin.py:188} INFO - [2026-06-08T12:22:57.061+0000] {dagbag.py:545} INFO - Filling up the DagBag from /home/airflow/.local/lib/python3.12/site-packages/airflow/example_dags/example_branch_datetime_operator.py
[2026-06-08T12:22:57.068+0000] {processor.py:840} INFO - DAG(s) 'example_branch_datetime_operator_2', 'example_branch_datetime_operator_3', 'example_branch_datetime_operator' retrieved from /home/airflow/.local/lib/python3.12/site-packages/airflow/example_dags/example_branch_datetime_operator.py
[2026-06-08T12:22:57.077+0000] {logging_mixin.py:188} INFO - [2026-06-08T12:22:57.077+0000] {dag.py:3096} INFO - Sync 3 DAGs
[2026-06-08T12:22:57.095+0000] {logging_mixin.py:188} INFO - [2026-06-08T12:22:57.095+0000] {dag.py:3954} INFO - Setting next_dagrun for example_branch_datetime_operator to 2026-06-07 00:00:00+00:00, run_after=2026-06-08 00:00:00+00:00
[2026-06-08T12:22:57.101+0000] {logging_mixin.py:188} INFO - [2026-06-08T12:22:57.101+0000] {dag.py:3954} INFO - Setting next_dagrun for example_branch_datetime_operator_2 to 2026-06-07 00:00:00+00:00, run_after=2026-06-08 00:00:00+00:00
[2026-06-08T12:22:57.104+0000] {logging_mixin.py:188} INFO - [2026-06-08T12:22:57.104+0000] {dag.py:3954} INFO - Setting next_dagrun for example_branch_datetime_operator_3 to 2026-06-07 00:00:00+00:00, run_after=2026-06-08 00:00:00+00:00
[2026-06-08T12:22:57.120+0000] {processor.py:183} INFO - Processing /home/airflow/.local/lib/python3.12/site-packages/airflow/example_dags/example_branch_datetime_operator.py took 0.067 seconds
[2026-06-08T12:23:28.064+0000] {processor.py:161} INFO - Started process (PID=775) to work on /home/airflow/.local/lib/python3.12/site-packages/airflow/example_dags/example_branch_datetime_operator.py
[2026-06-08T12:23:28.064+0000] {processor.py:830} INFO - Processing file /home/airflow/.local/lib/python3.12/site-packages/airflow/example_dags/example_branch_datetime_operator.py for tasks to queue
[2026-06-08T12:23:28.065+0000] {logging_mixin.py:188} INFO - [2026-06-08T12:23:28.065+0000] {dagbag.py:545} INFO - Filling up the DagBag from /home/airflow/.local/lib/python3.12/site-packages/airflow/example_dags/example_branch_datetime_operator.py
[2026-06-08T12:23:28.071+0000] {processor.py:840} INFO - DAG(s) 'example_branch_datetime_operator_2', 'example_branch_datetime_operator_3', 'example_branch_datetime_operator' retrieved from /home/airflow/.local/lib/python3.12/site-packages/airflow/example_dags/example_branch_datetime_operator.py
[2026-06-08T12:23:28.165+0000] {logging_mixin.py:188} INFO - [2026-06-08T12:23:28.164+0000] {dag.py:3096} INFO - Sync 3 DAGs
[2026-06-08T12:23:28.181+0000] {logging_mixin.py:188} INFO - [2026-06-08T12:23:28.181+0000] {dag.py:3954} INFO - Setting next_dagrun for example_branch_datetime_operator to 2026-06-07 00:00:00+00:00, run_after=2026-06-08 00:00:00+00:00
[2026-06-08T12:23:28.184+0000] {logging_mixin.py:188} INFO - [2026-06-08T12:23:28.184+0000] {dag.py:3954} INFO - Setting next_dagrun for example_branch_datetime_operator_2 to 2026-06-07 00:00:00+00:00, run_after=2026-06-08 00:00:00+00:00
[2026-06-08T12:23:28.187+0000] {logging_mixin.py:188} INFO - [2026-06-08T12:23:28.187+0000] {dag.py:3954} INFO - Setting next_dagrun for example_branch_datetime_operator_3 to 2026-06-07 00:00:00+00:00, run_after=2026-06-08 00:00:00+00:00
[2026-06-08T12:23:28.199+0000] {processor.py:183} INFO - Processing /home/airflow/.local/lib/python3.12/site-packages/airflow/example_dags/example_branch_datetime_operator.py took 0.140 seconds
[2026-06-08T12:23:58.691+0000] {processor.py:161} INFO - Started process (PID=834) to work on /home/airflow/.local/lib/python3.12/site-packages/airflow/example_dags/example_branch_datetime_operator.py
[2026-06-08T12:23:58.692+0000] {processor.py:830} INFO - Processing file /home/airflow/.local/lib/python3.12/site-packages/airflow/example_dags/example_branch_datetime_operator.py for tasks to queue
[2026-06-08T12:23:58.693+0000] {logging_mixin.py:188} INFO - [2026-06-08T12:23:58.693+0000] {dagbag.py:545} INFO - Filling up the DagBag from /home/airflow/.local/lib/python3.12/site-packages/airflow/example_dags/example_branch_datetime_operator.py
[2026-06-08T12:23:58.700+0000] {processor.py:840} INFO - DAG(s) 'example_branch_datetime_operator_3', 'example_branch_datetime_operator_2', 'example_branch_datetime_operator' retrieved from /home/airflow/.local/lib/python3.12/site-packages/airflow/example_dags/example_branch_datetime_operator.py
[2026-06-08T12:23:58.725+0000] {logging_mixin.py:188} INFO - [2026-06-08T12:23:58.725+0000] {dag.py:3096} INFO - Sync 3 DAGs
[2026-06-08T12:23:58.740+0000] {logging_mixin.py:188} INFO - [2026-06-08T12:23:58.740+0000] {dag.py:3954} INFO - Setting next_dagrun for example_branch_datetime_operator to 2026-06-07 00:00:00+00:00, run_after=2026-06-08 00:00:00+00:00
[2026-06-08T12:23:58.743+0000] {logging_mixin.py:188} INFO - [2026-06-08T12:23:58.743+0000] {dag.py:3954} INFO - Setting next_dagrun for example_branch_datetime_operator_2 to 2026-06-07 00:00:00+00:00, run_after=2026-06-08 00:00:00+00:00
[2026-06-08T12:23:58.745+0000] {logging_mixin.py:188} INFO - [2026-06-08T12:23:58.745+0000] {dag.py:3954} INFO - Setting next_dagrun for example_branch_datetime_operator_3 to 2026-06-07 00:00:00+00:00, run_after=2026-06-08 00:00:00+00:00
[2026-06-08T12:23:58.756+0000] {processor.py:183} INFO - Processing /home/airflow/.local/lib/python3.12/site-packages/airflow/example_dags/example_branch_datetime_operator.py took 0.070 seconds
[2026-06-08T12:24:29.407+0000] {processor.py:161} INFO - Started process (PID=893) to work on /home/airflow/.local/lib/python3.12/site-packages/airflow/example_dags/example_branch_datetime_operator.py
[2026-06-08T12:24:29.407+0000] {processor.py:830} INFO - Processing file /home/airflow/.local/lib/python3.12/site-packages/airflow/example_dags/example_branch_datetime_operator.py for tasks to queue
[2026-06-08T12:24:29.409+0000] {logging_mixin.py:188} INFO - [2026-06-08T12:24:29.409+0000] {dagbag.py:545} INFO - Filling up the DagBag from /home/airflow/.local/lib/python3.12/site-packages/airflow/example_dags/example_branch_datetime_operator.py
[2026-06-08T12:24:29.419+0000] {processor.py:840} INFO - DAG(s) 'example_branch_datetime_operator_3', 'example_branch_datetime_operator_2', 'example_branch_datetime_operator' retrieved from /home/airflow/.local/lib/python3.12/site-packages/airflow/example_dags/example_branch_datetime_operator.py
[2026-06-08T12:24:29.451+0000] {logging_mixin.py:188} INFO - [2026-06-08T12:24:29.451+0000] {dag.py:3096} INFO - Sync 3 DAGs
[2026-06-08T12:24:29.474+0000] {logging_mixin.py:188} INFO - [2026-06-08T12:24:29.474+0000] {dag.py:3954} INFO - Setting next_dagrun for example_branch_datetime_operator to 2026-06-07 00:00:00+00:00, run_after=2026-06-08 00:00:00+00:00
[2026-06-08T12:24:29.479+0000] {logging_mixin.py:188} INFO - [2026-06-08T12:24:29.479+0000] {dag.py:3954} INFO - Setting next_dagrun for example_branch_datetime_operator_2 to 2026-06-07 00:00:00+00:00, run_after=2026-06-08 00:00:00+00:00
[2026-06-08T12:24:29.483+0000] {logging_mixin.py:188} INFO - [2026-06-08T12:24:29.482+0000] {dag.py:3954} INFO - Setting next_dagrun for example_branch_datetime_operator_3 to 2026-06-07 00:00:00+00:00, run_after=2026-06-08 00:00:00+00:00
[2026-06-08T12:24:29.498+0000] {processor.py:183} INFO - Processing /home/airflow/.local/lib/python3.12/site-packages/airflow/example_dags/example_branch_datetime_operator.py took 0.100 seconds
[2026-06-08T12:24:59.877+0000] {processor.py:161} INFO - Started process (PID=952) to work on /home/airflow/.local/lib/python3.12/site-packages/airflow/example_dags/example_branch_datetime_operator.py
[2026-06-08T12:24:59.878+0000] {processor.py:830} INFO - Processing file /home/airflow/.local/lib/python3.12/site-packages/airflow/example_dags/example_branch_datetime_operator.py for tasks to queue
[2026-06-08T12:24:59.880+0000] {logging_mixin.py:188} INFO - [2026-06-08T12:24:59.880+0000] {dagbag.py:545} INFO - Filling up the DagBag from /home/airflow/.local/lib/python3.12/site-packages/airflow/example_dags/example_branch_datetime_operator.py
[2026-06-08T12:24:59.891+0000] {processor.py:840} INFO - DAG(s) 'example_branch_datetime_operator_2', 'example_branch_datetime_operator', 'example_branch_datetime_operator_3' retrieved from /home/airflow/.local/lib/python3.12/site-packages/airflow/example_dags/example_branch_datetime_operator.py
[2026-06-08T12:24:59.921+0000] {logging_mixin.py:188} INFO - [2026-06-08T12:24:59.920+0000] {dag.py:3096} INFO - Sync 3 DAGs
[2026-06-08T12:24:59.948+0000] {logging_mixin.py:188} INFO - [2026-06-08T12:24:59.948+0000] {dag.py:3954} INFO - Setting next_dagrun for example_branch_datetime_operator to 2026-06-07 00:00:00+00:00, run_after=2026-06-08 00:00:00+00:00
[2026-06-08T12:24:59.955+0000] {logging_mixin.py:188} INFO - [2026-06-08T12:24:59.954+0000] {dag.py:3954} INFO - Setting next_dagrun for example_branch_datetime_operator_2 to 2026-06-07 00:00:00+00:00, run_after=2026-06-08 00:00:00+00:00
[2026-06-08T12:24:59.958+0000] {logging_mixin.py:188} INFO - [2026-06-08T12:24:59.958+0000] {dag.py:3954} INFO - Setting next_dagrun for example_branch_datetime_operator_3 to 2026-06-07 00:00:00+00:00, run_after=2026-06-08 00:00:00+00:00
[2026-06-08T12:24:59.976+0000] {processor.py:183} INFO - Processing /home/airflow/.local/lib/python3.12/site-packages/airflow/example_dags/example_branch_datetime_operator.py took 0.105 seconds
[2026-06-08T12:25:30.359+0000] {processor.py:161} INFO - Started process (PID=1012) to work on /home/airflow/.local/lib/python3.12/site-packages/airflow/example_dags/example_branch_datetime_operator.py
[2026-06-08T12:25:30.359+0000] {processor.py:830} INFO - Processing file /home/airflow/.local/lib/python3.12/site-packages/airflow/example_dags/example_branch_datetime_operator.py for tasks to queue
[2026-06-08T12:25:30.360+0000] {logging_mixin.py:188} INFO - [2026-06-08T12:25:30.360+0000] {dagbag.py:545} INFO - Filling up the DagBag from /home/airflow/.local/lib/python3.12/site-packages/airflow/example_dags/example_branch_datetime_operator.py
[2026-06-08T12:25:30.367+0000] {processor.py:840} INFO - DAG(s) 'example_branch_datetime_operator_2', 'example_branch_datetime_operator', 'example_branch_datetime_operator_3' retrieved from /home/airflow/.local/lib/python3.12/site-packages/airflow/example_dags/example_branch_datetime_operator.py
[2026-06-08T12:25:30.389+0000] {logging_mixin.py:188} INFO - [2026-06-08T12:25:30.389+0000] {dag.py:3096} INFO - Sync 3 DAGs
[2026-06-08T12:25:30.410+0000] {logging_mixin.py:188} INFO - [2026-06-08T12:25:30.410+0000] {dag.py:3954} INFO - Setting next_dagrun for example_branch_datetime_operator to 2026-06-07 00:00:00+00:00, run_after=2026-06-08 00:00:00+00:00
[2026-06-08T12:25:30.416+0000] {logging_mixin.py:188} INFO - [2026-06-08T12:25:30.416+0000] {dag.py:3954} INFO - Setting next_dagrun for example_branch_datetime_operator_2 to 2026-06-07 00:00:00+00:00, run_after=2026-06-08 00:00:00+00:00
[2026-06-08T12:25:30.419+0000] {logging_mixin.py:188} INFO - [2026-06-08T12:25:30.419+0000] {dag.py:3954} INFO - Setting next_dagrun for example_branch_datetime_operator_3 to 2026-06-07 00:00:00+00:00, run_after=2026-06-08 00:00:00+00:00
[2026-06-08T12:25:30.435+0000] {processor.py:183} INFO - Processing /home/airflow/.local/lib/python3.12/site-packages/airflow/example_dags/example_branch_datetime_operator.py took 0.082 seconds
[2026-06-08T12:26:00.739+0000] {processor.py:161} INFO - Started process (PID=1071) to work on /home/airflow/.local/lib/python3.12/site-packages/airflow/example_dags/example_branch_datetime_operator.py
[2026-06-08T12:26:00.740+0000] {processor.py:830} INFO - Processing file /home/airflow/.local/lib/python3.12/site-packages/airflow/example_dags/example_branch_datetime_operator.py for tasks to queue
[2026-06-08T12:26:00.742+0000] {logging_mixin.py:188} INFO - [2026-06-08T12:26:00.742+0000] {dagbag.py:545} INFO - Filling up the DagBag from /home/airflow/.local/lib/python3.12/site-packages/airflow/example_dags/example_branch_datetime_operator.py
[2026-06-08T12:26:00.752+0000] {processor.py:840} INFO - DAG(s) 'example_branch_datetime_operator_2', 'example_branch_datetime_operator_3', 'example_branch_datetime_operator' retrieved from /home/airflow/.local/lib/python3.12/site-packages/airflow/example_dags/example_branch_datetime_operator.py
[2026-06-08T12:26:00.779+0000] {logging_mixin.py:188} INFO - [2026-06-08T12:26:00.778+0000] {dag.py:3096} INFO - Sync 3 DAGs
[2026-06-08T12:26:00.798+0000] {logging_mixin.py:188} INFO - [2026-06-08T12:26:00.797+0000] {dag.py:3954} INFO - Setting next_dagrun for example_branch_datetime_operator to 2026-06-07 00:00:00+00:00, run_after=2026-06-08 00:00:00+00:00
[2026-06-08T12:26:00.802+0000] {logging_mixin.py:188} INFO - [2026-06-08T12:26:00.802+0000] {dag.py:3954} INFO - Setting next_dagrun for example_branch_datetime_operator_2 to 2026-06-07 00:00:00+00:00, run_after=2026-06-08 00:00:00+00:00
[2026-06-08T12:26:00.804+0000] {logging_mixin.py:188} INFO - [2026-06-08T12:26:00.804+0000] {dag.py:3954} INFO - Setting next_dagrun for example_branch_datetime_operator_3 to 2026-06-07 00:00:00+00:00, run_after=2026-06-08 00:00:00+00:00
[2026-06-08T12:26:00.818+0000] {processor.py:183} INFO - Processing /home/airflow/.local/lib/python3.12/site-packages/airflow/example_dags/example_branch_datetime_operator.py took 0.087 seconds
[2026-06-08T12:26:31.153+0000] {processor.py:161} INFO - Started process (PID=1130) to work on /home/airflow/.local/lib/python3.12/site-packages/airflow/example_dags/example_branch_datetime_operator.py
[2026-06-08T12:26:31.154+0000] {processor.py:830} INFO - Processing file /home/airflow/.local/lib/python3.12/site-packages/airflow/example_dags/example_branch_datetime_operator.py for tasks to queue
[2026-06-08T12:26:31.155+0000] {logging_mixin.py:188} INFO - [2026-06-08T12:26:31.155+0000] {dagbag.py:545} INFO - Filling up the DagBag from /home/airflow/.local/lib/python3.12/site-packages/airflow/example_dags/example_branch_datetime_operator.py
[2026-06-08T12:26:31.161+0000] {processor.py:840} INFO - DAG(s) 'example_branch_datetime_operator_3', 'example_branch_datetime_operator_2', 'example_branch_datetime_operator' retrieved from /home/airflow/.local/lib/python3.12/site-packages/airflow/example_dags/example_branch_datetime_operator.py
[2026-06-08T12:26:31.194+0000] {logging_mixin.py:188} INFO - [2026-06-08T12:26:31.194+0000] {dag.py:3096} INFO - Sync 3 DAGs
[2026-06-08T12:26:31.222+0000] {logging_mixin.py:188} INFO - [2026-06-08T12:26:31.222+0000] {dag.py:3954} INFO - Setting next_dagrun for example_branch_datetime_operator to 2026-06-07 00:00:00+00:00, run_after=2026-06-08 00:00:00+00:00
[2026-06-08T12:26:31.228+0000] {logging_mixin.py:188} INFO - [2026-06-08T12:26:31.228+0000] {dag.py:3954} INFO - Setting next_dagrun for example_branch_datetime_operator_2 to 2026-06-07 00:00:00+00:00, run_after=2026-06-08 00:00:00+00:00
[2026-06-08T12:26:31.231+0000] {logging_mixin.py:188} INFO - [2026-06-08T12:26:31.231+0000] {dag.py:3954} INFO - Setting next_dagrun for example_branch_datetime_operator_3 to 2026-06-07 00:00:00+00:00, run_after=2026-06-08 00:00:00+00:00
[2026-06-08T12:26:31.242+0000] {processor.py:183} INFO - Processing /home/airflow/.local/lib/python3.12/site-packages/airflow/example_dags/example_branch_datetime_operator.py took 0.093 seconds
[2026-06-08T12:27:01.725+0000] {processor.py:161} INFO - Started process (PID=1189) to work on /home/airflow/.local/lib/python3.12/site-packages/airflow/example_dags/example_branch_datetime_operator.py
[2026-06-08T12:27:01.726+0000] {processor.py:830} INFO - Processing file /home/airflow/.local/lib/python3.12/site-packages/airflow/example_dags/example_branch_datetime_operator.py for tasks to queue
[2026-06-08T12:27:01.727+0000] {logging_mixin.py:188} INFO - [2026-06-08T12:27:01.727+0000] {dagbag.py:545} INFO - Filling up the DagBag from /home/airflow/.local/lib/python3.12/site-packages/airflow/example_dags/example_branch_datetime_operator.py
[2026-06-08T12:27:01.733+0000] {processor.py:840} INFO - DAG(s) 'example_branch_datetime_operator_2', 'example_branch_datetime_operator', 'example_branch_datetime_operator_3' retrieved from /home/airflow/.local/lib/python3.12/site-packages/airflow/example_dags/example_branch_datetime_operator.py
[2026-06-08T12:27:01.754+0000] {logging_mixin.py:188} INFO - [2026-06-08T12:27:01.754+0000] {dag.py:3096} INFO - Sync 3 DAGs
[2026-06-08T12:27:01.769+0000] {logging_mixin.py:188} INFO - [2026-06-08T12:27:01.769+0000] {dag.py:3954} INFO - Setting next_dagrun for example_branch_datetime_operator to 2026-06-07 00:00:00+00:00, run_after=2026-06-08 00:00:00+00:00
[2026-06-08T12:27:01.774+0000] {logging_mixin.py:188} INFO - [2026-06-08T12:27:01.774+0000] {dag.py:3954} INFO - Setting next_dagrun for example_branch_datetime_operator_2 to 2026-06-07 00:00:00+00:00, run_after=2026-06-08 00:00:00+00:00
[2026-06-08T12:27:01.776+0000] {logging_mixin.py:188} INFO - [2026-06-08T12:27:01.776+0000] {dag.py:3954} INFO - Setting next_dagrun for example_branch_datetime_operator_3 to 2026-06-07 00:00:00+00:00, run_after=2026-06-08 00:00:00+00:00
[2026-06-08T12:27:01.789+0000] {processor.py:183} INFO - Processing /home/airflow/.local/lib/python3.12/site-packages/airflow/example_dags/example_branch_datetime_operator.py took 0.067 seconds
[2026-06-08T12:27:32.187+0000] {processor.py:161} INFO - Started process (PID=1248) to work on /home/airflow/.local/lib/python3.12/site-packages/airflow/example_dags/example_branch_datetime_operator.py
[2026-06-08T12:27:32.187+0000] {processor.py:830} INFO - Processing file /home/airflow/.local/lib/python3.12/site-packages/airflow/example_dags/example_branch_datetime_operator.py for tasks to queue
[2026-06-08T12:27:32.189+0000] {logging_mixin.py:188} INFO - [2026-06-08T12:27:32.188+0000] {dagbag.py:545} INFO - Filling up the DagBag from /home/airflow/.local/lib/python3.12/site-packages/airflow/example_dags/example_branch_datetime_operator.py
[2026-06-08T12:27:32.194+0000] {processor.py:840} INFO - DAG(s) 'example_branch_datetime_operator_2', 'example_branch_datetime_operator', 'example_branch_datetime_operator_3' retrieved from /home/airflow/.local/lib/python3.12/site-packages/airflow/example_dags/example_branch_datetime_operator.py
[2026-06-08T12:27:32.249+0000] {logging_mixin.py:188} INFO - [2026-06-08T12:27:32.249+0000] {dag.py:3096} INFO - Sync 3 DAGs
[2026-06-08T12:27:32.284+0000] {logging_mixin.py:188} INFO - [2026-06-08T12:27:32.284+0000] {dag.py:3954} INFO - Setting next_dagrun for example_branch_datetime_operator to 2026-06-07 00:00:00+00:00, run_after=2026-06-08 00:00:00+00:00
[2026-06-08T12:27:32.290+0000] {logging_mixin.py:188} INFO - [2026-06-08T12:27:32.290+0000] {dag.py:3954} INFO - Setting next_dagrun for example_branch_datetime_operator_2 to 2026-06-07 00:00:00+00:00, run_after=2026-06-08 00:00:00+00:00
[2026-06-08T12:27:32.293+0000] {logging_mixin.py:188} INFO - [2026-06-08T12:27:32.292+0000] {dag.py:3954} INFO - Setting next_dagrun for example_branch_datetime_operator_3 to 2026-06-07 00:00:00+00:00, run_after=2026-06-08 00:00:00+00:00
[2026-06-08T12:27:32.309+0000] {processor.py:183} INFO - Processing /home/airflow/.local/lib/python3.12/site-packages/airflow/example_dags/example_branch_datetime_operator.py took 0.126 seconds
[2026-06-08T12:28:02.708+0000] {processor.py:161} INFO - Started process (PID=1307) to work on /home/airflow/.local/lib/python3.12/site-packages/airflow/example_dags/example_branch_datetime_operator.py
[2026-06-08T12:28:02.709+0000] {processor.py:830} INFO - Processing file /home/airflow/.local/lib/python3.12/site-packages/airflow/example_dags/example_branch_datetime_operator.py for tasks to queue
[2026-06-08T12:28:02.710+0000] {logging_mixin.py:188} INFO - [2026-06-08T12:28:02.710+0000] {dagbag.py:545} INFO - Filling up the DagBag from /home/airflow/.local/lib/python3.12/site-packages/airflow/example_dags/example_branch_datetime_operator.py
[2026-06-08T12:28:02.716+0000] {processor.py:840} INFO - DAG(s) 'example_branch_datetime_operator_2', 'example_branch_datetime_operator_3', 'example_branch_datetime_operator' retrieved from /home/airflow/.local/lib/python3.12/site-packages/airflow/example_dags/example_branch_datetime_operator.py
[2026-06-08T12:28:02.748+0000] {logging_mixin.py:188} INFO - [2026-06-08T12:28:02.747+0000] {dag.py:3096} INFO - Sync 3 DAGs
[2026-06-08T12:28:02.776+0000] {logging_mixin.py:188} INFO - [2026-06-08T12:28:02.776+0000] {dag.py:3954} INFO - Setting next_dagrun for example_branch_datetime_operator to 2026-06-07 00:00:00+00:00, run_after=2026-06-08 00:00:00+00:00
[2026-06-08T12:28:02.784+0000] {logging_mixin.py:188} INFO - [2026-06-08T12:28:02.784+0000] {dag.py:3954} INFO - Setting next_dagrun for example_branch_datetime_operator_2 to 2026-06-07 00:00:00+00:00, run_after=2026-06-08 00:00:00+00:00
[2026-06-08T12:28:02.787+0000] {logging_mixin.py:188} INFO - [2026-06-08T12:28:02.787+0000] {dag.py:3954} INFO - Setting next_dagrun for example_branch_datetime_operator_3 to 2026-06-07 00:00:00+00:00, run_after=2026-06-08 00:00:00+00:00
[2026-06-08T12:28:02.805+0000] {processor.py:183} INFO - Processing /home/airflow/.local/lib/python3.12/site-packages/airflow/example_dags/example_branch_datetime_operator.py took 0.101 seconds
[2026-06-08T12:28:33.379+0000] {processor.py:161} INFO - Started process (PID=1367) to work on /home/airflow/.local/lib/python3.12/site-packages/airflow/example_dags/example_branch_datetime_operator.py
[2026-06-08T12:28:33.380+0000] {processor.py:830} INFO - Processing file /home/airflow/.local/lib/python3.12/site-packages/airflow/example_dags/example_branch_datetime_operator.py for tasks to queue
[2026-06-08T12:28:33.381+0000] {logging_mixin.py:188} INFO - [2026-06-08T12:28:33.381+0000] {dagbag.py:545} INFO - Filling up the DagBag from /home/airflow/.local/lib/python3.12/site-packages/airflow/example_dags/example_branch_datetime_operator.py
[2026-06-08T12:28:33.393+0000] {processor.py:840} INFO - DAG(s) 'example_branch_datetime_operator_2', 'example_branch_datetime_operator', 'example_branch_datetime_operator_3' retrieved from /home/airflow/.local/lib/python3.12/site-packages/airflow/example_dags/example_branch_datetime_operator.py
[2026-06-08T12:28:33.414+0000] {logging_mixin.py:188} INFO - [2026-06-08T12:28:33.414+0000] {dag.py:3096} INFO - Sync 3 DAGs
[2026-06-08T12:28:33.430+0000] {logging_mixin.py:188} INFO - [2026-06-08T12:28:33.430+0000] {dag.py:3954} INFO - Setting next_dagrun for example_branch_datetime_operator to 2026-06-07 00:00:00+00:00, run_after=2026-06-08 00:00:00+00:00
[2026-06-08T12:28:33.434+0000] {logging_mixin.py:188} INFO - [2026-06-08T12:28:33.434+0000] {dag.py:3954} INFO - Setting next_dagrun for example_branch_datetime_operator_2 to 2026-06-07 00:00:00+00:00, run_after=2026-06-08 00:00:00+00:00
[2026-06-08T12:28:33.435+0000] {logging_mixin.py:188} INFO - [2026-06-08T12:28:33.435+0000] {dag.py:3954} INFO - Setting next_dagrun for example_branch_datetime_operator_3 to 2026-06-07 00:00:00+00:00, run_after=2026-06-08 00:00:00+00:00
[2026-06-08T12:28:33.446+0000] {processor.py:183} INFO - Processing /home/airflow/.local/lib/python3.12/site-packages/airflow/example_dags/example_branch_datetime_operator.py took 0.071 seconds
[2026-06-08T12:29:03.754+0000] {processor.py:161} INFO - Started process (PID=1426) to work on /home/airflow/.local/lib/python3.12/site-packages/airflow/example_dags/example_branch_datetime_operator.py
[2026-06-08T12:29:03.755+0000] {processor.py:830} INFO - Processing file /home/airflow/.local/lib/python3.12/site-packages/airflow/example_dags/example_branch_datetime_operator.py for tasks to queue
[2026-06-08T12:29:03.756+0000] {logging_mixin.py:188} INFO - [2026-06-08T12:29:03.756+0000] {dagbag.py:545} INFO - Filling up the DagBag from /home/airflow/.local/lib/python3.12/site-packages/airflow/example_dags/example_branch_datetime_operator.py
[2026-06-08T12:29:03.768+0000] {processor.py:840} INFO - DAG(s) 'example_branch_datetime_operator_3', 'example_branch_datetime_operator_2', 'example_branch_datetime_operator' retrieved from /home/airflow/.local/lib/python3.12/site-packages/airflow/example_dags/example_branch_datetime_operator.py
[2026-06-08T12:29:03.786+0000] {logging_mixin.py:188} INFO - [2026-06-08T12:29:03.786+0000] {dag.py:3096} INFO - Sync 3 DAGs
[2026-06-08T12:29:03.801+0000] {logging_mixin.py:188} INFO - [2026-06-08T12:29:03.800+0000] {dag.py:3954} INFO - Setting next_dagrun for example_branch_datetime_operator to 2026-06-07 00:00:00+00:00, run_after=2026-06-08 00:00:00+00:00
[2026-06-08T12:29:03.804+0000] {logging_mixin.py:188} INFO - [2026-06-08T12:29:03.803+0000] {dag.py:3954} INFO - Setting next_dagrun for example_branch_datetime_operator_2 to 2026-06-07 00:00:00+00:00, run_after=2026-06-08 00:00:00+00:00
[2026-06-08T12:29:03.805+0000] {logging_mixin.py:188} INFO - [2026-06-08T12:29:03.805+0000] {dag.py:3954} INFO - Setting next_dagrun for example_branch_datetime_operator_3 to 2026-06-07 00:00:00+00:00, run_after=2026-06-08 00:00:00+00:00
[2026-06-08T12:29:03.817+0000] {processor.py:183} INFO - Processing /home/airflow/.local/lib/python3.12/site-packages/airflow/example_dags/example_branch_datetime_operator.py took 0.070 seconds
[2026-06-08T12:29:34.079+0000] {processor.py:161} INFO - Started process (PID=1485) to work on /home/airflow/.local/lib/python3.12/site-packages/airflow/example_dags/example_branch_datetime_operator.py
[2026-06-08T12:29:34.079+0000] {processor.py:830} INFO - Processing file /home/airflow/.local/lib/python3.12/site-packages/airflow/example_dags/example_branch_datetime_operator.py for tasks to queue
[2026-06-08T12:29:34.080+0000] {logging_mixin.py:188} INFO - [2026-06-08T12:29:34.080+0000] {dagbag.py:545} INFO - Filling up the DagBag from /home/airflow/.local/lib/python3.12/site-packages/airflow/example_dags/example_branch_datetime_operator.py
[2026-06-08T12:29:34.086+0000] {processor.py:840} INFO - DAG(s) 'example_branch_datetime_operator', 'example_branch_datetime_operator_3', 'example_branch_datetime_operator_2' retrieved from /home/airflow/.local/lib/python3.12/site-packages/airflow/example_dags/example_branch_datetime_operator.py
[2026-06-08T12:29:34.105+0000] {logging_mixin.py:188} INFO - [2026-06-08T12:29:34.105+0000] {dag.py:3096} INFO - Sync 3 DAGs
[2026-06-08T12:29:34.120+0000] {logging_mixin.py:188} INFO - [2026-06-08T12:29:34.120+0000] {dag.py:3954} INFO - Setting next_dagrun for example_branch_datetime_operator to 2026-06-07 00:00:00+00:00, run_after=2026-06-08 00:00:00+00:00
[2026-06-08T12:29:34.124+0000] {logging_mixin.py:188} INFO - [2026-06-08T12:29:34.124+0000] {dag.py:3954} INFO - Setting next_dagrun for example_branch_datetime_operator_2 to 2026-06-07 00:00:00+00:00, run_after=2026-06-08 00:00:00+00:00
[2026-06-08T12:29:34.125+0000] {logging_mixin.py:188} INFO - [2026-06-08T12:29:34.125+0000] {dag.py:3954} INFO - Setting next_dagrun for example_branch_datetime_operator_3 to 2026-06-07 00:00:00+00:00, run_after=2026-06-08 00:00:00+00:00
[2026-06-08T12:29:34.136+0000] {processor.py:183} INFO - Processing /home/airflow/.local/lib/python3.12/site-packages/airflow/example_dags/example_branch_datetime_operator.py took 0.061 seconds
[2026-06-08T12:30:04.736+0000] {processor.py:161} INFO - Started process (PID=1544) to work on /home/airflow/.local/lib/python3.12/site-packages/airflow/example_dags/example_branch_datetime_operator.py
[2026-06-08T12:30:04.736+0000] {processor.py:830} INFO - Processing file /home/airflow/.local/lib/python3.12/site-packages/airflow/example_dags/example_branch_datetime_operator.py for tasks to queue
[2026-06-08T12:30:04.738+0000] {logging_mixin.py:188} INFO - [2026-06-08T12:30:04.738+0000] {dagbag.py:545} INFO - Filling up the DagBag from /home/airflow/.local/lib/python3.12/site-packages/airflow/example_dags/example_branch_datetime_operator.py
[2026-06-08T12:30:04.746+0000] {processor.py:840} INFO - DAG(s) 'example_branch_datetime_operator', 'example_branch_datetime_operator_2', 'example_branch_datetime_operator_3' retrieved from /home/airflow/.local/lib/python3.12/site-packages/airflow/example_dags/example_branch_datetime_operator.py
[2026-06-08T12:30:04.781+0000] {logging_mixin.py:188} INFO - [2026-06-08T12:30:04.781+0000] {dag.py:3096} INFO - Sync 3 DAGs
[2026-06-08T12:30:04.803+0000] {logging_mixin.py:188} INFO - [2026-06-08T12:30:04.803+0000] {dag.py:3954} INFO - Setting next_dagrun for example_branch_datetime_operator to 2026-06-07 00:00:00+00:00, run_after=2026-06-08 00:00:00+00:00
[2026-06-08T12:30:04.806+0000] {logging_mixin.py:188} INFO - [2026-06-08T12:30:04.806+0000] {dag.py:3954} INFO - Setting next_dagrun for example_branch_datetime_operator_2 to 2026-06-07 00:00:00+00:00, run_after=2026-06-08 00:00:00+00:00
[2026-06-08T12:30:04.808+0000] {logging_mixin.py:188} INFO - [2026-06-08T12:30:04.808+0000] {dag.py:3954} INFO - Setting next_dagrun for example_branch_datetime_operator_3 to 2026-06-07 00:00:00+00:00, run_after=2026-06-08 00:00:00+00:00
[2026-06-08T12:30:04.821+0000] {processor.py:183} INFO - Processing /home/airflow/.local/lib/python3.12/site-packages/airflow/example_dags/example_branch_datetime_operator.py took 0.091 seconds
[2026-06-08T12:30:35.278+0000] {processor.py:161} INFO - Started process (PID=1603) to work on /home/airflow/.local/lib/python3.12/site-packages/airflow/example_dags/example_branch_datetime_operator.py
[2026-06-08T12:30:35.278+0000] {processor.py:830} INFO - Processing file /home/airflow/.local/lib/python3.12/site-packages/airflow/example_dags/example_branch_datetime_operator.py for tasks to queue
[2026-06-08T12:30:35.279+0000] {logging_mixin.py:188} INFO - [2026-06-08T12:30:35.279+0000] {dagbag.py:545} INFO - Filling up the DagBag from /home/airflow/.local/lib/python3.12/site-packages/airflow/example_dags/example_branch_datetime_operator.py
[2026-06-08T12:30:35.286+0000] {processor.py:840} INFO - DAG(s) 'example_branch_datetime_operator', 'example_branch_datetime_operator_3', 'example_branch_datetime_operator_2' retrieved from /home/airflow/.local/lib/python3.12/site-packages/airflow/example_dags/example_branch_datetime_operator.py
[2026-06-08T12:30:35.315+0000] {logging_mixin.py:188} INFO - [2026-06-08T12:30:35.315+0000] {dag.py:3096} INFO - Sync 3 DAGs
[2026-06-08T12:30:35.342+0000] {logging_mixin.py:188} INFO - [2026-06-08T12:30:35.342+0000] {dag.py:3954} INFO - Setting next_dagrun for example_branch_datetime_operator to 2026-06-07 00:00:00+00:00, run_after=2026-06-08 00:00:00+00:00
[2026-06-08T12:30:35.350+0000] {logging_mixin.py:188} INFO - [2026-06-08T12:30:35.349+0000] {dag.py:3954} INFO - Setting next_dagrun for example_branch_datetime_operator_2 to 2026-06-07 00:00:00+00:00, run_after=2026-06-08 00:00:00+00:00
[2026-06-08T12:30:35.352+0000] {logging_mixin.py:188} INFO - [2026-06-08T12:30:35.352+0000] {dag.py:3954} INFO - Setting next_dagrun for example_branch_datetime_operator_3 to 2026-06-07 00:00:00+00:00, run_after=2026-06-08 00:00:00+00:00
[2026-06-08T12:30:35.370+0000] {processor.py:183} INFO - Processing /home/airflow/.local/lib/python3.12/site-packages/airflow/example_dags/example_branch_datetime_operator.py took 0.096 seconds
[2026-06-08T12:31:05.958+0000] {processor.py:161} INFO - Started process (PID=1662) to work on /home/airflow/.local/lib/python3.12/site-packages/airflow/example_dags/example_branch_datetime_operator.py
[2026-06-08T12:31:05.959+0000] {processor.py:830} INFO - Processing file /home/airflow/.local/lib/python3.12/site-packages/airflow/example_dags/example_branch_datetime_operator.py for tasks to queue
[2026-06-08T12:31:05.960+0000] {logging_mixin.py:188} INFO - [2026-06-08T12:31:05.960+0000] {dagbag.py:545} INFO - Filling up the DagBag from /home/airflow/.local/lib/python3.12/site-packages/airflow/example_dags/example_branch_datetime_operator.py
[2026-06-08T12:31:05.968+0000] {processor.py:840} INFO - DAG(s) 'example_branch_datetime_operator_2', 'example_branch_datetime_operator', 'example_branch_datetime_operator_3' retrieved from /home/airflow/.local/lib/python3.12/site-packages/airflow/example_dags/example_branch_datetime_operator.py
[2026-06-08T12:31:05.990+0000] {logging_mixin.py:188} INFO - [2026-06-08T12:31:05.990+0000] {dag.py:3096} INFO - Sync 3 DAGs
[2026-06-08T12:31:06.006+0000] {logging_mixin.py:188} INFO - [2026-06-08T12:31:06.006+0000] {dag.py:3954} INFO - Setting next_dagrun for example_branch_datetime_operator to 2026-06-07 00:00:00+00:00, run_after=2026-06-08 00:00:00+00:00
[2026-06-08T12:31:06.009+0000] {logging_mixin.py:188} INFO - [2026-06-08T12:31:06.009+0000] {dag.py:3954} INFO - Setting next_dagrun for example_branch_datetime_operator_2 to 2026-06-07 00:00:00+00:00, run_after=2026-06-08 00:00:00+00:00
[2026-06-08T12:31:06.011+0000] {logging_mixin.py:188} INFO - [2026-06-08T12:31:06.010+0000] {dag.py:3954} INFO - Setting next_dagrun for example_branch_datetime_operator_3 to 2026-06-07 00:00:00+00:00, run_after=2026-06-08 00:00:00+00:00
[2026-06-08T12:31:06.025+0000] {processor.py:183} INFO - Processing /home/airflow/.local/lib/python3.12/site-packages/airflow/example_dags/example_branch_datetime_operator.py took 0.075 seconds
[2026-06-08T12:31:36.344+0000] {processor.py:161} INFO - Started process (PID=1721) to work on /home/airflow/.local/lib/python3.12/site-packages/airflow/example_dags/example_branch_datetime_operator.py
[2026-06-08T12:31:36.345+0000] {processor.py:830} INFO - Processing file /home/airflow/.local/lib/python3.12/site-packages/airflow/example_dags/example_branch_datetime_operator.py for tasks to queue
[2026-06-08T12:31:36.346+0000] {logging_mixin.py:188} INFO - [2026-06-08T12:31:36.346+0000] {dagbag.py:545} INFO - Filling up the DagBag from /home/airflow/.local/lib/python3.12/site-packages/airflow/example_dags/example_branch_datetime_operator.py
[2026-06-08T12:31:36.352+0000] {processor.py:840} INFO - DAG(s) 'example_branch_datetime_operator_2', 'example_branch_datetime_operator', 'example_branch_datetime_operator_3' retrieved from /home/airflow/.local/lib/python3.12/site-packages/airflow/example_dags/example_branch_datetime_operator.py
[2026-06-08T12:31:36.372+0000] {logging_mixin.py:188} INFO - [2026-06-08T12:31:36.371+0000] {dag.py:3096} INFO - Sync 3 DAGs
[2026-06-08T12:31:36.391+0000] {logging_mixin.py:188} INFO - [2026-06-08T12:31:36.391+0000] {dag.py:3954} INFO - Setting next_dagrun for example_branch_datetime_operator to 2026-06-07 00:00:00+00:00, run_after=2026-06-08 00:00:00+00:00
[2026-06-08T12:31:36.396+0000] {logging_mixin.py:188} INFO - [2026-06-08T12:31:36.395+0000] {dag.py:3954} INFO - Setting next_dagrun for example_branch_datetime_operator_2 to 2026-06-07 00:00:00+00:00, run_after=2026-06-08 00:00:00+00:00
[2026-06-08T12:31:36.397+0000] {logging_mixin.py:188} INFO - [2026-06-08T12:31:36.397+0000] {dag.py:3954} INFO - Setting next_dagrun for example_branch_datetime_operator_3 to 2026-06-07 00:00:00+00:00, run_after=2026-06-08 00:00:00+00:00
[2026-06-08T12:31:36.411+0000] {processor.py:183} INFO - Processing /home/airflow/.local/lib/python3.12/site-packages/airflow/example_dags/example_branch_datetime_operator.py took 0.070 seconds
[2026-06-08T12:32:06.627+0000] {processor.py:161} INFO - Started process (PID=1780) to work on /home/airflow/.local/lib/python3.12/site-packages/airflow/example_dags/example_branch_datetime_operator.py
[2026-06-08T12:32:06.628+0000] {processor.py:830} INFO - Processing file /home/airflow/.local/lib/python3.12/site-packages/airflow/example_dags/example_branch_datetime_operator.py for tasks to queue
[2026-06-08T12:32:06.629+0000] {logging_mixin.py:188} INFO - [2026-06-08T12:32:06.629+0000] {dagbag.py:545} INFO - Filling up the DagBag from /home/airflow/.local/lib/python3.12/site-packages/airflow/example_dags/example_branch_datetime_operator.py
[2026-06-08T12:32:06.635+0000] {processor.py:840} INFO - DAG(s) 'example_branch_datetime_operator_2', 'example_branch_datetime_operator_3', 'example_branch_datetime_operator' retrieved from /home/airflow/.local/lib/python3.12/site-packages/airflow/example_dags/example_branch_datetime_operator.py
[2026-06-08T12:32:06.654+0000] {logging_mixin.py:188} INFO - [2026-06-08T12:32:06.654+0000] {dag.py:3096} INFO - Sync 3 DAGs
[2026-06-08T12:32:06.669+0000] {logging_mixin.py:188} INFO - [2026-06-08T12:32:06.669+0000] {dag.py:3954} INFO - Setting next_dagrun for example_branch_datetime_operator to 2026-06-07 00:00:00+00:00, run_after=2026-06-08 00:00:00+00:00
[2026-06-08T12:32:06.672+0000] {logging_mixin.py:188} INFO - [2026-06-08T12:32:06.672+0000] {dag.py:3954} INFO - Setting next_dagrun for example_branch_datetime_operator_2 to 2026-06-07 00:00:00+00:00, run_after=2026-06-08 00:00:00+00:00
[2026-06-08T12:32:06.673+0000] {logging_mixin.py:188} INFO - [2026-06-08T12:32:06.673+0000] {dag.py:3954} INFO - Setting next_dagrun for example_branch_datetime_operator_3 to 2026-06-07 00:00:00+00:00, run_after=2026-06-08 00:00:00+00:00
[2026-06-08T12:32:06.683+0000] {processor.py:183} INFO - Processing /home/airflow/.local/lib/python3.12/site-packages/airflow/example_dags/example_branch_datetime_operator.py took 0.064 seconds
[2026-06-08T12:32:37.404+0000] {processor.py:161} INFO - Started process (PID=1839) to work on /home/airflow/.local/lib/python3.12/site-packages/airflow/example_dags/example_branch_datetime_operator.py
[2026-06-08T12:32:37.405+0000] {processor.py:830} INFO - Processing file /home/airflow/.local/lib/python3.12/site-packages/airflow/example_dags/example_branch_datetime_operator.py for tasks to queue
[2026-06-08T12:32:37.407+0000] {logging_mixin.py:188} INFO - [2026-06-08T12:32:37.406+0000] {dagbag.py:545} INFO - Filling up the DagBag from /home/airflow/.local/lib/python3.12/site-packages/airflow/example_dags/example_branch_datetime_operator.py
[2026-06-08T12:32:37.414+0000] {processor.py:840} INFO - DAG(s) 'example_branch_datetime_operator_3', 'example_branch_datetime_operator', 'example_branch_datetime_operator_2' retrieved from /home/airflow/.local/lib/python3.12/site-packages/airflow/example_dags/example_branch_datetime_operator.py
[2026-06-08T12:32:37.446+0000] {logging_mixin.py:188} INFO - [2026-06-08T12:32:37.446+0000] {dag.py:3096} INFO - Sync 3 DAGs
[2026-06-08T12:32:37.465+0000] {logging_mixin.py:188} INFO - [2026-06-08T12:32:37.465+0000] {dag.py:3954} INFO - Setting next_dagrun for example_branch_datetime_operator to 2026-06-07 00:00:00+00:00, run_after=2026-06-08 00:00:00+00:00
[2026-06-08T12:32:37.470+0000] {logging_mixin.py:188} INFO - [2026-06-08T12:32:37.470+0000] {dag.py:3954} INFO - Setting next_dagrun for example_branch_datetime_operator_2 to 2026-06-07 00:00:00+00:00, run_after=2026-06-08 00:00:00+00:00
[2026-06-08T12:32:37.473+0000] {logging_mixin.py:188} INFO - [2026-06-08T12:32:37.473+0000] {dag.py:3954} INFO - Setting next_dagrun for example_branch_datetime_operator_3 to 2026-06-07 00:00:00+00:00, run_after=2026-06-08 00:00:00+00:00
[2026-06-08T12:32:37.495+0000] {processor.py:183} INFO - Processing /home/airflow/.local/lib/python3.12/site-packages/airflow/example_dags/example_branch_datetime_operator.py took 0.098 seconds
[2026-06-08T12:33:08.523+0000] {processor.py:161} INFO - Started process (PID=1898) to work on /home/airflow/.local/lib/python3.12/site-packages/airflow/example_dags/example_branch_datetime_operator.py
[2026-06-08T12:33:08.524+0000] {processor.py:830} INFO - Processing file /home/airflow/.local/lib/python3.12/site-packages/airflow/example_dags/example_branch_datetime_operator.py for tasks to queue
[2026-06-08T12:33:08.526+0000] {logging_mixin.py:188} INFO - [2026-06-08T12:33:08.526+0000] {dagbag.py:545} INFO - Filling up the DagBag from /home/airflow/.local/lib/python3.12/site-packages/airflow/example_dags/example_branch_datetime_operator.py
[2026-06-08T12:33:08.535+0000] {processor.py:840} INFO - DAG(s) 'example_branch_datetime_operator_3', 'example_branch_datetime_operator_2', 'example_branch_datetime_operator' retrieved from /home/airflow/.local/lib/python3.12/site-packages/airflow/example_dags/example_branch_datetime_operator.py
[2026-06-08T12:33:08.559+0000] {logging_mixin.py:188} INFO - [2026-06-08T12:33:08.559+0000] {dag.py:3096} INFO - Sync 3 DAGs
[2026-06-08T12:33:08.574+0000] {logging_mixin.py:188} INFO - [2026-06-08T12:33:08.574+0000] {dag.py:3954} INFO - Setting next_dagrun for example_branch_datetime_operator to 2026-06-07 00:00:00+00:00, run_after=2026-06-08 00:00:00+00:00
[2026-06-08T12:33:08.577+0000] {logging_mixin.py:188} INFO - [2026-06-08T12:33:08.577+0000] {dag.py:3954} INFO - Setting next_dagrun for example_branch_datetime_operator_2 to 2026-06-07 00:00:00+00:00, run_after=2026-06-08 00:00:00+00:00
[2026-06-08T12:33:08.580+0000] {logging_mixin.py:188} INFO - [2026-06-08T12:33:08.580+0000] {dag.py:3954} INFO - Setting next_dagrun for example_branch_datetime_operator_3 to 2026-06-07 00:00:00+00:00, run_after=2026-06-08 00:00:00+00:00
[2026-06-08T12:33:08.592+0000] {processor.py:183} INFO - Processing /home/airflow/.local/lib/python3.12/site-packages/airflow/example_dags/example_branch_datetime_operator.py took 0.075 seconds
[2026-06-08T12:33:38.785+0000] {processor.py:161} INFO - Started process (PID=1957) to work on /home/airflow/.local/lib/python3.12/site-packages/airflow/example_dags/example_branch_datetime_operator.py
[2026-06-08T12:33:38.786+0000] {processor.py:830} INFO - Processing file /home/airflow/.local/lib/python3.12/site-packages/airflow/example_dags/example_branch_datetime_operator.py for tasks to queue
[2026-06-08T12:33:38.787+0000] {logging_mixin.py:188} INFO - [2026-06-08T12:33:38.787+0000] {dagbag.py:545} INFO - Filling up the DagBag from /home/airflow/.local/lib/python3.12/site-packages/airflow/example_dags/example_branch_datetime_operator.py
[2026-06-08T12:33:38.795+0000] {processor.py:840} INFO - DAG(s) 'example_branch_datetime_operator_2', 'example_branch_datetime_operator', 'example_branch_datetime_operator_3' retrieved from /home/airflow/.local/lib/python3.12/site-packages/airflow/example_dags/example_branch_datetime_operator.py
[2026-06-08T12:33:38.834+0000] {logging_mixin.py:188} INFO - [2026-06-08T12:33:38.834+0000] {dag.py:3096} INFO - Sync 3 DAGs
[2026-06-08T12:33:38.853+0000] {logging_mixin.py:188} INFO - [2026-06-08T12:33:38.852+0000] {dag.py:3954} INFO - Setting next_dagrun for example_branch_datetime_operator to 2026-06-07 00:00:00+00:00, run_after=2026-06-08 00:00:00+00:00
[2026-06-08T12:33:38.856+0000] {logging_mixin.py:188} INFO - [2026-06-08T12:33:38.856+0000] {dag.py:3954} INFO - Setting next_dagrun for example_branch_datetime_operator_2 to 2026-06-07 00:00:00+00:00, run_after=2026-06-08 00:00:00+00:00
[2026-06-08T12:33:38.858+0000] {logging_mixin.py:188} INFO - [2026-06-08T12:33:38.858+0000] {dag.py:3954} INFO - Setting next_dagrun for example_branch_datetime_operator_3 to 2026-06-07 00:00:00+00:00, run_after=2026-06-08 00:00:00+00:00
[2026-06-08T12:33:38.875+0000] {processor.py:183} INFO - Processing /home/airflow/.local/lib/python3.12/site-packages/airflow/example_dags/example_branch_datetime_operator.py took 0.097 seconds
[2026-06-08T12:34:09.650+0000] {processor.py:161} INFO - Started process (PID=2016) to work on /home/airflow/.local/lib/python3.12/site-packages/airflow/example_dags/example_branch_datetime_operator.py
[2026-06-08T12:34:09.651+0000] {processor.py:830} INFO - Processing file /home/airflow/.local/lib/python3.12/site-packages/airflow/example_dags/example_branch_datetime_operator.py for tasks to queue
[2026-06-08T12:34:09.654+0000] {logging_mixin.py:188} INFO - [2026-06-08T12:34:09.653+0000] {dagbag.py:545} INFO - Filling up the DagBag from /home/airflow/.local/lib/python3.12/site-packages/airflow/example_dags/example_branch_datetime_operator.py
[2026-06-08T12:34:09.663+0000] {processor.py:840} INFO - DAG(s) 'example_branch_datetime_operator_2', 'example_branch_datetime_operator', 'example_branch_datetime_operator_3' retrieved from /home/airflow/.local/lib/python3.12/site-packages/airflow/example_dags/example_branch_datetime_operator.py
[2026-06-08T12:34:09.680+0000] {logging_mixin.py:188} INFO - [2026-06-08T12:34:09.679+0000] {dag.py:3096} INFO - Sync 3 DAGs
[2026-06-08T12:34:09.697+0000] {logging_mixin.py:188} INFO - [2026-06-08T12:34:09.696+0000] {dag.py:3954} INFO - Setting next_dagrun for example_branch_datetime_operator to 2026-06-07 00:00:00+00:00, run_after=2026-06-08 00:00:00+00:00
[2026-06-08T12:34:09.700+0000] {logging_mixin.py:188} INFO - [2026-06-08T12:34:09.700+0000] {dag.py:3954} INFO - Setting next_dagrun for example_branch_datetime_operator_2 to 2026-06-07 00:00:00+00:00, run_after=2026-06-08 00:00:00+00:00
[2026-06-08T12:34:09.701+0000] {logging_mixin.py:188} INFO - [2026-06-08T12:34:09.701+0000] {dag.py:3954} INFO - Setting next_dagrun for example_branch_datetime_operator_3 to 2026-06-07 00:00:00+00:00, run_after=2026-06-08 00:00:00+00:00
[2026-06-08T12:34:09.714+0000] {processor.py:183} INFO - Processing /home/airflow/.local/lib/python3.12/site-packages/airflow/example_dags/example_branch_datetime_operator.py took 0.072 seconds
[2026-06-08T12:34:40.141+0000] {processor.py:161} INFO - Started process (PID=2075) to work on /home/airflow/.local/lib/python3.12/site-packages/airflow/example_dags/example_branch_datetime_operator.py
[2026-06-08T12:34:40.141+0000] {processor.py:830} INFO - Processing file /home/airflow/.local/lib/python3.12/site-packages/airflow/example_dags/example_branch_datetime_operator.py for tasks to queue
[2026-06-08T12:34:40.143+0000] {logging_mixin.py:188} INFO - [2026-06-08T12:34:40.143+0000] {dagbag.py:545} INFO - Filling up the DagBag from /home/airflow/.local/lib/python3.12/site-packages/airflow/example_dags/example_branch_datetime_operator.py
[2026-06-08T12:34:40.150+0000] {processor.py:840} INFO - DAG(s) 'example_branch_datetime_operator_2', 'example_branch_datetime_operator_3', 'example_branch_datetime_operator' retrieved from /home/airflow/.local/lib/python3.12/site-packages/airflow/example_dags/example_branch_datetime_operator.py
[2026-06-08T12:34:40.175+0000] {logging_mixin.py:188} INFO - [2026-06-08T12:34:40.175+0000] {dag.py:3096} INFO - Sync 3 DAGs
[2026-06-08T12:34:40.323+0000] {logging_mixin.py:188} INFO - [2026-06-08T12:34:40.322+0000] {dag.py:3954} INFO - Setting next_dagrun for example_branch_datetime_operator to 2026-06-07 00:00:00+00:00, run_after=2026-06-08 00:00:00+00:00
[2026-06-08T12:34:40.340+0000] {logging_mixin.py:188} INFO - [2026-06-08T12:34:40.339+0000] {dag.py:3954} INFO - Setting next_dagrun for example_branch_datetime_operator_2 to 2026-06-07 00:00:00+00:00, run_after=2026-06-08 00:00:00+00:00
[2026-06-08T12:34:40.347+0000] {logging_mixin.py:188} INFO - [2026-06-08T12:34:40.347+0000] {dag.py:3954} INFO - Setting next_dagrun for example_branch_datetime_operator_3 to 2026-06-07 00:00:00+00:00, run_after=2026-06-08 00:00:00+00:00
[2026-06-08T12:34:40.369+0000] {processor.py:183} INFO - Processing /home/airflow/.local/lib/python3.12/site-packages/airflow/example_dags/example_branch_datetime_operator.py took 0.234 seconds
[2026-06-08T12:35:10.923+0000] {processor.py:161} INFO - Started process (PID=2134) to work on /home/airflow/.local/lib/python3.12/site-packages/airflow/example_dags/example_branch_datetime_operator.py
[2026-06-08T12:35:10.923+0000] {processor.py:830} INFO - Processing file /home/airflow/.local/lib/python3.12/site-packages/airflow/example_dags/example_branch_datetime_operator.py for tasks to queue
[2026-06-08T12:35:10.924+0000] {logging_mixin.py:188} INFO - [2026-06-08T12:35:10.924+0000] {dagbag.py:545} INFO - Filling up the DagBag from /home/airflow/.local/lib/python3.12/site-packages/airflow/example_dags/example_branch_datetime_operator.py
[2026-06-08T12:35:10.931+0000] {processor.py:840} INFO - DAG(s) 'example_branch_datetime_operator', 'example_branch_datetime_operator_2', 'example_branch_datetime_operator_3' retrieved from /home/airflow/.local/lib/python3.12/site-packages/airflow/example_dags/example_branch_datetime_operator.py
[2026-06-08T12:35:10.956+0000] {logging_mixin.py:188} INFO - [2026-06-08T12:35:10.956+0000] {dag.py:3096} INFO - Sync 3 DAGs
[2026-06-08T12:35:10.977+0000] {logging_mixin.py:188} INFO - [2026-06-08T12:35:10.977+0000] {dag.py:3954} INFO - Setting next_dagrun for example_branch_datetime_operator to 2026-06-07 00:00:00+00:00, run_after=2026-06-08 00:00:00+00:00
[2026-06-08T12:35:10.984+0000] {logging_mixin.py:188} INFO - [2026-06-08T12:35:10.983+0000] {dag.py:3954} INFO - Setting next_dagrun for example_branch_datetime_operator_2 to 2026-06-07 00:00:00+00:00, run_after=2026-06-08 00:00:00+00:00
[2026-06-08T12:35:10.987+0000] {logging_mixin.py:188} INFO - [2026-06-08T12:35:10.987+0000] {dag.py:3954} INFO - Setting next_dagrun for example_branch_datetime_operator_3 to 2026-06-07 00:00:00+00:00, run_after=2026-06-08 00:00:00+00:00
[2026-06-08T12:35:11.001+0000] {processor.py:183} INFO - Processing /home/airflow/.local/lib/python3.12/site-packages/airflow/example_dags/example_branch_datetime_operator.py took 0.083 seconds
[2026-06-08T12:35:41.481+0000] {processor.py:161} INFO - Started process (PID=2193) to work on /home/airflow/.local/lib/python3.12/site-packages/airflow/example_dags/example_branch_datetime_operator.py
[2026-06-08T12:35:41.482+0000] {processor.py:830} INFO - Processing file /home/airflow/.local/lib/python3.12/site-packages/airflow/example_dags/example_branch_datetime_operator.py for tasks to queue
[2026-06-08T12:35:41.484+0000] {logging_mixin.py:188} INFO - [2026-06-08T12:35:41.483+0000] {dagbag.py:545} INFO - Filling up the DagBag from /home/airflow/.local/lib/python3.12/site-packages/airflow/example_dags/example_branch_datetime_operator.py
[2026-06-08T12:35:41.495+0000] {processor.py:840} INFO - DAG(s) 'example_branch_datetime_operator', 'example_branch_datetime_operator_2', 'example_branch_datetime_operator_3' retrieved from /home/airflow/.local/lib/python3.12/site-packages/airflow/example_dags/example_branch_datetime_operator.py
[2026-06-08T12:35:41.517+0000] {logging_mixin.py:188} INFO - [2026-06-08T12:35:41.516+0000] {dag.py:3096} INFO - Sync 3 DAGs
[2026-06-08T12:35:41.546+0000] {logging_mixin.py:188} INFO - [2026-06-08T12:35:41.546+0000] {dag.py:3954} INFO - Setting next_dagrun for example_branch_datetime_operator to 2026-06-07 00:00:00+00:00, run_after=2026-06-08 00:00:00+00:00
[2026-06-08T12:35:41.553+0000] {logging_mixin.py:188} INFO - [2026-06-08T12:35:41.553+0000] {dag.py:3954} INFO - Setting next_dagrun for example_branch_datetime_operator_2 to 2026-06-07 00:00:00+00:00, run_after=2026-06-08 00:00:00+00:00
[2026-06-08T12:35:41.556+0000] {logging_mixin.py:188} INFO - [2026-06-08T12:35:41.556+0000] {dag.py:3954} INFO - Setting next_dagrun for example_branch_datetime_operator_3 to 2026-06-07 00:00:00+00:00, run_after=2026-06-08 00:00:00+00:00
[2026-06-08T12:35:41.574+0000] {processor.py:183} INFO - Processing /home/airflow/.local/lib/python3.12/site-packages/airflow/example_dags/example_branch_datetime_operator.py took 0.099 seconds
[2026-06-08T12:36:11.995+0000] {processor.py:161} INFO - Started process (PID=2252) to work on /home/airflow/.local/lib/python3.12/site-packages/airflow/example_dags/example_branch_datetime_operator.py
[2026-06-08T12:36:11.996+0000] {processor.py:830} INFO - Processing file /home/airflow/.local/lib/python3.12/site-packages/airflow/example_dags/example_branch_datetime_operator.py for tasks to queue
[2026-06-08T12:36:11.997+0000] {logging_mixin.py:188} INFO - [2026-06-08T12:36:11.997+0000] {dagbag.py:545} INFO - Filling up the DagBag from /home/airflow/.local/lib/python3.12/site-packages/airflow/example_dags/example_branch_datetime_operator.py
[2026-06-08T12:36:12.004+0000] {processor.py:840} INFO - DAG(s) 'example_branch_datetime_operator', 'example_branch_datetime_operator_2', 'example_branch_datetime_operator_3' retrieved from /home/airflow/.local/lib/python3.12/site-packages/airflow/example_dags/example_branch_datetime_operator.py
[2026-06-08T12:36:12.029+0000] {logging_mixin.py:188} INFO - [2026-06-08T12:36:12.029+0000] {dag.py:3096} INFO - Sync 3 DAGs
[2026-06-08T12:36:12.045+0000] {logging_mixin.py:188} INFO - [2026-06-08T12:36:12.045+0000] {dag.py:3954} INFO - Setting next_dagrun for example_branch_datetime_operator to 2026-06-07 00:00:00+00:00, run_after=2026-06-08 00:00:00+00:00
[2026-06-08T12:36:12.048+0000] {logging_mixin.py:188} INFO - [2026-06-08T12:36:12.048+0000] {dag.py:3954} INFO - Setting next_dagrun for example_branch_datetime_operator_2 to 2026-06-07 00:00:00+00:00, run_after=2026-06-08 00:00:00+00:00
[2026-06-08T12:36:12.050+0000] {logging_mixin.py:188} INFO - [2026-06-08T12:36:12.050+0000] {dag.py:3954} INFO - Setting next_dagrun for example_branch_datetime_operator_3 to 2026-06-07 00:00:00+00:00, run_after=2026-06-08 00:00:00+00:00
[2026-06-08T12:36:12.062+0000] {processor.py:183} INFO - Processing /home/airflow/.local/lib/python3.12/site-packages/airflow/example_dags/example_branch_datetime_operator.py took 0.071 seconds
[2026-06-08T12:36:42.539+0000] {processor.py:161} INFO - Started process (PID=2311) to work on /home/airflow/.local/lib/python3.12/site-packages/airflow/example_dags/example_branch_datetime_operator.py
[2026-06-08T12:36:42.540+0000] {processor.py:830} INFO - Processing file /home/airflow/.local/lib/python3.12/site-packages/airflow/example_dags/example_branch_datetime_operator.py for tasks to queue
[2026-06-08T12:36:42.542+0000] {logging_mixin.py:188} INFO - [2026-06-08T12:36:42.542+0000] {dagbag.py:545} INFO - Filling up the DagBag from /home/airflow/.local/lib/python3.12/site-packages/airflow/example_dags/example_branch_datetime_operator.py
[2026-06-08T12:36:42.556+0000] {processor.py:840} INFO - DAG(s) 'example_branch_datetime_operator', 'example_branch_datetime_operator_2', 'example_branch_datetime_operator_3' retrieved from /home/airflow/.local/lib/python3.12/site-packages/airflow/example_dags/example_branch_datetime_operator.py
[2026-06-08T12:36:42.594+0000] {logging_mixin.py:188} INFO - [2026-06-08T12:36:42.594+0000] {dag.py:3096} INFO - Sync 3 DAGs
[2026-06-08T12:36:42.624+0000] {logging_mixin.py:188} INFO - [2026-06-08T12:36:42.624+0000] {dag.py:3954} INFO - Setting next_dagrun for example_branch_datetime_operator to 2026-06-07 00:00:00+00:00, run_after=2026-06-08 00:00:00+00:00
[2026-06-08T12:36:42.628+0000] {logging_mixin.py:188} INFO - [2026-06-08T12:36:42.628+0000] {dag.py:3954} INFO - Setting next_dagrun for example_branch_datetime_operator_2 to 2026-06-07 00:00:00+00:00, run_after=2026-06-08 00:00:00+00:00
[2026-06-08T12:36:42.631+0000] {logging_mixin.py:188} INFO - [2026-06-08T12:36:42.630+0000] {dag.py:3954} INFO - Setting next_dagrun for example_branch_datetime_operator_3 to 2026-06-07 00:00:00+00:00, run_after=2026-06-08 00:00:00+00:00
[2026-06-08T12:36:42.644+0000] {processor.py:183} INFO - Processing /home/airflow/.local/lib/python3.12/site-packages/airflow/example_dags/example_branch_datetime_operator.py took 0.114 seconds
[2026-06-08T12:37:12.826+0000] {processor.py:161} INFO - Started process (PID=2370) to work on /home/airflow/.local/lib/python3.12/site-packages/airflow/example_dags/example_branch_datetime_operator.py
[2026-06-08T12:37:12.827+0000] {processor.py:830} INFO - Processing file /home/airflow/.local/lib/python3.12/site-packages/airflow/example_dags/example_branch_datetime_operator.py for tasks to queue
[2026-06-08T12:37:12.828+0000] {logging_mixin.py:188} INFO - [2026-06-08T12:37:12.828+0000] {dagbag.py:545} INFO - Filling up the DagBag from /home/airflow/.local/lib/python3.12/site-packages/airflow/example_dags/example_branch_datetime_operator.py
[2026-06-08T12:37:12.834+0000] {processor.py:840} INFO - DAG(s) 'example_branch_datetime_operator_2', 'example_branch_datetime_operator_3', 'example_branch_datetime_operator' retrieved from /home/airflow/.local/lib/python3.12/site-packages/airflow/example_dags/example_branch_datetime_operator.py
[2026-06-08T12:37:12.861+0000] {logging_mixin.py:188} INFO - [2026-06-08T12:37:12.861+0000] {dag.py:3096} INFO - Sync 3 DAGs
[2026-06-08T12:37:12.884+0000] {logging_mixin.py:188} INFO - [2026-06-08T12:37:12.884+0000] {dag.py:3954} INFO - Setting next_dagrun for example_branch_datetime_operator to 2026-06-07 00:00:00+00:00, run_after=2026-06-08 00:00:00+00:00
[2026-06-08T12:37:12.888+0000] {logging_mixin.py:188} INFO - [2026-06-08T12:37:12.887+0000] {dag.py:3954} INFO - Setting next_dagrun for example_branch_datetime_operator_2 to 2026-06-07 00:00:00+00:00, run_after=2026-06-08 00:00:00+00:00
[2026-06-08T12:37:12.889+0000] {logging_mixin.py:188} INFO - [2026-06-08T12:37:12.889+0000] {dag.py:3954} INFO - Setting next_dagrun for example_branch_datetime_operator_3 to 2026-06-07 00:00:00+00:00, run_after=2026-06-08 00:00:00+00:00
[2026-06-08T12:37:12.904+0000] {processor.py:183} INFO - Processing /home/airflow/.local/lib/python3.12/site-packages/airflow/example_dags/example_branch_datetime_operator.py took 0.082 seconds
[2026-06-08T12:37:43.350+0000] {processor.py:161} INFO - Started process (PID=2429) to work on /home/airflow/.local/lib/python3.12/site-packages/airflow/example_dags/example_branch_datetime_operator.py
[2026-06-08T12:37:43.350+0000] {processor.py:830} INFO - Processing file /home/airflow/.local/lib/python3.12/site-packages/airflow/example_dags/example_branch_datetime_operator.py for tasks to queue
[2026-06-08T12:37:43.351+0000] {logging_mixin.py:188} INFO - [2026-06-08T12:37:43.351+0000] {dagbag.py:545} INFO - Filling up the DagBag from /home/airflow/.local/lib/python3.12/site-packages/airflow/example_dags/example_branch_datetime_operator.py
[2026-06-08T12:37:43.358+0000] {processor.py:840} INFO - DAG(s) 'example_branch_datetime_operator', 'example_branch_datetime_operator_2', 'example_branch_datetime_operator_3' retrieved from /home/airflow/.local/lib/python3.12/site-packages/airflow/example_dags/example_branch_datetime_operator.py
[2026-06-08T12:37:43.379+0000] {logging_mixin.py:188} INFO - [2026-06-08T12:37:43.379+0000] {dag.py:3096} INFO - Sync 3 DAGs
[2026-06-08T12:37:43.396+0000] {logging_mixin.py:188} INFO - [2026-06-08T12:37:43.396+0000] {dag.py:3954} INFO - Setting next_dagrun for example_branch_datetime_operator to 2026-06-07 00:00:00+00:00, run_after=2026-06-08 00:00:00+00:00
[2026-06-08T12:37:43.399+0000] {logging_mixin.py:188} INFO - [2026-06-08T12:37:43.399+0000] {dag.py:3954} INFO - Setting next_dagrun for example_branch_datetime_operator_2 to 2026-06-07 00:00:00+00:00, run_after=2026-06-08 00:00:00+00:00
[2026-06-08T12:37:43.401+0000] {logging_mixin.py:188} INFO - [2026-06-08T12:37:43.401+0000] {dag.py:3954} INFO - Setting next_dagrun for example_branch_datetime_operator_3 to 2026-06-07 00:00:00+00:00, run_after=2026-06-08 00:00:00+00:00
[2026-06-08T12:37:43.411+0000] {processor.py:183} INFO - Processing /home/airflow/.local/lib/python3.12/site-packages/airflow/example_dags/example_branch_datetime_operator.py took 0.066 seconds
