[2026-06-08T12:17:50.790+0000] {processor.py:161} INFO - Started process (PID=56) to work on /home/airflow/.local/lib/python3.12/site-packages/airflow/example_dags/example_short_circuit_operator.py
[2026-06-08T12:17:50.791+0000] {processor.py:830} INFO - Processing file /home/airflow/.local/lib/python3.12/site-packages/airflow/example_dags/example_short_circuit_operator.py for tasks to queue
[2026-06-08T12:17:50.792+0000] {logging_mixin.py:188} INFO - [2026-06-08T12:17:50.792+0000] {dagbag.py:545} INFO - Filling up the DagBag from /home/airflow/.local/lib/python3.12/site-packages/airflow/example_dags/example_short_circuit_operator.py
[2026-06-08T12:17:50.799+0000] {processor.py:840} INFO - DAG(s) 'example_short_circuit_operator' retrieved from /home/airflow/.local/lib/python3.12/site-packages/airflow/example_dags/example_short_circuit_operator.py
[2026-06-08T12:17:50.810+0000] {logging_mixin.py:188} INFO - [2026-06-08T12:17:50.809+0000] {dag.py:3096} INFO - Sync 1 DAGs
[2026-06-08T12:17:50.830+0000] {logging_mixin.py:188} INFO - [2026-06-08T12:17:50.830+0000] {dag.py:3954} INFO - Setting next_dagrun for example_short_circuit_operator to 2026-06-07 00:00:00+00:00, run_after=2026-06-08 00:00:00+00:00
[2026-06-08T12:17:50.851+0000] {processor.py:183} INFO - Processing /home/airflow/.local/lib/python3.12/site-packages/airflow/example_dags/example_short_circuit_operator.py took 0.065 seconds
[2026-06-08T12:18:21.671+0000] {processor.py:161} INFO - Started process (PID=114) to work on /home/airflow/.local/lib/python3.12/site-packages/airflow/example_dags/example_short_circuit_operator.py
[2026-06-08T12:18:21.672+0000] {processor.py:830} INFO - Processing file /home/airflow/.local/lib/python3.12/site-packages/airflow/example_dags/example_short_circuit_operator.py for tasks to queue
[2026-06-08T12:18:21.673+0000] {logging_mixin.py:188} INFO - [2026-06-08T12:18:21.673+0000] {dagbag.py:545} INFO - Filling up the DagBag from /home/airflow/.local/lib/python3.12/site-packages/airflow/example_dags/example_short_circuit_operator.py
[2026-06-08T12:18:21.682+0000] {processor.py:840} INFO - DAG(s) 'example_short_circuit_operator' retrieved from /home/airflow/.local/lib/python3.12/site-packages/airflow/example_dags/example_short_circuit_operator.py
[2026-06-08T12:18:21.793+0000] {logging_mixin.py:188} INFO - [2026-06-08T12:18:21.793+0000] {dag.py:3096} INFO - Sync 1 DAGs
[2026-06-08T12:18:21.809+0000] {logging_mixin.py:188} INFO - [2026-06-08T12:18:21.809+0000] {dag.py:3954} INFO - Setting next_dagrun for example_short_circuit_operator to 2026-06-07 00:00:00+00:00, run_after=2026-06-08 00:00:00+00:00
[2026-06-08T12:18:21.824+0000] {processor.py:183} INFO - Processing /home/airflow/.local/lib/python3.12/site-packages/airflow/example_dags/example_short_circuit_operator.py took 0.160 seconds
[2026-06-08T12:18:52.179+0000] {processor.py:161} INFO - Started process (PID=178) to work on /home/airflow/.local/lib/python3.12/site-packages/airflow/example_dags/example_short_circuit_operator.py
[2026-06-08T12:18:52.180+0000] {processor.py:830} INFO - Processing file /home/airflow/.local/lib/python3.12/site-packages/airflow/example_dags/example_short_circuit_operator.py for tasks to queue
[2026-06-08T12:18:52.181+0000] {logging_mixin.py:188} INFO - [2026-06-08T12:18:52.181+0000] {dagbag.py:545} INFO - Filling up the DagBag from /home/airflow/.local/lib/python3.12/site-packages/airflow/example_dags/example_short_circuit_operator.py
[2026-06-08T12:18:52.187+0000] {processor.py:840} INFO - DAG(s) 'example_short_circuit_operator' retrieved from /home/airflow/.local/lib/python3.12/site-packages/airflow/example_dags/example_short_circuit_operator.py
[2026-06-08T12:18:52.223+0000] {logging_mixin.py:188} INFO - [2026-06-08T12:18:52.222+0000] {dag.py:3096} INFO - Sync 1 DAGs
[2026-06-08T12:18:52.250+0000] {logging_mixin.py:188} INFO - [2026-06-08T12:18:52.250+0000] {dag.py:3954} INFO - Setting next_dagrun for example_short_circuit_operator to 2026-06-07 00:00:00+00:00, run_after=2026-06-08 00:00:00+00:00
[2026-06-08T12:18:52.273+0000] {processor.py:183} INFO - Processing /home/airflow/.local/lib/python3.12/site-packages/airflow/example_dags/example_short_circuit_operator.py took 0.099 seconds
[2026-06-08T12:19:22.671+0000] {processor.py:161} INFO - Started process (PID=236) to work on /home/airflow/.local/lib/python3.12/site-packages/airflow/example_dags/example_short_circuit_operator.py
[2026-06-08T12:19:22.672+0000] {processor.py:830} INFO - Processing file /home/airflow/.local/lib/python3.12/site-packages/airflow/example_dags/example_short_circuit_operator.py for tasks to queue
[2026-06-08T12:19:22.673+0000] {logging_mixin.py:188} INFO - [2026-06-08T12:19:22.673+0000] {dagbag.py:545} INFO - Filling up the DagBag from /home/airflow/.local/lib/python3.12/site-packages/airflow/example_dags/example_short_circuit_operator.py
[2026-06-08T12:19:22.677+0000] {processor.py:840} INFO - DAG(s) 'example_short_circuit_operator' retrieved from /home/airflow/.local/lib/python3.12/site-packages/airflow/example_dags/example_short_circuit_operator.py
[2026-06-08T12:19:22.694+0000] {logging_mixin.py:188} INFO - [2026-06-08T12:19:22.694+0000] {dag.py:3096} INFO - Sync 1 DAGs
[2026-06-08T12:19:22.708+0000] {logging_mixin.py:188} INFO - [2026-06-08T12:19:22.708+0000] {dag.py:3954} INFO - Setting next_dagrun for example_short_circuit_operator to 2026-06-07 00:00:00+00:00, run_after=2026-06-08 00:00:00+00:00
[2026-06-08T12:19:22.723+0000] {processor.py:183} INFO - Processing /home/airflow/.local/lib/python3.12/site-packages/airflow/example_dags/example_short_circuit_operator.py took 0.056 seconds
[2026-06-08T12:19:53.208+0000] {processor.py:161} INFO - Started process (PID=294) to work on /home/airflow/.local/lib/python3.12/site-packages/airflow/example_dags/example_short_circuit_operator.py
[2026-06-08T12:19:53.209+0000] {processor.py:830} INFO - Processing file /home/airflow/.local/lib/python3.12/site-packages/airflow/example_dags/example_short_circuit_operator.py for tasks to queue
[2026-06-08T12:19:53.210+0000] {logging_mixin.py:188} INFO - [2026-06-08T12:19:53.210+0000] {dagbag.py:545} INFO - Filling up the DagBag from /home/airflow/.local/lib/python3.12/site-packages/airflow/example_dags/example_short_circuit_operator.py
[2026-06-08T12:19:53.214+0000] {processor.py:840} INFO - DAG(s) 'example_short_circuit_operator' retrieved from /home/airflow/.local/lib/python3.12/site-packages/airflow/example_dags/example_short_circuit_operator.py
[2026-06-08T12:19:53.233+0000] {logging_mixin.py:188} INFO - [2026-06-08T12:19:53.233+0000] {dag.py:3096} INFO - Sync 1 DAGs
[2026-06-08T12:19:53.248+0000] {logging_mixin.py:188} INFO - [2026-06-08T12:19:53.248+0000] {dag.py:3954} INFO - Setting next_dagrun for example_short_circuit_operator to 2026-06-07 00:00:00+00:00, run_after=2026-06-08 00:00:00+00:00
[2026-06-08T12:19:53.261+0000] {processor.py:183} INFO - Processing /home/airflow/.local/lib/python3.12/site-packages/airflow/example_dags/example_short_circuit_operator.py took 0.057 seconds
[2026-06-08T12:20:23.525+0000] {processor.py:161} INFO - Started process (PID=352) to work on /home/airflow/.local/lib/python3.12/site-packages/airflow/example_dags/example_short_circuit_operator.py
[2026-06-08T12:20:23.526+0000] {processor.py:830} INFO - Processing file /home/airflow/.local/lib/python3.12/site-packages/airflow/example_dags/example_short_circuit_operator.py for tasks to queue
[2026-06-08T12:20:23.529+0000] {logging_mixin.py:188} INFO - [2026-06-08T12:20:23.528+0000] {dagbag.py:545} INFO - Filling up the DagBag from /home/airflow/.local/lib/python3.12/site-packages/airflow/example_dags/example_short_circuit_operator.py
[2026-06-08T12:20:23.537+0000] {processor.py:840} INFO - DAG(s) 'example_short_circuit_operator' retrieved from /home/airflow/.local/lib/python3.12/site-packages/airflow/example_dags/example_short_circuit_operator.py
[2026-06-08T12:20:23.568+0000] {logging_mixin.py:188} INFO - [2026-06-08T12:20:23.568+0000] {dag.py:3096} INFO - Sync 1 DAGs
[2026-06-08T12:20:23.588+0000] {logging_mixin.py:188} INFO - [2026-06-08T12:20:23.588+0000] {dag.py:3954} INFO - Setting next_dagrun for example_short_circuit_operator to 2026-06-07 00:00:00+00:00, run_after=2026-06-08 00:00:00+00:00
[2026-06-08T12:20:23.603+0000] {processor.py:183} INFO - Processing /home/airflow/.local/lib/python3.12/site-packages/airflow/example_dags/example_short_circuit_operator.py took 0.086 seconds
[2026-06-08T12:20:54.095+0000] {processor.py:161} INFO - Started process (PID=410) to work on /home/airflow/.local/lib/python3.12/site-packages/airflow/example_dags/example_short_circuit_operator.py
[2026-06-08T12:20:54.096+0000] {processor.py:830} INFO - Processing file /home/airflow/.local/lib/python3.12/site-packages/airflow/example_dags/example_short_circuit_operator.py for tasks to queue
[2026-06-08T12:20:54.098+0000] {logging_mixin.py:188} INFO - [2026-06-08T12:20:54.098+0000] {dagbag.py:545} INFO - Filling up the DagBag from /home/airflow/.local/lib/python3.12/site-packages/airflow/example_dags/example_short_circuit_operator.py
[2026-06-08T12:20:54.107+0000] {processor.py:840} INFO - DAG(s) 'example_short_circuit_operator' retrieved from /home/airflow/.local/lib/python3.12/site-packages/airflow/example_dags/example_short_circuit_operator.py
[2026-06-08T12:20:54.125+0000] {logging_mixin.py:188} INFO - [2026-06-08T12:20:54.125+0000] {dag.py:3096} INFO - Sync 1 DAGs
[2026-06-08T12:20:54.139+0000] {logging_mixin.py:188} INFO - [2026-06-08T12:20:54.139+0000] {dag.py:3954} INFO - Setting next_dagrun for example_short_circuit_operator to 2026-06-07 00:00:00+00:00, run_after=2026-06-08 00:00:00+00:00
[2026-06-08T12:20:54.153+0000] {processor.py:183} INFO - Processing /home/airflow/.local/lib/python3.12/site-packages/airflow/example_dags/example_short_circuit_operator.py took 0.066 seconds
[2026-06-08T12:21:24.367+0000] {processor.py:161} INFO - Started process (PID=468) to work on /home/airflow/.local/lib/python3.12/site-packages/airflow/example_dags/example_short_circuit_operator.py
[2026-06-08T12:21:24.368+0000] {processor.py:830} INFO - Processing file /home/airflow/.local/lib/python3.12/site-packages/airflow/example_dags/example_short_circuit_operator.py for tasks to queue
[2026-06-08T12:21:24.369+0000] {logging_mixin.py:188} INFO - [2026-06-08T12:21:24.369+0000] {dagbag.py:545} INFO - Filling up the DagBag from /home/airflow/.local/lib/python3.12/site-packages/airflow/example_dags/example_short_circuit_operator.py
[2026-06-08T12:21:24.374+0000] {processor.py:840} INFO - DAG(s) 'example_short_circuit_operator' retrieved from /home/airflow/.local/lib/python3.12/site-packages/airflow/example_dags/example_short_circuit_operator.py
[2026-06-08T12:21:24.391+0000] {logging_mixin.py:188} INFO - [2026-06-08T12:21:24.391+0000] {dag.py:3096} INFO - Sync 1 DAGs
[2026-06-08T12:21:24.405+0000] {logging_mixin.py:188} INFO - [2026-06-08T12:21:24.405+0000] {dag.py:3954} INFO - Setting next_dagrun for example_short_circuit_operator to 2026-06-07 00:00:00+00:00, run_after=2026-06-08 00:00:00+00:00
[2026-06-08T12:21:24.418+0000] {processor.py:183} INFO - Processing /home/airflow/.local/lib/python3.12/site-packages/airflow/example_dags/example_short_circuit_operator.py took 0.056 seconds
[2026-06-08T12:21:54.961+0000] {processor.py:161} INFO - Started process (PID=548) to work on /home/airflow/.local/lib/python3.12/site-packages/airflow/example_dags/example_short_circuit_operator.py
[2026-06-08T12:21:54.961+0000] {processor.py:830} INFO - Processing file /home/airflow/.local/lib/python3.12/site-packages/airflow/example_dags/example_short_circuit_operator.py for tasks to queue
[2026-06-08T12:21:54.963+0000] {logging_mixin.py:188} INFO - [2026-06-08T12:21:54.963+0000] {dagbag.py:545} INFO - Filling up the DagBag from /home/airflow/.local/lib/python3.12/site-packages/airflow/example_dags/example_short_circuit_operator.py
[2026-06-08T12:21:54.969+0000] {processor.py:840} INFO - DAG(s) 'example_short_circuit_operator' retrieved from /home/airflow/.local/lib/python3.12/site-packages/airflow/example_dags/example_short_circuit_operator.py
[2026-06-08T12:21:54.998+0000] {logging_mixin.py:188} INFO - [2026-06-08T12:21:54.997+0000] {dag.py:3096} INFO - Sync 1 DAGs
[2026-06-08T12:21:55.027+0000] {logging_mixin.py:188} INFO - [2026-06-08T12:21:55.027+0000] {dag.py:3954} INFO - Setting next_dagrun for example_short_circuit_operator to 2026-06-07 00:00:00+00:00, run_after=2026-06-08 00:00:00+00:00
[2026-06-08T12:21:55.051+0000] {processor.py:183} INFO - Processing /home/airflow/.local/lib/python3.12/site-packages/airflow/example_dags/example_short_circuit_operator.py took 0.098 seconds
[2026-06-08T12:22:25.711+0000] {processor.py:161} INFO - Started process (PID=606) to work on /home/airflow/.local/lib/python3.12/site-packages/airflow/example_dags/example_short_circuit_operator.py
[2026-06-08T12:22:25.711+0000] {processor.py:830} INFO - Processing file /home/airflow/.local/lib/python3.12/site-packages/airflow/example_dags/example_short_circuit_operator.py for tasks to queue
[2026-06-08T12:22:25.713+0000] {logging_mixin.py:188} INFO - [2026-06-08T12:22:25.712+0000] {dagbag.py:545} INFO - Filling up the DagBag from /home/airflow/.local/lib/python3.12/site-packages/airflow/example_dags/example_short_circuit_operator.py
[2026-06-08T12:22:25.718+0000] {processor.py:840} INFO - DAG(s) 'example_short_circuit_operator' retrieved from /home/airflow/.local/lib/python3.12/site-packages/airflow/example_dags/example_short_circuit_operator.py
[2026-06-08T12:22:25.747+0000] {logging_mixin.py:188} INFO - [2026-06-08T12:22:25.746+0000] {dag.py:3096} INFO - Sync 1 DAGs
[2026-06-08T12:22:25.768+0000] {logging_mixin.py:188} INFO - [2026-06-08T12:22:25.768+0000] {dag.py:3954} INFO - Setting next_dagrun for example_short_circuit_operator to 2026-06-07 00:00:00+00:00, run_after=2026-06-08 00:00:00+00:00
[2026-06-08T12:22:25.823+0000] {processor.py:183} INFO - Processing /home/airflow/.local/lib/python3.12/site-packages/airflow/example_dags/example_short_circuit_operator.py took 0.117 seconds
[2026-06-08T12:22:56.665+0000] {processor.py:161} INFO - Started process (PID=687) to work on /home/airflow/.local/lib/python3.12/site-packages/airflow/example_dags/example_short_circuit_operator.py
[2026-06-08T12:22:56.665+0000] {processor.py:830} INFO - Processing file /home/airflow/.local/lib/python3.12/site-packages/airflow/example_dags/example_short_circuit_operator.py for tasks to queue
[2026-06-08T12:22:56.667+0000] {logging_mixin.py:188} INFO - [2026-06-08T12:22:56.666+0000] {dagbag.py:545} INFO - Filling up the DagBag from /home/airflow/.local/lib/python3.12/site-packages/airflow/example_dags/example_short_circuit_operator.py
[2026-06-08T12:22:56.671+0000] {processor.py:840} INFO - DAG(s) 'example_short_circuit_operator' retrieved from /home/airflow/.local/lib/python3.12/site-packages/airflow/example_dags/example_short_circuit_operator.py
[2026-06-08T12:22:56.681+0000] {logging_mixin.py:188} INFO - [2026-06-08T12:22:56.681+0000] {dag.py:3096} INFO - Sync 1 DAGs
[2026-06-08T12:22:56.698+0000] {logging_mixin.py:188} INFO - [2026-06-08T12:22:56.698+0000] {dag.py:3954} INFO - Setting next_dagrun for example_short_circuit_operator to 2026-06-07 00:00:00+00:00, run_after=2026-06-08 00:00:00+00:00
[2026-06-08T12:22:56.712+0000] {processor.py:183} INFO - Processing /home/airflow/.local/lib/python3.12/site-packages/airflow/example_dags/example_short_circuit_operator.py took 0.052 seconds
[2026-06-08T12:23:27.553+0000] {processor.py:161} INFO - Started process (PID=767) to work on /home/airflow/.local/lib/python3.12/site-packages/airflow/example_dags/example_short_circuit_operator.py
[2026-06-08T12:23:27.554+0000] {processor.py:830} INFO - Processing file /home/airflow/.local/lib/python3.12/site-packages/airflow/example_dags/example_short_circuit_operator.py for tasks to queue
[2026-06-08T12:23:27.555+0000] {logging_mixin.py:188} INFO - [2026-06-08T12:23:27.555+0000] {dagbag.py:545} INFO - Filling up the DagBag from /home/airflow/.local/lib/python3.12/site-packages/airflow/example_dags/example_short_circuit_operator.py
[2026-06-08T12:23:27.561+0000] {processor.py:840} INFO - DAG(s) 'example_short_circuit_operator' retrieved from /home/airflow/.local/lib/python3.12/site-packages/airflow/example_dags/example_short_circuit_operator.py
[2026-06-08T12:23:27.636+0000] {logging_mixin.py:188} INFO - [2026-06-08T12:23:27.636+0000] {dag.py:3096} INFO - Sync 1 DAGs
[2026-06-08T12:23:27.649+0000] {logging_mixin.py:188} INFO - [2026-06-08T12:23:27.649+0000] {dag.py:3954} INFO - Setting next_dagrun for example_short_circuit_operator to 2026-06-07 00:00:00+00:00, run_after=2026-06-08 00:00:00+00:00
[2026-06-08T12:23:27.663+0000] {processor.py:183} INFO - Processing /home/airflow/.local/lib/python3.12/site-packages/airflow/example_dags/example_short_circuit_operator.py took 0.115 seconds
[2026-06-08T12:23:58.318+0000] {processor.py:161} INFO - Started process (PID=826) to work on /home/airflow/.local/lib/python3.12/site-packages/airflow/example_dags/example_short_circuit_operator.py
[2026-06-08T12:23:58.319+0000] {processor.py:830} INFO - Processing file /home/airflow/.local/lib/python3.12/site-packages/airflow/example_dags/example_short_circuit_operator.py for tasks to queue
[2026-06-08T12:23:58.321+0000] {logging_mixin.py:188} INFO - [2026-06-08T12:23:58.321+0000] {dagbag.py:545} INFO - Filling up the DagBag from /home/airflow/.local/lib/python3.12/site-packages/airflow/example_dags/example_short_circuit_operator.py
[2026-06-08T12:23:58.327+0000] {processor.py:840} INFO - DAG(s) 'example_short_circuit_operator' retrieved from /home/airflow/.local/lib/python3.12/site-packages/airflow/example_dags/example_short_circuit_operator.py
[2026-06-08T12:23:58.352+0000] {logging_mixin.py:188} INFO - [2026-06-08T12:23:58.352+0000] {dag.py:3096} INFO - Sync 1 DAGs
[2026-06-08T12:23:58.366+0000] {logging_mixin.py:188} INFO - [2026-06-08T12:23:58.366+0000] {dag.py:3954} INFO - Setting next_dagrun for example_short_circuit_operator to 2026-06-07 00:00:00+00:00, run_after=2026-06-08 00:00:00+00:00
[2026-06-08T12:23:58.378+0000] {processor.py:183} INFO - Processing /home/airflow/.local/lib/python3.12/site-packages/airflow/example_dags/example_short_circuit_operator.py took 0.065 seconds
[2026-06-08T12:24:28.959+0000] {processor.py:161} INFO - Started process (PID=885) to work on /home/airflow/.local/lib/python3.12/site-packages/airflow/example_dags/example_short_circuit_operator.py
[2026-06-08T12:24:28.960+0000] {processor.py:830} INFO - Processing file /home/airflow/.local/lib/python3.12/site-packages/airflow/example_dags/example_short_circuit_operator.py for tasks to queue
[2026-06-08T12:24:28.961+0000] {logging_mixin.py:188} INFO - [2026-06-08T12:24:28.961+0000] {dagbag.py:545} INFO - Filling up the DagBag from /home/airflow/.local/lib/python3.12/site-packages/airflow/example_dags/example_short_circuit_operator.py
[2026-06-08T12:24:28.966+0000] {processor.py:840} INFO - DAG(s) 'example_short_circuit_operator' retrieved from /home/airflow/.local/lib/python3.12/site-packages/airflow/example_dags/example_short_circuit_operator.py
[2026-06-08T12:24:28.990+0000] {logging_mixin.py:188} INFO - [2026-06-08T12:24:28.990+0000] {dag.py:3096} INFO - Sync 1 DAGs
[2026-06-08T12:24:29.007+0000] {logging_mixin.py:188} INFO - [2026-06-08T12:24:29.007+0000] {dag.py:3954} INFO - Setting next_dagrun for example_short_circuit_operator to 2026-06-07 00:00:00+00:00, run_after=2026-06-08 00:00:00+00:00
[2026-06-08T12:24:29.024+0000] {processor.py:183} INFO - Processing /home/airflow/.local/lib/python3.12/site-packages/airflow/example_dags/example_short_circuit_operator.py took 0.071 seconds
[2026-06-08T12:24:59.453+0000] {processor.py:161} INFO - Started process (PID=944) to work on /home/airflow/.local/lib/python3.12/site-packages/airflow/example_dags/example_short_circuit_operator.py
[2026-06-08T12:24:59.454+0000] {processor.py:830} INFO - Processing file /home/airflow/.local/lib/python3.12/site-packages/airflow/example_dags/example_short_circuit_operator.py for tasks to queue
[2026-06-08T12:24:59.455+0000] {logging_mixin.py:188} INFO - [2026-06-08T12:24:59.455+0000] {dagbag.py:545} INFO - Filling up the DagBag from /home/airflow/.local/lib/python3.12/site-packages/airflow/example_dags/example_short_circuit_operator.py
[2026-06-08T12:24:59.461+0000] {processor.py:840} INFO - DAG(s) 'example_short_circuit_operator' retrieved from /home/airflow/.local/lib/python3.12/site-packages/airflow/example_dags/example_short_circuit_operator.py
[2026-06-08T12:24:59.479+0000] {logging_mixin.py:188} INFO - [2026-06-08T12:24:59.479+0000] {dag.py:3096} INFO - Sync 1 DAGs
[2026-06-08T12:24:59.494+0000] {logging_mixin.py:188} INFO - [2026-06-08T12:24:59.494+0000] {dag.py:3954} INFO - Setting next_dagrun for example_short_circuit_operator to 2026-06-07 00:00:00+00:00, run_after=2026-06-08 00:00:00+00:00
[2026-06-08T12:24:59.512+0000] {processor.py:183} INFO - Processing /home/airflow/.local/lib/python3.12/site-packages/airflow/example_dags/example_short_circuit_operator.py took 0.063 seconds
[2026-06-08T12:25:30.036+0000] {processor.py:161} INFO - Started process (PID=1004) to work on /home/airflow/.local/lib/python3.12/site-packages/airflow/example_dags/example_short_circuit_operator.py
[2026-06-08T12:25:30.036+0000] {processor.py:830} INFO - Processing file /home/airflow/.local/lib/python3.12/site-packages/airflow/example_dags/example_short_circuit_operator.py for tasks to queue
[2026-06-08T12:25:30.038+0000] {logging_mixin.py:188} INFO - [2026-06-08T12:25:30.038+0000] {dagbag.py:545} INFO - Filling up the DagBag from /home/airflow/.local/lib/python3.12/site-packages/airflow/example_dags/example_short_circuit_operator.py
[2026-06-08T12:25:30.045+0000] {processor.py:840} INFO - DAG(s) 'example_short_circuit_operator' retrieved from /home/airflow/.local/lib/python3.12/site-packages/airflow/example_dags/example_short_circuit_operator.py
[2026-06-08T12:25:30.063+0000] {logging_mixin.py:188} INFO - [2026-06-08T12:25:30.063+0000] {dag.py:3096} INFO - Sync 1 DAGs
[2026-06-08T12:25:30.078+0000] {logging_mixin.py:188} INFO - [2026-06-08T12:25:30.078+0000] {dag.py:3954} INFO - Setting next_dagrun for example_short_circuit_operator to 2026-06-07 00:00:00+00:00, run_after=2026-06-08 00:00:00+00:00
[2026-06-08T12:25:30.091+0000] {processor.py:183} INFO - Processing /home/airflow/.local/lib/python3.12/site-packages/airflow/example_dags/example_short_circuit_operator.py took 0.062 seconds
[2026-06-08T12:26:00.383+0000] {processor.py:161} INFO - Started process (PID=1063) to work on /home/airflow/.local/lib/python3.12/site-packages/airflow/example_dags/example_short_circuit_operator.py
[2026-06-08T12:26:00.384+0000] {processor.py:830} INFO - Processing file /home/airflow/.local/lib/python3.12/site-packages/airflow/example_dags/example_short_circuit_operator.py for tasks to queue
[2026-06-08T12:26:00.386+0000] {logging_mixin.py:188} INFO - [2026-06-08T12:26:00.386+0000] {dagbag.py:545} INFO - Filling up the DagBag from /home/airflow/.local/lib/python3.12/site-packages/airflow/example_dags/example_short_circuit_operator.py
[2026-06-08T12:26:00.394+0000] {processor.py:840} INFO - DAG(s) 'example_short_circuit_operator' retrieved from /home/airflow/.local/lib/python3.12/site-packages/airflow/example_dags/example_short_circuit_operator.py
[2026-06-08T12:26:00.412+0000] {logging_mixin.py:188} INFO - [2026-06-08T12:26:00.412+0000] {dag.py:3096} INFO - Sync 1 DAGs
[2026-06-08T12:26:00.426+0000] {logging_mixin.py:188} INFO - [2026-06-08T12:26:00.426+0000] {dag.py:3954} INFO - Setting next_dagrun for example_short_circuit_operator to 2026-06-07 00:00:00+00:00, run_after=2026-06-08 00:00:00+00:00
[2026-06-08T12:26:00.439+0000] {processor.py:183} INFO - Processing /home/airflow/.local/lib/python3.12/site-packages/airflow/example_dags/example_short_circuit_operator.py took 0.063 seconds
[2026-06-08T12:26:30.753+0000] {processor.py:161} INFO - Started process (PID=1122) to work on /home/airflow/.local/lib/python3.12/site-packages/airflow/example_dags/example_short_circuit_operator.py
[2026-06-08T12:26:30.754+0000] {processor.py:830} INFO - Processing file /home/airflow/.local/lib/python3.12/site-packages/airflow/example_dags/example_short_circuit_operator.py for tasks to queue
[2026-06-08T12:26:30.755+0000] {logging_mixin.py:188} INFO - [2026-06-08T12:26:30.755+0000] {dagbag.py:545} INFO - Filling up the DagBag from /home/airflow/.local/lib/python3.12/site-packages/airflow/example_dags/example_short_circuit_operator.py
[2026-06-08T12:26:30.760+0000] {processor.py:840} INFO - DAG(s) 'example_short_circuit_operator' retrieved from /home/airflow/.local/lib/python3.12/site-packages/airflow/example_dags/example_short_circuit_operator.py
[2026-06-08T12:26:30.777+0000] {logging_mixin.py:188} INFO - [2026-06-08T12:26:30.777+0000] {dag.py:3096} INFO - Sync 1 DAGs
[2026-06-08T12:26:30.792+0000] {logging_mixin.py:188} INFO - [2026-06-08T12:26:30.792+0000] {dag.py:3954} INFO - Setting next_dagrun for example_short_circuit_operator to 2026-06-07 00:00:00+00:00, run_after=2026-06-08 00:00:00+00:00
[2026-06-08T12:26:30.806+0000] {processor.py:183} INFO - Processing /home/airflow/.local/lib/python3.12/site-packages/airflow/example_dags/example_short_circuit_operator.py took 0.057 seconds
[2026-06-08T12:27:01.343+0000] {processor.py:161} INFO - Started process (PID=1181) to work on /home/airflow/.local/lib/python3.12/site-packages/airflow/example_dags/example_short_circuit_operator.py
[2026-06-08T12:27:01.344+0000] {processor.py:830} INFO - Processing file /home/airflow/.local/lib/python3.12/site-packages/airflow/example_dags/example_short_circuit_operator.py for tasks to queue
[2026-06-08T12:27:01.346+0000] {logging_mixin.py:188} INFO - [2026-06-08T12:27:01.345+0000] {dagbag.py:545} INFO - Filling up the DagBag from /home/airflow/.local/lib/python3.12/site-packages/airflow/example_dags/example_short_circuit_operator.py
[2026-06-08T12:27:01.353+0000] {processor.py:840} INFO - DAG(s) 'example_short_circuit_operator' retrieved from /home/airflow/.local/lib/python3.12/site-packages/airflow/example_dags/example_short_circuit_operator.py
[2026-06-08T12:27:01.380+0000] {logging_mixin.py:188} INFO - [2026-06-08T12:27:01.380+0000] {dag.py:3096} INFO - Sync 1 DAGs
[2026-06-08T12:27:01.396+0000] {logging_mixin.py:188} INFO - [2026-06-08T12:27:01.396+0000] {dag.py:3954} INFO - Setting next_dagrun for example_short_circuit_operator to 2026-06-07 00:00:00+00:00, run_after=2026-06-08 00:00:00+00:00
[2026-06-08T12:27:01.412+0000] {processor.py:183} INFO - Processing /home/airflow/.local/lib/python3.12/site-packages/airflow/example_dags/example_short_circuit_operator.py took 0.073 seconds
[2026-06-08T12:27:31.905+0000] {processor.py:161} INFO - Started process (PID=1240) to work on /home/airflow/.local/lib/python3.12/site-packages/airflow/example_dags/example_short_circuit_operator.py
[2026-06-08T12:27:31.906+0000] {processor.py:830} INFO - Processing file /home/airflow/.local/lib/python3.12/site-packages/airflow/example_dags/example_short_circuit_operator.py for tasks to queue
[2026-06-08T12:27:31.907+0000] {logging_mixin.py:188} INFO - [2026-06-08T12:27:31.907+0000] {dagbag.py:545} INFO - Filling up the DagBag from /home/airflow/.local/lib/python3.12/site-packages/airflow/example_dags/example_short_circuit_operator.py
[2026-06-08T12:27:31.914+0000] {processor.py:840} INFO - DAG(s) 'example_short_circuit_operator' retrieved from /home/airflow/.local/lib/python3.12/site-packages/airflow/example_dags/example_short_circuit_operator.py
[2026-06-08T12:27:31.935+0000] {logging_mixin.py:188} INFO - [2026-06-08T12:27:31.934+0000] {dag.py:3096} INFO - Sync 1 DAGs
[2026-06-08T12:27:31.956+0000] {logging_mixin.py:188} INFO - [2026-06-08T12:27:31.956+0000] {dag.py:3954} INFO - Setting next_dagrun for example_short_circuit_operator to 2026-06-07 00:00:00+00:00, run_after=2026-06-08 00:00:00+00:00
[2026-06-08T12:27:31.968+0000] {processor.py:183} INFO - Processing /home/airflow/.local/lib/python3.12/site-packages/airflow/example_dags/example_short_circuit_operator.py took 0.072 seconds
[2026-06-08T12:28:02.310+0000] {processor.py:161} INFO - Started process (PID=1299) to work on /home/airflow/.local/lib/python3.12/site-packages/airflow/example_dags/example_short_circuit_operator.py
[2026-06-08T12:28:02.311+0000] {processor.py:830} INFO - Processing file /home/airflow/.local/lib/python3.12/site-packages/airflow/example_dags/example_short_circuit_operator.py for tasks to queue
[2026-06-08T12:28:02.312+0000] {logging_mixin.py:188} INFO - [2026-06-08T12:28:02.312+0000] {dagbag.py:545} INFO - Filling up the DagBag from /home/airflow/.local/lib/python3.12/site-packages/airflow/example_dags/example_short_circuit_operator.py
[2026-06-08T12:28:02.318+0000] {processor.py:840} INFO - DAG(s) 'example_short_circuit_operator' retrieved from /home/airflow/.local/lib/python3.12/site-packages/airflow/example_dags/example_short_circuit_operator.py
[2026-06-08T12:28:02.333+0000] {logging_mixin.py:188} INFO - [2026-06-08T12:28:02.333+0000] {dag.py:3096} INFO - Sync 1 DAGs
[2026-06-08T12:28:02.346+0000] {logging_mixin.py:188} INFO - [2026-06-08T12:28:02.346+0000] {dag.py:3954} INFO - Setting next_dagrun for example_short_circuit_operator to 2026-06-07 00:00:00+00:00, run_after=2026-06-08 00:00:00+00:00
[2026-06-08T12:28:02.358+0000] {processor.py:183} INFO - Processing /home/airflow/.local/lib/python3.12/site-packages/airflow/example_dags/example_short_circuit_operator.py took 0.055 seconds
[2026-06-08T12:28:33.050+0000] {processor.py:161} INFO - Started process (PID=1359) to work on /home/airflow/.local/lib/python3.12/site-packages/airflow/example_dags/example_short_circuit_operator.py
[2026-06-08T12:28:33.051+0000] {processor.py:830} INFO - Processing file /home/airflow/.local/lib/python3.12/site-packages/airflow/example_dags/example_short_circuit_operator.py for tasks to queue
[2026-06-08T12:28:33.052+0000] {logging_mixin.py:188} INFO - [2026-06-08T12:28:33.052+0000] {dagbag.py:545} INFO - Filling up the DagBag from /home/airflow/.local/lib/python3.12/site-packages/airflow/example_dags/example_short_circuit_operator.py
[2026-06-08T12:28:33.057+0000] {processor.py:840} INFO - DAG(s) 'example_short_circuit_operator' retrieved from /home/airflow/.local/lib/python3.12/site-packages/airflow/example_dags/example_short_circuit_operator.py
[2026-06-08T12:28:33.074+0000] {logging_mixin.py:188} INFO - [2026-06-08T12:28:33.074+0000] {dag.py:3096} INFO - Sync 1 DAGs
[2026-06-08T12:28:33.092+0000] {logging_mixin.py:188} INFO - [2026-06-08T12:28:33.092+0000] {dag.py:3954} INFO - Setting next_dagrun for example_short_circuit_operator to 2026-06-07 00:00:00+00:00, run_after=2026-06-08 00:00:00+00:00
[2026-06-08T12:28:33.107+0000] {processor.py:183} INFO - Processing /home/airflow/.local/lib/python3.12/site-packages/airflow/example_dags/example_short_circuit_operator.py took 0.062 seconds
[2026-06-08T12:29:03.355+0000] {processor.py:161} INFO - Started process (PID=1418) to work on /home/airflow/.local/lib/python3.12/site-packages/airflow/example_dags/example_short_circuit_operator.py
[2026-06-08T12:29:03.355+0000] {processor.py:830} INFO - Processing file /home/airflow/.local/lib/python3.12/site-packages/airflow/example_dags/example_short_circuit_operator.py for tasks to queue
[2026-06-08T12:29:03.357+0000] {logging_mixin.py:188} INFO - [2026-06-08T12:29:03.356+0000] {dagbag.py:545} INFO - Filling up the DagBag from /home/airflow/.local/lib/python3.12/site-packages/airflow/example_dags/example_short_circuit_operator.py
[2026-06-08T12:29:03.361+0000] {processor.py:840} INFO - DAG(s) 'example_short_circuit_operator' retrieved from /home/airflow/.local/lib/python3.12/site-packages/airflow/example_dags/example_short_circuit_operator.py
[2026-06-08T12:29:03.380+0000] {logging_mixin.py:188} INFO - [2026-06-08T12:29:03.379+0000] {dag.py:3096} INFO - Sync 1 DAGs
[2026-06-08T12:29:03.395+0000] {logging_mixin.py:188} INFO - [2026-06-08T12:29:03.395+0000] {dag.py:3954} INFO - Setting next_dagrun for example_short_circuit_operator to 2026-06-07 00:00:00+00:00, run_after=2026-06-08 00:00:00+00:00
[2026-06-08T12:29:03.408+0000] {processor.py:183} INFO - Processing /home/airflow/.local/lib/python3.12/site-packages/airflow/example_dags/example_short_circuit_operator.py took 0.057 seconds
[2026-06-08T12:29:33.643+0000] {processor.py:161} INFO - Started process (PID=1477) to work on /home/airflow/.local/lib/python3.12/site-packages/airflow/example_dags/example_short_circuit_operator.py
[2026-06-08T12:29:33.644+0000] {processor.py:830} INFO - Processing file /home/airflow/.local/lib/python3.12/site-packages/airflow/example_dags/example_short_circuit_operator.py for tasks to queue
[2026-06-08T12:29:33.645+0000] {logging_mixin.py:188} INFO - [2026-06-08T12:29:33.645+0000] {dagbag.py:545} INFO - Filling up the DagBag from /home/airflow/.local/lib/python3.12/site-packages/airflow/example_dags/example_short_circuit_operator.py
[2026-06-08T12:29:33.650+0000] {processor.py:840} INFO - DAG(s) 'example_short_circuit_operator' retrieved from /home/airflow/.local/lib/python3.12/site-packages/airflow/example_dags/example_short_circuit_operator.py
[2026-06-08T12:29:33.673+0000] {logging_mixin.py:188} INFO - [2026-06-08T12:29:33.673+0000] {dag.py:3096} INFO - Sync 1 DAGs
[2026-06-08T12:29:33.694+0000] {logging_mixin.py:188} INFO - [2026-06-08T12:29:33.694+0000] {dag.py:3954} INFO - Setting next_dagrun for example_short_circuit_operator to 2026-06-07 00:00:00+00:00, run_after=2026-06-08 00:00:00+00:00
[2026-06-08T12:29:33.715+0000] {processor.py:183} INFO - Processing /home/airflow/.local/lib/python3.12/site-packages/airflow/example_dags/example_short_circuit_operator.py took 0.077 seconds
[2026-06-08T12:30:04.363+0000] {processor.py:161} INFO - Started process (PID=1536) to work on /home/airflow/.local/lib/python3.12/site-packages/airflow/example_dags/example_short_circuit_operator.py
[2026-06-08T12:30:04.363+0000] {processor.py:830} INFO - Processing file /home/airflow/.local/lib/python3.12/site-packages/airflow/example_dags/example_short_circuit_operator.py for tasks to queue
[2026-06-08T12:30:04.365+0000] {logging_mixin.py:188} INFO - [2026-06-08T12:30:04.364+0000] {dagbag.py:545} INFO - Filling up the DagBag from /home/airflow/.local/lib/python3.12/site-packages/airflow/example_dags/example_short_circuit_operator.py
[2026-06-08T12:30:04.369+0000] {processor.py:840} INFO - DAG(s) 'example_short_circuit_operator' retrieved from /home/airflow/.local/lib/python3.12/site-packages/airflow/example_dags/example_short_circuit_operator.py
[2026-06-08T12:30:04.384+0000] {logging_mixin.py:188} INFO - [2026-06-08T12:30:04.384+0000] {dag.py:3096} INFO - Sync 1 DAGs
[2026-06-08T12:30:04.399+0000] {logging_mixin.py:188} INFO - [2026-06-08T12:30:04.399+0000] {dag.py:3954} INFO - Setting next_dagrun for example_short_circuit_operator to 2026-06-07 00:00:00+00:00, run_after=2026-06-08 00:00:00+00:00
[2026-06-08T12:30:04.414+0000] {processor.py:183} INFO - Processing /home/airflow/.local/lib/python3.12/site-packages/airflow/example_dags/example_short_circuit_operator.py took 0.056 seconds
[2026-06-08T12:30:34.864+0000] {processor.py:161} INFO - Started process (PID=1595) to work on /home/airflow/.local/lib/python3.12/site-packages/airflow/example_dags/example_short_circuit_operator.py
[2026-06-08T12:30:34.864+0000] {processor.py:830} INFO - Processing file /home/airflow/.local/lib/python3.12/site-packages/airflow/example_dags/example_short_circuit_operator.py for tasks to queue
[2026-06-08T12:30:34.866+0000] {logging_mixin.py:188} INFO - [2026-06-08T12:30:34.865+0000] {dagbag.py:545} INFO - Filling up the DagBag from /home/airflow/.local/lib/python3.12/site-packages/airflow/example_dags/example_short_circuit_operator.py
[2026-06-08T12:30:34.870+0000] {processor.py:840} INFO - DAG(s) 'example_short_circuit_operator' retrieved from /home/airflow/.local/lib/python3.12/site-packages/airflow/example_dags/example_short_circuit_operator.py
[2026-06-08T12:30:34.888+0000] {logging_mixin.py:188} INFO - [2026-06-08T12:30:34.888+0000] {dag.py:3096} INFO - Sync 1 DAGs
[2026-06-08T12:30:34.904+0000] {logging_mixin.py:188} INFO - [2026-06-08T12:30:34.904+0000] {dag.py:3954} INFO - Setting next_dagrun for example_short_circuit_operator to 2026-06-07 00:00:00+00:00, run_after=2026-06-08 00:00:00+00:00
[2026-06-08T12:30:34.924+0000] {processor.py:183} INFO - Processing /home/airflow/.local/lib/python3.12/site-packages/airflow/example_dags/example_short_circuit_operator.py took 0.065 seconds
[2026-06-08T12:31:05.522+0000] {processor.py:161} INFO - Started process (PID=1654) to work on /home/airflow/.local/lib/python3.12/site-packages/airflow/example_dags/example_short_circuit_operator.py
[2026-06-08T12:31:05.523+0000] {processor.py:830} INFO - Processing file /home/airflow/.local/lib/python3.12/site-packages/airflow/example_dags/example_short_circuit_operator.py for tasks to queue
[2026-06-08T12:31:05.524+0000] {logging_mixin.py:188} INFO - [2026-06-08T12:31:05.524+0000] {dagbag.py:545} INFO - Filling up the DagBag from /home/airflow/.local/lib/python3.12/site-packages/airflow/example_dags/example_short_circuit_operator.py
[2026-06-08T12:31:05.528+0000] {processor.py:840} INFO - DAG(s) 'example_short_circuit_operator' retrieved from /home/airflow/.local/lib/python3.12/site-packages/airflow/example_dags/example_short_circuit_operator.py
[2026-06-08T12:31:05.547+0000] {logging_mixin.py:188} INFO - [2026-06-08T12:31:05.547+0000] {dag.py:3096} INFO - Sync 1 DAGs
[2026-06-08T12:31:05.565+0000] {logging_mixin.py:188} INFO - [2026-06-08T12:31:05.565+0000] {dag.py:3954} INFO - Setting next_dagrun for example_short_circuit_operator to 2026-06-07 00:00:00+00:00, run_after=2026-06-08 00:00:00+00:00
[2026-06-08T12:31:05.585+0000] {processor.py:183} INFO - Processing /home/airflow/.local/lib/python3.12/site-packages/airflow/example_dags/example_short_circuit_operator.py took 0.067 seconds
[2026-06-08T12:31:36.052+0000] {processor.py:161} INFO - Started process (PID=1713) to work on /home/airflow/.local/lib/python3.12/site-packages/airflow/example_dags/example_short_circuit_operator.py
[2026-06-08T12:31:36.052+0000] {processor.py:830} INFO - Processing file /home/airflow/.local/lib/python3.12/site-packages/airflow/example_dags/example_short_circuit_operator.py for tasks to queue
[2026-06-08T12:31:36.054+0000] {logging_mixin.py:188} INFO - [2026-06-08T12:31:36.054+0000] {dagbag.py:545} INFO - Filling up the DagBag from /home/airflow/.local/lib/python3.12/site-packages/airflow/example_dags/example_short_circuit_operator.py
[2026-06-08T12:31:36.059+0000] {processor.py:840} INFO - DAG(s) 'example_short_circuit_operator' retrieved from /home/airflow/.local/lib/python3.12/site-packages/airflow/example_dags/example_short_circuit_operator.py
[2026-06-08T12:31:36.077+0000] {logging_mixin.py:188} INFO - [2026-06-08T12:31:36.077+0000] {dag.py:3096} INFO - Sync 1 DAGs
[2026-06-08T12:31:36.092+0000] {logging_mixin.py:188} INFO - [2026-06-08T12:31:36.092+0000] {dag.py:3954} INFO - Setting next_dagrun for example_short_circuit_operator to 2026-06-07 00:00:00+00:00, run_after=2026-06-08 00:00:00+00:00
[2026-06-08T12:31:36.108+0000] {processor.py:183} INFO - Processing /home/airflow/.local/lib/python3.12/site-packages/airflow/example_dags/example_short_circuit_operator.py took 0.062 seconds
[2026-06-08T12:32:06.281+0000] {processor.py:161} INFO - Started process (PID=1772) to work on /home/airflow/.local/lib/python3.12/site-packages/airflow/example_dags/example_short_circuit_operator.py
[2026-06-08T12:32:06.282+0000] {processor.py:830} INFO - Processing file /home/airflow/.local/lib/python3.12/site-packages/airflow/example_dags/example_short_circuit_operator.py for tasks to queue
[2026-06-08T12:32:06.283+0000] {logging_mixin.py:188} INFO - [2026-06-08T12:32:06.283+0000] {dagbag.py:545} INFO - Filling up the DagBag from /home/airflow/.local/lib/python3.12/site-packages/airflow/example_dags/example_short_circuit_operator.py
[2026-06-08T12:32:06.288+0000] {processor.py:840} INFO - DAG(s) 'example_short_circuit_operator' retrieved from /home/airflow/.local/lib/python3.12/site-packages/airflow/example_dags/example_short_circuit_operator.py
[2026-06-08T12:32:06.304+0000] {logging_mixin.py:188} INFO - [2026-06-08T12:32:06.304+0000] {dag.py:3096} INFO - Sync 1 DAGs
[2026-06-08T12:32:06.319+0000] {logging_mixin.py:188} INFO - [2026-06-08T12:32:06.319+0000] {dag.py:3954} INFO - Setting next_dagrun for example_short_circuit_operator to 2026-06-07 00:00:00+00:00, run_after=2026-06-08 00:00:00+00:00
[2026-06-08T12:32:06.337+0000] {processor.py:183} INFO - Processing /home/airflow/.local/lib/python3.12/site-packages/airflow/example_dags/example_short_circuit_operator.py took 0.060 seconds
[2026-06-08T12:32:37.025+0000] {processor.py:161} INFO - Started process (PID=1831) to work on /home/airflow/.local/lib/python3.12/site-packages/airflow/example_dags/example_short_circuit_operator.py
[2026-06-08T12:32:37.026+0000] {processor.py:830} INFO - Processing file /home/airflow/.local/lib/python3.12/site-packages/airflow/example_dags/example_short_circuit_operator.py for tasks to queue
[2026-06-08T12:32:37.027+0000] {logging_mixin.py:188} INFO - [2026-06-08T12:32:37.027+0000] {dagbag.py:545} INFO - Filling up the DagBag from /home/airflow/.local/lib/python3.12/site-packages/airflow/example_dags/example_short_circuit_operator.py
[2026-06-08T12:32:37.032+0000] {processor.py:840} INFO - DAG(s) 'example_short_circuit_operator' retrieved from /home/airflow/.local/lib/python3.12/site-packages/airflow/example_dags/example_short_circuit_operator.py
[2026-06-08T12:32:37.048+0000] {logging_mixin.py:188} INFO - [2026-06-08T12:32:37.048+0000] {dag.py:3096} INFO - Sync 1 DAGs
[2026-06-08T12:32:37.065+0000] {logging_mixin.py:188} INFO - [2026-06-08T12:32:37.064+0000] {dag.py:3954} INFO - Setting next_dagrun for example_short_circuit_operator to 2026-06-07 00:00:00+00:00, run_after=2026-06-08 00:00:00+00:00
[2026-06-08T12:32:37.079+0000] {processor.py:183} INFO - Processing /home/airflow/.local/lib/python3.12/site-packages/airflow/example_dags/example_short_circuit_operator.py took 0.059 seconds
[2026-06-08T12:33:07.141+0000] {processor.py:161} INFO - Started process (PID=1890) to work on /home/airflow/.local/lib/python3.12/site-packages/airflow/example_dags/example_short_circuit_operator.py
[2026-06-08T12:33:07.141+0000] {processor.py:830} INFO - Processing file /home/airflow/.local/lib/python3.12/site-packages/airflow/example_dags/example_short_circuit_operator.py for tasks to queue
[2026-06-08T12:33:07.142+0000] {logging_mixin.py:188} INFO - [2026-06-08T12:33:07.142+0000] {dagbag.py:545} INFO - Filling up the DagBag from /home/airflow/.local/lib/python3.12/site-packages/airflow/example_dags/example_short_circuit_operator.py
[2026-06-08T12:33:07.146+0000] {processor.py:840} INFO - DAG(s) 'example_short_circuit_operator' retrieved from /home/airflow/.local/lib/python3.12/site-packages/airflow/example_dags/example_short_circuit_operator.py
[2026-06-08T12:33:07.163+0000] {logging_mixin.py:188} INFO - [2026-06-08T12:33:07.163+0000] {dag.py:3096} INFO - Sync 1 DAGs
[2026-06-08T12:33:07.177+0000] {logging_mixin.py:188} INFO - [2026-06-08T12:33:07.177+0000] {dag.py:3954} INFO - Setting next_dagrun for example_short_circuit_operator to 2026-06-07 00:00:00+00:00, run_after=2026-06-08 00:00:00+00:00
[2026-06-08T12:33:07.195+0000] {processor.py:183} INFO - Processing /home/airflow/.local/lib/python3.12/site-packages/airflow/example_dags/example_short_circuit_operator.py took 0.059 seconds
[2026-06-08T12:33:37.348+0000] {processor.py:161} INFO - Started process (PID=1949) to work on /home/airflow/.local/lib/python3.12/site-packages/airflow/example_dags/example_short_circuit_operator.py
[2026-06-08T12:33:37.349+0000] {processor.py:830} INFO - Processing file /home/airflow/.local/lib/python3.12/site-packages/airflow/example_dags/example_short_circuit_operator.py for tasks to queue
[2026-06-08T12:33:37.350+0000] {logging_mixin.py:188} INFO - [2026-06-08T12:33:37.350+0000] {dagbag.py:545} INFO - Filling up the DagBag from /home/airflow/.local/lib/python3.12/site-packages/airflow/example_dags/example_short_circuit_operator.py
[2026-06-08T12:33:37.358+0000] {processor.py:840} INFO - DAG(s) 'example_short_circuit_operator' retrieved from /home/airflow/.local/lib/python3.12/site-packages/airflow/example_dags/example_short_circuit_operator.py
[2026-06-08T12:33:37.377+0000] {logging_mixin.py:188} INFO - [2026-06-08T12:33:37.376+0000] {dag.py:3096} INFO - Sync 1 DAGs
[2026-06-08T12:33:37.392+0000] {logging_mixin.py:188} INFO - [2026-06-08T12:33:37.391+0000] {dag.py:3954} INFO - Setting next_dagrun for example_short_circuit_operator to 2026-06-07 00:00:00+00:00, run_after=2026-06-08 00:00:00+00:00
[2026-06-08T12:33:37.416+0000] {processor.py:183} INFO - Processing /home/airflow/.local/lib/python3.12/site-packages/airflow/example_dags/example_short_circuit_operator.py took 0.075 seconds
[2026-06-08T12:34:07.993+0000] {processor.py:161} INFO - Started process (PID=2008) to work on /home/airflow/.local/lib/python3.12/site-packages/airflow/example_dags/example_short_circuit_operator.py
[2026-06-08T12:34:07.994+0000] {processor.py:830} INFO - Processing file /home/airflow/.local/lib/python3.12/site-packages/airflow/example_dags/example_short_circuit_operator.py for tasks to queue
[2026-06-08T12:34:07.994+0000] {logging_mixin.py:188} INFO - [2026-06-08T12:34:07.994+0000] {dagbag.py:545} INFO - Filling up the DagBag from /home/airflow/.local/lib/python3.12/site-packages/airflow/example_dags/example_short_circuit_operator.py
[2026-06-08T12:34:07.999+0000] {processor.py:840} INFO - DAG(s) 'example_short_circuit_operator' retrieved from /home/airflow/.local/lib/python3.12/site-packages/airflow/example_dags/example_short_circuit_operator.py
[2026-06-08T12:34:08.013+0000] {logging_mixin.py:188} INFO - [2026-06-08T12:34:08.013+0000] {dag.py:3096} INFO - Sync 1 DAGs
[2026-06-08T12:34:08.134+0000] {logging_mixin.py:188} INFO - [2026-06-08T12:34:08.134+0000] {dag.py:3954} INFO - Setting next_dagrun for example_short_circuit_operator to 2026-06-07 00:00:00+00:00, run_after=2026-06-08 00:00:00+00:00
[2026-06-08T12:34:08.148+0000] {processor.py:183} INFO - Processing /home/airflow/.local/lib/python3.12/site-packages/airflow/example_dags/example_short_circuit_operator.py took 0.159 seconds
[2026-06-08T12:34:39.146+0000] {processor.py:161} INFO - Started process (PID=2067) to work on /home/airflow/.local/lib/python3.12/site-packages/airflow/example_dags/example_short_circuit_operator.py
[2026-06-08T12:34:39.147+0000] {processor.py:830} INFO - Processing file /home/airflow/.local/lib/python3.12/site-packages/airflow/example_dags/example_short_circuit_operator.py for tasks to queue
[2026-06-08T12:34:39.148+0000] {logging_mixin.py:188} INFO - [2026-06-08T12:34:39.148+0000] {dagbag.py:545} INFO - Filling up the DagBag from /home/airflow/.local/lib/python3.12/site-packages/airflow/example_dags/example_short_circuit_operator.py
[2026-06-08T12:34:39.155+0000] {processor.py:840} INFO - DAG(s) 'example_short_circuit_operator' retrieved from /home/airflow/.local/lib/python3.12/site-packages/airflow/example_dags/example_short_circuit_operator.py
[2026-06-08T12:34:39.181+0000] {logging_mixin.py:188} INFO - [2026-06-08T12:34:39.181+0000] {dag.py:3096} INFO - Sync 1 DAGs
[2026-06-08T12:34:39.196+0000] {logging_mixin.py:188} INFO - [2026-06-08T12:34:39.196+0000] {dag.py:3954} INFO - Setting next_dagrun for example_short_circuit_operator to 2026-06-07 00:00:00+00:00, run_after=2026-06-08 00:00:00+00:00
[2026-06-08T12:34:39.325+0000] {processor.py:183} INFO - Processing /home/airflow/.local/lib/python3.12/site-packages/airflow/example_dags/example_short_circuit_operator.py took 0.185 seconds
[2026-06-08T12:35:09.608+0000] {processor.py:161} INFO - Started process (PID=2126) to work on /home/airflow/.local/lib/python3.12/site-packages/airflow/example_dags/example_short_circuit_operator.py
[2026-06-08T12:35:09.609+0000] {processor.py:830} INFO - Processing file /home/airflow/.local/lib/python3.12/site-packages/airflow/example_dags/example_short_circuit_operator.py for tasks to queue
[2026-06-08T12:35:09.610+0000] {logging_mixin.py:188} INFO - [2026-06-08T12:35:09.610+0000] {dagbag.py:545} INFO - Filling up the DagBag from /home/airflow/.local/lib/python3.12/site-packages/airflow/example_dags/example_short_circuit_operator.py
[2026-06-08T12:35:09.614+0000] {processor.py:840} INFO - DAG(s) 'example_short_circuit_operator' retrieved from /home/airflow/.local/lib/python3.12/site-packages/airflow/example_dags/example_short_circuit_operator.py
[2026-06-08T12:35:09.633+0000] {logging_mixin.py:188} INFO - [2026-06-08T12:35:09.633+0000] {dag.py:3096} INFO - Sync 1 DAGs
[2026-06-08T12:35:09.647+0000] {logging_mixin.py:188} INFO - [2026-06-08T12:35:09.646+0000] {dag.py:3954} INFO - Setting next_dagrun for example_short_circuit_operator to 2026-06-07 00:00:00+00:00, run_after=2026-06-08 00:00:00+00:00
[2026-06-08T12:35:09.663+0000] {processor.py:183} INFO - Processing /home/airflow/.local/lib/python3.12/site-packages/airflow/example_dags/example_short_circuit_operator.py took 0.060 seconds
[2026-06-08T12:35:40.072+0000] {processor.py:161} INFO - Started process (PID=2185) to work on /home/airflow/.local/lib/python3.12/site-packages/airflow/example_dags/example_short_circuit_operator.py
[2026-06-08T12:35:40.073+0000] {processor.py:830} INFO - Processing file /home/airflow/.local/lib/python3.12/site-packages/airflow/example_dags/example_short_circuit_operator.py for tasks to queue
[2026-06-08T12:35:40.076+0000] {logging_mixin.py:188} INFO - [2026-06-08T12:35:40.075+0000] {dagbag.py:545} INFO - Filling up the DagBag from /home/airflow/.local/lib/python3.12/site-packages/airflow/example_dags/example_short_circuit_operator.py
[2026-06-08T12:35:40.082+0000] {processor.py:840} INFO - DAG(s) 'example_short_circuit_operator' retrieved from /home/airflow/.local/lib/python3.12/site-packages/airflow/example_dags/example_short_circuit_operator.py
[2026-06-08T12:35:40.108+0000] {logging_mixin.py:188} INFO - [2026-06-08T12:35:40.108+0000] {dag.py:3096} INFO - Sync 1 DAGs
[2026-06-08T12:35:40.128+0000] {logging_mixin.py:188} INFO - [2026-06-08T12:35:40.128+0000] {dag.py:3954} INFO - Setting next_dagrun for example_short_circuit_operator to 2026-06-07 00:00:00+00:00, run_after=2026-06-08 00:00:00+00:00
[2026-06-08T12:35:40.144+0000] {processor.py:183} INFO - Processing /home/airflow/.local/lib/python3.12/site-packages/airflow/example_dags/example_short_circuit_operator.py took 0.082 seconds
[2026-06-08T12:36:10.591+0000] {processor.py:161} INFO - Started process (PID=2244) to work on /home/airflow/.local/lib/python3.12/site-packages/airflow/example_dags/example_short_circuit_operator.py
[2026-06-08T12:36:10.592+0000] {processor.py:830} INFO - Processing file /home/airflow/.local/lib/python3.12/site-packages/airflow/example_dags/example_short_circuit_operator.py for tasks to queue
[2026-06-08T12:36:10.593+0000] {logging_mixin.py:188} INFO - [2026-06-08T12:36:10.592+0000] {dagbag.py:545} INFO - Filling up the DagBag from /home/airflow/.local/lib/python3.12/site-packages/airflow/example_dags/example_short_circuit_operator.py
[2026-06-08T12:36:10.597+0000] {processor.py:840} INFO - DAG(s) 'example_short_circuit_operator' retrieved from /home/airflow/.local/lib/python3.12/site-packages/airflow/example_dags/example_short_circuit_operator.py
[2026-06-08T12:36:10.620+0000] {logging_mixin.py:188} INFO - [2026-06-08T12:36:10.620+0000] {dag.py:3096} INFO - Sync 1 DAGs
[2026-06-08T12:36:10.642+0000] {logging_mixin.py:188} INFO - [2026-06-08T12:36:10.641+0000] {dag.py:3954} INFO - Setting next_dagrun for example_short_circuit_operator to 2026-06-07 00:00:00+00:00, run_after=2026-06-08 00:00:00+00:00
[2026-06-08T12:36:10.658+0000] {processor.py:183} INFO - Processing /home/airflow/.local/lib/python3.12/site-packages/airflow/example_dags/example_short_circuit_operator.py took 0.071 seconds
[2026-06-08T12:36:41.117+0000] {processor.py:161} INFO - Started process (PID=2303) to work on /home/airflow/.local/lib/python3.12/site-packages/airflow/example_dags/example_short_circuit_operator.py
[2026-06-08T12:36:41.119+0000] {processor.py:830} INFO - Processing file /home/airflow/.local/lib/python3.12/site-packages/airflow/example_dags/example_short_circuit_operator.py for tasks to queue
[2026-06-08T12:36:41.121+0000] {logging_mixin.py:188} INFO - [2026-06-08T12:36:41.121+0000] {dagbag.py:545} INFO - Filling up the DagBag from /home/airflow/.local/lib/python3.12/site-packages/airflow/example_dags/example_short_circuit_operator.py
[2026-06-08T12:36:41.127+0000] {processor.py:840} INFO - DAG(s) 'example_short_circuit_operator' retrieved from /home/airflow/.local/lib/python3.12/site-packages/airflow/example_dags/example_short_circuit_operator.py
[2026-06-08T12:36:41.154+0000] {logging_mixin.py:188} INFO - [2026-06-08T12:36:41.154+0000] {dag.py:3096} INFO - Sync 1 DAGs
[2026-06-08T12:36:41.180+0000] {logging_mixin.py:188} INFO - [2026-06-08T12:36:41.180+0000] {dag.py:3954} INFO - Setting next_dagrun for example_short_circuit_operator to 2026-06-07 00:00:00+00:00, run_after=2026-06-08 00:00:00+00:00
[2026-06-08T12:36:41.198+0000] {processor.py:183} INFO - Processing /home/airflow/.local/lib/python3.12/site-packages/airflow/example_dags/example_short_circuit_operator.py took 0.091 seconds
[2026-06-08T12:37:11.517+0000] {processor.py:161} INFO - Started process (PID=2362) to work on /home/airflow/.local/lib/python3.12/site-packages/airflow/example_dags/example_short_circuit_operator.py
[2026-06-08T12:37:11.518+0000] {processor.py:830} INFO - Processing file /home/airflow/.local/lib/python3.12/site-packages/airflow/example_dags/example_short_circuit_operator.py for tasks to queue
[2026-06-08T12:37:11.520+0000] {logging_mixin.py:188} INFO - [2026-06-08T12:37:11.519+0000] {dagbag.py:545} INFO - Filling up the DagBag from /home/airflow/.local/lib/python3.12/site-packages/airflow/example_dags/example_short_circuit_operator.py
[2026-06-08T12:37:11.525+0000] {processor.py:840} INFO - DAG(s) 'example_short_circuit_operator' retrieved from /home/airflow/.local/lib/python3.12/site-packages/airflow/example_dags/example_short_circuit_operator.py
[2026-06-08T12:37:11.542+0000] {logging_mixin.py:188} INFO - [2026-06-08T12:37:11.541+0000] {dag.py:3096} INFO - Sync 1 DAGs
[2026-06-08T12:37:11.556+0000] {logging_mixin.py:188} INFO - [2026-06-08T12:37:11.556+0000] {dag.py:3954} INFO - Setting next_dagrun for example_short_circuit_operator to 2026-06-07 00:00:00+00:00, run_after=2026-06-08 00:00:00+00:00
[2026-06-08T12:37:11.570+0000] {processor.py:183} INFO - Processing /home/airflow/.local/lib/python3.12/site-packages/airflow/example_dags/example_short_circuit_operator.py took 0.058 seconds
[2026-06-08T12:37:42.014+0000] {processor.py:161} INFO - Started process (PID=2421) to work on /home/airflow/.local/lib/python3.12/site-packages/airflow/example_dags/example_short_circuit_operator.py
[2026-06-08T12:37:42.015+0000] {processor.py:830} INFO - Processing file /home/airflow/.local/lib/python3.12/site-packages/airflow/example_dags/example_short_circuit_operator.py for tasks to queue
[2026-06-08T12:37:42.016+0000] {logging_mixin.py:188} INFO - [2026-06-08T12:37:42.016+0000] {dagbag.py:545} INFO - Filling up the DagBag from /home/airflow/.local/lib/python3.12/site-packages/airflow/example_dags/example_short_circuit_operator.py
[2026-06-08T12:37:42.021+0000] {processor.py:840} INFO - DAG(s) 'example_short_circuit_operator' retrieved from /home/airflow/.local/lib/python3.12/site-packages/airflow/example_dags/example_short_circuit_operator.py
[2026-06-08T12:37:42.039+0000] {logging_mixin.py:188} INFO - [2026-06-08T12:37:42.039+0000] {dag.py:3096} INFO - Sync 1 DAGs
[2026-06-08T12:37:42.055+0000] {logging_mixin.py:188} INFO - [2026-06-08T12:37:42.055+0000] {dag.py:3954} INFO - Setting next_dagrun for example_short_circuit_operator to 2026-06-07 00:00:00+00:00, run_after=2026-06-08 00:00:00+00:00
[2026-06-08T12:37:42.075+0000] {processor.py:183} INFO - Processing /home/airflow/.local/lib/python3.12/site-packages/airflow/example_dags/example_short_circuit_operator.py took 0.066 seconds
