[2026-06-08T12:17:51.898+0000] {processor.py:161} INFO - Started process (PID=77) to work on /home/airflow/.local/lib/python3.12/site-packages/airflow/example_dags/example_time_delta_sensor_async.py
[2026-06-08T12:17:51.899+0000] {processor.py:830} INFO - Processing file /home/airflow/.local/lib/python3.12/site-packages/airflow/example_dags/example_time_delta_sensor_async.py for tasks to queue
[2026-06-08T12:17:51.900+0000] {logging_mixin.py:188} INFO - [2026-06-08T12:17:51.900+0000] {dagbag.py:545} INFO - Filling up the DagBag from /home/airflow/.local/lib/python3.12/site-packages/airflow/example_dags/example_time_delta_sensor_async.py
[2026-06-08T12:17:51.905+0000] {processor.py:840} INFO - DAG(s) 'example_time_delta_sensor_async' retrieved from /home/airflow/.local/lib/python3.12/site-packages/airflow/example_dags/example_time_delta_sensor_async.py
[2026-06-08T12:17:51.916+0000] {logging_mixin.py:188} INFO - [2026-06-08T12:17:51.916+0000] {dag.py:3096} INFO - Sync 1 DAGs
[2026-06-08T12:17:51.932+0000] {logging_mixin.py:188} INFO - [2026-06-08T12:17:51.931+0000] {dag.py:3954} INFO - Setting next_dagrun for example_time_delta_sensor_async to None, run_after=None
[2026-06-08T12:17:51.953+0000] {processor.py:183} INFO - Processing /home/airflow/.local/lib/python3.12/site-packages/airflow/example_dags/example_time_delta_sensor_async.py took 0.061 seconds
[2026-06-08T12:18:23.239+0000] {processor.py:161} INFO - Started process (PID=141) to work on /home/airflow/.local/lib/python3.12/site-packages/airflow/example_dags/example_time_delta_sensor_async.py
[2026-06-08T12:18:23.240+0000] {processor.py:830} INFO - Processing file /home/airflow/.local/lib/python3.12/site-packages/airflow/example_dags/example_time_delta_sensor_async.py for tasks to queue
[2026-06-08T12:18:23.241+0000] {logging_mixin.py:188} INFO - [2026-06-08T12:18:23.241+0000] {dagbag.py:545} INFO - Filling up the DagBag from /home/airflow/.local/lib/python3.12/site-packages/airflow/example_dags/example_time_delta_sensor_async.py
[2026-06-08T12:18:23.244+0000] {processor.py:840} INFO - DAG(s) 'example_time_delta_sensor_async' retrieved from /home/airflow/.local/lib/python3.12/site-packages/airflow/example_dags/example_time_delta_sensor_async.py
[2026-06-08T12:18:23.323+0000] {logging_mixin.py:188} INFO - [2026-06-08T12:18:23.322+0000] {dag.py:3096} INFO - Sync 1 DAGs
[2026-06-08T12:18:23.330+0000] {logging_mixin.py:188} INFO - [2026-06-08T12:18:23.330+0000] {dag.py:3954} INFO - Setting next_dagrun for example_time_delta_sensor_async to None, run_after=None
[2026-06-08T12:18:23.344+0000] {processor.py:183} INFO - Processing /home/airflow/.local/lib/python3.12/site-packages/airflow/example_dags/example_time_delta_sensor_async.py took 0.110 seconds
[2026-06-08T12:18:54.171+0000] {processor.py:161} INFO - Started process (PID=199) to work on /home/airflow/.local/lib/python3.12/site-packages/airflow/example_dags/example_time_delta_sensor_async.py
[2026-06-08T12:18:54.171+0000] {processor.py:830} INFO - Processing file /home/airflow/.local/lib/python3.12/site-packages/airflow/example_dags/example_time_delta_sensor_async.py for tasks to queue
[2026-06-08T12:18:54.172+0000] {logging_mixin.py:188} INFO - [2026-06-08T12:18:54.172+0000] {dagbag.py:545} INFO - Filling up the DagBag from /home/airflow/.local/lib/python3.12/site-packages/airflow/example_dags/example_time_delta_sensor_async.py
[2026-06-08T12:18:54.175+0000] {processor.py:840} INFO - DAG(s) 'example_time_delta_sensor_async' retrieved from /home/airflow/.local/lib/python3.12/site-packages/airflow/example_dags/example_time_delta_sensor_async.py
[2026-06-08T12:18:54.188+0000] {logging_mixin.py:188} INFO - [2026-06-08T12:18:54.187+0000] {dag.py:3096} INFO - Sync 1 DAGs
[2026-06-08T12:18:54.196+0000] {logging_mixin.py:188} INFO - [2026-06-08T12:18:54.196+0000] {dag.py:3954} INFO - Setting next_dagrun for example_time_delta_sensor_async to None, run_after=None
[2026-06-08T12:18:54.210+0000] {processor.py:183} INFO - Processing /home/airflow/.local/lib/python3.12/site-packages/airflow/example_dags/example_time_delta_sensor_async.py took 0.043 seconds
[2026-06-08T12:19:24.619+0000] {processor.py:161} INFO - Started process (PID=257) to work on /home/airflow/.local/lib/python3.12/site-packages/airflow/example_dags/example_time_delta_sensor_async.py
[2026-06-08T12:19:24.620+0000] {processor.py:830} INFO - Processing file /home/airflow/.local/lib/python3.12/site-packages/airflow/example_dags/example_time_delta_sensor_async.py for tasks to queue
[2026-06-08T12:19:24.621+0000] {logging_mixin.py:188} INFO - [2026-06-08T12:19:24.621+0000] {dagbag.py:545} INFO - Filling up the DagBag from /home/airflow/.local/lib/python3.12/site-packages/airflow/example_dags/example_time_delta_sensor_async.py
[2026-06-08T12:19:24.624+0000] {processor.py:840} INFO - DAG(s) 'example_time_delta_sensor_async' retrieved from /home/airflow/.local/lib/python3.12/site-packages/airflow/example_dags/example_time_delta_sensor_async.py
[2026-06-08T12:19:24.642+0000] {logging_mixin.py:188} INFO - [2026-06-08T12:19:24.641+0000] {dag.py:3096} INFO - Sync 1 DAGs
[2026-06-08T12:19:24.652+0000] {logging_mixin.py:188} INFO - [2026-06-08T12:19:24.652+0000] {dag.py:3954} INFO - Setting next_dagrun for example_time_delta_sensor_async to None, run_after=None
[2026-06-08T12:19:24.669+0000] {processor.py:183} INFO - Processing /home/airflow/.local/lib/python3.12/site-packages/airflow/example_dags/example_time_delta_sensor_async.py took 0.054 seconds
[2026-06-08T12:19:54.993+0000] {processor.py:161} INFO - Started process (PID=315) to work on /home/airflow/.local/lib/python3.12/site-packages/airflow/example_dags/example_time_delta_sensor_async.py
[2026-06-08T12:19:54.993+0000] {processor.py:830} INFO - Processing file /home/airflow/.local/lib/python3.12/site-packages/airflow/example_dags/example_time_delta_sensor_async.py for tasks to queue
[2026-06-08T12:19:54.994+0000] {logging_mixin.py:188} INFO - [2026-06-08T12:19:54.994+0000] {dagbag.py:545} INFO - Filling up the DagBag from /home/airflow/.local/lib/python3.12/site-packages/airflow/example_dags/example_time_delta_sensor_async.py
[2026-06-08T12:19:54.997+0000] {processor.py:840} INFO - DAG(s) 'example_time_delta_sensor_async' retrieved from /home/airflow/.local/lib/python3.12/site-packages/airflow/example_dags/example_time_delta_sensor_async.py
[2026-06-08T12:19:55.014+0000] {logging_mixin.py:188} INFO - [2026-06-08T12:19:55.014+0000] {dag.py:3096} INFO - Sync 1 DAGs
[2026-06-08T12:19:55.022+0000] {logging_mixin.py:188} INFO - [2026-06-08T12:19:55.022+0000] {dag.py:3954} INFO - Setting next_dagrun for example_time_delta_sensor_async to None, run_after=None
[2026-06-08T12:19:55.034+0000] {processor.py:183} INFO - Processing /home/airflow/.local/lib/python3.12/site-packages/airflow/example_dags/example_time_delta_sensor_async.py took 0.046 seconds
[2026-06-08T12:20:25.503+0000] {processor.py:161} INFO - Started process (PID=373) to work on /home/airflow/.local/lib/python3.12/site-packages/airflow/example_dags/example_time_delta_sensor_async.py
[2026-06-08T12:20:25.504+0000] {processor.py:830} INFO - Processing file /home/airflow/.local/lib/python3.12/site-packages/airflow/example_dags/example_time_delta_sensor_async.py for tasks to queue
[2026-06-08T12:20:25.505+0000] {logging_mixin.py:188} INFO - [2026-06-08T12:20:25.505+0000] {dagbag.py:545} INFO - Filling up the DagBag from /home/airflow/.local/lib/python3.12/site-packages/airflow/example_dags/example_time_delta_sensor_async.py
[2026-06-08T12:20:25.507+0000] {processor.py:840} INFO - DAG(s) 'example_time_delta_sensor_async' retrieved from /home/airflow/.local/lib/python3.12/site-packages/airflow/example_dags/example_time_delta_sensor_async.py
[2026-06-08T12:20:25.529+0000] {logging_mixin.py:188} INFO - [2026-06-08T12:20:25.528+0000] {dag.py:3096} INFO - Sync 1 DAGs
[2026-06-08T12:20:25.544+0000] {logging_mixin.py:188} INFO - [2026-06-08T12:20:25.544+0000] {dag.py:3954} INFO - Setting next_dagrun for example_time_delta_sensor_async to None, run_after=None
[2026-06-08T12:20:25.567+0000] {processor.py:183} INFO - Processing /home/airflow/.local/lib/python3.12/site-packages/airflow/example_dags/example_time_delta_sensor_async.py took 0.070 seconds
[2026-06-08T12:20:56.076+0000] {processor.py:161} INFO - Started process (PID=431) to work on /home/airflow/.local/lib/python3.12/site-packages/airflow/example_dags/example_time_delta_sensor_async.py
[2026-06-08T12:20:56.077+0000] {processor.py:830} INFO - Processing file /home/airflow/.local/lib/python3.12/site-packages/airflow/example_dags/example_time_delta_sensor_async.py for tasks to queue
[2026-06-08T12:20:56.078+0000] {logging_mixin.py:188} INFO - [2026-06-08T12:20:56.077+0000] {dagbag.py:545} INFO - Filling up the DagBag from /home/airflow/.local/lib/python3.12/site-packages/airflow/example_dags/example_time_delta_sensor_async.py
[2026-06-08T12:20:56.080+0000] {processor.py:840} INFO - DAG(s) 'example_time_delta_sensor_async' retrieved from /home/airflow/.local/lib/python3.12/site-packages/airflow/example_dags/example_time_delta_sensor_async.py
[2026-06-08T12:20:56.099+0000] {logging_mixin.py:188} INFO - [2026-06-08T12:20:56.099+0000] {dag.py:3096} INFO - Sync 1 DAGs
[2026-06-08T12:20:56.113+0000] {logging_mixin.py:188} INFO - [2026-06-08T12:20:56.113+0000] {dag.py:3954} INFO - Setting next_dagrun for example_time_delta_sensor_async to None, run_after=None
[2026-06-08T12:20:56.126+0000] {processor.py:183} INFO - Processing /home/airflow/.local/lib/python3.12/site-packages/airflow/example_dags/example_time_delta_sensor_async.py took 0.054 seconds
[2026-06-08T12:21:26.242+0000] {processor.py:161} INFO - Started process (PID=489) to work on /home/airflow/.local/lib/python3.12/site-packages/airflow/example_dags/example_time_delta_sensor_async.py
[2026-06-08T12:21:26.244+0000] {processor.py:830} INFO - Processing file /home/airflow/.local/lib/python3.12/site-packages/airflow/example_dags/example_time_delta_sensor_async.py for tasks to queue
[2026-06-08T12:21:26.246+0000] {logging_mixin.py:188} INFO - [2026-06-08T12:21:26.245+0000] {dagbag.py:545} INFO - Filling up the DagBag from /home/airflow/.local/lib/python3.12/site-packages/airflow/example_dags/example_time_delta_sensor_async.py
[2026-06-08T12:21:26.250+0000] {processor.py:840} INFO - DAG(s) 'example_time_delta_sensor_async' retrieved from /home/airflow/.local/lib/python3.12/site-packages/airflow/example_dags/example_time_delta_sensor_async.py
[2026-06-08T12:21:26.270+0000] {logging_mixin.py:188} INFO - [2026-06-08T12:21:26.269+0000] {dag.py:3096} INFO - Sync 1 DAGs
[2026-06-08T12:21:26.279+0000] {logging_mixin.py:188} INFO - [2026-06-08T12:21:26.279+0000] {dag.py:3954} INFO - Setting next_dagrun for example_time_delta_sensor_async to None, run_after=None
[2026-06-08T12:21:26.292+0000] {processor.py:183} INFO - Processing /home/airflow/.local/lib/python3.12/site-packages/airflow/example_dags/example_time_delta_sensor_async.py took 0.059 seconds
[2026-06-08T12:21:56.872+0000] {processor.py:161} INFO - Started process (PID=569) to work on /home/airflow/.local/lib/python3.12/site-packages/airflow/example_dags/example_time_delta_sensor_async.py
[2026-06-08T12:21:56.872+0000] {processor.py:830} INFO - Processing file /home/airflow/.local/lib/python3.12/site-packages/airflow/example_dags/example_time_delta_sensor_async.py for tasks to queue
[2026-06-08T12:21:56.874+0000] {logging_mixin.py:188} INFO - [2026-06-08T12:21:56.874+0000] {dagbag.py:545} INFO - Filling up the DagBag from /home/airflow/.local/lib/python3.12/site-packages/airflow/example_dags/example_time_delta_sensor_async.py
[2026-06-08T12:21:56.878+0000] {processor.py:840} INFO - DAG(s) 'example_time_delta_sensor_async' retrieved from /home/airflow/.local/lib/python3.12/site-packages/airflow/example_dags/example_time_delta_sensor_async.py
[2026-06-08T12:21:56.901+0000] {logging_mixin.py:188} INFO - [2026-06-08T12:21:56.901+0000] {dag.py:3096} INFO - Sync 1 DAGs
[2026-06-08T12:21:56.920+0000] {logging_mixin.py:188} INFO - [2026-06-08T12:21:56.920+0000] {dag.py:3954} INFO - Setting next_dagrun for example_time_delta_sensor_async to None, run_after=None
[2026-06-08T12:21:56.946+0000] {processor.py:183} INFO - Processing /home/airflow/.local/lib/python3.12/site-packages/airflow/example_dags/example_time_delta_sensor_async.py took 0.081 seconds
[2026-06-08T12:22:27.270+0000] {processor.py:161} INFO - Started process (PID=627) to work on /home/airflow/.local/lib/python3.12/site-packages/airflow/example_dags/example_time_delta_sensor_async.py
[2026-06-08T12:22:27.276+0000] {processor.py:830} INFO - Processing file /home/airflow/.local/lib/python3.12/site-packages/airflow/example_dags/example_time_delta_sensor_async.py for tasks to queue
[2026-06-08T12:22:27.277+0000] {logging_mixin.py:188} INFO - [2026-06-08T12:22:27.277+0000] {dagbag.py:545} INFO - Filling up the DagBag from /home/airflow/.local/lib/python3.12/site-packages/airflow/example_dags/example_time_delta_sensor_async.py
[2026-06-08T12:22:27.280+0000] {processor.py:840} INFO - DAG(s) 'example_time_delta_sensor_async' retrieved from /home/airflow/.local/lib/python3.12/site-packages/airflow/example_dags/example_time_delta_sensor_async.py
[2026-06-08T12:22:27.300+0000] {logging_mixin.py:188} INFO - [2026-06-08T12:22:27.299+0000] {dag.py:3096} INFO - Sync 1 DAGs
[2026-06-08T12:22:27.311+0000] {logging_mixin.py:188} INFO - [2026-06-08T12:22:27.311+0000] {dag.py:3954} INFO - Setting next_dagrun for example_time_delta_sensor_async to None, run_after=None
[2026-06-08T12:22:27.346+0000] {processor.py:183} INFO - Processing /home/airflow/.local/lib/python3.12/site-packages/airflow/example_dags/example_time_delta_sensor_async.py took 0.080 seconds
[2026-06-08T12:22:57.739+0000] {processor.py:161} INFO - Started process (PID=708) to work on /home/airflow/.local/lib/python3.12/site-packages/airflow/example_dags/example_time_delta_sensor_async.py
[2026-06-08T12:22:57.740+0000] {processor.py:830} INFO - Processing file /home/airflow/.local/lib/python3.12/site-packages/airflow/example_dags/example_time_delta_sensor_async.py for tasks to queue
[2026-06-08T12:22:57.741+0000] {logging_mixin.py:188} INFO - [2026-06-08T12:22:57.741+0000] {dagbag.py:545} INFO - Filling up the DagBag from /home/airflow/.local/lib/python3.12/site-packages/airflow/example_dags/example_time_delta_sensor_async.py
[2026-06-08T12:22:57.744+0000] {processor.py:840} INFO - DAG(s) 'example_time_delta_sensor_async' retrieved from /home/airflow/.local/lib/python3.12/site-packages/airflow/example_dags/example_time_delta_sensor_async.py
[2026-06-08T12:22:57.754+0000] {logging_mixin.py:188} INFO - [2026-06-08T12:22:57.754+0000] {dag.py:3096} INFO - Sync 1 DAGs
[2026-06-08T12:22:57.764+0000] {logging_mixin.py:188} INFO - [2026-06-08T12:22:57.763+0000] {dag.py:3954} INFO - Setting next_dagrun for example_time_delta_sensor_async to None, run_after=None
[2026-06-08T12:22:57.792+0000] {processor.py:183} INFO - Processing /home/airflow/.local/lib/python3.12/site-packages/airflow/example_dags/example_time_delta_sensor_async.py took 0.057 seconds
[2026-06-08T12:23:28.896+0000] {processor.py:161} INFO - Started process (PID=788) to work on /home/airflow/.local/lib/python3.12/site-packages/airflow/example_dags/example_time_delta_sensor_async.py
[2026-06-08T12:23:28.897+0000] {processor.py:830} INFO - Processing file /home/airflow/.local/lib/python3.12/site-packages/airflow/example_dags/example_time_delta_sensor_async.py for tasks to queue
[2026-06-08T12:23:28.898+0000] {logging_mixin.py:188} INFO - [2026-06-08T12:23:28.898+0000] {dagbag.py:545} INFO - Filling up the DagBag from /home/airflow/.local/lib/python3.12/site-packages/airflow/example_dags/example_time_delta_sensor_async.py
[2026-06-08T12:23:28.901+0000] {processor.py:840} INFO - DAG(s) 'example_time_delta_sensor_async' retrieved from /home/airflow/.local/lib/python3.12/site-packages/airflow/example_dags/example_time_delta_sensor_async.py
[2026-06-08T12:23:28.975+0000] {logging_mixin.py:188} INFO - [2026-06-08T12:23:28.975+0000] {dag.py:3096} INFO - Sync 1 DAGs
[2026-06-08T12:23:28.983+0000] {logging_mixin.py:188} INFO - [2026-06-08T12:23:28.983+0000] {dag.py:3954} INFO - Setting next_dagrun for example_time_delta_sensor_async to None, run_after=None
[2026-06-08T12:23:29.005+0000] {processor.py:183} INFO - Processing /home/airflow/.local/lib/python3.12/site-packages/airflow/example_dags/example_time_delta_sensor_async.py took 0.114 seconds
[2026-06-08T12:23:59.306+0000] {processor.py:161} INFO - Started process (PID=847) to work on /home/airflow/.local/lib/python3.12/site-packages/airflow/example_dags/example_time_delta_sensor_async.py
[2026-06-08T12:23:59.306+0000] {processor.py:830} INFO - Processing file /home/airflow/.local/lib/python3.12/site-packages/airflow/example_dags/example_time_delta_sensor_async.py for tasks to queue
[2026-06-08T12:23:59.307+0000] {logging_mixin.py:188} INFO - [2026-06-08T12:23:59.307+0000] {dagbag.py:545} INFO - Filling up the DagBag from /home/airflow/.local/lib/python3.12/site-packages/airflow/example_dags/example_time_delta_sensor_async.py
[2026-06-08T12:23:59.310+0000] {processor.py:840} INFO - DAG(s) 'example_time_delta_sensor_async' retrieved from /home/airflow/.local/lib/python3.12/site-packages/airflow/example_dags/example_time_delta_sensor_async.py
[2026-06-08T12:23:59.337+0000] {logging_mixin.py:188} INFO - [2026-06-08T12:23:59.337+0000] {dag.py:3096} INFO - Sync 1 DAGs
[2026-06-08T12:23:59.346+0000] {logging_mixin.py:188} INFO - [2026-06-08T12:23:59.346+0000] {dag.py:3954} INFO - Setting next_dagrun for example_time_delta_sensor_async to None, run_after=None
[2026-06-08T12:23:59.360+0000] {processor.py:183} INFO - Processing /home/airflow/.local/lib/python3.12/site-packages/airflow/example_dags/example_time_delta_sensor_async.py took 0.059 seconds
[2026-06-08T12:24:30.049+0000] {processor.py:161} INFO - Started process (PID=906) to work on /home/airflow/.local/lib/python3.12/site-packages/airflow/example_dags/example_time_delta_sensor_async.py
[2026-06-08T12:24:30.050+0000] {processor.py:830} INFO - Processing file /home/airflow/.local/lib/python3.12/site-packages/airflow/example_dags/example_time_delta_sensor_async.py for tasks to queue
[2026-06-08T12:24:30.052+0000] {logging_mixin.py:188} INFO - [2026-06-08T12:24:30.051+0000] {dagbag.py:545} INFO - Filling up the DagBag from /home/airflow/.local/lib/python3.12/site-packages/airflow/example_dags/example_time_delta_sensor_async.py
[2026-06-08T12:24:30.057+0000] {processor.py:840} INFO - DAG(s) 'example_time_delta_sensor_async' retrieved from /home/airflow/.local/lib/python3.12/site-packages/airflow/example_dags/example_time_delta_sensor_async.py
[2026-06-08T12:24:30.084+0000] {logging_mixin.py:188} INFO - [2026-06-08T12:24:30.084+0000] {dag.py:3096} INFO - Sync 1 DAGs
[2026-06-08T12:24:30.100+0000] {logging_mixin.py:188} INFO - [2026-06-08T12:24:30.099+0000] {dag.py:3954} INFO - Setting next_dagrun for example_time_delta_sensor_async to None, run_after=None
[2026-06-08T12:24:30.120+0000] {processor.py:183} INFO - Processing /home/airflow/.local/lib/python3.12/site-packages/airflow/example_dags/example_time_delta_sensor_async.py took 0.077 seconds
[2026-06-08T12:25:00.548+0000] {processor.py:161} INFO - Started process (PID=965) to work on /home/airflow/.local/lib/python3.12/site-packages/airflow/example_dags/example_time_delta_sensor_async.py
[2026-06-08T12:25:00.548+0000] {processor.py:830} INFO - Processing file /home/airflow/.local/lib/python3.12/site-packages/airflow/example_dags/example_time_delta_sensor_async.py for tasks to queue
[2026-06-08T12:25:00.550+0000] {logging_mixin.py:188} INFO - [2026-06-08T12:25:00.549+0000] {dagbag.py:545} INFO - Filling up the DagBag from /home/airflow/.local/lib/python3.12/site-packages/airflow/example_dags/example_time_delta_sensor_async.py
[2026-06-08T12:25:00.553+0000] {processor.py:840} INFO - DAG(s) 'example_time_delta_sensor_async' retrieved from /home/airflow/.local/lib/python3.12/site-packages/airflow/example_dags/example_time_delta_sensor_async.py
[2026-06-08T12:25:00.568+0000] {logging_mixin.py:188} INFO - [2026-06-08T12:25:00.568+0000] {dag.py:3096} INFO - Sync 1 DAGs
[2026-06-08T12:25:00.582+0000] {logging_mixin.py:188} INFO - [2026-06-08T12:25:00.582+0000] {dag.py:3954} INFO - Setting next_dagrun for example_time_delta_sensor_async to None, run_after=None
[2026-06-08T12:25:00.600+0000] {processor.py:183} INFO - Processing /home/airflow/.local/lib/python3.12/site-packages/airflow/example_dags/example_time_delta_sensor_async.py took 0.057 seconds
[2026-06-08T12:25:30.944+0000] {processor.py:161} INFO - Started process (PID=1025) to work on /home/airflow/.local/lib/python3.12/site-packages/airflow/example_dags/example_time_delta_sensor_async.py
[2026-06-08T12:25:30.944+0000] {processor.py:830} INFO - Processing file /home/airflow/.local/lib/python3.12/site-packages/airflow/example_dags/example_time_delta_sensor_async.py for tasks to queue
[2026-06-08T12:25:30.945+0000] {logging_mixin.py:188} INFO - [2026-06-08T12:25:30.945+0000] {dagbag.py:545} INFO - Filling up the DagBag from /home/airflow/.local/lib/python3.12/site-packages/airflow/example_dags/example_time_delta_sensor_async.py
[2026-06-08T12:25:30.948+0000] {processor.py:840} INFO - DAG(s) 'example_time_delta_sensor_async' retrieved from /home/airflow/.local/lib/python3.12/site-packages/airflow/example_dags/example_time_delta_sensor_async.py
[2026-06-08T12:25:30.975+0000] {logging_mixin.py:188} INFO - [2026-06-08T12:25:30.975+0000] {dag.py:3096} INFO - Sync 1 DAGs
[2026-06-08T12:25:30.987+0000] {logging_mixin.py:188} INFO - [2026-06-08T12:25:30.987+0000] {dag.py:3954} INFO - Setting next_dagrun for example_time_delta_sensor_async to None, run_after=None
[2026-06-08T12:25:31.009+0000] {processor.py:183} INFO - Processing /home/airflow/.local/lib/python3.12/site-packages/airflow/example_dags/example_time_delta_sensor_async.py took 0.072 seconds
[2026-06-08T12:26:01.412+0000] {processor.py:161} INFO - Started process (PID=1084) to work on /home/airflow/.local/lib/python3.12/site-packages/airflow/example_dags/example_time_delta_sensor_async.py
[2026-06-08T12:26:01.412+0000] {processor.py:830} INFO - Processing file /home/airflow/.local/lib/python3.12/site-packages/airflow/example_dags/example_time_delta_sensor_async.py for tasks to queue
[2026-06-08T12:26:01.413+0000] {logging_mixin.py:188} INFO - [2026-06-08T12:26:01.413+0000] {dagbag.py:545} INFO - Filling up the DagBag from /home/airflow/.local/lib/python3.12/site-packages/airflow/example_dags/example_time_delta_sensor_async.py
[2026-06-08T12:26:01.416+0000] {processor.py:840} INFO - DAG(s) 'example_time_delta_sensor_async' retrieved from /home/airflow/.local/lib/python3.12/site-packages/airflow/example_dags/example_time_delta_sensor_async.py
[2026-06-08T12:26:01.432+0000] {logging_mixin.py:188} INFO - [2026-06-08T12:26:01.432+0000] {dag.py:3096} INFO - Sync 1 DAGs
[2026-06-08T12:26:01.440+0000] {logging_mixin.py:188} INFO - [2026-06-08T12:26:01.440+0000] {dag.py:3954} INFO - Setting next_dagrun for example_time_delta_sensor_async to None, run_after=None
[2026-06-08T12:26:01.458+0000] {processor.py:183} INFO - Processing /home/airflow/.local/lib/python3.12/site-packages/airflow/example_dags/example_time_delta_sensor_async.py took 0.051 seconds
[2026-06-08T12:26:31.849+0000] {processor.py:161} INFO - Started process (PID=1143) to work on /home/airflow/.local/lib/python3.12/site-packages/airflow/example_dags/example_time_delta_sensor_async.py
[2026-06-08T12:26:31.850+0000] {processor.py:830} INFO - Processing file /home/airflow/.local/lib/python3.12/site-packages/airflow/example_dags/example_time_delta_sensor_async.py for tasks to queue
[2026-06-08T12:26:31.851+0000] {logging_mixin.py:188} INFO - [2026-06-08T12:26:31.851+0000] {dagbag.py:545} INFO - Filling up the DagBag from /home/airflow/.local/lib/python3.12/site-packages/airflow/example_dags/example_time_delta_sensor_async.py
[2026-06-08T12:26:31.855+0000] {processor.py:840} INFO - DAG(s) 'example_time_delta_sensor_async' retrieved from /home/airflow/.local/lib/python3.12/site-packages/airflow/example_dags/example_time_delta_sensor_async.py
[2026-06-08T12:26:31.878+0000] {logging_mixin.py:188} INFO - [2026-06-08T12:26:31.877+0000] {dag.py:3096} INFO - Sync 1 DAGs
[2026-06-08T12:26:31.897+0000] {logging_mixin.py:188} INFO - [2026-06-08T12:26:31.896+0000] {dag.py:3954} INFO - Setting next_dagrun for example_time_delta_sensor_async to None, run_after=None
[2026-06-08T12:26:31.920+0000] {processor.py:183} INFO - Processing /home/airflow/.local/lib/python3.12/site-packages/airflow/example_dags/example_time_delta_sensor_async.py took 0.077 seconds
[2026-06-08T12:27:02.328+0000] {processor.py:161} INFO - Started process (PID=1202) to work on /home/airflow/.local/lib/python3.12/site-packages/airflow/example_dags/example_time_delta_sensor_async.py
[2026-06-08T12:27:02.328+0000] {processor.py:830} INFO - Processing file /home/airflow/.local/lib/python3.12/site-packages/airflow/example_dags/example_time_delta_sensor_async.py for tasks to queue
[2026-06-08T12:27:02.330+0000] {logging_mixin.py:188} INFO - [2026-06-08T12:27:02.330+0000] {dagbag.py:545} INFO - Filling up the DagBag from /home/airflow/.local/lib/python3.12/site-packages/airflow/example_dags/example_time_delta_sensor_async.py
[2026-06-08T12:27:02.334+0000] {processor.py:840} INFO - DAG(s) 'example_time_delta_sensor_async' retrieved from /home/airflow/.local/lib/python3.12/site-packages/airflow/example_dags/example_time_delta_sensor_async.py
[2026-06-08T12:27:02.350+0000] {logging_mixin.py:188} INFO - [2026-06-08T12:27:02.350+0000] {dag.py:3096} INFO - Sync 1 DAGs
[2026-06-08T12:27:02.358+0000] {logging_mixin.py:188} INFO - [2026-06-08T12:27:02.358+0000] {dag.py:3954} INFO - Setting next_dagrun for example_time_delta_sensor_async to None, run_after=None
[2026-06-08T12:27:02.371+0000] {processor.py:183} INFO - Processing /home/airflow/.local/lib/python3.12/site-packages/airflow/example_dags/example_time_delta_sensor_async.py took 0.049 seconds
[2026-06-08T12:27:32.870+0000] {processor.py:161} INFO - Started process (PID=1261) to work on /home/airflow/.local/lib/python3.12/site-packages/airflow/example_dags/example_time_delta_sensor_async.py
[2026-06-08T12:27:32.871+0000] {processor.py:830} INFO - Processing file /home/airflow/.local/lib/python3.12/site-packages/airflow/example_dags/example_time_delta_sensor_async.py for tasks to queue
[2026-06-08T12:27:32.872+0000] {logging_mixin.py:188} INFO - [2026-06-08T12:27:32.872+0000] {dagbag.py:545} INFO - Filling up the DagBag from /home/airflow/.local/lib/python3.12/site-packages/airflow/example_dags/example_time_delta_sensor_async.py
[2026-06-08T12:27:32.875+0000] {processor.py:840} INFO - DAG(s) 'example_time_delta_sensor_async' retrieved from /home/airflow/.local/lib/python3.12/site-packages/airflow/example_dags/example_time_delta_sensor_async.py
[2026-06-08T12:27:32.893+0000] {logging_mixin.py:188} INFO - [2026-06-08T12:27:32.893+0000] {dag.py:3096} INFO - Sync 1 DAGs
[2026-06-08T12:27:32.903+0000] {logging_mixin.py:188} INFO - [2026-06-08T12:27:32.903+0000] {dag.py:3954} INFO - Setting next_dagrun for example_time_delta_sensor_async to None, run_after=None
[2026-06-08T12:27:32.915+0000] {processor.py:183} INFO - Processing /home/airflow/.local/lib/python3.12/site-packages/airflow/example_dags/example_time_delta_sensor_async.py took 0.050 seconds
[2026-06-08T12:28:03.486+0000] {processor.py:161} INFO - Started process (PID=1320) to work on /home/airflow/.local/lib/python3.12/site-packages/airflow/example_dags/example_time_delta_sensor_async.py
[2026-06-08T12:28:03.487+0000] {processor.py:830} INFO - Processing file /home/airflow/.local/lib/python3.12/site-packages/airflow/example_dags/example_time_delta_sensor_async.py for tasks to queue
[2026-06-08T12:28:03.488+0000] {logging_mixin.py:188} INFO - [2026-06-08T12:28:03.488+0000] {dagbag.py:545} INFO - Filling up the DagBag from /home/airflow/.local/lib/python3.12/site-packages/airflow/example_dags/example_time_delta_sensor_async.py
[2026-06-08T12:28:03.491+0000] {processor.py:840} INFO - DAG(s) 'example_time_delta_sensor_async' retrieved from /home/airflow/.local/lib/python3.12/site-packages/airflow/example_dags/example_time_delta_sensor_async.py
[2026-06-08T12:28:03.509+0000] {logging_mixin.py:188} INFO - [2026-06-08T12:28:03.509+0000] {dag.py:3096} INFO - Sync 1 DAGs
[2026-06-08T12:28:03.519+0000] {logging_mixin.py:188} INFO - [2026-06-08T12:28:03.519+0000] {dag.py:3954} INFO - Setting next_dagrun for example_time_delta_sensor_async to None, run_after=None
[2026-06-08T12:28:03.531+0000] {processor.py:183} INFO - Processing /home/airflow/.local/lib/python3.12/site-packages/airflow/example_dags/example_time_delta_sensor_async.py took 0.052 seconds
[2026-06-08T12:28:33.940+0000] {processor.py:161} INFO - Started process (PID=1380) to work on /home/airflow/.local/lib/python3.12/site-packages/airflow/example_dags/example_time_delta_sensor_async.py
[2026-06-08T12:28:33.940+0000] {processor.py:830} INFO - Processing file /home/airflow/.local/lib/python3.12/site-packages/airflow/example_dags/example_time_delta_sensor_async.py for tasks to queue
[2026-06-08T12:28:33.941+0000] {logging_mixin.py:188} INFO - [2026-06-08T12:28:33.941+0000] {dagbag.py:545} INFO - Filling up the DagBag from /home/airflow/.local/lib/python3.12/site-packages/airflow/example_dags/example_time_delta_sensor_async.py
[2026-06-08T12:28:33.944+0000] {processor.py:840} INFO - DAG(s) 'example_time_delta_sensor_async' retrieved from /home/airflow/.local/lib/python3.12/site-packages/airflow/example_dags/example_time_delta_sensor_async.py
[2026-06-08T12:28:33.959+0000] {logging_mixin.py:188} INFO - [2026-06-08T12:28:33.959+0000] {dag.py:3096} INFO - Sync 1 DAGs
[2026-06-08T12:28:33.967+0000] {logging_mixin.py:188} INFO - [2026-06-08T12:28:33.967+0000] {dag.py:3954} INFO - Setting next_dagrun for example_time_delta_sensor_async to None, run_after=None
[2026-06-08T12:28:33.980+0000] {processor.py:183} INFO - Processing /home/airflow/.local/lib/python3.12/site-packages/airflow/example_dags/example_time_delta_sensor_async.py took 0.046 seconds
[2026-06-08T12:29:04.287+0000] {processor.py:161} INFO - Started process (PID=1439) to work on /home/airflow/.local/lib/python3.12/site-packages/airflow/example_dags/example_time_delta_sensor_async.py
[2026-06-08T12:29:04.289+0000] {processor.py:830} INFO - Processing file /home/airflow/.local/lib/python3.12/site-packages/airflow/example_dags/example_time_delta_sensor_async.py for tasks to queue
[2026-06-08T12:29:04.290+0000] {logging_mixin.py:188} INFO - [2026-06-08T12:29:04.290+0000] {dagbag.py:545} INFO - Filling up the DagBag from /home/airflow/.local/lib/python3.12/site-packages/airflow/example_dags/example_time_delta_sensor_async.py
[2026-06-08T12:29:04.294+0000] {processor.py:840} INFO - DAG(s) 'example_time_delta_sensor_async' retrieved from /home/airflow/.local/lib/python3.12/site-packages/airflow/example_dags/example_time_delta_sensor_async.py
[2026-06-08T12:29:04.313+0000] {logging_mixin.py:188} INFO - [2026-06-08T12:29:04.313+0000] {dag.py:3096} INFO - Sync 1 DAGs
[2026-06-08T12:29:04.322+0000] {logging_mixin.py:188} INFO - [2026-06-08T12:29:04.322+0000] {dag.py:3954} INFO - Setting next_dagrun for example_time_delta_sensor_async to None, run_after=None
[2026-06-08T12:29:04.337+0000] {processor.py:183} INFO - Processing /home/airflow/.local/lib/python3.12/site-packages/airflow/example_dags/example_time_delta_sensor_async.py took 0.056 seconds
[2026-06-08T12:29:34.727+0000] {processor.py:161} INFO - Started process (PID=1498) to work on /home/airflow/.local/lib/python3.12/site-packages/airflow/example_dags/example_time_delta_sensor_async.py
[2026-06-08T12:29:34.728+0000] {processor.py:830} INFO - Processing file /home/airflow/.local/lib/python3.12/site-packages/airflow/example_dags/example_time_delta_sensor_async.py for tasks to queue
[2026-06-08T12:29:34.730+0000] {logging_mixin.py:188} INFO - [2026-06-08T12:29:34.729+0000] {dagbag.py:545} INFO - Filling up the DagBag from /home/airflow/.local/lib/python3.12/site-packages/airflow/example_dags/example_time_delta_sensor_async.py
[2026-06-08T12:29:34.734+0000] {processor.py:840} INFO - DAG(s) 'example_time_delta_sensor_async' retrieved from /home/airflow/.local/lib/python3.12/site-packages/airflow/example_dags/example_time_delta_sensor_async.py
[2026-06-08T12:29:34.756+0000] {logging_mixin.py:188} INFO - [2026-06-08T12:29:34.756+0000] {dag.py:3096} INFO - Sync 1 DAGs
[2026-06-08T12:29:34.768+0000] {logging_mixin.py:188} INFO - [2026-06-08T12:29:34.767+0000] {dag.py:3954} INFO - Setting next_dagrun for example_time_delta_sensor_async to None, run_after=None
[2026-06-08T12:29:34.788+0000] {processor.py:183} INFO - Processing /home/airflow/.local/lib/python3.12/site-packages/airflow/example_dags/example_time_delta_sensor_async.py took 0.066 seconds
[2026-06-08T12:30:05.367+0000] {processor.py:161} INFO - Started process (PID=1557) to work on /home/airflow/.local/lib/python3.12/site-packages/airflow/example_dags/example_time_delta_sensor_async.py
[2026-06-08T12:30:05.368+0000] {processor.py:830} INFO - Processing file /home/airflow/.local/lib/python3.12/site-packages/airflow/example_dags/example_time_delta_sensor_async.py for tasks to queue
[2026-06-08T12:30:05.369+0000] {logging_mixin.py:188} INFO - [2026-06-08T12:30:05.369+0000] {dagbag.py:545} INFO - Filling up the DagBag from /home/airflow/.local/lib/python3.12/site-packages/airflow/example_dags/example_time_delta_sensor_async.py
[2026-06-08T12:30:05.372+0000] {processor.py:840} INFO - DAG(s) 'example_time_delta_sensor_async' retrieved from /home/airflow/.local/lib/python3.12/site-packages/airflow/example_dags/example_time_delta_sensor_async.py
[2026-06-08T12:30:05.391+0000] {logging_mixin.py:188} INFO - [2026-06-08T12:30:05.390+0000] {dag.py:3096} INFO - Sync 1 DAGs
[2026-06-08T12:30:05.400+0000] {logging_mixin.py:188} INFO - [2026-06-08T12:30:05.400+0000] {dag.py:3954} INFO - Setting next_dagrun for example_time_delta_sensor_async to None, run_after=None
[2026-06-08T12:30:05.420+0000] {processor.py:183} INFO - Processing /home/airflow/.local/lib/python3.12/site-packages/airflow/example_dags/example_time_delta_sensor_async.py took 0.057 seconds
[2026-06-08T12:30:35.816+0000] {processor.py:161} INFO - Started process (PID=1616) to work on /home/airflow/.local/lib/python3.12/site-packages/airflow/example_dags/example_time_delta_sensor_async.py
[2026-06-08T12:30:35.817+0000] {processor.py:830} INFO - Processing file /home/airflow/.local/lib/python3.12/site-packages/airflow/example_dags/example_time_delta_sensor_async.py for tasks to queue
[2026-06-08T12:30:35.818+0000] {logging_mixin.py:188} INFO - [2026-06-08T12:30:35.817+0000] {dagbag.py:545} INFO - Filling up the DagBag from /home/airflow/.local/lib/python3.12/site-packages/airflow/example_dags/example_time_delta_sensor_async.py
[2026-06-08T12:30:35.820+0000] {processor.py:840} INFO - DAG(s) 'example_time_delta_sensor_async' retrieved from /home/airflow/.local/lib/python3.12/site-packages/airflow/example_dags/example_time_delta_sensor_async.py
[2026-06-08T12:30:35.837+0000] {logging_mixin.py:188} INFO - [2026-06-08T12:30:35.837+0000] {dag.py:3096} INFO - Sync 1 DAGs
[2026-06-08T12:30:35.845+0000] {logging_mixin.py:188} INFO - [2026-06-08T12:30:35.845+0000] {dag.py:3954} INFO - Setting next_dagrun for example_time_delta_sensor_async to None, run_after=None
[2026-06-08T12:30:35.861+0000] {processor.py:183} INFO - Processing /home/airflow/.local/lib/python3.12/site-packages/airflow/example_dags/example_time_delta_sensor_async.py took 0.049 seconds
[2026-06-08T12:31:06.464+0000] {processor.py:161} INFO - Started process (PID=1675) to work on /home/airflow/.local/lib/python3.12/site-packages/airflow/example_dags/example_time_delta_sensor_async.py
[2026-06-08T12:31:06.465+0000] {processor.py:830} INFO - Processing file /home/airflow/.local/lib/python3.12/site-packages/airflow/example_dags/example_time_delta_sensor_async.py for tasks to queue
[2026-06-08T12:31:06.466+0000] {logging_mixin.py:188} INFO - [2026-06-08T12:31:06.466+0000] {dagbag.py:545} INFO - Filling up the DagBag from /home/airflow/.local/lib/python3.12/site-packages/airflow/example_dags/example_time_delta_sensor_async.py
[2026-06-08T12:31:06.469+0000] {processor.py:840} INFO - DAG(s) 'example_time_delta_sensor_async' retrieved from /home/airflow/.local/lib/python3.12/site-packages/airflow/example_dags/example_time_delta_sensor_async.py
[2026-06-08T12:31:06.487+0000] {logging_mixin.py:188} INFO - [2026-06-08T12:31:06.487+0000] {dag.py:3096} INFO - Sync 1 DAGs
[2026-06-08T12:31:06.500+0000] {logging_mixin.py:188} INFO - [2026-06-08T12:31:06.500+0000] {dag.py:3954} INFO - Setting next_dagrun for example_time_delta_sensor_async to None, run_after=None
[2026-06-08T12:31:06.516+0000] {processor.py:183} INFO - Processing /home/airflow/.local/lib/python3.12/site-packages/airflow/example_dags/example_time_delta_sensor_async.py took 0.056 seconds
[2026-06-08T12:31:36.905+0000] {processor.py:161} INFO - Started process (PID=1734) to work on /home/airflow/.local/lib/python3.12/site-packages/airflow/example_dags/example_time_delta_sensor_async.py
[2026-06-08T12:31:36.905+0000] {processor.py:830} INFO - Processing file /home/airflow/.local/lib/python3.12/site-packages/airflow/example_dags/example_time_delta_sensor_async.py for tasks to queue
[2026-06-08T12:31:36.907+0000] {logging_mixin.py:188} INFO - [2026-06-08T12:31:36.907+0000] {dagbag.py:545} INFO - Filling up the DagBag from /home/airflow/.local/lib/python3.12/site-packages/airflow/example_dags/example_time_delta_sensor_async.py
[2026-06-08T12:31:36.911+0000] {processor.py:840} INFO - DAG(s) 'example_time_delta_sensor_async' retrieved from /home/airflow/.local/lib/python3.12/site-packages/airflow/example_dags/example_time_delta_sensor_async.py
[2026-06-08T12:31:36.926+0000] {logging_mixin.py:188} INFO - [2026-06-08T12:31:36.926+0000] {dag.py:3096} INFO - Sync 1 DAGs
[2026-06-08T12:31:36.937+0000] {logging_mixin.py:188} INFO - [2026-06-08T12:31:36.937+0000] {dag.py:3954} INFO - Setting next_dagrun for example_time_delta_sensor_async to None, run_after=None
[2026-06-08T12:31:36.955+0000] {processor.py:183} INFO - Processing /home/airflow/.local/lib/python3.12/site-packages/airflow/example_dags/example_time_delta_sensor_async.py took 0.057 seconds
[2026-06-08T12:32:07.256+0000] {processor.py:161} INFO - Started process (PID=1793) to work on /home/airflow/.local/lib/python3.12/site-packages/airflow/example_dags/example_time_delta_sensor_async.py
[2026-06-08T12:32:07.257+0000] {processor.py:830} INFO - Processing file /home/airflow/.local/lib/python3.12/site-packages/airflow/example_dags/example_time_delta_sensor_async.py for tasks to queue
[2026-06-08T12:32:07.258+0000] {logging_mixin.py:188} INFO - [2026-06-08T12:32:07.258+0000] {dagbag.py:545} INFO - Filling up the DagBag from /home/airflow/.local/lib/python3.12/site-packages/airflow/example_dags/example_time_delta_sensor_async.py
[2026-06-08T12:32:07.262+0000] {processor.py:840} INFO - DAG(s) 'example_time_delta_sensor_async' retrieved from /home/airflow/.local/lib/python3.12/site-packages/airflow/example_dags/example_time_delta_sensor_async.py
[2026-06-08T12:32:07.278+0000] {logging_mixin.py:188} INFO - [2026-06-08T12:32:07.277+0000] {dag.py:3096} INFO - Sync 1 DAGs
[2026-06-08T12:32:07.287+0000] {logging_mixin.py:188} INFO - [2026-06-08T12:32:07.287+0000] {dag.py:3954} INFO - Setting next_dagrun for example_time_delta_sensor_async to None, run_after=None
[2026-06-08T12:32:07.298+0000] {processor.py:183} INFO - Processing /home/airflow/.local/lib/python3.12/site-packages/airflow/example_dags/example_time_delta_sensor_async.py took 0.046 seconds
[2026-06-08T12:32:38.031+0000] {processor.py:161} INFO - Started process (PID=1852) to work on /home/airflow/.local/lib/python3.12/site-packages/airflow/example_dags/example_time_delta_sensor_async.py
[2026-06-08T12:32:38.032+0000] {processor.py:830} INFO - Processing file /home/airflow/.local/lib/python3.12/site-packages/airflow/example_dags/example_time_delta_sensor_async.py for tasks to queue
[2026-06-08T12:32:38.033+0000] {logging_mixin.py:188} INFO - [2026-06-08T12:32:38.033+0000] {dagbag.py:545} INFO - Filling up the DagBag from /home/airflow/.local/lib/python3.12/site-packages/airflow/example_dags/example_time_delta_sensor_async.py
[2026-06-08T12:32:38.036+0000] {processor.py:840} INFO - DAG(s) 'example_time_delta_sensor_async' retrieved from /home/airflow/.local/lib/python3.12/site-packages/airflow/example_dags/example_time_delta_sensor_async.py
[2026-06-08T12:32:38.055+0000] {logging_mixin.py:188} INFO - [2026-06-08T12:32:38.055+0000] {dag.py:3096} INFO - Sync 1 DAGs
[2026-06-08T12:32:38.065+0000] {logging_mixin.py:188} INFO - [2026-06-08T12:32:38.064+0000] {dag.py:3954} INFO - Setting next_dagrun for example_time_delta_sensor_async to None, run_after=None
[2026-06-08T12:32:38.089+0000] {processor.py:183} INFO - Processing /home/airflow/.local/lib/python3.12/site-packages/airflow/example_dags/example_time_delta_sensor_async.py took 0.063 seconds
[2026-06-08T12:33:09.077+0000] {processor.py:161} INFO - Started process (PID=1911) to work on /home/airflow/.local/lib/python3.12/site-packages/airflow/example_dags/example_time_delta_sensor_async.py
[2026-06-08T12:33:09.078+0000] {processor.py:830} INFO - Processing file /home/airflow/.local/lib/python3.12/site-packages/airflow/example_dags/example_time_delta_sensor_async.py for tasks to queue
[2026-06-08T12:33:09.079+0000] {logging_mixin.py:188} INFO - [2026-06-08T12:33:09.079+0000] {dagbag.py:545} INFO - Filling up the DagBag from /home/airflow/.local/lib/python3.12/site-packages/airflow/example_dags/example_time_delta_sensor_async.py
[2026-06-08T12:33:09.082+0000] {processor.py:840} INFO - DAG(s) 'example_time_delta_sensor_async' retrieved from /home/airflow/.local/lib/python3.12/site-packages/airflow/example_dags/example_time_delta_sensor_async.py
[2026-06-08T12:33:09.099+0000] {logging_mixin.py:188} INFO - [2026-06-08T12:33:09.099+0000] {dag.py:3096} INFO - Sync 1 DAGs
[2026-06-08T12:33:09.108+0000] {logging_mixin.py:188} INFO - [2026-06-08T12:33:09.107+0000] {dag.py:3954} INFO - Setting next_dagrun for example_time_delta_sensor_async to None, run_after=None
[2026-06-08T12:33:09.121+0000] {processor.py:183} INFO - Processing /home/airflow/.local/lib/python3.12/site-packages/airflow/example_dags/example_time_delta_sensor_async.py took 0.047 seconds
[2026-06-08T12:33:39.322+0000] {processor.py:161} INFO - Started process (PID=1970) to work on /home/airflow/.local/lib/python3.12/site-packages/airflow/example_dags/example_time_delta_sensor_async.py
[2026-06-08T12:33:39.323+0000] {processor.py:830} INFO - Processing file /home/airflow/.local/lib/python3.12/site-packages/airflow/example_dags/example_time_delta_sensor_async.py for tasks to queue
[2026-06-08T12:33:39.324+0000] {logging_mixin.py:188} INFO - [2026-06-08T12:33:39.324+0000] {dagbag.py:545} INFO - Filling up the DagBag from /home/airflow/.local/lib/python3.12/site-packages/airflow/example_dags/example_time_delta_sensor_async.py
[2026-06-08T12:33:39.327+0000] {processor.py:840} INFO - DAG(s) 'example_time_delta_sensor_async' retrieved from /home/airflow/.local/lib/python3.12/site-packages/airflow/example_dags/example_time_delta_sensor_async.py
[2026-06-08T12:33:39.347+0000] {logging_mixin.py:188} INFO - [2026-06-08T12:33:39.347+0000] {dag.py:3096} INFO - Sync 1 DAGs
[2026-06-08T12:33:39.357+0000] {logging_mixin.py:188} INFO - [2026-06-08T12:33:39.357+0000] {dag.py:3954} INFO - Setting next_dagrun for example_time_delta_sensor_async to None, run_after=None
[2026-06-08T12:33:39.372+0000] {processor.py:183} INFO - Processing /home/airflow/.local/lib/python3.12/site-packages/airflow/example_dags/example_time_delta_sensor_async.py took 0.053 seconds
[2026-06-08T12:34:10.234+0000] {processor.py:161} INFO - Started process (PID=2029) to work on /home/airflow/.local/lib/python3.12/site-packages/airflow/example_dags/example_time_delta_sensor_async.py
[2026-06-08T12:34:10.235+0000] {processor.py:830} INFO - Processing file /home/airflow/.local/lib/python3.12/site-packages/airflow/example_dags/example_time_delta_sensor_async.py for tasks to queue
[2026-06-08T12:34:10.236+0000] {logging_mixin.py:188} INFO - [2026-06-08T12:34:10.236+0000] {dagbag.py:545} INFO - Filling up the DagBag from /home/airflow/.local/lib/python3.12/site-packages/airflow/example_dags/example_time_delta_sensor_async.py
[2026-06-08T12:34:10.239+0000] {processor.py:840} INFO - DAG(s) 'example_time_delta_sensor_async' retrieved from /home/airflow/.local/lib/python3.12/site-packages/airflow/example_dags/example_time_delta_sensor_async.py
[2026-06-08T12:34:10.255+0000] {logging_mixin.py:188} INFO - [2026-06-08T12:34:10.255+0000] {dag.py:3096} INFO - Sync 1 DAGs
[2026-06-08T12:34:10.263+0000] {logging_mixin.py:188} INFO - [2026-06-08T12:34:10.263+0000] {dag.py:3954} INFO - Setting next_dagrun for example_time_delta_sensor_async to None, run_after=None
[2026-06-08T12:34:10.280+0000] {processor.py:183} INFO - Processing /home/airflow/.local/lib/python3.12/site-packages/airflow/example_dags/example_time_delta_sensor_async.py took 0.050 seconds
[2026-06-08T12:34:41.999+0000] {processor.py:161} INFO - Started process (PID=2088) to work on /home/airflow/.local/lib/python3.12/site-packages/airflow/example_dags/example_time_delta_sensor_async.py
[2026-06-08T12:34:42.000+0000] {processor.py:830} INFO - Processing file /home/airflow/.local/lib/python3.12/site-packages/airflow/example_dags/example_time_delta_sensor_async.py for tasks to queue
[2026-06-08T12:34:42.002+0000] {logging_mixin.py:188} INFO - [2026-06-08T12:34:42.002+0000] {dagbag.py:545} INFO - Filling up the DagBag from /home/airflow/.local/lib/python3.12/site-packages/airflow/example_dags/example_time_delta_sensor_async.py
[2026-06-08T12:34:42.006+0000] {processor.py:840} INFO - DAG(s) 'example_time_delta_sensor_async' retrieved from /home/airflow/.local/lib/python3.12/site-packages/airflow/example_dags/example_time_delta_sensor_async.py
[2026-06-08T12:34:42.022+0000] {logging_mixin.py:188} INFO - [2026-06-08T12:34:42.022+0000] {dag.py:3096} INFO - Sync 1 DAGs
[2026-06-08T12:34:42.144+0000] {logging_mixin.py:188} INFO - [2026-06-08T12:34:42.143+0000] {dag.py:3954} INFO - Setting next_dagrun for example_time_delta_sensor_async to None, run_after=None
[2026-06-08T12:34:42.184+0000] {processor.py:183} INFO - Processing /home/airflow/.local/lib/python3.12/site-packages/airflow/example_dags/example_time_delta_sensor_async.py took 0.190 seconds
[2026-06-08T12:35:12.428+0000] {processor.py:161} INFO - Started process (PID=2147) to work on /home/airflow/.local/lib/python3.12/site-packages/airflow/example_dags/example_time_delta_sensor_async.py
[2026-06-08T12:35:12.428+0000] {processor.py:830} INFO - Processing file /home/airflow/.local/lib/python3.12/site-packages/airflow/example_dags/example_time_delta_sensor_async.py for tasks to queue
[2026-06-08T12:35:12.430+0000] {logging_mixin.py:188} INFO - [2026-06-08T12:35:12.430+0000] {dagbag.py:545} INFO - Filling up the DagBag from /home/airflow/.local/lib/python3.12/site-packages/airflow/example_dags/example_time_delta_sensor_async.py
[2026-06-08T12:35:12.433+0000] {processor.py:840} INFO - DAG(s) 'example_time_delta_sensor_async' retrieved from /home/airflow/.local/lib/python3.12/site-packages/airflow/example_dags/example_time_delta_sensor_async.py
[2026-06-08T12:35:12.450+0000] {logging_mixin.py:188} INFO - [2026-06-08T12:35:12.450+0000] {dag.py:3096} INFO - Sync 1 DAGs
[2026-06-08T12:35:12.463+0000] {logging_mixin.py:188} INFO - [2026-06-08T12:35:12.463+0000] {dag.py:3954} INFO - Setting next_dagrun for example_time_delta_sensor_async to None, run_after=None
[2026-06-08T12:35:12.481+0000] {processor.py:183} INFO - Processing /home/airflow/.local/lib/python3.12/site-packages/airflow/example_dags/example_time_delta_sensor_async.py took 0.059 seconds
[2026-06-08T12:35:43.022+0000] {processor.py:161} INFO - Started process (PID=2206) to work on /home/airflow/.local/lib/python3.12/site-packages/airflow/example_dags/example_time_delta_sensor_async.py
[2026-06-08T12:35:43.023+0000] {processor.py:830} INFO - Processing file /home/airflow/.local/lib/python3.12/site-packages/airflow/example_dags/example_time_delta_sensor_async.py for tasks to queue
[2026-06-08T12:35:43.026+0000] {logging_mixin.py:188} INFO - [2026-06-08T12:35:43.025+0000] {dagbag.py:545} INFO - Filling up the DagBag from /home/airflow/.local/lib/python3.12/site-packages/airflow/example_dags/example_time_delta_sensor_async.py
[2026-06-08T12:35:43.031+0000] {processor.py:840} INFO - DAG(s) 'example_time_delta_sensor_async' retrieved from /home/airflow/.local/lib/python3.12/site-packages/airflow/example_dags/example_time_delta_sensor_async.py
[2026-06-08T12:35:43.047+0000] {logging_mixin.py:188} INFO - [2026-06-08T12:35:43.047+0000] {dag.py:3096} INFO - Sync 1 DAGs
[2026-06-08T12:35:43.059+0000] {logging_mixin.py:188} INFO - [2026-06-08T12:35:43.059+0000] {dag.py:3954} INFO - Setting next_dagrun for example_time_delta_sensor_async to None, run_after=None
[2026-06-08T12:35:43.081+0000] {processor.py:183} INFO - Processing /home/airflow/.local/lib/python3.12/site-packages/airflow/example_dags/example_time_delta_sensor_async.py took 0.065 seconds
[2026-06-08T12:36:13.554+0000] {processor.py:161} INFO - Started process (PID=2265) to work on /home/airflow/.local/lib/python3.12/site-packages/airflow/example_dags/example_time_delta_sensor_async.py
[2026-06-08T12:36:13.555+0000] {processor.py:830} INFO - Processing file /home/airflow/.local/lib/python3.12/site-packages/airflow/example_dags/example_time_delta_sensor_async.py for tasks to queue
[2026-06-08T12:36:13.557+0000] {logging_mixin.py:188} INFO - [2026-06-08T12:36:13.556+0000] {dagbag.py:545} INFO - Filling up the DagBag from /home/airflow/.local/lib/python3.12/site-packages/airflow/example_dags/example_time_delta_sensor_async.py
[2026-06-08T12:36:13.562+0000] {processor.py:840} INFO - DAG(s) 'example_time_delta_sensor_async' retrieved from /home/airflow/.local/lib/python3.12/site-packages/airflow/example_dags/example_time_delta_sensor_async.py
[2026-06-08T12:36:13.584+0000] {logging_mixin.py:188} INFO - [2026-06-08T12:36:13.583+0000] {dag.py:3096} INFO - Sync 1 DAGs
[2026-06-08T12:36:13.598+0000] {logging_mixin.py:188} INFO - [2026-06-08T12:36:13.598+0000] {dag.py:3954} INFO - Setting next_dagrun for example_time_delta_sensor_async to None, run_after=None
[2026-06-08T12:36:13.612+0000] {processor.py:183} INFO - Processing /home/airflow/.local/lib/python3.12/site-packages/airflow/example_dags/example_time_delta_sensor_async.py took 0.066 seconds
[2026-06-08T12:36:44.229+0000] {processor.py:161} INFO - Started process (PID=2324) to work on /home/airflow/.local/lib/python3.12/site-packages/airflow/example_dags/example_time_delta_sensor_async.py
[2026-06-08T12:36:44.230+0000] {processor.py:830} INFO - Processing file /home/airflow/.local/lib/python3.12/site-packages/airflow/example_dags/example_time_delta_sensor_async.py for tasks to queue
[2026-06-08T12:36:44.232+0000] {logging_mixin.py:188} INFO - [2026-06-08T12:36:44.231+0000] {dagbag.py:545} INFO - Filling up the DagBag from /home/airflow/.local/lib/python3.12/site-packages/airflow/example_dags/example_time_delta_sensor_async.py
[2026-06-08T12:36:44.236+0000] {processor.py:840} INFO - DAG(s) 'example_time_delta_sensor_async' retrieved from /home/airflow/.local/lib/python3.12/site-packages/airflow/example_dags/example_time_delta_sensor_async.py
[2026-06-08T12:36:44.251+0000] {logging_mixin.py:188} INFO - [2026-06-08T12:36:44.251+0000] {dag.py:3096} INFO - Sync 1 DAGs
[2026-06-08T12:36:44.260+0000] {logging_mixin.py:188} INFO - [2026-06-08T12:36:44.260+0000] {dag.py:3954} INFO - Setting next_dagrun for example_time_delta_sensor_async to None, run_after=None
[2026-06-08T12:36:44.274+0000] {processor.py:183} INFO - Processing /home/airflow/.local/lib/python3.12/site-packages/airflow/example_dags/example_time_delta_sensor_async.py took 0.050 seconds
[2026-06-08T12:37:14.398+0000] {processor.py:161} INFO - Started process (PID=2383) to work on /home/airflow/.local/lib/python3.12/site-packages/airflow/example_dags/example_time_delta_sensor_async.py
[2026-06-08T12:37:14.399+0000] {processor.py:830} INFO - Processing file /home/airflow/.local/lib/python3.12/site-packages/airflow/example_dags/example_time_delta_sensor_async.py for tasks to queue
[2026-06-08T12:37:14.400+0000] {logging_mixin.py:188} INFO - [2026-06-08T12:37:14.400+0000] {dagbag.py:545} INFO - Filling up the DagBag from /home/airflow/.local/lib/python3.12/site-packages/airflow/example_dags/example_time_delta_sensor_async.py
[2026-06-08T12:37:14.405+0000] {processor.py:840} INFO - DAG(s) 'example_time_delta_sensor_async' retrieved from /home/airflow/.local/lib/python3.12/site-packages/airflow/example_dags/example_time_delta_sensor_async.py
[2026-06-08T12:37:14.424+0000] {logging_mixin.py:188} INFO - [2026-06-08T12:37:14.424+0000] {dag.py:3096} INFO - Sync 1 DAGs
[2026-06-08T12:37:14.433+0000] {logging_mixin.py:188} INFO - [2026-06-08T12:37:14.433+0000] {dag.py:3954} INFO - Setting next_dagrun for example_time_delta_sensor_async to None, run_after=None
[2026-06-08T12:37:14.449+0000] {processor.py:183} INFO - Processing /home/airflow/.local/lib/python3.12/site-packages/airflow/example_dags/example_time_delta_sensor_async.py took 0.057 seconds
[2026-06-08T12:37:44.858+0000] {processor.py:161} INFO - Started process (PID=2442) to work on /home/airflow/.local/lib/python3.12/site-packages/airflow/example_dags/example_time_delta_sensor_async.py
[2026-06-08T12:37:44.858+0000] {processor.py:830} INFO - Processing file /home/airflow/.local/lib/python3.12/site-packages/airflow/example_dags/example_time_delta_sensor_async.py for tasks to queue
[2026-06-08T12:37:44.859+0000] {logging_mixin.py:188} INFO - [2026-06-08T12:37:44.859+0000] {dagbag.py:545} INFO - Filling up the DagBag from /home/airflow/.local/lib/python3.12/site-packages/airflow/example_dags/example_time_delta_sensor_async.py
[2026-06-08T12:37:44.862+0000] {processor.py:840} INFO - DAG(s) 'example_time_delta_sensor_async' retrieved from /home/airflow/.local/lib/python3.12/site-packages/airflow/example_dags/example_time_delta_sensor_async.py
[2026-06-08T12:37:44.876+0000] {logging_mixin.py:188} INFO - [2026-06-08T12:37:44.875+0000] {dag.py:3096} INFO - Sync 1 DAGs
[2026-06-08T12:37:44.884+0000] {logging_mixin.py:188} INFO - [2026-06-08T12:37:44.884+0000] {dag.py:3954} INFO - Setting next_dagrun for example_time_delta_sensor_async to None, run_after=None
[2026-06-08T12:37:44.897+0000] {processor.py:183} INFO - Processing /home/airflow/.local/lib/python3.12/site-packages/airflow/example_dags/example_time_delta_sensor_async.py took 0.043 seconds
