[2026-06-08T12:17:50.965+0000] {processor.py:161} INFO - Started process (PID=60) to work on /home/airflow/.local/lib/python3.12/site-packages/airflow/example_dags/example_latest_only.py
[2026-06-08T12:17:50.966+0000] {processor.py:830} INFO - Processing file /home/airflow/.local/lib/python3.12/site-packages/airflow/example_dags/example_latest_only.py for tasks to queue
[2026-06-08T12:17:50.967+0000] {logging_mixin.py:188} INFO - [2026-06-08T12:17:50.967+0000] {dagbag.py:545} INFO - Filling up the DagBag from /home/airflow/.local/lib/python3.12/site-packages/airflow/example_dags/example_latest_only.py
[2026-06-08T12:17:50.976+0000] {processor.py:840} INFO - DAG(s) 'latest_only' retrieved from /home/airflow/.local/lib/python3.12/site-packages/airflow/example_dags/example_latest_only.py
[2026-06-08T12:17:50.988+0000] {logging_mixin.py:188} INFO - [2026-06-08T12:17:50.987+0000] {dag.py:3096} INFO - Sync 1 DAGs
[2026-06-08T12:17:51.017+0000] {logging_mixin.py:188} INFO - [2026-06-08T12:17:51.017+0000] {dag.py:3954} INFO - Setting next_dagrun for latest_only to 2026-06-08 08:00:00+00:00, run_after=2026-06-08 12:00:00+00:00
[2026-06-08T12:17:51.037+0000] {processor.py:183} INFO - Processing /home/airflow/.local/lib/python3.12/site-packages/airflow/example_dags/example_latest_only.py took 0.078 seconds
[2026-06-08T12:18:21.959+0000] {processor.py:161} INFO - Started process (PID=118) to work on /home/airflow/.local/lib/python3.12/site-packages/airflow/example_dags/example_latest_only.py
[2026-06-08T12:18:21.961+0000] {processor.py:830} INFO - Processing file /home/airflow/.local/lib/python3.12/site-packages/airflow/example_dags/example_latest_only.py for tasks to queue
[2026-06-08T12:18:21.962+0000] {logging_mixin.py:188} INFO - [2026-06-08T12:18:21.962+0000] {dagbag.py:545} INFO - Filling up the DagBag from /home/airflow/.local/lib/python3.12/site-packages/airflow/example_dags/example_latest_only.py
[2026-06-08T12:18:21.965+0000] {processor.py:840} INFO - DAG(s) 'latest_only' retrieved from /home/airflow/.local/lib/python3.12/site-packages/airflow/example_dags/example_latest_only.py
[2026-06-08T12:18:22.042+0000] {logging_mixin.py:188} INFO - [2026-06-08T12:18:22.042+0000] {dag.py:3096} INFO - Sync 1 DAGs
[2026-06-08T12:18:22.058+0000] {logging_mixin.py:188} INFO - [2026-06-08T12:18:22.057+0000] {dag.py:3954} INFO - Setting next_dagrun for latest_only to 2026-06-08 08:00:00+00:00, run_after=2026-06-08 12:00:00+00:00
[2026-06-08T12:18:22.073+0000] {processor.py:183} INFO - Processing /home/airflow/.local/lib/python3.12/site-packages/airflow/example_dags/example_latest_only.py took 0.120 seconds
[2026-06-08T12:18:52.406+0000] {processor.py:161} INFO - Started process (PID=182) to work on /home/airflow/.local/lib/python3.12/site-packages/airflow/example_dags/example_latest_only.py
[2026-06-08T12:18:52.407+0000] {processor.py:830} INFO - Processing file /home/airflow/.local/lib/python3.12/site-packages/airflow/example_dags/example_latest_only.py for tasks to queue
[2026-06-08T12:18:52.408+0000] {logging_mixin.py:188} INFO - [2026-06-08T12:18:52.408+0000] {dagbag.py:545} INFO - Filling up the DagBag from /home/airflow/.local/lib/python3.12/site-packages/airflow/example_dags/example_latest_only.py
[2026-06-08T12:18:52.411+0000] {processor.py:840} INFO - DAG(s) 'latest_only' retrieved from /home/airflow/.local/lib/python3.12/site-packages/airflow/example_dags/example_latest_only.py
[2026-06-08T12:18:52.431+0000] {logging_mixin.py:188} INFO - [2026-06-08T12:18:52.430+0000] {dag.py:3096} INFO - Sync 1 DAGs
[2026-06-08T12:18:52.449+0000] {logging_mixin.py:188} INFO - [2026-06-08T12:18:52.449+0000] {dag.py:3954} INFO - Setting next_dagrun for latest_only to 2026-06-08 08:00:00+00:00, run_after=2026-06-08 12:00:00+00:00
[2026-06-08T12:18:52.463+0000] {processor.py:183} INFO - Processing /home/airflow/.local/lib/python3.12/site-packages/airflow/example_dags/example_latest_only.py took 0.061 seconds
[2026-06-08T12:19:22.822+0000] {processor.py:161} INFO - Started process (PID=240) to work on /home/airflow/.local/lib/python3.12/site-packages/airflow/example_dags/example_latest_only.py
[2026-06-08T12:19:22.823+0000] {processor.py:830} INFO - Processing file /home/airflow/.local/lib/python3.12/site-packages/airflow/example_dags/example_latest_only.py for tasks to queue
[2026-06-08T12:19:22.824+0000] {logging_mixin.py:188} INFO - [2026-06-08T12:19:22.824+0000] {dagbag.py:545} INFO - Filling up the DagBag from /home/airflow/.local/lib/python3.12/site-packages/airflow/example_dags/example_latest_only.py
[2026-06-08T12:19:22.827+0000] {processor.py:840} INFO - DAG(s) 'latest_only' retrieved from /home/airflow/.local/lib/python3.12/site-packages/airflow/example_dags/example_latest_only.py
[2026-06-08T12:19:22.846+0000] {logging_mixin.py:188} INFO - [2026-06-08T12:19:22.846+0000] {dag.py:3096} INFO - Sync 1 DAGs
[2026-06-08T12:19:22.864+0000] {logging_mixin.py:188} INFO - [2026-06-08T12:19:22.864+0000] {dag.py:3954} INFO - Setting next_dagrun for latest_only to 2026-06-08 08:00:00+00:00, run_after=2026-06-08 12:00:00+00:00
[2026-06-08T12:19:22.880+0000] {processor.py:183} INFO - Processing /home/airflow/.local/lib/python3.12/site-packages/airflow/example_dags/example_latest_only.py took 0.063 seconds
[2026-06-08T12:19:53.360+0000] {processor.py:161} INFO - Started process (PID=298) to work on /home/airflow/.local/lib/python3.12/site-packages/airflow/example_dags/example_latest_only.py
[2026-06-08T12:19:53.360+0000] {processor.py:830} INFO - Processing file /home/airflow/.local/lib/python3.12/site-packages/airflow/example_dags/example_latest_only.py for tasks to queue
[2026-06-08T12:19:53.361+0000] {logging_mixin.py:188} INFO - [2026-06-08T12:19:53.361+0000] {dagbag.py:545} INFO - Filling up the DagBag from /home/airflow/.local/lib/python3.12/site-packages/airflow/example_dags/example_latest_only.py
[2026-06-08T12:19:53.364+0000] {processor.py:840} INFO - DAG(s) 'latest_only' retrieved from /home/airflow/.local/lib/python3.12/site-packages/airflow/example_dags/example_latest_only.py
[2026-06-08T12:19:53.381+0000] {logging_mixin.py:188} INFO - [2026-06-08T12:19:53.381+0000] {dag.py:3096} INFO - Sync 1 DAGs
[2026-06-08T12:19:53.399+0000] {logging_mixin.py:188} INFO - [2026-06-08T12:19:53.399+0000] {dag.py:3954} INFO - Setting next_dagrun for latest_only to 2026-06-08 08:00:00+00:00, run_after=2026-06-08 12:00:00+00:00
[2026-06-08T12:19:53.411+0000] {processor.py:183} INFO - Processing /home/airflow/.local/lib/python3.12/site-packages/airflow/example_dags/example_latest_only.py took 0.055 seconds
[2026-06-08T12:20:23.804+0000] {processor.py:161} INFO - Started process (PID=356) to work on /home/airflow/.local/lib/python3.12/site-packages/airflow/example_dags/example_latest_only.py
[2026-06-08T12:20:23.805+0000] {processor.py:830} INFO - Processing file /home/airflow/.local/lib/python3.12/site-packages/airflow/example_dags/example_latest_only.py for tasks to queue
[2026-06-08T12:20:23.806+0000] {logging_mixin.py:188} INFO - [2026-06-08T12:20:23.806+0000] {dagbag.py:545} INFO - Filling up the DagBag from /home/airflow/.local/lib/python3.12/site-packages/airflow/example_dags/example_latest_only.py
[2026-06-08T12:20:23.811+0000] {processor.py:840} INFO - DAG(s) 'latest_only' retrieved from /home/airflow/.local/lib/python3.12/site-packages/airflow/example_dags/example_latest_only.py
[2026-06-08T12:20:23.830+0000] {logging_mixin.py:188} INFO - [2026-06-08T12:20:23.830+0000] {dag.py:3096} INFO - Sync 1 DAGs
[2026-06-08T12:20:23.850+0000] {logging_mixin.py:188} INFO - [2026-06-08T12:20:23.850+0000] {dag.py:3954} INFO - Setting next_dagrun for latest_only to 2026-06-08 08:00:00+00:00, run_after=2026-06-08 12:00:00+00:00
[2026-06-08T12:20:23.871+0000] {processor.py:183} INFO - Processing /home/airflow/.local/lib/python3.12/site-packages/airflow/example_dags/example_latest_only.py took 0.073 seconds
[2026-06-08T12:20:54.377+0000] {processor.py:161} INFO - Started process (PID=414) to work on /home/airflow/.local/lib/python3.12/site-packages/airflow/example_dags/example_latest_only.py
[2026-06-08T12:20:54.377+0000] {processor.py:830} INFO - Processing file /home/airflow/.local/lib/python3.12/site-packages/airflow/example_dags/example_latest_only.py for tasks to queue
[2026-06-08T12:20:54.378+0000] {logging_mixin.py:188} INFO - [2026-06-08T12:20:54.378+0000] {dagbag.py:545} INFO - Filling up the DagBag from /home/airflow/.local/lib/python3.12/site-packages/airflow/example_dags/example_latest_only.py
[2026-06-08T12:20:54.381+0000] {processor.py:840} INFO - DAG(s) 'latest_only' retrieved from /home/airflow/.local/lib/python3.12/site-packages/airflow/example_dags/example_latest_only.py
[2026-06-08T12:20:54.397+0000] {logging_mixin.py:188} INFO - [2026-06-08T12:20:54.397+0000] {dag.py:3096} INFO - Sync 1 DAGs
[2026-06-08T12:20:54.414+0000] {logging_mixin.py:188} INFO - [2026-06-08T12:20:54.414+0000] {dag.py:3954} INFO - Setting next_dagrun for latest_only to 2026-06-08 08:00:00+00:00, run_after=2026-06-08 12:00:00+00:00
[2026-06-08T12:20:54.429+0000] {processor.py:183} INFO - Processing /home/airflow/.local/lib/python3.12/site-packages/airflow/example_dags/example_latest_only.py took 0.056 seconds
[2026-06-08T12:21:24.508+0000] {processor.py:161} INFO - Started process (PID=472) to work on /home/airflow/.local/lib/python3.12/site-packages/airflow/example_dags/example_latest_only.py
[2026-06-08T12:21:24.508+0000] {processor.py:830} INFO - Processing file /home/airflow/.local/lib/python3.12/site-packages/airflow/example_dags/example_latest_only.py for tasks to queue
[2026-06-08T12:21:24.509+0000] {logging_mixin.py:188} INFO - [2026-06-08T12:21:24.509+0000] {dagbag.py:545} INFO - Filling up the DagBag from /home/airflow/.local/lib/python3.12/site-packages/airflow/example_dags/example_latest_only.py
[2026-06-08T12:21:24.512+0000] {processor.py:840} INFO - DAG(s) 'latest_only' retrieved from /home/airflow/.local/lib/python3.12/site-packages/airflow/example_dags/example_latest_only.py
[2026-06-08T12:21:24.529+0000] {logging_mixin.py:188} INFO - [2026-06-08T12:21:24.528+0000] {dag.py:3096} INFO - Sync 1 DAGs
[2026-06-08T12:21:24.543+0000] {logging_mixin.py:188} INFO - [2026-06-08T12:21:24.543+0000] {dag.py:3954} INFO - Setting next_dagrun for latest_only to 2026-06-08 08:00:00+00:00, run_after=2026-06-08 12:00:00+00:00
[2026-06-08T12:21:24.556+0000] {processor.py:183} INFO - Processing /home/airflow/.local/lib/python3.12/site-packages/airflow/example_dags/example_latest_only.py took 0.054 seconds
[2026-06-08T12:21:55.174+0000] {processor.py:161} INFO - Started process (PID=552) to work on /home/airflow/.local/lib/python3.12/site-packages/airflow/example_dags/example_latest_only.py
[2026-06-08T12:21:55.174+0000] {processor.py:830} INFO - Processing file /home/airflow/.local/lib/python3.12/site-packages/airflow/example_dags/example_latest_only.py for tasks to queue
[2026-06-08T12:21:55.176+0000] {logging_mixin.py:188} INFO - [2026-06-08T12:21:55.176+0000] {dagbag.py:545} INFO - Filling up the DagBag from /home/airflow/.local/lib/python3.12/site-packages/airflow/example_dags/example_latest_only.py
[2026-06-08T12:21:55.179+0000] {processor.py:840} INFO - DAG(s) 'latest_only' retrieved from /home/airflow/.local/lib/python3.12/site-packages/airflow/example_dags/example_latest_only.py
[2026-06-08T12:21:55.194+0000] {logging_mixin.py:188} INFO - [2026-06-08T12:21:55.194+0000] {dag.py:3096} INFO - Sync 1 DAGs
[2026-06-08T12:21:55.213+0000] {logging_mixin.py:188} INFO - [2026-06-08T12:21:55.213+0000] {dag.py:3954} INFO - Setting next_dagrun for latest_only to 2026-06-08 08:00:00+00:00, run_after=2026-06-08 12:00:00+00:00
[2026-06-08T12:21:55.227+0000] {processor.py:183} INFO - Processing /home/airflow/.local/lib/python3.12/site-packages/airflow/example_dags/example_latest_only.py took 0.058 seconds
[2026-06-08T12:22:25.975+0000] {processor.py:161} INFO - Started process (PID=610) to work on /home/airflow/.local/lib/python3.12/site-packages/airflow/example_dags/example_latest_only.py
[2026-06-08T12:22:25.976+0000] {processor.py:830} INFO - Processing file /home/airflow/.local/lib/python3.12/site-packages/airflow/example_dags/example_latest_only.py for tasks to queue
[2026-06-08T12:22:25.978+0000] {logging_mixin.py:188} INFO - [2026-06-08T12:22:25.978+0000] {dagbag.py:545} INFO - Filling up the DagBag from /home/airflow/.local/lib/python3.12/site-packages/airflow/example_dags/example_latest_only.py
[2026-06-08T12:22:25.983+0000] {processor.py:840} INFO - DAG(s) 'latest_only' retrieved from /home/airflow/.local/lib/python3.12/site-packages/airflow/example_dags/example_latest_only.py
[2026-06-08T12:22:26.000+0000] {logging_mixin.py:188} INFO - [2026-06-08T12:22:26.000+0000] {dag.py:3096} INFO - Sync 1 DAGs
[2026-06-08T12:22:26.015+0000] {logging_mixin.py:188} INFO - [2026-06-08T12:22:26.015+0000] {dag.py:3954} INFO - Setting next_dagrun for latest_only to 2026-06-08 08:00:00+00:00, run_after=2026-06-08 12:00:00+00:00
[2026-06-08T12:22:26.040+0000] {processor.py:183} INFO - Processing /home/airflow/.local/lib/python3.12/site-packages/airflow/example_dags/example_latest_only.py took 0.072 seconds
[2026-06-08T12:22:56.804+0000] {processor.py:161} INFO - Started process (PID=691) to work on /home/airflow/.local/lib/python3.12/site-packages/airflow/example_dags/example_latest_only.py
[2026-06-08T12:22:56.805+0000] {processor.py:830} INFO - Processing file /home/airflow/.local/lib/python3.12/site-packages/airflow/example_dags/example_latest_only.py for tasks to queue
[2026-06-08T12:22:56.807+0000] {logging_mixin.py:188} INFO - [2026-06-08T12:22:56.806+0000] {dagbag.py:545} INFO - Filling up the DagBag from /home/airflow/.local/lib/python3.12/site-packages/airflow/example_dags/example_latest_only.py
[2026-06-08T12:22:56.810+0000] {processor.py:840} INFO - DAG(s) 'latest_only' retrieved from /home/airflow/.local/lib/python3.12/site-packages/airflow/example_dags/example_latest_only.py
[2026-06-08T12:22:56.818+0000] {logging_mixin.py:188} INFO - [2026-06-08T12:22:56.818+0000] {dag.py:3096} INFO - Sync 1 DAGs
[2026-06-08T12:22:56.835+0000] {logging_mixin.py:188} INFO - [2026-06-08T12:22:56.835+0000] {dag.py:3954} INFO - Setting next_dagrun for latest_only to 2026-06-08 08:00:00+00:00, run_after=2026-06-08 12:00:00+00:00
[2026-06-08T12:22:56.855+0000] {processor.py:183} INFO - Processing /home/airflow/.local/lib/python3.12/site-packages/airflow/example_dags/example_latest_only.py took 0.056 seconds
[2026-06-08T12:23:27.814+0000] {processor.py:161} INFO - Started process (PID=771) to work on /home/airflow/.local/lib/python3.12/site-packages/airflow/example_dags/example_latest_only.py
[2026-06-08T12:23:27.815+0000] {processor.py:830} INFO - Processing file /home/airflow/.local/lib/python3.12/site-packages/airflow/example_dags/example_latest_only.py for tasks to queue
[2026-06-08T12:23:27.816+0000] {logging_mixin.py:188} INFO - [2026-06-08T12:23:27.816+0000] {dagbag.py:545} INFO - Filling up the DagBag from /home/airflow/.local/lib/python3.12/site-packages/airflow/example_dags/example_latest_only.py
[2026-06-08T12:23:27.819+0000] {processor.py:840} INFO - DAG(s) 'latest_only' retrieved from /home/airflow/.local/lib/python3.12/site-packages/airflow/example_dags/example_latest_only.py
[2026-06-08T12:23:27.883+0000] {logging_mixin.py:188} INFO - [2026-06-08T12:23:27.883+0000] {dag.py:3096} INFO - Sync 1 DAGs
[2026-06-08T12:23:27.898+0000] {logging_mixin.py:188} INFO - [2026-06-08T12:23:27.897+0000] {dag.py:3954} INFO - Setting next_dagrun for latest_only to 2026-06-08 08:00:00+00:00, run_after=2026-06-08 12:00:00+00:00
[2026-06-08T12:23:27.910+0000] {processor.py:183} INFO - Processing /home/airflow/.local/lib/python3.12/site-packages/airflow/example_dags/example_latest_only.py took 0.105 seconds
[2026-06-08T12:23:58.557+0000] {processor.py:161} INFO - Started process (PID=830) to work on /home/airflow/.local/lib/python3.12/site-packages/airflow/example_dags/example_latest_only.py
[2026-06-08T12:23:58.558+0000] {processor.py:830} INFO - Processing file /home/airflow/.local/lib/python3.12/site-packages/airflow/example_dags/example_latest_only.py for tasks to queue
[2026-06-08T12:23:58.559+0000] {logging_mixin.py:188} INFO - [2026-06-08T12:23:58.559+0000] {dagbag.py:545} INFO - Filling up the DagBag from /home/airflow/.local/lib/python3.12/site-packages/airflow/example_dags/example_latest_only.py
[2026-06-08T12:23:58.562+0000] {processor.py:840} INFO - DAG(s) 'latest_only' retrieved from /home/airflow/.local/lib/python3.12/site-packages/airflow/example_dags/example_latest_only.py
[2026-06-08T12:23:58.575+0000] {logging_mixin.py:188} INFO - [2026-06-08T12:23:58.575+0000] {dag.py:3096} INFO - Sync 1 DAGs
[2026-06-08T12:23:58.590+0000] {logging_mixin.py:188} INFO - [2026-06-08T12:23:58.590+0000] {dag.py:3954} INFO - Setting next_dagrun for latest_only to 2026-06-08 08:00:00+00:00, run_after=2026-06-08 12:00:00+00:00
[2026-06-08T12:23:58.605+0000] {processor.py:183} INFO - Processing /home/airflow/.local/lib/python3.12/site-packages/airflow/example_dags/example_latest_only.py took 0.051 seconds
[2026-06-08T12:24:29.133+0000] {processor.py:161} INFO - Started process (PID=889) to work on /home/airflow/.local/lib/python3.12/site-packages/airflow/example_dags/example_latest_only.py
[2026-06-08T12:24:29.134+0000] {processor.py:830} INFO - Processing file /home/airflow/.local/lib/python3.12/site-packages/airflow/example_dags/example_latest_only.py for tasks to queue
[2026-06-08T12:24:29.135+0000] {logging_mixin.py:188} INFO - [2026-06-08T12:24:29.135+0000] {dagbag.py:545} INFO - Filling up the DagBag from /home/airflow/.local/lib/python3.12/site-packages/airflow/example_dags/example_latest_only.py
[2026-06-08T12:24:29.139+0000] {processor.py:840} INFO - DAG(s) 'latest_only' retrieved from /home/airflow/.local/lib/python3.12/site-packages/airflow/example_dags/example_latest_only.py
[2026-06-08T12:24:29.160+0000] {logging_mixin.py:188} INFO - [2026-06-08T12:24:29.160+0000] {dag.py:3096} INFO - Sync 1 DAGs
[2026-06-08T12:24:29.182+0000] {logging_mixin.py:188} INFO - [2026-06-08T12:24:29.181+0000] {dag.py:3954} INFO - Setting next_dagrun for latest_only to 2026-06-08 08:00:00+00:00, run_after=2026-06-08 12:00:00+00:00
[2026-06-08T12:24:29.195+0000] {processor.py:183} INFO - Processing /home/airflow/.local/lib/python3.12/site-packages/airflow/example_dags/example_latest_only.py took 0.066 seconds
[2026-06-08T12:24:59.641+0000] {processor.py:161} INFO - Started process (PID=948) to work on /home/airflow/.local/lib/python3.12/site-packages/airflow/example_dags/example_latest_only.py
[2026-06-08T12:24:59.642+0000] {processor.py:830} INFO - Processing file /home/airflow/.local/lib/python3.12/site-packages/airflow/example_dags/example_latest_only.py for tasks to queue
[2026-06-08T12:24:59.643+0000] {logging_mixin.py:188} INFO - [2026-06-08T12:24:59.643+0000] {dagbag.py:545} INFO - Filling up the DagBag from /home/airflow/.local/lib/python3.12/site-packages/airflow/example_dags/example_latest_only.py
[2026-06-08T12:24:59.646+0000] {processor.py:840} INFO - DAG(s) 'latest_only' retrieved from /home/airflow/.local/lib/python3.12/site-packages/airflow/example_dags/example_latest_only.py
[2026-06-08T12:24:59.662+0000] {logging_mixin.py:188} INFO - [2026-06-08T12:24:59.662+0000] {dag.py:3096} INFO - Sync 1 DAGs
[2026-06-08T12:24:59.677+0000] {logging_mixin.py:188} INFO - [2026-06-08T12:24:59.677+0000] {dag.py:3954} INFO - Setting next_dagrun for latest_only to 2026-06-08 08:00:00+00:00, run_after=2026-06-08 12:00:00+00:00
[2026-06-08T12:24:59.690+0000] {processor.py:183} INFO - Processing /home/airflow/.local/lib/python3.12/site-packages/airflow/example_dags/example_latest_only.py took 0.054 seconds
[2026-06-08T12:25:30.185+0000] {processor.py:161} INFO - Started process (PID=1008) to work on /home/airflow/.local/lib/python3.12/site-packages/airflow/example_dags/example_latest_only.py
[2026-06-08T12:25:30.186+0000] {processor.py:830} INFO - Processing file /home/airflow/.local/lib/python3.12/site-packages/airflow/example_dags/example_latest_only.py for tasks to queue
[2026-06-08T12:25:30.187+0000] {logging_mixin.py:188} INFO - [2026-06-08T12:25:30.186+0000] {dagbag.py:545} INFO - Filling up the DagBag from /home/airflow/.local/lib/python3.12/site-packages/airflow/example_dags/example_latest_only.py
[2026-06-08T12:25:30.190+0000] {processor.py:840} INFO - DAG(s) 'latest_only' retrieved from /home/airflow/.local/lib/python3.12/site-packages/airflow/example_dags/example_latest_only.py
[2026-06-08T12:25:30.210+0000] {logging_mixin.py:188} INFO - [2026-06-08T12:25:30.210+0000] {dag.py:3096} INFO - Sync 1 DAGs
[2026-06-08T12:25:30.229+0000] {logging_mixin.py:188} INFO - [2026-06-08T12:25:30.228+0000] {dag.py:3954} INFO - Setting next_dagrun for latest_only to 2026-06-08 08:00:00+00:00, run_after=2026-06-08 12:00:00+00:00
[2026-06-08T12:25:30.244+0000] {processor.py:183} INFO - Processing /home/airflow/.local/lib/python3.12/site-packages/airflow/example_dags/example_latest_only.py took 0.062 seconds
[2026-06-08T12:26:00.534+0000] {processor.py:161} INFO - Started process (PID=1067) to work on /home/airflow/.local/lib/python3.12/site-packages/airflow/example_dags/example_latest_only.py
[2026-06-08T12:26:00.534+0000] {processor.py:830} INFO - Processing file /home/airflow/.local/lib/python3.12/site-packages/airflow/example_dags/example_latest_only.py for tasks to queue
[2026-06-08T12:26:00.535+0000] {logging_mixin.py:188} INFO - [2026-06-08T12:26:00.535+0000] {dagbag.py:545} INFO - Filling up the DagBag from /home/airflow/.local/lib/python3.12/site-packages/airflow/example_dags/example_latest_only.py
[2026-06-08T12:26:00.538+0000] {processor.py:840} INFO - DAG(s) 'latest_only' retrieved from /home/airflow/.local/lib/python3.12/site-packages/airflow/example_dags/example_latest_only.py
[2026-06-08T12:26:00.552+0000] {logging_mixin.py:188} INFO - [2026-06-08T12:26:00.552+0000] {dag.py:3096} INFO - Sync 1 DAGs
[2026-06-08T12:26:00.566+0000] {logging_mixin.py:188} INFO - [2026-06-08T12:26:00.566+0000] {dag.py:3954} INFO - Setting next_dagrun for latest_only to 2026-06-08 08:00:00+00:00, run_after=2026-06-08 12:00:00+00:00
[2026-06-08T12:26:00.578+0000] {processor.py:183} INFO - Processing /home/airflow/.local/lib/python3.12/site-packages/airflow/example_dags/example_latest_only.py took 0.048 seconds
[2026-06-08T12:26:30.995+0000] {processor.py:161} INFO - Started process (PID=1126) to work on /home/airflow/.local/lib/python3.12/site-packages/airflow/example_dags/example_latest_only.py
[2026-06-08T12:26:30.996+0000] {processor.py:830} INFO - Processing file /home/airflow/.local/lib/python3.12/site-packages/airflow/example_dags/example_latest_only.py for tasks to queue
[2026-06-08T12:26:30.998+0000] {logging_mixin.py:188} INFO - [2026-06-08T12:26:30.998+0000] {dagbag.py:545} INFO - Filling up the DagBag from /home/airflow/.local/lib/python3.12/site-packages/airflow/example_dags/example_latest_only.py
[2026-06-08T12:26:31.003+0000] {processor.py:840} INFO - DAG(s) 'latest_only' retrieved from /home/airflow/.local/lib/python3.12/site-packages/airflow/example_dags/example_latest_only.py
[2026-06-08T12:26:31.024+0000] {logging_mixin.py:188} INFO - [2026-06-08T12:26:31.023+0000] {dag.py:3096} INFO - Sync 1 DAGs
[2026-06-08T12:26:31.049+0000] {logging_mixin.py:188} INFO - [2026-06-08T12:26:31.049+0000] {dag.py:3954} INFO - Setting next_dagrun for latest_only to 2026-06-08 08:00:00+00:00, run_after=2026-06-08 12:00:00+00:00
[2026-06-08T12:26:31.070+0000] {processor.py:183} INFO - Processing /home/airflow/.local/lib/python3.12/site-packages/airflow/example_dags/example_latest_only.py took 0.081 seconds
[2026-06-08T12:27:01.595+0000] {processor.py:161} INFO - Started process (PID=1185) to work on /home/airflow/.local/lib/python3.12/site-packages/airflow/example_dags/example_latest_only.py
[2026-06-08T12:27:01.596+0000] {processor.py:830} INFO - Processing file /home/airflow/.local/lib/python3.12/site-packages/airflow/example_dags/example_latest_only.py for tasks to queue
[2026-06-08T12:27:01.597+0000] {logging_mixin.py:188} INFO - [2026-06-08T12:27:01.596+0000] {dagbag.py:545} INFO - Filling up the DagBag from /home/airflow/.local/lib/python3.12/site-packages/airflow/example_dags/example_latest_only.py
[2026-06-08T12:27:01.599+0000] {processor.py:840} INFO - DAG(s) 'latest_only' retrieved from /home/airflow/.local/lib/python3.12/site-packages/airflow/example_dags/example_latest_only.py
[2026-06-08T12:27:01.614+0000] {logging_mixin.py:188} INFO - [2026-06-08T12:27:01.614+0000] {dag.py:3096} INFO - Sync 1 DAGs
[2026-06-08T12:27:01.630+0000] {logging_mixin.py:188} INFO - [2026-06-08T12:27:01.630+0000] {dag.py:3954} INFO - Setting next_dagrun for latest_only to 2026-06-08 08:00:00+00:00, run_after=2026-06-08 12:00:00+00:00
[2026-06-08T12:27:01.646+0000] {processor.py:183} INFO - Processing /home/airflow/.local/lib/python3.12/site-packages/airflow/example_dags/example_latest_only.py took 0.054 seconds
[2026-06-08T12:27:32.050+0000] {processor.py:161} INFO - Started process (PID=1244) to work on /home/airflow/.local/lib/python3.12/site-packages/airflow/example_dags/example_latest_only.py
[2026-06-08T12:27:32.051+0000] {processor.py:830} INFO - Processing file /home/airflow/.local/lib/python3.12/site-packages/airflow/example_dags/example_latest_only.py for tasks to queue
[2026-06-08T12:27:32.052+0000] {logging_mixin.py:188} INFO - [2026-06-08T12:27:32.051+0000] {dagbag.py:545} INFO - Filling up the DagBag from /home/airflow/.local/lib/python3.12/site-packages/airflow/example_dags/example_latest_only.py
[2026-06-08T12:27:32.054+0000] {processor.py:840} INFO - DAG(s) 'latest_only' retrieved from /home/airflow/.local/lib/python3.12/site-packages/airflow/example_dags/example_latest_only.py
[2026-06-08T12:27:32.069+0000] {logging_mixin.py:188} INFO - [2026-06-08T12:27:32.069+0000] {dag.py:3096} INFO - Sync 1 DAGs
[2026-06-08T12:27:32.086+0000] {logging_mixin.py:188} INFO - [2026-06-08T12:27:32.086+0000] {dag.py:3954} INFO - Setting next_dagrun for latest_only to 2026-06-08 08:00:00+00:00, run_after=2026-06-08 12:00:00+00:00
[2026-06-08T12:27:32.098+0000] {processor.py:183} INFO - Processing /home/airflow/.local/lib/python3.12/site-packages/airflow/example_dags/example_latest_only.py took 0.052 seconds
[2026-06-08T12:28:02.547+0000] {processor.py:161} INFO - Started process (PID=1303) to work on /home/airflow/.local/lib/python3.12/site-packages/airflow/example_dags/example_latest_only.py
[2026-06-08T12:28:02.548+0000] {processor.py:830} INFO - Processing file /home/airflow/.local/lib/python3.12/site-packages/airflow/example_dags/example_latest_only.py for tasks to queue
[2026-06-08T12:28:02.550+0000] {logging_mixin.py:188} INFO - [2026-06-08T12:28:02.549+0000] {dagbag.py:545} INFO - Filling up the DagBag from /home/airflow/.local/lib/python3.12/site-packages/airflow/example_dags/example_latest_only.py
[2026-06-08T12:28:02.555+0000] {processor.py:840} INFO - DAG(s) 'latest_only' retrieved from /home/airflow/.local/lib/python3.12/site-packages/airflow/example_dags/example_latest_only.py
[2026-06-08T12:28:02.577+0000] {logging_mixin.py:188} INFO - [2026-06-08T12:28:02.577+0000] {dag.py:3096} INFO - Sync 1 DAGs
[2026-06-08T12:28:02.594+0000] {logging_mixin.py:188} INFO - [2026-06-08T12:28:02.594+0000] {dag.py:3954} INFO - Setting next_dagrun for latest_only to 2026-06-08 08:00:00+00:00, run_after=2026-06-08 12:00:00+00:00
[2026-06-08T12:28:02.610+0000] {processor.py:183} INFO - Processing /home/airflow/.local/lib/python3.12/site-packages/airflow/example_dags/example_latest_only.py took 0.068 seconds
[2026-06-08T12:28:33.205+0000] {processor.py:161} INFO - Started process (PID=1363) to work on /home/airflow/.local/lib/python3.12/site-packages/airflow/example_dags/example_latest_only.py
[2026-06-08T12:28:33.206+0000] {processor.py:830} INFO - Processing file /home/airflow/.local/lib/python3.12/site-packages/airflow/example_dags/example_latest_only.py for tasks to queue
[2026-06-08T12:28:33.207+0000] {logging_mixin.py:188} INFO - [2026-06-08T12:28:33.207+0000] {dagbag.py:545} INFO - Filling up the DagBag from /home/airflow/.local/lib/python3.12/site-packages/airflow/example_dags/example_latest_only.py
[2026-06-08T12:28:33.210+0000] {processor.py:840} INFO - DAG(s) 'latest_only' retrieved from /home/airflow/.local/lib/python3.12/site-packages/airflow/example_dags/example_latest_only.py
[2026-06-08T12:28:33.226+0000] {logging_mixin.py:188} INFO - [2026-06-08T12:28:33.225+0000] {dag.py:3096} INFO - Sync 1 DAGs
[2026-06-08T12:28:33.244+0000] {logging_mixin.py:188} INFO - [2026-06-08T12:28:33.244+0000] {dag.py:3954} INFO - Setting next_dagrun for latest_only to 2026-06-08 08:00:00+00:00, run_after=2026-06-08 12:00:00+00:00
[2026-06-08T12:28:33.259+0000] {processor.py:183} INFO - Processing /home/airflow/.local/lib/python3.12/site-packages/airflow/example_dags/example_latest_only.py took 0.058 seconds
[2026-06-08T12:29:03.616+0000] {processor.py:161} INFO - Started process (PID=1422) to work on /home/airflow/.local/lib/python3.12/site-packages/airflow/example_dags/example_latest_only.py
[2026-06-08T12:29:03.617+0000] {processor.py:830} INFO - Processing file /home/airflow/.local/lib/python3.12/site-packages/airflow/example_dags/example_latest_only.py for tasks to queue
[2026-06-08T12:29:03.619+0000] {logging_mixin.py:188} INFO - [2026-06-08T12:29:03.618+0000] {dagbag.py:545} INFO - Filling up the DagBag from /home/airflow/.local/lib/python3.12/site-packages/airflow/example_dags/example_latest_only.py
[2026-06-08T12:29:03.622+0000] {processor.py:840} INFO - DAG(s) 'latest_only' retrieved from /home/airflow/.local/lib/python3.12/site-packages/airflow/example_dags/example_latest_only.py
[2026-06-08T12:29:03.637+0000] {logging_mixin.py:188} INFO - [2026-06-08T12:29:03.636+0000] {dag.py:3096} INFO - Sync 1 DAGs
[2026-06-08T12:29:03.654+0000] {logging_mixin.py:188} INFO - [2026-06-08T12:29:03.653+0000] {dag.py:3954} INFO - Setting next_dagrun for latest_only to 2026-06-08 08:00:00+00:00, run_after=2026-06-08 12:00:00+00:00
[2026-06-08T12:29:03.670+0000] {processor.py:183} INFO - Processing /home/airflow/.local/lib/python3.12/site-packages/airflow/example_dags/example_latest_only.py took 0.061 seconds
[2026-06-08T12:29:33.832+0000] {processor.py:161} INFO - Started process (PID=1481) to work on /home/airflow/.local/lib/python3.12/site-packages/airflow/example_dags/example_latest_only.py
[2026-06-08T12:29:33.833+0000] {processor.py:830} INFO - Processing file /home/airflow/.local/lib/python3.12/site-packages/airflow/example_dags/example_latest_only.py for tasks to queue
[2026-06-08T12:29:33.834+0000] {logging_mixin.py:188} INFO - [2026-06-08T12:29:33.834+0000] {dagbag.py:545} INFO - Filling up the DagBag from /home/airflow/.local/lib/python3.12/site-packages/airflow/example_dags/example_latest_only.py
[2026-06-08T12:29:33.837+0000] {processor.py:840} INFO - DAG(s) 'latest_only' retrieved from /home/airflow/.local/lib/python3.12/site-packages/airflow/example_dags/example_latest_only.py
[2026-06-08T12:29:33.851+0000] {logging_mixin.py:188} INFO - [2026-06-08T12:29:33.850+0000] {dag.py:3096} INFO - Sync 1 DAGs
[2026-06-08T12:29:33.867+0000] {logging_mixin.py:188} INFO - [2026-06-08T12:29:33.867+0000] {dag.py:3954} INFO - Setting next_dagrun for latest_only to 2026-06-08 08:00:00+00:00, run_after=2026-06-08 12:00:00+00:00
[2026-06-08T12:29:33.886+0000] {processor.py:183} INFO - Processing /home/airflow/.local/lib/python3.12/site-packages/airflow/example_dags/example_latest_only.py took 0.059 seconds
[2026-06-08T12:30:04.511+0000] {processor.py:161} INFO - Started process (PID=1540) to work on /home/airflow/.local/lib/python3.12/site-packages/airflow/example_dags/example_latest_only.py
[2026-06-08T12:30:04.512+0000] {processor.py:830} INFO - Processing file /home/airflow/.local/lib/python3.12/site-packages/airflow/example_dags/example_latest_only.py for tasks to queue
[2026-06-08T12:30:04.513+0000] {logging_mixin.py:188} INFO - [2026-06-08T12:30:04.513+0000] {dagbag.py:545} INFO - Filling up the DagBag from /home/airflow/.local/lib/python3.12/site-packages/airflow/example_dags/example_latest_only.py
[2026-06-08T12:30:04.516+0000] {processor.py:840} INFO - DAG(s) 'latest_only' retrieved from /home/airflow/.local/lib/python3.12/site-packages/airflow/example_dags/example_latest_only.py
[2026-06-08T12:30:04.535+0000] {logging_mixin.py:188} INFO - [2026-06-08T12:30:04.535+0000] {dag.py:3096} INFO - Sync 1 DAGs
[2026-06-08T12:30:04.550+0000] {logging_mixin.py:188} INFO - [2026-06-08T12:30:04.550+0000] {dag.py:3954} INFO - Setting next_dagrun for latest_only to 2026-06-08 08:00:00+00:00, run_after=2026-06-08 12:00:00+00:00
[2026-06-08T12:30:04.563+0000] {processor.py:183} INFO - Processing /home/airflow/.local/lib/python3.12/site-packages/airflow/example_dags/example_latest_only.py took 0.059 seconds
[2026-06-08T12:30:35.111+0000] {processor.py:161} INFO - Started process (PID=1599) to work on /home/airflow/.local/lib/python3.12/site-packages/airflow/example_dags/example_latest_only.py
[2026-06-08T12:30:35.113+0000] {processor.py:830} INFO - Processing file /home/airflow/.local/lib/python3.12/site-packages/airflow/example_dags/example_latest_only.py for tasks to queue
[2026-06-08T12:30:35.117+0000] {logging_mixin.py:188} INFO - [2026-06-08T12:30:35.116+0000] {dagbag.py:545} INFO - Filling up the DagBag from /home/airflow/.local/lib/python3.12/site-packages/airflow/example_dags/example_latest_only.py
[2026-06-08T12:30:35.128+0000] {processor.py:840} INFO - DAG(s) 'latest_only' retrieved from /home/airflow/.local/lib/python3.12/site-packages/airflow/example_dags/example_latest_only.py
[2026-06-08T12:30:35.166+0000] {logging_mixin.py:188} INFO - [2026-06-08T12:30:35.166+0000] {dag.py:3096} INFO - Sync 1 DAGs
[2026-06-08T12:30:35.192+0000] {logging_mixin.py:188} INFO - [2026-06-08T12:30:35.191+0000] {dag.py:3954} INFO - Setting next_dagrun for latest_only to 2026-06-08 08:00:00+00:00, run_after=2026-06-08 12:00:00+00:00
[2026-06-08T12:30:35.209+0000] {processor.py:183} INFO - Processing /home/airflow/.local/lib/python3.12/site-packages/airflow/example_dags/example_latest_only.py took 0.106 seconds
[2026-06-08T12:31:05.756+0000] {processor.py:161} INFO - Started process (PID=1658) to work on /home/airflow/.local/lib/python3.12/site-packages/airflow/example_dags/example_latest_only.py
[2026-06-08T12:31:05.757+0000] {processor.py:830} INFO - Processing file /home/airflow/.local/lib/python3.12/site-packages/airflow/example_dags/example_latest_only.py for tasks to queue
[2026-06-08T12:31:05.759+0000] {logging_mixin.py:188} INFO - [2026-06-08T12:31:05.759+0000] {dagbag.py:545} INFO - Filling up the DagBag from /home/airflow/.local/lib/python3.12/site-packages/airflow/example_dags/example_latest_only.py
[2026-06-08T12:31:05.764+0000] {processor.py:840} INFO - DAG(s) 'latest_only' retrieved from /home/airflow/.local/lib/python3.12/site-packages/airflow/example_dags/example_latest_only.py
[2026-06-08T12:31:05.789+0000] {logging_mixin.py:188} INFO - [2026-06-08T12:31:05.789+0000] {dag.py:3096} INFO - Sync 1 DAGs
[2026-06-08T12:31:05.811+0000] {logging_mixin.py:188} INFO - [2026-06-08T12:31:05.811+0000] {dag.py:3954} INFO - Setting next_dagrun for latest_only to 2026-06-08 08:00:00+00:00, run_after=2026-06-08 12:00:00+00:00
[2026-06-08T12:31:05.826+0000] {processor.py:183} INFO - Processing /home/airflow/.local/lib/python3.12/site-packages/airflow/example_dags/example_latest_only.py took 0.075 seconds
[2026-06-08T12:31:36.211+0000] {processor.py:161} INFO - Started process (PID=1717) to work on /home/airflow/.local/lib/python3.12/site-packages/airflow/example_dags/example_latest_only.py
[2026-06-08T12:31:36.211+0000] {processor.py:830} INFO - Processing file /home/airflow/.local/lib/python3.12/site-packages/airflow/example_dags/example_latest_only.py for tasks to queue
[2026-06-08T12:31:36.212+0000] {logging_mixin.py:188} INFO - [2026-06-08T12:31:36.212+0000] {dagbag.py:545} INFO - Filling up the DagBag from /home/airflow/.local/lib/python3.12/site-packages/airflow/example_dags/example_latest_only.py
[2026-06-08T12:31:36.215+0000] {processor.py:840} INFO - DAG(s) 'latest_only' retrieved from /home/airflow/.local/lib/python3.12/site-packages/airflow/example_dags/example_latest_only.py
[2026-06-08T12:31:36.231+0000] {logging_mixin.py:188} INFO - [2026-06-08T12:31:36.231+0000] {dag.py:3096} INFO - Sync 1 DAGs
[2026-06-08T12:31:36.247+0000] {logging_mixin.py:188} INFO - [2026-06-08T12:31:36.246+0000] {dag.py:3954} INFO - Setting next_dagrun for latest_only to 2026-06-08 08:00:00+00:00, run_after=2026-06-08 12:00:00+00:00
[2026-06-08T12:31:36.264+0000] {processor.py:183} INFO - Processing /home/airflow/.local/lib/python3.12/site-packages/airflow/example_dags/example_latest_only.py took 0.057 seconds
[2026-06-08T12:32:06.498+0000] {processor.py:161} INFO - Started process (PID=1776) to work on /home/airflow/.local/lib/python3.12/site-packages/airflow/example_dags/example_latest_only.py
[2026-06-08T12:32:06.499+0000] {processor.py:830} INFO - Processing file /home/airflow/.local/lib/python3.12/site-packages/airflow/example_dags/example_latest_only.py for tasks to queue
[2026-06-08T12:32:06.500+0000] {logging_mixin.py:188} INFO - [2026-06-08T12:32:06.500+0000] {dagbag.py:545} INFO - Filling up the DagBag from /home/airflow/.local/lib/python3.12/site-packages/airflow/example_dags/example_latest_only.py
[2026-06-08T12:32:06.504+0000] {processor.py:840} INFO - DAG(s) 'latest_only' retrieved from /home/airflow/.local/lib/python3.12/site-packages/airflow/example_dags/example_latest_only.py
[2026-06-08T12:32:06.523+0000] {logging_mixin.py:188} INFO - [2026-06-08T12:32:06.522+0000] {dag.py:3096} INFO - Sync 1 DAGs
[2026-06-08T12:32:06.537+0000] {logging_mixin.py:188} INFO - [2026-06-08T12:32:06.537+0000] {dag.py:3954} INFO - Setting next_dagrun for latest_only to 2026-06-08 08:00:00+00:00, run_after=2026-06-08 12:00:00+00:00
[2026-06-08T12:32:06.548+0000] {processor.py:183} INFO - Processing /home/airflow/.local/lib/python3.12/site-packages/airflow/example_dags/example_latest_only.py took 0.054 seconds
[2026-06-08T12:32:37.231+0000] {processor.py:161} INFO - Started process (PID=1835) to work on /home/airflow/.local/lib/python3.12/site-packages/airflow/example_dags/example_latest_only.py
[2026-06-08T12:32:37.232+0000] {processor.py:830} INFO - Processing file /home/airflow/.local/lib/python3.12/site-packages/airflow/example_dags/example_latest_only.py for tasks to queue
[2026-06-08T12:32:37.234+0000] {logging_mixin.py:188} INFO - [2026-06-08T12:32:37.233+0000] {dagbag.py:545} INFO - Filling up the DagBag from /home/airflow/.local/lib/python3.12/site-packages/airflow/example_dags/example_latest_only.py
[2026-06-08T12:32:37.239+0000] {processor.py:840} INFO - DAG(s) 'latest_only' retrieved from /home/airflow/.local/lib/python3.12/site-packages/airflow/example_dags/example_latest_only.py
[2026-06-08T12:32:37.265+0000] {logging_mixin.py:188} INFO - [2026-06-08T12:32:37.265+0000] {dag.py:3096} INFO - Sync 1 DAGs
[2026-06-08T12:32:37.284+0000] {logging_mixin.py:188} INFO - [2026-06-08T12:32:37.284+0000] {dag.py:3954} INFO - Setting next_dagrun for latest_only to 2026-06-08 08:00:00+00:00, run_after=2026-06-08 12:00:00+00:00
[2026-06-08T12:32:37.298+0000] {processor.py:183} INFO - Processing /home/airflow/.local/lib/python3.12/site-packages/airflow/example_dags/example_latest_only.py took 0.072 seconds
[2026-06-08T12:33:08.246+0000] {processor.py:161} INFO - Started process (PID=1894) to work on /home/airflow/.local/lib/python3.12/site-packages/airflow/example_dags/example_latest_only.py
[2026-06-08T12:33:08.249+0000] {processor.py:830} INFO - Processing file /home/airflow/.local/lib/python3.12/site-packages/airflow/example_dags/example_latest_only.py for tasks to queue
[2026-06-08T12:33:08.251+0000] {logging_mixin.py:188} INFO - [2026-06-08T12:33:08.251+0000] {dagbag.py:545} INFO - Filling up the DagBag from /home/airflow/.local/lib/python3.12/site-packages/airflow/example_dags/example_latest_only.py
[2026-06-08T12:33:08.257+0000] {processor.py:840} INFO - DAG(s) 'latest_only' retrieved from /home/airflow/.local/lib/python3.12/site-packages/airflow/example_dags/example_latest_only.py
[2026-06-08T12:33:08.281+0000] {logging_mixin.py:188} INFO - [2026-06-08T12:33:08.281+0000] {dag.py:3096} INFO - Sync 1 DAGs
[2026-06-08T12:33:08.306+0000] {logging_mixin.py:188} INFO - [2026-06-08T12:33:08.305+0000] {dag.py:3954} INFO - Setting next_dagrun for latest_only to 2026-06-08 08:00:00+00:00, run_after=2026-06-08 12:00:00+00:00
[2026-06-08T12:33:08.325+0000] {processor.py:183} INFO - Processing /home/airflow/.local/lib/python3.12/site-packages/airflow/example_dags/example_latest_only.py took 0.088 seconds
[2026-06-08T12:33:38.584+0000] {processor.py:161} INFO - Started process (PID=1953) to work on /home/airflow/.local/lib/python3.12/site-packages/airflow/example_dags/example_latest_only.py
[2026-06-08T12:33:38.584+0000] {processor.py:830} INFO - Processing file /home/airflow/.local/lib/python3.12/site-packages/airflow/example_dags/example_latest_only.py for tasks to queue
[2026-06-08T12:33:38.586+0000] {logging_mixin.py:188} INFO - [2026-06-08T12:33:38.586+0000] {dagbag.py:545} INFO - Filling up the DagBag from /home/airflow/.local/lib/python3.12/site-packages/airflow/example_dags/example_latest_only.py
[2026-06-08T12:33:38.590+0000] {processor.py:840} INFO - DAG(s) 'latest_only' retrieved from /home/airflow/.local/lib/python3.12/site-packages/airflow/example_dags/example_latest_only.py
[2026-06-08T12:33:38.610+0000] {logging_mixin.py:188} INFO - [2026-06-08T12:33:38.609+0000] {dag.py:3096} INFO - Sync 1 DAGs
[2026-06-08T12:33:38.629+0000] {logging_mixin.py:188} INFO - [2026-06-08T12:33:38.629+0000] {dag.py:3954} INFO - Setting next_dagrun for latest_only to 2026-06-08 08:00:00+00:00, run_after=2026-06-08 12:00:00+00:00
[2026-06-08T12:33:38.641+0000] {processor.py:183} INFO - Processing /home/airflow/.local/lib/python3.12/site-packages/airflow/example_dags/example_latest_only.py took 0.064 seconds
[2026-06-08T12:34:09.384+0000] {processor.py:161} INFO - Started process (PID=2012) to work on /home/airflow/.local/lib/python3.12/site-packages/airflow/example_dags/example_latest_only.py
[2026-06-08T12:34:09.388+0000] {processor.py:830} INFO - Processing file /home/airflow/.local/lib/python3.12/site-packages/airflow/example_dags/example_latest_only.py for tasks to queue
[2026-06-08T12:34:09.390+0000] {logging_mixin.py:188} INFO - [2026-06-08T12:34:09.389+0000] {dagbag.py:545} INFO - Filling up the DagBag from /home/airflow/.local/lib/python3.12/site-packages/airflow/example_dags/example_latest_only.py
[2026-06-08T12:34:09.395+0000] {processor.py:840} INFO - DAG(s) 'latest_only' retrieved from /home/airflow/.local/lib/python3.12/site-packages/airflow/example_dags/example_latest_only.py
[2026-06-08T12:34:09.419+0000] {logging_mixin.py:188} INFO - [2026-06-08T12:34:09.419+0000] {dag.py:3096} INFO - Sync 1 DAGs
[2026-06-08T12:34:09.435+0000] {logging_mixin.py:188} INFO - [2026-06-08T12:34:09.435+0000] {dag.py:3954} INFO - Setting next_dagrun for latest_only to 2026-06-08 08:00:00+00:00, run_after=2026-06-08 12:00:00+00:00
[2026-06-08T12:34:09.451+0000] {processor.py:183} INFO - Processing /home/airflow/.local/lib/python3.12/site-packages/airflow/example_dags/example_latest_only.py took 0.071 seconds
[2026-06-08T12:34:39.553+0000] {processor.py:161} INFO - Started process (PID=2071) to work on /home/airflow/.local/lib/python3.12/site-packages/airflow/example_dags/example_latest_only.py
[2026-06-08T12:34:39.554+0000] {processor.py:830} INFO - Processing file /home/airflow/.local/lib/python3.12/site-packages/airflow/example_dags/example_latest_only.py for tasks to queue
[2026-06-08T12:34:39.555+0000] {logging_mixin.py:188} INFO - [2026-06-08T12:34:39.555+0000] {dagbag.py:545} INFO - Filling up the DagBag from /home/airflow/.local/lib/python3.12/site-packages/airflow/example_dags/example_latest_only.py
[2026-06-08T12:34:39.560+0000] {processor.py:840} INFO - DAG(s) 'latest_only' retrieved from /home/airflow/.local/lib/python3.12/site-packages/airflow/example_dags/example_latest_only.py
[2026-06-08T12:34:39.575+0000] {logging_mixin.py:188} INFO - [2026-06-08T12:34:39.575+0000] {dag.py:3096} INFO - Sync 1 DAGs
[2026-06-08T12:34:39.691+0000] {logging_mixin.py:188} INFO - [2026-06-08T12:34:39.691+0000] {dag.py:3954} INFO - Setting next_dagrun for latest_only to 2026-06-08 08:00:00+00:00, run_after=2026-06-08 12:00:00+00:00
[2026-06-08T12:34:39.721+0000] {processor.py:183} INFO - Processing /home/airflow/.local/lib/python3.12/site-packages/airflow/example_dags/example_latest_only.py took 0.173 seconds
[2026-06-08T12:35:09.746+0000] {processor.py:161} INFO - Started process (PID=2129) to work on /home/airflow/.local/lib/python3.12/site-packages/airflow/example_dags/example_latest_only.py
[2026-06-08T12:35:09.746+0000] {processor.py:830} INFO - Processing file /home/airflow/.local/lib/python3.12/site-packages/airflow/example_dags/example_latest_only.py for tasks to queue
[2026-06-08T12:35:09.748+0000] {logging_mixin.py:188} INFO - [2026-06-08T12:35:09.747+0000] {dagbag.py:545} INFO - Filling up the DagBag from /home/airflow/.local/lib/python3.12/site-packages/airflow/example_dags/example_latest_only.py
[2026-06-08T12:35:09.751+0000] {processor.py:840} INFO - DAG(s) 'latest_only' retrieved from /home/airflow/.local/lib/python3.12/site-packages/airflow/example_dags/example_latest_only.py
[2026-06-08T12:35:09.771+0000] {logging_mixin.py:188} INFO - [2026-06-08T12:35:09.770+0000] {dag.py:3096} INFO - Sync 1 DAGs
[2026-06-08T12:35:09.787+0000] {logging_mixin.py:188} INFO - [2026-06-08T12:35:09.787+0000] {dag.py:3954} INFO - Setting next_dagrun for latest_only to 2026-06-08 08:00:00+00:00, run_after=2026-06-08 12:00:00+00:00
[2026-06-08T12:35:09.799+0000] {processor.py:183} INFO - Processing /home/airflow/.local/lib/python3.12/site-packages/airflow/example_dags/example_latest_only.py took 0.057 seconds
[2026-06-08T12:35:40.188+0000] {processor.py:161} INFO - Started process (PID=2188) to work on /home/airflow/.local/lib/python3.12/site-packages/airflow/example_dags/example_latest_only.py
[2026-06-08T12:35:40.189+0000] {processor.py:830} INFO - Processing file /home/airflow/.local/lib/python3.12/site-packages/airflow/example_dags/example_latest_only.py for tasks to queue
[2026-06-08T12:35:40.191+0000] {logging_mixin.py:188} INFO - [2026-06-08T12:35:40.190+0000] {dagbag.py:545} INFO - Filling up the DagBag from /home/airflow/.local/lib/python3.12/site-packages/airflow/example_dags/example_latest_only.py
[2026-06-08T12:35:40.194+0000] {processor.py:840} INFO - DAG(s) 'latest_only' retrieved from /home/airflow/.local/lib/python3.12/site-packages/airflow/example_dags/example_latest_only.py
[2026-06-08T12:35:40.208+0000] {logging_mixin.py:188} INFO - [2026-06-08T12:35:40.208+0000] {dag.py:3096} INFO - Sync 1 DAGs
[2026-06-08T12:35:40.223+0000] {logging_mixin.py:188} INFO - [2026-06-08T12:35:40.223+0000] {dag.py:3954} INFO - Setting next_dagrun for latest_only to 2026-06-08 08:00:00+00:00, run_after=2026-06-08 12:00:00+00:00
[2026-06-08T12:35:40.237+0000] {processor.py:183} INFO - Processing /home/airflow/.local/lib/python3.12/site-packages/airflow/example_dags/example_latest_only.py took 0.055 seconds
[2026-06-08T12:36:10.796+0000] {processor.py:161} INFO - Started process (PID=2248) to work on /home/airflow/.local/lib/python3.12/site-packages/airflow/example_dags/example_latest_only.py
[2026-06-08T12:36:10.797+0000] {processor.py:830} INFO - Processing file /home/airflow/.local/lib/python3.12/site-packages/airflow/example_dags/example_latest_only.py for tasks to queue
[2026-06-08T12:36:10.799+0000] {logging_mixin.py:188} INFO - [2026-06-08T12:36:10.799+0000] {dagbag.py:545} INFO - Filling up the DagBag from /home/airflow/.local/lib/python3.12/site-packages/airflow/example_dags/example_latest_only.py
[2026-06-08T12:36:10.804+0000] {processor.py:840} INFO - DAG(s) 'latest_only' retrieved from /home/airflow/.local/lib/python3.12/site-packages/airflow/example_dags/example_latest_only.py
[2026-06-08T12:36:10.824+0000] {logging_mixin.py:188} INFO - [2026-06-08T12:36:10.823+0000] {dag.py:3096} INFO - Sync 1 DAGs
[2026-06-08T12:36:10.846+0000] {logging_mixin.py:188} INFO - [2026-06-08T12:36:10.846+0000] {dag.py:3954} INFO - Setting next_dagrun for latest_only to 2026-06-08 08:00:00+00:00, run_after=2026-06-08 12:00:00+00:00
[2026-06-08T12:36:10.859+0000] {processor.py:183} INFO - Processing /home/airflow/.local/lib/python3.12/site-packages/airflow/example_dags/example_latest_only.py took 0.074 seconds
[2026-06-08T12:36:41.300+0000] {processor.py:161} INFO - Started process (PID=2307) to work on /home/airflow/.local/lib/python3.12/site-packages/airflow/example_dags/example_latest_only.py
[2026-06-08T12:36:41.301+0000] {processor.py:830} INFO - Processing file /home/airflow/.local/lib/python3.12/site-packages/airflow/example_dags/example_latest_only.py for tasks to queue
[2026-06-08T12:36:41.302+0000] {logging_mixin.py:188} INFO - [2026-06-08T12:36:41.302+0000] {dagbag.py:545} INFO - Filling up the DagBag from /home/airflow/.local/lib/python3.12/site-packages/airflow/example_dags/example_latest_only.py
[2026-06-08T12:36:41.305+0000] {processor.py:840} INFO - DAG(s) 'latest_only' retrieved from /home/airflow/.local/lib/python3.12/site-packages/airflow/example_dags/example_latest_only.py
[2026-06-08T12:36:41.325+0000] {logging_mixin.py:188} INFO - [2026-06-08T12:36:41.325+0000] {dag.py:3096} INFO - Sync 1 DAGs
[2026-06-08T12:36:41.343+0000] {logging_mixin.py:188} INFO - [2026-06-08T12:36:41.342+0000] {dag.py:3954} INFO - Setting next_dagrun for latest_only to 2026-06-08 08:00:00+00:00, run_after=2026-06-08 12:00:00+00:00
[2026-06-08T12:36:41.363+0000] {processor.py:183} INFO - Processing /home/airflow/.local/lib/python3.12/site-packages/airflow/example_dags/example_latest_only.py took 0.068 seconds
[2026-06-08T12:37:11.667+0000] {processor.py:161} INFO - Started process (PID=2366) to work on /home/airflow/.local/lib/python3.12/site-packages/airflow/example_dags/example_latest_only.py
[2026-06-08T12:37:11.668+0000] {processor.py:830} INFO - Processing file /home/airflow/.local/lib/python3.12/site-packages/airflow/example_dags/example_latest_only.py for tasks to queue
[2026-06-08T12:37:11.669+0000] {logging_mixin.py:188} INFO - [2026-06-08T12:37:11.669+0000] {dagbag.py:545} INFO - Filling up the DagBag from /home/airflow/.local/lib/python3.12/site-packages/airflow/example_dags/example_latest_only.py
[2026-06-08T12:37:11.672+0000] {processor.py:840} INFO - DAG(s) 'latest_only' retrieved from /home/airflow/.local/lib/python3.12/site-packages/airflow/example_dags/example_latest_only.py
[2026-06-08T12:37:11.686+0000] {logging_mixin.py:188} INFO - [2026-06-08T12:37:11.686+0000] {dag.py:3096} INFO - Sync 1 DAGs
[2026-06-08T12:37:11.699+0000] {logging_mixin.py:188} INFO - [2026-06-08T12:37:11.699+0000] {dag.py:3954} INFO - Setting next_dagrun for latest_only to 2026-06-08 08:00:00+00:00, run_after=2026-06-08 12:00:00+00:00
[2026-06-08T12:37:11.713+0000] {processor.py:183} INFO - Processing /home/airflow/.local/lib/python3.12/site-packages/airflow/example_dags/example_latest_only.py took 0.050 seconds
[2026-06-08T12:37:42.198+0000] {processor.py:161} INFO - Started process (PID=2425) to work on /home/airflow/.local/lib/python3.12/site-packages/airflow/example_dags/example_latest_only.py
[2026-06-08T12:37:42.199+0000] {processor.py:830} INFO - Processing file /home/airflow/.local/lib/python3.12/site-packages/airflow/example_dags/example_latest_only.py for tasks to queue
[2026-06-08T12:37:42.200+0000] {logging_mixin.py:188} INFO - [2026-06-08T12:37:42.200+0000] {dagbag.py:545} INFO - Filling up the DagBag from /home/airflow/.local/lib/python3.12/site-packages/airflow/example_dags/example_latest_only.py
[2026-06-08T12:37:42.203+0000] {processor.py:840} INFO - DAG(s) 'latest_only' retrieved from /home/airflow/.local/lib/python3.12/site-packages/airflow/example_dags/example_latest_only.py
[2026-06-08T12:37:42.216+0000] {logging_mixin.py:188} INFO - [2026-06-08T12:37:42.216+0000] {dag.py:3096} INFO - Sync 1 DAGs
[2026-06-08T12:37:42.229+0000] {logging_mixin.py:188} INFO - [2026-06-08T12:37:42.229+0000] {dag.py:3954} INFO - Setting next_dagrun for latest_only to 2026-06-08 08:00:00+00:00, run_after=2026-06-08 12:00:00+00:00
[2026-06-08T12:37:42.243+0000] {processor.py:183} INFO - Processing /home/airflow/.local/lib/python3.12/site-packages/airflow/example_dags/example_latest_only.py took 0.048 seconds
