[2026-06-08T12:17:50.537+0000] {processor.py:161} INFO - Started process (PID=51) to work on /home/airflow/.local/lib/python3.12/site-packages/airflow/example_dags/example_branch_day_of_week_operator.py
[2026-06-08T12:17:50.538+0000] {processor.py:830} INFO - Processing file /home/airflow/.local/lib/python3.12/site-packages/airflow/example_dags/example_branch_day_of_week_operator.py for tasks to queue
[2026-06-08T12:17:50.539+0000] {logging_mixin.py:188} INFO - [2026-06-08T12:17:50.539+0000] {dagbag.py:545} INFO - Filling up the DagBag from /home/airflow/.local/lib/python3.12/site-packages/airflow/example_dags/example_branch_day_of_week_operator.py
[2026-06-08T12:17:50.560+0000] {processor.py:840} INFO - DAG(s) 'example_weekday_branch_operator' retrieved from /home/airflow/.local/lib/python3.12/site-packages/airflow/example_dags/example_branch_day_of_week_operator.py
[2026-06-08T12:17:50.587+0000] {logging_mixin.py:188} INFO - [2026-06-08T12:17:50.586+0000] {dag.py:3096} INFO - Sync 1 DAGs
[2026-06-08T12:17:50.614+0000] {logging_mixin.py:188} INFO - [2026-06-08T12:17:50.613+0000] {dag.py:3954} INFO - Setting next_dagrun for example_weekday_branch_operator to 2026-06-07 00:00:00+00:00, run_after=2026-06-08 00:00:00+00:00
[2026-06-08T12:17:50.634+0000] {processor.py:183} INFO - Processing /home/airflow/.local/lib/python3.12/site-packages/airflow/example_dags/example_branch_day_of_week_operator.py took 0.103 seconds
[2026-06-08T12:18:21.209+0000] {processor.py:161} INFO - Started process (PID=109) to work on /home/airflow/.local/lib/python3.12/site-packages/airflow/example_dags/example_branch_day_of_week_operator.py
[2026-06-08T12:18:21.210+0000] {processor.py:830} INFO - Processing file /home/airflow/.local/lib/python3.12/site-packages/airflow/example_dags/example_branch_day_of_week_operator.py for tasks to queue
[2026-06-08T12:18:21.212+0000] {logging_mixin.py:188} INFO - [2026-06-08T12:18:21.211+0000] {dagbag.py:545} INFO - Filling up the DagBag from /home/airflow/.local/lib/python3.12/site-packages/airflow/example_dags/example_branch_day_of_week_operator.py
[2026-06-08T12:18:21.219+0000] {processor.py:840} INFO - DAG(s) 'example_weekday_branch_operator' retrieved from /home/airflow/.local/lib/python3.12/site-packages/airflow/example_dags/example_branch_day_of_week_operator.py
[2026-06-08T12:18:21.362+0000] {logging_mixin.py:188} INFO - [2026-06-08T12:18:21.362+0000] {dag.py:3096} INFO - Sync 1 DAGs
[2026-06-08T12:18:21.376+0000] {logging_mixin.py:188} INFO - [2026-06-08T12:18:21.376+0000] {dag.py:3954} INFO - Setting next_dagrun for example_weekday_branch_operator to 2026-06-07 00:00:00+00:00, run_after=2026-06-08 00:00:00+00:00
[2026-06-08T12:18:21.391+0000] {processor.py:183} INFO - Processing /home/airflow/.local/lib/python3.12/site-packages/airflow/example_dags/example_branch_day_of_week_operator.py took 0.188 seconds
[2026-06-08T12:18:51.981+0000] {processor.py:161} INFO - Started process (PID=167) to work on /home/airflow/.local/lib/python3.12/site-packages/airflow/example_dags/example_branch_day_of_week_operator.py
[2026-06-08T12:18:51.982+0000] {processor.py:830} INFO - Processing file /home/airflow/.local/lib/python3.12/site-packages/airflow/example_dags/example_branch_day_of_week_operator.py for tasks to queue
[2026-06-08T12:18:51.984+0000] {logging_mixin.py:188} INFO - [2026-06-08T12:18:51.984+0000] {dagbag.py:545} INFO - Filling up the DagBag from /home/airflow/.local/lib/python3.12/site-packages/airflow/example_dags/example_branch_day_of_week_operator.py
[2026-06-08T12:18:51.989+0000] {processor.py:840} INFO - DAG(s) 'example_weekday_branch_operator' retrieved from /home/airflow/.local/lib/python3.12/site-packages/airflow/example_dags/example_branch_day_of_week_operator.py
[2026-06-08T12:18:52.006+0000] {logging_mixin.py:188} INFO - [2026-06-08T12:18:52.006+0000] {dag.py:3096} INFO - Sync 1 DAGs
[2026-06-08T12:18:52.022+0000] {logging_mixin.py:188} INFO - [2026-06-08T12:18:52.022+0000] {dag.py:3954} INFO - Setting next_dagrun for example_weekday_branch_operator to 2026-06-07 00:00:00+00:00, run_after=2026-06-08 00:00:00+00:00
[2026-06-08T12:18:52.041+0000] {processor.py:183} INFO - Processing /home/airflow/.local/lib/python3.12/site-packages/airflow/example_dags/example_branch_day_of_week_operator.py took 0.064 seconds
[2026-06-08T12:19:22.428+0000] {processor.py:161} INFO - Started process (PID=231) to work on /home/airflow/.local/lib/python3.12/site-packages/airflow/example_dags/example_branch_day_of_week_operator.py
[2026-06-08T12:19:22.429+0000] {processor.py:830} INFO - Processing file /home/airflow/.local/lib/python3.12/site-packages/airflow/example_dags/example_branch_day_of_week_operator.py for tasks to queue
[2026-06-08T12:19:22.431+0000] {logging_mixin.py:188} INFO - [2026-06-08T12:19:22.431+0000] {dagbag.py:545} INFO - Filling up the DagBag from /home/airflow/.local/lib/python3.12/site-packages/airflow/example_dags/example_branch_day_of_week_operator.py
[2026-06-08T12:19:22.437+0000] {processor.py:840} INFO - DAG(s) 'example_weekday_branch_operator' retrieved from /home/airflow/.local/lib/python3.12/site-packages/airflow/example_dags/example_branch_day_of_week_operator.py
[2026-06-08T12:19:22.455+0000] {logging_mixin.py:188} INFO - [2026-06-08T12:19:22.455+0000] {dag.py:3096} INFO - Sync 1 DAGs
[2026-06-08T12:19:22.470+0000] {logging_mixin.py:188} INFO - [2026-06-08T12:19:22.470+0000] {dag.py:3954} INFO - Setting next_dagrun for example_weekday_branch_operator to 2026-06-07 00:00:00+00:00, run_after=2026-06-08 00:00:00+00:00
[2026-06-08T12:19:22.484+0000] {processor.py:183} INFO - Processing /home/airflow/.local/lib/python3.12/site-packages/airflow/example_dags/example_branch_day_of_week_operator.py took 0.063 seconds
[2026-06-08T12:19:52.921+0000] {processor.py:161} INFO - Started process (PID=289) to work on /home/airflow/.local/lib/python3.12/site-packages/airflow/example_dags/example_branch_day_of_week_operator.py
[2026-06-08T12:19:52.921+0000] {processor.py:830} INFO - Processing file /home/airflow/.local/lib/python3.12/site-packages/airflow/example_dags/example_branch_day_of_week_operator.py for tasks to queue
[2026-06-08T12:19:52.923+0000] {logging_mixin.py:188} INFO - [2026-06-08T12:19:52.922+0000] {dagbag.py:545} INFO - Filling up the DagBag from /home/airflow/.local/lib/python3.12/site-packages/airflow/example_dags/example_branch_day_of_week_operator.py
[2026-06-08T12:19:52.927+0000] {processor.py:840} INFO - DAG(s) 'example_weekday_branch_operator' retrieved from /home/airflow/.local/lib/python3.12/site-packages/airflow/example_dags/example_branch_day_of_week_operator.py
[2026-06-08T12:19:52.945+0000] {logging_mixin.py:188} INFO - [2026-06-08T12:19:52.945+0000] {dag.py:3096} INFO - Sync 1 DAGs
[2026-06-08T12:19:52.962+0000] {logging_mixin.py:188} INFO - [2026-06-08T12:19:52.962+0000] {dag.py:3954} INFO - Setting next_dagrun for example_weekday_branch_operator to 2026-06-07 00:00:00+00:00, run_after=2026-06-08 00:00:00+00:00
[2026-06-08T12:19:52.995+0000] {processor.py:183} INFO - Processing /home/airflow/.local/lib/python3.12/site-packages/airflow/example_dags/example_branch_day_of_week_operator.py took 0.078 seconds
[2026-06-08T12:20:23.227+0000] {processor.py:161} INFO - Started process (PID=347) to work on /home/airflow/.local/lib/python3.12/site-packages/airflow/example_dags/example_branch_day_of_week_operator.py
[2026-06-08T12:20:23.237+0000] {processor.py:830} INFO - Processing file /home/airflow/.local/lib/python3.12/site-packages/airflow/example_dags/example_branch_day_of_week_operator.py for tasks to queue
[2026-06-08T12:20:23.239+0000] {logging_mixin.py:188} INFO - [2026-06-08T12:20:23.238+0000] {dagbag.py:545} INFO - Filling up the DagBag from /home/airflow/.local/lib/python3.12/site-packages/airflow/example_dags/example_branch_day_of_week_operator.py
[2026-06-08T12:20:23.244+0000] {processor.py:840} INFO - DAG(s) 'example_weekday_branch_operator' retrieved from /home/airflow/.local/lib/python3.12/site-packages/airflow/example_dags/example_branch_day_of_week_operator.py
[2026-06-08T12:20:23.263+0000] {logging_mixin.py:188} INFO - [2026-06-08T12:20:23.263+0000] {dag.py:3096} INFO - Sync 1 DAGs
[2026-06-08T12:20:23.285+0000] {logging_mixin.py:188} INFO - [2026-06-08T12:20:23.285+0000] {dag.py:3954} INFO - Setting next_dagrun for example_weekday_branch_operator to 2026-06-07 00:00:00+00:00, run_after=2026-06-08 00:00:00+00:00
[2026-06-08T12:20:23.298+0000] {processor.py:183} INFO - Processing /home/airflow/.local/lib/python3.12/site-packages/airflow/example_dags/example_branch_day_of_week_operator.py took 0.078 seconds
[2026-06-08T12:20:53.854+0000] {processor.py:161} INFO - Started process (PID=405) to work on /home/airflow/.local/lib/python3.12/site-packages/airflow/example_dags/example_branch_day_of_week_operator.py
[2026-06-08T12:20:53.855+0000] {processor.py:830} INFO - Processing file /home/airflow/.local/lib/python3.12/site-packages/airflow/example_dags/example_branch_day_of_week_operator.py for tasks to queue
[2026-06-08T12:20:53.857+0000] {logging_mixin.py:188} INFO - [2026-06-08T12:20:53.856+0000] {dagbag.py:545} INFO - Filling up the DagBag from /home/airflow/.local/lib/python3.12/site-packages/airflow/example_dags/example_branch_day_of_week_operator.py
[2026-06-08T12:20:53.862+0000] {processor.py:840} INFO - DAG(s) 'example_weekday_branch_operator' retrieved from /home/airflow/.local/lib/python3.12/site-packages/airflow/example_dags/example_branch_day_of_week_operator.py
[2026-06-08T12:20:53.878+0000] {logging_mixin.py:188} INFO - [2026-06-08T12:20:53.878+0000] {dag.py:3096} INFO - Sync 1 DAGs
[2026-06-08T12:20:53.894+0000] {logging_mixin.py:188} INFO - [2026-06-08T12:20:53.894+0000] {dag.py:3954} INFO - Setting next_dagrun for example_weekday_branch_operator to 2026-06-07 00:00:00+00:00, run_after=2026-06-08 00:00:00+00:00
[2026-06-08T12:20:53.906+0000] {processor.py:183} INFO - Processing /home/airflow/.local/lib/python3.12/site-packages/airflow/example_dags/example_branch_day_of_week_operator.py took 0.060 seconds
[2026-06-08T12:21:24.173+0000] {processor.py:161} INFO - Started process (PID=463) to work on /home/airflow/.local/lib/python3.12/site-packages/airflow/example_dags/example_branch_day_of_week_operator.py
[2026-06-08T12:21:24.184+0000] {processor.py:830} INFO - Processing file /home/airflow/.local/lib/python3.12/site-packages/airflow/example_dags/example_branch_day_of_week_operator.py for tasks to queue
[2026-06-08T12:21:24.185+0000] {logging_mixin.py:188} INFO - [2026-06-08T12:21:24.185+0000] {dagbag.py:545} INFO - Filling up the DagBag from /home/airflow/.local/lib/python3.12/site-packages/airflow/example_dags/example_branch_day_of_week_operator.py
[2026-06-08T12:21:24.194+0000] {processor.py:840} INFO - DAG(s) 'example_weekday_branch_operator' retrieved from /home/airflow/.local/lib/python3.12/site-packages/airflow/example_dags/example_branch_day_of_week_operator.py
[2026-06-08T12:21:24.215+0000] {logging_mixin.py:188} INFO - [2026-06-08T12:21:24.215+0000] {dag.py:3096} INFO - Sync 1 DAGs
[2026-06-08T12:21:24.234+0000] {logging_mixin.py:188} INFO - [2026-06-08T12:21:24.234+0000] {dag.py:3954} INFO - Setting next_dagrun for example_weekday_branch_operator to 2026-06-07 00:00:00+00:00, run_after=2026-06-08 00:00:00+00:00
[2026-06-08T12:21:24.254+0000] {processor.py:183} INFO - Processing /home/airflow/.local/lib/python3.12/site-packages/airflow/example_dags/example_branch_day_of_week_operator.py took 0.087 seconds
[2026-06-08T12:21:54.717+0000] {processor.py:161} INFO - Started process (PID=543) to work on /home/airflow/.local/lib/python3.12/site-packages/airflow/example_dags/example_branch_day_of_week_operator.py
[2026-06-08T12:21:54.718+0000] {processor.py:830} INFO - Processing file /home/airflow/.local/lib/python3.12/site-packages/airflow/example_dags/example_branch_day_of_week_operator.py for tasks to queue
[2026-06-08T12:21:54.720+0000] {logging_mixin.py:188} INFO - [2026-06-08T12:21:54.720+0000] {dagbag.py:545} INFO - Filling up the DagBag from /home/airflow/.local/lib/python3.12/site-packages/airflow/example_dags/example_branch_day_of_week_operator.py
[2026-06-08T12:21:54.725+0000] {processor.py:840} INFO - DAG(s) 'example_weekday_branch_operator' retrieved from /home/airflow/.local/lib/python3.12/site-packages/airflow/example_dags/example_branch_day_of_week_operator.py
[2026-06-08T12:21:54.739+0000] {logging_mixin.py:188} INFO - [2026-06-08T12:21:54.739+0000] {dag.py:3096} INFO - Sync 1 DAGs
[2026-06-08T12:21:54.762+0000] {logging_mixin.py:188} INFO - [2026-06-08T12:21:54.762+0000] {dag.py:3954} INFO - Setting next_dagrun for example_weekday_branch_operator to 2026-06-07 00:00:00+00:00, run_after=2026-06-08 00:00:00+00:00
[2026-06-08T12:21:54.785+0000] {processor.py:183} INFO - Processing /home/airflow/.local/lib/python3.12/site-packages/airflow/example_dags/example_branch_day_of_week_operator.py took 0.074 seconds
[2026-06-08T12:22:25.375+0000] {processor.py:161} INFO - Started process (PID=601) to work on /home/airflow/.local/lib/python3.12/site-packages/airflow/example_dags/example_branch_day_of_week_operator.py
[2026-06-08T12:22:25.378+0000] {processor.py:830} INFO - Processing file /home/airflow/.local/lib/python3.12/site-packages/airflow/example_dags/example_branch_day_of_week_operator.py for tasks to queue
[2026-06-08T12:22:25.380+0000] {logging_mixin.py:188} INFO - [2026-06-08T12:22:25.380+0000] {dagbag.py:545} INFO - Filling up the DagBag from /home/airflow/.local/lib/python3.12/site-packages/airflow/example_dags/example_branch_day_of_week_operator.py
[2026-06-08T12:22:25.389+0000] {processor.py:840} INFO - DAG(s) 'example_weekday_branch_operator' retrieved from /home/airflow/.local/lib/python3.12/site-packages/airflow/example_dags/example_branch_day_of_week_operator.py
[2026-06-08T12:22:25.414+0000] {logging_mixin.py:188} INFO - [2026-06-08T12:22:25.414+0000] {dag.py:3096} INFO - Sync 1 DAGs
[2026-06-08T12:22:25.430+0000] {logging_mixin.py:188} INFO - [2026-06-08T12:22:25.430+0000] {dag.py:3954} INFO - Setting next_dagrun for example_weekday_branch_operator to 2026-06-07 00:00:00+00:00, run_after=2026-06-08 00:00:00+00:00
[2026-06-08T12:22:25.444+0000] {processor.py:183} INFO - Processing /home/airflow/.local/lib/python3.12/site-packages/airflow/example_dags/example_branch_day_of_week_operator.py took 0.078 seconds
[2026-06-08T12:22:55.500+0000] {processor.py:161} INFO - Started process (PID=682) to work on /home/airflow/.local/lib/python3.12/site-packages/airflow/example_dags/example_branch_day_of_week_operator.py
[2026-06-08T12:22:55.501+0000] {processor.py:830} INFO - Processing file /home/airflow/.local/lib/python3.12/site-packages/airflow/example_dags/example_branch_day_of_week_operator.py for tasks to queue
[2026-06-08T12:22:55.503+0000] {logging_mixin.py:188} INFO - [2026-06-08T12:22:55.503+0000] {dagbag.py:545} INFO - Filling up the DagBag from /home/airflow/.local/lib/python3.12/site-packages/airflow/example_dags/example_branch_day_of_week_operator.py
[2026-06-08T12:22:55.511+0000] {processor.py:840} INFO - DAG(s) 'example_weekday_branch_operator' retrieved from /home/airflow/.local/lib/python3.12/site-packages/airflow/example_dags/example_branch_day_of_week_operator.py
[2026-06-08T12:22:55.520+0000] {logging_mixin.py:188} INFO - [2026-06-08T12:22:55.519+0000] {dag.py:3096} INFO - Sync 1 DAGs
[2026-06-08T12:22:55.541+0000] {logging_mixin.py:188} INFO - [2026-06-08T12:22:55.541+0000] {dag.py:3954} INFO - Setting next_dagrun for example_weekday_branch_operator to 2026-06-07 00:00:00+00:00, run_after=2026-06-08 00:00:00+00:00
[2026-06-08T12:22:55.554+0000] {processor.py:183} INFO - Processing /home/airflow/.local/lib/python3.12/site-packages/airflow/example_dags/example_branch_day_of_week_operator.py took 0.064 seconds
[2026-06-08T12:23:26.035+0000] {processor.py:161} INFO - Started process (PID=762) to work on /home/airflow/.local/lib/python3.12/site-packages/airflow/example_dags/example_branch_day_of_week_operator.py
[2026-06-08T12:23:26.045+0000] {processor.py:830} INFO - Processing file /home/airflow/.local/lib/python3.12/site-packages/airflow/example_dags/example_branch_day_of_week_operator.py for tasks to queue
[2026-06-08T12:23:26.048+0000] {logging_mixin.py:188} INFO - [2026-06-08T12:23:26.047+0000] {dagbag.py:545} INFO - Filling up the DagBag from /home/airflow/.local/lib/python3.12/site-packages/airflow/example_dags/example_branch_day_of_week_operator.py
[2026-06-08T12:23:26.056+0000] {processor.py:840} INFO - DAG(s) 'example_weekday_branch_operator' retrieved from /home/airflow/.local/lib/python3.12/site-packages/airflow/example_dags/example_branch_day_of_week_operator.py
[2026-06-08T12:23:26.132+0000] {logging_mixin.py:188} INFO - [2026-06-08T12:23:26.132+0000] {dag.py:3096} INFO - Sync 1 DAGs
[2026-06-08T12:23:26.145+0000] {logging_mixin.py:188} INFO - [2026-06-08T12:23:26.145+0000] {dag.py:3954} INFO - Setting next_dagrun for example_weekday_branch_operator to 2026-06-07 00:00:00+00:00, run_after=2026-06-08 00:00:00+00:00
[2026-06-08T12:23:26.173+0000] {processor.py:183} INFO - Processing /home/airflow/.local/lib/python3.12/site-packages/airflow/example_dags/example_branch_day_of_week_operator.py took 0.147 seconds
[2026-06-08T12:23:57.136+0000] {processor.py:161} INFO - Started process (PID=821) to work on /home/airflow/.local/lib/python3.12/site-packages/airflow/example_dags/example_branch_day_of_week_operator.py
[2026-06-08T12:23:57.137+0000] {processor.py:830} INFO - Processing file /home/airflow/.local/lib/python3.12/site-packages/airflow/example_dags/example_branch_day_of_week_operator.py for tasks to queue
[2026-06-08T12:23:57.138+0000] {logging_mixin.py:188} INFO - [2026-06-08T12:23:57.138+0000] {dagbag.py:545} INFO - Filling up the DagBag from /home/airflow/.local/lib/python3.12/site-packages/airflow/example_dags/example_branch_day_of_week_operator.py
[2026-06-08T12:23:57.143+0000] {processor.py:840} INFO - DAG(s) 'example_weekday_branch_operator' retrieved from /home/airflow/.local/lib/python3.12/site-packages/airflow/example_dags/example_branch_day_of_week_operator.py
[2026-06-08T12:23:57.157+0000] {logging_mixin.py:188} INFO - [2026-06-08T12:23:57.157+0000] {dag.py:3096} INFO - Sync 1 DAGs
[2026-06-08T12:23:57.171+0000] {logging_mixin.py:188} INFO - [2026-06-08T12:23:57.171+0000] {dag.py:3954} INFO - Setting next_dagrun for example_weekday_branch_operator to 2026-06-07 00:00:00+00:00, run_after=2026-06-08 00:00:00+00:00
[2026-06-08T12:23:57.196+0000] {processor.py:183} INFO - Processing /home/airflow/.local/lib/python3.12/site-packages/airflow/example_dags/example_branch_day_of_week_operator.py took 0.066 seconds
[2026-06-08T12:24:27.648+0000] {processor.py:161} INFO - Started process (PID=880) to work on /home/airflow/.local/lib/python3.12/site-packages/airflow/example_dags/example_branch_day_of_week_operator.py
[2026-06-08T12:24:27.659+0000] {processor.py:830} INFO - Processing file /home/airflow/.local/lib/python3.12/site-packages/airflow/example_dags/example_branch_day_of_week_operator.py for tasks to queue
[2026-06-08T12:24:27.660+0000] {logging_mixin.py:188} INFO - [2026-06-08T12:24:27.660+0000] {dagbag.py:545} INFO - Filling up the DagBag from /home/airflow/.local/lib/python3.12/site-packages/airflow/example_dags/example_branch_day_of_week_operator.py
[2026-06-08T12:24:27.665+0000] {processor.py:840} INFO - DAG(s) 'example_weekday_branch_operator' retrieved from /home/airflow/.local/lib/python3.12/site-packages/airflow/example_dags/example_branch_day_of_week_operator.py
[2026-06-08T12:24:27.686+0000] {logging_mixin.py:188} INFO - [2026-06-08T12:24:27.686+0000] {dag.py:3096} INFO - Sync 1 DAGs
[2026-06-08T12:24:27.727+0000] {logging_mixin.py:188} INFO - [2026-06-08T12:24:27.727+0000] {dag.py:3954} INFO - Setting next_dagrun for example_weekday_branch_operator to 2026-06-07 00:00:00+00:00, run_after=2026-06-08 00:00:00+00:00
[2026-06-08T12:24:27.745+0000] {processor.py:183} INFO - Processing /home/airflow/.local/lib/python3.12/site-packages/airflow/example_dags/example_branch_day_of_week_operator.py took 0.103 seconds
[2026-06-08T12:24:58.206+0000] {processor.py:161} INFO - Started process (PID=939) to work on /home/airflow/.local/lib/python3.12/site-packages/airflow/example_dags/example_branch_day_of_week_operator.py
[2026-06-08T12:24:58.217+0000] {processor.py:830} INFO - Processing file /home/airflow/.local/lib/python3.12/site-packages/airflow/example_dags/example_branch_day_of_week_operator.py for tasks to queue
[2026-06-08T12:24:58.218+0000] {logging_mixin.py:188} INFO - [2026-06-08T12:24:58.218+0000] {dagbag.py:545} INFO - Filling up the DagBag from /home/airflow/.local/lib/python3.12/site-packages/airflow/example_dags/example_branch_day_of_week_operator.py
[2026-06-08T12:24:58.225+0000] {processor.py:840} INFO - DAG(s) 'example_weekday_branch_operator' retrieved from /home/airflow/.local/lib/python3.12/site-packages/airflow/example_dags/example_branch_day_of_week_operator.py
[2026-06-08T12:24:58.249+0000] {logging_mixin.py:188} INFO - [2026-06-08T12:24:58.249+0000] {dag.py:3096} INFO - Sync 1 DAGs
[2026-06-08T12:24:58.272+0000] {logging_mixin.py:188} INFO - [2026-06-08T12:24:58.271+0000] {dag.py:3954} INFO - Setting next_dagrun for example_weekday_branch_operator to 2026-06-07 00:00:00+00:00, run_after=2026-06-08 00:00:00+00:00
[2026-06-08T12:24:58.286+0000] {processor.py:183} INFO - Processing /home/airflow/.local/lib/python3.12/site-packages/airflow/example_dags/example_branch_day_of_week_operator.py took 0.089 seconds
[2026-06-08T12:25:28.859+0000] {processor.py:161} INFO - Started process (PID=999) to work on /home/airflow/.local/lib/python3.12/site-packages/airflow/example_dags/example_branch_day_of_week_operator.py
[2026-06-08T12:25:28.859+0000] {processor.py:830} INFO - Processing file /home/airflow/.local/lib/python3.12/site-packages/airflow/example_dags/example_branch_day_of_week_operator.py for tasks to queue
[2026-06-08T12:25:28.860+0000] {logging_mixin.py:188} INFO - [2026-06-08T12:25:28.860+0000] {dagbag.py:545} INFO - Filling up the DagBag from /home/airflow/.local/lib/python3.12/site-packages/airflow/example_dags/example_branch_day_of_week_operator.py
[2026-06-08T12:25:28.865+0000] {processor.py:840} INFO - DAG(s) 'example_weekday_branch_operator' retrieved from /home/airflow/.local/lib/python3.12/site-packages/airflow/example_dags/example_branch_day_of_week_operator.py
[2026-06-08T12:25:28.883+0000] {logging_mixin.py:188} INFO - [2026-06-08T12:25:28.883+0000] {dag.py:3096} INFO - Sync 1 DAGs
[2026-06-08T12:25:28.898+0000] {logging_mixin.py:188} INFO - [2026-06-08T12:25:28.898+0000] {dag.py:3954} INFO - Setting next_dagrun for example_weekday_branch_operator to 2026-06-07 00:00:00+00:00, run_after=2026-06-08 00:00:00+00:00
[2026-06-08T12:25:28.909+0000] {processor.py:183} INFO - Processing /home/airflow/.local/lib/python3.12/site-packages/airflow/example_dags/example_branch_day_of_week_operator.py took 0.054 seconds
[2026-06-08T12:25:59.165+0000] {processor.py:161} INFO - Started process (PID=1058) to work on /home/airflow/.local/lib/python3.12/site-packages/airflow/example_dags/example_branch_day_of_week_operator.py
[2026-06-08T12:25:59.176+0000] {processor.py:830} INFO - Processing file /home/airflow/.local/lib/python3.12/site-packages/airflow/example_dags/example_branch_day_of_week_operator.py for tasks to queue
[2026-06-08T12:25:59.178+0000] {logging_mixin.py:188} INFO - [2026-06-08T12:25:59.178+0000] {dagbag.py:545} INFO - Filling up the DagBag from /home/airflow/.local/lib/python3.12/site-packages/airflow/example_dags/example_branch_day_of_week_operator.py
[2026-06-08T12:25:59.186+0000] {processor.py:840} INFO - DAG(s) 'example_weekday_branch_operator' retrieved from /home/airflow/.local/lib/python3.12/site-packages/airflow/example_dags/example_branch_day_of_week_operator.py
[2026-06-08T12:25:59.201+0000] {logging_mixin.py:188} INFO - [2026-06-08T12:25:59.200+0000] {dag.py:3096} INFO - Sync 1 DAGs
[2026-06-08T12:25:59.217+0000] {logging_mixin.py:188} INFO - [2026-06-08T12:25:59.217+0000] {dag.py:3954} INFO - Setting next_dagrun for example_weekday_branch_operator to 2026-06-07 00:00:00+00:00, run_after=2026-06-08 00:00:00+00:00
[2026-06-08T12:25:59.234+0000] {processor.py:183} INFO - Processing /home/airflow/.local/lib/python3.12/site-packages/airflow/example_dags/example_branch_day_of_week_operator.py took 0.076 seconds
[2026-06-08T12:26:29.549+0000] {processor.py:161} INFO - Started process (PID=1117) to work on /home/airflow/.local/lib/python3.12/site-packages/airflow/example_dags/example_branch_day_of_week_operator.py
[2026-06-08T12:26:29.561+0000] {processor.py:830} INFO - Processing file /home/airflow/.local/lib/python3.12/site-packages/airflow/example_dags/example_branch_day_of_week_operator.py for tasks to queue
[2026-06-08T12:26:29.562+0000] {logging_mixin.py:188} INFO - [2026-06-08T12:26:29.562+0000] {dagbag.py:545} INFO - Filling up the DagBag from /home/airflow/.local/lib/python3.12/site-packages/airflow/example_dags/example_branch_day_of_week_operator.py
[2026-06-08T12:26:29.570+0000] {processor.py:840} INFO - DAG(s) 'example_weekday_branch_operator' retrieved from /home/airflow/.local/lib/python3.12/site-packages/airflow/example_dags/example_branch_day_of_week_operator.py
[2026-06-08T12:26:29.589+0000] {logging_mixin.py:188} INFO - [2026-06-08T12:26:29.589+0000] {dag.py:3096} INFO - Sync 1 DAGs
[2026-06-08T12:26:29.610+0000] {logging_mixin.py:188} INFO - [2026-06-08T12:26:29.610+0000] {dag.py:3954} INFO - Setting next_dagrun for example_weekday_branch_operator to 2026-06-07 00:00:00+00:00, run_after=2026-06-08 00:00:00+00:00
[2026-06-08T12:26:29.632+0000] {processor.py:183} INFO - Processing /home/airflow/.local/lib/python3.12/site-packages/airflow/example_dags/example_branch_day_of_week_operator.py took 0.090 seconds
[2026-06-08T12:27:00.154+0000] {processor.py:161} INFO - Started process (PID=1176) to work on /home/airflow/.local/lib/python3.12/site-packages/airflow/example_dags/example_branch_day_of_week_operator.py
[2026-06-08T12:27:00.164+0000] {processor.py:830} INFO - Processing file /home/airflow/.local/lib/python3.12/site-packages/airflow/example_dags/example_branch_day_of_week_operator.py for tasks to queue
[2026-06-08T12:27:00.166+0000] {logging_mixin.py:188} INFO - [2026-06-08T12:27:00.166+0000] {dagbag.py:545} INFO - Filling up the DagBag from /home/airflow/.local/lib/python3.12/site-packages/airflow/example_dags/example_branch_day_of_week_operator.py
[2026-06-08T12:27:00.175+0000] {processor.py:840} INFO - DAG(s) 'example_weekday_branch_operator' retrieved from /home/airflow/.local/lib/python3.12/site-packages/airflow/example_dags/example_branch_day_of_week_operator.py
[2026-06-08T12:27:00.195+0000] {logging_mixin.py:188} INFO - [2026-06-08T12:27:00.195+0000] {dag.py:3096} INFO - Sync 1 DAGs
[2026-06-08T12:27:00.215+0000] {logging_mixin.py:188} INFO - [2026-06-08T12:27:00.215+0000] {dag.py:3954} INFO - Setting next_dagrun for example_weekday_branch_operator to 2026-06-07 00:00:00+00:00, run_after=2026-06-08 00:00:00+00:00
[2026-06-08T12:27:00.229+0000] {processor.py:183} INFO - Processing /home/airflow/.local/lib/python3.12/site-packages/airflow/example_dags/example_branch_day_of_week_operator.py took 0.084 seconds
[2026-06-08T12:27:30.535+0000] {processor.py:161} INFO - Started process (PID=1235) to work on /home/airflow/.local/lib/python3.12/site-packages/airflow/example_dags/example_branch_day_of_week_operator.py
[2026-06-08T12:27:30.546+0000] {processor.py:830} INFO - Processing file /home/airflow/.local/lib/python3.12/site-packages/airflow/example_dags/example_branch_day_of_week_operator.py for tasks to queue
[2026-06-08T12:27:30.548+0000] {logging_mixin.py:188} INFO - [2026-06-08T12:27:30.547+0000] {dagbag.py:545} INFO - Filling up the DagBag from /home/airflow/.local/lib/python3.12/site-packages/airflow/example_dags/example_branch_day_of_week_operator.py
[2026-06-08T12:27:30.556+0000] {processor.py:840} INFO - DAG(s) 'example_weekday_branch_operator' retrieved from /home/airflow/.local/lib/python3.12/site-packages/airflow/example_dags/example_branch_day_of_week_operator.py
[2026-06-08T12:27:30.574+0000] {logging_mixin.py:188} INFO - [2026-06-08T12:27:30.574+0000] {dag.py:3096} INFO - Sync 1 DAGs
[2026-06-08T12:27:30.590+0000] {logging_mixin.py:188} INFO - [2026-06-08T12:27:30.590+0000] {dag.py:3954} INFO - Setting next_dagrun for example_weekday_branch_operator to 2026-06-07 00:00:00+00:00, run_after=2026-06-08 00:00:00+00:00
[2026-06-08T12:27:30.605+0000] {processor.py:183} INFO - Processing /home/airflow/.local/lib/python3.12/site-packages/airflow/example_dags/example_branch_day_of_week_operator.py took 0.082 seconds
[2026-06-08T12:28:01.107+0000] {processor.py:161} INFO - Started process (PID=1294) to work on /home/airflow/.local/lib/python3.12/site-packages/airflow/example_dags/example_branch_day_of_week_operator.py
[2026-06-08T12:28:01.117+0000] {processor.py:830} INFO - Processing file /home/airflow/.local/lib/python3.12/site-packages/airflow/example_dags/example_branch_day_of_week_operator.py for tasks to queue
[2026-06-08T12:28:01.119+0000] {logging_mixin.py:188} INFO - [2026-06-08T12:28:01.118+0000] {dagbag.py:545} INFO - Filling up the DagBag from /home/airflow/.local/lib/python3.12/site-packages/airflow/example_dags/example_branch_day_of_week_operator.py
[2026-06-08T12:28:01.124+0000] {processor.py:840} INFO - DAG(s) 'example_weekday_branch_operator' retrieved from /home/airflow/.local/lib/python3.12/site-packages/airflow/example_dags/example_branch_day_of_week_operator.py
[2026-06-08T12:28:01.139+0000] {logging_mixin.py:188} INFO - [2026-06-08T12:28:01.139+0000] {dag.py:3096} INFO - Sync 1 DAGs
[2026-06-08T12:28:01.153+0000] {logging_mixin.py:188} INFO - [2026-06-08T12:28:01.153+0000] {dag.py:3954} INFO - Setting next_dagrun for example_weekday_branch_operator to 2026-06-07 00:00:00+00:00, run_after=2026-06-08 00:00:00+00:00
[2026-06-08T12:28:01.166+0000] {processor.py:183} INFO - Processing /home/airflow/.local/lib/python3.12/site-packages/airflow/example_dags/example_branch_day_of_week_operator.py took 0.062 seconds
[2026-06-08T12:28:31.880+0000] {processor.py:161} INFO - Started process (PID=1354) to work on /home/airflow/.local/lib/python3.12/site-packages/airflow/example_dags/example_branch_day_of_week_operator.py
[2026-06-08T12:28:31.881+0000] {processor.py:830} INFO - Processing file /home/airflow/.local/lib/python3.12/site-packages/airflow/example_dags/example_branch_day_of_week_operator.py for tasks to queue
[2026-06-08T12:28:31.883+0000] {logging_mixin.py:188} INFO - [2026-06-08T12:28:31.883+0000] {dagbag.py:545} INFO - Filling up the DagBag from /home/airflow/.local/lib/python3.12/site-packages/airflow/example_dags/example_branch_day_of_week_operator.py
[2026-06-08T12:28:31.890+0000] {processor.py:840} INFO - DAG(s) 'example_weekday_branch_operator' retrieved from /home/airflow/.local/lib/python3.12/site-packages/airflow/example_dags/example_branch_day_of_week_operator.py
[2026-06-08T12:28:31.907+0000] {logging_mixin.py:188} INFO - [2026-06-08T12:28:31.907+0000] {dag.py:3096} INFO - Sync 1 DAGs
[2026-06-08T12:28:31.921+0000] {logging_mixin.py:188} INFO - [2026-06-08T12:28:31.921+0000] {dag.py:3954} INFO - Setting next_dagrun for example_weekday_branch_operator to 2026-06-07 00:00:00+00:00, run_after=2026-06-08 00:00:00+00:00
[2026-06-08T12:28:31.938+0000] {processor.py:183} INFO - Processing /home/airflow/.local/lib/python3.12/site-packages/airflow/example_dags/example_branch_day_of_week_operator.py took 0.066 seconds
[2026-06-08T12:29:02.098+0000] {processor.py:161} INFO - Started process (PID=1413) to work on /home/airflow/.local/lib/python3.12/site-packages/airflow/example_dags/example_branch_day_of_week_operator.py
[2026-06-08T12:29:02.099+0000] {processor.py:830} INFO - Processing file /home/airflow/.local/lib/python3.12/site-packages/airflow/example_dags/example_branch_day_of_week_operator.py for tasks to queue
[2026-06-08T12:29:02.101+0000] {logging_mixin.py:188} INFO - [2026-06-08T12:29:02.101+0000] {dagbag.py:545} INFO - Filling up the DagBag from /home/airflow/.local/lib/python3.12/site-packages/airflow/example_dags/example_branch_day_of_week_operator.py
[2026-06-08T12:29:02.107+0000] {processor.py:840} INFO - DAG(s) 'example_weekday_branch_operator' retrieved from /home/airflow/.local/lib/python3.12/site-packages/airflow/example_dags/example_branch_day_of_week_operator.py
[2026-06-08T12:29:02.127+0000] {logging_mixin.py:188} INFO - [2026-06-08T12:29:02.127+0000] {dag.py:3096} INFO - Sync 1 DAGs
[2026-06-08T12:29:02.147+0000] {logging_mixin.py:188} INFO - [2026-06-08T12:29:02.147+0000] {dag.py:3954} INFO - Setting next_dagrun for example_weekday_branch_operator to 2026-06-07 00:00:00+00:00, run_after=2026-06-08 00:00:00+00:00
[2026-06-08T12:29:02.163+0000] {processor.py:183} INFO - Processing /home/airflow/.local/lib/python3.12/site-packages/airflow/example_dags/example_branch_day_of_week_operator.py took 0.070 seconds
[2026-06-08T12:29:32.457+0000] {processor.py:161} INFO - Started process (PID=1472) to work on /home/airflow/.local/lib/python3.12/site-packages/airflow/example_dags/example_branch_day_of_week_operator.py
[2026-06-08T12:29:32.459+0000] {processor.py:830} INFO - Processing file /home/airflow/.local/lib/python3.12/site-packages/airflow/example_dags/example_branch_day_of_week_operator.py for tasks to queue
[2026-06-08T12:29:32.461+0000] {logging_mixin.py:188} INFO - [2026-06-08T12:29:32.461+0000] {dagbag.py:545} INFO - Filling up the DagBag from /home/airflow/.local/lib/python3.12/site-packages/airflow/example_dags/example_branch_day_of_week_operator.py
[2026-06-08T12:29:32.468+0000] {processor.py:840} INFO - DAG(s) 'example_weekday_branch_operator' retrieved from /home/airflow/.local/lib/python3.12/site-packages/airflow/example_dags/example_branch_day_of_week_operator.py
[2026-06-08T12:29:32.484+0000] {logging_mixin.py:188} INFO - [2026-06-08T12:29:32.484+0000] {dag.py:3096} INFO - Sync 1 DAGs
[2026-06-08T12:29:32.500+0000] {logging_mixin.py:188} INFO - [2026-06-08T12:29:32.500+0000] {dag.py:3954} INFO - Setting next_dagrun for example_weekday_branch_operator to 2026-06-07 00:00:00+00:00, run_after=2026-06-08 00:00:00+00:00
[2026-06-08T12:29:32.523+0000] {processor.py:183} INFO - Processing /home/airflow/.local/lib/python3.12/site-packages/airflow/example_dags/example_branch_day_of_week_operator.py took 0.079 seconds
[2026-06-08T12:30:03.083+0000] {processor.py:161} INFO - Started process (PID=1531) to work on /home/airflow/.local/lib/python3.12/site-packages/airflow/example_dags/example_branch_day_of_week_operator.py
[2026-06-08T12:30:03.093+0000] {processor.py:830} INFO - Processing file /home/airflow/.local/lib/python3.12/site-packages/airflow/example_dags/example_branch_day_of_week_operator.py for tasks to queue
[2026-06-08T12:30:03.095+0000] {logging_mixin.py:188} INFO - [2026-06-08T12:30:03.095+0000] {dagbag.py:545} INFO - Filling up the DagBag from /home/airflow/.local/lib/python3.12/site-packages/airflow/example_dags/example_branch_day_of_week_operator.py
[2026-06-08T12:30:03.104+0000] {processor.py:840} INFO - DAG(s) 'example_weekday_branch_operator' retrieved from /home/airflow/.local/lib/python3.12/site-packages/airflow/example_dags/example_branch_day_of_week_operator.py
[2026-06-08T12:30:03.133+0000] {logging_mixin.py:188} INFO - [2026-06-08T12:30:03.133+0000] {dag.py:3096} INFO - Sync 1 DAGs
[2026-06-08T12:30:03.158+0000] {logging_mixin.py:188} INFO - [2026-06-08T12:30:03.158+0000] {dag.py:3954} INFO - Setting next_dagrun for example_weekday_branch_operator to 2026-06-07 00:00:00+00:00, run_after=2026-06-08 00:00:00+00:00
[2026-06-08T12:30:03.171+0000] {processor.py:183} INFO - Processing /home/airflow/.local/lib/python3.12/site-packages/airflow/example_dags/example_branch_day_of_week_operator.py took 0.097 seconds
[2026-06-08T12:30:33.686+0000] {processor.py:161} INFO - Started process (PID=1590) to work on /home/airflow/.local/lib/python3.12/site-packages/airflow/example_dags/example_branch_day_of_week_operator.py
[2026-06-08T12:30:33.687+0000] {processor.py:830} INFO - Processing file /home/airflow/.local/lib/python3.12/site-packages/airflow/example_dags/example_branch_day_of_week_operator.py for tasks to queue
[2026-06-08T12:30:33.688+0000] {logging_mixin.py:188} INFO - [2026-06-08T12:30:33.688+0000] {dagbag.py:545} INFO - Filling up the DagBag from /home/airflow/.local/lib/python3.12/site-packages/airflow/example_dags/example_branch_day_of_week_operator.py
[2026-06-08T12:30:33.694+0000] {processor.py:840} INFO - DAG(s) 'example_weekday_branch_operator' retrieved from /home/airflow/.local/lib/python3.12/site-packages/airflow/example_dags/example_branch_day_of_week_operator.py
[2026-06-08T12:30:33.708+0000] {logging_mixin.py:188} INFO - [2026-06-08T12:30:33.707+0000] {dag.py:3096} INFO - Sync 1 DAGs
[2026-06-08T12:30:33.727+0000] {logging_mixin.py:188} INFO - [2026-06-08T12:30:33.727+0000] {dag.py:3954} INFO - Setting next_dagrun for example_weekday_branch_operator to 2026-06-07 00:00:00+00:00, run_after=2026-06-08 00:00:00+00:00
[2026-06-08T12:30:33.740+0000] {processor.py:183} INFO - Processing /home/airflow/.local/lib/python3.12/site-packages/airflow/example_dags/example_branch_day_of_week_operator.py took 0.063 seconds
[2026-06-08T12:31:04.342+0000] {processor.py:161} INFO - Started process (PID=1649) to work on /home/airflow/.local/lib/python3.12/site-packages/airflow/example_dags/example_branch_day_of_week_operator.py
[2026-06-08T12:31:04.353+0000] {processor.py:830} INFO - Processing file /home/airflow/.local/lib/python3.12/site-packages/airflow/example_dags/example_branch_day_of_week_operator.py for tasks to queue
[2026-06-08T12:31:04.355+0000] {logging_mixin.py:188} INFO - [2026-06-08T12:31:04.354+0000] {dagbag.py:545} INFO - Filling up the DagBag from /home/airflow/.local/lib/python3.12/site-packages/airflow/example_dags/example_branch_day_of_week_operator.py
[2026-06-08T12:31:04.362+0000] {processor.py:840} INFO - DAG(s) 'example_weekday_branch_operator' retrieved from /home/airflow/.local/lib/python3.12/site-packages/airflow/example_dags/example_branch_day_of_week_operator.py
[2026-06-08T12:31:04.375+0000] {logging_mixin.py:188} INFO - [2026-06-08T12:31:04.375+0000] {dag.py:3096} INFO - Sync 1 DAGs
[2026-06-08T12:31:04.390+0000] {logging_mixin.py:188} INFO - [2026-06-08T12:31:04.390+0000] {dag.py:3954} INFO - Setting next_dagrun for example_weekday_branch_operator to 2026-06-07 00:00:00+00:00, run_after=2026-06-08 00:00:00+00:00
[2026-06-08T12:31:04.402+0000] {processor.py:183} INFO - Processing /home/airflow/.local/lib/python3.12/site-packages/airflow/example_dags/example_branch_day_of_week_operator.py took 0.069 seconds
[2026-06-08T12:31:34.775+0000] {processor.py:161} INFO - Started process (PID=1708) to work on /home/airflow/.local/lib/python3.12/site-packages/airflow/example_dags/example_branch_day_of_week_operator.py
[2026-06-08T12:31:34.775+0000] {processor.py:830} INFO - Processing file /home/airflow/.local/lib/python3.12/site-packages/airflow/example_dags/example_branch_day_of_week_operator.py for tasks to queue
[2026-06-08T12:31:34.777+0000] {logging_mixin.py:188} INFO - [2026-06-08T12:31:34.777+0000] {dagbag.py:545} INFO - Filling up the DagBag from /home/airflow/.local/lib/python3.12/site-packages/airflow/example_dags/example_branch_day_of_week_operator.py
[2026-06-08T12:31:34.784+0000] {processor.py:840} INFO - DAG(s) 'example_weekday_branch_operator' retrieved from /home/airflow/.local/lib/python3.12/site-packages/airflow/example_dags/example_branch_day_of_week_operator.py
[2026-06-08T12:31:34.808+0000] {logging_mixin.py:188} INFO - [2026-06-08T12:31:34.808+0000] {dag.py:3096} INFO - Sync 1 DAGs
[2026-06-08T12:31:34.827+0000] {logging_mixin.py:188} INFO - [2026-06-08T12:31:34.827+0000] {dag.py:3954} INFO - Setting next_dagrun for example_weekday_branch_operator to 2026-06-07 00:00:00+00:00, run_after=2026-06-08 00:00:00+00:00
[2026-06-08T12:31:34.855+0000] {processor.py:183} INFO - Processing /home/airflow/.local/lib/python3.12/site-packages/airflow/example_dags/example_branch_day_of_week_operator.py took 0.087 seconds
[2026-06-08T12:32:05.087+0000] {processor.py:161} INFO - Started process (PID=1767) to work on /home/airflow/.local/lib/python3.12/site-packages/airflow/example_dags/example_branch_day_of_week_operator.py
[2026-06-08T12:32:05.098+0000] {processor.py:830} INFO - Processing file /home/airflow/.local/lib/python3.12/site-packages/airflow/example_dags/example_branch_day_of_week_operator.py for tasks to queue
[2026-06-08T12:32:05.100+0000] {logging_mixin.py:188} INFO - [2026-06-08T12:32:05.100+0000] {dagbag.py:545} INFO - Filling up the DagBag from /home/airflow/.local/lib/python3.12/site-packages/airflow/example_dags/example_branch_day_of_week_operator.py
[2026-06-08T12:32:05.109+0000] {processor.py:840} INFO - DAG(s) 'example_weekday_branch_operator' retrieved from /home/airflow/.local/lib/python3.12/site-packages/airflow/example_dags/example_branch_day_of_week_operator.py
[2026-06-08T12:32:05.132+0000] {logging_mixin.py:188} INFO - [2026-06-08T12:32:05.132+0000] {dag.py:3096} INFO - Sync 1 DAGs
[2026-06-08T12:32:05.145+0000] {logging_mixin.py:188} INFO - [2026-06-08T12:32:05.145+0000] {dag.py:3954} INFO - Setting next_dagrun for example_weekday_branch_operator to 2026-06-07 00:00:00+00:00, run_after=2026-06-08 00:00:00+00:00
[2026-06-08T12:32:05.158+0000] {processor.py:183} INFO - Processing /home/airflow/.local/lib/python3.12/site-packages/airflow/example_dags/example_branch_day_of_week_operator.py took 0.077 seconds
[2026-06-08T12:32:35.749+0000] {processor.py:161} INFO - Started process (PID=1826) to work on /home/airflow/.local/lib/python3.12/site-packages/airflow/example_dags/example_branch_day_of_week_operator.py
[2026-06-08T12:32:35.750+0000] {processor.py:830} INFO - Processing file /home/airflow/.local/lib/python3.12/site-packages/airflow/example_dags/example_branch_day_of_week_operator.py for tasks to queue
[2026-06-08T12:32:35.752+0000] {logging_mixin.py:188} INFO - [2026-06-08T12:32:35.752+0000] {dagbag.py:545} INFO - Filling up the DagBag from /home/airflow/.local/lib/python3.12/site-packages/airflow/example_dags/example_branch_day_of_week_operator.py
[2026-06-08T12:32:35.760+0000] {processor.py:840} INFO - DAG(s) 'example_weekday_branch_operator' retrieved from /home/airflow/.local/lib/python3.12/site-packages/airflow/example_dags/example_branch_day_of_week_operator.py
[2026-06-08T12:32:35.784+0000] {logging_mixin.py:188} INFO - [2026-06-08T12:32:35.784+0000] {dag.py:3096} INFO - Sync 1 DAGs
[2026-06-08T12:32:35.799+0000] {logging_mixin.py:188} INFO - [2026-06-08T12:32:35.799+0000] {dag.py:3954} INFO - Setting next_dagrun for example_weekday_branch_operator to 2026-06-07 00:00:00+00:00, run_after=2026-06-08 00:00:00+00:00
[2026-06-08T12:32:35.818+0000] {processor.py:183} INFO - Processing /home/airflow/.local/lib/python3.12/site-packages/airflow/example_dags/example_branch_day_of_week_operator.py took 0.077 seconds
[2026-06-08T12:33:05.861+0000] {processor.py:161} INFO - Started process (PID=1885) to work on /home/airflow/.local/lib/python3.12/site-packages/airflow/example_dags/example_branch_day_of_week_operator.py
[2026-06-08T12:33:05.871+0000] {processor.py:830} INFO - Processing file /home/airflow/.local/lib/python3.12/site-packages/airflow/example_dags/example_branch_day_of_week_operator.py for tasks to queue
[2026-06-08T12:33:05.873+0000] {logging_mixin.py:188} INFO - [2026-06-08T12:33:05.873+0000] {dagbag.py:545} INFO - Filling up the DagBag from /home/airflow/.local/lib/python3.12/site-packages/airflow/example_dags/example_branch_day_of_week_operator.py
[2026-06-08T12:33:05.879+0000] {processor.py:840} INFO - DAG(s) 'example_weekday_branch_operator' retrieved from /home/airflow/.local/lib/python3.12/site-packages/airflow/example_dags/example_branch_day_of_week_operator.py
[2026-06-08T12:33:05.904+0000] {logging_mixin.py:188} INFO - [2026-06-08T12:33:05.904+0000] {dag.py:3096} INFO - Sync 1 DAGs
[2026-06-08T12:33:05.934+0000] {logging_mixin.py:188} INFO - [2026-06-08T12:33:05.934+0000] {dag.py:3954} INFO - Setting next_dagrun for example_weekday_branch_operator to 2026-06-07 00:00:00+00:00, run_after=2026-06-08 00:00:00+00:00
[2026-06-08T12:33:05.948+0000] {processor.py:183} INFO - Processing /home/airflow/.local/lib/python3.12/site-packages/airflow/example_dags/example_branch_day_of_week_operator.py took 0.095 seconds
[2026-06-08T12:33:36.208+0000] {processor.py:161} INFO - Started process (PID=1944) to work on /home/airflow/.local/lib/python3.12/site-packages/airflow/example_dags/example_branch_day_of_week_operator.py
[2026-06-08T12:33:36.209+0000] {processor.py:830} INFO - Processing file /home/airflow/.local/lib/python3.12/site-packages/airflow/example_dags/example_branch_day_of_week_operator.py for tasks to queue
[2026-06-08T12:33:36.211+0000] {logging_mixin.py:188} INFO - [2026-06-08T12:33:36.211+0000] {dagbag.py:545} INFO - Filling up the DagBag from /home/airflow/.local/lib/python3.12/site-packages/airflow/example_dags/example_branch_day_of_week_operator.py
[2026-06-08T12:33:36.220+0000] {processor.py:840} INFO - DAG(s) 'example_weekday_branch_operator' retrieved from /home/airflow/.local/lib/python3.12/site-packages/airflow/example_dags/example_branch_day_of_week_operator.py
[2026-06-08T12:33:36.241+0000] {logging_mixin.py:188} INFO - [2026-06-08T12:33:36.241+0000] {dag.py:3096} INFO - Sync 1 DAGs
[2026-06-08T12:33:36.373+0000] {logging_mixin.py:188} INFO - [2026-06-08T12:33:36.372+0000] {dag.py:3954} INFO - Setting next_dagrun for example_weekday_branch_operator to 2026-06-07 00:00:00+00:00, run_after=2026-06-08 00:00:00+00:00
[2026-06-08T12:33:36.401+0000] {processor.py:183} INFO - Processing /home/airflow/.local/lib/python3.12/site-packages/airflow/example_dags/example_branch_day_of_week_operator.py took 0.199 seconds
[2026-06-08T12:34:06.613+0000] {processor.py:161} INFO - Started process (PID=2003) to work on /home/airflow/.local/lib/python3.12/site-packages/airflow/example_dags/example_branch_day_of_week_operator.py
[2026-06-08T12:34:06.623+0000] {processor.py:830} INFO - Processing file /home/airflow/.local/lib/python3.12/site-packages/airflow/example_dags/example_branch_day_of_week_operator.py for tasks to queue
[2026-06-08T12:34:06.625+0000] {logging_mixin.py:188} INFO - [2026-06-08T12:34:06.625+0000] {dagbag.py:545} INFO - Filling up the DagBag from /home/airflow/.local/lib/python3.12/site-packages/airflow/example_dags/example_branch_day_of_week_operator.py
[2026-06-08T12:34:06.634+0000] {processor.py:840} INFO - DAG(s) 'example_weekday_branch_operator' retrieved from /home/airflow/.local/lib/python3.12/site-packages/airflow/example_dags/example_branch_day_of_week_operator.py
[2026-06-08T12:34:06.658+0000] {logging_mixin.py:188} INFO - [2026-06-08T12:34:06.657+0000] {dag.py:3096} INFO - Sync 1 DAGs
[2026-06-08T12:34:06.679+0000] {logging_mixin.py:188} INFO - [2026-06-08T12:34:06.679+0000] {dag.py:3954} INFO - Setting next_dagrun for example_weekday_branch_operator to 2026-06-07 00:00:00+00:00, run_after=2026-06-08 00:00:00+00:00
[2026-06-08T12:34:06.808+0000] {processor.py:183} INFO - Processing /home/airflow/.local/lib/python3.12/site-packages/airflow/example_dags/example_branch_day_of_week_operator.py took 0.203 seconds
[2026-06-08T12:34:36.855+0000] {processor.py:161} INFO - Started process (PID=2062) to work on /home/airflow/.local/lib/python3.12/site-packages/airflow/example_dags/example_branch_day_of_week_operator.py
[2026-06-08T12:34:36.856+0000] {processor.py:830} INFO - Processing file /home/airflow/.local/lib/python3.12/site-packages/airflow/example_dags/example_branch_day_of_week_operator.py for tasks to queue
[2026-06-08T12:34:36.857+0000] {logging_mixin.py:188} INFO - [2026-06-08T12:34:36.857+0000] {dagbag.py:545} INFO - Filling up the DagBag from /home/airflow/.local/lib/python3.12/site-packages/airflow/example_dags/example_branch_day_of_week_operator.py
[2026-06-08T12:34:36.862+0000] {processor.py:840} INFO - DAG(s) 'example_weekday_branch_operator' retrieved from /home/airflow/.local/lib/python3.12/site-packages/airflow/example_dags/example_branch_day_of_week_operator.py
[2026-06-08T12:34:36.888+0000] {logging_mixin.py:188} INFO - [2026-06-08T12:34:36.887+0000] {dag.py:3096} INFO - Sync 1 DAGs
[2026-06-08T12:34:36.907+0000] {logging_mixin.py:188} INFO - [2026-06-08T12:34:36.907+0000] {dag.py:3954} INFO - Setting next_dagrun for example_weekday_branch_operator to 2026-06-07 00:00:00+00:00, run_after=2026-06-08 00:00:00+00:00
[2026-06-08T12:34:36.924+0000] {processor.py:183} INFO - Processing /home/airflow/.local/lib/python3.12/site-packages/airflow/example_dags/example_branch_day_of_week_operator.py took 0.075 seconds
[2026-06-08T12:35:07.355+0000] {processor.py:161} INFO - Started process (PID=2121) to work on /home/airflow/.local/lib/python3.12/site-packages/airflow/example_dags/example_branch_day_of_week_operator.py
[2026-06-08T12:35:07.366+0000] {processor.py:830} INFO - Processing file /home/airflow/.local/lib/python3.12/site-packages/airflow/example_dags/example_branch_day_of_week_operator.py for tasks to queue
[2026-06-08T12:35:07.371+0000] {logging_mixin.py:188} INFO - [2026-06-08T12:35:07.370+0000] {dagbag.py:545} INFO - Filling up the DagBag from /home/airflow/.local/lib/python3.12/site-packages/airflow/example_dags/example_branch_day_of_week_operator.py
[2026-06-08T12:35:07.381+0000] {processor.py:840} INFO - DAG(s) 'example_weekday_branch_operator' retrieved from /home/airflow/.local/lib/python3.12/site-packages/airflow/example_dags/example_branch_day_of_week_operator.py
[2026-06-08T12:35:07.408+0000] {logging_mixin.py:188} INFO - [2026-06-08T12:35:07.407+0000] {dag.py:3096} INFO - Sync 1 DAGs
[2026-06-08T12:35:07.437+0000] {logging_mixin.py:188} INFO - [2026-06-08T12:35:07.437+0000] {dag.py:3954} INFO - Setting next_dagrun for example_weekday_branch_operator to 2026-06-07 00:00:00+00:00, run_after=2026-06-08 00:00:00+00:00
[2026-06-08T12:35:07.460+0000] {processor.py:183} INFO - Processing /home/airflow/.local/lib/python3.12/site-packages/airflow/example_dags/example_branch_day_of_week_operator.py took 0.115 seconds
[2026-06-08T12:35:37.776+0000] {processor.py:161} INFO - Started process (PID=2180) to work on /home/airflow/.local/lib/python3.12/site-packages/airflow/example_dags/example_branch_day_of_week_operator.py
[2026-06-08T12:35:37.787+0000] {processor.py:830} INFO - Processing file /home/airflow/.local/lib/python3.12/site-packages/airflow/example_dags/example_branch_day_of_week_operator.py for tasks to queue
[2026-06-08T12:35:37.788+0000] {logging_mixin.py:188} INFO - [2026-06-08T12:35:37.788+0000] {dagbag.py:545} INFO - Filling up the DagBag from /home/airflow/.local/lib/python3.12/site-packages/airflow/example_dags/example_branch_day_of_week_operator.py
[2026-06-08T12:35:37.794+0000] {processor.py:840} INFO - DAG(s) 'example_weekday_branch_operator' retrieved from /home/airflow/.local/lib/python3.12/site-packages/airflow/example_dags/example_branch_day_of_week_operator.py
[2026-06-08T12:35:37.811+0000] {logging_mixin.py:188} INFO - [2026-06-08T12:35:37.811+0000] {dag.py:3096} INFO - Sync 1 DAGs
[2026-06-08T12:35:37.826+0000] {logging_mixin.py:188} INFO - [2026-06-08T12:35:37.826+0000] {dag.py:3954} INFO - Setting next_dagrun for example_weekday_branch_operator to 2026-06-07 00:00:00+00:00, run_after=2026-06-08 00:00:00+00:00
[2026-06-08T12:35:37.839+0000] {processor.py:183} INFO - Processing /home/airflow/.local/lib/python3.12/site-packages/airflow/example_dags/example_branch_day_of_week_operator.py took 0.074 seconds
[2026-06-08T12:36:08.400+0000] {processor.py:161} INFO - Started process (PID=2239) to work on /home/airflow/.local/lib/python3.12/site-packages/airflow/example_dags/example_branch_day_of_week_operator.py
[2026-06-08T12:36:08.401+0000] {processor.py:830} INFO - Processing file /home/airflow/.local/lib/python3.12/site-packages/airflow/example_dags/example_branch_day_of_week_operator.py for tasks to queue
[2026-06-08T12:36:08.403+0000] {logging_mixin.py:188} INFO - [2026-06-08T12:36:08.403+0000] {dagbag.py:545} INFO - Filling up the DagBag from /home/airflow/.local/lib/python3.12/site-packages/airflow/example_dags/example_branch_day_of_week_operator.py
[2026-06-08T12:36:08.408+0000] {processor.py:840} INFO - DAG(s) 'example_weekday_branch_operator' retrieved from /home/airflow/.local/lib/python3.12/site-packages/airflow/example_dags/example_branch_day_of_week_operator.py
[2026-06-08T12:36:08.428+0000] {logging_mixin.py:188} INFO - [2026-06-08T12:36:08.428+0000] {dag.py:3096} INFO - Sync 1 DAGs
[2026-06-08T12:36:08.445+0000] {logging_mixin.py:188} INFO - [2026-06-08T12:36:08.445+0000] {dag.py:3954} INFO - Setting next_dagrun for example_weekday_branch_operator to 2026-06-07 00:00:00+00:00, run_after=2026-06-08 00:00:00+00:00
[2026-06-08T12:36:08.461+0000] {processor.py:183} INFO - Processing /home/airflow/.local/lib/python3.12/site-packages/airflow/example_dags/example_branch_day_of_week_operator.py took 0.068 seconds
[2026-06-08T12:36:38.787+0000] {processor.py:161} INFO - Started process (PID=2298) to work on /home/airflow/.local/lib/python3.12/site-packages/airflow/example_dags/example_branch_day_of_week_operator.py
[2026-06-08T12:36:38.797+0000] {processor.py:830} INFO - Processing file /home/airflow/.local/lib/python3.12/site-packages/airflow/example_dags/example_branch_day_of_week_operator.py for tasks to queue
[2026-06-08T12:36:38.799+0000] {logging_mixin.py:188} INFO - [2026-06-08T12:36:38.799+0000] {dagbag.py:545} INFO - Filling up the DagBag from /home/airflow/.local/lib/python3.12/site-packages/airflow/example_dags/example_branch_day_of_week_operator.py
[2026-06-08T12:36:38.806+0000] {processor.py:840} INFO - DAG(s) 'example_weekday_branch_operator' retrieved from /home/airflow/.local/lib/python3.12/site-packages/airflow/example_dags/example_branch_day_of_week_operator.py
[2026-06-08T12:36:38.827+0000] {logging_mixin.py:188} INFO - [2026-06-08T12:36:38.827+0000] {dag.py:3096} INFO - Sync 1 DAGs
[2026-06-08T12:36:38.847+0000] {logging_mixin.py:188} INFO - [2026-06-08T12:36:38.846+0000] {dag.py:3954} INFO - Setting next_dagrun for example_weekday_branch_operator to 2026-06-07 00:00:00+00:00, run_after=2026-06-08 00:00:00+00:00
[2026-06-08T12:36:38.859+0000] {processor.py:183} INFO - Processing /home/airflow/.local/lib/python3.12/site-packages/airflow/example_dags/example_branch_day_of_week_operator.py took 0.077 seconds
[2026-06-08T12:37:09.366+0000] {processor.py:161} INFO - Started process (PID=2357) to work on /home/airflow/.local/lib/python3.12/site-packages/airflow/example_dags/example_branch_day_of_week_operator.py
[2026-06-08T12:37:09.367+0000] {processor.py:830} INFO - Processing file /home/airflow/.local/lib/python3.12/site-packages/airflow/example_dags/example_branch_day_of_week_operator.py for tasks to queue
[2026-06-08T12:37:09.370+0000] {logging_mixin.py:188} INFO - [2026-06-08T12:37:09.369+0000] {dagbag.py:545} INFO - Filling up the DagBag from /home/airflow/.local/lib/python3.12/site-packages/airflow/example_dags/example_branch_day_of_week_operator.py
[2026-06-08T12:37:09.379+0000] {processor.py:840} INFO - DAG(s) 'example_weekday_branch_operator' retrieved from /home/airflow/.local/lib/python3.12/site-packages/airflow/example_dags/example_branch_day_of_week_operator.py
[2026-06-08T12:37:09.394+0000] {logging_mixin.py:188} INFO - [2026-06-08T12:37:09.394+0000] {dag.py:3096} INFO - Sync 1 DAGs
[2026-06-08T12:37:09.409+0000] {logging_mixin.py:188} INFO - [2026-06-08T12:37:09.409+0000] {dag.py:3954} INFO - Setting next_dagrun for example_weekday_branch_operator to 2026-06-07 00:00:00+00:00, run_after=2026-06-08 00:00:00+00:00
[2026-06-08T12:37:09.421+0000] {processor.py:183} INFO - Processing /home/airflow/.local/lib/python3.12/site-packages/airflow/example_dags/example_branch_day_of_week_operator.py took 0.063 seconds
[2026-06-08T12:37:39.811+0000] {processor.py:161} INFO - Started process (PID=2416) to work on /home/airflow/.local/lib/python3.12/site-packages/airflow/example_dags/example_branch_day_of_week_operator.py
[2026-06-08T12:37:39.812+0000] {processor.py:830} INFO - Processing file /home/airflow/.local/lib/python3.12/site-packages/airflow/example_dags/example_branch_day_of_week_operator.py for tasks to queue
[2026-06-08T12:37:39.814+0000] {logging_mixin.py:188} INFO - [2026-06-08T12:37:39.814+0000] {dagbag.py:545} INFO - Filling up the DagBag from /home/airflow/.local/lib/python3.12/site-packages/airflow/example_dags/example_branch_day_of_week_operator.py
[2026-06-08T12:37:39.819+0000] {processor.py:840} INFO - DAG(s) 'example_weekday_branch_operator' retrieved from /home/airflow/.local/lib/python3.12/site-packages/airflow/example_dags/example_branch_day_of_week_operator.py
[2026-06-08T12:37:39.832+0000] {logging_mixin.py:188} INFO - [2026-06-08T12:37:39.832+0000] {dag.py:3096} INFO - Sync 1 DAGs
[2026-06-08T12:37:39.846+0000] {logging_mixin.py:188} INFO - [2026-06-08T12:37:39.846+0000] {dag.py:3954} INFO - Setting next_dagrun for example_weekday_branch_operator to 2026-06-07 00:00:00+00:00, run_after=2026-06-08 00:00:00+00:00
[2026-06-08T12:37:39.858+0000] {processor.py:183} INFO - Processing /home/airflow/.local/lib/python3.12/site-packages/airflow/example_dags/example_branch_day_of_week_operator.py took 0.055 seconds
