[2026-06-08T12:17:52.501+0000] {processor.py:161} INFO - Started process (PID=92) to work on /home/airflow/.local/lib/python3.12/site-packages/airflow/example_dags/example_xcomargs.py
[2026-06-08T12:17:52.501+0000] {processor.py:830} INFO - Processing file /home/airflow/.local/lib/python3.12/site-packages/airflow/example_dags/example_xcomargs.py for tasks to queue
[2026-06-08T12:17:52.502+0000] {logging_mixin.py:188} INFO - [2026-06-08T12:17:52.502+0000] {dagbag.py:545} INFO - Filling up the DagBag from /home/airflow/.local/lib/python3.12/site-packages/airflow/example_dags/example_xcomargs.py
[2026-06-08T12:17:52.509+0000] {processor.py:840} INFO - DAG(s) 'example_xcom_args', 'example_xcom_args_with_operators' retrieved from /home/airflow/.local/lib/python3.12/site-packages/airflow/example_dags/example_xcomargs.py
[2026-06-08T12:17:52.520+0000] {logging_mixin.py:188} INFO - [2026-06-08T12:17:52.519+0000] {dag.py:3096} INFO - Sync 2 DAGs
[2026-06-08T12:17:52.530+0000] {logging_mixin.py:188} INFO - [2026-06-08T12:17:52.529+0000] {dag.py:3954} INFO - Setting next_dagrun for example_xcom_args to None, run_after=None
[2026-06-08T12:17:52.533+0000] {logging_mixin.py:188} INFO - [2026-06-08T12:17:52.532+0000] {dag.py:3954} INFO - Setting next_dagrun for example_xcom_args_with_operators to None, run_after=None
[2026-06-08T12:17:52.550+0000] {processor.py:183} INFO - Processing /home/airflow/.local/lib/python3.12/site-packages/airflow/example_dags/example_xcomargs.py took 0.053 seconds
[2026-06-08T12:18:23.889+0000] {processor.py:161} INFO - Started process (PID=150) to work on /home/airflow/.local/lib/python3.12/site-packages/airflow/example_dags/example_xcomargs.py
[2026-06-08T12:18:23.890+0000] {processor.py:830} INFO - Processing file /home/airflow/.local/lib/python3.12/site-packages/airflow/example_dags/example_xcomargs.py for tasks to queue
[2026-06-08T12:18:23.892+0000] {logging_mixin.py:188} INFO - [2026-06-08T12:18:23.892+0000] {dagbag.py:545} INFO - Filling up the DagBag from /home/airflow/.local/lib/python3.12/site-packages/airflow/example_dags/example_xcomargs.py
[2026-06-08T12:18:23.899+0000] {processor.py:840} INFO - DAG(s) 'example_xcom_args_with_operators', 'example_xcom_args' retrieved from /home/airflow/.local/lib/python3.12/site-packages/airflow/example_dags/example_xcomargs.py
[2026-06-08T12:18:24.002+0000] {logging_mixin.py:188} INFO - [2026-06-08T12:18:24.002+0000] {dag.py:3096} INFO - Sync 2 DAGs
[2026-06-08T12:18:24.016+0000] {logging_mixin.py:188} INFO - [2026-06-08T12:18:24.016+0000] {dag.py:3954} INFO - Setting next_dagrun for example_xcom_args to None, run_after=None
[2026-06-08T12:18:24.020+0000] {logging_mixin.py:188} INFO - [2026-06-08T12:18:24.020+0000] {dag.py:3954} INFO - Setting next_dagrun for example_xcom_args_with_operators to None, run_after=None
[2026-06-08T12:18:24.042+0000] {processor.py:183} INFO - Processing /home/airflow/.local/lib/python3.12/site-packages/airflow/example_dags/example_xcomargs.py took 0.158 seconds
[2026-06-08T12:18:54.576+0000] {processor.py:161} INFO - Started process (PID=208) to work on /home/airflow/.local/lib/python3.12/site-packages/airflow/example_dags/example_xcomargs.py
[2026-06-08T12:18:54.577+0000] {processor.py:830} INFO - Processing file /home/airflow/.local/lib/python3.12/site-packages/airflow/example_dags/example_xcomargs.py for tasks to queue
[2026-06-08T12:18:54.578+0000] {logging_mixin.py:188} INFO - [2026-06-08T12:18:54.578+0000] {dagbag.py:545} INFO - Filling up the DagBag from /home/airflow/.local/lib/python3.12/site-packages/airflow/example_dags/example_xcomargs.py
[2026-06-08T12:18:54.583+0000] {processor.py:840} INFO - DAG(s) 'example_xcom_args', 'example_xcom_args_with_operators' retrieved from /home/airflow/.local/lib/python3.12/site-packages/airflow/example_dags/example_xcomargs.py
[2026-06-08T12:18:54.602+0000] {logging_mixin.py:188} INFO - [2026-06-08T12:18:54.602+0000] {dag.py:3096} INFO - Sync 2 DAGs
[2026-06-08T12:18:54.610+0000] {logging_mixin.py:188} INFO - [2026-06-08T12:18:54.610+0000] {dag.py:3954} INFO - Setting next_dagrun for example_xcom_args to None, run_after=None
[2026-06-08T12:18:54.612+0000] {logging_mixin.py:188} INFO - [2026-06-08T12:18:54.612+0000] {dag.py:3954} INFO - Setting next_dagrun for example_xcom_args_with_operators to None, run_after=None
[2026-06-08T12:18:54.626+0000] {processor.py:183} INFO - Processing /home/airflow/.local/lib/python3.12/site-packages/airflow/example_dags/example_xcomargs.py took 0.055 seconds
[2026-06-08T12:19:25.156+0000] {processor.py:161} INFO - Started process (PID=266) to work on /home/airflow/.local/lib/python3.12/site-packages/airflow/example_dags/example_xcomargs.py
[2026-06-08T12:19:25.157+0000] {processor.py:830} INFO - Processing file /home/airflow/.local/lib/python3.12/site-packages/airflow/example_dags/example_xcomargs.py for tasks to queue
[2026-06-08T12:19:25.158+0000] {logging_mixin.py:188} INFO - [2026-06-08T12:19:25.158+0000] {dagbag.py:545} INFO - Filling up the DagBag from /home/airflow/.local/lib/python3.12/site-packages/airflow/example_dags/example_xcomargs.py
[2026-06-08T12:19:25.164+0000] {processor.py:840} INFO - DAG(s) 'example_xcom_args_with_operators', 'example_xcom_args' retrieved from /home/airflow/.local/lib/python3.12/site-packages/airflow/example_dags/example_xcomargs.py
[2026-06-08T12:19:25.181+0000] {logging_mixin.py:188} INFO - [2026-06-08T12:19:25.181+0000] {dag.py:3096} INFO - Sync 2 DAGs
[2026-06-08T12:19:25.190+0000] {logging_mixin.py:188} INFO - [2026-06-08T12:19:25.190+0000] {dag.py:3954} INFO - Setting next_dagrun for example_xcom_args to None, run_after=None
[2026-06-08T12:19:25.193+0000] {logging_mixin.py:188} INFO - [2026-06-08T12:19:25.193+0000] {dag.py:3954} INFO - Setting next_dagrun for example_xcom_args_with_operators to None, run_after=None
[2026-06-08T12:19:25.206+0000] {processor.py:183} INFO - Processing /home/airflow/.local/lib/python3.12/site-packages/airflow/example_dags/example_xcomargs.py took 0.055 seconds
[2026-06-08T12:19:55.400+0000] {processor.py:161} INFO - Started process (PID=324) to work on /home/airflow/.local/lib/python3.12/site-packages/airflow/example_dags/example_xcomargs.py
[2026-06-08T12:19:55.400+0000] {processor.py:830} INFO - Processing file /home/airflow/.local/lib/python3.12/site-packages/airflow/example_dags/example_xcomargs.py for tasks to queue
[2026-06-08T12:19:55.402+0000] {logging_mixin.py:188} INFO - [2026-06-08T12:19:55.402+0000] {dagbag.py:545} INFO - Filling up the DagBag from /home/airflow/.local/lib/python3.12/site-packages/airflow/example_dags/example_xcomargs.py
[2026-06-08T12:19:55.408+0000] {processor.py:840} INFO - DAG(s) 'example_xcom_args', 'example_xcom_args_with_operators' retrieved from /home/airflow/.local/lib/python3.12/site-packages/airflow/example_dags/example_xcomargs.py
[2026-06-08T12:19:55.430+0000] {logging_mixin.py:188} INFO - [2026-06-08T12:19:55.429+0000] {dag.py:3096} INFO - Sync 2 DAGs
[2026-06-08T12:19:55.439+0000] {logging_mixin.py:188} INFO - [2026-06-08T12:19:55.438+0000] {dag.py:3954} INFO - Setting next_dagrun for example_xcom_args to None, run_after=None
[2026-06-08T12:19:55.441+0000] {logging_mixin.py:188} INFO - [2026-06-08T12:19:55.441+0000] {dag.py:3954} INFO - Setting next_dagrun for example_xcom_args_with_operators to None, run_after=None
[2026-06-08T12:19:55.453+0000] {processor.py:183} INFO - Processing /home/airflow/.local/lib/python3.12/site-packages/airflow/example_dags/example_xcomargs.py took 0.059 seconds
[2026-06-08T12:20:26.194+0000] {processor.py:161} INFO - Started process (PID=382) to work on /home/airflow/.local/lib/python3.12/site-packages/airflow/example_dags/example_xcomargs.py
[2026-06-08T12:20:26.195+0000] {processor.py:830} INFO - Processing file /home/airflow/.local/lib/python3.12/site-packages/airflow/example_dags/example_xcomargs.py for tasks to queue
[2026-06-08T12:20:26.198+0000] {logging_mixin.py:188} INFO - [2026-06-08T12:20:26.197+0000] {dagbag.py:545} INFO - Filling up the DagBag from /home/airflow/.local/lib/python3.12/site-packages/airflow/example_dags/example_xcomargs.py
[2026-06-08T12:20:26.206+0000] {processor.py:840} INFO - DAG(s) 'example_xcom_args', 'example_xcom_args_with_operators' retrieved from /home/airflow/.local/lib/python3.12/site-packages/airflow/example_dags/example_xcomargs.py
[2026-06-08T12:20:26.223+0000] {logging_mixin.py:188} INFO - [2026-06-08T12:20:26.222+0000] {dag.py:3096} INFO - Sync 2 DAGs
[2026-06-08T12:20:26.231+0000] {logging_mixin.py:188} INFO - [2026-06-08T12:20:26.231+0000] {dag.py:3954} INFO - Setting next_dagrun for example_xcom_args to None, run_after=None
[2026-06-08T12:20:26.234+0000] {logging_mixin.py:188} INFO - [2026-06-08T12:20:26.233+0000] {dag.py:3954} INFO - Setting next_dagrun for example_xcom_args_with_operators to None, run_after=None
[2026-06-08T12:20:26.244+0000] {processor.py:183} INFO - Processing /home/airflow/.local/lib/python3.12/site-packages/airflow/example_dags/example_xcomargs.py took 0.057 seconds
[2026-06-08T12:20:56.479+0000] {processor.py:161} INFO - Started process (PID=440) to work on /home/airflow/.local/lib/python3.12/site-packages/airflow/example_dags/example_xcomargs.py
[2026-06-08T12:20:56.479+0000] {processor.py:830} INFO - Processing file /home/airflow/.local/lib/python3.12/site-packages/airflow/example_dags/example_xcomargs.py for tasks to queue
[2026-06-08T12:20:56.480+0000] {logging_mixin.py:188} INFO - [2026-06-08T12:20:56.480+0000] {dagbag.py:545} INFO - Filling up the DagBag from /home/airflow/.local/lib/python3.12/site-packages/airflow/example_dags/example_xcomargs.py
[2026-06-08T12:20:56.485+0000] {processor.py:840} INFO - DAG(s) 'example_xcom_args', 'example_xcom_args_with_operators' retrieved from /home/airflow/.local/lib/python3.12/site-packages/airflow/example_dags/example_xcomargs.py
[2026-06-08T12:20:56.504+0000] {logging_mixin.py:188} INFO - [2026-06-08T12:20:56.503+0000] {dag.py:3096} INFO - Sync 2 DAGs
[2026-06-08T12:20:56.512+0000] {logging_mixin.py:188} INFO - [2026-06-08T12:20:56.512+0000] {dag.py:3954} INFO - Setting next_dagrun for example_xcom_args to None, run_after=None
[2026-06-08T12:20:56.514+0000] {logging_mixin.py:188} INFO - [2026-06-08T12:20:56.514+0000] {dag.py:3954} INFO - Setting next_dagrun for example_xcom_args_with_operators to None, run_after=None
[2026-06-08T12:20:56.524+0000] {processor.py:183} INFO - Processing /home/airflow/.local/lib/python3.12/site-packages/airflow/example_dags/example_xcomargs.py took 0.050 seconds
[2026-06-08T12:21:26.776+0000] {processor.py:161} INFO - Started process (PID=498) to work on /home/airflow/.local/lib/python3.12/site-packages/airflow/example_dags/example_xcomargs.py
[2026-06-08T12:21:26.777+0000] {processor.py:830} INFO - Processing file /home/airflow/.local/lib/python3.12/site-packages/airflow/example_dags/example_xcomargs.py for tasks to queue
[2026-06-08T12:21:26.778+0000] {logging_mixin.py:188} INFO - [2026-06-08T12:21:26.778+0000] {dagbag.py:545} INFO - Filling up the DagBag from /home/airflow/.local/lib/python3.12/site-packages/airflow/example_dags/example_xcomargs.py
[2026-06-08T12:21:26.786+0000] {processor.py:840} INFO - DAG(s) 'example_xcom_args_with_operators', 'example_xcom_args' retrieved from /home/airflow/.local/lib/python3.12/site-packages/airflow/example_dags/example_xcomargs.py
[2026-06-08T12:21:26.810+0000] {logging_mixin.py:188} INFO - [2026-06-08T12:21:26.810+0000] {dag.py:3096} INFO - Sync 2 DAGs
[2026-06-08T12:21:26.826+0000] {logging_mixin.py:188} INFO - [2026-06-08T12:21:26.826+0000] {dag.py:3954} INFO - Setting next_dagrun for example_xcom_args to None, run_after=None
[2026-06-08T12:21:26.829+0000] {logging_mixin.py:188} INFO - [2026-06-08T12:21:26.829+0000] {dag.py:3954} INFO - Setting next_dagrun for example_xcom_args_with_operators to None, run_after=None
[2026-06-08T12:21:26.845+0000] {processor.py:183} INFO - Processing /home/airflow/.local/lib/python3.12/site-packages/airflow/example_dags/example_xcomargs.py took 0.073 seconds
[2026-06-08T12:21:57.468+0000] {processor.py:161} INFO - Started process (PID=578) to work on /home/airflow/.local/lib/python3.12/site-packages/airflow/example_dags/example_xcomargs.py
[2026-06-08T12:21:57.469+0000] {processor.py:830} INFO - Processing file /home/airflow/.local/lib/python3.12/site-packages/airflow/example_dags/example_xcomargs.py for tasks to queue
[2026-06-08T12:21:57.470+0000] {logging_mixin.py:188} INFO - [2026-06-08T12:21:57.470+0000] {dagbag.py:545} INFO - Filling up the DagBag from /home/airflow/.local/lib/python3.12/site-packages/airflow/example_dags/example_xcomargs.py
[2026-06-08T12:21:57.479+0000] {processor.py:840} INFO - DAG(s) 'example_xcom_args_with_operators', 'example_xcom_args' retrieved from /home/airflow/.local/lib/python3.12/site-packages/airflow/example_dags/example_xcomargs.py
[2026-06-08T12:21:57.502+0000] {logging_mixin.py:188} INFO - [2026-06-08T12:21:57.502+0000] {dag.py:3096} INFO - Sync 2 DAGs
[2026-06-08T12:21:57.513+0000] {logging_mixin.py:188} INFO - [2026-06-08T12:21:57.513+0000] {dag.py:3954} INFO - Setting next_dagrun for example_xcom_args to None, run_after=None
[2026-06-08T12:21:57.518+0000] {logging_mixin.py:188} INFO - [2026-06-08T12:21:57.518+0000] {dag.py:3954} INFO - Setting next_dagrun for example_xcom_args_with_operators to None, run_after=None
[2026-06-08T12:21:57.535+0000] {processor.py:183} INFO - Processing /home/airflow/.local/lib/python3.12/site-packages/airflow/example_dags/example_xcomargs.py took 0.073 seconds
[2026-06-08T12:22:28.006+0000] {processor.py:161} INFO - Started process (PID=636) to work on /home/airflow/.local/lib/python3.12/site-packages/airflow/example_dags/example_xcomargs.py
[2026-06-08T12:22:28.007+0000] {processor.py:830} INFO - Processing file /home/airflow/.local/lib/python3.12/site-packages/airflow/example_dags/example_xcomargs.py for tasks to queue
[2026-06-08T12:22:28.008+0000] {logging_mixin.py:188} INFO - [2026-06-08T12:22:28.008+0000] {dagbag.py:545} INFO - Filling up the DagBag from /home/airflow/.local/lib/python3.12/site-packages/airflow/example_dags/example_xcomargs.py
[2026-06-08T12:22:28.014+0000] {processor.py:840} INFO - DAG(s) 'example_xcom_args_with_operators', 'example_xcom_args' retrieved from /home/airflow/.local/lib/python3.12/site-packages/airflow/example_dags/example_xcomargs.py
[2026-06-08T12:22:28.040+0000] {logging_mixin.py:188} INFO - [2026-06-08T12:22:28.040+0000] {dag.py:3096} INFO - Sync 2 DAGs
[2026-06-08T12:22:28.053+0000] {logging_mixin.py:188} INFO - [2026-06-08T12:22:28.053+0000] {dag.py:3954} INFO - Setting next_dagrun for example_xcom_args to None, run_after=None
[2026-06-08T12:22:28.056+0000] {logging_mixin.py:188} INFO - [2026-06-08T12:22:28.056+0000] {dag.py:3954} INFO - Setting next_dagrun for example_xcom_args_with_operators to None, run_after=None
[2026-06-08T12:22:28.082+0000] {processor.py:183} INFO - Processing /home/airflow/.local/lib/python3.12/site-packages/airflow/example_dags/example_xcomargs.py took 0.083 seconds
[2026-06-08T12:22:58.199+0000] {processor.py:161} INFO - Started process (PID=717) to work on /home/airflow/.local/lib/python3.12/site-packages/airflow/example_dags/example_xcomargs.py
[2026-06-08T12:22:58.199+0000] {processor.py:830} INFO - Processing file /home/airflow/.local/lib/python3.12/site-packages/airflow/example_dags/example_xcomargs.py for tasks to queue
[2026-06-08T12:22:58.200+0000] {logging_mixin.py:188} INFO - [2026-06-08T12:22:58.200+0000] {dagbag.py:545} INFO - Filling up the DagBag from /home/airflow/.local/lib/python3.12/site-packages/airflow/example_dags/example_xcomargs.py
[2026-06-08T12:22:58.205+0000] {processor.py:840} INFO - DAG(s) 'example_xcom_args', 'example_xcom_args_with_operators' retrieved from /home/airflow/.local/lib/python3.12/site-packages/airflow/example_dags/example_xcomargs.py
[2026-06-08T12:22:58.216+0000] {logging_mixin.py:188} INFO - [2026-06-08T12:22:58.216+0000] {dag.py:3096} INFO - Sync 2 DAGs
[2026-06-08T12:22:58.233+0000] {logging_mixin.py:188} INFO - [2026-06-08T12:22:58.233+0000] {dag.py:3954} INFO - Setting next_dagrun for example_xcom_args to None, run_after=None
[2026-06-08T12:22:58.239+0000] {logging_mixin.py:188} INFO - [2026-06-08T12:22:58.238+0000] {dag.py:3954} INFO - Setting next_dagrun for example_xcom_args_with_operators to None, run_after=None
[2026-06-08T12:22:58.257+0000] {processor.py:183} INFO - Processing /home/airflow/.local/lib/python3.12/site-packages/airflow/example_dags/example_xcomargs.py took 0.062 seconds
[2026-06-08T12:23:29.758+0000] {processor.py:161} INFO - Started process (PID=797) to work on /home/airflow/.local/lib/python3.12/site-packages/airflow/example_dags/example_xcomargs.py
[2026-06-08T12:23:29.758+0000] {processor.py:830} INFO - Processing file /home/airflow/.local/lib/python3.12/site-packages/airflow/example_dags/example_xcomargs.py for tasks to queue
[2026-06-08T12:23:29.760+0000] {logging_mixin.py:188} INFO - [2026-06-08T12:23:29.760+0000] {dagbag.py:545} INFO - Filling up the DagBag from /home/airflow/.local/lib/python3.12/site-packages/airflow/example_dags/example_xcomargs.py
[2026-06-08T12:23:29.766+0000] {processor.py:840} INFO - DAG(s) 'example_xcom_args_with_operators', 'example_xcom_args' retrieved from /home/airflow/.local/lib/python3.12/site-packages/airflow/example_dags/example_xcomargs.py
[2026-06-08T12:23:29.855+0000] {logging_mixin.py:188} INFO - [2026-06-08T12:23:29.854+0000] {dag.py:3096} INFO - Sync 2 DAGs
[2026-06-08T12:23:29.867+0000] {logging_mixin.py:188} INFO - [2026-06-08T12:23:29.867+0000] {dag.py:3954} INFO - Setting next_dagrun for example_xcom_args to None, run_after=None
[2026-06-08T12:23:29.869+0000] {logging_mixin.py:188} INFO - [2026-06-08T12:23:29.869+0000] {dag.py:3954} INFO - Setting next_dagrun for example_xcom_args_with_operators to None, run_after=None
[2026-06-08T12:23:29.894+0000] {processor.py:183} INFO - Processing /home/airflow/.local/lib/python3.12/site-packages/airflow/example_dags/example_xcomargs.py took 0.143 seconds
[2026-06-08T12:24:00.799+0000] {processor.py:161} INFO - Started process (PID=856) to work on /home/airflow/.local/lib/python3.12/site-packages/airflow/example_dags/example_xcomargs.py
[2026-06-08T12:24:00.800+0000] {processor.py:830} INFO - Processing file /home/airflow/.local/lib/python3.12/site-packages/airflow/example_dags/example_xcomargs.py for tasks to queue
[2026-06-08T12:24:00.801+0000] {logging_mixin.py:188} INFO - [2026-06-08T12:24:00.801+0000] {dagbag.py:545} INFO - Filling up the DagBag from /home/airflow/.local/lib/python3.12/site-packages/airflow/example_dags/example_xcomargs.py
[2026-06-08T12:24:00.817+0000] {processor.py:840} INFO - DAG(s) 'example_xcom_args_with_operators', 'example_xcom_args' retrieved from /home/airflow/.local/lib/python3.12/site-packages/airflow/example_dags/example_xcomargs.py
[2026-06-08T12:24:00.877+0000] {logging_mixin.py:188} INFO - [2026-06-08T12:24:00.876+0000] {dag.py:3096} INFO - Sync 2 DAGs
[2026-06-08T12:24:00.896+0000] {logging_mixin.py:188} INFO - [2026-06-08T12:24:00.895+0000] {dag.py:3954} INFO - Setting next_dagrun for example_xcom_args to None, run_after=None
[2026-06-08T12:24:00.902+0000] {logging_mixin.py:188} INFO - [2026-06-08T12:24:00.901+0000] {dag.py:3954} INFO - Setting next_dagrun for example_xcom_args_with_operators to None, run_after=None
[2026-06-08T12:24:00.932+0000] {processor.py:183} INFO - Processing /home/airflow/.local/lib/python3.12/site-packages/airflow/example_dags/example_xcomargs.py took 0.141 seconds
[2026-06-08T12:24:31.498+0000] {processor.py:161} INFO - Started process (PID=915) to work on /home/airflow/.local/lib/python3.12/site-packages/airflow/example_dags/example_xcomargs.py
[2026-06-08T12:24:31.498+0000] {processor.py:830} INFO - Processing file /home/airflow/.local/lib/python3.12/site-packages/airflow/example_dags/example_xcomargs.py for tasks to queue
[2026-06-08T12:24:31.500+0000] {logging_mixin.py:188} INFO - [2026-06-08T12:24:31.500+0000] {dagbag.py:545} INFO - Filling up the DagBag from /home/airflow/.local/lib/python3.12/site-packages/airflow/example_dags/example_xcomargs.py
[2026-06-08T12:24:31.507+0000] {processor.py:840} INFO - DAG(s) 'example_xcom_args_with_operators', 'example_xcom_args' retrieved from /home/airflow/.local/lib/python3.12/site-packages/airflow/example_dags/example_xcomargs.py
[2026-06-08T12:24:31.531+0000] {logging_mixin.py:188} INFO - [2026-06-08T12:24:31.530+0000] {dag.py:3096} INFO - Sync 2 DAGs
[2026-06-08T12:24:31.544+0000] {logging_mixin.py:188} INFO - [2026-06-08T12:24:31.544+0000] {dag.py:3954} INFO - Setting next_dagrun for example_xcom_args to None, run_after=None
[2026-06-08T12:24:31.549+0000] {logging_mixin.py:188} INFO - [2026-06-08T12:24:31.548+0000] {dag.py:3954} INFO - Setting next_dagrun for example_xcom_args_with_operators to None, run_after=None
[2026-06-08T12:24:31.565+0000] {processor.py:183} INFO - Processing /home/airflow/.local/lib/python3.12/site-packages/airflow/example_dags/example_xcomargs.py took 0.074 seconds
[2026-06-08T12:25:02.130+0000] {processor.py:161} INFO - Started process (PID=974) to work on /home/airflow/.local/lib/python3.12/site-packages/airflow/example_dags/example_xcomargs.py
[2026-06-08T12:25:02.131+0000] {processor.py:830} INFO - Processing file /home/airflow/.local/lib/python3.12/site-packages/airflow/example_dags/example_xcomargs.py for tasks to queue
[2026-06-08T12:25:02.133+0000] {logging_mixin.py:188} INFO - [2026-06-08T12:25:02.133+0000] {dagbag.py:545} INFO - Filling up the DagBag from /home/airflow/.local/lib/python3.12/site-packages/airflow/example_dags/example_xcomargs.py
[2026-06-08T12:25:02.143+0000] {processor.py:840} INFO - DAG(s) 'example_xcom_args', 'example_xcom_args_with_operators' retrieved from /home/airflow/.local/lib/python3.12/site-packages/airflow/example_dags/example_xcomargs.py
[2026-06-08T12:25:02.165+0000] {logging_mixin.py:188} INFO - [2026-06-08T12:25:02.164+0000] {dag.py:3096} INFO - Sync 2 DAGs
[2026-06-08T12:25:02.173+0000] {logging_mixin.py:188} INFO - [2026-06-08T12:25:02.173+0000] {dag.py:3954} INFO - Setting next_dagrun for example_xcom_args to None, run_after=None
[2026-06-08T12:25:02.175+0000] {logging_mixin.py:188} INFO - [2026-06-08T12:25:02.175+0000] {dag.py:3954} INFO - Setting next_dagrun for example_xcom_args_with_operators to None, run_after=None
[2026-06-08T12:25:02.186+0000] {processor.py:183} INFO - Processing /home/airflow/.local/lib/python3.12/site-packages/airflow/example_dags/example_xcomargs.py took 0.064 seconds
[2026-06-08T12:25:32.431+0000] {processor.py:161} INFO - Started process (PID=1034) to work on /home/airflow/.local/lib/python3.12/site-packages/airflow/example_dags/example_xcomargs.py
[2026-06-08T12:25:32.432+0000] {processor.py:830} INFO - Processing file /home/airflow/.local/lib/python3.12/site-packages/airflow/example_dags/example_xcomargs.py for tasks to queue
[2026-06-08T12:25:32.435+0000] {logging_mixin.py:188} INFO - [2026-06-08T12:25:32.434+0000] {dagbag.py:545} INFO - Filling up the DagBag from /home/airflow/.local/lib/python3.12/site-packages/airflow/example_dags/example_xcomargs.py
[2026-06-08T12:25:32.443+0000] {processor.py:840} INFO - DAG(s) 'example_xcom_args_with_operators', 'example_xcom_args' retrieved from /home/airflow/.local/lib/python3.12/site-packages/airflow/example_dags/example_xcomargs.py
[2026-06-08T12:25:32.460+0000] {logging_mixin.py:188} INFO - [2026-06-08T12:25:32.460+0000] {dag.py:3096} INFO - Sync 2 DAGs
[2026-06-08T12:25:32.469+0000] {logging_mixin.py:188} INFO - [2026-06-08T12:25:32.468+0000] {dag.py:3954} INFO - Setting next_dagrun for example_xcom_args to None, run_after=None
[2026-06-08T12:25:32.471+0000] {logging_mixin.py:188} INFO - [2026-06-08T12:25:32.471+0000] {dag.py:3954} INFO - Setting next_dagrun for example_xcom_args_with_operators to None, run_after=None
[2026-06-08T12:25:32.485+0000] {processor.py:183} INFO - Processing /home/airflow/.local/lib/python3.12/site-packages/airflow/example_dags/example_xcomargs.py took 0.063 seconds
[2026-06-08T12:26:02.824+0000] {processor.py:161} INFO - Started process (PID=1093) to work on /home/airflow/.local/lib/python3.12/site-packages/airflow/example_dags/example_xcomargs.py
[2026-06-08T12:26:02.825+0000] {processor.py:830} INFO - Processing file /home/airflow/.local/lib/python3.12/site-packages/airflow/example_dags/example_xcomargs.py for tasks to queue
[2026-06-08T12:26:02.827+0000] {logging_mixin.py:188} INFO - [2026-06-08T12:26:02.827+0000] {dagbag.py:545} INFO - Filling up the DagBag from /home/airflow/.local/lib/python3.12/site-packages/airflow/example_dags/example_xcomargs.py
[2026-06-08T12:26:02.836+0000] {processor.py:840} INFO - DAG(s) 'example_xcom_args_with_operators', 'example_xcom_args' retrieved from /home/airflow/.local/lib/python3.12/site-packages/airflow/example_dags/example_xcomargs.py
[2026-06-08T12:26:02.856+0000] {logging_mixin.py:188} INFO - [2026-06-08T12:26:02.856+0000] {dag.py:3096} INFO - Sync 2 DAGs
[2026-06-08T12:26:02.868+0000] {logging_mixin.py:188} INFO - [2026-06-08T12:26:02.867+0000] {dag.py:3954} INFO - Setting next_dagrun for example_xcom_args to None, run_after=None
[2026-06-08T12:26:02.870+0000] {logging_mixin.py:188} INFO - [2026-06-08T12:26:02.870+0000] {dag.py:3954} INFO - Setting next_dagrun for example_xcom_args_with_operators to None, run_after=None
[2026-06-08T12:26:02.883+0000] {processor.py:183} INFO - Processing /home/airflow/.local/lib/python3.12/site-packages/airflow/example_dags/example_xcomargs.py took 0.067 seconds
[2026-06-08T12:26:33.424+0000] {processor.py:161} INFO - Started process (PID=1152) to work on /home/airflow/.local/lib/python3.12/site-packages/airflow/example_dags/example_xcomargs.py
[2026-06-08T12:26:33.425+0000] {processor.py:830} INFO - Processing file /home/airflow/.local/lib/python3.12/site-packages/airflow/example_dags/example_xcomargs.py for tasks to queue
[2026-06-08T12:26:33.427+0000] {logging_mixin.py:188} INFO - [2026-06-08T12:26:33.426+0000] {dagbag.py:545} INFO - Filling up the DagBag from /home/airflow/.local/lib/python3.12/site-packages/airflow/example_dags/example_xcomargs.py
[2026-06-08T12:26:33.435+0000] {processor.py:840} INFO - DAG(s) 'example_xcom_args', 'example_xcom_args_with_operators' retrieved from /home/airflow/.local/lib/python3.12/site-packages/airflow/example_dags/example_xcomargs.py
[2026-06-08T12:26:33.458+0000] {logging_mixin.py:188} INFO - [2026-06-08T12:26:33.458+0000] {dag.py:3096} INFO - Sync 2 DAGs
[2026-06-08T12:26:33.466+0000] {logging_mixin.py:188} INFO - [2026-06-08T12:26:33.466+0000] {dag.py:3954} INFO - Setting next_dagrun for example_xcom_args to None, run_after=None
[2026-06-08T12:26:33.469+0000] {logging_mixin.py:188} INFO - [2026-06-08T12:26:33.469+0000] {dag.py:3954} INFO - Setting next_dagrun for example_xcom_args_with_operators to None, run_after=None
[2026-06-08T12:26:33.483+0000] {processor.py:183} INFO - Processing /home/airflow/.local/lib/python3.12/site-packages/airflow/example_dags/example_xcomargs.py took 0.063 seconds
[2026-06-08T12:27:03.817+0000] {processor.py:161} INFO - Started process (PID=1211) to work on /home/airflow/.local/lib/python3.12/site-packages/airflow/example_dags/example_xcomargs.py
[2026-06-08T12:27:03.818+0000] {processor.py:830} INFO - Processing file /home/airflow/.local/lib/python3.12/site-packages/airflow/example_dags/example_xcomargs.py for tasks to queue
[2026-06-08T12:27:03.819+0000] {logging_mixin.py:188} INFO - [2026-06-08T12:27:03.819+0000] {dagbag.py:545} INFO - Filling up the DagBag from /home/airflow/.local/lib/python3.12/site-packages/airflow/example_dags/example_xcomargs.py
[2026-06-08T12:27:03.825+0000] {processor.py:840} INFO - DAG(s) 'example_xcom_args_with_operators', 'example_xcom_args' retrieved from /home/airflow/.local/lib/python3.12/site-packages/airflow/example_dags/example_xcomargs.py
[2026-06-08T12:27:03.843+0000] {logging_mixin.py:188} INFO - [2026-06-08T12:27:03.843+0000] {dag.py:3096} INFO - Sync 2 DAGs
[2026-06-08T12:27:03.853+0000] {logging_mixin.py:188} INFO - [2026-06-08T12:27:03.853+0000] {dag.py:3954} INFO - Setting next_dagrun for example_xcom_args to None, run_after=None
[2026-06-08T12:27:03.857+0000] {logging_mixin.py:188} INFO - [2026-06-08T12:27:03.857+0000] {dag.py:3954} INFO - Setting next_dagrun for example_xcom_args_with_operators to None, run_after=None
[2026-06-08T12:27:03.873+0000] {processor.py:183} INFO - Processing /home/airflow/.local/lib/python3.12/site-packages/airflow/example_dags/example_xcomargs.py took 0.064 seconds
[2026-06-08T12:27:34.313+0000] {processor.py:161} INFO - Started process (PID=1270) to work on /home/airflow/.local/lib/python3.12/site-packages/airflow/example_dags/example_xcomargs.py
[2026-06-08T12:27:34.324+0000] {processor.py:830} INFO - Processing file /home/airflow/.local/lib/python3.12/site-packages/airflow/example_dags/example_xcomargs.py for tasks to queue
[2026-06-08T12:27:34.329+0000] {logging_mixin.py:188} INFO - [2026-06-08T12:27:34.328+0000] {dagbag.py:545} INFO - Filling up the DagBag from /home/airflow/.local/lib/python3.12/site-packages/airflow/example_dags/example_xcomargs.py
[2026-06-08T12:27:34.345+0000] {processor.py:840} INFO - DAG(s) 'example_xcom_args_with_operators', 'example_xcom_args' retrieved from /home/airflow/.local/lib/python3.12/site-packages/airflow/example_dags/example_xcomargs.py
[2026-06-08T12:27:34.386+0000] {logging_mixin.py:188} INFO - [2026-06-08T12:27:34.386+0000] {dag.py:3096} INFO - Sync 2 DAGs
[2026-06-08T12:27:34.396+0000] {logging_mixin.py:188} INFO - [2026-06-08T12:27:34.396+0000] {dag.py:3954} INFO - Setting next_dagrun for example_xcom_args to None, run_after=None
[2026-06-08T12:27:34.399+0000] {logging_mixin.py:188} INFO - [2026-06-08T12:27:34.398+0000] {dag.py:3954} INFO - Setting next_dagrun for example_xcom_args_with_operators to None, run_after=None
[2026-06-08T12:27:34.410+0000] {processor.py:183} INFO - Processing /home/airflow/.local/lib/python3.12/site-packages/airflow/example_dags/example_xcomargs.py took 0.104 seconds
[2026-06-08T12:28:05.069+0000] {processor.py:161} INFO - Started process (PID=1329) to work on /home/airflow/.local/lib/python3.12/site-packages/airflow/example_dags/example_xcomargs.py
[2026-06-08T12:28:05.080+0000] {processor.py:830} INFO - Processing file /home/airflow/.local/lib/python3.12/site-packages/airflow/example_dags/example_xcomargs.py for tasks to queue
[2026-06-08T12:28:05.082+0000] {logging_mixin.py:188} INFO - [2026-06-08T12:28:05.082+0000] {dagbag.py:545} INFO - Filling up the DagBag from /home/airflow/.local/lib/python3.12/site-packages/airflow/example_dags/example_xcomargs.py
[2026-06-08T12:28:05.091+0000] {processor.py:840} INFO - DAG(s) 'example_xcom_args_with_operators', 'example_xcom_args' retrieved from /home/airflow/.local/lib/python3.12/site-packages/airflow/example_dags/example_xcomargs.py
[2026-06-08T12:28:05.113+0000] {logging_mixin.py:188} INFO - [2026-06-08T12:28:05.113+0000] {dag.py:3096} INFO - Sync 2 DAGs
[2026-06-08T12:28:05.122+0000] {logging_mixin.py:188} INFO - [2026-06-08T12:28:05.122+0000] {dag.py:3954} INFO - Setting next_dagrun for example_xcom_args to None, run_after=None
[2026-06-08T12:28:05.124+0000] {logging_mixin.py:188} INFO - [2026-06-08T12:28:05.124+0000] {dag.py:3954} INFO - Setting next_dagrun for example_xcom_args_with_operators to None, run_after=None
[2026-06-08T12:28:05.136+0000] {processor.py:183} INFO - Processing /home/airflow/.local/lib/python3.12/site-packages/airflow/example_dags/example_xcomargs.py took 0.076 seconds
[2026-06-08T12:28:35.452+0000] {processor.py:161} INFO - Started process (PID=1389) to work on /home/airflow/.local/lib/python3.12/site-packages/airflow/example_dags/example_xcomargs.py
[2026-06-08T12:28:35.453+0000] {processor.py:830} INFO - Processing file /home/airflow/.local/lib/python3.12/site-packages/airflow/example_dags/example_xcomargs.py for tasks to queue
[2026-06-08T12:28:35.455+0000] {logging_mixin.py:188} INFO - [2026-06-08T12:28:35.454+0000] {dagbag.py:545} INFO - Filling up the DagBag from /home/airflow/.local/lib/python3.12/site-packages/airflow/example_dags/example_xcomargs.py
[2026-06-08T12:28:35.462+0000] {processor.py:840} INFO - DAG(s) 'example_xcom_args_with_operators', 'example_xcom_args' retrieved from /home/airflow/.local/lib/python3.12/site-packages/airflow/example_dags/example_xcomargs.py
[2026-06-08T12:28:35.480+0000] {logging_mixin.py:188} INFO - [2026-06-08T12:28:35.480+0000] {dag.py:3096} INFO - Sync 2 DAGs
[2026-06-08T12:28:35.488+0000] {logging_mixin.py:188} INFO - [2026-06-08T12:28:35.488+0000] {dag.py:3954} INFO - Setting next_dagrun for example_xcom_args to None, run_after=None
[2026-06-08T12:28:35.491+0000] {logging_mixin.py:188} INFO - [2026-06-08T12:28:35.491+0000] {dag.py:3954} INFO - Setting next_dagrun for example_xcom_args_with_operators to None, run_after=None
[2026-06-08T12:28:35.505+0000] {processor.py:183} INFO - Processing /home/airflow/.local/lib/python3.12/site-packages/airflow/example_dags/example_xcomargs.py took 0.059 seconds
[2026-06-08T12:29:05.806+0000] {processor.py:161} INFO - Started process (PID=1448) to work on /home/airflow/.local/lib/python3.12/site-packages/airflow/example_dags/example_xcomargs.py
[2026-06-08T12:29:05.816+0000] {processor.py:830} INFO - Processing file /home/airflow/.local/lib/python3.12/site-packages/airflow/example_dags/example_xcomargs.py for tasks to queue
[2026-06-08T12:29:05.818+0000] {logging_mixin.py:188} INFO - [2026-06-08T12:29:05.818+0000] {dagbag.py:545} INFO - Filling up the DagBag from /home/airflow/.local/lib/python3.12/site-packages/airflow/example_dags/example_xcomargs.py
[2026-06-08T12:29:05.824+0000] {processor.py:840} INFO - DAG(s) 'example_xcom_args', 'example_xcom_args_with_operators' retrieved from /home/airflow/.local/lib/python3.12/site-packages/airflow/example_dags/example_xcomargs.py
[2026-06-08T12:29:05.840+0000] {logging_mixin.py:188} INFO - [2026-06-08T12:29:05.840+0000] {dag.py:3096} INFO - Sync 2 DAGs
[2026-06-08T12:29:05.848+0000] {logging_mixin.py:188} INFO - [2026-06-08T12:29:05.848+0000] {dag.py:3954} INFO - Setting next_dagrun for example_xcom_args to None, run_after=None
[2026-06-08T12:29:05.851+0000] {logging_mixin.py:188} INFO - [2026-06-08T12:29:05.851+0000] {dag.py:3954} INFO - Setting next_dagrun for example_xcom_args_with_operators to None, run_after=None
[2026-06-08T12:29:05.861+0000] {processor.py:183} INFO - Processing /home/airflow/.local/lib/python3.12/site-packages/airflow/example_dags/example_xcomargs.py took 0.062 seconds
[2026-06-08T12:29:36.203+0000] {processor.py:161} INFO - Started process (PID=1507) to work on /home/airflow/.local/lib/python3.12/site-packages/airflow/example_dags/example_xcomargs.py
[2026-06-08T12:29:36.204+0000] {processor.py:830} INFO - Processing file /home/airflow/.local/lib/python3.12/site-packages/airflow/example_dags/example_xcomargs.py for tasks to queue
[2026-06-08T12:29:36.206+0000] {logging_mixin.py:188} INFO - [2026-06-08T12:29:36.206+0000] {dagbag.py:545} INFO - Filling up the DagBag from /home/airflow/.local/lib/python3.12/site-packages/airflow/example_dags/example_xcomargs.py
[2026-06-08T12:29:36.217+0000] {processor.py:840} INFO - DAG(s) 'example_xcom_args_with_operators', 'example_xcom_args' retrieved from /home/airflow/.local/lib/python3.12/site-packages/airflow/example_dags/example_xcomargs.py
[2026-06-08T12:29:36.241+0000] {logging_mixin.py:188} INFO - [2026-06-08T12:29:36.241+0000] {dag.py:3096} INFO - Sync 2 DAGs
[2026-06-08T12:29:36.257+0000] {logging_mixin.py:188} INFO - [2026-06-08T12:29:36.257+0000] {dag.py:3954} INFO - Setting next_dagrun for example_xcom_args to None, run_after=None
[2026-06-08T12:29:36.260+0000] {logging_mixin.py:188} INFO - [2026-06-08T12:29:36.260+0000] {dag.py:3954} INFO - Setting next_dagrun for example_xcom_args_with_operators to None, run_after=None
[2026-06-08T12:29:36.278+0000] {processor.py:183} INFO - Processing /home/airflow/.local/lib/python3.12/site-packages/airflow/example_dags/example_xcomargs.py took 0.081 seconds
[2026-06-08T12:30:06.834+0000] {processor.py:161} INFO - Started process (PID=1566) to work on /home/airflow/.local/lib/python3.12/site-packages/airflow/example_dags/example_xcomargs.py
[2026-06-08T12:30:06.835+0000] {processor.py:830} INFO - Processing file /home/airflow/.local/lib/python3.12/site-packages/airflow/example_dags/example_xcomargs.py for tasks to queue
[2026-06-08T12:30:06.837+0000] {logging_mixin.py:188} INFO - [2026-06-08T12:30:06.836+0000] {dagbag.py:545} INFO - Filling up the DagBag from /home/airflow/.local/lib/python3.12/site-packages/airflow/example_dags/example_xcomargs.py
[2026-06-08T12:30:06.845+0000] {processor.py:840} INFO - DAG(s) 'example_xcom_args_with_operators', 'example_xcom_args' retrieved from /home/airflow/.local/lib/python3.12/site-packages/airflow/example_dags/example_xcomargs.py
[2026-06-08T12:30:06.872+0000] {logging_mixin.py:188} INFO - [2026-06-08T12:30:06.872+0000] {dag.py:3096} INFO - Sync 2 DAGs
[2026-06-08T12:30:06.887+0000] {logging_mixin.py:188} INFO - [2026-06-08T12:30:06.887+0000] {dag.py:3954} INFO - Setting next_dagrun for example_xcom_args to None, run_after=None
[2026-06-08T12:30:06.892+0000] {logging_mixin.py:188} INFO - [2026-06-08T12:30:06.892+0000] {dag.py:3954} INFO - Setting next_dagrun for example_xcom_args_with_operators to None, run_after=None
[2026-06-08T12:30:06.912+0000] {processor.py:183} INFO - Processing /home/airflow/.local/lib/python3.12/site-packages/airflow/example_dags/example_xcomargs.py took 0.084 seconds
[2026-06-08T12:30:37.554+0000] {processor.py:161} INFO - Started process (PID=1625) to work on /home/airflow/.local/lib/python3.12/site-packages/airflow/example_dags/example_xcomargs.py
[2026-06-08T12:30:37.555+0000] {processor.py:830} INFO - Processing file /home/airflow/.local/lib/python3.12/site-packages/airflow/example_dags/example_xcomargs.py for tasks to queue
[2026-06-08T12:30:37.557+0000] {logging_mixin.py:188} INFO - [2026-06-08T12:30:37.556+0000] {dagbag.py:545} INFO - Filling up the DagBag from /home/airflow/.local/lib/python3.12/site-packages/airflow/example_dags/example_xcomargs.py
[2026-06-08T12:30:37.565+0000] {processor.py:840} INFO - DAG(s) 'example_xcom_args_with_operators', 'example_xcom_args' retrieved from /home/airflow/.local/lib/python3.12/site-packages/airflow/example_dags/example_xcomargs.py
[2026-06-08T12:30:37.588+0000] {logging_mixin.py:188} INFO - [2026-06-08T12:30:37.588+0000] {dag.py:3096} INFO - Sync 2 DAGs
[2026-06-08T12:30:37.603+0000] {logging_mixin.py:188} INFO - [2026-06-08T12:30:37.602+0000] {dag.py:3954} INFO - Setting next_dagrun for example_xcom_args to None, run_after=None
[2026-06-08T12:30:37.607+0000] {logging_mixin.py:188} INFO - [2026-06-08T12:30:37.607+0000] {dag.py:3954} INFO - Setting next_dagrun for example_xcom_args_with_operators to None, run_after=None
[2026-06-08T12:30:37.624+0000] {processor.py:183} INFO - Processing /home/airflow/.local/lib/python3.12/site-packages/airflow/example_dags/example_xcomargs.py took 0.076 seconds
[2026-06-08T12:31:07.982+0000] {processor.py:161} INFO - Started process (PID=1684) to work on /home/airflow/.local/lib/python3.12/site-packages/airflow/example_dags/example_xcomargs.py
[2026-06-08T12:31:07.993+0000] {processor.py:830} INFO - Processing file /home/airflow/.local/lib/python3.12/site-packages/airflow/example_dags/example_xcomargs.py for tasks to queue
[2026-06-08T12:31:07.996+0000] {logging_mixin.py:188} INFO - [2026-06-08T12:31:07.995+0000] {dagbag.py:545} INFO - Filling up the DagBag from /home/airflow/.local/lib/python3.12/site-packages/airflow/example_dags/example_xcomargs.py
[2026-06-08T12:31:08.005+0000] {processor.py:840} INFO - DAG(s) 'example_xcom_args', 'example_xcom_args_with_operators' retrieved from /home/airflow/.local/lib/python3.12/site-packages/airflow/example_dags/example_xcomargs.py
[2026-06-08T12:31:08.025+0000] {logging_mixin.py:188} INFO - [2026-06-08T12:31:08.024+0000] {dag.py:3096} INFO - Sync 2 DAGs
[2026-06-08T12:31:08.034+0000] {logging_mixin.py:188} INFO - [2026-06-08T12:31:08.034+0000] {dag.py:3954} INFO - Setting next_dagrun for example_xcom_args to None, run_after=None
[2026-06-08T12:31:08.037+0000] {logging_mixin.py:188} INFO - [2026-06-08T12:31:08.037+0000] {dag.py:3954} INFO - Setting next_dagrun for example_xcom_args_with_operators to None, run_after=None
[2026-06-08T12:31:08.053+0000] {processor.py:183} INFO - Processing /home/airflow/.local/lib/python3.12/site-packages/airflow/example_dags/example_xcomargs.py took 0.080 seconds
[2026-06-08T12:31:38.367+0000] {processor.py:161} INFO - Started process (PID=1743) to work on /home/airflow/.local/lib/python3.12/site-packages/airflow/example_dags/example_xcomargs.py
[2026-06-08T12:31:38.368+0000] {processor.py:830} INFO - Processing file /home/airflow/.local/lib/python3.12/site-packages/airflow/example_dags/example_xcomargs.py for tasks to queue
[2026-06-08T12:31:38.369+0000] {logging_mixin.py:188} INFO - [2026-06-08T12:31:38.369+0000] {dagbag.py:545} INFO - Filling up the DagBag from /home/airflow/.local/lib/python3.12/site-packages/airflow/example_dags/example_xcomargs.py
[2026-06-08T12:31:38.377+0000] {processor.py:840} INFO - DAG(s) 'example_xcom_args', 'example_xcom_args_with_operators' retrieved from /home/airflow/.local/lib/python3.12/site-packages/airflow/example_dags/example_xcomargs.py
[2026-06-08T12:31:38.403+0000] {logging_mixin.py:188} INFO - [2026-06-08T12:31:38.403+0000] {dag.py:3096} INFO - Sync 2 DAGs
[2026-06-08T12:31:38.413+0000] {logging_mixin.py:188} INFO - [2026-06-08T12:31:38.413+0000] {dag.py:3954} INFO - Setting next_dagrun for example_xcom_args to None, run_after=None
[2026-06-08T12:31:38.417+0000] {logging_mixin.py:188} INFO - [2026-06-08T12:31:38.417+0000] {dag.py:3954} INFO - Setting next_dagrun for example_xcom_args_with_operators to None, run_after=None
[2026-06-08T12:31:38.427+0000] {processor.py:183} INFO - Processing /home/airflow/.local/lib/python3.12/site-packages/airflow/example_dags/example_xcomargs.py took 0.067 seconds
[2026-06-08T12:32:08.913+0000] {processor.py:161} INFO - Started process (PID=1802) to work on /home/airflow/.local/lib/python3.12/site-packages/airflow/example_dags/example_xcomargs.py
[2026-06-08T12:32:08.914+0000] {processor.py:830} INFO - Processing file /home/airflow/.local/lib/python3.12/site-packages/airflow/example_dags/example_xcomargs.py for tasks to queue
[2026-06-08T12:32:08.917+0000] {logging_mixin.py:188} INFO - [2026-06-08T12:32:08.916+0000] {dagbag.py:545} INFO - Filling up the DagBag from /home/airflow/.local/lib/python3.12/site-packages/airflow/example_dags/example_xcomargs.py
[2026-06-08T12:32:08.926+0000] {processor.py:840} INFO - DAG(s) 'example_xcom_args_with_operators', 'example_xcom_args' retrieved from /home/airflow/.local/lib/python3.12/site-packages/airflow/example_dags/example_xcomargs.py
[2026-06-08T12:32:08.953+0000] {logging_mixin.py:188} INFO - [2026-06-08T12:32:08.953+0000] {dag.py:3096} INFO - Sync 2 DAGs
[2026-06-08T12:32:08.965+0000] {logging_mixin.py:188} INFO - [2026-06-08T12:32:08.965+0000] {dag.py:3954} INFO - Setting next_dagrun for example_xcom_args to None, run_after=None
[2026-06-08T12:32:08.968+0000] {logging_mixin.py:188} INFO - [2026-06-08T12:32:08.968+0000] {dag.py:3954} INFO - Setting next_dagrun for example_xcom_args_with_operators to None, run_after=None
[2026-06-08T12:32:08.984+0000] {processor.py:183} INFO - Processing /home/airflow/.local/lib/python3.12/site-packages/airflow/example_dags/example_xcomargs.py took 0.077 seconds
[2026-06-08T12:32:39.585+0000] {processor.py:161} INFO - Started process (PID=1861) to work on /home/airflow/.local/lib/python3.12/site-packages/airflow/example_dags/example_xcomargs.py
[2026-06-08T12:32:39.596+0000] {processor.py:830} INFO - Processing file /home/airflow/.local/lib/python3.12/site-packages/airflow/example_dags/example_xcomargs.py for tasks to queue
[2026-06-08T12:32:39.597+0000] {logging_mixin.py:188} INFO - [2026-06-08T12:32:39.597+0000] {dagbag.py:545} INFO - Filling up the DagBag from /home/airflow/.local/lib/python3.12/site-packages/airflow/example_dags/example_xcomargs.py
[2026-06-08T12:32:39.604+0000] {processor.py:840} INFO - DAG(s) 'example_xcom_args_with_operators', 'example_xcom_args' retrieved from /home/airflow/.local/lib/python3.12/site-packages/airflow/example_dags/example_xcomargs.py
[2026-06-08T12:32:39.623+0000] {logging_mixin.py:188} INFO - [2026-06-08T12:32:39.622+0000] {dag.py:3096} INFO - Sync 2 DAGs
[2026-06-08T12:32:39.633+0000] {logging_mixin.py:188} INFO - [2026-06-08T12:32:39.633+0000] {dag.py:3954} INFO - Setting next_dagrun for example_xcom_args to None, run_after=None
[2026-06-08T12:32:39.636+0000] {logging_mixin.py:188} INFO - [2026-06-08T12:32:39.636+0000] {dag.py:3954} INFO - Setting next_dagrun for example_xcom_args_with_operators to None, run_after=None
[2026-06-08T12:32:39.650+0000] {processor.py:183} INFO - Processing /home/airflow/.local/lib/python3.12/site-packages/airflow/example_dags/example_xcomargs.py took 0.074 seconds
[2026-06-08T12:33:09.756+0000] {processor.py:161} INFO - Started process (PID=1920) to work on /home/airflow/.local/lib/python3.12/site-packages/airflow/example_dags/example_xcomargs.py
[2026-06-08T12:33:09.757+0000] {processor.py:830} INFO - Processing file /home/airflow/.local/lib/python3.12/site-packages/airflow/example_dags/example_xcomargs.py for tasks to queue
[2026-06-08T12:33:09.759+0000] {logging_mixin.py:188} INFO - [2026-06-08T12:33:09.759+0000] {dagbag.py:545} INFO - Filling up the DagBag from /home/airflow/.local/lib/python3.12/site-packages/airflow/example_dags/example_xcomargs.py
[2026-06-08T12:33:09.767+0000] {processor.py:840} INFO - DAG(s) 'example_xcom_args', 'example_xcom_args_with_operators' retrieved from /home/airflow/.local/lib/python3.12/site-packages/airflow/example_dags/example_xcomargs.py
[2026-06-08T12:33:09.794+0000] {logging_mixin.py:188} INFO - [2026-06-08T12:33:09.794+0000] {dag.py:3096} INFO - Sync 2 DAGs
[2026-06-08T12:33:09.803+0000] {logging_mixin.py:188} INFO - [2026-06-08T12:33:09.803+0000] {dag.py:3954} INFO - Setting next_dagrun for example_xcom_args to None, run_after=None
[2026-06-08T12:33:09.805+0000] {logging_mixin.py:188} INFO - [2026-06-08T12:33:09.805+0000] {dag.py:3954} INFO - Setting next_dagrun for example_xcom_args_with_operators to None, run_after=None
[2026-06-08T12:33:09.816+0000] {processor.py:183} INFO - Processing /home/airflow/.local/lib/python3.12/site-packages/airflow/example_dags/example_xcomargs.py took 0.066 seconds
[2026-06-08T12:33:40.863+0000] {processor.py:161} INFO - Started process (PID=1979) to work on /home/airflow/.local/lib/python3.12/site-packages/airflow/example_dags/example_xcomargs.py
[2026-06-08T12:33:40.864+0000] {processor.py:830} INFO - Processing file /home/airflow/.local/lib/python3.12/site-packages/airflow/example_dags/example_xcomargs.py for tasks to queue
[2026-06-08T12:33:40.865+0000] {logging_mixin.py:188} INFO - [2026-06-08T12:33:40.865+0000] {dagbag.py:545} INFO - Filling up the DagBag from /home/airflow/.local/lib/python3.12/site-packages/airflow/example_dags/example_xcomargs.py
[2026-06-08T12:33:40.870+0000] {processor.py:840} INFO - DAG(s) 'example_xcom_args_with_operators', 'example_xcom_args' retrieved from /home/airflow/.local/lib/python3.12/site-packages/airflow/example_dags/example_xcomargs.py
[2026-06-08T12:33:40.887+0000] {logging_mixin.py:188} INFO - [2026-06-08T12:33:40.887+0000] {dag.py:3096} INFO - Sync 2 DAGs
[2026-06-08T12:33:40.897+0000] {logging_mixin.py:188} INFO - [2026-06-08T12:33:40.896+0000] {dag.py:3954} INFO - Setting next_dagrun for example_xcom_args to None, run_after=None
[2026-06-08T12:33:40.899+0000] {logging_mixin.py:188} INFO - [2026-06-08T12:33:40.899+0000] {dag.py:3954} INFO - Setting next_dagrun for example_xcom_args_with_operators to None, run_after=None
[2026-06-08T12:33:40.911+0000] {processor.py:183} INFO - Processing /home/airflow/.local/lib/python3.12/site-packages/airflow/example_dags/example_xcomargs.py took 0.053 seconds
[2026-06-08T12:34:11.746+0000] {processor.py:161} INFO - Started process (PID=2038) to work on /home/airflow/.local/lib/python3.12/site-packages/airflow/example_dags/example_xcomargs.py
[2026-06-08T12:34:11.747+0000] {processor.py:830} INFO - Processing file /home/airflow/.local/lib/python3.12/site-packages/airflow/example_dags/example_xcomargs.py for tasks to queue
[2026-06-08T12:34:11.749+0000] {logging_mixin.py:188} INFO - [2026-06-08T12:34:11.748+0000] {dagbag.py:545} INFO - Filling up the DagBag from /home/airflow/.local/lib/python3.12/site-packages/airflow/example_dags/example_xcomargs.py
[2026-06-08T12:34:11.757+0000] {processor.py:840} INFO - DAG(s) 'example_xcom_args_with_operators', 'example_xcom_args' retrieved from /home/airflow/.local/lib/python3.12/site-packages/airflow/example_dags/example_xcomargs.py
[2026-06-08T12:34:11.775+0000] {logging_mixin.py:188} INFO - [2026-06-08T12:34:11.775+0000] {dag.py:3096} INFO - Sync 2 DAGs
[2026-06-08T12:34:11.785+0000] {logging_mixin.py:188} INFO - [2026-06-08T12:34:11.785+0000] {dag.py:3954} INFO - Setting next_dagrun for example_xcom_args to None, run_after=None
[2026-06-08T12:34:11.788+0000] {logging_mixin.py:188} INFO - [2026-06-08T12:34:11.788+0000] {dag.py:3954} INFO - Setting next_dagrun for example_xcom_args_with_operators to None, run_after=None
[2026-06-08T12:34:11.801+0000] {processor.py:183} INFO - Processing /home/airflow/.local/lib/python3.12/site-packages/airflow/example_dags/example_xcomargs.py took 0.061 seconds
[2026-06-08T12:34:42.746+0000] {processor.py:161} INFO - Started process (PID=2097) to work on /home/airflow/.local/lib/python3.12/site-packages/airflow/example_dags/example_xcomargs.py
[2026-06-08T12:34:42.747+0000] {processor.py:830} INFO - Processing file /home/airflow/.local/lib/python3.12/site-packages/airflow/example_dags/example_xcomargs.py for tasks to queue
[2026-06-08T12:34:42.749+0000] {logging_mixin.py:188} INFO - [2026-06-08T12:34:42.748+0000] {dagbag.py:545} INFO - Filling up the DagBag from /home/airflow/.local/lib/python3.12/site-packages/airflow/example_dags/example_xcomargs.py
[2026-06-08T12:34:42.885+0000] {processor.py:840} INFO - DAG(s) 'example_xcom_args_with_operators', 'example_xcom_args' retrieved from /home/airflow/.local/lib/python3.12/site-packages/airflow/example_dags/example_xcomargs.py
[2026-06-08T12:34:42.900+0000] {logging_mixin.py:188} INFO - [2026-06-08T12:34:42.900+0000] {dag.py:3096} INFO - Sync 2 DAGs
[2026-06-08T12:34:42.907+0000] {logging_mixin.py:188} INFO - [2026-06-08T12:34:42.907+0000] {dag.py:3954} INFO - Setting next_dagrun for example_xcom_args to None, run_after=None
[2026-06-08T12:34:42.909+0000] {logging_mixin.py:188} INFO - [2026-06-08T12:34:42.909+0000] {dag.py:3954} INFO - Setting next_dagrun for example_xcom_args_with_operators to None, run_after=None
[2026-06-08T12:34:42.932+0000] {processor.py:183} INFO - Processing /home/airflow/.local/lib/python3.12/site-packages/airflow/example_dags/example_xcomargs.py took 0.191 seconds
[2026-06-08T12:35:13.916+0000] {processor.py:161} INFO - Started process (PID=2156) to work on /home/airflow/.local/lib/python3.12/site-packages/airflow/example_dags/example_xcomargs.py
[2026-06-08T12:35:13.923+0000] {processor.py:830} INFO - Processing file /home/airflow/.local/lib/python3.12/site-packages/airflow/example_dags/example_xcomargs.py for tasks to queue
[2026-06-08T12:35:13.926+0000] {logging_mixin.py:188} INFO - [2026-06-08T12:35:13.925+0000] {dagbag.py:545} INFO - Filling up the DagBag from /home/airflow/.local/lib/python3.12/site-packages/airflow/example_dags/example_xcomargs.py
[2026-06-08T12:35:13.935+0000] {processor.py:840} INFO - DAG(s) 'example_xcom_args_with_operators', 'example_xcom_args' retrieved from /home/airflow/.local/lib/python3.12/site-packages/airflow/example_dags/example_xcomargs.py
[2026-06-08T12:35:13.958+0000] {logging_mixin.py:188} INFO - [2026-06-08T12:35:13.958+0000] {dag.py:3096} INFO - Sync 2 DAGs
[2026-06-08T12:35:13.966+0000] {logging_mixin.py:188} INFO - [2026-06-08T12:35:13.966+0000] {dag.py:3954} INFO - Setting next_dagrun for example_xcom_args to None, run_after=None
[2026-06-08T12:35:13.968+0000] {logging_mixin.py:188} INFO - [2026-06-08T12:35:13.968+0000] {dag.py:3954} INFO - Setting next_dagrun for example_xcom_args_with_operators to None, run_after=None
[2026-06-08T12:35:13.980+0000] {processor.py:183} INFO - Processing /home/airflow/.local/lib/python3.12/site-packages/airflow/example_dags/example_xcomargs.py took 0.068 seconds
[2026-06-08T12:35:44.451+0000] {processor.py:161} INFO - Started process (PID=2215) to work on /home/airflow/.local/lib/python3.12/site-packages/airflow/example_dags/example_xcomargs.py
[2026-06-08T12:35:44.454+0000] {processor.py:830} INFO - Processing file /home/airflow/.local/lib/python3.12/site-packages/airflow/example_dags/example_xcomargs.py for tasks to queue
[2026-06-08T12:35:44.456+0000] {logging_mixin.py:188} INFO - [2026-06-08T12:35:44.455+0000] {dagbag.py:545} INFO - Filling up the DagBag from /home/airflow/.local/lib/python3.12/site-packages/airflow/example_dags/example_xcomargs.py
[2026-06-08T12:35:44.463+0000] {processor.py:840} INFO - DAG(s) 'example_xcom_args_with_operators', 'example_xcom_args' retrieved from /home/airflow/.local/lib/python3.12/site-packages/airflow/example_dags/example_xcomargs.py
[2026-06-08T12:35:44.479+0000] {logging_mixin.py:188} INFO - [2026-06-08T12:35:44.479+0000] {dag.py:3096} INFO - Sync 2 DAGs
[2026-06-08T12:35:44.488+0000] {logging_mixin.py:188} INFO - [2026-06-08T12:35:44.487+0000] {dag.py:3954} INFO - Setting next_dagrun for example_xcom_args to None, run_after=None
[2026-06-08T12:35:44.490+0000] {logging_mixin.py:188} INFO - [2026-06-08T12:35:44.490+0000] {dag.py:3954} INFO - Setting next_dagrun for example_xcom_args_with_operators to None, run_after=None
[2026-06-08T12:35:44.500+0000] {processor.py:183} INFO - Processing /home/airflow/.local/lib/python3.12/site-packages/airflow/example_dags/example_xcomargs.py took 0.057 seconds
[2026-06-08T12:36:14.983+0000] {processor.py:161} INFO - Started process (PID=2274) to work on /home/airflow/.local/lib/python3.12/site-packages/airflow/example_dags/example_xcomargs.py
[2026-06-08T12:36:14.984+0000] {processor.py:830} INFO - Processing file /home/airflow/.local/lib/python3.12/site-packages/airflow/example_dags/example_xcomargs.py for tasks to queue
[2026-06-08T12:36:14.986+0000] {logging_mixin.py:188} INFO - [2026-06-08T12:36:14.986+0000] {dagbag.py:545} INFO - Filling up the DagBag from /home/airflow/.local/lib/python3.12/site-packages/airflow/example_dags/example_xcomargs.py
[2026-06-08T12:36:14.995+0000] {processor.py:840} INFO - DAG(s) 'example_xcom_args_with_operators', 'example_xcom_args' retrieved from /home/airflow/.local/lib/python3.12/site-packages/airflow/example_dags/example_xcomargs.py
[2026-06-08T12:36:15.026+0000] {logging_mixin.py:188} INFO - [2026-06-08T12:36:15.025+0000] {dag.py:3096} INFO - Sync 2 DAGs
[2026-06-08T12:36:15.036+0000] {logging_mixin.py:188} INFO - [2026-06-08T12:36:15.036+0000] {dag.py:3954} INFO - Setting next_dagrun for example_xcom_args to None, run_after=None
[2026-06-08T12:36:15.039+0000] {logging_mixin.py:188} INFO - [2026-06-08T12:36:15.039+0000] {dag.py:3954} INFO - Setting next_dagrun for example_xcom_args_with_operators to None, run_after=None
[2026-06-08T12:36:15.051+0000] {processor.py:183} INFO - Processing /home/airflow/.local/lib/python3.12/site-packages/airflow/example_dags/example_xcomargs.py took 0.077 seconds
[2026-06-08T12:36:45.646+0000] {processor.py:161} INFO - Started process (PID=2333) to work on /home/airflow/.local/lib/python3.12/site-packages/airflow/example_dags/example_xcomargs.py
[2026-06-08T12:36:45.646+0000] {processor.py:830} INFO - Processing file /home/airflow/.local/lib/python3.12/site-packages/airflow/example_dags/example_xcomargs.py for tasks to queue
[2026-06-08T12:36:45.648+0000] {logging_mixin.py:188} INFO - [2026-06-08T12:36:45.647+0000] {dagbag.py:545} INFO - Filling up the DagBag from /home/airflow/.local/lib/python3.12/site-packages/airflow/example_dags/example_xcomargs.py
[2026-06-08T12:36:45.653+0000] {processor.py:840} INFO - DAG(s) 'example_xcom_args', 'example_xcom_args_with_operators' retrieved from /home/airflow/.local/lib/python3.12/site-packages/airflow/example_dags/example_xcomargs.py
[2026-06-08T12:36:45.670+0000] {logging_mixin.py:188} INFO - [2026-06-08T12:36:45.670+0000] {dag.py:3096} INFO - Sync 2 DAGs
[2026-06-08T12:36:45.680+0000] {logging_mixin.py:188} INFO - [2026-06-08T12:36:45.680+0000] {dag.py:3954} INFO - Setting next_dagrun for example_xcom_args to None, run_after=None
[2026-06-08T12:36:45.682+0000] {logging_mixin.py:188} INFO - [2026-06-08T12:36:45.682+0000] {dag.py:3954} INFO - Setting next_dagrun for example_xcom_args_with_operators to None, run_after=None
[2026-06-08T12:36:45.696+0000] {processor.py:183} INFO - Processing /home/airflow/.local/lib/python3.12/site-packages/airflow/example_dags/example_xcomargs.py took 0.055 seconds
[2026-06-08T12:37:15.863+0000] {processor.py:161} INFO - Started process (PID=2392) to work on /home/airflow/.local/lib/python3.12/site-packages/airflow/example_dags/example_xcomargs.py
[2026-06-08T12:37:15.864+0000] {processor.py:830} INFO - Processing file /home/airflow/.local/lib/python3.12/site-packages/airflow/example_dags/example_xcomargs.py for tasks to queue
[2026-06-08T12:37:15.867+0000] {logging_mixin.py:188} INFO - [2026-06-08T12:37:15.866+0000] {dagbag.py:545} INFO - Filling up the DagBag from /home/airflow/.local/lib/python3.12/site-packages/airflow/example_dags/example_xcomargs.py
[2026-06-08T12:37:15.873+0000] {processor.py:840} INFO - DAG(s) 'example_xcom_args', 'example_xcom_args_with_operators' retrieved from /home/airflow/.local/lib/python3.12/site-packages/airflow/example_dags/example_xcomargs.py
[2026-06-08T12:37:15.902+0000] {logging_mixin.py:188} INFO - [2026-06-08T12:37:15.902+0000] {dag.py:3096} INFO - Sync 2 DAGs
[2026-06-08T12:37:15.917+0000] {logging_mixin.py:188} INFO - [2026-06-08T12:37:15.917+0000] {dag.py:3954} INFO - Setting next_dagrun for example_xcom_args to None, run_after=None
[2026-06-08T12:37:15.920+0000] {logging_mixin.py:188} INFO - [2026-06-08T12:37:15.919+0000] {dag.py:3954} INFO - Setting next_dagrun for example_xcom_args_with_operators to None, run_after=None
[2026-06-08T12:37:15.935+0000] {processor.py:183} INFO - Processing /home/airflow/.local/lib/python3.12/site-packages/airflow/example_dags/example_xcomargs.py took 0.081 seconds
[2026-06-08T12:37:46.187+0000] {processor.py:161} INFO - Started process (PID=2451) to work on /home/airflow/.local/lib/python3.12/site-packages/airflow/example_dags/example_xcomargs.py
[2026-06-08T12:37:46.187+0000] {processor.py:830} INFO - Processing file /home/airflow/.local/lib/python3.12/site-packages/airflow/example_dags/example_xcomargs.py for tasks to queue
[2026-06-08T12:37:46.188+0000] {logging_mixin.py:188} INFO - [2026-06-08T12:37:46.188+0000] {dagbag.py:545} INFO - Filling up the DagBag from /home/airflow/.local/lib/python3.12/site-packages/airflow/example_dags/example_xcomargs.py
[2026-06-08T12:37:46.193+0000] {processor.py:840} INFO - DAG(s) 'example_xcom_args_with_operators', 'example_xcom_args' retrieved from /home/airflow/.local/lib/python3.12/site-packages/airflow/example_dags/example_xcomargs.py
[2026-06-08T12:37:46.212+0000] {logging_mixin.py:188} INFO - [2026-06-08T12:37:46.212+0000] {dag.py:3096} INFO - Sync 2 DAGs
[2026-06-08T12:37:46.220+0000] {logging_mixin.py:188} INFO - [2026-06-08T12:37:46.220+0000] {dag.py:3954} INFO - Setting next_dagrun for example_xcom_args to None, run_after=None
[2026-06-08T12:37:46.223+0000] {logging_mixin.py:188} INFO - [2026-06-08T12:37:46.223+0000] {dag.py:3954} INFO - Setting next_dagrun for example_xcom_args_with_operators to None, run_after=None
[2026-06-08T12:37:46.233+0000] {processor.py:183} INFO - Processing /home/airflow/.local/lib/python3.12/site-packages/airflow/example_dags/example_xcomargs.py took 0.050 seconds
