[2026-06-08T12:17:51.704+0000] {processor.py:161} INFO - Started process (PID=74) to work on /home/airflow/.local/lib/python3.12/site-packages/airflow/example_dags/example_task_group_decorator.py
[2026-06-08T12:17:51.705+0000] {processor.py:830} INFO - Processing file /home/airflow/.local/lib/python3.12/site-packages/airflow/example_dags/example_task_group_decorator.py for tasks to queue
[2026-06-08T12:17:51.707+0000] {logging_mixin.py:188} INFO - [2026-06-08T12:17:51.706+0000] {dagbag.py:545} INFO - Filling up the DagBag from /home/airflow/.local/lib/python3.12/site-packages/airflow/example_dags/example_task_group_decorator.py
[2026-06-08T12:17:51.719+0000] {processor.py:840} INFO - DAG(s) 'example_task_group_decorator' retrieved from /home/airflow/.local/lib/python3.12/site-packages/airflow/example_dags/example_task_group_decorator.py
[2026-06-08T12:17:51.730+0000] {logging_mixin.py:188} INFO - [2026-06-08T12:17:51.730+0000] {dag.py:3096} INFO - Sync 1 DAGs
[2026-06-08T12:17:51.755+0000] {logging_mixin.py:188} INFO - [2026-06-08T12:17:51.755+0000] {dag.py:3954} INFO - Setting next_dagrun for example_task_group_decorator to 2026-06-07 00:00:00+00:00, run_after=2026-06-08 00:00:00+00:00
[2026-06-08T12:17:51.778+0000] {processor.py:183} INFO - Processing /home/airflow/.local/lib/python3.12/site-packages/airflow/example_dags/example_task_group_decorator.py took 0.079 seconds
[2026-06-08T12:18:22.972+0000] {processor.py:161} INFO - Started process (PID=138) to work on /home/airflow/.local/lib/python3.12/site-packages/airflow/example_dags/example_task_group_decorator.py
[2026-06-08T12:18:22.972+0000] {processor.py:830} INFO - Processing file /home/airflow/.local/lib/python3.12/site-packages/airflow/example_dags/example_task_group_decorator.py for tasks to queue
[2026-06-08T12:18:22.974+0000] {logging_mixin.py:188} INFO - [2026-06-08T12:18:22.974+0000] {dagbag.py:545} INFO - Filling up the DagBag from /home/airflow/.local/lib/python3.12/site-packages/airflow/example_dags/example_task_group_decorator.py
[2026-06-08T12:18:22.991+0000] {processor.py:840} INFO - DAG(s) 'example_task_group_decorator' retrieved from /home/airflow/.local/lib/python3.12/site-packages/airflow/example_dags/example_task_group_decorator.py
[2026-06-08T12:18:23.071+0000] {logging_mixin.py:188} INFO - [2026-06-08T12:18:23.071+0000] {dag.py:3096} INFO - Sync 1 DAGs
[2026-06-08T12:18:23.083+0000] {logging_mixin.py:188} INFO - [2026-06-08T12:18:23.083+0000] {dag.py:3954} INFO - Setting next_dagrun for example_task_group_decorator to 2026-06-07 00:00:00+00:00, run_after=2026-06-08 00:00:00+00:00
[2026-06-08T12:18:23.096+0000] {processor.py:183} INFO - Processing /home/airflow/.local/lib/python3.12/site-packages/airflow/example_dags/example_task_group_decorator.py took 0.130 seconds
[2026-06-08T12:18:54.089+0000] {processor.py:161} INFO - Started process (PID=196) to work on /home/airflow/.local/lib/python3.12/site-packages/airflow/example_dags/example_task_group_decorator.py
[2026-06-08T12:18:54.090+0000] {processor.py:830} INFO - Processing file /home/airflow/.local/lib/python3.12/site-packages/airflow/example_dags/example_task_group_decorator.py for tasks to queue
[2026-06-08T12:18:54.091+0000] {logging_mixin.py:188} INFO - [2026-06-08T12:18:54.091+0000] {dagbag.py:545} INFO - Filling up the DagBag from /home/airflow/.local/lib/python3.12/site-packages/airflow/example_dags/example_task_group_decorator.py
[2026-06-08T12:18:54.101+0000] {processor.py:840} INFO - DAG(s) 'example_task_group_decorator' retrieved from /home/airflow/.local/lib/python3.12/site-packages/airflow/example_dags/example_task_group_decorator.py
[2026-06-08T12:18:54.118+0000] {logging_mixin.py:188} INFO - [2026-06-08T12:18:54.118+0000] {dag.py:3096} INFO - Sync 1 DAGs
[2026-06-08T12:18:54.134+0000] {logging_mixin.py:188} INFO - [2026-06-08T12:18:54.134+0000] {dag.py:3954} INFO - Setting next_dagrun for example_task_group_decorator to 2026-06-07 00:00:00+00:00, run_after=2026-06-08 00:00:00+00:00
[2026-06-08T12:18:54.149+0000] {processor.py:183} INFO - Processing /home/airflow/.local/lib/python3.12/site-packages/airflow/example_dags/example_task_group_decorator.py took 0.066 seconds
[2026-06-08T12:19:24.372+0000] {processor.py:161} INFO - Started process (PID=254) to work on /home/airflow/.local/lib/python3.12/site-packages/airflow/example_dags/example_task_group_decorator.py
[2026-06-08T12:19:24.383+0000] {processor.py:830} INFO - Processing file /home/airflow/.local/lib/python3.12/site-packages/airflow/example_dags/example_task_group_decorator.py for tasks to queue
[2026-06-08T12:19:24.385+0000] {logging_mixin.py:188} INFO - [2026-06-08T12:19:24.385+0000] {dagbag.py:545} INFO - Filling up the DagBag from /home/airflow/.local/lib/python3.12/site-packages/airflow/example_dags/example_task_group_decorator.py
[2026-06-08T12:19:24.401+0000] {processor.py:840} INFO - DAG(s) 'example_task_group_decorator' retrieved from /home/airflow/.local/lib/python3.12/site-packages/airflow/example_dags/example_task_group_decorator.py
[2026-06-08T12:19:24.437+0000] {logging_mixin.py:188} INFO - [2026-06-08T12:19:24.437+0000] {dag.py:3096} INFO - Sync 1 DAGs
[2026-06-08T12:19:24.471+0000] {logging_mixin.py:188} INFO - [2026-06-08T12:19:24.470+0000] {dag.py:3954} INFO - Setting next_dagrun for example_task_group_decorator to 2026-06-07 00:00:00+00:00, run_after=2026-06-08 00:00:00+00:00
[2026-06-08T12:19:24.501+0000] {processor.py:183} INFO - Processing /home/airflow/.local/lib/python3.12/site-packages/airflow/example_dags/example_task_group_decorator.py took 0.143 seconds
[2026-06-08T12:19:54.887+0000] {processor.py:161} INFO - Started process (PID=312) to work on /home/airflow/.local/lib/python3.12/site-packages/airflow/example_dags/example_task_group_decorator.py
[2026-06-08T12:19:54.888+0000] {processor.py:830} INFO - Processing file /home/airflow/.local/lib/python3.12/site-packages/airflow/example_dags/example_task_group_decorator.py for tasks to queue
[2026-06-08T12:19:54.890+0000] {logging_mixin.py:188} INFO - [2026-06-08T12:19:54.889+0000] {dagbag.py:545} INFO - Filling up the DagBag from /home/airflow/.local/lib/python3.12/site-packages/airflow/example_dags/example_task_group_decorator.py
[2026-06-08T12:19:54.908+0000] {processor.py:840} INFO - DAG(s) 'example_task_group_decorator' retrieved from /home/airflow/.local/lib/python3.12/site-packages/airflow/example_dags/example_task_group_decorator.py
[2026-06-08T12:19:54.939+0000] {logging_mixin.py:188} INFO - [2026-06-08T12:19:54.939+0000] {dag.py:3096} INFO - Sync 1 DAGs
[2026-06-08T12:19:54.957+0000] {logging_mixin.py:188} INFO - [2026-06-08T12:19:54.957+0000] {dag.py:3954} INFO - Setting next_dagrun for example_task_group_decorator to 2026-06-07 00:00:00+00:00, run_after=2026-06-08 00:00:00+00:00
[2026-06-08T12:19:54.972+0000] {processor.py:183} INFO - Processing /home/airflow/.local/lib/python3.12/site-packages/airflow/example_dags/example_task_group_decorator.py took 0.094 seconds
[2026-06-08T12:20:25.417+0000] {processor.py:161} INFO - Started process (PID=370) to work on /home/airflow/.local/lib/python3.12/site-packages/airflow/example_dags/example_task_group_decorator.py
[2026-06-08T12:20:25.418+0000] {processor.py:830} INFO - Processing file /home/airflow/.local/lib/python3.12/site-packages/airflow/example_dags/example_task_group_decorator.py for tasks to queue
[2026-06-08T12:20:25.420+0000] {logging_mixin.py:188} INFO - [2026-06-08T12:20:25.420+0000] {dagbag.py:545} INFO - Filling up the DagBag from /home/airflow/.local/lib/python3.12/site-packages/airflow/example_dags/example_task_group_decorator.py
[2026-06-08T12:20:25.431+0000] {processor.py:840} INFO - DAG(s) 'example_task_group_decorator' retrieved from /home/airflow/.local/lib/python3.12/site-packages/airflow/example_dags/example_task_group_decorator.py
[2026-06-08T12:20:25.453+0000] {logging_mixin.py:188} INFO - [2026-06-08T12:20:25.453+0000] {dag.py:3096} INFO - Sync 1 DAGs
[2026-06-08T12:20:25.467+0000] {logging_mixin.py:188} INFO - [2026-06-08T12:20:25.466+0000] {dag.py:3954} INFO - Setting next_dagrun for example_task_group_decorator to 2026-06-07 00:00:00+00:00, run_after=2026-06-08 00:00:00+00:00
[2026-06-08T12:20:25.482+0000] {processor.py:183} INFO - Processing /home/airflow/.local/lib/python3.12/site-packages/airflow/example_dags/example_task_group_decorator.py took 0.074 seconds
[2026-06-08T12:20:55.988+0000] {processor.py:161} INFO - Started process (PID=428) to work on /home/airflow/.local/lib/python3.12/site-packages/airflow/example_dags/example_task_group_decorator.py
[2026-06-08T12:20:55.989+0000] {processor.py:830} INFO - Processing file /home/airflow/.local/lib/python3.12/site-packages/airflow/example_dags/example_task_group_decorator.py for tasks to queue
[2026-06-08T12:20:55.990+0000] {logging_mixin.py:188} INFO - [2026-06-08T12:20:55.990+0000] {dagbag.py:545} INFO - Filling up the DagBag from /home/airflow/.local/lib/python3.12/site-packages/airflow/example_dags/example_task_group_decorator.py
[2026-06-08T12:20:55.999+0000] {processor.py:840} INFO - DAG(s) 'example_task_group_decorator' retrieved from /home/airflow/.local/lib/python3.12/site-packages/airflow/example_dags/example_task_group_decorator.py
[2026-06-08T12:20:56.017+0000] {logging_mixin.py:188} INFO - [2026-06-08T12:20:56.017+0000] {dag.py:3096} INFO - Sync 1 DAGs
[2026-06-08T12:20:56.031+0000] {logging_mixin.py:188} INFO - [2026-06-08T12:20:56.030+0000] {dag.py:3954} INFO - Setting next_dagrun for example_task_group_decorator to 2026-06-07 00:00:00+00:00, run_after=2026-06-08 00:00:00+00:00
[2026-06-08T12:20:56.042+0000] {processor.py:183} INFO - Processing /home/airflow/.local/lib/python3.12/site-packages/airflow/example_dags/example_task_group_decorator.py took 0.062 seconds
[2026-06-08T12:21:26.066+0000] {processor.py:161} INFO - Started process (PID=486) to work on /home/airflow/.local/lib/python3.12/site-packages/airflow/example_dags/example_task_group_decorator.py
[2026-06-08T12:21:26.077+0000] {processor.py:830} INFO - Processing file /home/airflow/.local/lib/python3.12/site-packages/airflow/example_dags/example_task_group_decorator.py for tasks to queue
[2026-06-08T12:21:26.079+0000] {logging_mixin.py:188} INFO - [2026-06-08T12:21:26.079+0000] {dagbag.py:545} INFO - Filling up the DagBag from /home/airflow/.local/lib/python3.12/site-packages/airflow/example_dags/example_task_group_decorator.py
[2026-06-08T12:21:26.093+0000] {processor.py:840} INFO - DAG(s) 'example_task_group_decorator' retrieved from /home/airflow/.local/lib/python3.12/site-packages/airflow/example_dags/example_task_group_decorator.py
[2026-06-08T12:21:26.111+0000] {logging_mixin.py:188} INFO - [2026-06-08T12:21:26.110+0000] {dag.py:3096} INFO - Sync 1 DAGs
[2026-06-08T12:21:26.127+0000] {logging_mixin.py:188} INFO - [2026-06-08T12:21:26.126+0000] {dag.py:3954} INFO - Setting next_dagrun for example_task_group_decorator to 2026-06-07 00:00:00+00:00, run_after=2026-06-08 00:00:00+00:00
[2026-06-08T12:21:26.141+0000] {processor.py:183} INFO - Processing /home/airflow/.local/lib/python3.12/site-packages/airflow/example_dags/example_task_group_decorator.py took 0.082 seconds
[2026-06-08T12:21:56.759+0000] {processor.py:161} INFO - Started process (PID=566) to work on /home/airflow/.local/lib/python3.12/site-packages/airflow/example_dags/example_task_group_decorator.py
[2026-06-08T12:21:56.760+0000] {processor.py:830} INFO - Processing file /home/airflow/.local/lib/python3.12/site-packages/airflow/example_dags/example_task_group_decorator.py for tasks to queue
[2026-06-08T12:21:56.761+0000] {logging_mixin.py:188} INFO - [2026-06-08T12:21:56.760+0000] {dagbag.py:545} INFO - Filling up the DagBag from /home/airflow/.local/lib/python3.12/site-packages/airflow/example_dags/example_task_group_decorator.py
[2026-06-08T12:21:56.776+0000] {processor.py:840} INFO - DAG(s) 'example_task_group_decorator' retrieved from /home/airflow/.local/lib/python3.12/site-packages/airflow/example_dags/example_task_group_decorator.py
[2026-06-08T12:21:56.801+0000] {logging_mixin.py:188} INFO - [2026-06-08T12:21:56.800+0000] {dag.py:3096} INFO - Sync 1 DAGs
[2026-06-08T12:21:56.825+0000] {logging_mixin.py:188} INFO - [2026-06-08T12:21:56.825+0000] {dag.py:3954} INFO - Setting next_dagrun for example_task_group_decorator to 2026-06-07 00:00:00+00:00, run_after=2026-06-08 00:00:00+00:00
[2026-06-08T12:21:56.844+0000] {processor.py:183} INFO - Processing /home/airflow/.local/lib/python3.12/site-packages/airflow/example_dags/example_task_group_decorator.py took 0.089 seconds
[2026-06-08T12:22:27.029+0000] {processor.py:161} INFO - Started process (PID=624) to work on /home/airflow/.local/lib/python3.12/site-packages/airflow/example_dags/example_task_group_decorator.py
[2026-06-08T12:22:27.030+0000] {processor.py:830} INFO - Processing file /home/airflow/.local/lib/python3.12/site-packages/airflow/example_dags/example_task_group_decorator.py for tasks to queue
[2026-06-08T12:22:27.031+0000] {logging_mixin.py:188} INFO - [2026-06-08T12:22:27.031+0000] {dagbag.py:545} INFO - Filling up the DagBag from /home/airflow/.local/lib/python3.12/site-packages/airflow/example_dags/example_task_group_decorator.py
[2026-06-08T12:22:27.041+0000] {processor.py:840} INFO - DAG(s) 'example_task_group_decorator' retrieved from /home/airflow/.local/lib/python3.12/site-packages/airflow/example_dags/example_task_group_decorator.py
[2026-06-08T12:22:27.070+0000] {logging_mixin.py:188} INFO - [2026-06-08T12:22:27.070+0000] {dag.py:3096} INFO - Sync 1 DAGs
[2026-06-08T12:22:27.086+0000] {logging_mixin.py:188} INFO - [2026-06-08T12:22:27.086+0000] {dag.py:3954} INFO - Setting next_dagrun for example_task_group_decorator to 2026-06-07 00:00:00+00:00, run_after=2026-06-08 00:00:00+00:00
[2026-06-08T12:22:27.147+0000] {processor.py:183} INFO - Processing /home/airflow/.local/lib/python3.12/site-packages/airflow/example_dags/example_task_group_decorator.py took 0.123 seconds
[2026-06-08T12:22:57.650+0000] {processor.py:161} INFO - Started process (PID=705) to work on /home/airflow/.local/lib/python3.12/site-packages/airflow/example_dags/example_task_group_decorator.py
[2026-06-08T12:22:57.651+0000] {processor.py:830} INFO - Processing file /home/airflow/.local/lib/python3.12/site-packages/airflow/example_dags/example_task_group_decorator.py for tasks to queue
[2026-06-08T12:22:57.653+0000] {logging_mixin.py:188} INFO - [2026-06-08T12:22:57.653+0000] {dagbag.py:545} INFO - Filling up the DagBag from /home/airflow/.local/lib/python3.12/site-packages/airflow/example_dags/example_task_group_decorator.py
[2026-06-08T12:22:57.668+0000] {processor.py:840} INFO - DAG(s) 'example_task_group_decorator' retrieved from /home/airflow/.local/lib/python3.12/site-packages/airflow/example_dags/example_task_group_decorator.py
[2026-06-08T12:22:57.678+0000] {logging_mixin.py:188} INFO - [2026-06-08T12:22:57.677+0000] {dag.py:3096} INFO - Sync 1 DAGs
[2026-06-08T12:22:57.702+0000] {logging_mixin.py:188} INFO - [2026-06-08T12:22:57.701+0000] {dag.py:3954} INFO - Setting next_dagrun for example_task_group_decorator to 2026-06-07 00:00:00+00:00, run_after=2026-06-08 00:00:00+00:00
[2026-06-08T12:22:57.721+0000] {processor.py:183} INFO - Processing /home/airflow/.local/lib/python3.12/site-packages/airflow/example_dags/example_task_group_decorator.py took 0.081 seconds
[2026-06-08T12:23:28.721+0000] {processor.py:161} INFO - Started process (PID=785) to work on /home/airflow/.local/lib/python3.12/site-packages/airflow/example_dags/example_task_group_decorator.py
[2026-06-08T12:23:28.722+0000] {processor.py:830} INFO - Processing file /home/airflow/.local/lib/python3.12/site-packages/airflow/example_dags/example_task_group_decorator.py for tasks to queue
[2026-06-08T12:23:28.723+0000] {logging_mixin.py:188} INFO - [2026-06-08T12:23:28.723+0000] {dagbag.py:545} INFO - Filling up the DagBag from /home/airflow/.local/lib/python3.12/site-packages/airflow/example_dags/example_task_group_decorator.py
[2026-06-08T12:23:28.731+0000] {processor.py:840} INFO - DAG(s) 'example_task_group_decorator' retrieved from /home/airflow/.local/lib/python3.12/site-packages/airflow/example_dags/example_task_group_decorator.py
[2026-06-08T12:23:28.800+0000] {logging_mixin.py:188} INFO - [2026-06-08T12:23:28.800+0000] {dag.py:3096} INFO - Sync 1 DAGs
[2026-06-08T12:23:28.812+0000] {logging_mixin.py:188} INFO - [2026-06-08T12:23:28.812+0000] {dag.py:3954} INFO - Setting next_dagrun for example_task_group_decorator to 2026-06-07 00:00:00+00:00, run_after=2026-06-08 00:00:00+00:00
[2026-06-08T12:23:28.827+0000] {processor.py:183} INFO - Processing /home/airflow/.local/lib/python3.12/site-packages/airflow/example_dags/example_task_group_decorator.py took 0.111 seconds
[2026-06-08T12:23:59.106+0000] {processor.py:161} INFO - Started process (PID=844) to work on /home/airflow/.local/lib/python3.12/site-packages/airflow/example_dags/example_task_group_decorator.py
[2026-06-08T12:23:59.107+0000] {processor.py:830} INFO - Processing file /home/airflow/.local/lib/python3.12/site-packages/airflow/example_dags/example_task_group_decorator.py for tasks to queue
[2026-06-08T12:23:59.108+0000] {logging_mixin.py:188} INFO - [2026-06-08T12:23:59.108+0000] {dagbag.py:545} INFO - Filling up the DagBag from /home/airflow/.local/lib/python3.12/site-packages/airflow/example_dags/example_task_group_decorator.py
[2026-06-08T12:23:59.117+0000] {processor.py:840} INFO - DAG(s) 'example_task_group_decorator' retrieved from /home/airflow/.local/lib/python3.12/site-packages/airflow/example_dags/example_task_group_decorator.py
[2026-06-08T12:23:59.137+0000] {logging_mixin.py:188} INFO - [2026-06-08T12:23:59.137+0000] {dag.py:3096} INFO - Sync 1 DAGs
[2026-06-08T12:23:59.155+0000] {logging_mixin.py:188} INFO - [2026-06-08T12:23:59.155+0000] {dag.py:3954} INFO - Setting next_dagrun for example_task_group_decorator to 2026-06-07 00:00:00+00:00, run_after=2026-06-08 00:00:00+00:00
[2026-06-08T12:23:59.170+0000] {processor.py:183} INFO - Processing /home/airflow/.local/lib/python3.12/site-packages/airflow/example_dags/example_task_group_decorator.py took 0.067 seconds
[2026-06-08T12:24:29.888+0000] {processor.py:161} INFO - Started process (PID=903) to work on /home/airflow/.local/lib/python3.12/site-packages/airflow/example_dags/example_task_group_decorator.py
[2026-06-08T12:24:29.889+0000] {processor.py:830} INFO - Processing file /home/airflow/.local/lib/python3.12/site-packages/airflow/example_dags/example_task_group_decorator.py for tasks to queue
[2026-06-08T12:24:29.892+0000] {logging_mixin.py:188} INFO - [2026-06-08T12:24:29.892+0000] {dagbag.py:545} INFO - Filling up the DagBag from /home/airflow/.local/lib/python3.12/site-packages/airflow/example_dags/example_task_group_decorator.py
[2026-06-08T12:24:29.906+0000] {processor.py:840} INFO - DAG(s) 'example_task_group_decorator' retrieved from /home/airflow/.local/lib/python3.12/site-packages/airflow/example_dags/example_task_group_decorator.py
[2026-06-08T12:24:29.928+0000] {logging_mixin.py:188} INFO - [2026-06-08T12:24:29.928+0000] {dag.py:3096} INFO - Sync 1 DAGs
[2026-06-08T12:24:29.941+0000] {logging_mixin.py:188} INFO - [2026-06-08T12:24:29.941+0000] {dag.py:3954} INFO - Setting next_dagrun for example_task_group_decorator to 2026-06-07 00:00:00+00:00, run_after=2026-06-08 00:00:00+00:00
[2026-06-08T12:24:29.954+0000] {processor.py:183} INFO - Processing /home/airflow/.local/lib/python3.12/site-packages/airflow/example_dags/example_task_group_decorator.py took 0.074 seconds
[2026-06-08T12:25:00.341+0000] {processor.py:161} INFO - Started process (PID=962) to work on /home/airflow/.local/lib/python3.12/site-packages/airflow/example_dags/example_task_group_decorator.py
[2026-06-08T12:25:00.342+0000] {processor.py:830} INFO - Processing file /home/airflow/.local/lib/python3.12/site-packages/airflow/example_dags/example_task_group_decorator.py for tasks to queue
[2026-06-08T12:25:00.344+0000] {logging_mixin.py:188} INFO - [2026-06-08T12:25:00.343+0000] {dagbag.py:545} INFO - Filling up the DagBag from /home/airflow/.local/lib/python3.12/site-packages/airflow/example_dags/example_task_group_decorator.py
[2026-06-08T12:25:00.361+0000] {processor.py:840} INFO - DAG(s) 'example_task_group_decorator' retrieved from /home/airflow/.local/lib/python3.12/site-packages/airflow/example_dags/example_task_group_decorator.py
[2026-06-08T12:25:00.404+0000] {logging_mixin.py:188} INFO - [2026-06-08T12:25:00.404+0000] {dag.py:3096} INFO - Sync 1 DAGs
[2026-06-08T12:25:00.427+0000] {logging_mixin.py:188} INFO - [2026-06-08T12:25:00.426+0000] {dag.py:3954} INFO - Setting next_dagrun for example_task_group_decorator to 2026-06-07 00:00:00+00:00, run_after=2026-06-08 00:00:00+00:00
[2026-06-08T12:25:00.440+0000] {processor.py:183} INFO - Processing /home/airflow/.local/lib/python3.12/site-packages/airflow/example_dags/example_task_group_decorator.py took 0.106 seconds
[2026-06-08T12:25:30.817+0000] {processor.py:161} INFO - Started process (PID=1022) to work on /home/airflow/.local/lib/python3.12/site-packages/airflow/example_dags/example_task_group_decorator.py
[2026-06-08T12:25:30.817+0000] {processor.py:830} INFO - Processing file /home/airflow/.local/lib/python3.12/site-packages/airflow/example_dags/example_task_group_decorator.py for tasks to queue
[2026-06-08T12:25:30.818+0000] {logging_mixin.py:188} INFO - [2026-06-08T12:25:30.818+0000] {dagbag.py:545} INFO - Filling up the DagBag from /home/airflow/.local/lib/python3.12/site-packages/airflow/example_dags/example_task_group_decorator.py
[2026-06-08T12:25:30.827+0000] {processor.py:840} INFO - DAG(s) 'example_task_group_decorator' retrieved from /home/airflow/.local/lib/python3.12/site-packages/airflow/example_dags/example_task_group_decorator.py
[2026-06-08T12:25:30.852+0000] {logging_mixin.py:188} INFO - [2026-06-08T12:25:30.851+0000] {dag.py:3096} INFO - Sync 1 DAGs
[2026-06-08T12:25:30.869+0000] {logging_mixin.py:188} INFO - [2026-06-08T12:25:30.869+0000] {dag.py:3954} INFO - Setting next_dagrun for example_task_group_decorator to 2026-06-07 00:00:00+00:00, run_after=2026-06-08 00:00:00+00:00
[2026-06-08T12:25:30.882+0000] {processor.py:183} INFO - Processing /home/airflow/.local/lib/python3.12/site-packages/airflow/example_dags/example_task_group_decorator.py took 0.069 seconds
[2026-06-08T12:26:01.279+0000] {processor.py:161} INFO - Started process (PID=1081) to work on /home/airflow/.local/lib/python3.12/site-packages/airflow/example_dags/example_task_group_decorator.py
[2026-06-08T12:26:01.279+0000] {processor.py:830} INFO - Processing file /home/airflow/.local/lib/python3.12/site-packages/airflow/example_dags/example_task_group_decorator.py for tasks to queue
[2026-06-08T12:26:01.280+0000] {logging_mixin.py:188} INFO - [2026-06-08T12:26:01.280+0000] {dagbag.py:545} INFO - Filling up the DagBag from /home/airflow/.local/lib/python3.12/site-packages/airflow/example_dags/example_task_group_decorator.py
[2026-06-08T12:26:01.289+0000] {processor.py:840} INFO - DAG(s) 'example_task_group_decorator' retrieved from /home/airflow/.local/lib/python3.12/site-packages/airflow/example_dags/example_task_group_decorator.py
[2026-06-08T12:26:01.307+0000] {logging_mixin.py:188} INFO - [2026-06-08T12:26:01.306+0000] {dag.py:3096} INFO - Sync 1 DAGs
[2026-06-08T12:26:01.321+0000] {logging_mixin.py:188} INFO - [2026-06-08T12:26:01.321+0000] {dag.py:3954} INFO - Setting next_dagrun for example_task_group_decorator to 2026-06-07 00:00:00+00:00, run_after=2026-06-08 00:00:00+00:00
[2026-06-08T12:26:01.342+0000] {processor.py:183} INFO - Processing /home/airflow/.local/lib/python3.12/site-packages/airflow/example_dags/example_task_group_decorator.py took 0.069 seconds
[2026-06-08T12:26:31.672+0000] {processor.py:161} INFO - Started process (PID=1140) to work on /home/airflow/.local/lib/python3.12/site-packages/airflow/example_dags/example_task_group_decorator.py
[2026-06-08T12:26:31.673+0000] {processor.py:830} INFO - Processing file /home/airflow/.local/lib/python3.12/site-packages/airflow/example_dags/example_task_group_decorator.py for tasks to queue
[2026-06-08T12:26:31.675+0000] {logging_mixin.py:188} INFO - [2026-06-08T12:26:31.674+0000] {dagbag.py:545} INFO - Filling up the DagBag from /home/airflow/.local/lib/python3.12/site-packages/airflow/example_dags/example_task_group_decorator.py
[2026-06-08T12:26:31.687+0000] {processor.py:840} INFO - DAG(s) 'example_task_group_decorator' retrieved from /home/airflow/.local/lib/python3.12/site-packages/airflow/example_dags/example_task_group_decorator.py
[2026-06-08T12:26:31.717+0000] {logging_mixin.py:188} INFO - [2026-06-08T12:26:31.717+0000] {dag.py:3096} INFO - Sync 1 DAGs
[2026-06-08T12:26:31.731+0000] {logging_mixin.py:188} INFO - [2026-06-08T12:26:31.731+0000] {dag.py:3954} INFO - Setting next_dagrun for example_task_group_decorator to 2026-06-07 00:00:00+00:00, run_after=2026-06-08 00:00:00+00:00
[2026-06-08T12:26:31.749+0000] {processor.py:183} INFO - Processing /home/airflow/.local/lib/python3.12/site-packages/airflow/example_dags/example_task_group_decorator.py took 0.083 seconds
[2026-06-08T12:27:02.208+0000] {processor.py:161} INFO - Started process (PID=1199) to work on /home/airflow/.local/lib/python3.12/site-packages/airflow/example_dags/example_task_group_decorator.py
[2026-06-08T12:27:02.209+0000] {processor.py:830} INFO - Processing file /home/airflow/.local/lib/python3.12/site-packages/airflow/example_dags/example_task_group_decorator.py for tasks to queue
[2026-06-08T12:27:02.210+0000] {logging_mixin.py:188} INFO - [2026-06-08T12:27:02.210+0000] {dagbag.py:545} INFO - Filling up the DagBag from /home/airflow/.local/lib/python3.12/site-packages/airflow/example_dags/example_task_group_decorator.py
[2026-06-08T12:27:02.220+0000] {processor.py:840} INFO - DAG(s) 'example_task_group_decorator' retrieved from /home/airflow/.local/lib/python3.12/site-packages/airflow/example_dags/example_task_group_decorator.py
[2026-06-08T12:27:02.245+0000] {logging_mixin.py:188} INFO - [2026-06-08T12:27:02.245+0000] {dag.py:3096} INFO - Sync 1 DAGs
[2026-06-08T12:27:02.260+0000] {logging_mixin.py:188} INFO - [2026-06-08T12:27:02.260+0000] {dag.py:3954} INFO - Setting next_dagrun for example_task_group_decorator to 2026-06-07 00:00:00+00:00, run_after=2026-06-08 00:00:00+00:00
[2026-06-08T12:27:02.273+0000] {processor.py:183} INFO - Processing /home/airflow/.local/lib/python3.12/site-packages/airflow/example_dags/example_task_group_decorator.py took 0.073 seconds
[2026-06-08T12:27:32.722+0000] {processor.py:161} INFO - Started process (PID=1258) to work on /home/airflow/.local/lib/python3.12/site-packages/airflow/example_dags/example_task_group_decorator.py
[2026-06-08T12:27:32.723+0000] {processor.py:830} INFO - Processing file /home/airflow/.local/lib/python3.12/site-packages/airflow/example_dags/example_task_group_decorator.py for tasks to queue
[2026-06-08T12:27:32.724+0000] {logging_mixin.py:188} INFO - [2026-06-08T12:27:32.724+0000] {dagbag.py:545} INFO - Filling up the DagBag from /home/airflow/.local/lib/python3.12/site-packages/airflow/example_dags/example_task_group_decorator.py
[2026-06-08T12:27:32.735+0000] {processor.py:840} INFO - DAG(s) 'example_task_group_decorator' retrieved from /home/airflow/.local/lib/python3.12/site-packages/airflow/example_dags/example_task_group_decorator.py
[2026-06-08T12:27:32.761+0000] {logging_mixin.py:188} INFO - [2026-06-08T12:27:32.760+0000] {dag.py:3096} INFO - Sync 1 DAGs
[2026-06-08T12:27:32.779+0000] {logging_mixin.py:188} INFO - [2026-06-08T12:27:32.778+0000] {dag.py:3954} INFO - Setting next_dagrun for example_task_group_decorator to 2026-06-07 00:00:00+00:00, run_after=2026-06-08 00:00:00+00:00
[2026-06-08T12:27:32.796+0000] {processor.py:183} INFO - Processing /home/airflow/.local/lib/python3.12/site-packages/airflow/example_dags/example_task_group_decorator.py took 0.079 seconds
[2026-06-08T12:28:03.246+0000] {processor.py:161} INFO - Started process (PID=1317) to work on /home/airflow/.local/lib/python3.12/site-packages/airflow/example_dags/example_task_group_decorator.py
[2026-06-08T12:28:03.246+0000] {processor.py:830} INFO - Processing file /home/airflow/.local/lib/python3.12/site-packages/airflow/example_dags/example_task_group_decorator.py for tasks to queue
[2026-06-08T12:28:03.248+0000] {logging_mixin.py:188} INFO - [2026-06-08T12:28:03.247+0000] {dagbag.py:545} INFO - Filling up the DagBag from /home/airflow/.local/lib/python3.12/site-packages/airflow/example_dags/example_task_group_decorator.py
[2026-06-08T12:28:03.258+0000] {processor.py:840} INFO - DAG(s) 'example_task_group_decorator' retrieved from /home/airflow/.local/lib/python3.12/site-packages/airflow/example_dags/example_task_group_decorator.py
[2026-06-08T12:28:03.281+0000] {logging_mixin.py:188} INFO - [2026-06-08T12:28:03.280+0000] {dag.py:3096} INFO - Sync 1 DAGs
[2026-06-08T12:28:03.303+0000] {logging_mixin.py:188} INFO - [2026-06-08T12:28:03.303+0000] {dag.py:3954} INFO - Setting next_dagrun for example_task_group_decorator to 2026-06-07 00:00:00+00:00, run_after=2026-06-08 00:00:00+00:00
[2026-06-08T12:28:03.352+0000] {processor.py:183} INFO - Processing /home/airflow/.local/lib/python3.12/site-packages/airflow/example_dags/example_task_group_decorator.py took 0.111 seconds
[2026-06-08T12:28:33.821+0000] {processor.py:161} INFO - Started process (PID=1377) to work on /home/airflow/.local/lib/python3.12/site-packages/airflow/example_dags/example_task_group_decorator.py
[2026-06-08T12:28:33.822+0000] {processor.py:830} INFO - Processing file /home/airflow/.local/lib/python3.12/site-packages/airflow/example_dags/example_task_group_decorator.py for tasks to queue
[2026-06-08T12:28:33.823+0000] {logging_mixin.py:188} INFO - [2026-06-08T12:28:33.822+0000] {dagbag.py:545} INFO - Filling up the DagBag from /home/airflow/.local/lib/python3.12/site-packages/airflow/example_dags/example_task_group_decorator.py
[2026-06-08T12:28:33.833+0000] {processor.py:840} INFO - DAG(s) 'example_task_group_decorator' retrieved from /home/airflow/.local/lib/python3.12/site-packages/airflow/example_dags/example_task_group_decorator.py
[2026-06-08T12:28:33.860+0000] {logging_mixin.py:188} INFO - [2026-06-08T12:28:33.860+0000] {dag.py:3096} INFO - Sync 1 DAGs
[2026-06-08T12:28:33.877+0000] {logging_mixin.py:188} INFO - [2026-06-08T12:28:33.877+0000] {dag.py:3954} INFO - Setting next_dagrun for example_task_group_decorator to 2026-06-07 00:00:00+00:00, run_after=2026-06-08 00:00:00+00:00
[2026-06-08T12:28:33.890+0000] {processor.py:183} INFO - Processing /home/airflow/.local/lib/python3.12/site-packages/airflow/example_dags/example_task_group_decorator.py took 0.073 seconds
[2026-06-08T12:29:04.184+0000] {processor.py:161} INFO - Started process (PID=1436) to work on /home/airflow/.local/lib/python3.12/site-packages/airflow/example_dags/example_task_group_decorator.py
[2026-06-08T12:29:04.184+0000] {processor.py:830} INFO - Processing file /home/airflow/.local/lib/python3.12/site-packages/airflow/example_dags/example_task_group_decorator.py for tasks to queue
[2026-06-08T12:29:04.185+0000] {logging_mixin.py:188} INFO - [2026-06-08T12:29:04.185+0000] {dagbag.py:545} INFO - Filling up the DagBag from /home/airflow/.local/lib/python3.12/site-packages/airflow/example_dags/example_task_group_decorator.py
[2026-06-08T12:29:04.194+0000] {processor.py:840} INFO - DAG(s) 'example_task_group_decorator' retrieved from /home/airflow/.local/lib/python3.12/site-packages/airflow/example_dags/example_task_group_decorator.py
[2026-06-08T12:29:04.211+0000] {logging_mixin.py:188} INFO - [2026-06-08T12:29:04.210+0000] {dag.py:3096} INFO - Sync 1 DAGs
[2026-06-08T12:29:04.225+0000] {logging_mixin.py:188} INFO - [2026-06-08T12:29:04.225+0000] {dag.py:3954} INFO - Setting next_dagrun for example_task_group_decorator to 2026-06-07 00:00:00+00:00, run_after=2026-06-08 00:00:00+00:00
[2026-06-08T12:29:04.238+0000] {processor.py:183} INFO - Processing /home/airflow/.local/lib/python3.12/site-packages/airflow/example_dags/example_task_group_decorator.py took 0.060 seconds
[2026-06-08T12:29:34.557+0000] {processor.py:161} INFO - Started process (PID=1495) to work on /home/airflow/.local/lib/python3.12/site-packages/airflow/example_dags/example_task_group_decorator.py
[2026-06-08T12:29:34.558+0000] {processor.py:830} INFO - Processing file /home/airflow/.local/lib/python3.12/site-packages/airflow/example_dags/example_task_group_decorator.py for tasks to queue
[2026-06-08T12:29:34.559+0000] {logging_mixin.py:188} INFO - [2026-06-08T12:29:34.558+0000] {dagbag.py:545} INFO - Filling up the DagBag from /home/airflow/.local/lib/python3.12/site-packages/airflow/example_dags/example_task_group_decorator.py
[2026-06-08T12:29:34.577+0000] {processor.py:840} INFO - DAG(s) 'example_task_group_decorator' retrieved from /home/airflow/.local/lib/python3.12/site-packages/airflow/example_dags/example_task_group_decorator.py
[2026-06-08T12:29:34.600+0000] {logging_mixin.py:188} INFO - [2026-06-08T12:29:34.600+0000] {dag.py:3096} INFO - Sync 1 DAGs
[2026-06-08T12:29:34.621+0000] {logging_mixin.py:188} INFO - [2026-06-08T12:29:34.621+0000] {dag.py:3954} INFO - Setting next_dagrun for example_task_group_decorator to 2026-06-07 00:00:00+00:00, run_after=2026-06-08 00:00:00+00:00
[2026-06-08T12:29:34.636+0000] {processor.py:183} INFO - Processing /home/airflow/.local/lib/python3.12/site-packages/airflow/example_dags/example_task_group_decorator.py took 0.084 seconds
[2026-06-08T12:30:05.257+0000] {processor.py:161} INFO - Started process (PID=1554) to work on /home/airflow/.local/lib/python3.12/site-packages/airflow/example_dags/example_task_group_decorator.py
[2026-06-08T12:30:05.258+0000] {processor.py:830} INFO - Processing file /home/airflow/.local/lib/python3.12/site-packages/airflow/example_dags/example_task_group_decorator.py for tasks to queue
[2026-06-08T12:30:05.260+0000] {logging_mixin.py:188} INFO - [2026-06-08T12:30:05.260+0000] {dagbag.py:545} INFO - Filling up the DagBag from /home/airflow/.local/lib/python3.12/site-packages/airflow/example_dags/example_task_group_decorator.py
[2026-06-08T12:30:05.272+0000] {processor.py:840} INFO - DAG(s) 'example_task_group_decorator' retrieved from /home/airflow/.local/lib/python3.12/site-packages/airflow/example_dags/example_task_group_decorator.py
[2026-06-08T12:30:05.293+0000] {logging_mixin.py:188} INFO - [2026-06-08T12:30:05.293+0000] {dag.py:3096} INFO - Sync 1 DAGs
[2026-06-08T12:30:05.307+0000] {logging_mixin.py:188} INFO - [2026-06-08T12:30:05.307+0000] {dag.py:3954} INFO - Setting next_dagrun for example_task_group_decorator to 2026-06-07 00:00:00+00:00, run_after=2026-06-08 00:00:00+00:00
[2026-06-08T12:30:05.320+0000] {processor.py:183} INFO - Processing /home/airflow/.local/lib/python3.12/site-packages/airflow/example_dags/example_task_group_decorator.py took 0.068 seconds
[2026-06-08T12:30:35.698+0000] {processor.py:161} INFO - Started process (PID=1613) to work on /home/airflow/.local/lib/python3.12/site-packages/airflow/example_dags/example_task_group_decorator.py
[2026-06-08T12:30:35.699+0000] {processor.py:830} INFO - Processing file /home/airflow/.local/lib/python3.12/site-packages/airflow/example_dags/example_task_group_decorator.py for tasks to queue
[2026-06-08T12:30:35.700+0000] {logging_mixin.py:188} INFO - [2026-06-08T12:30:35.700+0000] {dagbag.py:545} INFO - Filling up the DagBag from /home/airflow/.local/lib/python3.12/site-packages/airflow/example_dags/example_task_group_decorator.py
[2026-06-08T12:30:35.709+0000] {processor.py:840} INFO - DAG(s) 'example_task_group_decorator' retrieved from /home/airflow/.local/lib/python3.12/site-packages/airflow/example_dags/example_task_group_decorator.py
[2026-06-08T12:30:35.733+0000] {logging_mixin.py:188} INFO - [2026-06-08T12:30:35.733+0000] {dag.py:3096} INFO - Sync 1 DAGs
[2026-06-08T12:30:35.750+0000] {logging_mixin.py:188} INFO - [2026-06-08T12:30:35.749+0000] {dag.py:3954} INFO - Setting next_dagrun for example_task_group_decorator to 2026-06-07 00:00:00+00:00, run_after=2026-06-08 00:00:00+00:00
[2026-06-08T12:30:35.764+0000] {processor.py:183} INFO - Processing /home/airflow/.local/lib/python3.12/site-packages/airflow/example_dags/example_task_group_decorator.py took 0.069 seconds
[2026-06-08T12:31:06.370+0000] {processor.py:161} INFO - Started process (PID=1672) to work on /home/airflow/.local/lib/python3.12/site-packages/airflow/example_dags/example_task_group_decorator.py
[2026-06-08T12:31:06.370+0000] {processor.py:830} INFO - Processing file /home/airflow/.local/lib/python3.12/site-packages/airflow/example_dags/example_task_group_decorator.py for tasks to queue
[2026-06-08T12:31:06.371+0000] {logging_mixin.py:188} INFO - [2026-06-08T12:31:06.371+0000] {dagbag.py:545} INFO - Filling up the DagBag from /home/airflow/.local/lib/python3.12/site-packages/airflow/example_dags/example_task_group_decorator.py
[2026-06-08T12:31:06.380+0000] {processor.py:840} INFO - DAG(s) 'example_task_group_decorator' retrieved from /home/airflow/.local/lib/python3.12/site-packages/airflow/example_dags/example_task_group_decorator.py
[2026-06-08T12:31:06.400+0000] {logging_mixin.py:188} INFO - [2026-06-08T12:31:06.399+0000] {dag.py:3096} INFO - Sync 1 DAGs
[2026-06-08T12:31:06.413+0000] {logging_mixin.py:188} INFO - [2026-06-08T12:31:06.413+0000] {dag.py:3954} INFO - Setting next_dagrun for example_task_group_decorator to 2026-06-07 00:00:00+00:00, run_after=2026-06-08 00:00:00+00:00
[2026-06-08T12:31:06.426+0000] {processor.py:183} INFO - Processing /home/airflow/.local/lib/python3.12/site-packages/airflow/example_dags/example_task_group_decorator.py took 0.060 seconds
[2026-06-08T12:31:36.782+0000] {processor.py:161} INFO - Started process (PID=1731) to work on /home/airflow/.local/lib/python3.12/site-packages/airflow/example_dags/example_task_group_decorator.py
[2026-06-08T12:31:36.783+0000] {processor.py:830} INFO - Processing file /home/airflow/.local/lib/python3.12/site-packages/airflow/example_dags/example_task_group_decorator.py for tasks to queue
[2026-06-08T12:31:36.784+0000] {logging_mixin.py:188} INFO - [2026-06-08T12:31:36.784+0000] {dagbag.py:545} INFO - Filling up the DagBag from /home/airflow/.local/lib/python3.12/site-packages/airflow/example_dags/example_task_group_decorator.py
[2026-06-08T12:31:36.794+0000] {processor.py:840} INFO - DAG(s) 'example_task_group_decorator' retrieved from /home/airflow/.local/lib/python3.12/site-packages/airflow/example_dags/example_task_group_decorator.py
[2026-06-08T12:31:36.812+0000] {logging_mixin.py:188} INFO - [2026-06-08T12:31:36.812+0000] {dag.py:3096} INFO - Sync 1 DAGs
[2026-06-08T12:31:36.827+0000] {logging_mixin.py:188} INFO - [2026-06-08T12:31:36.826+0000] {dag.py:3954} INFO - Setting next_dagrun for example_task_group_decorator to 2026-06-07 00:00:00+00:00, run_after=2026-06-08 00:00:00+00:00
[2026-06-08T12:31:36.845+0000] {processor.py:183} INFO - Processing /home/airflow/.local/lib/python3.12/site-packages/airflow/example_dags/example_task_group_decorator.py took 0.070 seconds
[2026-06-08T12:32:07.074+0000] {processor.py:161} INFO - Started process (PID=1790) to work on /home/airflow/.local/lib/python3.12/site-packages/airflow/example_dags/example_task_group_decorator.py
[2026-06-08T12:32:07.075+0000] {processor.py:830} INFO - Processing file /home/airflow/.local/lib/python3.12/site-packages/airflow/example_dags/example_task_group_decorator.py for tasks to queue
[2026-06-08T12:32:07.076+0000] {logging_mixin.py:188} INFO - [2026-06-08T12:32:07.076+0000] {dagbag.py:545} INFO - Filling up the DagBag from /home/airflow/.local/lib/python3.12/site-packages/airflow/example_dags/example_task_group_decorator.py
[2026-06-08T12:32:07.095+0000] {processor.py:840} INFO - DAG(s) 'example_task_group_decorator' retrieved from /home/airflow/.local/lib/python3.12/site-packages/airflow/example_dags/example_task_group_decorator.py
[2026-06-08T12:32:07.116+0000] {logging_mixin.py:188} INFO - [2026-06-08T12:32:07.116+0000] {dag.py:3096} INFO - Sync 1 DAGs
[2026-06-08T12:32:07.131+0000] {logging_mixin.py:188} INFO - [2026-06-08T12:32:07.131+0000] {dag.py:3954} INFO - Setting next_dagrun for example_task_group_decorator to 2026-06-07 00:00:00+00:00, run_after=2026-06-08 00:00:00+00:00
[2026-06-08T12:32:07.148+0000] {processor.py:183} INFO - Processing /home/airflow/.local/lib/python3.12/site-packages/airflow/example_dags/example_task_group_decorator.py took 0.083 seconds
[2026-06-08T12:32:37.900+0000] {processor.py:161} INFO - Started process (PID=1849) to work on /home/airflow/.local/lib/python3.12/site-packages/airflow/example_dags/example_task_group_decorator.py
[2026-06-08T12:32:37.900+0000] {processor.py:830} INFO - Processing file /home/airflow/.local/lib/python3.12/site-packages/airflow/example_dags/example_task_group_decorator.py for tasks to queue
[2026-06-08T12:32:37.902+0000] {logging_mixin.py:188} INFO - [2026-06-08T12:32:37.901+0000] {dagbag.py:545} INFO - Filling up the DagBag from /home/airflow/.local/lib/python3.12/site-packages/airflow/example_dags/example_task_group_decorator.py
[2026-06-08T12:32:37.911+0000] {processor.py:840} INFO - DAG(s) 'example_task_group_decorator' retrieved from /home/airflow/.local/lib/python3.12/site-packages/airflow/example_dags/example_task_group_decorator.py
[2026-06-08T12:32:37.931+0000] {logging_mixin.py:188} INFO - [2026-06-08T12:32:37.931+0000] {dag.py:3096} INFO - Sync 1 DAGs
[2026-06-08T12:32:37.947+0000] {logging_mixin.py:188} INFO - [2026-06-08T12:32:37.947+0000] {dag.py:3954} INFO - Setting next_dagrun for example_task_group_decorator to 2026-06-07 00:00:00+00:00, run_after=2026-06-08 00:00:00+00:00
[2026-06-08T12:32:37.959+0000] {processor.py:183} INFO - Processing /home/airflow/.local/lib/python3.12/site-packages/airflow/example_dags/example_task_group_decorator.py took 0.065 seconds
[2026-06-08T12:33:08.958+0000] {processor.py:161} INFO - Started process (PID=1908) to work on /home/airflow/.local/lib/python3.12/site-packages/airflow/example_dags/example_task_group_decorator.py
[2026-06-08T12:33:08.958+0000] {processor.py:830} INFO - Processing file /home/airflow/.local/lib/python3.12/site-packages/airflow/example_dags/example_task_group_decorator.py for tasks to queue
[2026-06-08T12:33:08.960+0000] {logging_mixin.py:188} INFO - [2026-06-08T12:33:08.959+0000] {dagbag.py:545} INFO - Filling up the DagBag from /home/airflow/.local/lib/python3.12/site-packages/airflow/example_dags/example_task_group_decorator.py
[2026-06-08T12:33:08.968+0000] {processor.py:840} INFO - DAG(s) 'example_task_group_decorator' retrieved from /home/airflow/.local/lib/python3.12/site-packages/airflow/example_dags/example_task_group_decorator.py
[2026-06-08T12:33:08.990+0000] {logging_mixin.py:188} INFO - [2026-06-08T12:33:08.990+0000] {dag.py:3096} INFO - Sync 1 DAGs
[2026-06-08T12:33:09.007+0000] {logging_mixin.py:188} INFO - [2026-06-08T12:33:09.007+0000] {dag.py:3954} INFO - Setting next_dagrun for example_task_group_decorator to 2026-06-07 00:00:00+00:00, run_after=2026-06-08 00:00:00+00:00
[2026-06-08T12:33:09.018+0000] {processor.py:183} INFO - Processing /home/airflow/.local/lib/python3.12/site-packages/airflow/example_dags/example_task_group_decorator.py took 0.064 seconds
[2026-06-08T12:33:39.178+0000] {processor.py:161} INFO - Started process (PID=1967) to work on /home/airflow/.local/lib/python3.12/site-packages/airflow/example_dags/example_task_group_decorator.py
[2026-06-08T12:33:39.179+0000] {processor.py:830} INFO - Processing file /home/airflow/.local/lib/python3.12/site-packages/airflow/example_dags/example_task_group_decorator.py for tasks to queue
[2026-06-08T12:33:39.180+0000] {logging_mixin.py:188} INFO - [2026-06-08T12:33:39.180+0000] {dagbag.py:545} INFO - Filling up the DagBag from /home/airflow/.local/lib/python3.12/site-packages/airflow/example_dags/example_task_group_decorator.py
[2026-06-08T12:33:39.192+0000] {processor.py:840} INFO - DAG(s) 'example_task_group_decorator' retrieved from /home/airflow/.local/lib/python3.12/site-packages/airflow/example_dags/example_task_group_decorator.py
[2026-06-08T12:33:39.214+0000] {logging_mixin.py:188} INFO - [2026-06-08T12:33:39.213+0000] {dag.py:3096} INFO - Sync 1 DAGs
[2026-06-08T12:33:39.229+0000] {logging_mixin.py:188} INFO - [2026-06-08T12:33:39.229+0000] {dag.py:3954} INFO - Setting next_dagrun for example_task_group_decorator to 2026-06-07 00:00:00+00:00, run_after=2026-06-08 00:00:00+00:00
[2026-06-08T12:33:39.240+0000] {processor.py:183} INFO - Processing /home/airflow/.local/lib/python3.12/site-packages/airflow/example_dags/example_task_group_decorator.py took 0.069 seconds
[2026-06-08T12:34:10.104+0000] {processor.py:161} INFO - Started process (PID=2026) to work on /home/airflow/.local/lib/python3.12/site-packages/airflow/example_dags/example_task_group_decorator.py
[2026-06-08T12:34:10.104+0000] {processor.py:830} INFO - Processing file /home/airflow/.local/lib/python3.12/site-packages/airflow/example_dags/example_task_group_decorator.py for tasks to queue
[2026-06-08T12:34:10.105+0000] {logging_mixin.py:188} INFO - [2026-06-08T12:34:10.105+0000] {dagbag.py:545} INFO - Filling up the DagBag from /home/airflow/.local/lib/python3.12/site-packages/airflow/example_dags/example_task_group_decorator.py
[2026-06-08T12:34:10.114+0000] {processor.py:840} INFO - DAG(s) 'example_task_group_decorator' retrieved from /home/airflow/.local/lib/python3.12/site-packages/airflow/example_dags/example_task_group_decorator.py
[2026-06-08T12:34:10.144+0000] {logging_mixin.py:188} INFO - [2026-06-08T12:34:10.144+0000] {dag.py:3096} INFO - Sync 1 DAGs
[2026-06-08T12:34:10.168+0000] {logging_mixin.py:188} INFO - [2026-06-08T12:34:10.168+0000] {dag.py:3954} INFO - Setting next_dagrun for example_task_group_decorator to 2026-06-07 00:00:00+00:00, run_after=2026-06-08 00:00:00+00:00
[2026-06-08T12:34:10.181+0000] {processor.py:183} INFO - Processing /home/airflow/.local/lib/python3.12/site-packages/airflow/example_dags/example_task_group_decorator.py took 0.081 seconds
[2026-06-08T12:34:41.552+0000] {processor.py:161} INFO - Started process (PID=2085) to work on /home/airflow/.local/lib/python3.12/site-packages/airflow/example_dags/example_task_group_decorator.py
[2026-06-08T12:34:41.553+0000] {processor.py:830} INFO - Processing file /home/airflow/.local/lib/python3.12/site-packages/airflow/example_dags/example_task_group_decorator.py for tasks to queue
[2026-06-08T12:34:41.556+0000] {logging_mixin.py:188} INFO - [2026-06-08T12:34:41.555+0000] {dagbag.py:545} INFO - Filling up the DagBag from /home/airflow/.local/lib/python3.12/site-packages/airflow/example_dags/example_task_group_decorator.py
[2026-06-08T12:34:41.570+0000] {processor.py:840} INFO - DAG(s) 'example_task_group_decorator' retrieved from /home/airflow/.local/lib/python3.12/site-packages/airflow/example_dags/example_task_group_decorator.py
[2026-06-08T12:34:41.741+0000] {logging_mixin.py:188} INFO - [2026-06-08T12:34:41.741+0000] {dag.py:3096} INFO - Sync 1 DAGs
[2026-06-08T12:34:41.755+0000] {logging_mixin.py:188} INFO - [2026-06-08T12:34:41.755+0000] {dag.py:3954} INFO - Setting next_dagrun for example_task_group_decorator to 2026-06-07 00:00:00+00:00, run_after=2026-06-08 00:00:00+00:00
[2026-06-08T12:34:41.786+0000] {processor.py:183} INFO - Processing /home/airflow/.local/lib/python3.12/site-packages/airflow/example_dags/example_task_group_decorator.py took 0.243 seconds
[2026-06-08T12:35:12.294+0000] {processor.py:161} INFO - Started process (PID=2144) to work on /home/airflow/.local/lib/python3.12/site-packages/airflow/example_dags/example_task_group_decorator.py
[2026-06-08T12:35:12.295+0000] {processor.py:830} INFO - Processing file /home/airflow/.local/lib/python3.12/site-packages/airflow/example_dags/example_task_group_decorator.py for tasks to queue
[2026-06-08T12:35:12.297+0000] {logging_mixin.py:188} INFO - [2026-06-08T12:35:12.297+0000] {dagbag.py:545} INFO - Filling up the DagBag from /home/airflow/.local/lib/python3.12/site-packages/airflow/example_dags/example_task_group_decorator.py
[2026-06-08T12:35:12.308+0000] {processor.py:840} INFO - DAG(s) 'example_task_group_decorator' retrieved from /home/airflow/.local/lib/python3.12/site-packages/airflow/example_dags/example_task_group_decorator.py
[2026-06-08T12:35:12.330+0000] {logging_mixin.py:188} INFO - [2026-06-08T12:35:12.329+0000] {dag.py:3096} INFO - Sync 1 DAGs
[2026-06-08T12:35:12.344+0000] {logging_mixin.py:188} INFO - [2026-06-08T12:35:12.343+0000] {dag.py:3954} INFO - Setting next_dagrun for example_task_group_decorator to 2026-06-07 00:00:00+00:00, run_after=2026-06-08 00:00:00+00:00
[2026-06-08T12:35:12.358+0000] {processor.py:183} INFO - Processing /home/airflow/.local/lib/python3.12/site-packages/airflow/example_dags/example_task_group_decorator.py took 0.071 seconds
[2026-06-08T12:35:42.872+0000] {processor.py:161} INFO - Started process (PID=2203) to work on /home/airflow/.local/lib/python3.12/site-packages/airflow/example_dags/example_task_group_decorator.py
[2026-06-08T12:35:42.872+0000] {processor.py:830} INFO - Processing file /home/airflow/.local/lib/python3.12/site-packages/airflow/example_dags/example_task_group_decorator.py for tasks to queue
[2026-06-08T12:35:42.874+0000] {logging_mixin.py:188} INFO - [2026-06-08T12:35:42.873+0000] {dagbag.py:545} INFO - Filling up the DagBag from /home/airflow/.local/lib/python3.12/site-packages/airflow/example_dags/example_task_group_decorator.py
[2026-06-08T12:35:42.883+0000] {processor.py:840} INFO - DAG(s) 'example_task_group_decorator' retrieved from /home/airflow/.local/lib/python3.12/site-packages/airflow/example_dags/example_task_group_decorator.py
[2026-06-08T12:35:42.903+0000] {logging_mixin.py:188} INFO - [2026-06-08T12:35:42.903+0000] {dag.py:3096} INFO - Sync 1 DAGs
[2026-06-08T12:35:42.917+0000] {logging_mixin.py:188} INFO - [2026-06-08T12:35:42.917+0000] {dag.py:3954} INFO - Setting next_dagrun for example_task_group_decorator to 2026-06-07 00:00:00+00:00, run_after=2026-06-08 00:00:00+00:00
[2026-06-08T12:35:42.932+0000] {processor.py:183} INFO - Processing /home/airflow/.local/lib/python3.12/site-packages/airflow/example_dags/example_task_group_decorator.py took 0.066 seconds
[2026-06-08T12:36:13.393+0000] {processor.py:161} INFO - Started process (PID=2262) to work on /home/airflow/.local/lib/python3.12/site-packages/airflow/example_dags/example_task_group_decorator.py
[2026-06-08T12:36:13.393+0000] {processor.py:830} INFO - Processing file /home/airflow/.local/lib/python3.12/site-packages/airflow/example_dags/example_task_group_decorator.py for tasks to queue
[2026-06-08T12:36:13.395+0000] {logging_mixin.py:188} INFO - [2026-06-08T12:36:13.395+0000] {dagbag.py:545} INFO - Filling up the DagBag from /home/airflow/.local/lib/python3.12/site-packages/airflow/example_dags/example_task_group_decorator.py
[2026-06-08T12:36:13.406+0000] {processor.py:840} INFO - DAG(s) 'example_task_group_decorator' retrieved from /home/airflow/.local/lib/python3.12/site-packages/airflow/example_dags/example_task_group_decorator.py
[2026-06-08T12:36:13.422+0000] {logging_mixin.py:188} INFO - [2026-06-08T12:36:13.421+0000] {dag.py:3096} INFO - Sync 1 DAGs
[2026-06-08T12:36:13.437+0000] {logging_mixin.py:188} INFO - [2026-06-08T12:36:13.437+0000] {dag.py:3954} INFO - Setting next_dagrun for example_task_group_decorator to 2026-06-07 00:00:00+00:00, run_after=2026-06-08 00:00:00+00:00
[2026-06-08T12:36:13.452+0000] {processor.py:183} INFO - Processing /home/airflow/.local/lib/python3.12/site-packages/airflow/example_dags/example_task_group_decorator.py took 0.065 seconds
[2026-06-08T12:36:44.026+0000] {processor.py:161} INFO - Started process (PID=2321) to work on /home/airflow/.local/lib/python3.12/site-packages/airflow/example_dags/example_task_group_decorator.py
[2026-06-08T12:36:44.027+0000] {processor.py:830} INFO - Processing file /home/airflow/.local/lib/python3.12/site-packages/airflow/example_dags/example_task_group_decorator.py for tasks to queue
[2026-06-08T12:36:44.029+0000] {logging_mixin.py:188} INFO - [2026-06-08T12:36:44.028+0000] {dagbag.py:545} INFO - Filling up the DagBag from /home/airflow/.local/lib/python3.12/site-packages/airflow/example_dags/example_task_group_decorator.py
[2026-06-08T12:36:44.039+0000] {processor.py:840} INFO - DAG(s) 'example_task_group_decorator' retrieved from /home/airflow/.local/lib/python3.12/site-packages/airflow/example_dags/example_task_group_decorator.py
[2026-06-08T12:36:44.072+0000] {logging_mixin.py:188} INFO - [2026-06-08T12:36:44.072+0000] {dag.py:3096} INFO - Sync 1 DAGs
[2026-06-08T12:36:44.095+0000] {logging_mixin.py:188} INFO - [2026-06-08T12:36:44.095+0000] {dag.py:3954} INFO - Setting next_dagrun for example_task_group_decorator to 2026-06-07 00:00:00+00:00, run_after=2026-06-08 00:00:00+00:00
[2026-06-08T12:36:44.120+0000] {processor.py:183} INFO - Processing /home/airflow/.local/lib/python3.12/site-packages/airflow/example_dags/example_task_group_decorator.py took 0.100 seconds
[2026-06-08T12:37:14.245+0000] {processor.py:161} INFO - Started process (PID=2380) to work on /home/airflow/.local/lib/python3.12/site-packages/airflow/example_dags/example_task_group_decorator.py
[2026-06-08T12:37:14.246+0000] {processor.py:830} INFO - Processing file /home/airflow/.local/lib/python3.12/site-packages/airflow/example_dags/example_task_group_decorator.py for tasks to queue
[2026-06-08T12:37:14.247+0000] {logging_mixin.py:188} INFO - [2026-06-08T12:37:14.247+0000] {dagbag.py:545} INFO - Filling up the DagBag from /home/airflow/.local/lib/python3.12/site-packages/airflow/example_dags/example_task_group_decorator.py
[2026-06-08T12:37:14.256+0000] {processor.py:840} INFO - DAG(s) 'example_task_group_decorator' retrieved from /home/airflow/.local/lib/python3.12/site-packages/airflow/example_dags/example_task_group_decorator.py
[2026-06-08T12:37:14.278+0000] {logging_mixin.py:188} INFO - [2026-06-08T12:37:14.278+0000] {dag.py:3096} INFO - Sync 1 DAGs
[2026-06-08T12:37:14.292+0000] {logging_mixin.py:188} INFO - [2026-06-08T12:37:14.292+0000] {dag.py:3954} INFO - Setting next_dagrun for example_task_group_decorator to 2026-06-07 00:00:00+00:00, run_after=2026-06-08 00:00:00+00:00
[2026-06-08T12:37:14.305+0000] {processor.py:183} INFO - Processing /home/airflow/.local/lib/python3.12/site-packages/airflow/example_dags/example_task_group_decorator.py took 0.063 seconds
[2026-06-08T12:37:44.709+0000] {processor.py:161} INFO - Started process (PID=2439) to work on /home/airflow/.local/lib/python3.12/site-packages/airflow/example_dags/example_task_group_decorator.py
[2026-06-08T12:37:44.709+0000] {processor.py:830} INFO - Processing file /home/airflow/.local/lib/python3.12/site-packages/airflow/example_dags/example_task_group_decorator.py for tasks to queue
[2026-06-08T12:37:44.710+0000] {logging_mixin.py:188} INFO - [2026-06-08T12:37:44.710+0000] {dagbag.py:545} INFO - Filling up the DagBag from /home/airflow/.local/lib/python3.12/site-packages/airflow/example_dags/example_task_group_decorator.py
[2026-06-08T12:37:44.723+0000] {processor.py:840} INFO - DAG(s) 'example_task_group_decorator' retrieved from /home/airflow/.local/lib/python3.12/site-packages/airflow/example_dags/example_task_group_decorator.py
[2026-06-08T12:37:44.740+0000] {logging_mixin.py:188} INFO - [2026-06-08T12:37:44.739+0000] {dag.py:3096} INFO - Sync 1 DAGs
[2026-06-08T12:37:44.752+0000] {logging_mixin.py:188} INFO - [2026-06-08T12:37:44.752+0000] {dag.py:3954} INFO - Setting next_dagrun for example_task_group_decorator to 2026-06-07 00:00:00+00:00, run_after=2026-06-08 00:00:00+00:00
[2026-06-08T12:37:44.764+0000] {processor.py:183} INFO - Processing /home/airflow/.local/lib/python3.12/site-packages/airflow/example_dags/example_task_group_decorator.py took 0.059 seconds
