[2026-06-08T12:17:52.621+0000] {processor.py:161} INFO - Started process (PID=95) to work on /home/airflow/.local/lib/python3.12/site-packages/airflow/example_dags/example_subdag_operator.py
[2026-06-08T12:17:52.622+0000] {processor.py:830} INFO - Processing file /home/airflow/.local/lib/python3.12/site-packages/airflow/example_dags/example_subdag_operator.py for tasks to queue
[2026-06-08T12:17:52.623+0000] {logging_mixin.py:188} INFO - [2026-06-08T12:17:52.622+0000] {dagbag.py:545} INFO - Filling up the DagBag from /home/airflow/.local/lib/python3.12/site-packages/airflow/example_dags/example_subdag_operator.py
[2026-06-08T12:17:52.639+0000] {processor.py:840} INFO - DAG(s) 'example_subdag_operator.section-1', 'example_subdag_operator.section-2', 'example_subdag_operator' retrieved from /home/airflow/.local/lib/python3.12/site-packages/airflow/example_dags/example_subdag_operator.py
[2026-06-08T12:17:52.641+0000] {logging_mixin.py:188} INFO - [2026-06-08T12:17:52.641+0000] {dag.py:3096} INFO - Sync 3 DAGs
[2026-06-08T12:17:52.656+0000] {logging_mixin.py:188} INFO - [2026-06-08T12:17:52.655+0000] {dag.py:3954} INFO - Setting next_dagrun for example_subdag_operator to 2022-01-01 00:00:00+00:00, run_after=2022-01-01 00:00:00+00:00
[2026-06-08T12:17:52.658+0000] {logging_mixin.py:188} INFO - [2026-06-08T12:17:52.658+0000] {dag.py:3954} INFO - Setting next_dagrun for example_subdag_operator.section-1 to None, run_after=None
[2026-06-08T12:17:52.660+0000] {logging_mixin.py:188} INFO - [2026-06-08T12:17:52.660+0000] {dag.py:3954} INFO - Setting next_dagrun for example_subdag_operator.section-2 to None, run_after=None
[2026-06-08T12:17:52.664+0000] {logging_mixin.py:188} INFO - [2026-06-08T12:17:52.664+0000] {dag.py:3096} INFO - Sync 2 DAGs
[2026-06-08T12:17:52.670+0000] {logging_mixin.py:188} INFO - [2026-06-08T12:17:52.670+0000] {dag.py:3954} INFO - Setting next_dagrun for example_subdag_operator.section-1 to None, run_after=None
[2026-06-08T12:17:52.670+0000] {logging_mixin.py:188} INFO - [2026-06-08T12:17:52.670+0000] {dag.py:3954} INFO - Setting next_dagrun for example_subdag_operator.section-2 to None, run_after=None
[2026-06-08T12:17:52.679+0000] {processor.py:183} INFO - Processing /home/airflow/.local/lib/python3.12/site-packages/airflow/example_dags/example_subdag_operator.py took 0.063 seconds
[2026-06-08T12:18:24.131+0000] {processor.py:161} INFO - Started process (PID=153) to work on /home/airflow/.local/lib/python3.12/site-packages/airflow/example_dags/example_subdag_operator.py
[2026-06-08T12:18:24.132+0000] {processor.py:830} INFO - Processing file /home/airflow/.local/lib/python3.12/site-packages/airflow/example_dags/example_subdag_operator.py for tasks to queue
[2026-06-08T12:18:24.133+0000] {logging_mixin.py:188} INFO - [2026-06-08T12:18:24.133+0000] {dagbag.py:545} INFO - Filling up the DagBag from /home/airflow/.local/lib/python3.12/site-packages/airflow/example_dags/example_subdag_operator.py
[2026-06-08T12:18:24.156+0000] {processor.py:840} INFO - DAG(s) 'example_subdag_operator.section-1', 'example_subdag_operator.section-2', 'example_subdag_operator' retrieved from /home/airflow/.local/lib/python3.12/site-packages/airflow/example_dags/example_subdag_operator.py
[2026-06-08T12:18:24.223+0000] {logging_mixin.py:188} INFO - [2026-06-08T12:18:24.223+0000] {dag.py:3096} INFO - Sync 3 DAGs
[2026-06-08T12:18:24.239+0000] {logging_mixin.py:188} INFO - [2026-06-08T12:18:24.238+0000] {dag.py:3954} INFO - Setting next_dagrun for example_subdag_operator to 2022-01-01 00:00:00+00:00, run_after=2022-01-01 00:00:00+00:00
[2026-06-08T12:18:24.242+0000] {logging_mixin.py:188} INFO - [2026-06-08T12:18:24.242+0000] {dag.py:3954} INFO - Setting next_dagrun for example_subdag_operator.section-1 to None, run_after=None
[2026-06-08T12:18:24.244+0000] {logging_mixin.py:188} INFO - [2026-06-08T12:18:24.243+0000] {dag.py:3954} INFO - Setting next_dagrun for example_subdag_operator.section-2 to None, run_after=None
[2026-06-08T12:18:24.251+0000] {logging_mixin.py:188} INFO - [2026-06-08T12:18:24.250+0000] {dag.py:3096} INFO - Sync 2 DAGs
[2026-06-08T12:18:24.256+0000] {logging_mixin.py:188} INFO - [2026-06-08T12:18:24.256+0000] {dag.py:3954} INFO - Setting next_dagrun for example_subdag_operator.section-1 to None, run_after=None
[2026-06-08T12:18:24.257+0000] {logging_mixin.py:188} INFO - [2026-06-08T12:18:24.256+0000] {dag.py:3954} INFO - Setting next_dagrun for example_subdag_operator.section-2 to None, run_after=None
[2026-06-08T12:18:24.269+0000] {processor.py:183} INFO - Processing /home/airflow/.local/lib/python3.12/site-packages/airflow/example_dags/example_subdag_operator.py took 0.144 seconds
[2026-06-08T12:18:54.714+0000] {processor.py:161} INFO - Started process (PID=211) to work on /home/airflow/.local/lib/python3.12/site-packages/airflow/example_dags/example_subdag_operator.py
[2026-06-08T12:18:54.714+0000] {processor.py:830} INFO - Processing file /home/airflow/.local/lib/python3.12/site-packages/airflow/example_dags/example_subdag_operator.py for tasks to queue
[2026-06-08T12:18:54.716+0000] {logging_mixin.py:188} INFO - [2026-06-08T12:18:54.715+0000] {dagbag.py:545} INFO - Filling up the DagBag from /home/airflow/.local/lib/python3.12/site-packages/airflow/example_dags/example_subdag_operator.py
[2026-06-08T12:18:54.731+0000] {processor.py:840} INFO - DAG(s) 'example_subdag_operator.section-1', 'example_subdag_operator.section-2', 'example_subdag_operator' retrieved from /home/airflow/.local/lib/python3.12/site-packages/airflow/example_dags/example_subdag_operator.py
[2026-06-08T12:18:54.741+0000] {logging_mixin.py:188} INFO - [2026-06-08T12:18:54.741+0000] {dag.py:3096} INFO - Sync 3 DAGs
[2026-06-08T12:18:54.755+0000] {logging_mixin.py:188} INFO - [2026-06-08T12:18:54.755+0000] {dag.py:3954} INFO - Setting next_dagrun for example_subdag_operator to 2022-01-01 00:00:00+00:00, run_after=2022-01-01 00:00:00+00:00
[2026-06-08T12:18:54.757+0000] {logging_mixin.py:188} INFO - [2026-06-08T12:18:54.757+0000] {dag.py:3954} INFO - Setting next_dagrun for example_subdag_operator.section-1 to None, run_after=None
[2026-06-08T12:18:54.758+0000] {logging_mixin.py:188} INFO - [2026-06-08T12:18:54.758+0000] {dag.py:3954} INFO - Setting next_dagrun for example_subdag_operator.section-2 to None, run_after=None
[2026-06-08T12:18:54.762+0000] {logging_mixin.py:188} INFO - [2026-06-08T12:18:54.762+0000] {dag.py:3096} INFO - Sync 2 DAGs
[2026-06-08T12:18:54.766+0000] {logging_mixin.py:188} INFO - [2026-06-08T12:18:54.766+0000] {dag.py:3954} INFO - Setting next_dagrun for example_subdag_operator.section-1 to None, run_after=None
[2026-06-08T12:18:54.766+0000] {logging_mixin.py:188} INFO - [2026-06-08T12:18:54.766+0000] {dag.py:3954} INFO - Setting next_dagrun for example_subdag_operator.section-2 to None, run_after=None
[2026-06-08T12:18:54.776+0000] {processor.py:183} INFO - Processing /home/airflow/.local/lib/python3.12/site-packages/airflow/example_dags/example_subdag_operator.py took 0.066 seconds
[2026-06-08T12:19:25.281+0000] {processor.py:161} INFO - Started process (PID=269) to work on /home/airflow/.local/lib/python3.12/site-packages/airflow/example_dags/example_subdag_operator.py
[2026-06-08T12:19:25.281+0000] {processor.py:830} INFO - Processing file /home/airflow/.local/lib/python3.12/site-packages/airflow/example_dags/example_subdag_operator.py for tasks to queue
[2026-06-08T12:19:25.282+0000] {logging_mixin.py:188} INFO - [2026-06-08T12:19:25.282+0000] {dagbag.py:545} INFO - Filling up the DagBag from /home/airflow/.local/lib/python3.12/site-packages/airflow/example_dags/example_subdag_operator.py
[2026-06-08T12:19:25.299+0000] {processor.py:840} INFO - DAG(s) 'example_subdag_operator.section-1', 'example_subdag_operator.section-2', 'example_subdag_operator' retrieved from /home/airflow/.local/lib/python3.12/site-packages/airflow/example_dags/example_subdag_operator.py
[2026-06-08T12:19:25.310+0000] {logging_mixin.py:188} INFO - [2026-06-08T12:19:25.310+0000] {dag.py:3096} INFO - Sync 3 DAGs
[2026-06-08T12:19:25.331+0000] {logging_mixin.py:188} INFO - [2026-06-08T12:19:25.331+0000] {dag.py:3954} INFO - Setting next_dagrun for example_subdag_operator to 2022-01-01 00:00:00+00:00, run_after=2022-01-01 00:00:00+00:00
[2026-06-08T12:19:25.336+0000] {logging_mixin.py:188} INFO - [2026-06-08T12:19:25.335+0000] {dag.py:3954} INFO - Setting next_dagrun for example_subdag_operator.section-1 to None, run_after=None
[2026-06-08T12:19:25.337+0000] {logging_mixin.py:188} INFO - [2026-06-08T12:19:25.337+0000] {dag.py:3954} INFO - Setting next_dagrun for example_subdag_operator.section-2 to None, run_after=None
[2026-06-08T12:19:25.344+0000] {logging_mixin.py:188} INFO - [2026-06-08T12:19:25.344+0000] {dag.py:3096} INFO - Sync 2 DAGs
[2026-06-08T12:19:25.349+0000] {logging_mixin.py:188} INFO - [2026-06-08T12:19:25.349+0000] {dag.py:3954} INFO - Setting next_dagrun for example_subdag_operator.section-1 to None, run_after=None
[2026-06-08T12:19:25.350+0000] {logging_mixin.py:188} INFO - [2026-06-08T12:19:25.350+0000] {dag.py:3954} INFO - Setting next_dagrun for example_subdag_operator.section-2 to None, run_after=None
[2026-06-08T12:19:25.360+0000] {processor.py:183} INFO - Processing /home/airflow/.local/lib/python3.12/site-packages/airflow/example_dags/example_subdag_operator.py took 0.084 seconds
[2026-06-08T12:19:55.611+0000] {processor.py:161} INFO - Started process (PID=327) to work on /home/airflow/.local/lib/python3.12/site-packages/airflow/example_dags/example_subdag_operator.py
[2026-06-08T12:19:55.611+0000] {processor.py:830} INFO - Processing file /home/airflow/.local/lib/python3.12/site-packages/airflow/example_dags/example_subdag_operator.py for tasks to queue
[2026-06-08T12:19:55.613+0000] {logging_mixin.py:188} INFO - [2026-06-08T12:19:55.612+0000] {dagbag.py:545} INFO - Filling up the DagBag from /home/airflow/.local/lib/python3.12/site-packages/airflow/example_dags/example_subdag_operator.py
[2026-06-08T12:19:55.634+0000] {processor.py:840} INFO - DAG(s) 'example_subdag_operator.section-1', 'example_subdag_operator.section-2', 'example_subdag_operator' retrieved from /home/airflow/.local/lib/python3.12/site-packages/airflow/example_dags/example_subdag_operator.py
[2026-06-08T12:19:55.650+0000] {logging_mixin.py:188} INFO - [2026-06-08T12:19:55.650+0000] {dag.py:3096} INFO - Sync 3 DAGs
[2026-06-08T12:19:55.666+0000] {logging_mixin.py:188} INFO - [2026-06-08T12:19:55.666+0000] {dag.py:3954} INFO - Setting next_dagrun for example_subdag_operator to 2022-01-01 00:00:00+00:00, run_after=2022-01-01 00:00:00+00:00
[2026-06-08T12:19:55.669+0000] {logging_mixin.py:188} INFO - [2026-06-08T12:19:55.669+0000] {dag.py:3954} INFO - Setting next_dagrun for example_subdag_operator.section-1 to None, run_after=None
[2026-06-08T12:19:55.670+0000] {logging_mixin.py:188} INFO - [2026-06-08T12:19:55.670+0000] {dag.py:3954} INFO - Setting next_dagrun for example_subdag_operator.section-2 to None, run_after=None
[2026-06-08T12:19:55.675+0000] {logging_mixin.py:188} INFO - [2026-06-08T12:19:55.675+0000] {dag.py:3096} INFO - Sync 2 DAGs
[2026-06-08T12:19:55.679+0000] {logging_mixin.py:188} INFO - [2026-06-08T12:19:55.678+0000] {dag.py:3954} INFO - Setting next_dagrun for example_subdag_operator.section-1 to None, run_after=None
[2026-06-08T12:19:55.682+0000] {logging_mixin.py:188} INFO - [2026-06-08T12:19:55.682+0000] {dag.py:3954} INFO - Setting next_dagrun for example_subdag_operator.section-2 to None, run_after=None
[2026-06-08T12:19:55.689+0000] {processor.py:183} INFO - Processing /home/airflow/.local/lib/python3.12/site-packages/airflow/example_dags/example_subdag_operator.py took 0.083 seconds
[2026-06-08T12:20:26.293+0000] {processor.py:161} INFO - Started process (PID=385) to work on /home/airflow/.local/lib/python3.12/site-packages/airflow/example_dags/example_subdag_operator.py
[2026-06-08T12:20:26.294+0000] {processor.py:830} INFO - Processing file /home/airflow/.local/lib/python3.12/site-packages/airflow/example_dags/example_subdag_operator.py for tasks to queue
[2026-06-08T12:20:26.295+0000] {logging_mixin.py:188} INFO - [2026-06-08T12:20:26.295+0000] {dagbag.py:545} INFO - Filling up the DagBag from /home/airflow/.local/lib/python3.12/site-packages/airflow/example_dags/example_subdag_operator.py
[2026-06-08T12:20:26.311+0000] {processor.py:840} INFO - DAG(s) 'example_subdag_operator.section-1', 'example_subdag_operator.section-2', 'example_subdag_operator' retrieved from /home/airflow/.local/lib/python3.12/site-packages/airflow/example_dags/example_subdag_operator.py
[2026-06-08T12:20:26.321+0000] {logging_mixin.py:188} INFO - [2026-06-08T12:20:26.321+0000] {dag.py:3096} INFO - Sync 3 DAGs
[2026-06-08T12:20:26.336+0000] {logging_mixin.py:188} INFO - [2026-06-08T12:20:26.336+0000] {dag.py:3954} INFO - Setting next_dagrun for example_subdag_operator to 2022-01-01 00:00:00+00:00, run_after=2022-01-01 00:00:00+00:00
[2026-06-08T12:20:26.339+0000] {logging_mixin.py:188} INFO - [2026-06-08T12:20:26.338+0000] {dag.py:3954} INFO - Setting next_dagrun for example_subdag_operator.section-1 to None, run_after=None
[2026-06-08T12:20:26.340+0000] {logging_mixin.py:188} INFO - [2026-06-08T12:20:26.339+0000] {dag.py:3954} INFO - Setting next_dagrun for example_subdag_operator.section-2 to None, run_after=None
[2026-06-08T12:20:26.344+0000] {logging_mixin.py:188} INFO - [2026-06-08T12:20:26.344+0000] {dag.py:3096} INFO - Sync 2 DAGs
[2026-06-08T12:20:26.348+0000] {logging_mixin.py:188} INFO - [2026-06-08T12:20:26.348+0000] {dag.py:3954} INFO - Setting next_dagrun for example_subdag_operator.section-1 to None, run_after=None
[2026-06-08T12:20:26.349+0000] {logging_mixin.py:188} INFO - [2026-06-08T12:20:26.349+0000] {dag.py:3954} INFO - Setting next_dagrun for example_subdag_operator.section-2 to None, run_after=None
[2026-06-08T12:20:26.355+0000] {processor.py:183} INFO - Processing /home/airflow/.local/lib/python3.12/site-packages/airflow/example_dags/example_subdag_operator.py took 0.068 seconds
[2026-06-08T12:20:56.605+0000] {processor.py:161} INFO - Started process (PID=443) to work on /home/airflow/.local/lib/python3.12/site-packages/airflow/example_dags/example_subdag_operator.py
[2026-06-08T12:20:56.606+0000] {processor.py:830} INFO - Processing file /home/airflow/.local/lib/python3.12/site-packages/airflow/example_dags/example_subdag_operator.py for tasks to queue
[2026-06-08T12:20:56.607+0000] {logging_mixin.py:188} INFO - [2026-06-08T12:20:56.607+0000] {dagbag.py:545} INFO - Filling up the DagBag from /home/airflow/.local/lib/python3.12/site-packages/airflow/example_dags/example_subdag_operator.py
[2026-06-08T12:20:56.623+0000] {processor.py:840} INFO - DAG(s) 'example_subdag_operator.section-1', 'example_subdag_operator.section-2', 'example_subdag_operator' retrieved from /home/airflow/.local/lib/python3.12/site-packages/airflow/example_dags/example_subdag_operator.py
[2026-06-08T12:20:56.633+0000] {logging_mixin.py:188} INFO - [2026-06-08T12:20:56.633+0000] {dag.py:3096} INFO - Sync 3 DAGs
[2026-06-08T12:20:56.648+0000] {logging_mixin.py:188} INFO - [2026-06-08T12:20:56.648+0000] {dag.py:3954} INFO - Setting next_dagrun for example_subdag_operator to 2022-01-01 00:00:00+00:00, run_after=2022-01-01 00:00:00+00:00
[2026-06-08T12:20:56.650+0000] {logging_mixin.py:188} INFO - [2026-06-08T12:20:56.650+0000] {dag.py:3954} INFO - Setting next_dagrun for example_subdag_operator.section-1 to None, run_after=None
[2026-06-08T12:20:56.651+0000] {logging_mixin.py:188} INFO - [2026-06-08T12:20:56.651+0000] {dag.py:3954} INFO - Setting next_dagrun for example_subdag_operator.section-2 to None, run_after=None
[2026-06-08T12:20:56.655+0000] {logging_mixin.py:188} INFO - [2026-06-08T12:20:56.655+0000] {dag.py:3096} INFO - Sync 2 DAGs
[2026-06-08T12:20:56.658+0000] {logging_mixin.py:188} INFO - [2026-06-08T12:20:56.658+0000] {dag.py:3954} INFO - Setting next_dagrun for example_subdag_operator.section-1 to None, run_after=None
[2026-06-08T12:20:56.659+0000] {logging_mixin.py:188} INFO - [2026-06-08T12:20:56.658+0000] {dag.py:3954} INFO - Setting next_dagrun for example_subdag_operator.section-2 to None, run_after=None
[2026-06-08T12:20:56.666+0000] {processor.py:183} INFO - Processing /home/airflow/.local/lib/python3.12/site-packages/airflow/example_dags/example_subdag_operator.py took 0.066 seconds
[2026-06-08T12:21:27.063+0000] {processor.py:161} INFO - Started process (PID=502) to work on /home/airflow/.local/lib/python3.12/site-packages/airflow/example_dags/example_subdag_operator.py
[2026-06-08T12:21:27.064+0000] {processor.py:830} INFO - Processing file /home/airflow/.local/lib/python3.12/site-packages/airflow/example_dags/example_subdag_operator.py for tasks to queue
[2026-06-08T12:21:27.065+0000] {logging_mixin.py:188} INFO - [2026-06-08T12:21:27.065+0000] {dagbag.py:545} INFO - Filling up the DagBag from /home/airflow/.local/lib/python3.12/site-packages/airflow/example_dags/example_subdag_operator.py
[2026-06-08T12:21:27.083+0000] {processor.py:840} INFO - DAG(s) 'example_subdag_operator.section-1', 'example_subdag_operator.section-2', 'example_subdag_operator' retrieved from /home/airflow/.local/lib/python3.12/site-packages/airflow/example_dags/example_subdag_operator.py
[2026-06-08T12:21:27.098+0000] {logging_mixin.py:188} INFO - [2026-06-08T12:21:27.098+0000] {dag.py:3096} INFO - Sync 3 DAGs
[2026-06-08T12:21:27.112+0000] {logging_mixin.py:188} INFO - [2026-06-08T12:21:27.112+0000] {dag.py:3954} INFO - Setting next_dagrun for example_subdag_operator to 2022-01-01 00:00:00+00:00, run_after=2022-01-01 00:00:00+00:00
[2026-06-08T12:21:27.114+0000] {logging_mixin.py:188} INFO - [2026-06-08T12:21:27.114+0000] {dag.py:3954} INFO - Setting next_dagrun for example_subdag_operator.section-1 to None, run_after=None
[2026-06-08T12:21:27.115+0000] {logging_mixin.py:188} INFO - [2026-06-08T12:21:27.115+0000] {dag.py:3954} INFO - Setting next_dagrun for example_subdag_operator.section-2 to None, run_after=None
[2026-06-08T12:21:27.119+0000] {logging_mixin.py:188} INFO - [2026-06-08T12:21:27.119+0000] {dag.py:3096} INFO - Sync 2 DAGs
[2026-06-08T12:21:27.122+0000] {logging_mixin.py:188} INFO - [2026-06-08T12:21:27.122+0000] {dag.py:3954} INFO - Setting next_dagrun for example_subdag_operator.section-1 to None, run_after=None
[2026-06-08T12:21:27.122+0000] {logging_mixin.py:188} INFO - [2026-06-08T12:21:27.122+0000] {dag.py:3954} INFO - Setting next_dagrun for example_subdag_operator.section-2 to None, run_after=None
[2026-06-08T12:21:27.130+0000] {processor.py:183} INFO - Processing /home/airflow/.local/lib/python3.12/site-packages/airflow/example_dags/example_subdag_operator.py took 0.073 seconds
[2026-06-08T12:21:57.602+0000] {processor.py:161} INFO - Started process (PID=581) to work on /home/airflow/.local/lib/python3.12/site-packages/airflow/example_dags/example_subdag_operator.py
[2026-06-08T12:21:57.603+0000] {processor.py:830} INFO - Processing file /home/airflow/.local/lib/python3.12/site-packages/airflow/example_dags/example_subdag_operator.py for tasks to queue
[2026-06-08T12:21:57.605+0000] {logging_mixin.py:188} INFO - [2026-06-08T12:21:57.604+0000] {dagbag.py:545} INFO - Filling up the DagBag from /home/airflow/.local/lib/python3.12/site-packages/airflow/example_dags/example_subdag_operator.py
[2026-06-08T12:21:57.626+0000] {processor.py:840} INFO - DAG(s) 'example_subdag_operator.section-1', 'example_subdag_operator.section-2', 'example_subdag_operator' retrieved from /home/airflow/.local/lib/python3.12/site-packages/airflow/example_dags/example_subdag_operator.py
[2026-06-08T12:21:57.637+0000] {logging_mixin.py:188} INFO - [2026-06-08T12:21:57.637+0000] {dag.py:3096} INFO - Sync 3 DAGs
[2026-06-08T12:21:57.653+0000] {logging_mixin.py:188} INFO - [2026-06-08T12:21:57.652+0000] {dag.py:3954} INFO - Setting next_dagrun for example_subdag_operator to 2022-01-01 00:00:00+00:00, run_after=2022-01-01 00:00:00+00:00
[2026-06-08T12:21:57.655+0000] {logging_mixin.py:188} INFO - [2026-06-08T12:21:57.655+0000] {dag.py:3954} INFO - Setting next_dagrun for example_subdag_operator.section-1 to None, run_after=None
[2026-06-08T12:21:57.656+0000] {logging_mixin.py:188} INFO - [2026-06-08T12:21:57.656+0000] {dag.py:3954} INFO - Setting next_dagrun for example_subdag_operator.section-2 to None, run_after=None
[2026-06-08T12:21:57.661+0000] {logging_mixin.py:188} INFO - [2026-06-08T12:21:57.661+0000] {dag.py:3096} INFO - Sync 2 DAGs
[2026-06-08T12:21:57.665+0000] {logging_mixin.py:188} INFO - [2026-06-08T12:21:57.665+0000] {dag.py:3954} INFO - Setting next_dagrun for example_subdag_operator.section-1 to None, run_after=None
[2026-06-08T12:21:57.665+0000] {logging_mixin.py:188} INFO - [2026-06-08T12:21:57.665+0000] {dag.py:3954} INFO - Setting next_dagrun for example_subdag_operator.section-2 to None, run_after=None
[2026-06-08T12:21:57.675+0000] {processor.py:183} INFO - Processing /home/airflow/.local/lib/python3.12/site-packages/airflow/example_dags/example_subdag_operator.py took 0.079 seconds
[2026-06-08T12:22:28.109+0000] {processor.py:161} INFO - Started process (PID=639) to work on /home/airflow/.local/lib/python3.12/site-packages/airflow/example_dags/example_subdag_operator.py
[2026-06-08T12:22:28.110+0000] {processor.py:830} INFO - Processing file /home/airflow/.local/lib/python3.12/site-packages/airflow/example_dags/example_subdag_operator.py for tasks to queue
[2026-06-08T12:22:28.111+0000] {logging_mixin.py:188} INFO - [2026-06-08T12:22:28.111+0000] {dagbag.py:545} INFO - Filling up the DagBag from /home/airflow/.local/lib/python3.12/site-packages/airflow/example_dags/example_subdag_operator.py
[2026-06-08T12:22:28.145+0000] {processor.py:840} INFO - DAG(s) 'example_subdag_operator.section-1', 'example_subdag_operator.section-2', 'example_subdag_operator' retrieved from /home/airflow/.local/lib/python3.12/site-packages/airflow/example_dags/example_subdag_operator.py
[2026-06-08T12:22:28.174+0000] {logging_mixin.py:188} INFO - [2026-06-08T12:22:28.173+0000] {dag.py:3096} INFO - Sync 3 DAGs
[2026-06-08T12:22:28.196+0000] {logging_mixin.py:188} INFO - [2026-06-08T12:22:28.196+0000] {dag.py:3954} INFO - Setting next_dagrun for example_subdag_operator to 2022-01-01 00:00:00+00:00, run_after=2022-01-01 00:00:00+00:00
[2026-06-08T12:22:28.200+0000] {logging_mixin.py:188} INFO - [2026-06-08T12:22:28.200+0000] {dag.py:3954} INFO - Setting next_dagrun for example_subdag_operator.section-1 to None, run_after=None
[2026-06-08T12:22:28.201+0000] {logging_mixin.py:188} INFO - [2026-06-08T12:22:28.201+0000] {dag.py:3954} INFO - Setting next_dagrun for example_subdag_operator.section-2 to None, run_after=None
[2026-06-08T12:22:28.208+0000] {logging_mixin.py:188} INFO - [2026-06-08T12:22:28.208+0000] {dag.py:3096} INFO - Sync 2 DAGs
[2026-06-08T12:22:28.212+0000] {logging_mixin.py:188} INFO - [2026-06-08T12:22:28.212+0000] {dag.py:3954} INFO - Setting next_dagrun for example_subdag_operator.section-1 to None, run_after=None
[2026-06-08T12:22:28.213+0000] {logging_mixin.py:188} INFO - [2026-06-08T12:22:28.212+0000] {dag.py:3954} INFO - Setting next_dagrun for example_subdag_operator.section-2 to None, run_after=None
[2026-06-08T12:22:28.223+0000] {processor.py:183} INFO - Processing /home/airflow/.local/lib/python3.12/site-packages/airflow/example_dags/example_subdag_operator.py took 0.118 seconds
[2026-06-08T12:22:58.373+0000] {processor.py:161} INFO - Started process (PID=720) to work on /home/airflow/.local/lib/python3.12/site-packages/airflow/example_dags/example_subdag_operator.py
[2026-06-08T12:22:58.374+0000] {processor.py:830} INFO - Processing file /home/airflow/.local/lib/python3.12/site-packages/airflow/example_dags/example_subdag_operator.py for tasks to queue
[2026-06-08T12:22:58.376+0000] {logging_mixin.py:188} INFO - [2026-06-08T12:22:58.375+0000] {dagbag.py:545} INFO - Filling up the DagBag from /home/airflow/.local/lib/python3.12/site-packages/airflow/example_dags/example_subdag_operator.py
[2026-06-08T12:22:58.392+0000] {processor.py:840} INFO - DAG(s) 'example_subdag_operator.section-1', 'example_subdag_operator.section-2', 'example_subdag_operator' retrieved from /home/airflow/.local/lib/python3.12/site-packages/airflow/example_dags/example_subdag_operator.py
[2026-06-08T12:22:58.394+0000] {logging_mixin.py:188} INFO - [2026-06-08T12:22:58.394+0000] {dag.py:3096} INFO - Sync 3 DAGs
[2026-06-08T12:22:58.411+0000] {logging_mixin.py:188} INFO - [2026-06-08T12:22:58.411+0000] {dag.py:3954} INFO - Setting next_dagrun for example_subdag_operator to 2022-01-01 00:00:00+00:00, run_after=2022-01-01 00:00:00+00:00
[2026-06-08T12:22:58.413+0000] {logging_mixin.py:188} INFO - [2026-06-08T12:22:58.413+0000] {dag.py:3954} INFO - Setting next_dagrun for example_subdag_operator.section-1 to None, run_after=None
[2026-06-08T12:22:58.415+0000] {logging_mixin.py:188} INFO - [2026-06-08T12:22:58.414+0000] {dag.py:3954} INFO - Setting next_dagrun for example_subdag_operator.section-2 to None, run_after=None
[2026-06-08T12:22:58.422+0000] {logging_mixin.py:188} INFO - [2026-06-08T12:22:58.422+0000] {dag.py:3096} INFO - Sync 2 DAGs
[2026-06-08T12:22:58.426+0000] {logging_mixin.py:188} INFO - [2026-06-08T12:22:58.426+0000] {dag.py:3954} INFO - Setting next_dagrun for example_subdag_operator.section-1 to None, run_after=None
[2026-06-08T12:22:58.426+0000] {logging_mixin.py:188} INFO - [2026-06-08T12:22:58.426+0000] {dag.py:3954} INFO - Setting next_dagrun for example_subdag_operator.section-2 to None, run_after=None
[2026-06-08T12:22:58.433+0000] {processor.py:183} INFO - Processing /home/airflow/.local/lib/python3.12/site-packages/airflow/example_dags/example_subdag_operator.py took 0.068 seconds
[2026-06-08T12:23:30.103+0000] {processor.py:161} INFO - Started process (PID=800) to work on /home/airflow/.local/lib/python3.12/site-packages/airflow/example_dags/example_subdag_operator.py
[2026-06-08T12:23:30.104+0000] {processor.py:830} INFO - Processing file /home/airflow/.local/lib/python3.12/site-packages/airflow/example_dags/example_subdag_operator.py for tasks to queue
[2026-06-08T12:23:30.106+0000] {logging_mixin.py:188} INFO - [2026-06-08T12:23:30.106+0000] {dagbag.py:545} INFO - Filling up the DagBag from /home/airflow/.local/lib/python3.12/site-packages/airflow/example_dags/example_subdag_operator.py
[2026-06-08T12:23:30.136+0000] {processor.py:840} INFO - DAG(s) 'example_subdag_operator.section-1', 'example_subdag_operator.section-2', 'example_subdag_operator' retrieved from /home/airflow/.local/lib/python3.12/site-packages/airflow/example_dags/example_subdag_operator.py
[2026-06-08T12:23:30.212+0000] {logging_mixin.py:188} INFO - [2026-06-08T12:23:30.212+0000] {dag.py:3096} INFO - Sync 3 DAGs
[2026-06-08T12:23:30.235+0000] {logging_mixin.py:188} INFO - [2026-06-08T12:23:30.235+0000] {dag.py:3954} INFO - Setting next_dagrun for example_subdag_operator to 2022-01-01 00:00:00+00:00, run_after=2022-01-01 00:00:00+00:00
[2026-06-08T12:23:30.240+0000] {logging_mixin.py:188} INFO - [2026-06-08T12:23:30.240+0000] {dag.py:3954} INFO - Setting next_dagrun for example_subdag_operator.section-1 to None, run_after=None
[2026-06-08T12:23:30.242+0000] {logging_mixin.py:188} INFO - [2026-06-08T12:23:30.242+0000] {dag.py:3954} INFO - Setting next_dagrun for example_subdag_operator.section-2 to None, run_after=None
[2026-06-08T12:23:30.257+0000] {logging_mixin.py:188} INFO - [2026-06-08T12:23:30.257+0000] {dag.py:3096} INFO - Sync 2 DAGs
[2026-06-08T12:23:30.265+0000] {logging_mixin.py:188} INFO - [2026-06-08T12:23:30.265+0000] {dag.py:3954} INFO - Setting next_dagrun for example_subdag_operator.section-1 to None, run_after=None
[2026-06-08T12:23:30.266+0000] {logging_mixin.py:188} INFO - [2026-06-08T12:23:30.265+0000] {dag.py:3954} INFO - Setting next_dagrun for example_subdag_operator.section-2 to None, run_after=None
[2026-06-08T12:23:30.279+0000] {processor.py:183} INFO - Processing /home/airflow/.local/lib/python3.12/site-packages/airflow/example_dags/example_subdag_operator.py took 0.185 seconds
[2026-06-08T12:24:00.963+0000] {processor.py:161} INFO - Started process (PID=859) to work on /home/airflow/.local/lib/python3.12/site-packages/airflow/example_dags/example_subdag_operator.py
[2026-06-08T12:24:00.963+0000] {processor.py:830} INFO - Processing file /home/airflow/.local/lib/python3.12/site-packages/airflow/example_dags/example_subdag_operator.py for tasks to queue
[2026-06-08T12:24:00.965+0000] {logging_mixin.py:188} INFO - [2026-06-08T12:24:00.964+0000] {dagbag.py:545} INFO - Filling up the DagBag from /home/airflow/.local/lib/python3.12/site-packages/airflow/example_dags/example_subdag_operator.py
[2026-06-08T12:24:00.985+0000] {processor.py:840} INFO - DAG(s) 'example_subdag_operator.section-1', 'example_subdag_operator.section-2', 'example_subdag_operator' retrieved from /home/airflow/.local/lib/python3.12/site-packages/airflow/example_dags/example_subdag_operator.py
[2026-06-08T12:24:00.997+0000] {logging_mixin.py:188} INFO - [2026-06-08T12:24:00.997+0000] {dag.py:3096} INFO - Sync 3 DAGs
[2026-06-08T12:24:01.035+0000] {logging_mixin.py:188} INFO - [2026-06-08T12:24:01.035+0000] {dag.py:3954} INFO - Setting next_dagrun for example_subdag_operator to 2022-01-01 00:00:00+00:00, run_after=2022-01-01 00:00:00+00:00
[2026-06-08T12:24:01.044+0000] {logging_mixin.py:188} INFO - [2026-06-08T12:24:01.043+0000] {dag.py:3954} INFO - Setting next_dagrun for example_subdag_operator.section-1 to None, run_after=None
[2026-06-08T12:24:01.045+0000] {logging_mixin.py:188} INFO - [2026-06-08T12:24:01.045+0000] {dag.py:3954} INFO - Setting next_dagrun for example_subdag_operator.section-2 to None, run_after=None
[2026-06-08T12:24:01.054+0000] {logging_mixin.py:188} INFO - [2026-06-08T12:24:01.054+0000] {dag.py:3096} INFO - Sync 2 DAGs
[2026-06-08T12:24:01.061+0000] {logging_mixin.py:188} INFO - [2026-06-08T12:24:01.060+0000] {dag.py:3954} INFO - Setting next_dagrun for example_subdag_operator.section-1 to None, run_after=None
[2026-06-08T12:24:01.061+0000] {logging_mixin.py:188} INFO - [2026-06-08T12:24:01.061+0000] {dag.py:3954} INFO - Setting next_dagrun for example_subdag_operator.section-2 to None, run_after=None
[2026-06-08T12:24:01.072+0000] {processor.py:183} INFO - Processing /home/airflow/.local/lib/python3.12/site-packages/airflow/example_dags/example_subdag_operator.py took 0.114 seconds
[2026-06-08T12:24:31.600+0000] {processor.py:161} INFO - Started process (PID=918) to work on /home/airflow/.local/lib/python3.12/site-packages/airflow/example_dags/example_subdag_operator.py
[2026-06-08T12:24:31.601+0000] {processor.py:830} INFO - Processing file /home/airflow/.local/lib/python3.12/site-packages/airflow/example_dags/example_subdag_operator.py for tasks to queue
[2026-06-08T12:24:31.604+0000] {logging_mixin.py:188} INFO - [2026-06-08T12:24:31.603+0000] {dagbag.py:545} INFO - Filling up the DagBag from /home/airflow/.local/lib/python3.12/site-packages/airflow/example_dags/example_subdag_operator.py
[2026-06-08T12:24:31.625+0000] {processor.py:840} INFO - DAG(s) 'example_subdag_operator.section-1', 'example_subdag_operator.section-2', 'example_subdag_operator' retrieved from /home/airflow/.local/lib/python3.12/site-packages/airflow/example_dags/example_subdag_operator.py
[2026-06-08T12:24:31.636+0000] {logging_mixin.py:188} INFO - [2026-06-08T12:24:31.635+0000] {dag.py:3096} INFO - Sync 3 DAGs
[2026-06-08T12:24:31.650+0000] {logging_mixin.py:188} INFO - [2026-06-08T12:24:31.650+0000] {dag.py:3954} INFO - Setting next_dagrun for example_subdag_operator to 2022-01-01 00:00:00+00:00, run_after=2022-01-01 00:00:00+00:00
[2026-06-08T12:24:31.653+0000] {logging_mixin.py:188} INFO - [2026-06-08T12:24:31.653+0000] {dag.py:3954} INFO - Setting next_dagrun for example_subdag_operator.section-1 to None, run_after=None
[2026-06-08T12:24:31.654+0000] {logging_mixin.py:188} INFO - [2026-06-08T12:24:31.654+0000] {dag.py:3954} INFO - Setting next_dagrun for example_subdag_operator.section-2 to None, run_after=None
[2026-06-08T12:24:31.659+0000] {logging_mixin.py:188} INFO - [2026-06-08T12:24:31.658+0000] {dag.py:3096} INFO - Sync 2 DAGs
[2026-06-08T12:24:31.663+0000] {logging_mixin.py:188} INFO - [2026-06-08T12:24:31.663+0000] {dag.py:3954} INFO - Setting next_dagrun for example_subdag_operator.section-1 to None, run_after=None
[2026-06-08T12:24:31.663+0000] {logging_mixin.py:188} INFO - [2026-06-08T12:24:31.663+0000] {dag.py:3954} INFO - Setting next_dagrun for example_subdag_operator.section-2 to None, run_after=None
[2026-06-08T12:24:31.671+0000] {processor.py:183} INFO - Processing /home/airflow/.local/lib/python3.12/site-packages/airflow/example_dags/example_subdag_operator.py took 0.075 seconds
[2026-06-08T12:25:02.219+0000] {processor.py:161} INFO - Started process (PID=977) to work on /home/airflow/.local/lib/python3.12/site-packages/airflow/example_dags/example_subdag_operator.py
[2026-06-08T12:25:02.219+0000] {processor.py:830} INFO - Processing file /home/airflow/.local/lib/python3.12/site-packages/airflow/example_dags/example_subdag_operator.py for tasks to queue
[2026-06-08T12:25:02.221+0000] {logging_mixin.py:188} INFO - [2026-06-08T12:25:02.221+0000] {dagbag.py:545} INFO - Filling up the DagBag from /home/airflow/.local/lib/python3.12/site-packages/airflow/example_dags/example_subdag_operator.py
[2026-06-08T12:25:02.243+0000] {processor.py:840} INFO - DAG(s) 'example_subdag_operator.section-1', 'example_subdag_operator.section-2', 'example_subdag_operator' retrieved from /home/airflow/.local/lib/python3.12/site-packages/airflow/example_dags/example_subdag_operator.py
[2026-06-08T12:25:02.263+0000] {logging_mixin.py:188} INFO - [2026-06-08T12:25:02.263+0000] {dag.py:3096} INFO - Sync 3 DAGs
[2026-06-08T12:25:02.278+0000] {logging_mixin.py:188} INFO - [2026-06-08T12:25:02.278+0000] {dag.py:3954} INFO - Setting next_dagrun for example_subdag_operator to 2022-01-01 00:00:00+00:00, run_after=2022-01-01 00:00:00+00:00
[2026-06-08T12:25:02.281+0000] {logging_mixin.py:188} INFO - [2026-06-08T12:25:02.281+0000] {dag.py:3954} INFO - Setting next_dagrun for example_subdag_operator.section-1 to None, run_after=None
[2026-06-08T12:25:02.282+0000] {logging_mixin.py:188} INFO - [2026-06-08T12:25:02.282+0000] {dag.py:3954} INFO - Setting next_dagrun for example_subdag_operator.section-2 to None, run_after=None
[2026-06-08T12:25:02.288+0000] {logging_mixin.py:188} INFO - [2026-06-08T12:25:02.287+0000] {dag.py:3096} INFO - Sync 2 DAGs
[2026-06-08T12:25:02.291+0000] {logging_mixin.py:188} INFO - [2026-06-08T12:25:02.291+0000] {dag.py:3954} INFO - Setting next_dagrun for example_subdag_operator.section-1 to None, run_after=None
[2026-06-08T12:25:02.291+0000] {logging_mixin.py:188} INFO - [2026-06-08T12:25:02.291+0000] {dag.py:3954} INFO - Setting next_dagrun for example_subdag_operator.section-2 to None, run_after=None
[2026-06-08T12:25:02.298+0000] {processor.py:183} INFO - Processing /home/airflow/.local/lib/python3.12/site-packages/airflow/example_dags/example_subdag_operator.py took 0.085 seconds
[2026-06-08T12:25:32.507+0000] {processor.py:161} INFO - Started process (PID=1037) to work on /home/airflow/.local/lib/python3.12/site-packages/airflow/example_dags/example_subdag_operator.py
[2026-06-08T12:25:32.508+0000] {processor.py:830} INFO - Processing file /home/airflow/.local/lib/python3.12/site-packages/airflow/example_dags/example_subdag_operator.py for tasks to queue
[2026-06-08T12:25:32.509+0000] {logging_mixin.py:188} INFO - [2026-06-08T12:25:32.509+0000] {dagbag.py:545} INFO - Filling up the DagBag from /home/airflow/.local/lib/python3.12/site-packages/airflow/example_dags/example_subdag_operator.py
[2026-06-08T12:25:32.527+0000] {processor.py:840} INFO - DAG(s) 'example_subdag_operator.section-1', 'example_subdag_operator.section-2', 'example_subdag_operator' retrieved from /home/airflow/.local/lib/python3.12/site-packages/airflow/example_dags/example_subdag_operator.py
[2026-06-08T12:25:32.537+0000] {logging_mixin.py:188} INFO - [2026-06-08T12:25:32.536+0000] {dag.py:3096} INFO - Sync 3 DAGs
[2026-06-08T12:25:32.553+0000] {logging_mixin.py:188} INFO - [2026-06-08T12:25:32.553+0000] {dag.py:3954} INFO - Setting next_dagrun for example_subdag_operator to 2022-01-01 00:00:00+00:00, run_after=2022-01-01 00:00:00+00:00
[2026-06-08T12:25:32.558+0000] {logging_mixin.py:188} INFO - [2026-06-08T12:25:32.558+0000] {dag.py:3954} INFO - Setting next_dagrun for example_subdag_operator.section-1 to None, run_after=None
[2026-06-08T12:25:32.559+0000] {logging_mixin.py:188} INFO - [2026-06-08T12:25:32.559+0000] {dag.py:3954} INFO - Setting next_dagrun for example_subdag_operator.section-2 to None, run_after=None
[2026-06-08T12:25:32.567+0000] {logging_mixin.py:188} INFO - [2026-06-08T12:25:32.567+0000] {dag.py:3096} INFO - Sync 2 DAGs
[2026-06-08T12:25:32.574+0000] {logging_mixin.py:188} INFO - [2026-06-08T12:25:32.573+0000] {dag.py:3954} INFO - Setting next_dagrun for example_subdag_operator.section-1 to None, run_after=None
[2026-06-08T12:25:32.574+0000] {logging_mixin.py:188} INFO - [2026-06-08T12:25:32.574+0000] {dag.py:3954} INFO - Setting next_dagrun for example_subdag_operator.section-2 to None, run_after=None
[2026-06-08T12:25:32.588+0000] {processor.py:183} INFO - Processing /home/airflow/.local/lib/python3.12/site-packages/airflow/example_dags/example_subdag_operator.py took 0.084 seconds
[2026-06-08T12:26:02.975+0000] {processor.py:161} INFO - Started process (PID=1096) to work on /home/airflow/.local/lib/python3.12/site-packages/airflow/example_dags/example_subdag_operator.py
[2026-06-08T12:26:02.975+0000] {processor.py:830} INFO - Processing file /home/airflow/.local/lib/python3.12/site-packages/airflow/example_dags/example_subdag_operator.py for tasks to queue
[2026-06-08T12:26:02.977+0000] {logging_mixin.py:188} INFO - [2026-06-08T12:26:02.976+0000] {dagbag.py:545} INFO - Filling up the DagBag from /home/airflow/.local/lib/python3.12/site-packages/airflow/example_dags/example_subdag_operator.py
[2026-06-08T12:26:02.995+0000] {processor.py:840} INFO - DAG(s) 'example_subdag_operator.section-1', 'example_subdag_operator.section-2', 'example_subdag_operator' retrieved from /home/airflow/.local/lib/python3.12/site-packages/airflow/example_dags/example_subdag_operator.py
[2026-06-08T12:26:03.005+0000] {logging_mixin.py:188} INFO - [2026-06-08T12:26:03.005+0000] {dag.py:3096} INFO - Sync 3 DAGs
[2026-06-08T12:26:03.022+0000] {logging_mixin.py:188} INFO - [2026-06-08T12:26:03.022+0000] {dag.py:3954} INFO - Setting next_dagrun for example_subdag_operator to 2022-01-01 00:00:00+00:00, run_after=2022-01-01 00:00:00+00:00
[2026-06-08T12:26:03.026+0000] {logging_mixin.py:188} INFO - [2026-06-08T12:26:03.025+0000] {dag.py:3954} INFO - Setting next_dagrun for example_subdag_operator.section-1 to None, run_after=None
[2026-06-08T12:26:03.027+0000] {logging_mixin.py:188} INFO - [2026-06-08T12:26:03.026+0000] {dag.py:3954} INFO - Setting next_dagrun for example_subdag_operator.section-2 to None, run_after=None
[2026-06-08T12:26:03.032+0000] {logging_mixin.py:188} INFO - [2026-06-08T12:26:03.031+0000] {dag.py:3096} INFO - Sync 2 DAGs
[2026-06-08T12:26:03.036+0000] {logging_mixin.py:188} INFO - [2026-06-08T12:26:03.036+0000] {dag.py:3954} INFO - Setting next_dagrun for example_subdag_operator.section-1 to None, run_after=None
[2026-06-08T12:26:03.037+0000] {logging_mixin.py:188} INFO - [2026-06-08T12:26:03.037+0000] {dag.py:3954} INFO - Setting next_dagrun for example_subdag_operator.section-2 to None, run_after=None
[2026-06-08T12:26:03.046+0000] {processor.py:183} INFO - Processing /home/airflow/.local/lib/python3.12/site-packages/airflow/example_dags/example_subdag_operator.py took 0.076 seconds
[2026-06-08T12:26:33.575+0000] {processor.py:161} INFO - Started process (PID=1155) to work on /home/airflow/.local/lib/python3.12/site-packages/airflow/example_dags/example_subdag_operator.py
[2026-06-08T12:26:33.576+0000] {processor.py:830} INFO - Processing file /home/airflow/.local/lib/python3.12/site-packages/airflow/example_dags/example_subdag_operator.py for tasks to queue
[2026-06-08T12:26:33.578+0000] {logging_mixin.py:188} INFO - [2026-06-08T12:26:33.578+0000] {dagbag.py:545} INFO - Filling up the DagBag from /home/airflow/.local/lib/python3.12/site-packages/airflow/example_dags/example_subdag_operator.py
[2026-06-08T12:26:33.602+0000] {processor.py:840} INFO - DAG(s) 'example_subdag_operator.section-1', 'example_subdag_operator.section-2', 'example_subdag_operator' retrieved from /home/airflow/.local/lib/python3.12/site-packages/airflow/example_dags/example_subdag_operator.py
[2026-06-08T12:26:33.617+0000] {logging_mixin.py:188} INFO - [2026-06-08T12:26:33.617+0000] {dag.py:3096} INFO - Sync 3 DAGs
[2026-06-08T12:26:33.636+0000] {logging_mixin.py:188} INFO - [2026-06-08T12:26:33.636+0000] {dag.py:3954} INFO - Setting next_dagrun for example_subdag_operator to 2022-01-01 00:00:00+00:00, run_after=2022-01-01 00:00:00+00:00
[2026-06-08T12:26:33.639+0000] {logging_mixin.py:188} INFO - [2026-06-08T12:26:33.639+0000] {dag.py:3954} INFO - Setting next_dagrun for example_subdag_operator.section-1 to None, run_after=None
[2026-06-08T12:26:33.640+0000] {logging_mixin.py:188} INFO - [2026-06-08T12:26:33.640+0000] {dag.py:3954} INFO - Setting next_dagrun for example_subdag_operator.section-2 to None, run_after=None
[2026-06-08T12:26:33.645+0000] {logging_mixin.py:188} INFO - [2026-06-08T12:26:33.645+0000] {dag.py:3096} INFO - Sync 2 DAGs
[2026-06-08T12:26:33.649+0000] {logging_mixin.py:188} INFO - [2026-06-08T12:26:33.649+0000] {dag.py:3954} INFO - Setting next_dagrun for example_subdag_operator.section-1 to None, run_after=None
[2026-06-08T12:26:33.650+0000] {logging_mixin.py:188} INFO - [2026-06-08T12:26:33.649+0000] {dag.py:3954} INFO - Setting next_dagrun for example_subdag_operator.section-2 to None, run_after=None
[2026-06-08T12:26:33.661+0000] {processor.py:183} INFO - Processing /home/airflow/.local/lib/python3.12/site-packages/airflow/example_dags/example_subdag_operator.py took 0.090 seconds
[2026-06-08T12:27:03.889+0000] {processor.py:161} INFO - Started process (PID=1214) to work on /home/airflow/.local/lib/python3.12/site-packages/airflow/example_dags/example_subdag_operator.py
[2026-06-08T12:27:03.890+0000] {processor.py:830} INFO - Processing file /home/airflow/.local/lib/python3.12/site-packages/airflow/example_dags/example_subdag_operator.py for tasks to queue
[2026-06-08T12:27:03.891+0000] {logging_mixin.py:188} INFO - [2026-06-08T12:27:03.890+0000] {dagbag.py:545} INFO - Filling up the DagBag from /home/airflow/.local/lib/python3.12/site-packages/airflow/example_dags/example_subdag_operator.py
[2026-06-08T12:27:03.908+0000] {processor.py:840} INFO - DAG(s) 'example_subdag_operator.section-1', 'example_subdag_operator.section-2', 'example_subdag_operator' retrieved from /home/airflow/.local/lib/python3.12/site-packages/airflow/example_dags/example_subdag_operator.py
[2026-06-08T12:27:03.918+0000] {logging_mixin.py:188} INFO - [2026-06-08T12:27:03.918+0000] {dag.py:3096} INFO - Sync 3 DAGs
[2026-06-08T12:27:03.932+0000] {logging_mixin.py:188} INFO - [2026-06-08T12:27:03.932+0000] {dag.py:3954} INFO - Setting next_dagrun for example_subdag_operator to 2022-01-01 00:00:00+00:00, run_after=2022-01-01 00:00:00+00:00
[2026-06-08T12:27:03.934+0000] {logging_mixin.py:188} INFO - [2026-06-08T12:27:03.934+0000] {dag.py:3954} INFO - Setting next_dagrun for example_subdag_operator.section-1 to None, run_after=None
[2026-06-08T12:27:03.935+0000] {logging_mixin.py:188} INFO - [2026-06-08T12:27:03.935+0000] {dag.py:3954} INFO - Setting next_dagrun for example_subdag_operator.section-2 to None, run_after=None
[2026-06-08T12:27:03.939+0000] {logging_mixin.py:188} INFO - [2026-06-08T12:27:03.939+0000] {dag.py:3096} INFO - Sync 2 DAGs
[2026-06-08T12:27:03.942+0000] {logging_mixin.py:188} INFO - [2026-06-08T12:27:03.942+0000] {dag.py:3954} INFO - Setting next_dagrun for example_subdag_operator.section-1 to None, run_after=None
[2026-06-08T12:27:03.943+0000] {logging_mixin.py:188} INFO - [2026-06-08T12:27:03.942+0000] {dag.py:3954} INFO - Setting next_dagrun for example_subdag_operator.section-2 to None, run_after=None
[2026-06-08T12:27:03.949+0000] {processor.py:183} INFO - Processing /home/airflow/.local/lib/python3.12/site-packages/airflow/example_dags/example_subdag_operator.py took 0.064 seconds
[2026-06-08T12:27:34.451+0000] {processor.py:161} INFO - Started process (PID=1273) to work on /home/airflow/.local/lib/python3.12/site-packages/airflow/example_dags/example_subdag_operator.py
[2026-06-08T12:27:34.451+0000] {processor.py:830} INFO - Processing file /home/airflow/.local/lib/python3.12/site-packages/airflow/example_dags/example_subdag_operator.py for tasks to queue
[2026-06-08T12:27:34.452+0000] {logging_mixin.py:188} INFO - [2026-06-08T12:27:34.452+0000] {dagbag.py:545} INFO - Filling up the DagBag from /home/airflow/.local/lib/python3.12/site-packages/airflow/example_dags/example_subdag_operator.py
[2026-06-08T12:27:34.470+0000] {processor.py:840} INFO - DAG(s) 'example_subdag_operator.section-1', 'example_subdag_operator.section-2', 'example_subdag_operator' retrieved from /home/airflow/.local/lib/python3.12/site-packages/airflow/example_dags/example_subdag_operator.py
[2026-06-08T12:27:34.480+0000] {logging_mixin.py:188} INFO - [2026-06-08T12:27:34.480+0000] {dag.py:3096} INFO - Sync 3 DAGs
[2026-06-08T12:27:34.501+0000] {logging_mixin.py:188} INFO - [2026-06-08T12:27:34.501+0000] {dag.py:3954} INFO - Setting next_dagrun for example_subdag_operator to 2022-01-01 00:00:00+00:00, run_after=2022-01-01 00:00:00+00:00
[2026-06-08T12:27:34.504+0000] {logging_mixin.py:188} INFO - [2026-06-08T12:27:34.504+0000] {dag.py:3954} INFO - Setting next_dagrun for example_subdag_operator.section-1 to None, run_after=None
[2026-06-08T12:27:34.505+0000] {logging_mixin.py:188} INFO - [2026-06-08T12:27:34.504+0000] {dag.py:3954} INFO - Setting next_dagrun for example_subdag_operator.section-2 to None, run_after=None
[2026-06-08T12:27:34.509+0000] {logging_mixin.py:188} INFO - [2026-06-08T12:27:34.509+0000] {dag.py:3096} INFO - Sync 2 DAGs
[2026-06-08T12:27:34.512+0000] {logging_mixin.py:188} INFO - [2026-06-08T12:27:34.512+0000] {dag.py:3954} INFO - Setting next_dagrun for example_subdag_operator.section-1 to None, run_after=None
[2026-06-08T12:27:34.512+0000] {logging_mixin.py:188} INFO - [2026-06-08T12:27:34.512+0000] {dag.py:3954} INFO - Setting next_dagrun for example_subdag_operator.section-2 to None, run_after=None
[2026-06-08T12:27:34.520+0000] {processor.py:183} INFO - Processing /home/airflow/.local/lib/python3.12/site-packages/airflow/example_dags/example_subdag_operator.py took 0.075 seconds
[2026-06-08T12:28:05.241+0000] {processor.py:161} INFO - Started process (PID=1332) to work on /home/airflow/.local/lib/python3.12/site-packages/airflow/example_dags/example_subdag_operator.py
[2026-06-08T12:28:05.243+0000] {processor.py:830} INFO - Processing file /home/airflow/.local/lib/python3.12/site-packages/airflow/example_dags/example_subdag_operator.py for tasks to queue
[2026-06-08T12:28:05.245+0000] {logging_mixin.py:188} INFO - [2026-06-08T12:28:05.245+0000] {dagbag.py:545} INFO - Filling up the DagBag from /home/airflow/.local/lib/python3.12/site-packages/airflow/example_dags/example_subdag_operator.py
[2026-06-08T12:28:05.269+0000] {processor.py:840} INFO - DAG(s) 'example_subdag_operator.section-1', 'example_subdag_operator.section-2', 'example_subdag_operator' retrieved from /home/airflow/.local/lib/python3.12/site-packages/airflow/example_dags/example_subdag_operator.py
[2026-06-08T12:28:05.287+0000] {logging_mixin.py:188} INFO - [2026-06-08T12:28:05.287+0000] {dag.py:3096} INFO - Sync 3 DAGs
[2026-06-08T12:28:05.302+0000] {logging_mixin.py:188} INFO - [2026-06-08T12:28:05.302+0000] {dag.py:3954} INFO - Setting next_dagrun for example_subdag_operator to 2022-01-01 00:00:00+00:00, run_after=2022-01-01 00:00:00+00:00
[2026-06-08T12:28:05.305+0000] {logging_mixin.py:188} INFO - [2026-06-08T12:28:05.305+0000] {dag.py:3954} INFO - Setting next_dagrun for example_subdag_operator.section-1 to None, run_after=None
[2026-06-08T12:28:05.306+0000] {logging_mixin.py:188} INFO - [2026-06-08T12:28:05.306+0000] {dag.py:3954} INFO - Setting next_dagrun for example_subdag_operator.section-2 to None, run_after=None
[2026-06-08T12:28:05.311+0000] {logging_mixin.py:188} INFO - [2026-06-08T12:28:05.311+0000] {dag.py:3096} INFO - Sync 2 DAGs
[2026-06-08T12:28:05.315+0000] {logging_mixin.py:188} INFO - [2026-06-08T12:28:05.315+0000] {dag.py:3954} INFO - Setting next_dagrun for example_subdag_operator.section-1 to None, run_after=None
[2026-06-08T12:28:05.315+0000] {logging_mixin.py:188} INFO - [2026-06-08T12:28:05.315+0000] {dag.py:3954} INFO - Setting next_dagrun for example_subdag_operator.section-2 to None, run_after=None
[2026-06-08T12:28:05.325+0000] {processor.py:183} INFO - Processing /home/airflow/.local/lib/python3.12/site-packages/airflow/example_dags/example_subdag_operator.py took 0.091 seconds
[2026-06-08T12:28:35.534+0000] {processor.py:161} INFO - Started process (PID=1392) to work on /home/airflow/.local/lib/python3.12/site-packages/airflow/example_dags/example_subdag_operator.py
[2026-06-08T12:28:35.534+0000] {processor.py:830} INFO - Processing file /home/airflow/.local/lib/python3.12/site-packages/airflow/example_dags/example_subdag_operator.py for tasks to queue
[2026-06-08T12:28:35.535+0000] {logging_mixin.py:188} INFO - [2026-06-08T12:28:35.535+0000] {dagbag.py:545} INFO - Filling up the DagBag from /home/airflow/.local/lib/python3.12/site-packages/airflow/example_dags/example_subdag_operator.py
[2026-06-08T12:28:35.550+0000] {processor.py:840} INFO - DAG(s) 'example_subdag_operator.section-1', 'example_subdag_operator.section-2', 'example_subdag_operator' retrieved from /home/airflow/.local/lib/python3.12/site-packages/airflow/example_dags/example_subdag_operator.py
[2026-06-08T12:28:35.559+0000] {logging_mixin.py:188} INFO - [2026-06-08T12:28:35.559+0000] {dag.py:3096} INFO - Sync 3 DAGs
[2026-06-08T12:28:35.572+0000] {logging_mixin.py:188} INFO - [2026-06-08T12:28:35.572+0000] {dag.py:3954} INFO - Setting next_dagrun for example_subdag_operator to 2022-01-01 00:00:00+00:00, run_after=2022-01-01 00:00:00+00:00
[2026-06-08T12:28:35.575+0000] {logging_mixin.py:188} INFO - [2026-06-08T12:28:35.575+0000] {dag.py:3954} INFO - Setting next_dagrun for example_subdag_operator.section-1 to None, run_after=None
[2026-06-08T12:28:35.576+0000] {logging_mixin.py:188} INFO - [2026-06-08T12:28:35.576+0000] {dag.py:3954} INFO - Setting next_dagrun for example_subdag_operator.section-2 to None, run_after=None
[2026-06-08T12:28:35.580+0000] {logging_mixin.py:188} INFO - [2026-06-08T12:28:35.580+0000] {dag.py:3096} INFO - Sync 2 DAGs
[2026-06-08T12:28:35.583+0000] {logging_mixin.py:188} INFO - [2026-06-08T12:28:35.583+0000] {dag.py:3954} INFO - Setting next_dagrun for example_subdag_operator.section-1 to None, run_after=None
[2026-06-08T12:28:35.583+0000] {logging_mixin.py:188} INFO - [2026-06-08T12:28:35.583+0000] {dag.py:3954} INFO - Setting next_dagrun for example_subdag_operator.section-2 to None, run_after=None
[2026-06-08T12:28:35.589+0000] {processor.py:183} INFO - Processing /home/airflow/.local/lib/python3.12/site-packages/airflow/example_dags/example_subdag_operator.py took 0.062 seconds
[2026-06-08T12:29:05.891+0000] {processor.py:161} INFO - Started process (PID=1451) to work on /home/airflow/.local/lib/python3.12/site-packages/airflow/example_dags/example_subdag_operator.py
[2026-06-08T12:29:05.892+0000] {processor.py:830} INFO - Processing file /home/airflow/.local/lib/python3.12/site-packages/airflow/example_dags/example_subdag_operator.py for tasks to queue
[2026-06-08T12:29:05.894+0000] {logging_mixin.py:188} INFO - [2026-06-08T12:29:05.893+0000] {dagbag.py:545} INFO - Filling up the DagBag from /home/airflow/.local/lib/python3.12/site-packages/airflow/example_dags/example_subdag_operator.py
[2026-06-08T12:29:05.911+0000] {processor.py:840} INFO - DAG(s) 'example_subdag_operator.section-1', 'example_subdag_operator.section-2', 'example_subdag_operator' retrieved from /home/airflow/.local/lib/python3.12/site-packages/airflow/example_dags/example_subdag_operator.py
[2026-06-08T12:29:05.923+0000] {logging_mixin.py:188} INFO - [2026-06-08T12:29:05.923+0000] {dag.py:3096} INFO - Sync 3 DAGs
[2026-06-08T12:29:05.938+0000] {logging_mixin.py:188} INFO - [2026-06-08T12:29:05.938+0000] {dag.py:3954} INFO - Setting next_dagrun for example_subdag_operator to 2022-01-01 00:00:00+00:00, run_after=2022-01-01 00:00:00+00:00
[2026-06-08T12:29:05.940+0000] {logging_mixin.py:188} INFO - [2026-06-08T12:29:05.940+0000] {dag.py:3954} INFO - Setting next_dagrun for example_subdag_operator.section-1 to None, run_after=None
[2026-06-08T12:29:05.941+0000] {logging_mixin.py:188} INFO - [2026-06-08T12:29:05.941+0000] {dag.py:3954} INFO - Setting next_dagrun for example_subdag_operator.section-2 to None, run_after=None
[2026-06-08T12:29:05.945+0000] {logging_mixin.py:188} INFO - [2026-06-08T12:29:05.945+0000] {dag.py:3096} INFO - Sync 2 DAGs
[2026-06-08T12:29:05.949+0000] {logging_mixin.py:188} INFO - [2026-06-08T12:29:05.949+0000] {dag.py:3954} INFO - Setting next_dagrun for example_subdag_operator.section-1 to None, run_after=None
[2026-06-08T12:29:05.949+0000] {logging_mixin.py:188} INFO - [2026-06-08T12:29:05.949+0000] {dag.py:3954} INFO - Setting next_dagrun for example_subdag_operator.section-2 to None, run_after=None
[2026-06-08T12:29:05.956+0000] {processor.py:183} INFO - Processing /home/airflow/.local/lib/python3.12/site-packages/airflow/example_dags/example_subdag_operator.py took 0.071 seconds
[2026-06-08T12:29:36.378+0000] {processor.py:161} INFO - Started process (PID=1510) to work on /home/airflow/.local/lib/python3.12/site-packages/airflow/example_dags/example_subdag_operator.py
[2026-06-08T12:29:36.379+0000] {processor.py:830} INFO - Processing file /home/airflow/.local/lib/python3.12/site-packages/airflow/example_dags/example_subdag_operator.py for tasks to queue
[2026-06-08T12:29:36.380+0000] {logging_mixin.py:188} INFO - [2026-06-08T12:29:36.380+0000] {dagbag.py:545} INFO - Filling up the DagBag from /home/airflow/.local/lib/python3.12/site-packages/airflow/example_dags/example_subdag_operator.py
[2026-06-08T12:29:36.398+0000] {processor.py:840} INFO - DAG(s) 'example_subdag_operator.section-1', 'example_subdag_operator.section-2', 'example_subdag_operator' retrieved from /home/airflow/.local/lib/python3.12/site-packages/airflow/example_dags/example_subdag_operator.py
[2026-06-08T12:29:36.417+0000] {logging_mixin.py:188} INFO - [2026-06-08T12:29:36.417+0000] {dag.py:3096} INFO - Sync 3 DAGs
[2026-06-08T12:29:36.443+0000] {logging_mixin.py:188} INFO - [2026-06-08T12:29:36.443+0000] {dag.py:3954} INFO - Setting next_dagrun for example_subdag_operator to 2022-01-01 00:00:00+00:00, run_after=2022-01-01 00:00:00+00:00
[2026-06-08T12:29:36.449+0000] {logging_mixin.py:188} INFO - [2026-06-08T12:29:36.449+0000] {dag.py:3954} INFO - Setting next_dagrun for example_subdag_operator.section-1 to None, run_after=None
[2026-06-08T12:29:36.451+0000] {logging_mixin.py:188} INFO - [2026-06-08T12:29:36.450+0000] {dag.py:3954} INFO - Setting next_dagrun for example_subdag_operator.section-2 to None, run_after=None
[2026-06-08T12:29:36.461+0000] {logging_mixin.py:188} INFO - [2026-06-08T12:29:36.460+0000] {dag.py:3096} INFO - Sync 2 DAGs
[2026-06-08T12:29:36.467+0000] {logging_mixin.py:188} INFO - [2026-06-08T12:29:36.467+0000] {dag.py:3954} INFO - Setting next_dagrun for example_subdag_operator.section-1 to None, run_after=None
[2026-06-08T12:29:36.468+0000] {logging_mixin.py:188} INFO - [2026-06-08T12:29:36.468+0000] {dag.py:3954} INFO - Setting next_dagrun for example_subdag_operator.section-2 to None, run_after=None
[2026-06-08T12:29:36.484+0000] {processor.py:183} INFO - Processing /home/airflow/.local/lib/python3.12/site-packages/airflow/example_dags/example_subdag_operator.py took 0.112 seconds
[2026-06-08T12:30:07.046+0000] {processor.py:161} INFO - Started process (PID=1569) to work on /home/airflow/.local/lib/python3.12/site-packages/airflow/example_dags/example_subdag_operator.py
[2026-06-08T12:30:07.047+0000] {processor.py:830} INFO - Processing file /home/airflow/.local/lib/python3.12/site-packages/airflow/example_dags/example_subdag_operator.py for tasks to queue
[2026-06-08T12:30:07.048+0000] {logging_mixin.py:188} INFO - [2026-06-08T12:30:07.048+0000] {dagbag.py:545} INFO - Filling up the DagBag from /home/airflow/.local/lib/python3.12/site-packages/airflow/example_dags/example_subdag_operator.py
[2026-06-08T12:30:07.070+0000] {processor.py:840} INFO - DAG(s) 'example_subdag_operator.section-1', 'example_subdag_operator.section-2', 'example_subdag_operator' retrieved from /home/airflow/.local/lib/python3.12/site-packages/airflow/example_dags/example_subdag_operator.py
[2026-06-08T12:30:07.088+0000] {logging_mixin.py:188} INFO - [2026-06-08T12:30:07.088+0000] {dag.py:3096} INFO - Sync 3 DAGs
[2026-06-08T12:30:07.113+0000] {logging_mixin.py:188} INFO - [2026-06-08T12:30:07.113+0000] {dag.py:3954} INFO - Setting next_dagrun for example_subdag_operator to 2022-01-01 00:00:00+00:00, run_after=2022-01-01 00:00:00+00:00
[2026-06-08T12:30:07.118+0000] {logging_mixin.py:188} INFO - [2026-06-08T12:30:07.118+0000] {dag.py:3954} INFO - Setting next_dagrun for example_subdag_operator.section-1 to None, run_after=None
[2026-06-08T12:30:07.120+0000] {logging_mixin.py:188} INFO - [2026-06-08T12:30:07.119+0000] {dag.py:3954} INFO - Setting next_dagrun for example_subdag_operator.section-2 to None, run_after=None
[2026-06-08T12:30:07.128+0000] {logging_mixin.py:188} INFO - [2026-06-08T12:30:07.128+0000] {dag.py:3096} INFO - Sync 2 DAGs
[2026-06-08T12:30:07.134+0000] {logging_mixin.py:188} INFO - [2026-06-08T12:30:07.134+0000] {dag.py:3954} INFO - Setting next_dagrun for example_subdag_operator.section-1 to None, run_after=None
[2026-06-08T12:30:07.134+0000] {logging_mixin.py:188} INFO - [2026-06-08T12:30:07.134+0000] {dag.py:3954} INFO - Setting next_dagrun for example_subdag_operator.section-2 to None, run_after=None
[2026-06-08T12:30:07.144+0000] {processor.py:183} INFO - Processing /home/airflow/.local/lib/python3.12/site-packages/airflow/example_dags/example_subdag_operator.py took 0.103 seconds
[2026-06-08T12:30:37.711+0000] {processor.py:161} INFO - Started process (PID=1628) to work on /home/airflow/.local/lib/python3.12/site-packages/airflow/example_dags/example_subdag_operator.py
[2026-06-08T12:30:37.712+0000] {processor.py:830} INFO - Processing file /home/airflow/.local/lib/python3.12/site-packages/airflow/example_dags/example_subdag_operator.py for tasks to queue
[2026-06-08T12:30:37.713+0000] {logging_mixin.py:188} INFO - [2026-06-08T12:30:37.712+0000] {dagbag.py:545} INFO - Filling up the DagBag from /home/airflow/.local/lib/python3.12/site-packages/airflow/example_dags/example_subdag_operator.py
[2026-06-08T12:30:37.736+0000] {processor.py:840} INFO - DAG(s) 'example_subdag_operator.section-1', 'example_subdag_operator.section-2', 'example_subdag_operator' retrieved from /home/airflow/.local/lib/python3.12/site-packages/airflow/example_dags/example_subdag_operator.py
[2026-06-08T12:30:37.749+0000] {logging_mixin.py:188} INFO - [2026-06-08T12:30:37.749+0000] {dag.py:3096} INFO - Sync 3 DAGs
[2026-06-08T12:30:37.772+0000] {logging_mixin.py:188} INFO - [2026-06-08T12:30:37.772+0000] {dag.py:3954} INFO - Setting next_dagrun for example_subdag_operator to 2022-01-01 00:00:00+00:00, run_after=2022-01-01 00:00:00+00:00
[2026-06-08T12:30:37.776+0000] {logging_mixin.py:188} INFO - [2026-06-08T12:30:37.776+0000] {dag.py:3954} INFO - Setting next_dagrun for example_subdag_operator.section-1 to None, run_after=None
[2026-06-08T12:30:37.778+0000] {logging_mixin.py:188} INFO - [2026-06-08T12:30:37.777+0000] {dag.py:3954} INFO - Setting next_dagrun for example_subdag_operator.section-2 to None, run_after=None
[2026-06-08T12:30:37.783+0000] {logging_mixin.py:188} INFO - [2026-06-08T12:30:37.783+0000] {dag.py:3096} INFO - Sync 2 DAGs
[2026-06-08T12:30:37.789+0000] {logging_mixin.py:188} INFO - [2026-06-08T12:30:37.789+0000] {dag.py:3954} INFO - Setting next_dagrun for example_subdag_operator.section-1 to None, run_after=None
[2026-06-08T12:30:37.789+0000] {logging_mixin.py:188} INFO - [2026-06-08T12:30:37.789+0000] {dag.py:3954} INFO - Setting next_dagrun for example_subdag_operator.section-2 to None, run_after=None
[2026-06-08T12:30:37.798+0000] {processor.py:183} INFO - Processing /home/airflow/.local/lib/python3.12/site-packages/airflow/example_dags/example_subdag_operator.py took 0.090 seconds
[2026-06-08T12:31:08.143+0000] {processor.py:161} INFO - Started process (PID=1687) to work on /home/airflow/.local/lib/python3.12/site-packages/airflow/example_dags/example_subdag_operator.py
[2026-06-08T12:31:08.144+0000] {processor.py:830} INFO - Processing file /home/airflow/.local/lib/python3.12/site-packages/airflow/example_dags/example_subdag_operator.py for tasks to queue
[2026-06-08T12:31:08.146+0000] {logging_mixin.py:188} INFO - [2026-06-08T12:31:08.146+0000] {dagbag.py:545} INFO - Filling up the DagBag from /home/airflow/.local/lib/python3.12/site-packages/airflow/example_dags/example_subdag_operator.py
[2026-06-08T12:31:08.175+0000] {processor.py:840} INFO - DAG(s) 'example_subdag_operator.section-1', 'example_subdag_operator.section-2', 'example_subdag_operator' retrieved from /home/airflow/.local/lib/python3.12/site-packages/airflow/example_dags/example_subdag_operator.py
[2026-06-08T12:31:08.192+0000] {logging_mixin.py:188} INFO - [2026-06-08T12:31:08.192+0000] {dag.py:3096} INFO - Sync 3 DAGs
[2026-06-08T12:31:08.208+0000] {logging_mixin.py:188} INFO - [2026-06-08T12:31:08.208+0000] {dag.py:3954} INFO - Setting next_dagrun for example_subdag_operator to 2022-01-01 00:00:00+00:00, run_after=2022-01-01 00:00:00+00:00
[2026-06-08T12:31:08.211+0000] {logging_mixin.py:188} INFO - [2026-06-08T12:31:08.211+0000] {dag.py:3954} INFO - Setting next_dagrun for example_subdag_operator.section-1 to None, run_after=None
[2026-06-08T12:31:08.212+0000] {logging_mixin.py:188} INFO - [2026-06-08T12:31:08.212+0000] {dag.py:3954} INFO - Setting next_dagrun for example_subdag_operator.section-2 to None, run_after=None
[2026-06-08T12:31:08.219+0000] {logging_mixin.py:188} INFO - [2026-06-08T12:31:08.219+0000] {dag.py:3096} INFO - Sync 2 DAGs
[2026-06-08T12:31:08.227+0000] {logging_mixin.py:188} INFO - [2026-06-08T12:31:08.226+0000] {dag.py:3954} INFO - Setting next_dagrun for example_subdag_operator.section-1 to None, run_after=None
[2026-06-08T12:31:08.227+0000] {logging_mixin.py:188} INFO - [2026-06-08T12:31:08.227+0000] {dag.py:3954} INFO - Setting next_dagrun for example_subdag_operator.section-2 to None, run_after=None
[2026-06-08T12:31:08.238+0000] {processor.py:183} INFO - Processing /home/airflow/.local/lib/python3.12/site-packages/airflow/example_dags/example_subdag_operator.py took 0.103 seconds
[2026-06-08T12:31:38.510+0000] {processor.py:161} INFO - Started process (PID=1746) to work on /home/airflow/.local/lib/python3.12/site-packages/airflow/example_dags/example_subdag_operator.py
[2026-06-08T12:31:38.511+0000] {processor.py:830} INFO - Processing file /home/airflow/.local/lib/python3.12/site-packages/airflow/example_dags/example_subdag_operator.py for tasks to queue
[2026-06-08T12:31:38.513+0000] {logging_mixin.py:188} INFO - [2026-06-08T12:31:38.512+0000] {dagbag.py:545} INFO - Filling up the DagBag from /home/airflow/.local/lib/python3.12/site-packages/airflow/example_dags/example_subdag_operator.py
[2026-06-08T12:31:38.535+0000] {processor.py:840} INFO - DAG(s) 'example_subdag_operator.section-1', 'example_subdag_operator.section-2', 'example_subdag_operator' retrieved from /home/airflow/.local/lib/python3.12/site-packages/airflow/example_dags/example_subdag_operator.py
[2026-06-08T12:31:38.547+0000] {logging_mixin.py:188} INFO - [2026-06-08T12:31:38.547+0000] {dag.py:3096} INFO - Sync 3 DAGs
[2026-06-08T12:31:38.563+0000] {logging_mixin.py:188} INFO - [2026-06-08T12:31:38.563+0000] {dag.py:3954} INFO - Setting next_dagrun for example_subdag_operator to 2022-01-01 00:00:00+00:00, run_after=2022-01-01 00:00:00+00:00
[2026-06-08T12:31:38.566+0000] {logging_mixin.py:188} INFO - [2026-06-08T12:31:38.566+0000] {dag.py:3954} INFO - Setting next_dagrun for example_subdag_operator.section-1 to None, run_after=None
[2026-06-08T12:31:38.567+0000] {logging_mixin.py:188} INFO - [2026-06-08T12:31:38.567+0000] {dag.py:3954} INFO - Setting next_dagrun for example_subdag_operator.section-2 to None, run_after=None
[2026-06-08T12:31:38.571+0000] {logging_mixin.py:188} INFO - [2026-06-08T12:31:38.571+0000] {dag.py:3096} INFO - Sync 2 DAGs
[2026-06-08T12:31:38.575+0000] {logging_mixin.py:188} INFO - [2026-06-08T12:31:38.575+0000] {dag.py:3954} INFO - Setting next_dagrun for example_subdag_operator.section-1 to None, run_after=None
[2026-06-08T12:31:38.575+0000] {logging_mixin.py:188} INFO - [2026-06-08T12:31:38.575+0000] {dag.py:3954} INFO - Setting next_dagrun for example_subdag_operator.section-2 to None, run_after=None
[2026-06-08T12:31:38.582+0000] {processor.py:183} INFO - Processing /home/airflow/.local/lib/python3.12/site-packages/airflow/example_dags/example_subdag_operator.py took 0.078 seconds
[2026-06-08T12:32:09.088+0000] {processor.py:161} INFO - Started process (PID=1805) to work on /home/airflow/.local/lib/python3.12/site-packages/airflow/example_dags/example_subdag_operator.py
[2026-06-08T12:32:09.089+0000] {processor.py:830} INFO - Processing file /home/airflow/.local/lib/python3.12/site-packages/airflow/example_dags/example_subdag_operator.py for tasks to queue
[2026-06-08T12:32:09.091+0000] {logging_mixin.py:188} INFO - [2026-06-08T12:32:09.090+0000] {dagbag.py:545} INFO - Filling up the DagBag from /home/airflow/.local/lib/python3.12/site-packages/airflow/example_dags/example_subdag_operator.py
[2026-06-08T12:32:09.112+0000] {processor.py:840} INFO - DAG(s) 'example_subdag_operator.section-1', 'example_subdag_operator.section-2', 'example_subdag_operator' retrieved from /home/airflow/.local/lib/python3.12/site-packages/airflow/example_dags/example_subdag_operator.py
[2026-06-08T12:32:09.125+0000] {logging_mixin.py:188} INFO - [2026-06-08T12:32:09.125+0000] {dag.py:3096} INFO - Sync 3 DAGs
[2026-06-08T12:32:09.145+0000] {logging_mixin.py:188} INFO - [2026-06-08T12:32:09.145+0000] {dag.py:3954} INFO - Setting next_dagrun for example_subdag_operator to 2022-01-01 00:00:00+00:00, run_after=2022-01-01 00:00:00+00:00
[2026-06-08T12:32:09.148+0000] {logging_mixin.py:188} INFO - [2026-06-08T12:32:09.147+0000] {dag.py:3954} INFO - Setting next_dagrun for example_subdag_operator.section-1 to None, run_after=None
[2026-06-08T12:32:09.148+0000] {logging_mixin.py:188} INFO - [2026-06-08T12:32:09.148+0000] {dag.py:3954} INFO - Setting next_dagrun for example_subdag_operator.section-2 to None, run_after=None
[2026-06-08T12:32:09.155+0000] {logging_mixin.py:188} INFO - [2026-06-08T12:32:09.155+0000] {dag.py:3096} INFO - Sync 2 DAGs
[2026-06-08T12:32:09.160+0000] {logging_mixin.py:188} INFO - [2026-06-08T12:32:09.160+0000] {dag.py:3954} INFO - Setting next_dagrun for example_subdag_operator.section-1 to None, run_after=None
[2026-06-08T12:32:09.161+0000] {logging_mixin.py:188} INFO - [2026-06-08T12:32:09.160+0000] {dag.py:3954} INFO - Setting next_dagrun for example_subdag_operator.section-2 to None, run_after=None
[2026-06-08T12:32:09.172+0000] {processor.py:183} INFO - Processing /home/airflow/.local/lib/python3.12/site-packages/airflow/example_dags/example_subdag_operator.py took 0.089 seconds
[2026-06-08T12:32:39.767+0000] {processor.py:161} INFO - Started process (PID=1864) to work on /home/airflow/.local/lib/python3.12/site-packages/airflow/example_dags/example_subdag_operator.py
[2026-06-08T12:32:39.768+0000] {processor.py:830} INFO - Processing file /home/airflow/.local/lib/python3.12/site-packages/airflow/example_dags/example_subdag_operator.py for tasks to queue
[2026-06-08T12:32:39.769+0000] {logging_mixin.py:188} INFO - [2026-06-08T12:32:39.769+0000] {dagbag.py:545} INFO - Filling up the DagBag from /home/airflow/.local/lib/python3.12/site-packages/airflow/example_dags/example_subdag_operator.py
[2026-06-08T12:32:39.787+0000] {processor.py:840} INFO - DAG(s) 'example_subdag_operator.section-1', 'example_subdag_operator.section-2', 'example_subdag_operator' retrieved from /home/airflow/.local/lib/python3.12/site-packages/airflow/example_dags/example_subdag_operator.py
[2026-06-08T12:32:39.800+0000] {logging_mixin.py:188} INFO - [2026-06-08T12:32:39.800+0000] {dag.py:3096} INFO - Sync 3 DAGs
[2026-06-08T12:32:39.818+0000] {logging_mixin.py:188} INFO - [2026-06-08T12:32:39.817+0000] {dag.py:3954} INFO - Setting next_dagrun for example_subdag_operator to 2022-01-01 00:00:00+00:00, run_after=2022-01-01 00:00:00+00:00
[2026-06-08T12:32:39.823+0000] {logging_mixin.py:188} INFO - [2026-06-08T12:32:39.822+0000] {dag.py:3954} INFO - Setting next_dagrun for example_subdag_operator.section-1 to None, run_after=None
[2026-06-08T12:32:39.824+0000] {logging_mixin.py:188} INFO - [2026-06-08T12:32:39.823+0000] {dag.py:3954} INFO - Setting next_dagrun for example_subdag_operator.section-2 to None, run_after=None
[2026-06-08T12:32:39.829+0000] {logging_mixin.py:188} INFO - [2026-06-08T12:32:39.829+0000] {dag.py:3096} INFO - Sync 2 DAGs
[2026-06-08T12:32:39.944+0000] {logging_mixin.py:188} INFO - [2026-06-08T12:32:39.943+0000] {dag.py:3954} INFO - Setting next_dagrun for example_subdag_operator.section-1 to None, run_after=None
[2026-06-08T12:32:39.944+0000] {logging_mixin.py:188} INFO - [2026-06-08T12:32:39.944+0000] {dag.py:3954} INFO - Setting next_dagrun for example_subdag_operator.section-2 to None, run_after=None
[2026-06-08T12:32:39.954+0000] {processor.py:183} INFO - Processing /home/airflow/.local/lib/python3.12/site-packages/airflow/example_dags/example_subdag_operator.py took 0.192 seconds
[2026-06-08T12:33:10.018+0000] {processor.py:161} INFO - Started process (PID=1924) to work on /home/airflow/.local/lib/python3.12/site-packages/airflow/example_dags/example_subdag_operator.py
[2026-06-08T12:33:10.019+0000] {processor.py:830} INFO - Processing file /home/airflow/.local/lib/python3.12/site-packages/airflow/example_dags/example_subdag_operator.py for tasks to queue
[2026-06-08T12:33:10.020+0000] {logging_mixin.py:188} INFO - [2026-06-08T12:33:10.020+0000] {dagbag.py:545} INFO - Filling up the DagBag from /home/airflow/.local/lib/python3.12/site-packages/airflow/example_dags/example_subdag_operator.py
[2026-06-08T12:33:10.041+0000] {processor.py:840} INFO - DAG(s) 'example_subdag_operator.section-1', 'example_subdag_operator.section-2', 'example_subdag_operator' retrieved from /home/airflow/.local/lib/python3.12/site-packages/airflow/example_dags/example_subdag_operator.py
[2026-06-08T12:33:10.053+0000] {logging_mixin.py:188} INFO - [2026-06-08T12:33:10.053+0000] {dag.py:3096} INFO - Sync 3 DAGs
[2026-06-08T12:33:10.069+0000] {logging_mixin.py:188} INFO - [2026-06-08T12:33:10.069+0000] {dag.py:3954} INFO - Setting next_dagrun for example_subdag_operator to 2022-01-01 00:00:00+00:00, run_after=2022-01-01 00:00:00+00:00
[2026-06-08T12:33:10.075+0000] {logging_mixin.py:188} INFO - [2026-06-08T12:33:10.075+0000] {dag.py:3954} INFO - Setting next_dagrun for example_subdag_operator.section-1 to None, run_after=None
[2026-06-08T12:33:10.076+0000] {logging_mixin.py:188} INFO - [2026-06-08T12:33:10.076+0000] {dag.py:3954} INFO - Setting next_dagrun for example_subdag_operator.section-2 to None, run_after=None
[2026-06-08T12:33:10.083+0000] {logging_mixin.py:188} INFO - [2026-06-08T12:33:10.083+0000] {dag.py:3096} INFO - Sync 2 DAGs
[2026-06-08T12:33:10.091+0000] {logging_mixin.py:188} INFO - [2026-06-08T12:33:10.090+0000] {dag.py:3954} INFO - Setting next_dagrun for example_subdag_operator.section-1 to None, run_after=None
[2026-06-08T12:33:10.091+0000] {logging_mixin.py:188} INFO - [2026-06-08T12:33:10.091+0000] {dag.py:3954} INFO - Setting next_dagrun for example_subdag_operator.section-2 to None, run_after=None
[2026-06-08T12:33:10.101+0000] {processor.py:183} INFO - Processing /home/airflow/.local/lib/python3.12/site-packages/airflow/example_dags/example_subdag_operator.py took 0.089 seconds
[2026-06-08T12:33:40.950+0000] {processor.py:161} INFO - Started process (PID=1982) to work on /home/airflow/.local/lib/python3.12/site-packages/airflow/example_dags/example_subdag_operator.py
[2026-06-08T12:33:40.951+0000] {processor.py:830} INFO - Processing file /home/airflow/.local/lib/python3.12/site-packages/airflow/example_dags/example_subdag_operator.py for tasks to queue
[2026-06-08T12:33:40.953+0000] {logging_mixin.py:188} INFO - [2026-06-08T12:33:40.952+0000] {dagbag.py:545} INFO - Filling up the DagBag from /home/airflow/.local/lib/python3.12/site-packages/airflow/example_dags/example_subdag_operator.py
[2026-06-08T12:33:40.975+0000] {processor.py:840} INFO - DAG(s) 'example_subdag_operator.section-1', 'example_subdag_operator.section-2', 'example_subdag_operator' retrieved from /home/airflow/.local/lib/python3.12/site-packages/airflow/example_dags/example_subdag_operator.py
[2026-06-08T12:33:40.985+0000] {logging_mixin.py:188} INFO - [2026-06-08T12:33:40.985+0000] {dag.py:3096} INFO - Sync 3 DAGs
[2026-06-08T12:33:41.001+0000] {logging_mixin.py:188} INFO - [2026-06-08T12:33:41.000+0000] {dag.py:3954} INFO - Setting next_dagrun for example_subdag_operator to 2022-01-01 00:00:00+00:00, run_after=2022-01-01 00:00:00+00:00
[2026-06-08T12:33:41.004+0000] {logging_mixin.py:188} INFO - [2026-06-08T12:33:41.004+0000] {dag.py:3954} INFO - Setting next_dagrun for example_subdag_operator.section-1 to None, run_after=None
[2026-06-08T12:33:41.005+0000] {logging_mixin.py:188} INFO - [2026-06-08T12:33:41.005+0000] {dag.py:3954} INFO - Setting next_dagrun for example_subdag_operator.section-2 to None, run_after=None
[2026-06-08T12:33:41.010+0000] {logging_mixin.py:188} INFO - [2026-06-08T12:33:41.010+0000] {dag.py:3096} INFO - Sync 2 DAGs
[2026-06-08T12:33:41.014+0000] {logging_mixin.py:188} INFO - [2026-06-08T12:33:41.013+0000] {dag.py:3954} INFO - Setting next_dagrun for example_subdag_operator.section-1 to None, run_after=None
[2026-06-08T12:33:41.014+0000] {logging_mixin.py:188} INFO - [2026-06-08T12:33:41.014+0000] {dag.py:3954} INFO - Setting next_dagrun for example_subdag_operator.section-2 to None, run_after=None
[2026-06-08T12:33:41.021+0000] {processor.py:183} INFO - Processing /home/airflow/.local/lib/python3.12/site-packages/airflow/example_dags/example_subdag_operator.py took 0.077 seconds
[2026-06-08T12:34:11.862+0000] {processor.py:161} INFO - Started process (PID=2041) to work on /home/airflow/.local/lib/python3.12/site-packages/airflow/example_dags/example_subdag_operator.py
[2026-06-08T12:34:11.863+0000] {processor.py:830} INFO - Processing file /home/airflow/.local/lib/python3.12/site-packages/airflow/example_dags/example_subdag_operator.py for tasks to queue
[2026-06-08T12:34:11.864+0000] {logging_mixin.py:188} INFO - [2026-06-08T12:34:11.864+0000] {dagbag.py:545} INFO - Filling up the DagBag from /home/airflow/.local/lib/python3.12/site-packages/airflow/example_dags/example_subdag_operator.py
[2026-06-08T12:34:11.881+0000] {processor.py:840} INFO - DAG(s) 'example_subdag_operator.section-1', 'example_subdag_operator.section-2', 'example_subdag_operator' retrieved from /home/airflow/.local/lib/python3.12/site-packages/airflow/example_dags/example_subdag_operator.py
[2026-06-08T12:34:11.893+0000] {logging_mixin.py:188} INFO - [2026-06-08T12:34:11.893+0000] {dag.py:3096} INFO - Sync 3 DAGs
[2026-06-08T12:34:11.908+0000] {logging_mixin.py:188} INFO - [2026-06-08T12:34:11.908+0000] {dag.py:3954} INFO - Setting next_dagrun for example_subdag_operator to 2022-01-01 00:00:00+00:00, run_after=2022-01-01 00:00:00+00:00
[2026-06-08T12:34:11.910+0000] {logging_mixin.py:188} INFO - [2026-06-08T12:34:11.910+0000] {dag.py:3954} INFO - Setting next_dagrun for example_subdag_operator.section-1 to None, run_after=None
[2026-06-08T12:34:11.911+0000] {logging_mixin.py:188} INFO - [2026-06-08T12:34:11.911+0000] {dag.py:3954} INFO - Setting next_dagrun for example_subdag_operator.section-2 to None, run_after=None
[2026-06-08T12:34:11.917+0000] {logging_mixin.py:188} INFO - [2026-06-08T12:34:11.917+0000] {dag.py:3096} INFO - Sync 2 DAGs
[2026-06-08T12:34:11.922+0000] {logging_mixin.py:188} INFO - [2026-06-08T12:34:11.922+0000] {dag.py:3954} INFO - Setting next_dagrun for example_subdag_operator.section-1 to None, run_after=None
[2026-06-08T12:34:11.922+0000] {logging_mixin.py:188} INFO - [2026-06-08T12:34:11.922+0000] {dag.py:3954} INFO - Setting next_dagrun for example_subdag_operator.section-2 to None, run_after=None
[2026-06-08T12:34:11.934+0000] {processor.py:183} INFO - Processing /home/airflow/.local/lib/python3.12/site-packages/airflow/example_dags/example_subdag_operator.py took 0.076 seconds
[2026-06-08T12:34:43.130+0000] {processor.py:161} INFO - Started process (PID=2100) to work on /home/airflow/.local/lib/python3.12/site-packages/airflow/example_dags/example_subdag_operator.py
[2026-06-08T12:34:43.131+0000] {processor.py:830} INFO - Processing file /home/airflow/.local/lib/python3.12/site-packages/airflow/example_dags/example_subdag_operator.py for tasks to queue
[2026-06-08T12:34:43.132+0000] {logging_mixin.py:188} INFO - [2026-06-08T12:34:43.132+0000] {dagbag.py:545} INFO - Filling up the DagBag from /home/airflow/.local/lib/python3.12/site-packages/airflow/example_dags/example_subdag_operator.py
[2026-06-08T12:34:43.254+0000] {processor.py:840} INFO - DAG(s) 'example_subdag_operator.section-1', 'example_subdag_operator.section-2', 'example_subdag_operator' retrieved from /home/airflow/.local/lib/python3.12/site-packages/airflow/example_dags/example_subdag_operator.py
[2026-06-08T12:34:43.263+0000] {logging_mixin.py:188} INFO - [2026-06-08T12:34:43.263+0000] {dag.py:3096} INFO - Sync 3 DAGs
[2026-06-08T12:34:43.275+0000] {logging_mixin.py:188} INFO - [2026-06-08T12:34:43.275+0000] {dag.py:3954} INFO - Setting next_dagrun for example_subdag_operator to 2022-01-01 00:00:00+00:00, run_after=2022-01-01 00:00:00+00:00
[2026-06-08T12:34:43.277+0000] {logging_mixin.py:188} INFO - [2026-06-08T12:34:43.277+0000] {dag.py:3954} INFO - Setting next_dagrun for example_subdag_operator.section-1 to None, run_after=None
[2026-06-08T12:34:43.278+0000] {logging_mixin.py:188} INFO - [2026-06-08T12:34:43.278+0000] {dag.py:3954} INFO - Setting next_dagrun for example_subdag_operator.section-2 to None, run_after=None
[2026-06-08T12:34:43.283+0000] {logging_mixin.py:188} INFO - [2026-06-08T12:34:43.283+0000] {dag.py:3096} INFO - Sync 2 DAGs
[2026-06-08T12:34:43.289+0000] {logging_mixin.py:188} INFO - [2026-06-08T12:34:43.289+0000] {dag.py:3954} INFO - Setting next_dagrun for example_subdag_operator.section-1 to None, run_after=None
[2026-06-08T12:34:43.289+0000] {logging_mixin.py:188} INFO - [2026-06-08T12:34:43.289+0000] {dag.py:3954} INFO - Setting next_dagrun for example_subdag_operator.section-2 to None, run_after=None
[2026-06-08T12:34:43.300+0000] {processor.py:183} INFO - Processing /home/airflow/.local/lib/python3.12/site-packages/airflow/example_dags/example_subdag_operator.py took 0.175 seconds
[2026-06-08T12:35:14.079+0000] {processor.py:161} INFO - Started process (PID=2159) to work on /home/airflow/.local/lib/python3.12/site-packages/airflow/example_dags/example_subdag_operator.py
[2026-06-08T12:35:14.079+0000] {processor.py:830} INFO - Processing file /home/airflow/.local/lib/python3.12/site-packages/airflow/example_dags/example_subdag_operator.py for tasks to queue
[2026-06-08T12:35:14.081+0000] {logging_mixin.py:188} INFO - [2026-06-08T12:35:14.080+0000] {dagbag.py:545} INFO - Filling up the DagBag from /home/airflow/.local/lib/python3.12/site-packages/airflow/example_dags/example_subdag_operator.py
[2026-06-08T12:35:14.097+0000] {processor.py:840} INFO - DAG(s) 'example_subdag_operator.section-1', 'example_subdag_operator.section-2', 'example_subdag_operator' retrieved from /home/airflow/.local/lib/python3.12/site-packages/airflow/example_dags/example_subdag_operator.py
[2026-06-08T12:35:14.116+0000] {logging_mixin.py:188} INFO - [2026-06-08T12:35:14.116+0000] {dag.py:3096} INFO - Sync 3 DAGs
[2026-06-08T12:35:14.143+0000] {logging_mixin.py:188} INFO - [2026-06-08T12:35:14.142+0000] {dag.py:3954} INFO - Setting next_dagrun for example_subdag_operator to 2022-01-01 00:00:00+00:00, run_after=2022-01-01 00:00:00+00:00
[2026-06-08T12:35:14.146+0000] {logging_mixin.py:188} INFO - [2026-06-08T12:35:14.146+0000] {dag.py:3954} INFO - Setting next_dagrun for example_subdag_operator.section-1 to None, run_after=None
[2026-06-08T12:35:14.147+0000] {logging_mixin.py:188} INFO - [2026-06-08T12:35:14.147+0000] {dag.py:3954} INFO - Setting next_dagrun for example_subdag_operator.section-2 to None, run_after=None
[2026-06-08T12:35:14.154+0000] {logging_mixin.py:188} INFO - [2026-06-08T12:35:14.154+0000] {dag.py:3096} INFO - Sync 2 DAGs
[2026-06-08T12:35:14.159+0000] {logging_mixin.py:188} INFO - [2026-06-08T12:35:14.159+0000] {dag.py:3954} INFO - Setting next_dagrun for example_subdag_operator.section-1 to None, run_after=None
[2026-06-08T12:35:14.160+0000] {logging_mixin.py:188} INFO - [2026-06-08T12:35:14.159+0000] {dag.py:3954} INFO - Setting next_dagrun for example_subdag_operator.section-2 to None, run_after=None
[2026-06-08T12:35:14.168+0000] {processor.py:183} INFO - Processing /home/airflow/.local/lib/python3.12/site-packages/airflow/example_dags/example_subdag_operator.py took 0.094 seconds
[2026-06-08T12:35:44.609+0000] {processor.py:161} INFO - Started process (PID=2218) to work on /home/airflow/.local/lib/python3.12/site-packages/airflow/example_dags/example_subdag_operator.py
[2026-06-08T12:35:44.610+0000] {processor.py:830} INFO - Processing file /home/airflow/.local/lib/python3.12/site-packages/airflow/example_dags/example_subdag_operator.py for tasks to queue
[2026-06-08T12:35:44.612+0000] {logging_mixin.py:188} INFO - [2026-06-08T12:35:44.611+0000] {dagbag.py:545} INFO - Filling up the DagBag from /home/airflow/.local/lib/python3.12/site-packages/airflow/example_dags/example_subdag_operator.py
[2026-06-08T12:35:44.636+0000] {processor.py:840} INFO - DAG(s) 'example_subdag_operator.section-1', 'example_subdag_operator.section-2', 'example_subdag_operator' retrieved from /home/airflow/.local/lib/python3.12/site-packages/airflow/example_dags/example_subdag_operator.py
[2026-06-08T12:35:44.654+0000] {logging_mixin.py:188} INFO - [2026-06-08T12:35:44.654+0000] {dag.py:3096} INFO - Sync 3 DAGs
[2026-06-08T12:35:44.670+0000] {logging_mixin.py:188} INFO - [2026-06-08T12:35:44.669+0000] {dag.py:3954} INFO - Setting next_dagrun for example_subdag_operator to 2022-01-01 00:00:00+00:00, run_after=2022-01-01 00:00:00+00:00
[2026-06-08T12:35:44.672+0000] {logging_mixin.py:188} INFO - [2026-06-08T12:35:44.672+0000] {dag.py:3954} INFO - Setting next_dagrun for example_subdag_operator.section-1 to None, run_after=None
[2026-06-08T12:35:44.673+0000] {logging_mixin.py:188} INFO - [2026-06-08T12:35:44.673+0000] {dag.py:3954} INFO - Setting next_dagrun for example_subdag_operator.section-2 to None, run_after=None
[2026-06-08T12:35:44.680+0000] {logging_mixin.py:188} INFO - [2026-06-08T12:35:44.679+0000] {dag.py:3096} INFO - Sync 2 DAGs
[2026-06-08T12:35:44.685+0000] {logging_mixin.py:188} INFO - [2026-06-08T12:35:44.685+0000] {dag.py:3954} INFO - Setting next_dagrun for example_subdag_operator.section-1 to None, run_after=None
[2026-06-08T12:35:44.686+0000] {logging_mixin.py:188} INFO - [2026-06-08T12:35:44.685+0000] {dag.py:3954} INFO - Setting next_dagrun for example_subdag_operator.section-2 to None, run_after=None
[2026-06-08T12:35:44.693+0000] {processor.py:183} INFO - Processing /home/airflow/.local/lib/python3.12/site-packages/airflow/example_dags/example_subdag_operator.py took 0.092 seconds
[2026-06-08T12:36:15.164+0000] {processor.py:161} INFO - Started process (PID=2277) to work on /home/airflow/.local/lib/python3.12/site-packages/airflow/example_dags/example_subdag_operator.py
[2026-06-08T12:36:15.164+0000] {processor.py:830} INFO - Processing file /home/airflow/.local/lib/python3.12/site-packages/airflow/example_dags/example_subdag_operator.py for tasks to queue
[2026-06-08T12:36:15.166+0000] {logging_mixin.py:188} INFO - [2026-06-08T12:36:15.165+0000] {dagbag.py:545} INFO - Filling up the DagBag from /home/airflow/.local/lib/python3.12/site-packages/airflow/example_dags/example_subdag_operator.py
[2026-06-08T12:36:15.181+0000] {processor.py:840} INFO - DAG(s) 'example_subdag_operator.section-1', 'example_subdag_operator.section-2', 'example_subdag_operator' retrieved from /home/airflow/.local/lib/python3.12/site-packages/airflow/example_dags/example_subdag_operator.py
[2026-06-08T12:36:15.192+0000] {logging_mixin.py:188} INFO - [2026-06-08T12:36:15.192+0000] {dag.py:3096} INFO - Sync 3 DAGs
[2026-06-08T12:36:15.207+0000] {logging_mixin.py:188} INFO - [2026-06-08T12:36:15.207+0000] {dag.py:3954} INFO - Setting next_dagrun for example_subdag_operator to 2022-01-01 00:00:00+00:00, run_after=2022-01-01 00:00:00+00:00
[2026-06-08T12:36:15.209+0000] {logging_mixin.py:188} INFO - [2026-06-08T12:36:15.209+0000] {dag.py:3954} INFO - Setting next_dagrun for example_subdag_operator.section-1 to None, run_after=None
[2026-06-08T12:36:15.210+0000] {logging_mixin.py:188} INFO - [2026-06-08T12:36:15.210+0000] {dag.py:3954} INFO - Setting next_dagrun for example_subdag_operator.section-2 to None, run_after=None
[2026-06-08T12:36:15.214+0000] {logging_mixin.py:188} INFO - [2026-06-08T12:36:15.214+0000] {dag.py:3096} INFO - Sync 2 DAGs
[2026-06-08T12:36:15.218+0000] {logging_mixin.py:188} INFO - [2026-06-08T12:36:15.217+0000] {dag.py:3954} INFO - Setting next_dagrun for example_subdag_operator.section-1 to None, run_after=None
[2026-06-08T12:36:15.218+0000] {logging_mixin.py:188} INFO - [2026-06-08T12:36:15.218+0000] {dag.py:3954} INFO - Setting next_dagrun for example_subdag_operator.section-2 to None, run_after=None
[2026-06-08T12:36:15.226+0000] {processor.py:183} INFO - Processing /home/airflow/.local/lib/python3.12/site-packages/airflow/example_dags/example_subdag_operator.py took 0.068 seconds
[2026-06-08T12:36:45.797+0000] {processor.py:161} INFO - Started process (PID=2336) to work on /home/airflow/.local/lib/python3.12/site-packages/airflow/example_dags/example_subdag_operator.py
[2026-06-08T12:36:45.797+0000] {processor.py:830} INFO - Processing file /home/airflow/.local/lib/python3.12/site-packages/airflow/example_dags/example_subdag_operator.py for tasks to queue
[2026-06-08T12:36:45.798+0000] {logging_mixin.py:188} INFO - [2026-06-08T12:36:45.798+0000] {dagbag.py:545} INFO - Filling up the DagBag from /home/airflow/.local/lib/python3.12/site-packages/airflow/example_dags/example_subdag_operator.py
[2026-06-08T12:36:45.815+0000] {processor.py:840} INFO - DAG(s) 'example_subdag_operator.section-1', 'example_subdag_operator.section-2', 'example_subdag_operator' retrieved from /home/airflow/.local/lib/python3.12/site-packages/airflow/example_dags/example_subdag_operator.py
[2026-06-08T12:36:45.825+0000] {logging_mixin.py:188} INFO - [2026-06-08T12:36:45.825+0000] {dag.py:3096} INFO - Sync 3 DAGs
[2026-06-08T12:36:45.840+0000] {logging_mixin.py:188} INFO - [2026-06-08T12:36:45.840+0000] {dag.py:3954} INFO - Setting next_dagrun for example_subdag_operator to 2022-01-01 00:00:00+00:00, run_after=2022-01-01 00:00:00+00:00
[2026-06-08T12:36:45.843+0000] {logging_mixin.py:188} INFO - [2026-06-08T12:36:45.843+0000] {dag.py:3954} INFO - Setting next_dagrun for example_subdag_operator.section-1 to None, run_after=None
[2026-06-08T12:36:45.844+0000] {logging_mixin.py:188} INFO - [2026-06-08T12:36:45.844+0000] {dag.py:3954} INFO - Setting next_dagrun for example_subdag_operator.section-2 to None, run_after=None
[2026-06-08T12:36:45.849+0000] {logging_mixin.py:188} INFO - [2026-06-08T12:36:45.849+0000] {dag.py:3096} INFO - Sync 2 DAGs
[2026-06-08T12:36:45.852+0000] {logging_mixin.py:188} INFO - [2026-06-08T12:36:45.852+0000] {dag.py:3954} INFO - Setting next_dagrun for example_subdag_operator.section-1 to None, run_after=None
[2026-06-08T12:36:45.852+0000] {logging_mixin.py:188} INFO - [2026-06-08T12:36:45.852+0000] {dag.py:3954} INFO - Setting next_dagrun for example_subdag_operator.section-2 to None, run_after=None
[2026-06-08T12:36:45.860+0000] {processor.py:183} INFO - Processing /home/airflow/.local/lib/python3.12/site-packages/airflow/example_dags/example_subdag_operator.py took 0.067 seconds
[2026-06-08T12:37:16.115+0000] {processor.py:161} INFO - Started process (PID=2395) to work on /home/airflow/.local/lib/python3.12/site-packages/airflow/example_dags/example_subdag_operator.py
[2026-06-08T12:37:16.116+0000] {processor.py:830} INFO - Processing file /home/airflow/.local/lib/python3.12/site-packages/airflow/example_dags/example_subdag_operator.py for tasks to queue
[2026-06-08T12:37:16.118+0000] {logging_mixin.py:188} INFO - [2026-06-08T12:37:16.118+0000] {dagbag.py:545} INFO - Filling up the DagBag from /home/airflow/.local/lib/python3.12/site-packages/airflow/example_dags/example_subdag_operator.py
[2026-06-08T12:37:16.177+0000] {processor.py:840} INFO - DAG(s) 'example_subdag_operator.section-1', 'example_subdag_operator.section-2', 'example_subdag_operator' retrieved from /home/airflow/.local/lib/python3.12/site-packages/airflow/example_dags/example_subdag_operator.py
[2026-06-08T12:37:16.195+0000] {logging_mixin.py:188} INFO - [2026-06-08T12:37:16.195+0000] {dag.py:3096} INFO - Sync 3 DAGs
[2026-06-08T12:37:16.214+0000] {logging_mixin.py:188} INFO - [2026-06-08T12:37:16.214+0000] {dag.py:3954} INFO - Setting next_dagrun for example_subdag_operator to 2022-01-01 00:00:00+00:00, run_after=2022-01-01 00:00:00+00:00
[2026-06-08T12:37:16.218+0000] {logging_mixin.py:188} INFO - [2026-06-08T12:37:16.217+0000] {dag.py:3954} INFO - Setting next_dagrun for example_subdag_operator.section-1 to None, run_after=None
[2026-06-08T12:37:16.219+0000] {logging_mixin.py:188} INFO - [2026-06-08T12:37:16.219+0000] {dag.py:3954} INFO - Setting next_dagrun for example_subdag_operator.section-2 to None, run_after=None
[2026-06-08T12:37:16.226+0000] {logging_mixin.py:188} INFO - [2026-06-08T12:37:16.226+0000] {dag.py:3096} INFO - Sync 2 DAGs
[2026-06-08T12:37:16.232+0000] {logging_mixin.py:188} INFO - [2026-06-08T12:37:16.232+0000] {dag.py:3954} INFO - Setting next_dagrun for example_subdag_operator.section-1 to None, run_after=None
[2026-06-08T12:37:16.233+0000] {logging_mixin.py:188} INFO - [2026-06-08T12:37:16.233+0000] {dag.py:3954} INFO - Setting next_dagrun for example_subdag_operator.section-2 to None, run_after=None
[2026-06-08T12:37:16.246+0000] {processor.py:183} INFO - Processing /home/airflow/.local/lib/python3.12/site-packages/airflow/example_dags/example_subdag_operator.py took 0.138 seconds
[2026-06-08T12:37:46.382+0000] {processor.py:161} INFO - Started process (PID=2454) to work on /home/airflow/.local/lib/python3.12/site-packages/airflow/example_dags/example_subdag_operator.py
[2026-06-08T12:37:46.382+0000] {processor.py:830} INFO - Processing file /home/airflow/.local/lib/python3.12/site-packages/airflow/example_dags/example_subdag_operator.py for tasks to queue
[2026-06-08T12:37:46.383+0000] {logging_mixin.py:188} INFO - [2026-06-08T12:37:46.383+0000] {dagbag.py:545} INFO - Filling up the DagBag from /home/airflow/.local/lib/python3.12/site-packages/airflow/example_dags/example_subdag_operator.py
[2026-06-08T12:37:46.399+0000] {processor.py:840} INFO - DAG(s) 'example_subdag_operator.section-1', 'example_subdag_operator.section-2', 'example_subdag_operator' retrieved from /home/airflow/.local/lib/python3.12/site-packages/airflow/example_dags/example_subdag_operator.py
[2026-06-08T12:37:46.411+0000] {logging_mixin.py:188} INFO - [2026-06-08T12:37:46.411+0000] {dag.py:3096} INFO - Sync 3 DAGs
[2026-06-08T12:37:46.425+0000] {logging_mixin.py:188} INFO - [2026-06-08T12:37:46.424+0000] {dag.py:3954} INFO - Setting next_dagrun for example_subdag_operator to 2022-01-01 00:00:00+00:00, run_after=2022-01-01 00:00:00+00:00
[2026-06-08T12:37:46.427+0000] {logging_mixin.py:188} INFO - [2026-06-08T12:37:46.427+0000] {dag.py:3954} INFO - Setting next_dagrun for example_subdag_operator.section-1 to None, run_after=None
[2026-06-08T12:37:46.427+0000] {logging_mixin.py:188} INFO - [2026-06-08T12:37:46.427+0000] {dag.py:3954} INFO - Setting next_dagrun for example_subdag_operator.section-2 to None, run_after=None
[2026-06-08T12:37:46.432+0000] {logging_mixin.py:188} INFO - [2026-06-08T12:37:46.431+0000] {dag.py:3096} INFO - Sync 2 DAGs
[2026-06-08T12:37:46.435+0000] {logging_mixin.py:188} INFO - [2026-06-08T12:37:46.435+0000] {dag.py:3954} INFO - Setting next_dagrun for example_subdag_operator.section-1 to None, run_after=None
[2026-06-08T12:37:46.435+0000] {logging_mixin.py:188} INFO - [2026-06-08T12:37:46.435+0000] {dag.py:3954} INFO - Setting next_dagrun for example_subdag_operator.section-2 to None, run_after=None
[2026-06-08T12:37:46.444+0000] {processor.py:183} INFO - Processing /home/airflow/.local/lib/python3.12/site-packages/airflow/example_dags/example_subdag_operator.py took 0.066 seconds
