[2026-06-08T12:17:50.842+0000] {processor.py:161} INFO - Started process (PID=57) to work on /home/airflow/.local/lib/python3.12/site-packages/airflow/example_dags/example_sla_dag.py
[2026-06-08T12:17:50.843+0000] {processor.py:830} INFO - Processing file /home/airflow/.local/lib/python3.12/site-packages/airflow/example_dags/example_sla_dag.py for tasks to queue
[2026-06-08T12:17:50.844+0000] {logging_mixin.py:188} INFO - [2026-06-08T12:17:50.844+0000] {dagbag.py:545} INFO - Filling up the DagBag from /home/airflow/.local/lib/python3.12/site-packages/airflow/example_dags/example_sla_dag.py
[2026-06-08T12:17:50.853+0000] {processor.py:840} INFO - DAG(s) 'example_sla_dag' retrieved from /home/airflow/.local/lib/python3.12/site-packages/airflow/example_dags/example_sla_dag.py
[2026-06-08T12:17:50.864+0000] {logging_mixin.py:188} INFO - [2026-06-08T12:17:50.864+0000] {dag.py:3096} INFO - Sync 1 DAGs
[2026-06-08T12:17:50.897+0000] {logging_mixin.py:188} INFO - [2026-06-08T12:17:50.897+0000] {dag.py:3954} INFO - Setting next_dagrun for example_sla_dag to 2026-06-08 12:14:00+00:00, run_after=2026-06-08 12:16:00+00:00
[2026-06-08T12:17:50.918+0000] {processor.py:183} INFO - Processing /home/airflow/.local/lib/python3.12/site-packages/airflow/example_dags/example_sla_dag.py took 0.079 seconds
[2026-06-08T12:18:21.684+0000] {processor.py:161} INFO - Started process (PID=115) to work on /home/airflow/.local/lib/python3.12/site-packages/airflow/example_dags/example_sla_dag.py
[2026-06-08T12:18:21.685+0000] {processor.py:830} INFO - Processing file /home/airflow/.local/lib/python3.12/site-packages/airflow/example_dags/example_sla_dag.py for tasks to queue
[2026-06-08T12:18:21.687+0000] {logging_mixin.py:188} INFO - [2026-06-08T12:18:21.686+0000] {dagbag.py:545} INFO - Filling up the DagBag from /home/airflow/.local/lib/python3.12/site-packages/airflow/example_dags/example_sla_dag.py
[2026-06-08T12:18:21.695+0000] {processor.py:840} INFO - DAG(s) 'example_sla_dag' retrieved from /home/airflow/.local/lib/python3.12/site-packages/airflow/example_dags/example_sla_dag.py
[2026-06-08T12:18:21.774+0000] {logging_mixin.py:188} INFO - [2026-06-08T12:18:21.774+0000] {dag.py:3096} INFO - Sync 1 DAGs
[2026-06-08T12:18:21.794+0000] {logging_mixin.py:188} INFO - [2026-06-08T12:18:21.794+0000] {dag.py:3954} INFO - Setting next_dagrun for example_sla_dag to 2026-06-08 12:16:00+00:00, run_after=2026-06-08 12:18:00+00:00
[2026-06-08T12:18:21.813+0000] {processor.py:183} INFO - Processing /home/airflow/.local/lib/python3.12/site-packages/airflow/example_dags/example_sla_dag.py took 0.137 seconds
[2026-06-08T12:18:52.276+0000] {processor.py:161} INFO - Started process (PID=179) to work on /home/airflow/.local/lib/python3.12/site-packages/airflow/example_dags/example_sla_dag.py
[2026-06-08T12:18:52.277+0000] {processor.py:830} INFO - Processing file /home/airflow/.local/lib/python3.12/site-packages/airflow/example_dags/example_sla_dag.py for tasks to queue
[2026-06-08T12:18:52.279+0000] {logging_mixin.py:188} INFO - [2026-06-08T12:18:52.279+0000] {dagbag.py:545} INFO - Filling up the DagBag from /home/airflow/.local/lib/python3.12/site-packages/airflow/example_dags/example_sla_dag.py
[2026-06-08T12:18:52.288+0000] {processor.py:840} INFO - DAG(s) 'example_sla_dag' retrieved from /home/airflow/.local/lib/python3.12/site-packages/airflow/example_dags/example_sla_dag.py
[2026-06-08T12:18:52.304+0000] {logging_mixin.py:188} INFO - [2026-06-08T12:18:52.304+0000] {dag.py:3096} INFO - Sync 1 DAGs
[2026-06-08T12:18:52.323+0000] {logging_mixin.py:188} INFO - [2026-06-08T12:18:52.323+0000] {dag.py:3954} INFO - Setting next_dagrun for example_sla_dag to 2026-06-08 12:16:00+00:00, run_after=2026-06-08 12:18:00+00:00
[2026-06-08T12:18:52.362+0000] {processor.py:183} INFO - Processing /home/airflow/.local/lib/python3.12/site-packages/airflow/example_dags/example_sla_dag.py took 0.091 seconds
[2026-06-08T12:19:22.686+0000] {processor.py:161} INFO - Started process (PID=237) to work on /home/airflow/.local/lib/python3.12/site-packages/airflow/example_dags/example_sla_dag.py
[2026-06-08T12:19:22.687+0000] {processor.py:830} INFO - Processing file /home/airflow/.local/lib/python3.12/site-packages/airflow/example_dags/example_sla_dag.py for tasks to queue
[2026-06-08T12:19:22.688+0000] {logging_mixin.py:188} INFO - [2026-06-08T12:19:22.688+0000] {dagbag.py:545} INFO - Filling up the DagBag from /home/airflow/.local/lib/python3.12/site-packages/airflow/example_dags/example_sla_dag.py
[2026-06-08T12:19:22.693+0000] {processor.py:840} INFO - DAG(s) 'example_sla_dag' retrieved from /home/airflow/.local/lib/python3.12/site-packages/airflow/example_dags/example_sla_dag.py
[2026-06-08T12:19:22.707+0000] {logging_mixin.py:188} INFO - [2026-06-08T12:19:22.707+0000] {dag.py:3096} INFO - Sync 1 DAGs
[2026-06-08T12:19:22.723+0000] {logging_mixin.py:188} INFO - [2026-06-08T12:19:22.723+0000] {dag.py:3954} INFO - Setting next_dagrun for example_sla_dag to 2026-06-08 12:16:00+00:00, run_after=2026-06-08 12:18:00+00:00
[2026-06-08T12:19:22.737+0000] {processor.py:183} INFO - Processing /home/airflow/.local/lib/python3.12/site-packages/airflow/example_dags/example_sla_dag.py took 0.055 seconds
[2026-06-08T12:19:53.222+0000] {processor.py:161} INFO - Started process (PID=295) to work on /home/airflow/.local/lib/python3.12/site-packages/airflow/example_dags/example_sla_dag.py
[2026-06-08T12:19:53.222+0000] {processor.py:830} INFO - Processing file /home/airflow/.local/lib/python3.12/site-packages/airflow/example_dags/example_sla_dag.py for tasks to queue
[2026-06-08T12:19:53.223+0000] {logging_mixin.py:188} INFO - [2026-06-08T12:19:53.223+0000] {dagbag.py:545} INFO - Filling up the DagBag from /home/airflow/.local/lib/python3.12/site-packages/airflow/example_dags/example_sla_dag.py
[2026-06-08T12:19:53.229+0000] {processor.py:840} INFO - DAG(s) 'example_sla_dag' retrieved from /home/airflow/.local/lib/python3.12/site-packages/airflow/example_dags/example_sla_dag.py
[2026-06-08T12:19:53.248+0000] {logging_mixin.py:188} INFO - [2026-06-08T12:19:53.248+0000] {dag.py:3096} INFO - Sync 1 DAGs
[2026-06-08T12:19:53.269+0000] {logging_mixin.py:188} INFO - [2026-06-08T12:19:53.269+0000] {dag.py:3954} INFO - Setting next_dagrun for example_sla_dag to 2026-06-08 12:16:00+00:00, run_after=2026-06-08 12:18:00+00:00
[2026-06-08T12:19:53.283+0000] {processor.py:183} INFO - Processing /home/airflow/.local/lib/python3.12/site-packages/airflow/example_dags/example_sla_dag.py took 0.066 seconds
[2026-06-08T12:20:23.634+0000] {processor.py:161} INFO - Started process (PID=353) to work on /home/airflow/.local/lib/python3.12/site-packages/airflow/example_dags/example_sla_dag.py
[2026-06-08T12:20:23.635+0000] {processor.py:830} INFO - Processing file /home/airflow/.local/lib/python3.12/site-packages/airflow/example_dags/example_sla_dag.py for tasks to queue
[2026-06-08T12:20:23.637+0000] {logging_mixin.py:188} INFO - [2026-06-08T12:20:23.637+0000] {dagbag.py:545} INFO - Filling up the DagBag from /home/airflow/.local/lib/python3.12/site-packages/airflow/example_dags/example_sla_dag.py
[2026-06-08T12:20:23.642+0000] {processor.py:840} INFO - DAG(s) 'example_sla_dag' retrieved from /home/airflow/.local/lib/python3.12/site-packages/airflow/example_dags/example_sla_dag.py
[2026-06-08T12:20:23.660+0000] {logging_mixin.py:188} INFO - [2026-06-08T12:20:23.660+0000] {dag.py:3096} INFO - Sync 1 DAGs
[2026-06-08T12:20:23.676+0000] {logging_mixin.py:188} INFO - [2026-06-08T12:20:23.676+0000] {dag.py:3954} INFO - Setting next_dagrun for example_sla_dag to 2026-06-08 12:18:00+00:00, run_after=2026-06-08 12:20:00+00:00
[2026-06-08T12:20:23.688+0000] {processor.py:183} INFO - Processing /home/airflow/.local/lib/python3.12/site-packages/airflow/example_dags/example_sla_dag.py took 0.063 seconds
[2026-06-08T12:20:54.179+0000] {processor.py:161} INFO - Started process (PID=411) to work on /home/airflow/.local/lib/python3.12/site-packages/airflow/example_dags/example_sla_dag.py
[2026-06-08T12:20:54.181+0000] {processor.py:830} INFO - Processing file /home/airflow/.local/lib/python3.12/site-packages/airflow/example_dags/example_sla_dag.py for tasks to queue
[2026-06-08T12:20:54.183+0000] {logging_mixin.py:188} INFO - [2026-06-08T12:20:54.183+0000] {dagbag.py:545} INFO - Filling up the DagBag from /home/airflow/.local/lib/python3.12/site-packages/airflow/example_dags/example_sla_dag.py
[2026-06-08T12:20:54.192+0000] {processor.py:840} INFO - DAG(s) 'example_sla_dag' retrieved from /home/airflow/.local/lib/python3.12/site-packages/airflow/example_dags/example_sla_dag.py
[2026-06-08T12:20:54.206+0000] {logging_mixin.py:188} INFO - [2026-06-08T12:20:54.205+0000] {dag.py:3096} INFO - Sync 1 DAGs
[2026-06-08T12:20:54.222+0000] {logging_mixin.py:188} INFO - [2026-06-08T12:20:54.222+0000] {dag.py:3954} INFO - Setting next_dagrun for example_sla_dag to 2026-06-08 12:18:00+00:00, run_after=2026-06-08 12:20:00+00:00
[2026-06-08T12:20:54.241+0000] {processor.py:183} INFO - Processing /home/airflow/.local/lib/python3.12/site-packages/airflow/example_dags/example_sla_dag.py took 0.069 seconds
[2026-06-08T12:21:24.415+0000] {processor.py:161} INFO - Started process (PID=469) to work on /home/airflow/.local/lib/python3.12/site-packages/airflow/example_dags/example_sla_dag.py
[2026-06-08T12:21:24.416+0000] {processor.py:830} INFO - Processing file /home/airflow/.local/lib/python3.12/site-packages/airflow/example_dags/example_sla_dag.py for tasks to queue
[2026-06-08T12:21:24.417+0000] {logging_mixin.py:188} INFO - [2026-06-08T12:21:24.417+0000] {dagbag.py:545} INFO - Filling up the DagBag from /home/airflow/.local/lib/python3.12/site-packages/airflow/example_dags/example_sla_dag.py
[2026-06-08T12:21:24.422+0000] {processor.py:840} INFO - DAG(s) 'example_sla_dag' retrieved from /home/airflow/.local/lib/python3.12/site-packages/airflow/example_dags/example_sla_dag.py
[2026-06-08T12:21:24.437+0000] {logging_mixin.py:188} INFO - [2026-06-08T12:21:24.437+0000] {dag.py:3096} INFO - Sync 1 DAGs
[2026-06-08T12:21:24.453+0000] {logging_mixin.py:188} INFO - [2026-06-08T12:21:24.453+0000] {dag.py:3954} INFO - Setting next_dagrun for example_sla_dag to 2026-06-08 12:18:00+00:00, run_after=2026-06-08 12:20:00+00:00
[2026-06-08T12:21:24.465+0000] {processor.py:183} INFO - Processing /home/airflow/.local/lib/python3.12/site-packages/airflow/example_dags/example_sla_dag.py took 0.054 seconds
[2026-06-08T12:21:54.965+0000] {processor.py:161} INFO - Started process (PID=549) to work on /home/airflow/.local/lib/python3.12/site-packages/airflow/example_dags/example_sla_dag.py
[2026-06-08T12:21:54.966+0000] {processor.py:830} INFO - Processing file /home/airflow/.local/lib/python3.12/site-packages/airflow/example_dags/example_sla_dag.py for tasks to queue
[2026-06-08T12:21:54.967+0000] {logging_mixin.py:188} INFO - [2026-06-08T12:21:54.967+0000] {dagbag.py:545} INFO - Filling up the DagBag from /home/airflow/.local/lib/python3.12/site-packages/airflow/example_dags/example_sla_dag.py
[2026-06-08T12:21:54.973+0000] {processor.py:840} INFO - DAG(s) 'example_sla_dag' retrieved from /home/airflow/.local/lib/python3.12/site-packages/airflow/example_dags/example_sla_dag.py
[2026-06-08T12:21:54.998+0000] {logging_mixin.py:188} INFO - [2026-06-08T12:21:54.998+0000] {dag.py:3096} INFO - Sync 1 DAGs
[2026-06-08T12:21:55.027+0000] {logging_mixin.py:188} INFO - [2026-06-08T12:21:55.026+0000] {dag.py:3954} INFO - Setting next_dagrun for example_sla_dag to 2026-06-08 12:18:00+00:00, run_after=2026-06-08 12:20:00+00:00
[2026-06-08T12:21:55.051+0000] {processor.py:183} INFO - Processing /home/airflow/.local/lib/python3.12/site-packages/airflow/example_dags/example_sla_dag.py took 0.092 seconds
[2026-06-08T12:22:25.724+0000] {processor.py:161} INFO - Started process (PID=607) to work on /home/airflow/.local/lib/python3.12/site-packages/airflow/example_dags/example_sla_dag.py
[2026-06-08T12:22:25.725+0000] {processor.py:830} INFO - Processing file /home/airflow/.local/lib/python3.12/site-packages/airflow/example_dags/example_sla_dag.py for tasks to queue
[2026-06-08T12:22:25.728+0000] {logging_mixin.py:188} INFO - [2026-06-08T12:22:25.727+0000] {dagbag.py:545} INFO - Filling up the DagBag from /home/airflow/.local/lib/python3.12/site-packages/airflow/example_dags/example_sla_dag.py
[2026-06-08T12:22:25.740+0000] {processor.py:840} INFO - DAG(s) 'example_sla_dag' retrieved from /home/airflow/.local/lib/python3.12/site-packages/airflow/example_dags/example_sla_dag.py
[2026-06-08T12:22:25.757+0000] {logging_mixin.py:188} INFO - [2026-06-08T12:22:25.757+0000] {dag.py:3096} INFO - Sync 1 DAGs
[2026-06-08T12:22:25.776+0000] {logging_mixin.py:188} INFO - [2026-06-08T12:22:25.776+0000] {dag.py:3954} INFO - Setting next_dagrun for example_sla_dag to 2026-06-08 12:20:00+00:00, run_after=2026-06-08 12:22:00+00:00
[2026-06-08T12:22:25.822+0000] {processor.py:183} INFO - Processing /home/airflow/.local/lib/python3.12/site-packages/airflow/example_dags/example_sla_dag.py took 0.105 seconds
[2026-06-08T12:22:56.714+0000] {processor.py:161} INFO - Started process (PID=688) to work on /home/airflow/.local/lib/python3.12/site-packages/airflow/example_dags/example_sla_dag.py
[2026-06-08T12:22:56.715+0000] {processor.py:830} INFO - Processing file /home/airflow/.local/lib/python3.12/site-packages/airflow/example_dags/example_sla_dag.py for tasks to queue
[2026-06-08T12:22:56.716+0000] {logging_mixin.py:188} INFO - [2026-06-08T12:22:56.716+0000] {dagbag.py:545} INFO - Filling up the DagBag from /home/airflow/.local/lib/python3.12/site-packages/airflow/example_dags/example_sla_dag.py
[2026-06-08T12:22:56.722+0000] {processor.py:840} INFO - DAG(s) 'example_sla_dag' retrieved from /home/airflow/.local/lib/python3.12/site-packages/airflow/example_dags/example_sla_dag.py
[2026-06-08T12:22:56.735+0000] {logging_mixin.py:188} INFO - [2026-06-08T12:22:56.735+0000] {dag.py:3096} INFO - Sync 1 DAGs
[2026-06-08T12:22:56.753+0000] {logging_mixin.py:188} INFO - [2026-06-08T12:22:56.753+0000] {dag.py:3954} INFO - Setting next_dagrun for example_sla_dag to 2026-06-08 12:20:00+00:00, run_after=2026-06-08 12:22:00+00:00
[2026-06-08T12:22:56.768+0000] {processor.py:183} INFO - Processing /home/airflow/.local/lib/python3.12/site-packages/airflow/example_dags/example_sla_dag.py took 0.058 seconds
[2026-06-08T12:23:27.557+0000] {processor.py:161} INFO - Started process (PID=768) to work on /home/airflow/.local/lib/python3.12/site-packages/airflow/example_dags/example_sla_dag.py
[2026-06-08T12:23:27.558+0000] {processor.py:830} INFO - Processing file /home/airflow/.local/lib/python3.12/site-packages/airflow/example_dags/example_sla_dag.py for tasks to queue
[2026-06-08T12:23:27.559+0000] {logging_mixin.py:188} INFO - [2026-06-08T12:23:27.559+0000] {dagbag.py:545} INFO - Filling up the DagBag from /home/airflow/.local/lib/python3.12/site-packages/airflow/example_dags/example_sla_dag.py
[2026-06-08T12:23:27.565+0000] {processor.py:840} INFO - DAG(s) 'example_sla_dag' retrieved from /home/airflow/.local/lib/python3.12/site-packages/airflow/example_dags/example_sla_dag.py
[2026-06-08T12:23:27.640+0000] {logging_mixin.py:188} INFO - [2026-06-08T12:23:27.640+0000] {dag.py:3096} INFO - Sync 1 DAGs
[2026-06-08T12:23:27.655+0000] {logging_mixin.py:188} INFO - [2026-06-08T12:23:27.655+0000] {dag.py:3954} INFO - Setting next_dagrun for example_sla_dag to 2026-06-08 12:20:00+00:00, run_after=2026-06-08 12:22:00+00:00
[2026-06-08T12:23:27.669+0000] {processor.py:183} INFO - Processing /home/airflow/.local/lib/python3.12/site-packages/airflow/example_dags/example_sla_dag.py took 0.117 seconds
[2026-06-08T12:23:58.394+0000] {processor.py:161} INFO - Started process (PID=827) to work on /home/airflow/.local/lib/python3.12/site-packages/airflow/example_dags/example_sla_dag.py
[2026-06-08T12:23:58.394+0000] {processor.py:830} INFO - Processing file /home/airflow/.local/lib/python3.12/site-packages/airflow/example_dags/example_sla_dag.py for tasks to queue
[2026-06-08T12:23:58.396+0000] {logging_mixin.py:188} INFO - [2026-06-08T12:23:58.396+0000] {dagbag.py:545} INFO - Filling up the DagBag from /home/airflow/.local/lib/python3.12/site-packages/airflow/example_dags/example_sla_dag.py
[2026-06-08T12:23:58.403+0000] {processor.py:840} INFO - DAG(s) 'example_sla_dag' retrieved from /home/airflow/.local/lib/python3.12/site-packages/airflow/example_dags/example_sla_dag.py
[2026-06-08T12:23:58.426+0000] {logging_mixin.py:188} INFO - [2026-06-08T12:23:58.426+0000] {dag.py:3096} INFO - Sync 1 DAGs
[2026-06-08T12:23:58.445+0000] {logging_mixin.py:188} INFO - [2026-06-08T12:23:58.445+0000] {dag.py:3954} INFO - Setting next_dagrun for example_sla_dag to 2026-06-08 12:20:00+00:00, run_after=2026-06-08 12:22:00+00:00
[2026-06-08T12:23:58.458+0000] {processor.py:183} INFO - Processing /home/airflow/.local/lib/python3.12/site-packages/airflow/example_dags/example_sla_dag.py took 0.069 seconds
[2026-06-08T12:24:28.962+0000] {processor.py:161} INFO - Started process (PID=886) to work on /home/airflow/.local/lib/python3.12/site-packages/airflow/example_dags/example_sla_dag.py
[2026-06-08T12:24:28.963+0000] {processor.py:830} INFO - Processing file /home/airflow/.local/lib/python3.12/site-packages/airflow/example_dags/example_sla_dag.py for tasks to queue
[2026-06-08T12:24:28.964+0000] {logging_mixin.py:188} INFO - [2026-06-08T12:24:28.964+0000] {dagbag.py:545} INFO - Filling up the DagBag from /home/airflow/.local/lib/python3.12/site-packages/airflow/example_dags/example_sla_dag.py
[2026-06-08T12:24:28.969+0000] {processor.py:840} INFO - DAG(s) 'example_sla_dag' retrieved from /home/airflow/.local/lib/python3.12/site-packages/airflow/example_dags/example_sla_dag.py
[2026-06-08T12:24:28.984+0000] {logging_mixin.py:188} INFO - [2026-06-08T12:24:28.984+0000] {dag.py:3096} INFO - Sync 1 DAGs
[2026-06-08T12:24:29.004+0000] {logging_mixin.py:188} INFO - [2026-06-08T12:24:29.004+0000] {dag.py:3954} INFO - Setting next_dagrun for example_sla_dag to 2026-06-08 12:22:00+00:00, run_after=2026-06-08 12:24:00+00:00
[2026-06-08T12:24:29.019+0000] {processor.py:183} INFO - Processing /home/airflow/.local/lib/python3.12/site-packages/airflow/example_dags/example_sla_dag.py took 0.061 seconds
[2026-06-08T12:24:59.516+0000] {processor.py:161} INFO - Started process (PID=945) to work on /home/airflow/.local/lib/python3.12/site-packages/airflow/example_dags/example_sla_dag.py
[2026-06-08T12:24:59.517+0000] {processor.py:830} INFO - Processing file /home/airflow/.local/lib/python3.12/site-packages/airflow/example_dags/example_sla_dag.py for tasks to queue
[2026-06-08T12:24:59.518+0000] {logging_mixin.py:188} INFO - [2026-06-08T12:24:59.518+0000] {dagbag.py:545} INFO - Filling up the DagBag from /home/airflow/.local/lib/python3.12/site-packages/airflow/example_dags/example_sla_dag.py
[2026-06-08T12:24:59.523+0000] {processor.py:840} INFO - DAG(s) 'example_sla_dag' retrieved from /home/airflow/.local/lib/python3.12/site-packages/airflow/example_dags/example_sla_dag.py
[2026-06-08T12:24:59.538+0000] {logging_mixin.py:188} INFO - [2026-06-08T12:24:59.538+0000] {dag.py:3096} INFO - Sync 1 DAGs
[2026-06-08T12:24:59.556+0000] {logging_mixin.py:188} INFO - [2026-06-08T12:24:59.556+0000] {dag.py:3954} INFO - Setting next_dagrun for example_sla_dag to 2026-06-08 12:22:00+00:00, run_after=2026-06-08 12:24:00+00:00
[2026-06-08T12:24:59.569+0000] {processor.py:183} INFO - Processing /home/airflow/.local/lib/python3.12/site-packages/airflow/example_dags/example_sla_dag.py took 0.057 seconds
[2026-06-08T12:25:30.097+0000] {processor.py:161} INFO - Started process (PID=1005) to work on /home/airflow/.local/lib/python3.12/site-packages/airflow/example_dags/example_sla_dag.py
[2026-06-08T12:25:30.097+0000] {processor.py:830} INFO - Processing file /home/airflow/.local/lib/python3.12/site-packages/airflow/example_dags/example_sla_dag.py for tasks to queue
[2026-06-08T12:25:30.099+0000] {logging_mixin.py:188} INFO - [2026-06-08T12:25:30.098+0000] {dagbag.py:545} INFO - Filling up the DagBag from /home/airflow/.local/lib/python3.12/site-packages/airflow/example_dags/example_sla_dag.py
[2026-06-08T12:25:30.104+0000] {processor.py:840} INFO - DAG(s) 'example_sla_dag' retrieved from /home/airflow/.local/lib/python3.12/site-packages/airflow/example_dags/example_sla_dag.py
[2026-06-08T12:25:30.121+0000] {logging_mixin.py:188} INFO - [2026-06-08T12:25:30.121+0000] {dag.py:3096} INFO - Sync 1 DAGs
[2026-06-08T12:25:30.142+0000] {logging_mixin.py:188} INFO - [2026-06-08T12:25:30.141+0000] {dag.py:3954} INFO - Setting next_dagrun for example_sla_dag to 2026-06-08 12:22:00+00:00, run_after=2026-06-08 12:24:00+00:00
[2026-06-08T12:25:30.154+0000] {processor.py:183} INFO - Processing /home/airflow/.local/lib/python3.12/site-packages/airflow/example_dags/example_sla_dag.py took 0.062 seconds
[2026-06-08T12:26:00.443+0000] {processor.py:161} INFO - Started process (PID=1064) to work on /home/airflow/.local/lib/python3.12/site-packages/airflow/example_dags/example_sla_dag.py
[2026-06-08T12:26:00.443+0000] {processor.py:830} INFO - Processing file /home/airflow/.local/lib/python3.12/site-packages/airflow/example_dags/example_sla_dag.py for tasks to queue
[2026-06-08T12:26:00.444+0000] {logging_mixin.py:188} INFO - [2026-06-08T12:26:00.444+0000] {dagbag.py:545} INFO - Filling up the DagBag from /home/airflow/.local/lib/python3.12/site-packages/airflow/example_dags/example_sla_dag.py
[2026-06-08T12:26:00.450+0000] {processor.py:840} INFO - DAG(s) 'example_sla_dag' retrieved from /home/airflow/.local/lib/python3.12/site-packages/airflow/example_dags/example_sla_dag.py
[2026-06-08T12:26:00.472+0000] {logging_mixin.py:188} INFO - [2026-06-08T12:26:00.472+0000] {dag.py:3096} INFO - Sync 1 DAGs
[2026-06-08T12:26:00.488+0000] {logging_mixin.py:188} INFO - [2026-06-08T12:26:00.488+0000] {dag.py:3954} INFO - Setting next_dagrun for example_sla_dag to 2026-06-08 12:24:00+00:00, run_after=2026-06-08 12:26:00+00:00
[2026-06-08T12:26:00.501+0000] {processor.py:183} INFO - Processing /home/airflow/.local/lib/python3.12/site-packages/airflow/example_dags/example_sla_dag.py took 0.062 seconds
[2026-06-08T12:26:30.825+0000] {processor.py:161} INFO - Started process (PID=1123) to work on /home/airflow/.local/lib/python3.12/site-packages/airflow/example_dags/example_sla_dag.py
[2026-06-08T12:26:30.826+0000] {processor.py:830} INFO - Processing file /home/airflow/.local/lib/python3.12/site-packages/airflow/example_dags/example_sla_dag.py for tasks to queue
[2026-06-08T12:26:30.828+0000] {logging_mixin.py:188} INFO - [2026-06-08T12:26:30.828+0000] {dagbag.py:545} INFO - Filling up the DagBag from /home/airflow/.local/lib/python3.12/site-packages/airflow/example_dags/example_sla_dag.py
[2026-06-08T12:26:30.834+0000] {processor.py:840} INFO - DAG(s) 'example_sla_dag' retrieved from /home/airflow/.local/lib/python3.12/site-packages/airflow/example_dags/example_sla_dag.py
[2026-06-08T12:26:30.850+0000] {logging_mixin.py:188} INFO - [2026-06-08T12:26:30.850+0000] {dag.py:3096} INFO - Sync 1 DAGs
[2026-06-08T12:26:30.870+0000] {logging_mixin.py:188} INFO - [2026-06-08T12:26:30.870+0000] {dag.py:3954} INFO - Setting next_dagrun for example_sla_dag to 2026-06-08 12:24:00+00:00, run_after=2026-06-08 12:26:00+00:00
[2026-06-08T12:26:30.890+0000] {processor.py:183} INFO - Processing /home/airflow/.local/lib/python3.12/site-packages/airflow/example_dags/example_sla_dag.py took 0.070 seconds
[2026-06-08T12:27:01.426+0000] {processor.py:161} INFO - Started process (PID=1182) to work on /home/airflow/.local/lib/python3.12/site-packages/airflow/example_dags/example_sla_dag.py
[2026-06-08T12:27:01.426+0000] {processor.py:830} INFO - Processing file /home/airflow/.local/lib/python3.12/site-packages/airflow/example_dags/example_sla_dag.py for tasks to queue
[2026-06-08T12:27:01.427+0000] {logging_mixin.py:188} INFO - [2026-06-08T12:27:01.427+0000] {dagbag.py:545} INFO - Filling up the DagBag from /home/airflow/.local/lib/python3.12/site-packages/airflow/example_dags/example_sla_dag.py
[2026-06-08T12:27:01.435+0000] {processor.py:840} INFO - DAG(s) 'example_sla_dag' retrieved from /home/airflow/.local/lib/python3.12/site-packages/airflow/example_dags/example_sla_dag.py
[2026-06-08T12:27:01.458+0000] {logging_mixin.py:188} INFO - [2026-06-08T12:27:01.458+0000] {dag.py:3096} INFO - Sync 1 DAGs
[2026-06-08T12:27:01.478+0000] {logging_mixin.py:188} INFO - [2026-06-08T12:27:01.478+0000] {dag.py:3954} INFO - Setting next_dagrun for example_sla_dag to 2026-06-08 12:24:00+00:00, run_after=2026-06-08 12:26:00+00:00
[2026-06-08T12:27:01.497+0000] {processor.py:183} INFO - Processing /home/airflow/.local/lib/python3.12/site-packages/airflow/example_dags/example_sla_dag.py took 0.076 seconds
[2026-06-08T12:27:31.906+0000] {processor.py:161} INFO - Started process (PID=1241) to work on /home/airflow/.local/lib/python3.12/site-packages/airflow/example_dags/example_sla_dag.py
[2026-06-08T12:27:31.906+0000] {processor.py:830} INFO - Processing file /home/airflow/.local/lib/python3.12/site-packages/airflow/example_dags/example_sla_dag.py for tasks to queue
[2026-06-08T12:27:31.907+0000] {logging_mixin.py:188} INFO - [2026-06-08T12:27:31.907+0000] {dagbag.py:545} INFO - Filling up the DagBag from /home/airflow/.local/lib/python3.12/site-packages/airflow/example_dags/example_sla_dag.py
[2026-06-08T12:27:31.912+0000] {processor.py:840} INFO - DAG(s) 'example_sla_dag' retrieved from /home/airflow/.local/lib/python3.12/site-packages/airflow/example_dags/example_sla_dag.py
[2026-06-08T12:27:31.935+0000] {logging_mixin.py:188} INFO - [2026-06-08T12:27:31.935+0000] {dag.py:3096} INFO - Sync 1 DAGs
[2026-06-08T12:27:31.959+0000] {logging_mixin.py:188} INFO - [2026-06-08T12:27:31.959+0000] {dag.py:3954} INFO - Setting next_dagrun for example_sla_dag to 2026-06-08 12:24:00+00:00, run_after=2026-06-08 12:26:00+00:00
[2026-06-08T12:27:31.979+0000] {processor.py:183} INFO - Processing /home/airflow/.local/lib/python3.12/site-packages/airflow/example_dags/example_sla_dag.py took 0.077 seconds
[2026-06-08T12:28:02.362+0000] {processor.py:161} INFO - Started process (PID=1300) to work on /home/airflow/.local/lib/python3.12/site-packages/airflow/example_dags/example_sla_dag.py
[2026-06-08T12:28:02.363+0000] {processor.py:830} INFO - Processing file /home/airflow/.local/lib/python3.12/site-packages/airflow/example_dags/example_sla_dag.py for tasks to queue
[2026-06-08T12:28:02.365+0000] {logging_mixin.py:188} INFO - [2026-06-08T12:28:02.364+0000] {dagbag.py:545} INFO - Filling up the DagBag from /home/airflow/.local/lib/python3.12/site-packages/airflow/example_dags/example_sla_dag.py
[2026-06-08T12:28:02.372+0000] {processor.py:840} INFO - DAG(s) 'example_sla_dag' retrieved from /home/airflow/.local/lib/python3.12/site-packages/airflow/example_dags/example_sla_dag.py
[2026-06-08T12:28:02.388+0000] {logging_mixin.py:188} INFO - [2026-06-08T12:28:02.388+0000] {dag.py:3096} INFO - Sync 1 DAGs
[2026-06-08T12:28:02.403+0000] {logging_mixin.py:188} INFO - [2026-06-08T12:28:02.403+0000] {dag.py:3954} INFO - Setting next_dagrun for example_sla_dag to 2026-06-08 12:26:00+00:00, run_after=2026-06-08 12:28:00+00:00
[2026-06-08T12:28:02.417+0000] {processor.py:183} INFO - Processing /home/airflow/.local/lib/python3.12/site-packages/airflow/example_dags/example_sla_dag.py took 0.061 seconds
[2026-06-08T12:28:33.117+0000] {processor.py:161} INFO - Started process (PID=1360) to work on /home/airflow/.local/lib/python3.12/site-packages/airflow/example_dags/example_sla_dag.py
[2026-06-08T12:28:33.118+0000] {processor.py:830} INFO - Processing file /home/airflow/.local/lib/python3.12/site-packages/airflow/example_dags/example_sla_dag.py for tasks to queue
[2026-06-08T12:28:33.119+0000] {logging_mixin.py:188} INFO - [2026-06-08T12:28:33.119+0000] {dagbag.py:545} INFO - Filling up the DagBag from /home/airflow/.local/lib/python3.12/site-packages/airflow/example_dags/example_sla_dag.py
[2026-06-08T12:28:33.128+0000] {processor.py:840} INFO - DAG(s) 'example_sla_dag' retrieved from /home/airflow/.local/lib/python3.12/site-packages/airflow/example_dags/example_sla_dag.py
[2026-06-08T12:28:33.144+0000] {logging_mixin.py:188} INFO - [2026-06-08T12:28:33.144+0000] {dag.py:3096} INFO - Sync 1 DAGs
[2026-06-08T12:28:33.158+0000] {logging_mixin.py:188} INFO - [2026-06-08T12:28:33.158+0000] {dag.py:3954} INFO - Setting next_dagrun for example_sla_dag to 2026-06-08 12:26:00+00:00, run_after=2026-06-08 12:28:00+00:00
[2026-06-08T12:28:33.169+0000] {processor.py:183} INFO - Processing /home/airflow/.local/lib/python3.12/site-packages/airflow/example_dags/example_sla_dag.py took 0.058 seconds
[2026-06-08T12:29:03.434+0000] {processor.py:161} INFO - Started process (PID=1419) to work on /home/airflow/.local/lib/python3.12/site-packages/airflow/example_dags/example_sla_dag.py
[2026-06-08T12:29:03.435+0000] {processor.py:830} INFO - Processing file /home/airflow/.local/lib/python3.12/site-packages/airflow/example_dags/example_sla_dag.py for tasks to queue
[2026-06-08T12:29:03.437+0000] {logging_mixin.py:188} INFO - [2026-06-08T12:29:03.437+0000] {dagbag.py:545} INFO - Filling up the DagBag from /home/airflow/.local/lib/python3.12/site-packages/airflow/example_dags/example_sla_dag.py
[2026-06-08T12:29:03.444+0000] {processor.py:840} INFO - DAG(s) 'example_sla_dag' retrieved from /home/airflow/.local/lib/python3.12/site-packages/airflow/example_dags/example_sla_dag.py
[2026-06-08T12:29:03.462+0000] {logging_mixin.py:188} INFO - [2026-06-08T12:29:03.462+0000] {dag.py:3096} INFO - Sync 1 DAGs
[2026-06-08T12:29:03.478+0000] {logging_mixin.py:188} INFO - [2026-06-08T12:29:03.478+0000] {dag.py:3954} INFO - Setting next_dagrun for example_sla_dag to 2026-06-08 12:26:00+00:00, run_after=2026-06-08 12:28:00+00:00
[2026-06-08T12:29:03.490+0000] {processor.py:183} INFO - Processing /home/airflow/.local/lib/python3.12/site-packages/airflow/example_dags/example_sla_dag.py took 0.062 seconds
[2026-06-08T12:29:33.697+0000] {processor.py:161} INFO - Started process (PID=1478) to work on /home/airflow/.local/lib/python3.12/site-packages/airflow/example_dags/example_sla_dag.py
[2026-06-08T12:29:33.698+0000] {processor.py:830} INFO - Processing file /home/airflow/.local/lib/python3.12/site-packages/airflow/example_dags/example_sla_dag.py for tasks to queue
[2026-06-08T12:29:33.699+0000] {logging_mixin.py:188} INFO - [2026-06-08T12:29:33.699+0000] {dagbag.py:545} INFO - Filling up the DagBag from /home/airflow/.local/lib/python3.12/site-packages/airflow/example_dags/example_sla_dag.py
[2026-06-08T12:29:33.708+0000] {processor.py:840} INFO - DAG(s) 'example_sla_dag' retrieved from /home/airflow/.local/lib/python3.12/site-packages/airflow/example_dags/example_sla_dag.py
[2026-06-08T12:29:33.728+0000] {logging_mixin.py:188} INFO - [2026-06-08T12:29:33.727+0000] {dag.py:3096} INFO - Sync 1 DAGs
[2026-06-08T12:29:33.751+0000] {logging_mixin.py:188} INFO - [2026-06-08T12:29:33.751+0000] {dag.py:3954} INFO - Setting next_dagrun for example_sla_dag to 2026-06-08 12:26:00+00:00, run_after=2026-06-08 12:28:00+00:00
[2026-06-08T12:29:33.774+0000] {processor.py:183} INFO - Processing /home/airflow/.local/lib/python3.12/site-packages/airflow/example_dags/example_sla_dag.py took 0.083 seconds
[2026-06-08T12:30:04.365+0000] {processor.py:161} INFO - Started process (PID=1537) to work on /home/airflow/.local/lib/python3.12/site-packages/airflow/example_dags/example_sla_dag.py
[2026-06-08T12:30:04.365+0000] {processor.py:830} INFO - Processing file /home/airflow/.local/lib/python3.12/site-packages/airflow/example_dags/example_sla_dag.py for tasks to queue
[2026-06-08T12:30:04.366+0000] {logging_mixin.py:188} INFO - [2026-06-08T12:30:04.366+0000] {dagbag.py:545} INFO - Filling up the DagBag from /home/airflow/.local/lib/python3.12/site-packages/airflow/example_dags/example_sla_dag.py
[2026-06-08T12:30:04.371+0000] {processor.py:840} INFO - DAG(s) 'example_sla_dag' retrieved from /home/airflow/.local/lib/python3.12/site-packages/airflow/example_dags/example_sla_dag.py
[2026-06-08T12:30:04.384+0000] {logging_mixin.py:188} INFO - [2026-06-08T12:30:04.384+0000] {dag.py:3096} INFO - Sync 1 DAGs
[2026-06-08T12:30:04.404+0000] {logging_mixin.py:188} INFO - [2026-06-08T12:30:04.404+0000] {dag.py:3954} INFO - Setting next_dagrun for example_sla_dag to 2026-06-08 12:28:00+00:00, run_after=2026-06-08 12:30:00+00:00
[2026-06-08T12:30:04.420+0000] {processor.py:183} INFO - Processing /home/airflow/.local/lib/python3.12/site-packages/airflow/example_dags/example_sla_dag.py took 0.059 seconds
[2026-06-08T12:30:34.930+0000] {processor.py:161} INFO - Started process (PID=1596) to work on /home/airflow/.local/lib/python3.12/site-packages/airflow/example_dags/example_sla_dag.py
[2026-06-08T12:30:34.931+0000] {processor.py:830} INFO - Processing file /home/airflow/.local/lib/python3.12/site-packages/airflow/example_dags/example_sla_dag.py for tasks to queue
[2026-06-08T12:30:34.932+0000] {logging_mixin.py:188} INFO - [2026-06-08T12:30:34.932+0000] {dagbag.py:545} INFO - Filling up the DagBag from /home/airflow/.local/lib/python3.12/site-packages/airflow/example_dags/example_sla_dag.py
[2026-06-08T12:30:34.937+0000] {processor.py:840} INFO - DAG(s) 'example_sla_dag' retrieved from /home/airflow/.local/lib/python3.12/site-packages/airflow/example_dags/example_sla_dag.py
[2026-06-08T12:30:34.958+0000] {logging_mixin.py:188} INFO - [2026-06-08T12:30:34.957+0000] {dag.py:3096} INFO - Sync 1 DAGs
[2026-06-08T12:30:34.987+0000] {logging_mixin.py:188} INFO - [2026-06-08T12:30:34.987+0000] {dag.py:3954} INFO - Setting next_dagrun for example_sla_dag to 2026-06-08 12:28:00+00:00, run_after=2026-06-08 12:30:00+00:00
[2026-06-08T12:30:35.001+0000] {processor.py:183} INFO - Processing /home/airflow/.local/lib/python3.12/site-packages/airflow/example_dags/example_sla_dag.py took 0.075 seconds
[2026-06-08T12:31:05.583+0000] {processor.py:161} INFO - Started process (PID=1655) to work on /home/airflow/.local/lib/python3.12/site-packages/airflow/example_dags/example_sla_dag.py
[2026-06-08T12:31:05.583+0000] {processor.py:830} INFO - Processing file /home/airflow/.local/lib/python3.12/site-packages/airflow/example_dags/example_sla_dag.py for tasks to queue
[2026-06-08T12:31:05.585+0000] {logging_mixin.py:188} INFO - [2026-06-08T12:31:05.584+0000] {dagbag.py:545} INFO - Filling up the DagBag from /home/airflow/.local/lib/python3.12/site-packages/airflow/example_dags/example_sla_dag.py
[2026-06-08T12:31:05.590+0000] {processor.py:840} INFO - DAG(s) 'example_sla_dag' retrieved from /home/airflow/.local/lib/python3.12/site-packages/airflow/example_dags/example_sla_dag.py
[2026-06-08T12:31:05.609+0000] {logging_mixin.py:188} INFO - [2026-06-08T12:31:05.608+0000] {dag.py:3096} INFO - Sync 1 DAGs
[2026-06-08T12:31:05.630+0000] {logging_mixin.py:188} INFO - [2026-06-08T12:31:05.629+0000] {dag.py:3954} INFO - Setting next_dagrun for example_sla_dag to 2026-06-08 12:28:00+00:00, run_after=2026-06-08 12:30:00+00:00
[2026-06-08T12:31:05.648+0000] {processor.py:183} INFO - Processing /home/airflow/.local/lib/python3.12/site-packages/airflow/example_dags/example_sla_dag.py took 0.071 seconds
[2026-06-08T12:31:36.059+0000] {processor.py:161} INFO - Started process (PID=1714) to work on /home/airflow/.local/lib/python3.12/site-packages/airflow/example_dags/example_sla_dag.py
[2026-06-08T12:31:36.060+0000] {processor.py:830} INFO - Processing file /home/airflow/.local/lib/python3.12/site-packages/airflow/example_dags/example_sla_dag.py for tasks to queue
[2026-06-08T12:31:36.061+0000] {logging_mixin.py:188} INFO - [2026-06-08T12:31:36.061+0000] {dagbag.py:545} INFO - Filling up the DagBag from /home/airflow/.local/lib/python3.12/site-packages/airflow/example_dags/example_sla_dag.py
[2026-06-08T12:31:36.066+0000] {processor.py:840} INFO - DAG(s) 'example_sla_dag' retrieved from /home/airflow/.local/lib/python3.12/site-packages/airflow/example_dags/example_sla_dag.py
[2026-06-08T12:31:36.081+0000] {logging_mixin.py:188} INFO - [2026-06-08T12:31:36.081+0000] {dag.py:3096} INFO - Sync 1 DAGs
[2026-06-08T12:31:36.099+0000] {logging_mixin.py:188} INFO - [2026-06-08T12:31:36.099+0000] {dag.py:3954} INFO - Setting next_dagrun for example_sla_dag to 2026-06-08 12:28:00+00:00, run_after=2026-06-08 12:30:00+00:00
[2026-06-08T12:31:36.115+0000] {processor.py:183} INFO - Processing /home/airflow/.local/lib/python3.12/site-packages/airflow/example_dags/example_sla_dag.py took 0.062 seconds
[2026-06-08T12:32:06.349+0000] {processor.py:161} INFO - Started process (PID=1773) to work on /home/airflow/.local/lib/python3.12/site-packages/airflow/example_dags/example_sla_dag.py
[2026-06-08T12:32:06.350+0000] {processor.py:830} INFO - Processing file /home/airflow/.local/lib/python3.12/site-packages/airflow/example_dags/example_sla_dag.py for tasks to queue
[2026-06-08T12:32:06.351+0000] {logging_mixin.py:188} INFO - [2026-06-08T12:32:06.351+0000] {dagbag.py:545} INFO - Filling up the DagBag from /home/airflow/.local/lib/python3.12/site-packages/airflow/example_dags/example_sla_dag.py
[2026-06-08T12:32:06.356+0000] {processor.py:840} INFO - DAG(s) 'example_sla_dag' retrieved from /home/airflow/.local/lib/python3.12/site-packages/airflow/example_dags/example_sla_dag.py
[2026-06-08T12:32:06.375+0000] {logging_mixin.py:188} INFO - [2026-06-08T12:32:06.375+0000] {dag.py:3096} INFO - Sync 1 DAGs
[2026-06-08T12:32:06.392+0000] {logging_mixin.py:188} INFO - [2026-06-08T12:32:06.391+0000] {dag.py:3954} INFO - Setting next_dagrun for example_sla_dag to 2026-06-08 12:30:00+00:00, run_after=2026-06-08 12:32:00+00:00
[2026-06-08T12:32:06.404+0000] {processor.py:183} INFO - Processing /home/airflow/.local/lib/python3.12/site-packages/airflow/example_dags/example_sla_dag.py took 0.059 seconds
[2026-06-08T12:32:37.029+0000] {processor.py:161} INFO - Started process (PID=1832) to work on /home/airflow/.local/lib/python3.12/site-packages/airflow/example_dags/example_sla_dag.py
[2026-06-08T12:32:37.029+0000] {processor.py:830} INFO - Processing file /home/airflow/.local/lib/python3.12/site-packages/airflow/example_dags/example_sla_dag.py for tasks to queue
[2026-06-08T12:32:37.030+0000] {logging_mixin.py:188} INFO - [2026-06-08T12:32:37.030+0000] {dagbag.py:545} INFO - Filling up the DagBag from /home/airflow/.local/lib/python3.12/site-packages/airflow/example_dags/example_sla_dag.py
[2026-06-08T12:32:37.035+0000] {processor.py:840} INFO - DAG(s) 'example_sla_dag' retrieved from /home/airflow/.local/lib/python3.12/site-packages/airflow/example_dags/example_sla_dag.py
[2026-06-08T12:32:37.055+0000] {logging_mixin.py:188} INFO - [2026-06-08T12:32:37.055+0000] {dag.py:3096} INFO - Sync 1 DAGs
[2026-06-08T12:32:37.071+0000] {logging_mixin.py:188} INFO - [2026-06-08T12:32:37.071+0000] {dag.py:3954} INFO - Setting next_dagrun for example_sla_dag to 2026-06-08 12:30:00+00:00, run_after=2026-06-08 12:32:00+00:00
[2026-06-08T12:32:37.087+0000] {processor.py:183} INFO - Processing /home/airflow/.local/lib/python3.12/site-packages/airflow/example_dags/example_sla_dag.py took 0.061 seconds
[2026-06-08T12:33:07.143+0000] {processor.py:161} INFO - Started process (PID=1891) to work on /home/airflow/.local/lib/python3.12/site-packages/airflow/example_dags/example_sla_dag.py
[2026-06-08T12:33:07.144+0000] {processor.py:830} INFO - Processing file /home/airflow/.local/lib/python3.12/site-packages/airflow/example_dags/example_sla_dag.py for tasks to queue
[2026-06-08T12:33:07.145+0000] {logging_mixin.py:188} INFO - [2026-06-08T12:33:07.144+0000] {dagbag.py:545} INFO - Filling up the DagBag from /home/airflow/.local/lib/python3.12/site-packages/airflow/example_dags/example_sla_dag.py
[2026-06-08T12:33:07.150+0000] {processor.py:840} INFO - DAG(s) 'example_sla_dag' retrieved from /home/airflow/.local/lib/python3.12/site-packages/airflow/example_dags/example_sla_dag.py
[2026-06-08T12:33:07.163+0000] {logging_mixin.py:188} INFO - [2026-06-08T12:33:07.163+0000] {dag.py:3096} INFO - Sync 1 DAGs
[2026-06-08T12:33:07.182+0000] {logging_mixin.py:188} INFO - [2026-06-08T12:33:07.182+0000] {dag.py:3954} INFO - Setting next_dagrun for example_sla_dag to 2026-06-08 12:30:00+00:00, run_after=2026-06-08 12:32:00+00:00
[2026-06-08T12:33:07.201+0000] {processor.py:183} INFO - Processing /home/airflow/.local/lib/python3.12/site-packages/airflow/example_dags/example_sla_dag.py took 0.062 seconds
[2026-06-08T12:33:37.441+0000] {processor.py:161} INFO - Started process (PID=1950) to work on /home/airflow/.local/lib/python3.12/site-packages/airflow/example_dags/example_sla_dag.py
[2026-06-08T12:33:37.442+0000] {processor.py:830} INFO - Processing file /home/airflow/.local/lib/python3.12/site-packages/airflow/example_dags/example_sla_dag.py for tasks to queue
[2026-06-08T12:33:37.445+0000] {logging_mixin.py:188} INFO - [2026-06-08T12:33:37.444+0000] {dagbag.py:545} INFO - Filling up the DagBag from /home/airflow/.local/lib/python3.12/site-packages/airflow/example_dags/example_sla_dag.py
[2026-06-08T12:33:37.458+0000] {processor.py:840} INFO - DAG(s) 'example_sla_dag' retrieved from /home/airflow/.local/lib/python3.12/site-packages/airflow/example_dags/example_sla_dag.py
[2026-06-08T12:33:37.485+0000] {logging_mixin.py:188} INFO - [2026-06-08T12:33:37.484+0000] {dag.py:3096} INFO - Sync 1 DAGs
[2026-06-08T12:33:37.514+0000] {logging_mixin.py:188} INFO - [2026-06-08T12:33:37.514+0000] {dag.py:3954} INFO - Setting next_dagrun for example_sla_dag to 2026-06-08 12:30:00+00:00, run_after=2026-06-08 12:32:00+00:00
[2026-06-08T12:33:37.531+0000] {processor.py:183} INFO - Processing /home/airflow/.local/lib/python3.12/site-packages/airflow/example_dags/example_sla_dag.py took 0.099 seconds
[2026-06-08T12:34:08.173+0000] {processor.py:161} INFO - Started process (PID=2009) to work on /home/airflow/.local/lib/python3.12/site-packages/airflow/example_dags/example_sla_dag.py
[2026-06-08T12:34:08.173+0000] {processor.py:830} INFO - Processing file /home/airflow/.local/lib/python3.12/site-packages/airflow/example_dags/example_sla_dag.py for tasks to queue
[2026-06-08T12:34:08.174+0000] {logging_mixin.py:188} INFO - [2026-06-08T12:34:08.174+0000] {dagbag.py:545} INFO - Filling up the DagBag from /home/airflow/.local/lib/python3.12/site-packages/airflow/example_dags/example_sla_dag.py
[2026-06-08T12:34:08.182+0000] {processor.py:840} INFO - DAG(s) 'example_sla_dag' retrieved from /home/airflow/.local/lib/python3.12/site-packages/airflow/example_dags/example_sla_dag.py
[2026-06-08T12:34:08.209+0000] {logging_mixin.py:188} INFO - [2026-06-08T12:34:08.209+0000] {dag.py:3096} INFO - Sync 1 DAGs
[2026-06-08T12:34:08.325+0000] {logging_mixin.py:188} INFO - [2026-06-08T12:34:08.325+0000] {dag.py:3954} INFO - Setting next_dagrun for example_sla_dag to 2026-06-08 12:32:00+00:00, run_after=2026-06-08 12:34:00+00:00
[2026-06-08T12:34:08.337+0000] {processor.py:183} INFO - Processing /home/airflow/.local/lib/python3.12/site-packages/airflow/example_dags/example_sla_dag.py took 0.169 seconds
[2026-06-08T12:34:39.216+0000] {processor.py:161} INFO - Started process (PID=2068) to work on /home/airflow/.local/lib/python3.12/site-packages/airflow/example_dags/example_sla_dag.py
[2026-06-08T12:34:39.217+0000] {processor.py:830} INFO - Processing file /home/airflow/.local/lib/python3.12/site-packages/airflow/example_dags/example_sla_dag.py for tasks to queue
[2026-06-08T12:34:39.219+0000] {logging_mixin.py:188} INFO - [2026-06-08T12:34:39.219+0000] {dagbag.py:545} INFO - Filling up the DagBag from /home/airflow/.local/lib/python3.12/site-packages/airflow/example_dags/example_sla_dag.py
[2026-06-08T12:34:39.228+0000] {processor.py:840} INFO - DAG(s) 'example_sla_dag' retrieved from /home/airflow/.local/lib/python3.12/site-packages/airflow/example_dags/example_sla_dag.py
[2026-06-08T12:34:39.245+0000] {logging_mixin.py:188} INFO - [2026-06-08T12:34:39.245+0000] {dag.py:3096} INFO - Sync 1 DAGs
[2026-06-08T12:34:39.268+0000] {logging_mixin.py:188} INFO - [2026-06-08T12:34:39.268+0000] {dag.py:3954} INFO - Setting next_dagrun for example_sla_dag to 2026-06-08 12:32:00+00:00, run_after=2026-06-08 12:34:00+00:00
[2026-06-08T12:34:39.416+0000] {processor.py:183} INFO - Processing /home/airflow/.local/lib/python3.12/site-packages/airflow/example_dags/example_sla_dag.py took 0.206 seconds
[2026-06-08T12:35:09.671+0000] {processor.py:161} INFO - Started process (PID=2127) to work on /home/airflow/.local/lib/python3.12/site-packages/airflow/example_dags/example_sla_dag.py
[2026-06-08T12:35:09.671+0000] {processor.py:830} INFO - Processing file /home/airflow/.local/lib/python3.12/site-packages/airflow/example_dags/example_sla_dag.py for tasks to queue
[2026-06-08T12:35:09.673+0000] {logging_mixin.py:188} INFO - [2026-06-08T12:35:09.673+0000] {dagbag.py:545} INFO - Filling up the DagBag from /home/airflow/.local/lib/python3.12/site-packages/airflow/example_dags/example_sla_dag.py
[2026-06-08T12:35:09.679+0000] {processor.py:840} INFO - DAG(s) 'example_sla_dag' retrieved from /home/airflow/.local/lib/python3.12/site-packages/airflow/example_dags/example_sla_dag.py
[2026-06-08T12:35:09.696+0000] {logging_mixin.py:188} INFO - [2026-06-08T12:35:09.696+0000] {dag.py:3096} INFO - Sync 1 DAGs
[2026-06-08T12:35:09.712+0000] {logging_mixin.py:188} INFO - [2026-06-08T12:35:09.712+0000] {dag.py:3954} INFO - Setting next_dagrun for example_sla_dag to 2026-06-08 12:32:00+00:00, run_after=2026-06-08 12:34:00+00:00
[2026-06-08T12:35:09.728+0000] {processor.py:183} INFO - Processing /home/airflow/.local/lib/python3.12/site-packages/airflow/example_dags/example_sla_dag.py took 0.065 seconds
[2026-06-08T12:35:40.077+0000] {processor.py:161} INFO - Started process (PID=2186) to work on /home/airflow/.local/lib/python3.12/site-packages/airflow/example_dags/example_sla_dag.py
[2026-06-08T12:35:40.078+0000] {processor.py:830} INFO - Processing file /home/airflow/.local/lib/python3.12/site-packages/airflow/example_dags/example_sla_dag.py for tasks to queue
[2026-06-08T12:35:40.079+0000] {logging_mixin.py:188} INFO - [2026-06-08T12:35:40.079+0000] {dagbag.py:545} INFO - Filling up the DagBag from /home/airflow/.local/lib/python3.12/site-packages/airflow/example_dags/example_sla_dag.py
[2026-06-08T12:35:40.085+0000] {processor.py:840} INFO - DAG(s) 'example_sla_dag' retrieved from /home/airflow/.local/lib/python3.12/site-packages/airflow/example_dags/example_sla_dag.py
[2026-06-08T12:35:40.112+0000] {logging_mixin.py:188} INFO - [2026-06-08T12:35:40.112+0000] {dag.py:3096} INFO - Sync 1 DAGs
[2026-06-08T12:35:40.146+0000] {logging_mixin.py:188} INFO - [2026-06-08T12:35:40.146+0000] {dag.py:3954} INFO - Setting next_dagrun for example_sla_dag to 2026-06-08 12:32:00+00:00, run_after=2026-06-08 12:34:00+00:00
[2026-06-08T12:35:40.163+0000] {processor.py:183} INFO - Processing /home/airflow/.local/lib/python3.12/site-packages/airflow/example_dags/example_sla_dag.py took 0.094 seconds
[2026-06-08T12:36:10.653+0000] {processor.py:161} INFO - Started process (PID=2245) to work on /home/airflow/.local/lib/python3.12/site-packages/airflow/example_dags/example_sla_dag.py
[2026-06-08T12:36:10.654+0000] {processor.py:830} INFO - Processing file /home/airflow/.local/lib/python3.12/site-packages/airflow/example_dags/example_sla_dag.py for tasks to queue
[2026-06-08T12:36:10.656+0000] {logging_mixin.py:188} INFO - [2026-06-08T12:36:10.656+0000] {dagbag.py:545} INFO - Filling up the DagBag from /home/airflow/.local/lib/python3.12/site-packages/airflow/example_dags/example_sla_dag.py
[2026-06-08T12:36:10.665+0000] {processor.py:840} INFO - DAG(s) 'example_sla_dag' retrieved from /home/airflow/.local/lib/python3.12/site-packages/airflow/example_dags/example_sla_dag.py
[2026-06-08T12:36:10.683+0000] {logging_mixin.py:188} INFO - [2026-06-08T12:36:10.683+0000] {dag.py:3096} INFO - Sync 1 DAGs
[2026-06-08T12:36:10.705+0000] {logging_mixin.py:188} INFO - [2026-06-08T12:36:10.705+0000] {dag.py:3954} INFO - Setting next_dagrun for example_sla_dag to 2026-06-08 12:34:00+00:00, run_after=2026-06-08 12:36:00+00:00
[2026-06-08T12:36:10.721+0000] {processor.py:183} INFO - Processing /home/airflow/.local/lib/python3.12/site-packages/airflow/example_dags/example_sla_dag.py took 0.075 seconds
[2026-06-08T12:36:41.121+0000] {processor.py:161} INFO - Started process (PID=2304) to work on /home/airflow/.local/lib/python3.12/site-packages/airflow/example_dags/example_sla_dag.py
[2026-06-08T12:36:41.121+0000] {processor.py:830} INFO - Processing file /home/airflow/.local/lib/python3.12/site-packages/airflow/example_dags/example_sla_dag.py for tasks to queue
[2026-06-08T12:36:41.122+0000] {logging_mixin.py:188} INFO - [2026-06-08T12:36:41.122+0000] {dagbag.py:545} INFO - Filling up the DagBag from /home/airflow/.local/lib/python3.12/site-packages/airflow/example_dags/example_sla_dag.py
[2026-06-08T12:36:41.128+0000] {processor.py:840} INFO - DAG(s) 'example_sla_dag' retrieved from /home/airflow/.local/lib/python3.12/site-packages/airflow/example_dags/example_sla_dag.py
[2026-06-08T12:36:41.144+0000] {logging_mixin.py:188} INFO - [2026-06-08T12:36:41.144+0000] {dag.py:3096} INFO - Sync 1 DAGs
[2026-06-08T12:36:41.165+0000] {logging_mixin.py:188} INFO - [2026-06-08T12:36:41.165+0000] {dag.py:3954} INFO - Setting next_dagrun for example_sla_dag to 2026-06-08 12:34:00+00:00, run_after=2026-06-08 12:36:00+00:00
[2026-06-08T12:36:41.181+0000] {processor.py:183} INFO - Processing /home/airflow/.local/lib/python3.12/site-packages/airflow/example_dags/example_sla_dag.py took 0.068 seconds
[2026-06-08T12:37:11.567+0000] {processor.py:161} INFO - Started process (PID=2363) to work on /home/airflow/.local/lib/python3.12/site-packages/airflow/example_dags/example_sla_dag.py
[2026-06-08T12:37:11.568+0000] {processor.py:830} INFO - Processing file /home/airflow/.local/lib/python3.12/site-packages/airflow/example_dags/example_sla_dag.py for tasks to queue
[2026-06-08T12:37:11.569+0000] {logging_mixin.py:188} INFO - [2026-06-08T12:37:11.569+0000] {dagbag.py:545} INFO - Filling up the DagBag from /home/airflow/.local/lib/python3.12/site-packages/airflow/example_dags/example_sla_dag.py
[2026-06-08T12:37:11.574+0000] {processor.py:840} INFO - DAG(s) 'example_sla_dag' retrieved from /home/airflow/.local/lib/python3.12/site-packages/airflow/example_dags/example_sla_dag.py
[2026-06-08T12:37:11.589+0000] {logging_mixin.py:188} INFO - [2026-06-08T12:37:11.589+0000] {dag.py:3096} INFO - Sync 1 DAGs
[2026-06-08T12:37:11.605+0000] {logging_mixin.py:188} INFO - [2026-06-08T12:37:11.604+0000] {dag.py:3954} INFO - Setting next_dagrun for example_sla_dag to 2026-06-08 12:34:00+00:00, run_after=2026-06-08 12:36:00+00:00
[2026-06-08T12:37:11.618+0000] {processor.py:183} INFO - Processing /home/airflow/.local/lib/python3.12/site-packages/airflow/example_dags/example_sla_dag.py took 0.054 seconds
[2026-06-08T12:37:42.019+0000] {processor.py:161} INFO - Started process (PID=2422) to work on /home/airflow/.local/lib/python3.12/site-packages/airflow/example_dags/example_sla_dag.py
[2026-06-08T12:37:42.019+0000] {processor.py:830} INFO - Processing file /home/airflow/.local/lib/python3.12/site-packages/airflow/example_dags/example_sla_dag.py for tasks to queue
[2026-06-08T12:37:42.020+0000] {logging_mixin.py:188} INFO - [2026-06-08T12:37:42.020+0000] {dagbag.py:545} INFO - Filling up the DagBag from /home/airflow/.local/lib/python3.12/site-packages/airflow/example_dags/example_sla_dag.py
[2026-06-08T12:37:42.026+0000] {processor.py:840} INFO - DAG(s) 'example_sla_dag' retrieved from /home/airflow/.local/lib/python3.12/site-packages/airflow/example_dags/example_sla_dag.py
[2026-06-08T12:37:42.045+0000] {logging_mixin.py:188} INFO - [2026-06-08T12:37:42.045+0000] {dag.py:3096} INFO - Sync 1 DAGs
[2026-06-08T12:37:42.063+0000] {logging_mixin.py:188} INFO - [2026-06-08T12:37:42.063+0000] {dag.py:3954} INFO - Setting next_dagrun for example_sla_dag to 2026-06-08 12:34:00+00:00, run_after=2026-06-08 12:36:00+00:00
[2026-06-08T12:37:42.077+0000] {processor.py:183} INFO - Processing /home/airflow/.local/lib/python3.12/site-packages/airflow/example_dags/example_sla_dag.py took 0.064 seconds
