[2026-06-08T12:17:52.403+0000] {processor.py:161} INFO - Started process (PID=89) to work on /home/airflow/.local/lib/python3.12/site-packages/airflow/example_dags/example_latest_only_with_trigger.py
[2026-06-08T12:17:52.403+0000] {processor.py:830} INFO - Processing file /home/airflow/.local/lib/python3.12/site-packages/airflow/example_dags/example_latest_only_with_trigger.py for tasks to queue
[2026-06-08T12:17:52.404+0000] {logging_mixin.py:188} INFO - [2026-06-08T12:17:52.404+0000] {dagbag.py:545} INFO - Filling up the DagBag from /home/airflow/.local/lib/python3.12/site-packages/airflow/example_dags/example_latest_only_with_trigger.py
[2026-06-08T12:17:52.409+0000] {processor.py:840} INFO - DAG(s) 'latest_only_with_trigger' retrieved from /home/airflow/.local/lib/python3.12/site-packages/airflow/example_dags/example_latest_only_with_trigger.py
[2026-06-08T12:17:52.420+0000] {logging_mixin.py:188} INFO - [2026-06-08T12:17:52.419+0000] {dag.py:3096} INFO - Sync 1 DAGs
[2026-06-08T12:17:52.440+0000] {logging_mixin.py:188} INFO - [2026-06-08T12:17:52.440+0000] {dag.py:3954} INFO - Setting next_dagrun for latest_only_with_trigger to 2026-06-08 08:00:00+00:00, run_after=2026-06-08 12:00:00+00:00
[2026-06-08T12:17:52.457+0000] {processor.py:183} INFO - Processing /home/airflow/.local/lib/python3.12/site-packages/airflow/example_dags/example_latest_only_with_trigger.py took 0.058 seconds
[2026-06-08T12:18:23.714+0000] {processor.py:161} INFO - Started process (PID=147) to work on /home/airflow/.local/lib/python3.12/site-packages/airflow/example_dags/example_latest_only_with_trigger.py
[2026-06-08T12:18:23.715+0000] {processor.py:830} INFO - Processing file /home/airflow/.local/lib/python3.12/site-packages/airflow/example_dags/example_latest_only_with_trigger.py for tasks to queue
[2026-06-08T12:18:23.716+0000] {logging_mixin.py:188} INFO - [2026-06-08T12:18:23.716+0000] {dagbag.py:545} INFO - Filling up the DagBag from /home/airflow/.local/lib/python3.12/site-packages/airflow/example_dags/example_latest_only_with_trigger.py
[2026-06-08T12:18:23.720+0000] {processor.py:840} INFO - DAG(s) 'latest_only_with_trigger' retrieved from /home/airflow/.local/lib/python3.12/site-packages/airflow/example_dags/example_latest_only_with_trigger.py
[2026-06-08T12:18:23.790+0000] {logging_mixin.py:188} INFO - [2026-06-08T12:18:23.789+0000] {dag.py:3096} INFO - Sync 1 DAGs
[2026-06-08T12:18:23.805+0000] {logging_mixin.py:188} INFO - [2026-06-08T12:18:23.805+0000] {dag.py:3954} INFO - Setting next_dagrun for latest_only_with_trigger to 2026-06-08 08:00:00+00:00, run_after=2026-06-08 12:00:00+00:00
[2026-06-08T12:18:23.825+0000] {processor.py:183} INFO - Processing /home/airflow/.local/lib/python3.12/site-packages/airflow/example_dags/example_latest_only_with_trigger.py took 0.117 seconds
[2026-06-08T12:18:54.466+0000] {processor.py:161} INFO - Started process (PID=205) to work on /home/airflow/.local/lib/python3.12/site-packages/airflow/example_dags/example_latest_only_with_trigger.py
[2026-06-08T12:18:54.467+0000] {processor.py:830} INFO - Processing file /home/airflow/.local/lib/python3.12/site-packages/airflow/example_dags/example_latest_only_with_trigger.py for tasks to queue
[2026-06-08T12:18:54.468+0000] {logging_mixin.py:188} INFO - [2026-06-08T12:18:54.468+0000] {dagbag.py:545} INFO - Filling up the DagBag from /home/airflow/.local/lib/python3.12/site-packages/airflow/example_dags/example_latest_only_with_trigger.py
[2026-06-08T12:18:54.471+0000] {processor.py:840} INFO - DAG(s) 'latest_only_with_trigger' retrieved from /home/airflow/.local/lib/python3.12/site-packages/airflow/example_dags/example_latest_only_with_trigger.py
[2026-06-08T12:18:54.491+0000] {logging_mixin.py:188} INFO - [2026-06-08T12:18:54.491+0000] {dag.py:3096} INFO - Sync 1 DAGs
[2026-06-08T12:18:54.506+0000] {logging_mixin.py:188} INFO - [2026-06-08T12:18:54.506+0000] {dag.py:3954} INFO - Setting next_dagrun for latest_only_with_trigger to 2026-06-08 08:00:00+00:00, run_after=2026-06-08 12:00:00+00:00
[2026-06-08T12:18:54.521+0000] {processor.py:183} INFO - Processing /home/airflow/.local/lib/python3.12/site-packages/airflow/example_dags/example_latest_only_with_trigger.py took 0.058 seconds
[2026-06-08T12:19:25.039+0000] {processor.py:161} INFO - Started process (PID=263) to work on /home/airflow/.local/lib/python3.12/site-packages/airflow/example_dags/example_latest_only_with_trigger.py
[2026-06-08T12:19:25.040+0000] {processor.py:830} INFO - Processing file /home/airflow/.local/lib/python3.12/site-packages/airflow/example_dags/example_latest_only_with_trigger.py for tasks to queue
[2026-06-08T12:19:25.041+0000] {logging_mixin.py:188} INFO - [2026-06-08T12:19:25.041+0000] {dagbag.py:545} INFO - Filling up the DagBag from /home/airflow/.local/lib/python3.12/site-packages/airflow/example_dags/example_latest_only_with_trigger.py
[2026-06-08T12:19:25.045+0000] {processor.py:840} INFO - DAG(s) 'latest_only_with_trigger' retrieved from /home/airflow/.local/lib/python3.12/site-packages/airflow/example_dags/example_latest_only_with_trigger.py
[2026-06-08T12:19:25.064+0000] {logging_mixin.py:188} INFO - [2026-06-08T12:19:25.063+0000] {dag.py:3096} INFO - Sync 1 DAGs
[2026-06-08T12:19:25.084+0000] {logging_mixin.py:188} INFO - [2026-06-08T12:19:25.083+0000] {dag.py:3954} INFO - Setting next_dagrun for latest_only_with_trigger to 2026-06-08 08:00:00+00:00, run_after=2026-06-08 12:00:00+00:00
[2026-06-08T12:19:25.101+0000] {processor.py:183} INFO - Processing /home/airflow/.local/lib/python3.12/site-packages/airflow/example_dags/example_latest_only_with_trigger.py took 0.066 seconds
[2026-06-08T12:19:55.300+0000] {processor.py:161} INFO - Started process (PID=321) to work on /home/airflow/.local/lib/python3.12/site-packages/airflow/example_dags/example_latest_only_with_trigger.py
[2026-06-08T12:19:55.300+0000] {processor.py:830} INFO - Processing file /home/airflow/.local/lib/python3.12/site-packages/airflow/example_dags/example_latest_only_with_trigger.py for tasks to queue
[2026-06-08T12:19:55.301+0000] {logging_mixin.py:188} INFO - [2026-06-08T12:19:55.301+0000] {dagbag.py:545} INFO - Filling up the DagBag from /home/airflow/.local/lib/python3.12/site-packages/airflow/example_dags/example_latest_only_with_trigger.py
[2026-06-08T12:19:55.305+0000] {processor.py:840} INFO - DAG(s) 'latest_only_with_trigger' retrieved from /home/airflow/.local/lib/python3.12/site-packages/airflow/example_dags/example_latest_only_with_trigger.py
[2026-06-08T12:19:55.324+0000] {logging_mixin.py:188} INFO - [2026-06-08T12:19:55.324+0000] {dag.py:3096} INFO - Sync 1 DAGs
[2026-06-08T12:19:55.341+0000] {logging_mixin.py:188} INFO - [2026-06-08T12:19:55.341+0000] {dag.py:3954} INFO - Setting next_dagrun for latest_only_with_trigger to 2026-06-08 08:00:00+00:00, run_after=2026-06-08 12:00:00+00:00
[2026-06-08T12:19:55.358+0000] {processor.py:183} INFO - Processing /home/airflow/.local/lib/python3.12/site-packages/airflow/example_dags/example_latest_only_with_trigger.py took 0.065 seconds
[2026-06-08T12:20:26.001+0000] {processor.py:161} INFO - Started process (PID=379) to work on /home/airflow/.local/lib/python3.12/site-packages/airflow/example_dags/example_latest_only_with_trigger.py
[2026-06-08T12:20:26.002+0000] {processor.py:830} INFO - Processing file /home/airflow/.local/lib/python3.12/site-packages/airflow/example_dags/example_latest_only_with_trigger.py for tasks to queue
[2026-06-08T12:20:26.003+0000] {logging_mixin.py:188} INFO - [2026-06-08T12:20:26.003+0000] {dagbag.py:545} INFO - Filling up the DagBag from /home/airflow/.local/lib/python3.12/site-packages/airflow/example_dags/example_latest_only_with_trigger.py
[2026-06-08T12:20:26.006+0000] {processor.py:840} INFO - DAG(s) 'latest_only_with_trigger' retrieved from /home/airflow/.local/lib/python3.12/site-packages/airflow/example_dags/example_latest_only_with_trigger.py
[2026-06-08T12:20:26.028+0000] {logging_mixin.py:188} INFO - [2026-06-08T12:20:26.028+0000] {dag.py:3096} INFO - Sync 1 DAGs
[2026-06-08T12:20:26.045+0000] {logging_mixin.py:188} INFO - [2026-06-08T12:20:26.044+0000] {dag.py:3954} INFO - Setting next_dagrun for latest_only_with_trigger to 2026-06-08 08:00:00+00:00, run_after=2026-06-08 12:00:00+00:00
[2026-06-08T12:20:26.058+0000] {processor.py:183} INFO - Processing /home/airflow/.local/lib/python3.12/site-packages/airflow/example_dags/example_latest_only_with_trigger.py took 0.065 seconds
[2026-06-08T12:20:56.383+0000] {processor.py:161} INFO - Started process (PID=437) to work on /home/airflow/.local/lib/python3.12/site-packages/airflow/example_dags/example_latest_only_with_trigger.py
[2026-06-08T12:20:56.384+0000] {processor.py:830} INFO - Processing file /home/airflow/.local/lib/python3.12/site-packages/airflow/example_dags/example_latest_only_with_trigger.py for tasks to queue
[2026-06-08T12:20:56.387+0000] {logging_mixin.py:188} INFO - [2026-06-08T12:20:56.386+0000] {dagbag.py:545} INFO - Filling up the DagBag from /home/airflow/.local/lib/python3.12/site-packages/airflow/example_dags/example_latest_only_with_trigger.py
[2026-06-08T12:20:56.392+0000] {processor.py:840} INFO - DAG(s) 'latest_only_with_trigger' retrieved from /home/airflow/.local/lib/python3.12/site-packages/airflow/example_dags/example_latest_only_with_trigger.py
[2026-06-08T12:20:56.415+0000] {logging_mixin.py:188} INFO - [2026-06-08T12:20:56.415+0000] {dag.py:3096} INFO - Sync 1 DAGs
[2026-06-08T12:20:56.434+0000] {logging_mixin.py:188} INFO - [2026-06-08T12:20:56.434+0000] {dag.py:3954} INFO - Setting next_dagrun for latest_only_with_trigger to 2026-06-08 08:00:00+00:00, run_after=2026-06-08 12:00:00+00:00
[2026-06-08T12:20:56.446+0000] {processor.py:183} INFO - Processing /home/airflow/.local/lib/python3.12/site-packages/airflow/example_dags/example_latest_only_with_trigger.py took 0.070 seconds
[2026-06-08T12:21:26.600+0000] {processor.py:161} INFO - Started process (PID=495) to work on /home/airflow/.local/lib/python3.12/site-packages/airflow/example_dags/example_latest_only_with_trigger.py
[2026-06-08T12:21:26.601+0000] {processor.py:830} INFO - Processing file /home/airflow/.local/lib/python3.12/site-packages/airflow/example_dags/example_latest_only_with_trigger.py for tasks to queue
[2026-06-08T12:21:26.602+0000] {logging_mixin.py:188} INFO - [2026-06-08T12:21:26.602+0000] {dagbag.py:545} INFO - Filling up the DagBag from /home/airflow/.local/lib/python3.12/site-packages/airflow/example_dags/example_latest_only_with_trigger.py
[2026-06-08T12:21:26.605+0000] {processor.py:840} INFO - DAG(s) 'latest_only_with_trigger' retrieved from /home/airflow/.local/lib/python3.12/site-packages/airflow/example_dags/example_latest_only_with_trigger.py
[2026-06-08T12:21:26.625+0000] {logging_mixin.py:188} INFO - [2026-06-08T12:21:26.625+0000] {dag.py:3096} INFO - Sync 1 DAGs
[2026-06-08T12:21:26.648+0000] {logging_mixin.py:188} INFO - [2026-06-08T12:21:26.648+0000] {dag.py:3954} INFO - Setting next_dagrun for latest_only_with_trigger to 2026-06-08 08:00:00+00:00, run_after=2026-06-08 12:00:00+00:00
[2026-06-08T12:21:26.665+0000] {processor.py:183} INFO - Processing /home/airflow/.local/lib/python3.12/site-packages/airflow/example_dags/example_latest_only_with_trigger.py took 0.068 seconds
[2026-06-08T12:21:57.323+0000] {processor.py:161} INFO - Started process (PID=575) to work on /home/airflow/.local/lib/python3.12/site-packages/airflow/example_dags/example_latest_only_with_trigger.py
[2026-06-08T12:21:57.323+0000] {processor.py:830} INFO - Processing file /home/airflow/.local/lib/python3.12/site-packages/airflow/example_dags/example_latest_only_with_trigger.py for tasks to queue
[2026-06-08T12:21:57.324+0000] {logging_mixin.py:188} INFO - [2026-06-08T12:21:57.324+0000] {dagbag.py:545} INFO - Filling up the DagBag from /home/airflow/.local/lib/python3.12/site-packages/airflow/example_dags/example_latest_only_with_trigger.py
[2026-06-08T12:21:57.328+0000] {processor.py:840} INFO - DAG(s) 'latest_only_with_trigger' retrieved from /home/airflow/.local/lib/python3.12/site-packages/airflow/example_dags/example_latest_only_with_trigger.py
[2026-06-08T12:21:57.346+0000] {logging_mixin.py:188} INFO - [2026-06-08T12:21:57.346+0000] {dag.py:3096} INFO - Sync 1 DAGs
[2026-06-08T12:21:57.363+0000] {logging_mixin.py:188} INFO - [2026-06-08T12:21:57.363+0000] {dag.py:3954} INFO - Setting next_dagrun for latest_only_with_trigger to 2026-06-08 08:00:00+00:00, run_after=2026-06-08 12:00:00+00:00
[2026-06-08T12:21:57.381+0000] {processor.py:183} INFO - Processing /home/airflow/.local/lib/python3.12/site-packages/airflow/example_dags/example_latest_only_with_trigger.py took 0.062 seconds
[2026-06-08T12:22:27.824+0000] {processor.py:161} INFO - Started process (PID=633) to work on /home/airflow/.local/lib/python3.12/site-packages/airflow/example_dags/example_latest_only_with_trigger.py
[2026-06-08T12:22:27.825+0000] {processor.py:830} INFO - Processing file /home/airflow/.local/lib/python3.12/site-packages/airflow/example_dags/example_latest_only_with_trigger.py for tasks to queue
[2026-06-08T12:22:27.827+0000] {logging_mixin.py:188} INFO - [2026-06-08T12:22:27.826+0000] {dagbag.py:545} INFO - Filling up the DagBag from /home/airflow/.local/lib/python3.12/site-packages/airflow/example_dags/example_latest_only_with_trigger.py
[2026-06-08T12:22:27.831+0000] {processor.py:840} INFO - DAG(s) 'latest_only_with_trigger' retrieved from /home/airflow/.local/lib/python3.12/site-packages/airflow/example_dags/example_latest_only_with_trigger.py
[2026-06-08T12:22:27.846+0000] {logging_mixin.py:188} INFO - [2026-06-08T12:22:27.845+0000] {dag.py:3096} INFO - Sync 1 DAGs
[2026-06-08T12:22:27.861+0000] {logging_mixin.py:188} INFO - [2026-06-08T12:22:27.860+0000] {dag.py:3954} INFO - Setting next_dagrun for latest_only_with_trigger to 2026-06-08 08:00:00+00:00, run_after=2026-06-08 12:00:00+00:00
[2026-06-08T12:22:27.884+0000] {processor.py:183} INFO - Processing /home/airflow/.local/lib/python3.12/site-packages/airflow/example_dags/example_latest_only_with_trigger.py took 0.070 seconds
[2026-06-08T12:22:58.081+0000] {processor.py:161} INFO - Started process (PID=714) to work on /home/airflow/.local/lib/python3.12/site-packages/airflow/example_dags/example_latest_only_with_trigger.py
[2026-06-08T12:22:58.082+0000] {processor.py:830} INFO - Processing file /home/airflow/.local/lib/python3.12/site-packages/airflow/example_dags/example_latest_only_with_trigger.py for tasks to queue
[2026-06-08T12:22:58.083+0000] {logging_mixin.py:188} INFO - [2026-06-08T12:22:58.083+0000] {dagbag.py:545} INFO - Filling up the DagBag from /home/airflow/.local/lib/python3.12/site-packages/airflow/example_dags/example_latest_only_with_trigger.py
[2026-06-08T12:22:58.086+0000] {processor.py:840} INFO - DAG(s) 'latest_only_with_trigger' retrieved from /home/airflow/.local/lib/python3.12/site-packages/airflow/example_dags/example_latest_only_with_trigger.py
[2026-06-08T12:22:58.095+0000] {logging_mixin.py:188} INFO - [2026-06-08T12:22:58.094+0000] {dag.py:3096} INFO - Sync 1 DAGs
[2026-06-08T12:22:58.109+0000] {logging_mixin.py:188} INFO - [2026-06-08T12:22:58.109+0000] {dag.py:3954} INFO - Setting next_dagrun for latest_only_with_trigger to 2026-06-08 08:00:00+00:00, run_after=2026-06-08 12:00:00+00:00
[2026-06-08T12:22:58.122+0000] {processor.py:183} INFO - Processing /home/airflow/.local/lib/python3.12/site-packages/airflow/example_dags/example_latest_only_with_trigger.py took 0.046 seconds
[2026-06-08T12:23:29.451+0000] {processor.py:161} INFO - Started process (PID=794) to work on /home/airflow/.local/lib/python3.12/site-packages/airflow/example_dags/example_latest_only_with_trigger.py
[2026-06-08T12:23:29.452+0000] {processor.py:830} INFO - Processing file /home/airflow/.local/lib/python3.12/site-packages/airflow/example_dags/example_latest_only_with_trigger.py for tasks to queue
[2026-06-08T12:23:29.453+0000] {logging_mixin.py:188} INFO - [2026-06-08T12:23:29.452+0000] {dagbag.py:545} INFO - Filling up the DagBag from /home/airflow/.local/lib/python3.12/site-packages/airflow/example_dags/example_latest_only_with_trigger.py
[2026-06-08T12:23:29.456+0000] {processor.py:840} INFO - DAG(s) 'latest_only_with_trigger' retrieved from /home/airflow/.local/lib/python3.12/site-packages/airflow/example_dags/example_latest_only_with_trigger.py
[2026-06-08T12:23:29.531+0000] {logging_mixin.py:188} INFO - [2026-06-08T12:23:29.531+0000] {dag.py:3096} INFO - Sync 1 DAGs
[2026-06-08T12:23:29.545+0000] {logging_mixin.py:188} INFO - [2026-06-08T12:23:29.545+0000] {dag.py:3954} INFO - Setting next_dagrun for latest_only_with_trigger to 2026-06-08 08:00:00+00:00, run_after=2026-06-08 12:00:00+00:00
[2026-06-08T12:23:29.565+0000] {processor.py:183} INFO - Processing /home/airflow/.local/lib/python3.12/site-packages/airflow/example_dags/example_latest_only_with_trigger.py took 0.118 seconds
[2026-06-08T12:23:59.617+0000] {processor.py:161} INFO - Started process (PID=853) to work on /home/airflow/.local/lib/python3.12/site-packages/airflow/example_dags/example_latest_only_with_trigger.py
[2026-06-08T12:23:59.617+0000] {processor.py:830} INFO - Processing file /home/airflow/.local/lib/python3.12/site-packages/airflow/example_dags/example_latest_only_with_trigger.py for tasks to queue
[2026-06-08T12:23:59.618+0000] {logging_mixin.py:188} INFO - [2026-06-08T12:23:59.618+0000] {dagbag.py:545} INFO - Filling up the DagBag from /home/airflow/.local/lib/python3.12/site-packages/airflow/example_dags/example_latest_only_with_trigger.py
[2026-06-08T12:23:59.622+0000] {processor.py:840} INFO - DAG(s) 'latest_only_with_trigger' retrieved from /home/airflow/.local/lib/python3.12/site-packages/airflow/example_dags/example_latest_only_with_trigger.py
[2026-06-08T12:23:59.639+0000] {logging_mixin.py:188} INFO - [2026-06-08T12:23:59.639+0000] {dag.py:3096} INFO - Sync 1 DAGs
[2026-06-08T12:23:59.657+0000] {logging_mixin.py:188} INFO - [2026-06-08T12:23:59.656+0000] {dag.py:3954} INFO - Setting next_dagrun for latest_only_with_trigger to 2026-06-08 08:00:00+00:00, run_after=2026-06-08 12:00:00+00:00
[2026-06-08T12:23:59.675+0000] {processor.py:183} INFO - Processing /home/airflow/.local/lib/python3.12/site-packages/airflow/example_dags/example_latest_only_with_trigger.py took 0.064 seconds
[2026-06-08T12:24:30.409+0000] {processor.py:161} INFO - Started process (PID=912) to work on /home/airflow/.local/lib/python3.12/site-packages/airflow/example_dags/example_latest_only_with_trigger.py
[2026-06-08T12:24:30.410+0000] {processor.py:830} INFO - Processing file /home/airflow/.local/lib/python3.12/site-packages/airflow/example_dags/example_latest_only_with_trigger.py for tasks to queue
[2026-06-08T12:24:30.411+0000] {logging_mixin.py:188} INFO - [2026-06-08T12:24:30.411+0000] {dagbag.py:545} INFO - Filling up the DagBag from /home/airflow/.local/lib/python3.12/site-packages/airflow/example_dags/example_latest_only_with_trigger.py
[2026-06-08T12:24:30.414+0000] {processor.py:840} INFO - DAG(s) 'latest_only_with_trigger' retrieved from /home/airflow/.local/lib/python3.12/site-packages/airflow/example_dags/example_latest_only_with_trigger.py
[2026-06-08T12:24:30.434+0000] {logging_mixin.py:188} INFO - [2026-06-08T12:24:30.434+0000] {dag.py:3096} INFO - Sync 1 DAGs
[2026-06-08T12:24:30.449+0000] {logging_mixin.py:188} INFO - [2026-06-08T12:24:30.449+0000] {dag.py:3954} INFO - Setting next_dagrun for latest_only_with_trigger to 2026-06-08 08:00:00+00:00, run_after=2026-06-08 12:00:00+00:00
[2026-06-08T12:24:30.464+0000] {processor.py:183} INFO - Processing /home/airflow/.local/lib/python3.12/site-packages/airflow/example_dags/example_latest_only_with_trigger.py took 0.058 seconds
[2026-06-08T12:25:00.975+0000] {processor.py:161} INFO - Started process (PID=971) to work on /home/airflow/.local/lib/python3.12/site-packages/airflow/example_dags/example_latest_only_with_trigger.py
[2026-06-08T12:25:00.977+0000] {processor.py:830} INFO - Processing file /home/airflow/.local/lib/python3.12/site-packages/airflow/example_dags/example_latest_only_with_trigger.py for tasks to queue
[2026-06-08T12:25:00.980+0000] {logging_mixin.py:188} INFO - [2026-06-08T12:25:00.980+0000] {dagbag.py:545} INFO - Filling up the DagBag from /home/airflow/.local/lib/python3.12/site-packages/airflow/example_dags/example_latest_only_with_trigger.py
[2026-06-08T12:25:00.989+0000] {processor.py:840} INFO - DAG(s) 'latest_only_with_trigger' retrieved from /home/airflow/.local/lib/python3.12/site-packages/airflow/example_dags/example_latest_only_with_trigger.py
[2026-06-08T12:25:01.037+0000] {logging_mixin.py:188} INFO - [2026-06-08T12:25:01.037+0000] {dag.py:3096} INFO - Sync 1 DAGs
[2026-06-08T12:25:01.070+0000] {logging_mixin.py:188} INFO - [2026-06-08T12:25:01.070+0000] {dag.py:3954} INFO - Setting next_dagrun for latest_only_with_trigger to 2026-06-08 08:00:00+00:00, run_after=2026-06-08 12:00:00+00:00
[2026-06-08T12:25:01.089+0000] {processor.py:183} INFO - Processing /home/airflow/.local/lib/python3.12/site-packages/airflow/example_dags/example_latest_only_with_trigger.py took 0.119 seconds
[2026-06-08T12:25:31.301+0000] {processor.py:161} INFO - Started process (PID=1031) to work on /home/airflow/.local/lib/python3.12/site-packages/airflow/example_dags/example_latest_only_with_trigger.py
[2026-06-08T12:25:31.302+0000] {processor.py:830} INFO - Processing file /home/airflow/.local/lib/python3.12/site-packages/airflow/example_dags/example_latest_only_with_trigger.py for tasks to queue
[2026-06-08T12:25:31.304+0000] {logging_mixin.py:188} INFO - [2026-06-08T12:25:31.304+0000] {dagbag.py:545} INFO - Filling up the DagBag from /home/airflow/.local/lib/python3.12/site-packages/airflow/example_dags/example_latest_only_with_trigger.py
[2026-06-08T12:25:31.310+0000] {processor.py:840} INFO - DAG(s) 'latest_only_with_trigger' retrieved from /home/airflow/.local/lib/python3.12/site-packages/airflow/example_dags/example_latest_only_with_trigger.py
[2026-06-08T12:25:31.331+0000] {logging_mixin.py:188} INFO - [2026-06-08T12:25:31.330+0000] {dag.py:3096} INFO - Sync 1 DAGs
[2026-06-08T12:25:31.353+0000] {logging_mixin.py:188} INFO - [2026-06-08T12:25:31.353+0000] {dag.py:3954} INFO - Setting next_dagrun for latest_only_with_trigger to 2026-06-08 08:00:00+00:00, run_after=2026-06-08 12:00:00+00:00
[2026-06-08T12:25:31.369+0000] {processor.py:183} INFO - Processing /home/airflow/.local/lib/python3.12/site-packages/airflow/example_dags/example_latest_only_with_trigger.py took 0.074 seconds
[2026-06-08T12:26:01.732+0000] {processor.py:161} INFO - Started process (PID=1090) to work on /home/airflow/.local/lib/python3.12/site-packages/airflow/example_dags/example_latest_only_with_trigger.py
[2026-06-08T12:26:01.733+0000] {processor.py:830} INFO - Processing file /home/airflow/.local/lib/python3.12/site-packages/airflow/example_dags/example_latest_only_with_trigger.py for tasks to queue
[2026-06-08T12:26:01.735+0000] {logging_mixin.py:188} INFO - [2026-06-08T12:26:01.735+0000] {dagbag.py:545} INFO - Filling up the DagBag from /home/airflow/.local/lib/python3.12/site-packages/airflow/example_dags/example_latest_only_with_trigger.py
[2026-06-08T12:26:01.740+0000] {processor.py:840} INFO - DAG(s) 'latest_only_with_trigger' retrieved from /home/airflow/.local/lib/python3.12/site-packages/airflow/example_dags/example_latest_only_with_trigger.py
[2026-06-08T12:26:01.753+0000] {logging_mixin.py:188} INFO - [2026-06-08T12:26:01.753+0000] {dag.py:3096} INFO - Sync 1 DAGs
[2026-06-08T12:26:01.768+0000] {logging_mixin.py:188} INFO - [2026-06-08T12:26:01.767+0000] {dag.py:3954} INFO - Setting next_dagrun for latest_only_with_trigger to 2026-06-08 08:00:00+00:00, run_after=2026-06-08 12:00:00+00:00
[2026-06-08T12:26:01.788+0000] {processor.py:183} INFO - Processing /home/airflow/.local/lib/python3.12/site-packages/airflow/example_dags/example_latest_only_with_trigger.py took 0.061 seconds
[2026-06-08T12:26:32.307+0000] {processor.py:161} INFO - Started process (PID=1149) to work on /home/airflow/.local/lib/python3.12/site-packages/airflow/example_dags/example_latest_only_with_trigger.py
[2026-06-08T12:26:32.308+0000] {processor.py:830} INFO - Processing file /home/airflow/.local/lib/python3.12/site-packages/airflow/example_dags/example_latest_only_with_trigger.py for tasks to queue
[2026-06-08T12:26:32.309+0000] {logging_mixin.py:188} INFO - [2026-06-08T12:26:32.309+0000] {dagbag.py:545} INFO - Filling up the DagBag from /home/airflow/.local/lib/python3.12/site-packages/airflow/example_dags/example_latest_only_with_trigger.py
[2026-06-08T12:26:32.313+0000] {processor.py:840} INFO - DAG(s) 'latest_only_with_trigger' retrieved from /home/airflow/.local/lib/python3.12/site-packages/airflow/example_dags/example_latest_only_with_trigger.py
[2026-06-08T12:26:32.329+0000] {logging_mixin.py:188} INFO - [2026-06-08T12:26:32.329+0000] {dag.py:3096} INFO - Sync 1 DAGs
[2026-06-08T12:26:32.343+0000] {logging_mixin.py:188} INFO - [2026-06-08T12:26:32.343+0000] {dag.py:3954} INFO - Setting next_dagrun for latest_only_with_trigger to 2026-06-08 08:00:00+00:00, run_after=2026-06-08 12:00:00+00:00
[2026-06-08T12:26:32.357+0000] {processor.py:183} INFO - Processing /home/airflow/.local/lib/python3.12/site-packages/airflow/example_dags/example_latest_only_with_trigger.py took 0.055 seconds
[2026-06-08T12:27:02.639+0000] {processor.py:161} INFO - Started process (PID=1208) to work on /home/airflow/.local/lib/python3.12/site-packages/airflow/example_dags/example_latest_only_with_trigger.py
[2026-06-08T12:27:02.639+0000] {processor.py:830} INFO - Processing file /home/airflow/.local/lib/python3.12/site-packages/airflow/example_dags/example_latest_only_with_trigger.py for tasks to queue
[2026-06-08T12:27:02.640+0000] {logging_mixin.py:188} INFO - [2026-06-08T12:27:02.640+0000] {dagbag.py:545} INFO - Filling up the DagBag from /home/airflow/.local/lib/python3.12/site-packages/airflow/example_dags/example_latest_only_with_trigger.py
[2026-06-08T12:27:02.644+0000] {processor.py:840} INFO - DAG(s) 'latest_only_with_trigger' retrieved from /home/airflow/.local/lib/python3.12/site-packages/airflow/example_dags/example_latest_only_with_trigger.py
[2026-06-08T12:27:02.660+0000] {logging_mixin.py:188} INFO - [2026-06-08T12:27:02.660+0000] {dag.py:3096} INFO - Sync 1 DAGs
[2026-06-08T12:27:02.674+0000] {logging_mixin.py:188} INFO - [2026-06-08T12:27:02.674+0000] {dag.py:3954} INFO - Setting next_dagrun for latest_only_with_trigger to 2026-06-08 08:00:00+00:00, run_after=2026-06-08 12:00:00+00:00
[2026-06-08T12:27:02.686+0000] {processor.py:183} INFO - Processing /home/airflow/.local/lib/python3.12/site-packages/airflow/example_dags/example_latest_only_with_trigger.py took 0.051 seconds
[2026-06-08T12:27:33.204+0000] {processor.py:161} INFO - Started process (PID=1267) to work on /home/airflow/.local/lib/python3.12/site-packages/airflow/example_dags/example_latest_only_with_trigger.py
[2026-06-08T12:27:33.205+0000] {processor.py:830} INFO - Processing file /home/airflow/.local/lib/python3.12/site-packages/airflow/example_dags/example_latest_only_with_trigger.py for tasks to queue
[2026-06-08T12:27:33.207+0000] {logging_mixin.py:188} INFO - [2026-06-08T12:27:33.207+0000] {dagbag.py:545} INFO - Filling up the DagBag from /home/airflow/.local/lib/python3.12/site-packages/airflow/example_dags/example_latest_only_with_trigger.py
[2026-06-08T12:27:33.213+0000] {processor.py:840} INFO - DAG(s) 'latest_only_with_trigger' retrieved from /home/airflow/.local/lib/python3.12/site-packages/airflow/example_dags/example_latest_only_with_trigger.py
[2026-06-08T12:27:33.233+0000] {logging_mixin.py:188} INFO - [2026-06-08T12:27:33.233+0000] {dag.py:3096} INFO - Sync 1 DAGs
[2026-06-08T12:27:33.248+0000] {logging_mixin.py:188} INFO - [2026-06-08T12:27:33.248+0000] {dag.py:3954} INFO - Setting next_dagrun for latest_only_with_trigger to 2026-06-08 08:00:00+00:00, run_after=2026-06-08 12:00:00+00:00
[2026-06-08T12:27:33.266+0000] {processor.py:183} INFO - Processing /home/airflow/.local/lib/python3.12/site-packages/airflow/example_dags/example_latest_only_with_trigger.py took 0.072 seconds
[2026-06-08T12:28:03.956+0000] {processor.py:161} INFO - Started process (PID=1326) to work on /home/airflow/.local/lib/python3.12/site-packages/airflow/example_dags/example_latest_only_with_trigger.py
[2026-06-08T12:28:03.957+0000] {processor.py:830} INFO - Processing file /home/airflow/.local/lib/python3.12/site-packages/airflow/example_dags/example_latest_only_with_trigger.py for tasks to queue
[2026-06-08T12:28:03.958+0000] {logging_mixin.py:188} INFO - [2026-06-08T12:28:03.958+0000] {dagbag.py:545} INFO - Filling up the DagBag from /home/airflow/.local/lib/python3.12/site-packages/airflow/example_dags/example_latest_only_with_trigger.py
[2026-06-08T12:28:03.963+0000] {processor.py:840} INFO - DAG(s) 'latest_only_with_trigger' retrieved from /home/airflow/.local/lib/python3.12/site-packages/airflow/example_dags/example_latest_only_with_trigger.py
[2026-06-08T12:28:03.989+0000] {logging_mixin.py:188} INFO - [2026-06-08T12:28:03.989+0000] {dag.py:3096} INFO - Sync 1 DAGs
[2026-06-08T12:28:04.014+0000] {logging_mixin.py:188} INFO - [2026-06-08T12:28:04.013+0000] {dag.py:3954} INFO - Setting next_dagrun for latest_only_with_trigger to 2026-06-08 08:00:00+00:00, run_after=2026-06-08 12:00:00+00:00
[2026-06-08T12:28:04.029+0000] {processor.py:183} INFO - Processing /home/airflow/.local/lib/python3.12/site-packages/airflow/example_dags/example_latest_only_with_trigger.py took 0.079 seconds
[2026-06-08T12:28:34.280+0000] {processor.py:161} INFO - Started process (PID=1386) to work on /home/airflow/.local/lib/python3.12/site-packages/airflow/example_dags/example_latest_only_with_trigger.py
[2026-06-08T12:28:34.280+0000] {processor.py:830} INFO - Processing file /home/airflow/.local/lib/python3.12/site-packages/airflow/example_dags/example_latest_only_with_trigger.py for tasks to queue
[2026-06-08T12:28:34.282+0000] {logging_mixin.py:188} INFO - [2026-06-08T12:28:34.282+0000] {dagbag.py:545} INFO - Filling up the DagBag from /home/airflow/.local/lib/python3.12/site-packages/airflow/example_dags/example_latest_only_with_trigger.py
[2026-06-08T12:28:34.288+0000] {processor.py:840} INFO - DAG(s) 'latest_only_with_trigger' retrieved from /home/airflow/.local/lib/python3.12/site-packages/airflow/example_dags/example_latest_only_with_trigger.py
[2026-06-08T12:28:34.306+0000] {logging_mixin.py:188} INFO - [2026-06-08T12:28:34.305+0000] {dag.py:3096} INFO - Sync 1 DAGs
[2026-06-08T12:28:34.322+0000] {logging_mixin.py:188} INFO - [2026-06-08T12:28:34.322+0000] {dag.py:3954} INFO - Setting next_dagrun for latest_only_with_trigger to 2026-06-08 08:00:00+00:00, run_after=2026-06-08 12:00:00+00:00
[2026-06-08T12:28:34.344+0000] {processor.py:183} INFO - Processing /home/airflow/.local/lib/python3.12/site-packages/airflow/example_dags/example_latest_only_with_trigger.py took 0.071 seconds
[2026-06-08T12:29:04.543+0000] {processor.py:161} INFO - Started process (PID=1445) to work on /home/airflow/.local/lib/python3.12/site-packages/airflow/example_dags/example_latest_only_with_trigger.py
[2026-06-08T12:29:04.543+0000] {processor.py:830} INFO - Processing file /home/airflow/.local/lib/python3.12/site-packages/airflow/example_dags/example_latest_only_with_trigger.py for tasks to queue
[2026-06-08T12:29:04.544+0000] {logging_mixin.py:188} INFO - [2026-06-08T12:29:04.544+0000] {dagbag.py:545} INFO - Filling up the DagBag from /home/airflow/.local/lib/python3.12/site-packages/airflow/example_dags/example_latest_only_with_trigger.py
[2026-06-08T12:29:04.547+0000] {processor.py:840} INFO - DAG(s) 'latest_only_with_trigger' retrieved from /home/airflow/.local/lib/python3.12/site-packages/airflow/example_dags/example_latest_only_with_trigger.py
[2026-06-08T12:29:04.568+0000] {logging_mixin.py:188} INFO - [2026-06-08T12:29:04.567+0000] {dag.py:3096} INFO - Sync 1 DAGs
[2026-06-08T12:29:04.591+0000] {logging_mixin.py:188} INFO - [2026-06-08T12:29:04.591+0000] {dag.py:3954} INFO - Setting next_dagrun for latest_only_with_trigger to 2026-06-08 08:00:00+00:00, run_after=2026-06-08 12:00:00+00:00
[2026-06-08T12:29:04.608+0000] {processor.py:183} INFO - Processing /home/airflow/.local/lib/python3.12/site-packages/airflow/example_dags/example_latest_only_with_trigger.py took 0.069 seconds
[2026-06-08T12:29:34.946+0000] {processor.py:161} INFO - Started process (PID=1503) to work on /home/airflow/.local/lib/python3.12/site-packages/airflow/example_dags/example_latest_only_with_trigger.py
[2026-06-08T12:29:34.947+0000] {processor.py:830} INFO - Processing file /home/airflow/.local/lib/python3.12/site-packages/airflow/example_dags/example_latest_only_with_trigger.py for tasks to queue
[2026-06-08T12:29:34.949+0000] {logging_mixin.py:188} INFO - [2026-06-08T12:29:34.948+0000] {dagbag.py:545} INFO - Filling up the DagBag from /home/airflow/.local/lib/python3.12/site-packages/airflow/example_dags/example_latest_only_with_trigger.py
[2026-06-08T12:29:34.954+0000] {processor.py:840} INFO - DAG(s) 'latest_only_with_trigger' retrieved from /home/airflow/.local/lib/python3.12/site-packages/airflow/example_dags/example_latest_only_with_trigger.py
[2026-06-08T12:29:34.973+0000] {logging_mixin.py:188} INFO - [2026-06-08T12:29:34.972+0000] {dag.py:3096} INFO - Sync 1 DAGs
[2026-06-08T12:29:34.987+0000] {logging_mixin.py:188} INFO - [2026-06-08T12:29:34.987+0000] {dag.py:3954} INFO - Setting next_dagrun for latest_only_with_trigger to 2026-06-08 08:00:00+00:00, run_after=2026-06-08 12:00:00+00:00
[2026-06-08T12:29:35.004+0000] {processor.py:183} INFO - Processing /home/airflow/.local/lib/python3.12/site-packages/airflow/example_dags/example_latest_only_with_trigger.py took 0.064 seconds
[2026-06-08T12:30:05.710+0000] {processor.py:161} INFO - Started process (PID=1563) to work on /home/airflow/.local/lib/python3.12/site-packages/airflow/example_dags/example_latest_only_with_trigger.py
[2026-06-08T12:30:05.710+0000] {processor.py:830} INFO - Processing file /home/airflow/.local/lib/python3.12/site-packages/airflow/example_dags/example_latest_only_with_trigger.py for tasks to queue
[2026-06-08T12:30:05.711+0000] {logging_mixin.py:188} INFO - [2026-06-08T12:30:05.711+0000] {dagbag.py:545} INFO - Filling up the DagBag from /home/airflow/.local/lib/python3.12/site-packages/airflow/example_dags/example_latest_only_with_trigger.py
[2026-06-08T12:30:05.715+0000] {processor.py:840} INFO - DAG(s) 'latest_only_with_trigger' retrieved from /home/airflow/.local/lib/python3.12/site-packages/airflow/example_dags/example_latest_only_with_trigger.py
[2026-06-08T12:30:05.730+0000] {logging_mixin.py:188} INFO - [2026-06-08T12:30:05.730+0000] {dag.py:3096} INFO - Sync 1 DAGs
[2026-06-08T12:30:05.744+0000] {logging_mixin.py:188} INFO - [2026-06-08T12:30:05.744+0000] {dag.py:3954} INFO - Setting next_dagrun for latest_only_with_trigger to 2026-06-08 08:00:00+00:00, run_after=2026-06-08 12:00:00+00:00
[2026-06-08T12:30:05.760+0000] {processor.py:183} INFO - Processing /home/airflow/.local/lib/python3.12/site-packages/airflow/example_dags/example_latest_only_with_trigger.py took 0.055 seconds
[2026-06-08T12:30:36.347+0000] {processor.py:161} INFO - Started process (PID=1622) to work on /home/airflow/.local/lib/python3.12/site-packages/airflow/example_dags/example_latest_only_with_trigger.py
[2026-06-08T12:30:36.348+0000] {processor.py:830} INFO - Processing file /home/airflow/.local/lib/python3.12/site-packages/airflow/example_dags/example_latest_only_with_trigger.py for tasks to queue
[2026-06-08T12:30:36.349+0000] {logging_mixin.py:188} INFO - [2026-06-08T12:30:36.349+0000] {dagbag.py:545} INFO - Filling up the DagBag from /home/airflow/.local/lib/python3.12/site-packages/airflow/example_dags/example_latest_only_with_trigger.py
[2026-06-08T12:30:36.353+0000] {processor.py:840} INFO - DAG(s) 'latest_only_with_trigger' retrieved from /home/airflow/.local/lib/python3.12/site-packages/airflow/example_dags/example_latest_only_with_trigger.py
[2026-06-08T12:30:36.382+0000] {logging_mixin.py:188} INFO - [2026-06-08T12:30:36.382+0000] {dag.py:3096} INFO - Sync 1 DAGs
[2026-06-08T12:30:36.414+0000] {logging_mixin.py:188} INFO - [2026-06-08T12:30:36.414+0000] {dag.py:3954} INFO - Setting next_dagrun for latest_only_with_trigger to 2026-06-08 08:00:00+00:00, run_after=2026-06-08 12:00:00+00:00
[2026-06-08T12:30:36.433+0000] {processor.py:183} INFO - Processing /home/airflow/.local/lib/python3.12/site-packages/airflow/example_dags/example_latest_only_with_trigger.py took 0.095 seconds
[2026-06-08T12:31:06.811+0000] {processor.py:161} INFO - Started process (PID=1681) to work on /home/airflow/.local/lib/python3.12/site-packages/airflow/example_dags/example_latest_only_with_trigger.py
[2026-06-08T12:31:06.811+0000] {processor.py:830} INFO - Processing file /home/airflow/.local/lib/python3.12/site-packages/airflow/example_dags/example_latest_only_with_trigger.py for tasks to queue
[2026-06-08T12:31:06.813+0000] {logging_mixin.py:188} INFO - [2026-06-08T12:31:06.813+0000] {dagbag.py:545} INFO - Filling up the DagBag from /home/airflow/.local/lib/python3.12/site-packages/airflow/example_dags/example_latest_only_with_trigger.py
[2026-06-08T12:31:06.817+0000] {processor.py:840} INFO - DAG(s) 'latest_only_with_trigger' retrieved from /home/airflow/.local/lib/python3.12/site-packages/airflow/example_dags/example_latest_only_with_trigger.py
[2026-06-08T12:31:06.831+0000] {logging_mixin.py:188} INFO - [2026-06-08T12:31:06.831+0000] {dag.py:3096} INFO - Sync 1 DAGs
[2026-06-08T12:31:06.844+0000] {logging_mixin.py:188} INFO - [2026-06-08T12:31:06.844+0000] {dag.py:3954} INFO - Setting next_dagrun for latest_only_with_trigger to 2026-06-08 08:00:00+00:00, run_after=2026-06-08 12:00:00+00:00
[2026-06-08T12:31:06.856+0000] {processor.py:183} INFO - Processing /home/airflow/.local/lib/python3.12/site-packages/airflow/example_dags/example_latest_only_with_trigger.py took 0.051 seconds
[2026-06-08T12:31:37.228+0000] {processor.py:161} INFO - Started process (PID=1740) to work on /home/airflow/.local/lib/python3.12/site-packages/airflow/example_dags/example_latest_only_with_trigger.py
[2026-06-08T12:31:37.228+0000] {processor.py:830} INFO - Processing file /home/airflow/.local/lib/python3.12/site-packages/airflow/example_dags/example_latest_only_with_trigger.py for tasks to queue
[2026-06-08T12:31:37.230+0000] {logging_mixin.py:188} INFO - [2026-06-08T12:31:37.229+0000] {dagbag.py:545} INFO - Filling up the DagBag from /home/airflow/.local/lib/python3.12/site-packages/airflow/example_dags/example_latest_only_with_trigger.py
[2026-06-08T12:31:37.233+0000] {processor.py:840} INFO - DAG(s) 'latest_only_with_trigger' retrieved from /home/airflow/.local/lib/python3.12/site-packages/airflow/example_dags/example_latest_only_with_trigger.py
[2026-06-08T12:31:37.252+0000] {logging_mixin.py:188} INFO - [2026-06-08T12:31:37.252+0000] {dag.py:3096} INFO - Sync 1 DAGs
[2026-06-08T12:31:37.271+0000] {logging_mixin.py:188} INFO - [2026-06-08T12:31:37.271+0000] {dag.py:3954} INFO - Setting next_dagrun for latest_only_with_trigger to 2026-06-08 08:00:00+00:00, run_after=2026-06-08 12:00:00+00:00
[2026-06-08T12:31:37.285+0000] {processor.py:183} INFO - Processing /home/airflow/.local/lib/python3.12/site-packages/airflow/example_dags/example_latest_only_with_trigger.py took 0.061 seconds
[2026-06-08T12:32:07.641+0000] {processor.py:161} INFO - Started process (PID=1799) to work on /home/airflow/.local/lib/python3.12/site-packages/airflow/example_dags/example_latest_only_with_trigger.py
[2026-06-08T12:32:07.642+0000] {processor.py:830} INFO - Processing file /home/airflow/.local/lib/python3.12/site-packages/airflow/example_dags/example_latest_only_with_trigger.py for tasks to queue
[2026-06-08T12:32:07.645+0000] {logging_mixin.py:188} INFO - [2026-06-08T12:32:07.644+0000] {dagbag.py:545} INFO - Filling up the DagBag from /home/airflow/.local/lib/python3.12/site-packages/airflow/example_dags/example_latest_only_with_trigger.py
[2026-06-08T12:32:07.653+0000] {processor.py:840} INFO - DAG(s) 'latest_only_with_trigger' retrieved from /home/airflow/.local/lib/python3.12/site-packages/airflow/example_dags/example_latest_only_with_trigger.py
[2026-06-08T12:32:07.682+0000] {logging_mixin.py:188} INFO - [2026-06-08T12:32:07.682+0000] {dag.py:3096} INFO - Sync 1 DAGs
[2026-06-08T12:32:07.701+0000] {logging_mixin.py:188} INFO - [2026-06-08T12:32:07.701+0000] {dag.py:3954} INFO - Setting next_dagrun for latest_only_with_trigger to 2026-06-08 08:00:00+00:00, run_after=2026-06-08 12:00:00+00:00
[2026-06-08T12:32:07.870+0000] {processor.py:183} INFO - Processing /home/airflow/.local/lib/python3.12/site-packages/airflow/example_dags/example_latest_only_with_trigger.py took 0.239 seconds
[2026-06-08T12:32:38.493+0000] {processor.py:161} INFO - Started process (PID=1858) to work on /home/airflow/.local/lib/python3.12/site-packages/airflow/example_dags/example_latest_only_with_trigger.py
[2026-06-08T12:32:38.493+0000] {processor.py:830} INFO - Processing file /home/airflow/.local/lib/python3.12/site-packages/airflow/example_dags/example_latest_only_with_trigger.py for tasks to queue
[2026-06-08T12:32:38.495+0000] {logging_mixin.py:188} INFO - [2026-06-08T12:32:38.494+0000] {dagbag.py:545} INFO - Filling up the DagBag from /home/airflow/.local/lib/python3.12/site-packages/airflow/example_dags/example_latest_only_with_trigger.py
[2026-06-08T12:32:38.498+0000] {processor.py:840} INFO - DAG(s) 'latest_only_with_trigger' retrieved from /home/airflow/.local/lib/python3.12/site-packages/airflow/example_dags/example_latest_only_with_trigger.py
[2026-06-08T12:32:38.513+0000] {logging_mixin.py:188} INFO - [2026-06-08T12:32:38.513+0000] {dag.py:3096} INFO - Sync 1 DAGs
[2026-06-08T12:32:38.527+0000] {logging_mixin.py:188} INFO - [2026-06-08T12:32:38.527+0000] {dag.py:3954} INFO - Setting next_dagrun for latest_only_with_trigger to 2026-06-08 08:00:00+00:00, run_after=2026-06-08 12:00:00+00:00
[2026-06-08T12:32:38.539+0000] {processor.py:183} INFO - Processing /home/airflow/.local/lib/python3.12/site-packages/airflow/example_dags/example_latest_only_with_trigger.py took 0.052 seconds
[2026-06-08T12:33:09.496+0000] {processor.py:161} INFO - Started process (PID=1917) to work on /home/airflow/.local/lib/python3.12/site-packages/airflow/example_dags/example_latest_only_with_trigger.py
[2026-06-08T12:33:09.497+0000] {processor.py:830} INFO - Processing file /home/airflow/.local/lib/python3.12/site-packages/airflow/example_dags/example_latest_only_with_trigger.py for tasks to queue
[2026-06-08T12:33:09.498+0000] {logging_mixin.py:188} INFO - [2026-06-08T12:33:09.497+0000] {dagbag.py:545} INFO - Filling up the DagBag from /home/airflow/.local/lib/python3.12/site-packages/airflow/example_dags/example_latest_only_with_trigger.py
[2026-06-08T12:33:09.501+0000] {processor.py:840} INFO - DAG(s) 'latest_only_with_trigger' retrieved from /home/airflow/.local/lib/python3.12/site-packages/airflow/example_dags/example_latest_only_with_trigger.py
[2026-06-08T12:33:09.516+0000] {logging_mixin.py:188} INFO - [2026-06-08T12:33:09.516+0000] {dag.py:3096} INFO - Sync 1 DAGs
[2026-06-08T12:33:09.536+0000] {logging_mixin.py:188} INFO - [2026-06-08T12:33:09.536+0000] {dag.py:3954} INFO - Setting next_dagrun for latest_only_with_trigger to 2026-06-08 08:00:00+00:00, run_after=2026-06-08 12:00:00+00:00
[2026-06-08T12:33:09.553+0000] {processor.py:183} INFO - Processing /home/airflow/.local/lib/python3.12/site-packages/airflow/example_dags/example_latest_only_with_trigger.py took 0.060 seconds
[2026-06-08T12:33:40.686+0000] {processor.py:161} INFO - Started process (PID=1976) to work on /home/airflow/.local/lib/python3.12/site-packages/airflow/example_dags/example_latest_only_with_trigger.py
[2026-06-08T12:33:40.687+0000] {processor.py:830} INFO - Processing file /home/airflow/.local/lib/python3.12/site-packages/airflow/example_dags/example_latest_only_with_trigger.py for tasks to queue
[2026-06-08T12:33:40.688+0000] {logging_mixin.py:188} INFO - [2026-06-08T12:33:40.688+0000] {dagbag.py:545} INFO - Filling up the DagBag from /home/airflow/.local/lib/python3.12/site-packages/airflow/example_dags/example_latest_only_with_trigger.py
[2026-06-08T12:33:40.693+0000] {processor.py:840} INFO - DAG(s) 'latest_only_with_trigger' retrieved from /home/airflow/.local/lib/python3.12/site-packages/airflow/example_dags/example_latest_only_with_trigger.py
[2026-06-08T12:33:40.718+0000] {logging_mixin.py:188} INFO - [2026-06-08T12:33:40.718+0000] {dag.py:3096} INFO - Sync 1 DAGs
[2026-06-08T12:33:40.753+0000] {logging_mixin.py:188} INFO - [2026-06-08T12:33:40.752+0000] {dag.py:3954} INFO - Setting next_dagrun for latest_only_with_trigger to 2026-06-08 08:00:00+00:00, run_after=2026-06-08 12:00:00+00:00
[2026-06-08T12:33:40.774+0000] {processor.py:183} INFO - Processing /home/airflow/.local/lib/python3.12/site-packages/airflow/example_dags/example_latest_only_with_trigger.py took 0.096 seconds
[2026-06-08T12:34:11.606+0000] {processor.py:161} INFO - Started process (PID=2035) to work on /home/airflow/.local/lib/python3.12/site-packages/airflow/example_dags/example_latest_only_with_trigger.py
[2026-06-08T12:34:11.607+0000] {processor.py:830} INFO - Processing file /home/airflow/.local/lib/python3.12/site-packages/airflow/example_dags/example_latest_only_with_trigger.py for tasks to queue
[2026-06-08T12:34:11.608+0000] {logging_mixin.py:188} INFO - [2026-06-08T12:34:11.608+0000] {dagbag.py:545} INFO - Filling up the DagBag from /home/airflow/.local/lib/python3.12/site-packages/airflow/example_dags/example_latest_only_with_trigger.py
[2026-06-08T12:34:11.612+0000] {processor.py:840} INFO - DAG(s) 'latest_only_with_trigger' retrieved from /home/airflow/.local/lib/python3.12/site-packages/airflow/example_dags/example_latest_only_with_trigger.py
[2026-06-08T12:34:11.626+0000] {logging_mixin.py:188} INFO - [2026-06-08T12:34:11.626+0000] {dag.py:3096} INFO - Sync 1 DAGs
[2026-06-08T12:34:11.641+0000] {logging_mixin.py:188} INFO - [2026-06-08T12:34:11.641+0000] {dag.py:3954} INFO - Setting next_dagrun for latest_only_with_trigger to 2026-06-08 08:00:00+00:00, run_after=2026-06-08 12:00:00+00:00
[2026-06-08T12:34:11.653+0000] {processor.py:183} INFO - Processing /home/airflow/.local/lib/python3.12/site-packages/airflow/example_dags/example_latest_only_with_trigger.py took 0.051 seconds
[2026-06-08T12:34:42.633+0000] {processor.py:161} INFO - Started process (PID=2094) to work on /home/airflow/.local/lib/python3.12/site-packages/airflow/example_dags/example_latest_only_with_trigger.py
[2026-06-08T12:34:42.634+0000] {processor.py:830} INFO - Processing file /home/airflow/.local/lib/python3.12/site-packages/airflow/example_dags/example_latest_only_with_trigger.py for tasks to queue
[2026-06-08T12:34:42.635+0000] {logging_mixin.py:188} INFO - [2026-06-08T12:34:42.635+0000] {dagbag.py:545} INFO - Filling up the DagBag from /home/airflow/.local/lib/python3.12/site-packages/airflow/example_dags/example_latest_only_with_trigger.py
[2026-06-08T12:34:42.638+0000] {processor.py:840} INFO - DAG(s) 'latest_only_with_trigger' retrieved from /home/airflow/.local/lib/python3.12/site-packages/airflow/example_dags/example_latest_only_with_trigger.py
[2026-06-08T12:34:42.653+0000] {logging_mixin.py:188} INFO - [2026-06-08T12:34:42.653+0000] {dag.py:3096} INFO - Sync 1 DAGs
[2026-06-08T12:34:42.668+0000] {logging_mixin.py:188} INFO - [2026-06-08T12:34:42.668+0000] {dag.py:3954} INFO - Setting next_dagrun for latest_only_with_trigger to 2026-06-08 08:00:00+00:00, run_after=2026-06-08 12:00:00+00:00
[2026-06-08T12:34:42.684+0000] {processor.py:183} INFO - Processing /home/airflow/.local/lib/python3.12/site-packages/airflow/example_dags/example_latest_only_with_trigger.py took 0.055 seconds
[2026-06-08T12:35:12.825+0000] {processor.py:161} INFO - Started process (PID=2153) to work on /home/airflow/.local/lib/python3.12/site-packages/airflow/example_dags/example_latest_only_with_trigger.py
[2026-06-08T12:35:12.826+0000] {processor.py:830} INFO - Processing file /home/airflow/.local/lib/python3.12/site-packages/airflow/example_dags/example_latest_only_with_trigger.py for tasks to queue
[2026-06-08T12:35:12.827+0000] {logging_mixin.py:188} INFO - [2026-06-08T12:35:12.827+0000] {dagbag.py:545} INFO - Filling up the DagBag from /home/airflow/.local/lib/python3.12/site-packages/airflow/example_dags/example_latest_only_with_trigger.py
[2026-06-08T12:35:12.830+0000] {processor.py:840} INFO - DAG(s) 'latest_only_with_trigger' retrieved from /home/airflow/.local/lib/python3.12/site-packages/airflow/example_dags/example_latest_only_with_trigger.py
[2026-06-08T12:35:12.846+0000] {logging_mixin.py:188} INFO - [2026-06-08T12:35:12.845+0000] {dag.py:3096} INFO - Sync 1 DAGs
[2026-06-08T12:35:12.860+0000] {logging_mixin.py:188} INFO - [2026-06-08T12:35:12.859+0000] {dag.py:3954} INFO - Setting next_dagrun for latest_only_with_trigger to 2026-06-08 08:00:00+00:00, run_after=2026-06-08 12:00:00+00:00
[2026-06-08T12:35:12.875+0000] {processor.py:183} INFO - Processing /home/airflow/.local/lib/python3.12/site-packages/airflow/example_dags/example_latest_only_with_trigger.py took 0.055 seconds
[2026-06-08T12:35:43.340+0000] {processor.py:161} INFO - Started process (PID=2212) to work on /home/airflow/.local/lib/python3.12/site-packages/airflow/example_dags/example_latest_only_with_trigger.py
[2026-06-08T12:35:43.341+0000] {processor.py:830} INFO - Processing file /home/airflow/.local/lib/python3.12/site-packages/airflow/example_dags/example_latest_only_with_trigger.py for tasks to queue
[2026-06-08T12:35:43.343+0000] {logging_mixin.py:188} INFO - [2026-06-08T12:35:43.342+0000] {dagbag.py:545} INFO - Filling up the DagBag from /home/airflow/.local/lib/python3.12/site-packages/airflow/example_dags/example_latest_only_with_trigger.py
[2026-06-08T12:35:43.348+0000] {processor.py:840} INFO - DAG(s) 'latest_only_with_trigger' retrieved from /home/airflow/.local/lib/python3.12/site-packages/airflow/example_dags/example_latest_only_with_trigger.py
[2026-06-08T12:35:43.374+0000] {logging_mixin.py:188} INFO - [2026-06-08T12:35:43.373+0000] {dag.py:3096} INFO - Sync 1 DAGs
[2026-06-08T12:35:43.389+0000] {logging_mixin.py:188} INFO - [2026-06-08T12:35:43.389+0000] {dag.py:3954} INFO - Setting next_dagrun for latest_only_with_trigger to 2026-06-08 08:00:00+00:00, run_after=2026-06-08 12:00:00+00:00
[2026-06-08T12:35:43.404+0000] {processor.py:183} INFO - Processing /home/airflow/.local/lib/python3.12/site-packages/airflow/example_dags/example_latest_only_with_trigger.py took 0.069 seconds
[2026-06-08T12:36:13.876+0000] {processor.py:161} INFO - Started process (PID=2271) to work on /home/airflow/.local/lib/python3.12/site-packages/airflow/example_dags/example_latest_only_with_trigger.py
[2026-06-08T12:36:13.876+0000] {processor.py:830} INFO - Processing file /home/airflow/.local/lib/python3.12/site-packages/airflow/example_dags/example_latest_only_with_trigger.py for tasks to queue
[2026-06-08T12:36:13.877+0000] {logging_mixin.py:188} INFO - [2026-06-08T12:36:13.877+0000] {dagbag.py:545} INFO - Filling up the DagBag from /home/airflow/.local/lib/python3.12/site-packages/airflow/example_dags/example_latest_only_with_trigger.py
[2026-06-08T12:36:13.881+0000] {processor.py:840} INFO - DAG(s) 'latest_only_with_trigger' retrieved from /home/airflow/.local/lib/python3.12/site-packages/airflow/example_dags/example_latest_only_with_trigger.py
[2026-06-08T12:36:13.898+0000] {logging_mixin.py:188} INFO - [2026-06-08T12:36:13.898+0000] {dag.py:3096} INFO - Sync 1 DAGs
[2026-06-08T12:36:13.921+0000] {logging_mixin.py:188} INFO - [2026-06-08T12:36:13.921+0000] {dag.py:3954} INFO - Setting next_dagrun for latest_only_with_trigger to 2026-06-08 08:00:00+00:00, run_after=2026-06-08 12:00:00+00:00
[2026-06-08T12:36:13.939+0000] {processor.py:183} INFO - Processing /home/airflow/.local/lib/python3.12/site-packages/airflow/example_dags/example_latest_only_with_trigger.py took 0.067 seconds
[2026-06-08T12:36:44.527+0000] {processor.py:161} INFO - Started process (PID=2330) to work on /home/airflow/.local/lib/python3.12/site-packages/airflow/example_dags/example_latest_only_with_trigger.py
[2026-06-08T12:36:44.528+0000] {processor.py:830} INFO - Processing file /home/airflow/.local/lib/python3.12/site-packages/airflow/example_dags/example_latest_only_with_trigger.py for tasks to queue
[2026-06-08T12:36:44.530+0000] {logging_mixin.py:188} INFO - [2026-06-08T12:36:44.530+0000] {dagbag.py:545} INFO - Filling up the DagBag from /home/airflow/.local/lib/python3.12/site-packages/airflow/example_dags/example_latest_only_with_trigger.py
[2026-06-08T12:36:44.535+0000] {processor.py:840} INFO - DAG(s) 'latest_only_with_trigger' retrieved from /home/airflow/.local/lib/python3.12/site-packages/airflow/example_dags/example_latest_only_with_trigger.py
[2026-06-08T12:36:44.558+0000] {logging_mixin.py:188} INFO - [2026-06-08T12:36:44.557+0000] {dag.py:3096} INFO - Sync 1 DAGs
[2026-06-08T12:36:44.586+0000] {logging_mixin.py:188} INFO - [2026-06-08T12:36:44.586+0000] {dag.py:3954} INFO - Setting next_dagrun for latest_only_with_trigger to 2026-06-08 08:00:00+00:00, run_after=2026-06-08 12:00:00+00:00
[2026-06-08T12:36:44.602+0000] {processor.py:183} INFO - Processing /home/airflow/.local/lib/python3.12/site-packages/airflow/example_dags/example_latest_only_with_trigger.py took 0.084 seconds
[2026-06-08T12:37:14.753+0000] {processor.py:161} INFO - Started process (PID=2389) to work on /home/airflow/.local/lib/python3.12/site-packages/airflow/example_dags/example_latest_only_with_trigger.py
[2026-06-08T12:37:14.753+0000] {processor.py:830} INFO - Processing file /home/airflow/.local/lib/python3.12/site-packages/airflow/example_dags/example_latest_only_with_trigger.py for tasks to queue
[2026-06-08T12:37:14.754+0000] {logging_mixin.py:188} INFO - [2026-06-08T12:37:14.754+0000] {dagbag.py:545} INFO - Filling up the DagBag from /home/airflow/.local/lib/python3.12/site-packages/airflow/example_dags/example_latest_only_with_trigger.py
[2026-06-08T12:37:14.758+0000] {processor.py:840} INFO - DAG(s) 'latest_only_with_trigger' retrieved from /home/airflow/.local/lib/python3.12/site-packages/airflow/example_dags/example_latest_only_with_trigger.py
[2026-06-08T12:37:14.775+0000] {logging_mixin.py:188} INFO - [2026-06-08T12:37:14.775+0000] {dag.py:3096} INFO - Sync 1 DAGs
[2026-06-08T12:37:14.797+0000] {logging_mixin.py:188} INFO - [2026-06-08T12:37:14.796+0000] {dag.py:3954} INFO - Setting next_dagrun for latest_only_with_trigger to 2026-06-08 08:00:00+00:00, run_after=2026-06-08 12:00:00+00:00
[2026-06-08T12:37:14.816+0000] {processor.py:183} INFO - Processing /home/airflow/.local/lib/python3.12/site-packages/airflow/example_dags/example_latest_only_with_trigger.py took 0.067 seconds
[2026-06-08T12:37:45.102+0000] {processor.py:161} INFO - Started process (PID=2448) to work on /home/airflow/.local/lib/python3.12/site-packages/airflow/example_dags/example_latest_only_with_trigger.py
[2026-06-08T12:37:45.103+0000] {processor.py:830} INFO - Processing file /home/airflow/.local/lib/python3.12/site-packages/airflow/example_dags/example_latest_only_with_trigger.py for tasks to queue
[2026-06-08T12:37:45.104+0000] {logging_mixin.py:188} INFO - [2026-06-08T12:37:45.104+0000] {dagbag.py:545} INFO - Filling up the DagBag from /home/airflow/.local/lib/python3.12/site-packages/airflow/example_dags/example_latest_only_with_trigger.py
[2026-06-08T12:37:45.107+0000] {processor.py:840} INFO - DAG(s) 'latest_only_with_trigger' retrieved from /home/airflow/.local/lib/python3.12/site-packages/airflow/example_dags/example_latest_only_with_trigger.py
[2026-06-08T12:37:45.120+0000] {logging_mixin.py:188} INFO - [2026-06-08T12:37:45.120+0000] {dag.py:3096} INFO - Sync 1 DAGs
[2026-06-08T12:37:45.135+0000] {logging_mixin.py:188} INFO - [2026-06-08T12:37:45.135+0000] {dag.py:3954} INFO - Setting next_dagrun for latest_only_with_trigger to 2026-06-08 08:00:00+00:00, run_after=2026-06-08 12:00:00+00:00
[2026-06-08T12:37:45.151+0000] {processor.py:183} INFO - Processing /home/airflow/.local/lib/python3.12/site-packages/airflow/example_dags/example_latest_only_with_trigger.py took 0.052 seconds
