[2026-06-08T12:17:51.373+0000] {processor.py:161} INFO - Started process (PID=68) to work on /home/airflow/.local/lib/python3.12/site-packages/airflow/example_dags/example_params_trigger_ui.py
[2026-06-08T12:17:51.374+0000] {processor.py:830} INFO - Processing file /home/airflow/.local/lib/python3.12/site-packages/airflow/example_dags/example_params_trigger_ui.py for tasks to queue
[2026-06-08T12:17:51.376+0000] {logging_mixin.py:188} INFO - [2026-06-08T12:17:51.376+0000] {dagbag.py:545} INFO - Filling up the DagBag from /home/airflow/.local/lib/python3.12/site-packages/airflow/example_dags/example_params_trigger_ui.py
[2026-06-08T12:17:51.396+0000] {processor.py:840} INFO - DAG(s) 'example_params_trigger_ui' retrieved from /home/airflow/.local/lib/python3.12/site-packages/airflow/example_dags/example_params_trigger_ui.py
[2026-06-08T12:17:51.408+0000] {logging_mixin.py:188} INFO - [2026-06-08T12:17:51.407+0000] {dag.py:3096} INFO - Sync 1 DAGs
[2026-06-08T12:17:51.420+0000] {logging_mixin.py:188} INFO - [2026-06-08T12:17:51.420+0000] {dag.py:3954} INFO - Setting next_dagrun for example_params_trigger_ui to None, run_after=None
[2026-06-08T12:17:51.446+0000] {processor.py:183} INFO - Processing /home/airflow/.local/lib/python3.12/site-packages/airflow/example_dags/example_params_trigger_ui.py took 0.080 seconds
[2026-06-08T12:18:22.522+0000] {processor.py:161} INFO - Started process (PID=132) to work on /home/airflow/.local/lib/python3.12/site-packages/airflow/example_dags/example_params_trigger_ui.py
[2026-06-08T12:18:22.523+0000] {processor.py:830} INFO - Processing file /home/airflow/.local/lib/python3.12/site-packages/airflow/example_dags/example_params_trigger_ui.py for tasks to queue
[2026-06-08T12:18:22.525+0000] {logging_mixin.py:188} INFO - [2026-06-08T12:18:22.525+0000] {dagbag.py:545} INFO - Filling up the DagBag from /home/airflow/.local/lib/python3.12/site-packages/airflow/example_dags/example_params_trigger_ui.py
[2026-06-08T12:18:22.539+0000] {processor.py:840} INFO - DAG(s) 'example_params_trigger_ui' retrieved from /home/airflow/.local/lib/python3.12/site-packages/airflow/example_dags/example_params_trigger_ui.py
[2026-06-08T12:18:22.639+0000] {logging_mixin.py:188} INFO - [2026-06-08T12:18:22.638+0000] {dag.py:3096} INFO - Sync 1 DAGs
[2026-06-08T12:18:22.648+0000] {logging_mixin.py:188} INFO - [2026-06-08T12:18:22.647+0000] {dag.py:3954} INFO - Setting next_dagrun for example_params_trigger_ui to None, run_after=None
[2026-06-08T12:18:22.667+0000] {processor.py:183} INFO - Processing /home/airflow/.local/lib/python3.12/site-packages/airflow/example_dags/example_params_trigger_ui.py took 0.150 seconds
[2026-06-08T12:18:52.797+0000] {processor.py:161} INFO - Started process (PID=190) to work on /home/airflow/.local/lib/python3.12/site-packages/airflow/example_dags/example_params_trigger_ui.py
[2026-06-08T12:18:52.797+0000] {processor.py:830} INFO - Processing file /home/airflow/.local/lib/python3.12/site-packages/airflow/example_dags/example_params_trigger_ui.py for tasks to queue
[2026-06-08T12:18:52.799+0000] {logging_mixin.py:188} INFO - [2026-06-08T12:18:52.799+0000] {dagbag.py:545} INFO - Filling up the DagBag from /home/airflow/.local/lib/python3.12/site-packages/airflow/example_dags/example_params_trigger_ui.py
[2026-06-08T12:18:52.813+0000] {processor.py:840} INFO - DAG(s) 'example_params_trigger_ui' retrieved from /home/airflow/.local/lib/python3.12/site-packages/airflow/example_dags/example_params_trigger_ui.py
[2026-06-08T12:18:52.853+0000] {logging_mixin.py:188} INFO - [2026-06-08T12:18:52.853+0000] {dag.py:3096} INFO - Sync 1 DAGs
[2026-06-08T12:18:52.866+0000] {logging_mixin.py:188} INFO - [2026-06-08T12:18:52.865+0000] {dag.py:3954} INFO - Setting next_dagrun for example_params_trigger_ui to None, run_after=None
[2026-06-08T12:18:52.883+0000] {processor.py:183} INFO - Processing /home/airflow/.local/lib/python3.12/site-packages/airflow/example_dags/example_params_trigger_ui.py took 0.092 seconds
[2026-06-08T12:19:23.099+0000] {processor.py:161} INFO - Started process (PID=248) to work on /home/airflow/.local/lib/python3.12/site-packages/airflow/example_dags/example_params_trigger_ui.py
[2026-06-08T12:19:23.100+0000] {processor.py:830} INFO - Processing file /home/airflow/.local/lib/python3.12/site-packages/airflow/example_dags/example_params_trigger_ui.py for tasks to queue
[2026-06-08T12:19:23.102+0000] {logging_mixin.py:188} INFO - [2026-06-08T12:19:23.102+0000] {dagbag.py:545} INFO - Filling up the DagBag from /home/airflow/.local/lib/python3.12/site-packages/airflow/example_dags/example_params_trigger_ui.py
[2026-06-08T12:19:23.112+0000] {processor.py:840} INFO - DAG(s) 'example_params_trigger_ui' retrieved from /home/airflow/.local/lib/python3.12/site-packages/airflow/example_dags/example_params_trigger_ui.py
[2026-06-08T12:19:23.139+0000] {logging_mixin.py:188} INFO - [2026-06-08T12:19:23.139+0000] {dag.py:3096} INFO - Sync 1 DAGs
[2026-06-08T12:19:23.148+0000] {logging_mixin.py:188} INFO - [2026-06-08T12:19:23.148+0000] {dag.py:3954} INFO - Setting next_dagrun for example_params_trigger_ui to None, run_after=None
[2026-06-08T12:19:23.161+0000] {processor.py:183} INFO - Processing /home/airflow/.local/lib/python3.12/site-packages/airflow/example_dags/example_params_trigger_ui.py took 0.068 seconds
[2026-06-08T12:19:53.627+0000] {processor.py:161} INFO - Started process (PID=306) to work on /home/airflow/.local/lib/python3.12/site-packages/airflow/example_dags/example_params_trigger_ui.py
[2026-06-08T12:19:53.628+0000] {processor.py:830} INFO - Processing file /home/airflow/.local/lib/python3.12/site-packages/airflow/example_dags/example_params_trigger_ui.py for tasks to queue
[2026-06-08T12:19:53.629+0000] {logging_mixin.py:188} INFO - [2026-06-08T12:19:53.629+0000] {dagbag.py:545} INFO - Filling up the DagBag from /home/airflow/.local/lib/python3.12/site-packages/airflow/example_dags/example_params_trigger_ui.py
[2026-06-08T12:19:53.637+0000] {processor.py:840} INFO - DAG(s) 'example_params_trigger_ui' retrieved from /home/airflow/.local/lib/python3.12/site-packages/airflow/example_dags/example_params_trigger_ui.py
[2026-06-08T12:19:53.672+0000] {logging_mixin.py:188} INFO - [2026-06-08T12:19:53.672+0000] {dag.py:3096} INFO - Sync 1 DAGs
[2026-06-08T12:19:53.682+0000] {logging_mixin.py:188} INFO - [2026-06-08T12:19:53.682+0000] {dag.py:3954} INFO - Setting next_dagrun for example_params_trigger_ui to None, run_after=None
[2026-06-08T12:19:53.696+0000] {processor.py:183} INFO - Processing /home/airflow/.local/lib/python3.12/site-packages/airflow/example_dags/example_params_trigger_ui.py took 0.072 seconds
[2026-06-08T12:20:24.152+0000] {processor.py:161} INFO - Started process (PID=364) to work on /home/airflow/.local/lib/python3.12/site-packages/airflow/example_dags/example_params_trigger_ui.py
[2026-06-08T12:20:24.153+0000] {processor.py:830} INFO - Processing file /home/airflow/.local/lib/python3.12/site-packages/airflow/example_dags/example_params_trigger_ui.py for tasks to queue
[2026-06-08T12:20:24.155+0000] {logging_mixin.py:188} INFO - [2026-06-08T12:20:24.154+0000] {dagbag.py:545} INFO - Filling up the DagBag from /home/airflow/.local/lib/python3.12/site-packages/airflow/example_dags/example_params_trigger_ui.py
[2026-06-08T12:20:24.165+0000] {processor.py:840} INFO - DAG(s) 'example_params_trigger_ui' retrieved from /home/airflow/.local/lib/python3.12/site-packages/airflow/example_dags/example_params_trigger_ui.py
[2026-06-08T12:20:24.195+0000] {logging_mixin.py:188} INFO - [2026-06-08T12:20:24.195+0000] {dag.py:3096} INFO - Sync 1 DAGs
[2026-06-08T12:20:24.203+0000] {logging_mixin.py:188} INFO - [2026-06-08T12:20:24.203+0000] {dag.py:3954} INFO - Setting next_dagrun for example_params_trigger_ui to None, run_after=None
[2026-06-08T12:20:24.217+0000] {processor.py:183} INFO - Processing /home/airflow/.local/lib/python3.12/site-packages/airflow/example_dags/example_params_trigger_ui.py took 0.069 seconds
[2026-06-08T12:20:54.699+0000] {processor.py:161} INFO - Started process (PID=422) to work on /home/airflow/.local/lib/python3.12/site-packages/airflow/example_dags/example_params_trigger_ui.py
[2026-06-08T12:20:54.700+0000] {processor.py:830} INFO - Processing file /home/airflow/.local/lib/python3.12/site-packages/airflow/example_dags/example_params_trigger_ui.py for tasks to queue
[2026-06-08T12:20:54.703+0000] {logging_mixin.py:188} INFO - [2026-06-08T12:20:54.702+0000] {dagbag.py:545} INFO - Filling up the DagBag from /home/airflow/.local/lib/python3.12/site-packages/airflow/example_dags/example_params_trigger_ui.py
[2026-06-08T12:20:54.715+0000] {processor.py:840} INFO - DAG(s) 'example_params_trigger_ui' retrieved from /home/airflow/.local/lib/python3.12/site-packages/airflow/example_dags/example_params_trigger_ui.py
[2026-06-08T12:20:54.746+0000] {logging_mixin.py:188} INFO - [2026-06-08T12:20:54.746+0000] {dag.py:3096} INFO - Sync 1 DAGs
[2026-06-08T12:20:54.757+0000] {logging_mixin.py:188} INFO - [2026-06-08T12:20:54.757+0000] {dag.py:3954} INFO - Setting next_dagrun for example_params_trigger_ui to None, run_after=None
[2026-06-08T12:20:54.777+0000] {processor.py:183} INFO - Processing /home/airflow/.local/lib/python3.12/site-packages/airflow/example_dags/example_params_trigger_ui.py took 0.087 seconds
[2026-06-08T12:21:24.828+0000] {processor.py:161} INFO - Started process (PID=480) to work on /home/airflow/.local/lib/python3.12/site-packages/airflow/example_dags/example_params_trigger_ui.py
[2026-06-08T12:21:24.829+0000] {processor.py:830} INFO - Processing file /home/airflow/.local/lib/python3.12/site-packages/airflow/example_dags/example_params_trigger_ui.py for tasks to queue
[2026-06-08T12:21:24.831+0000] {logging_mixin.py:188} INFO - [2026-06-08T12:21:24.830+0000] {dagbag.py:545} INFO - Filling up the DagBag from /home/airflow/.local/lib/python3.12/site-packages/airflow/example_dags/example_params_trigger_ui.py
[2026-06-08T12:21:24.842+0000] {processor.py:840} INFO - DAG(s) 'example_params_trigger_ui' retrieved from /home/airflow/.local/lib/python3.12/site-packages/airflow/example_dags/example_params_trigger_ui.py
[2026-06-08T12:21:24.869+0000] {logging_mixin.py:188} INFO - [2026-06-08T12:21:24.869+0000] {dag.py:3096} INFO - Sync 1 DAGs
[2026-06-08T12:21:24.877+0000] {logging_mixin.py:188} INFO - [2026-06-08T12:21:24.877+0000] {dag.py:3954} INFO - Setting next_dagrun for example_params_trigger_ui to None, run_after=None
[2026-06-08T12:21:24.893+0000] {processor.py:183} INFO - Processing /home/airflow/.local/lib/python3.12/site-packages/airflow/example_dags/example_params_trigger_ui.py took 0.073 seconds
[2026-06-08T12:21:55.485+0000] {processor.py:161} INFO - Started process (PID=560) to work on /home/airflow/.local/lib/python3.12/site-packages/airflow/example_dags/example_params_trigger_ui.py
[2026-06-08T12:21:55.486+0000] {processor.py:830} INFO - Processing file /home/airflow/.local/lib/python3.12/site-packages/airflow/example_dags/example_params_trigger_ui.py for tasks to queue
[2026-06-08T12:21:55.488+0000] {logging_mixin.py:188} INFO - [2026-06-08T12:21:55.488+0000] {dagbag.py:545} INFO - Filling up the DagBag from /home/airflow/.local/lib/python3.12/site-packages/airflow/example_dags/example_params_trigger_ui.py
[2026-06-08T12:21:55.499+0000] {processor.py:840} INFO - DAG(s) 'example_params_trigger_ui' retrieved from /home/airflow/.local/lib/python3.12/site-packages/airflow/example_dags/example_params_trigger_ui.py
[2026-06-08T12:21:55.532+0000] {logging_mixin.py:188} INFO - [2026-06-08T12:21:55.532+0000] {dag.py:3096} INFO - Sync 1 DAGs
[2026-06-08T12:21:55.541+0000] {logging_mixin.py:188} INFO - [2026-06-08T12:21:55.541+0000] {dag.py:3954} INFO - Setting next_dagrun for example_params_trigger_ui to None, run_after=None
[2026-06-08T12:21:55.555+0000] {processor.py:183} INFO - Processing /home/airflow/.local/lib/python3.12/site-packages/airflow/example_dags/example_params_trigger_ui.py took 0.076 seconds
[2026-06-08T12:22:26.578+0000] {processor.py:161} INFO - Started process (PID=618) to work on /home/airflow/.local/lib/python3.12/site-packages/airflow/example_dags/example_params_trigger_ui.py
[2026-06-08T12:22:26.579+0000] {processor.py:830} INFO - Processing file /home/airflow/.local/lib/python3.12/site-packages/airflow/example_dags/example_params_trigger_ui.py for tasks to queue
[2026-06-08T12:22:26.581+0000] {logging_mixin.py:188} INFO - [2026-06-08T12:22:26.581+0000] {dagbag.py:545} INFO - Filling up the DagBag from /home/airflow/.local/lib/python3.12/site-packages/airflow/example_dags/example_params_trigger_ui.py
[2026-06-08T12:22:26.591+0000] {processor.py:840} INFO - DAG(s) 'example_params_trigger_ui' retrieved from /home/airflow/.local/lib/python3.12/site-packages/airflow/example_dags/example_params_trigger_ui.py
[2026-06-08T12:22:26.647+0000] {logging_mixin.py:188} INFO - [2026-06-08T12:22:26.647+0000] {dag.py:3096} INFO - Sync 1 DAGs
[2026-06-08T12:22:26.662+0000] {logging_mixin.py:188} INFO - [2026-06-08T12:22:26.662+0000] {dag.py:3954} INFO - Setting next_dagrun for example_params_trigger_ui to None, run_after=None
[2026-06-08T12:22:26.704+0000] {processor.py:183} INFO - Processing /home/airflow/.local/lib/python3.12/site-packages/airflow/example_dags/example_params_trigger_ui.py took 0.132 seconds
[2026-06-08T12:22:57.310+0000] {processor.py:161} INFO - Started process (PID=699) to work on /home/airflow/.local/lib/python3.12/site-packages/airflow/example_dags/example_params_trigger_ui.py
[2026-06-08T12:22:57.311+0000] {processor.py:830} INFO - Processing file /home/airflow/.local/lib/python3.12/site-packages/airflow/example_dags/example_params_trigger_ui.py for tasks to queue
[2026-06-08T12:22:57.313+0000] {logging_mixin.py:188} INFO - [2026-06-08T12:22:57.313+0000] {dagbag.py:545} INFO - Filling up the DagBag from /home/airflow/.local/lib/python3.12/site-packages/airflow/example_dags/example_params_trigger_ui.py
[2026-06-08T12:22:57.329+0000] {processor.py:840} INFO - DAG(s) 'example_params_trigger_ui' retrieved from /home/airflow/.local/lib/python3.12/site-packages/airflow/example_dags/example_params_trigger_ui.py
[2026-06-08T12:22:57.345+0000] {logging_mixin.py:188} INFO - [2026-06-08T12:22:57.345+0000] {dag.py:3096} INFO - Sync 1 DAGs
[2026-06-08T12:22:57.358+0000] {logging_mixin.py:188} INFO - [2026-06-08T12:22:57.358+0000] {dag.py:3954} INFO - Setting next_dagrun for example_params_trigger_ui to None, run_after=None
[2026-06-08T12:22:57.378+0000] {processor.py:183} INFO - Processing /home/airflow/.local/lib/python3.12/site-packages/airflow/example_dags/example_params_trigger_ui.py took 0.075 seconds
[2026-06-08T12:23:28.334+0000] {processor.py:161} INFO - Started process (PID=779) to work on /home/airflow/.local/lib/python3.12/site-packages/airflow/example_dags/example_params_trigger_ui.py
[2026-06-08T12:23:28.335+0000] {processor.py:830} INFO - Processing file /home/airflow/.local/lib/python3.12/site-packages/airflow/example_dags/example_params_trigger_ui.py for tasks to queue
[2026-06-08T12:23:28.336+0000] {logging_mixin.py:188} INFO - [2026-06-08T12:23:28.336+0000] {dagbag.py:545} INFO - Filling up the DagBag from /home/airflow/.local/lib/python3.12/site-packages/airflow/example_dags/example_params_trigger_ui.py
[2026-06-08T12:23:28.350+0000] {processor.py:840} INFO - DAG(s) 'example_params_trigger_ui' retrieved from /home/airflow/.local/lib/python3.12/site-packages/airflow/example_dags/example_params_trigger_ui.py
[2026-06-08T12:23:28.439+0000] {logging_mixin.py:188} INFO - [2026-06-08T12:23:28.438+0000] {dag.py:3096} INFO - Sync 1 DAGs
[2026-06-08T12:23:28.445+0000] {logging_mixin.py:188} INFO - [2026-06-08T12:23:28.445+0000] {dag.py:3954} INFO - Setting next_dagrun for example_params_trigger_ui to None, run_after=None
[2026-06-08T12:23:28.457+0000] {processor.py:183} INFO - Processing /home/airflow/.local/lib/python3.12/site-packages/airflow/example_dags/example_params_trigger_ui.py took 0.129 seconds
[2026-06-08T12:23:58.842+0000] {processor.py:161} INFO - Started process (PID=838) to work on /home/airflow/.local/lib/python3.12/site-packages/airflow/example_dags/example_params_trigger_ui.py
[2026-06-08T12:23:58.843+0000] {processor.py:830} INFO - Processing file /home/airflow/.local/lib/python3.12/site-packages/airflow/example_dags/example_params_trigger_ui.py for tasks to queue
[2026-06-08T12:23:58.844+0000] {logging_mixin.py:188} INFO - [2026-06-08T12:23:58.844+0000] {dagbag.py:545} INFO - Filling up the DagBag from /home/airflow/.local/lib/python3.12/site-packages/airflow/example_dags/example_params_trigger_ui.py
[2026-06-08T12:23:58.853+0000] {processor.py:840} INFO - DAG(s) 'example_params_trigger_ui' retrieved from /home/airflow/.local/lib/python3.12/site-packages/airflow/example_dags/example_params_trigger_ui.py
[2026-06-08T12:23:58.882+0000] {logging_mixin.py:188} INFO - [2026-06-08T12:23:58.882+0000] {dag.py:3096} INFO - Sync 1 DAGs
[2026-06-08T12:23:58.891+0000] {logging_mixin.py:188} INFO - [2026-06-08T12:23:58.891+0000] {dag.py:3954} INFO - Setting next_dagrun for example_params_trigger_ui to None, run_after=None
[2026-06-08T12:23:58.906+0000] {processor.py:183} INFO - Processing /home/airflow/.local/lib/python3.12/site-packages/airflow/example_dags/example_params_trigger_ui.py took 0.068 seconds
[2026-06-08T12:24:29.556+0000] {processor.py:161} INFO - Started process (PID=897) to work on /home/airflow/.local/lib/python3.12/site-packages/airflow/example_dags/example_params_trigger_ui.py
[2026-06-08T12:24:29.556+0000] {processor.py:830} INFO - Processing file /home/airflow/.local/lib/python3.12/site-packages/airflow/example_dags/example_params_trigger_ui.py for tasks to queue
[2026-06-08T12:24:29.557+0000] {logging_mixin.py:188} INFO - [2026-06-08T12:24:29.557+0000] {dagbag.py:545} INFO - Filling up the DagBag from /home/airflow/.local/lib/python3.12/site-packages/airflow/example_dags/example_params_trigger_ui.py
[2026-06-08T12:24:29.566+0000] {processor.py:840} INFO - DAG(s) 'example_params_trigger_ui' retrieved from /home/airflow/.local/lib/python3.12/site-packages/airflow/example_dags/example_params_trigger_ui.py
[2026-06-08T12:24:29.603+0000] {logging_mixin.py:188} INFO - [2026-06-08T12:24:29.603+0000] {dag.py:3096} INFO - Sync 1 DAGs
[2026-06-08T12:24:29.617+0000] {logging_mixin.py:188} INFO - [2026-06-08T12:24:29.617+0000] {dag.py:3954} INFO - Setting next_dagrun for example_params_trigger_ui to None, run_after=None
[2026-06-08T12:24:29.633+0000] {processor.py:183} INFO - Processing /home/airflow/.local/lib/python3.12/site-packages/airflow/example_dags/example_params_trigger_ui.py took 0.083 seconds
[2026-06-08T12:25:00.068+0000] {processor.py:161} INFO - Started process (PID=956) to work on /home/airflow/.local/lib/python3.12/site-packages/airflow/example_dags/example_params_trigger_ui.py
[2026-06-08T12:25:00.069+0000] {processor.py:830} INFO - Processing file /home/airflow/.local/lib/python3.12/site-packages/airflow/example_dags/example_params_trigger_ui.py for tasks to queue
[2026-06-08T12:25:00.071+0000] {logging_mixin.py:188} INFO - [2026-06-08T12:25:00.070+0000] {dagbag.py:545} INFO - Filling up the DagBag from /home/airflow/.local/lib/python3.12/site-packages/airflow/example_dags/example_params_trigger_ui.py
[2026-06-08T12:25:00.081+0000] {processor.py:840} INFO - DAG(s) 'example_params_trigger_ui' retrieved from /home/airflow/.local/lib/python3.12/site-packages/airflow/example_dags/example_params_trigger_ui.py
[2026-06-08T12:25:00.122+0000] {logging_mixin.py:188} INFO - [2026-06-08T12:25:00.121+0000] {dag.py:3096} INFO - Sync 1 DAGs
[2026-06-08T12:25:00.130+0000] {logging_mixin.py:188} INFO - [2026-06-08T12:25:00.130+0000] {dag.py:3954} INFO - Setting next_dagrun for example_params_trigger_ui to None, run_after=None
[2026-06-08T12:25:00.148+0000] {processor.py:183} INFO - Processing /home/airflow/.local/lib/python3.12/site-packages/airflow/example_dags/example_params_trigger_ui.py took 0.087 seconds
[2026-06-08T12:25:30.579+0000] {processor.py:161} INFO - Started process (PID=1016) to work on /home/airflow/.local/lib/python3.12/site-packages/airflow/example_dags/example_params_trigger_ui.py
[2026-06-08T12:25:30.580+0000] {processor.py:830} INFO - Processing file /home/airflow/.local/lib/python3.12/site-packages/airflow/example_dags/example_params_trigger_ui.py for tasks to queue
[2026-06-08T12:25:30.582+0000] {logging_mixin.py:188} INFO - [2026-06-08T12:25:30.582+0000] {dagbag.py:545} INFO - Filling up the DagBag from /home/airflow/.local/lib/python3.12/site-packages/airflow/example_dags/example_params_trigger_ui.py
[2026-06-08T12:25:30.593+0000] {processor.py:840} INFO - DAG(s) 'example_params_trigger_ui' retrieved from /home/airflow/.local/lib/python3.12/site-packages/airflow/example_dags/example_params_trigger_ui.py
[2026-06-08T12:25:30.629+0000] {logging_mixin.py:188} INFO - [2026-06-08T12:25:30.629+0000] {dag.py:3096} INFO - Sync 1 DAGs
[2026-06-08T12:25:30.638+0000] {logging_mixin.py:188} INFO - [2026-06-08T12:25:30.637+0000] {dag.py:3954} INFO - Setting next_dagrun for example_params_trigger_ui to None, run_after=None
[2026-06-08T12:25:30.653+0000] {processor.py:183} INFO - Processing /home/airflow/.local/lib/python3.12/site-packages/airflow/example_dags/example_params_trigger_ui.py took 0.083 seconds
[2026-06-08T12:26:01.029+0000] {processor.py:161} INFO - Started process (PID=1075) to work on /home/airflow/.local/lib/python3.12/site-packages/airflow/example_dags/example_params_trigger_ui.py
[2026-06-08T12:26:01.029+0000] {processor.py:830} INFO - Processing file /home/airflow/.local/lib/python3.12/site-packages/airflow/example_dags/example_params_trigger_ui.py for tasks to queue
[2026-06-08T12:26:01.031+0000] {logging_mixin.py:188} INFO - [2026-06-08T12:26:01.030+0000] {dagbag.py:545} INFO - Filling up the DagBag from /home/airflow/.local/lib/python3.12/site-packages/airflow/example_dags/example_params_trigger_ui.py
[2026-06-08T12:26:01.039+0000] {processor.py:840} INFO - DAG(s) 'example_params_trigger_ui' retrieved from /home/airflow/.local/lib/python3.12/site-packages/airflow/example_dags/example_params_trigger_ui.py
[2026-06-08T12:26:01.076+0000] {logging_mixin.py:188} INFO - [2026-06-08T12:26:01.076+0000] {dag.py:3096} INFO - Sync 1 DAGs
[2026-06-08T12:26:01.084+0000] {logging_mixin.py:188} INFO - [2026-06-08T12:26:01.084+0000] {dag.py:3954} INFO - Setting next_dagrun for example_params_trigger_ui to None, run_after=None
[2026-06-08T12:26:01.100+0000] {processor.py:183} INFO - Processing /home/airflow/.local/lib/python3.12/site-packages/airflow/example_dags/example_params_trigger_ui.py took 0.075 seconds
[2026-06-08T12:26:31.346+0000] {processor.py:161} INFO - Started process (PID=1134) to work on /home/airflow/.local/lib/python3.12/site-packages/airflow/example_dags/example_params_trigger_ui.py
[2026-06-08T12:26:31.347+0000] {processor.py:830} INFO - Processing file /home/airflow/.local/lib/python3.12/site-packages/airflow/example_dags/example_params_trigger_ui.py for tasks to queue
[2026-06-08T12:26:31.349+0000] {logging_mixin.py:188} INFO - [2026-06-08T12:26:31.348+0000] {dagbag.py:545} INFO - Filling up the DagBag from /home/airflow/.local/lib/python3.12/site-packages/airflow/example_dags/example_params_trigger_ui.py
[2026-06-08T12:26:31.367+0000] {processor.py:840} INFO - DAG(s) 'example_params_trigger_ui' retrieved from /home/airflow/.local/lib/python3.12/site-packages/airflow/example_dags/example_params_trigger_ui.py
[2026-06-08T12:26:31.424+0000] {logging_mixin.py:188} INFO - [2026-06-08T12:26:31.423+0000] {dag.py:3096} INFO - Sync 1 DAGs
[2026-06-08T12:26:31.434+0000] {logging_mixin.py:188} INFO - [2026-06-08T12:26:31.434+0000] {dag.py:3954} INFO - Setting next_dagrun for example_params_trigger_ui to None, run_after=None
[2026-06-08T12:26:31.458+0000] {processor.py:183} INFO - Processing /home/airflow/.local/lib/python3.12/site-packages/airflow/example_dags/example_params_trigger_ui.py took 0.120 seconds
[2026-06-08T12:27:01.920+0000] {processor.py:161} INFO - Started process (PID=1193) to work on /home/airflow/.local/lib/python3.12/site-packages/airflow/example_dags/example_params_trigger_ui.py
[2026-06-08T12:27:01.921+0000] {processor.py:830} INFO - Processing file /home/airflow/.local/lib/python3.12/site-packages/airflow/example_dags/example_params_trigger_ui.py for tasks to queue
[2026-06-08T12:27:01.923+0000] {logging_mixin.py:188} INFO - [2026-06-08T12:27:01.923+0000] {dagbag.py:545} INFO - Filling up the DagBag from /home/airflow/.local/lib/python3.12/site-packages/airflow/example_dags/example_params_trigger_ui.py
[2026-06-08T12:27:01.932+0000] {processor.py:840} INFO - DAG(s) 'example_params_trigger_ui' retrieved from /home/airflow/.local/lib/python3.12/site-packages/airflow/example_dags/example_params_trigger_ui.py
[2026-06-08T12:27:01.977+0000] {logging_mixin.py:188} INFO - [2026-06-08T12:27:01.977+0000] {dag.py:3096} INFO - Sync 1 DAGs
[2026-06-08T12:27:01.986+0000] {logging_mixin.py:188} INFO - [2026-06-08T12:27:01.986+0000] {dag.py:3954} INFO - Setting next_dagrun for example_params_trigger_ui to None, run_after=None
[2026-06-08T12:27:01.999+0000] {processor.py:183} INFO - Processing /home/airflow/.local/lib/python3.12/site-packages/airflow/example_dags/example_params_trigger_ui.py took 0.086 seconds
[2026-06-08T12:27:32.425+0000] {processor.py:161} INFO - Started process (PID=1252) to work on /home/airflow/.local/lib/python3.12/site-packages/airflow/example_dags/example_params_trigger_ui.py
[2026-06-08T12:27:32.425+0000] {processor.py:830} INFO - Processing file /home/airflow/.local/lib/python3.12/site-packages/airflow/example_dags/example_params_trigger_ui.py for tasks to queue
[2026-06-08T12:27:32.426+0000] {logging_mixin.py:188} INFO - [2026-06-08T12:27:32.426+0000] {dagbag.py:545} INFO - Filling up the DagBag from /home/airflow/.local/lib/python3.12/site-packages/airflow/example_dags/example_params_trigger_ui.py
[2026-06-08T12:27:32.435+0000] {processor.py:840} INFO - DAG(s) 'example_params_trigger_ui' retrieved from /home/airflow/.local/lib/python3.12/site-packages/airflow/example_dags/example_params_trigger_ui.py
[2026-06-08T12:27:32.467+0000] {logging_mixin.py:188} INFO - [2026-06-08T12:27:32.466+0000] {dag.py:3096} INFO - Sync 1 DAGs
[2026-06-08T12:27:32.475+0000] {logging_mixin.py:188} INFO - [2026-06-08T12:27:32.475+0000] {dag.py:3954} INFO - Setting next_dagrun for example_params_trigger_ui to None, run_after=None
[2026-06-08T12:27:32.488+0000] {processor.py:183} INFO - Processing /home/airflow/.local/lib/python3.12/site-packages/airflow/example_dags/example_params_trigger_ui.py took 0.066 seconds
[2026-06-08T12:28:02.974+0000] {processor.py:161} INFO - Started process (PID=1311) to work on /home/airflow/.local/lib/python3.12/site-packages/airflow/example_dags/example_params_trigger_ui.py
[2026-06-08T12:28:02.975+0000] {processor.py:830} INFO - Processing file /home/airflow/.local/lib/python3.12/site-packages/airflow/example_dags/example_params_trigger_ui.py for tasks to queue
[2026-06-08T12:28:02.977+0000] {logging_mixin.py:188} INFO - [2026-06-08T12:28:02.977+0000] {dagbag.py:545} INFO - Filling up the DagBag from /home/airflow/.local/lib/python3.12/site-packages/airflow/example_dags/example_params_trigger_ui.py
[2026-06-08T12:28:02.993+0000] {processor.py:840} INFO - DAG(s) 'example_params_trigger_ui' retrieved from /home/airflow/.local/lib/python3.12/site-packages/airflow/example_dags/example_params_trigger_ui.py
[2026-06-08T12:28:03.049+0000] {logging_mixin.py:188} INFO - [2026-06-08T12:28:03.048+0000] {dag.py:3096} INFO - Sync 1 DAGs
[2026-06-08T12:28:03.056+0000] {logging_mixin.py:188} INFO - [2026-06-08T12:28:03.056+0000] {dag.py:3954} INFO - Setting next_dagrun for example_params_trigger_ui to None, run_after=None
[2026-06-08T12:28:03.071+0000] {processor.py:183} INFO - Processing /home/airflow/.local/lib/python3.12/site-packages/airflow/example_dags/example_params_trigger_ui.py took 0.103 seconds
[2026-06-08T12:28:33.534+0000] {processor.py:161} INFO - Started process (PID=1371) to work on /home/airflow/.local/lib/python3.12/site-packages/airflow/example_dags/example_params_trigger_ui.py
[2026-06-08T12:28:33.534+0000] {processor.py:830} INFO - Processing file /home/airflow/.local/lib/python3.12/site-packages/airflow/example_dags/example_params_trigger_ui.py for tasks to queue
[2026-06-08T12:28:33.535+0000] {logging_mixin.py:188} INFO - [2026-06-08T12:28:33.535+0000] {dagbag.py:545} INFO - Filling up the DagBag from /home/airflow/.local/lib/python3.12/site-packages/airflow/example_dags/example_params_trigger_ui.py
[2026-06-08T12:28:33.544+0000] {processor.py:840} INFO - DAG(s) 'example_params_trigger_ui' retrieved from /home/airflow/.local/lib/python3.12/site-packages/airflow/example_dags/example_params_trigger_ui.py
[2026-06-08T12:28:33.575+0000] {logging_mixin.py:188} INFO - [2026-06-08T12:28:33.575+0000] {dag.py:3096} INFO - Sync 1 DAGs
[2026-06-08T12:28:33.589+0000] {logging_mixin.py:188} INFO - [2026-06-08T12:28:33.589+0000] {dag.py:3954} INFO - Setting next_dagrun for example_params_trigger_ui to None, run_after=None
[2026-06-08T12:28:33.605+0000] {processor.py:183} INFO - Processing /home/airflow/.local/lib/python3.12/site-packages/airflow/example_dags/example_params_trigger_ui.py took 0.077 seconds
[2026-06-08T12:29:03.936+0000] {processor.py:161} INFO - Started process (PID=1430) to work on /home/airflow/.local/lib/python3.12/site-packages/airflow/example_dags/example_params_trigger_ui.py
[2026-06-08T12:29:03.936+0000] {processor.py:830} INFO - Processing file /home/airflow/.local/lib/python3.12/site-packages/airflow/example_dags/example_params_trigger_ui.py for tasks to queue
[2026-06-08T12:29:03.937+0000] {logging_mixin.py:188} INFO - [2026-06-08T12:29:03.937+0000] {dagbag.py:545} INFO - Filling up the DagBag from /home/airflow/.local/lib/python3.12/site-packages/airflow/example_dags/example_params_trigger_ui.py
[2026-06-08T12:29:03.946+0000] {processor.py:840} INFO - DAG(s) 'example_params_trigger_ui' retrieved from /home/airflow/.local/lib/python3.12/site-packages/airflow/example_dags/example_params_trigger_ui.py
[2026-06-08T12:29:03.978+0000] {logging_mixin.py:188} INFO - [2026-06-08T12:29:03.978+0000] {dag.py:3096} INFO - Sync 1 DAGs
[2026-06-08T12:29:03.986+0000] {logging_mixin.py:188} INFO - [2026-06-08T12:29:03.986+0000] {dag.py:3954} INFO - Setting next_dagrun for example_params_trigger_ui to None, run_after=None
[2026-06-08T12:29:03.999+0000] {processor.py:183} INFO - Processing /home/airflow/.local/lib/python3.12/site-packages/airflow/example_dags/example_params_trigger_ui.py took 0.067 seconds
[2026-06-08T12:29:34.244+0000] {processor.py:161} INFO - Started process (PID=1489) to work on /home/airflow/.local/lib/python3.12/site-packages/airflow/example_dags/example_params_trigger_ui.py
[2026-06-08T12:29:34.245+0000] {processor.py:830} INFO - Processing file /home/airflow/.local/lib/python3.12/site-packages/airflow/example_dags/example_params_trigger_ui.py for tasks to queue
[2026-06-08T12:29:34.246+0000] {logging_mixin.py:188} INFO - [2026-06-08T12:29:34.245+0000] {dagbag.py:545} INFO - Filling up the DagBag from /home/airflow/.local/lib/python3.12/site-packages/airflow/example_dags/example_params_trigger_ui.py
[2026-06-08T12:29:34.261+0000] {processor.py:840} INFO - DAG(s) 'example_params_trigger_ui' retrieved from /home/airflow/.local/lib/python3.12/site-packages/airflow/example_dags/example_params_trigger_ui.py
[2026-06-08T12:29:34.293+0000] {logging_mixin.py:188} INFO - [2026-06-08T12:29:34.293+0000] {dag.py:3096} INFO - Sync 1 DAGs
[2026-06-08T12:29:34.302+0000] {logging_mixin.py:188} INFO - [2026-06-08T12:29:34.302+0000] {dag.py:3954} INFO - Setting next_dagrun for example_params_trigger_ui to None, run_after=None
[2026-06-08T12:29:34.315+0000] {processor.py:183} INFO - Processing /home/airflow/.local/lib/python3.12/site-packages/airflow/example_dags/example_params_trigger_ui.py took 0.075 seconds
[2026-06-08T12:30:05.023+0000] {processor.py:161} INFO - Started process (PID=1548) to work on /home/airflow/.local/lib/python3.12/site-packages/airflow/example_dags/example_params_trigger_ui.py
[2026-06-08T12:30:05.024+0000] {processor.py:830} INFO - Processing file /home/airflow/.local/lib/python3.12/site-packages/airflow/example_dags/example_params_trigger_ui.py for tasks to queue
[2026-06-08T12:30:05.026+0000] {logging_mixin.py:188} INFO - [2026-06-08T12:30:05.026+0000] {dagbag.py:545} INFO - Filling up the DagBag from /home/airflow/.local/lib/python3.12/site-packages/airflow/example_dags/example_params_trigger_ui.py
[2026-06-08T12:30:05.041+0000] {processor.py:840} INFO - DAG(s) 'example_params_trigger_ui' retrieved from /home/airflow/.local/lib/python3.12/site-packages/airflow/example_dags/example_params_trigger_ui.py
[2026-06-08T12:30:05.076+0000] {logging_mixin.py:188} INFO - [2026-06-08T12:30:05.076+0000] {dag.py:3096} INFO - Sync 1 DAGs
[2026-06-08T12:30:05.085+0000] {logging_mixin.py:188} INFO - [2026-06-08T12:30:05.085+0000] {dag.py:3954} INFO - Setting next_dagrun for example_params_trigger_ui to None, run_after=None
[2026-06-08T12:30:05.099+0000] {processor.py:183} INFO - Processing /home/airflow/.local/lib/python3.12/site-packages/airflow/example_dags/example_params_trigger_ui.py took 0.082 seconds
[2026-06-08T12:30:35.465+0000] {processor.py:161} INFO - Started process (PID=1607) to work on /home/airflow/.local/lib/python3.12/site-packages/airflow/example_dags/example_params_trigger_ui.py
[2026-06-08T12:30:35.466+0000] {processor.py:830} INFO - Processing file /home/airflow/.local/lib/python3.12/site-packages/airflow/example_dags/example_params_trigger_ui.py for tasks to queue
[2026-06-08T12:30:35.467+0000] {logging_mixin.py:188} INFO - [2026-06-08T12:30:35.467+0000] {dagbag.py:545} INFO - Filling up the DagBag from /home/airflow/.local/lib/python3.12/site-packages/airflow/example_dags/example_params_trigger_ui.py
[2026-06-08T12:30:35.477+0000] {processor.py:840} INFO - DAG(s) 'example_params_trigger_ui' retrieved from /home/airflow/.local/lib/python3.12/site-packages/airflow/example_dags/example_params_trigger_ui.py
[2026-06-08T12:30:35.508+0000] {logging_mixin.py:188} INFO - [2026-06-08T12:30:35.508+0000] {dag.py:3096} INFO - Sync 1 DAGs
[2026-06-08T12:30:35.516+0000] {logging_mixin.py:188} INFO - [2026-06-08T12:30:35.516+0000] {dag.py:3954} INFO - Setting next_dagrun for example_params_trigger_ui to None, run_after=None
[2026-06-08T12:30:35.531+0000] {processor.py:183} INFO - Processing /home/airflow/.local/lib/python3.12/site-packages/airflow/example_dags/example_params_trigger_ui.py took 0.070 seconds
[2026-06-08T12:31:06.121+0000] {processor.py:161} INFO - Started process (PID=1666) to work on /home/airflow/.local/lib/python3.12/site-packages/airflow/example_dags/example_params_trigger_ui.py
[2026-06-08T12:31:06.122+0000] {processor.py:830} INFO - Processing file /home/airflow/.local/lib/python3.12/site-packages/airflow/example_dags/example_params_trigger_ui.py for tasks to queue
[2026-06-08T12:31:06.123+0000] {logging_mixin.py:188} INFO - [2026-06-08T12:31:06.123+0000] {dagbag.py:545} INFO - Filling up the DagBag from /home/airflow/.local/lib/python3.12/site-packages/airflow/example_dags/example_params_trigger_ui.py
[2026-06-08T12:31:06.132+0000] {processor.py:840} INFO - DAG(s) 'example_params_trigger_ui' retrieved from /home/airflow/.local/lib/python3.12/site-packages/airflow/example_dags/example_params_trigger_ui.py
[2026-06-08T12:31:06.163+0000] {logging_mixin.py:188} INFO - [2026-06-08T12:31:06.163+0000] {dag.py:3096} INFO - Sync 1 DAGs
[2026-06-08T12:31:06.172+0000] {logging_mixin.py:188} INFO - [2026-06-08T12:31:06.172+0000] {dag.py:3954} INFO - Setting next_dagrun for example_params_trigger_ui to None, run_after=None
[2026-06-08T12:31:06.187+0000] {processor.py:183} INFO - Processing /home/airflow/.local/lib/python3.12/site-packages/airflow/example_dags/example_params_trigger_ui.py took 0.073 seconds
[2026-06-08T12:31:36.534+0000] {processor.py:161} INFO - Started process (PID=1725) to work on /home/airflow/.local/lib/python3.12/site-packages/airflow/example_dags/example_params_trigger_ui.py
[2026-06-08T12:31:36.534+0000] {processor.py:830} INFO - Processing file /home/airflow/.local/lib/python3.12/site-packages/airflow/example_dags/example_params_trigger_ui.py for tasks to queue
[2026-06-08T12:31:36.536+0000] {logging_mixin.py:188} INFO - [2026-06-08T12:31:36.535+0000] {dagbag.py:545} INFO - Filling up the DagBag from /home/airflow/.local/lib/python3.12/site-packages/airflow/example_dags/example_params_trigger_ui.py
[2026-06-08T12:31:36.544+0000] {processor.py:840} INFO - DAG(s) 'example_params_trigger_ui' retrieved from /home/airflow/.local/lib/python3.12/site-packages/airflow/example_dags/example_params_trigger_ui.py
[2026-06-08T12:31:36.573+0000] {logging_mixin.py:188} INFO - [2026-06-08T12:31:36.572+0000] {dag.py:3096} INFO - Sync 1 DAGs
[2026-06-08T12:31:36.581+0000] {logging_mixin.py:188} INFO - [2026-06-08T12:31:36.581+0000] {dag.py:3954} INFO - Setting next_dagrun for example_params_trigger_ui to None, run_after=None
[2026-06-08T12:31:36.596+0000] {processor.py:183} INFO - Processing /home/airflow/.local/lib/python3.12/site-packages/airflow/example_dags/example_params_trigger_ui.py took 0.070 seconds
[2026-06-08T12:32:06.785+0000] {processor.py:161} INFO - Started process (PID=1784) to work on /home/airflow/.local/lib/python3.12/site-packages/airflow/example_dags/example_params_trigger_ui.py
[2026-06-08T12:32:06.785+0000] {processor.py:830} INFO - Processing file /home/airflow/.local/lib/python3.12/site-packages/airflow/example_dags/example_params_trigger_ui.py for tasks to queue
[2026-06-08T12:32:06.787+0000] {logging_mixin.py:188} INFO - [2026-06-08T12:32:06.787+0000] {dagbag.py:545} INFO - Filling up the DagBag from /home/airflow/.local/lib/python3.12/site-packages/airflow/example_dags/example_params_trigger_ui.py
[2026-06-08T12:32:06.805+0000] {processor.py:840} INFO - DAG(s) 'example_params_trigger_ui' retrieved from /home/airflow/.local/lib/python3.12/site-packages/airflow/example_dags/example_params_trigger_ui.py
[2026-06-08T12:32:06.852+0000] {logging_mixin.py:188} INFO - [2026-06-08T12:32:06.851+0000] {dag.py:3096} INFO - Sync 1 DAGs
[2026-06-08T12:32:06.861+0000] {logging_mixin.py:188} INFO - [2026-06-08T12:32:06.861+0000] {dag.py:3954} INFO - Setting next_dagrun for example_params_trigger_ui to None, run_after=None
[2026-06-08T12:32:06.877+0000] {processor.py:183} INFO - Processing /home/airflow/.local/lib/python3.12/site-packages/airflow/example_dags/example_params_trigger_ui.py took 0.100 seconds
[2026-06-08T12:32:37.606+0000] {processor.py:161} INFO - Started process (PID=1843) to work on /home/airflow/.local/lib/python3.12/site-packages/airflow/example_dags/example_params_trigger_ui.py
[2026-06-08T12:32:37.607+0000] {processor.py:830} INFO - Processing file /home/airflow/.local/lib/python3.12/site-packages/airflow/example_dags/example_params_trigger_ui.py for tasks to queue
[2026-06-08T12:32:37.609+0000] {logging_mixin.py:188} INFO - [2026-06-08T12:32:37.609+0000] {dagbag.py:545} INFO - Filling up the DagBag from /home/airflow/.local/lib/python3.12/site-packages/airflow/example_dags/example_params_trigger_ui.py
[2026-06-08T12:32:37.623+0000] {processor.py:840} INFO - DAG(s) 'example_params_trigger_ui' retrieved from /home/airflow/.local/lib/python3.12/site-packages/airflow/example_dags/example_params_trigger_ui.py
[2026-06-08T12:32:37.668+0000] {logging_mixin.py:188} INFO - [2026-06-08T12:32:37.667+0000] {dag.py:3096} INFO - Sync 1 DAGs
[2026-06-08T12:32:37.681+0000] {logging_mixin.py:188} INFO - [2026-06-08T12:32:37.680+0000] {dag.py:3954} INFO - Setting next_dagrun for example_params_trigger_ui to None, run_after=None
[2026-06-08T12:32:37.699+0000] {processor.py:183} INFO - Processing /home/airflow/.local/lib/python3.12/site-packages/airflow/example_dags/example_params_trigger_ui.py took 0.098 seconds
[2026-06-08T12:33:08.688+0000] {processor.py:161} INFO - Started process (PID=1902) to work on /home/airflow/.local/lib/python3.12/site-packages/airflow/example_dags/example_params_trigger_ui.py
[2026-06-08T12:33:08.689+0000] {processor.py:830} INFO - Processing file /home/airflow/.local/lib/python3.12/site-packages/airflow/example_dags/example_params_trigger_ui.py for tasks to queue
[2026-06-08T12:33:08.690+0000] {logging_mixin.py:188} INFO - [2026-06-08T12:33:08.690+0000] {dagbag.py:545} INFO - Filling up the DagBag from /home/airflow/.local/lib/python3.12/site-packages/airflow/example_dags/example_params_trigger_ui.py
[2026-06-08T12:33:08.698+0000] {processor.py:840} INFO - DAG(s) 'example_params_trigger_ui' retrieved from /home/airflow/.local/lib/python3.12/site-packages/airflow/example_dags/example_params_trigger_ui.py
[2026-06-08T12:33:08.729+0000] {logging_mixin.py:188} INFO - [2026-06-08T12:33:08.729+0000] {dag.py:3096} INFO - Sync 1 DAGs
[2026-06-08T12:33:08.737+0000] {logging_mixin.py:188} INFO - [2026-06-08T12:33:08.737+0000] {dag.py:3954} INFO - Setting next_dagrun for example_params_trigger_ui to None, run_after=None
[2026-06-08T12:33:08.750+0000] {processor.py:183} INFO - Processing /home/airflow/.local/lib/python3.12/site-packages/airflow/example_dags/example_params_trigger_ui.py took 0.065 seconds
[2026-06-08T12:33:38.940+0000] {processor.py:161} INFO - Started process (PID=1961) to work on /home/airflow/.local/lib/python3.12/site-packages/airflow/example_dags/example_params_trigger_ui.py
[2026-06-08T12:33:38.941+0000] {processor.py:830} INFO - Processing file /home/airflow/.local/lib/python3.12/site-packages/airflow/example_dags/example_params_trigger_ui.py for tasks to queue
[2026-06-08T12:33:38.942+0000] {logging_mixin.py:188} INFO - [2026-06-08T12:33:38.942+0000] {dagbag.py:545} INFO - Filling up the DagBag from /home/airflow/.local/lib/python3.12/site-packages/airflow/example_dags/example_params_trigger_ui.py
[2026-06-08T12:33:38.954+0000] {processor.py:840} INFO - DAG(s) 'example_params_trigger_ui' retrieved from /home/airflow/.local/lib/python3.12/site-packages/airflow/example_dags/example_params_trigger_ui.py
[2026-06-08T12:33:38.988+0000] {logging_mixin.py:188} INFO - [2026-06-08T12:33:38.988+0000] {dag.py:3096} INFO - Sync 1 DAGs
[2026-06-08T12:33:38.995+0000] {logging_mixin.py:188} INFO - [2026-06-08T12:33:38.995+0000] {dag.py:3954} INFO - Setting next_dagrun for example_params_trigger_ui to None, run_after=None
[2026-06-08T12:33:39.007+0000] {processor.py:183} INFO - Processing /home/airflow/.local/lib/python3.12/site-packages/airflow/example_dags/example_params_trigger_ui.py took 0.074 seconds
[2026-06-08T12:34:09.863+0000] {processor.py:161} INFO - Started process (PID=2020) to work on /home/airflow/.local/lib/python3.12/site-packages/airflow/example_dags/example_params_trigger_ui.py
[2026-06-08T12:34:09.864+0000] {processor.py:830} INFO - Processing file /home/airflow/.local/lib/python3.12/site-packages/airflow/example_dags/example_params_trigger_ui.py for tasks to queue
[2026-06-08T12:34:09.865+0000] {logging_mixin.py:188} INFO - [2026-06-08T12:34:09.865+0000] {dagbag.py:545} INFO - Filling up the DagBag from /home/airflow/.local/lib/python3.12/site-packages/airflow/example_dags/example_params_trigger_ui.py
[2026-06-08T12:34:09.874+0000] {processor.py:840} INFO - DAG(s) 'example_params_trigger_ui' retrieved from /home/airflow/.local/lib/python3.12/site-packages/airflow/example_dags/example_params_trigger_ui.py
[2026-06-08T12:34:09.910+0000] {logging_mixin.py:188} INFO - [2026-06-08T12:34:09.910+0000] {dag.py:3096} INFO - Sync 1 DAGs
[2026-06-08T12:34:09.918+0000] {logging_mixin.py:188} INFO - [2026-06-08T12:34:09.918+0000] {dag.py:3954} INFO - Setting next_dagrun for example_params_trigger_ui to None, run_after=None
[2026-06-08T12:34:09.930+0000] {processor.py:183} INFO - Processing /home/airflow/.local/lib/python3.12/site-packages/airflow/example_dags/example_params_trigger_ui.py took 0.071 seconds
[2026-06-08T12:34:40.613+0000] {processor.py:161} INFO - Started process (PID=2079) to work on /home/airflow/.local/lib/python3.12/site-packages/airflow/example_dags/example_params_trigger_ui.py
[2026-06-08T12:34:40.614+0000] {processor.py:830} INFO - Processing file /home/airflow/.local/lib/python3.12/site-packages/airflow/example_dags/example_params_trigger_ui.py for tasks to queue
[2026-06-08T12:34:40.615+0000] {logging_mixin.py:188} INFO - [2026-06-08T12:34:40.615+0000] {dagbag.py:545} INFO - Filling up the DagBag from /home/airflow/.local/lib/python3.12/site-packages/airflow/example_dags/example_params_trigger_ui.py
[2026-06-08T12:34:40.627+0000] {processor.py:840} INFO - DAG(s) 'example_params_trigger_ui' retrieved from /home/airflow/.local/lib/python3.12/site-packages/airflow/example_dags/example_params_trigger_ui.py
[2026-06-08T12:34:40.771+0000] {logging_mixin.py:188} INFO - [2026-06-08T12:34:40.770+0000] {dag.py:3096} INFO - Sync 1 DAGs
[2026-06-08T12:34:40.778+0000] {logging_mixin.py:188} INFO - [2026-06-08T12:34:40.778+0000] {dag.py:3954} INFO - Setting next_dagrun for example_params_trigger_ui to None, run_after=None
[2026-06-08T12:34:40.794+0000] {processor.py:183} INFO - Processing /home/airflow/.local/lib/python3.12/site-packages/airflow/example_dags/example_params_trigger_ui.py took 0.188 seconds
[2026-06-08T12:35:11.086+0000] {processor.py:161} INFO - Started process (PID=2138) to work on /home/airflow/.local/lib/python3.12/site-packages/airflow/example_dags/example_params_trigger_ui.py
[2026-06-08T12:35:11.087+0000] {processor.py:830} INFO - Processing file /home/airflow/.local/lib/python3.12/site-packages/airflow/example_dags/example_params_trigger_ui.py for tasks to queue
[2026-06-08T12:35:11.088+0000] {logging_mixin.py:188} INFO - [2026-06-08T12:35:11.088+0000] {dagbag.py:545} INFO - Filling up the DagBag from /home/airflow/.local/lib/python3.12/site-packages/airflow/example_dags/example_params_trigger_ui.py
[2026-06-08T12:35:11.096+0000] {processor.py:840} INFO - DAG(s) 'example_params_trigger_ui' retrieved from /home/airflow/.local/lib/python3.12/site-packages/airflow/example_dags/example_params_trigger_ui.py
[2026-06-08T12:35:11.131+0000] {logging_mixin.py:188} INFO - [2026-06-08T12:35:11.131+0000] {dag.py:3096} INFO - Sync 1 DAGs
[2026-06-08T12:35:11.139+0000] {logging_mixin.py:188} INFO - [2026-06-08T12:35:11.139+0000] {dag.py:3954} INFO - Setting next_dagrun for example_params_trigger_ui to None, run_after=None
[2026-06-08T12:35:11.150+0000] {processor.py:183} INFO - Processing /home/airflow/.local/lib/python3.12/site-packages/airflow/example_dags/example_params_trigger_ui.py took 0.067 seconds
[2026-06-08T12:35:41.637+0000] {processor.py:161} INFO - Started process (PID=2197) to work on /home/airflow/.local/lib/python3.12/site-packages/airflow/example_dags/example_params_trigger_ui.py
[2026-06-08T12:35:41.638+0000] {processor.py:830} INFO - Processing file /home/airflow/.local/lib/python3.12/site-packages/airflow/example_dags/example_params_trigger_ui.py for tasks to queue
[2026-06-08T12:35:41.641+0000] {logging_mixin.py:188} INFO - [2026-06-08T12:35:41.639+0000] {dagbag.py:545} INFO - Filling up the DagBag from /home/airflow/.local/lib/python3.12/site-packages/airflow/example_dags/example_params_trigger_ui.py
[2026-06-08T12:35:41.652+0000] {processor.py:840} INFO - DAG(s) 'example_params_trigger_ui' retrieved from /home/airflow/.local/lib/python3.12/site-packages/airflow/example_dags/example_params_trigger_ui.py
[2026-06-08T12:35:41.693+0000] {logging_mixin.py:188} INFO - [2026-06-08T12:35:41.693+0000] {dag.py:3096} INFO - Sync 1 DAGs
[2026-06-08T12:35:41.702+0000] {logging_mixin.py:188} INFO - [2026-06-08T12:35:41.702+0000] {dag.py:3954} INFO - Setting next_dagrun for example_params_trigger_ui to None, run_after=None
[2026-06-08T12:35:41.718+0000] {processor.py:183} INFO - Processing /home/airflow/.local/lib/python3.12/site-packages/airflow/example_dags/example_params_trigger_ui.py took 0.087 seconds
[2026-06-08T12:36:12.185+0000] {processor.py:161} INFO - Started process (PID=2256) to work on /home/airflow/.local/lib/python3.12/site-packages/airflow/example_dags/example_params_trigger_ui.py
[2026-06-08T12:36:12.186+0000] {processor.py:830} INFO - Processing file /home/airflow/.local/lib/python3.12/site-packages/airflow/example_dags/example_params_trigger_ui.py for tasks to queue
[2026-06-08T12:36:12.188+0000] {logging_mixin.py:188} INFO - [2026-06-08T12:36:12.188+0000] {dagbag.py:545} INFO - Filling up the DagBag from /home/airflow/.local/lib/python3.12/site-packages/airflow/example_dags/example_params_trigger_ui.py
[2026-06-08T12:36:12.202+0000] {processor.py:840} INFO - DAG(s) 'example_params_trigger_ui' retrieved from /home/airflow/.local/lib/python3.12/site-packages/airflow/example_dags/example_params_trigger_ui.py
[2026-06-08T12:36:12.239+0000] {logging_mixin.py:188} INFO - [2026-06-08T12:36:12.238+0000] {dag.py:3096} INFO - Sync 1 DAGs
[2026-06-08T12:36:12.247+0000] {logging_mixin.py:188} INFO - [2026-06-08T12:36:12.247+0000] {dag.py:3954} INFO - Setting next_dagrun for example_params_trigger_ui to None, run_after=None
[2026-06-08T12:36:12.263+0000] {processor.py:183} INFO - Processing /home/airflow/.local/lib/python3.12/site-packages/airflow/example_dags/example_params_trigger_ui.py took 0.084 seconds
[2026-06-08T12:36:42.714+0000] {processor.py:161} INFO - Started process (PID=2315) to work on /home/airflow/.local/lib/python3.12/site-packages/airflow/example_dags/example_params_trigger_ui.py
[2026-06-08T12:36:42.714+0000] {processor.py:830} INFO - Processing file /home/airflow/.local/lib/python3.12/site-packages/airflow/example_dags/example_params_trigger_ui.py for tasks to queue
[2026-06-08T12:36:42.715+0000] {logging_mixin.py:188} INFO - [2026-06-08T12:36:42.715+0000] {dagbag.py:545} INFO - Filling up the DagBag from /home/airflow/.local/lib/python3.12/site-packages/airflow/example_dags/example_params_trigger_ui.py
[2026-06-08T12:36:42.724+0000] {processor.py:840} INFO - DAG(s) 'example_params_trigger_ui' retrieved from /home/airflow/.local/lib/python3.12/site-packages/airflow/example_dags/example_params_trigger_ui.py
[2026-06-08T12:36:42.758+0000] {logging_mixin.py:188} INFO - [2026-06-08T12:36:42.758+0000] {dag.py:3096} INFO - Sync 1 DAGs
[2026-06-08T12:36:42.766+0000] {logging_mixin.py:188} INFO - [2026-06-08T12:36:42.766+0000] {dag.py:3954} INFO - Setting next_dagrun for example_params_trigger_ui to None, run_after=None
[2026-06-08T12:36:42.779+0000] {processor.py:183} INFO - Processing /home/airflow/.local/lib/python3.12/site-packages/airflow/example_dags/example_params_trigger_ui.py took 0.069 seconds
[2026-06-08T12:37:13.010+0000] {processor.py:161} INFO - Started process (PID=2374) to work on /home/airflow/.local/lib/python3.12/site-packages/airflow/example_dags/example_params_trigger_ui.py
[2026-06-08T12:37:13.010+0000] {processor.py:830} INFO - Processing file /home/airflow/.local/lib/python3.12/site-packages/airflow/example_dags/example_params_trigger_ui.py for tasks to queue
[2026-06-08T12:37:13.011+0000] {logging_mixin.py:188} INFO - [2026-06-08T12:37:13.011+0000] {dagbag.py:545} INFO - Filling up the DagBag from /home/airflow/.local/lib/python3.12/site-packages/airflow/example_dags/example_params_trigger_ui.py
[2026-06-08T12:37:13.022+0000] {processor.py:840} INFO - DAG(s) 'example_params_trigger_ui' retrieved from /home/airflow/.local/lib/python3.12/site-packages/airflow/example_dags/example_params_trigger_ui.py
[2026-06-08T12:37:13.059+0000] {logging_mixin.py:188} INFO - [2026-06-08T12:37:13.059+0000] {dag.py:3096} INFO - Sync 1 DAGs
[2026-06-08T12:37:13.068+0000] {logging_mixin.py:188} INFO - [2026-06-08T12:37:13.067+0000] {dag.py:3954} INFO - Setting next_dagrun for example_params_trigger_ui to None, run_after=None
[2026-06-08T12:37:13.083+0000] {processor.py:183} INFO - Processing /home/airflow/.local/lib/python3.12/site-packages/airflow/example_dags/example_params_trigger_ui.py took 0.078 seconds
[2026-06-08T12:37:43.491+0000] {processor.py:161} INFO - Started process (PID=2433) to work on /home/airflow/.local/lib/python3.12/site-packages/airflow/example_dags/example_params_trigger_ui.py
[2026-06-08T12:37:43.492+0000] {processor.py:830} INFO - Processing file /home/airflow/.local/lib/python3.12/site-packages/airflow/example_dags/example_params_trigger_ui.py for tasks to queue
[2026-06-08T12:37:43.493+0000] {logging_mixin.py:188} INFO - [2026-06-08T12:37:43.493+0000] {dagbag.py:545} INFO - Filling up the DagBag from /home/airflow/.local/lib/python3.12/site-packages/airflow/example_dags/example_params_trigger_ui.py
[2026-06-08T12:37:43.501+0000] {processor.py:840} INFO - DAG(s) 'example_params_trigger_ui' retrieved from /home/airflow/.local/lib/python3.12/site-packages/airflow/example_dags/example_params_trigger_ui.py
[2026-06-08T12:37:43.532+0000] {logging_mixin.py:188} INFO - [2026-06-08T12:37:43.532+0000] {dag.py:3096} INFO - Sync 1 DAGs
[2026-06-08T12:37:43.542+0000] {logging_mixin.py:188} INFO - [2026-06-08T12:37:43.541+0000] {dag.py:3954} INFO - Setting next_dagrun for example_params_trigger_ui to None, run_after=None
[2026-06-08T12:37:43.555+0000] {processor.py:183} INFO - Processing /home/airflow/.local/lib/python3.12/site-packages/airflow/example_dags/example_params_trigger_ui.py took 0.068 seconds
