[2026-06-08T12:17:51.549+0000] {processor.py:161} INFO - Started process (PID=71) to work on /home/airflow/.local/lib/python3.12/site-packages/airflow/example_dags/example_python_operator.py
[2026-06-08T12:17:51.549+0000] {processor.py:830} INFO - Processing file /home/airflow/.local/lib/python3.12/site-packages/airflow/example_dags/example_python_operator.py for tasks to queue
[2026-06-08T12:17:51.550+0000] {logging_mixin.py:188} INFO - [2026-06-08T12:17:51.550+0000] {dagbag.py:545} INFO - Filling up the DagBag from /home/airflow/.local/lib/python3.12/site-packages/airflow/example_dags/example_python_operator.py
[2026-06-08T12:17:51.559+0000] {processor.py:840} INFO - DAG(s) 'example_python_operator' retrieved from /home/airflow/.local/lib/python3.12/site-packages/airflow/example_dags/example_python_operator.py
[2026-06-08T12:17:51.570+0000] {logging_mixin.py:188} INFO - [2026-06-08T12:17:51.570+0000] {dag.py:3096} INFO - Sync 1 DAGs
[2026-06-08T12:17:51.582+0000] {logging_mixin.py:188} INFO - [2026-06-08T12:17:51.582+0000] {dag.py:3954} INFO - Setting next_dagrun for example_python_operator to None, run_after=None
[2026-06-08T12:17:51.598+0000] {processor.py:183} INFO - Processing /home/airflow/.local/lib/python3.12/site-packages/airflow/example_dags/example_python_operator.py took 0.053 seconds
[2026-06-08T12:18:22.689+0000] {processor.py:161} INFO - Started process (PID=135) to work on /home/airflow/.local/lib/python3.12/site-packages/airflow/example_dags/example_python_operator.py
[2026-06-08T12:18:22.689+0000] {processor.py:830} INFO - Processing file /home/airflow/.local/lib/python3.12/site-packages/airflow/example_dags/example_python_operator.py for tasks to queue
[2026-06-08T12:18:22.690+0000] {logging_mixin.py:188} INFO - [2026-06-08T12:18:22.690+0000] {dagbag.py:545} INFO - Filling up the DagBag from /home/airflow/.local/lib/python3.12/site-packages/airflow/example_dags/example_python_operator.py
[2026-06-08T12:18:22.697+0000] {processor.py:840} INFO - DAG(s) 'example_python_operator' retrieved from /home/airflow/.local/lib/python3.12/site-packages/airflow/example_dags/example_python_operator.py
[2026-06-08T12:18:22.782+0000] {logging_mixin.py:188} INFO - [2026-06-08T12:18:22.782+0000] {dag.py:3096} INFO - Sync 1 DAGs
[2026-06-08T12:18:22.790+0000] {logging_mixin.py:188} INFO - [2026-06-08T12:18:22.790+0000] {dag.py:3954} INFO - Setting next_dagrun for example_python_operator to None, run_after=None
[2026-06-08T12:18:22.805+0000] {processor.py:183} INFO - Processing /home/airflow/.local/lib/python3.12/site-packages/airflow/example_dags/example_python_operator.py took 0.120 seconds
[2026-06-08T12:18:52.910+0000] {processor.py:161} INFO - Started process (PID=193) to work on /home/airflow/.local/lib/python3.12/site-packages/airflow/example_dags/example_python_operator.py
[2026-06-08T12:18:52.911+0000] {processor.py:830} INFO - Processing file /home/airflow/.local/lib/python3.12/site-packages/airflow/example_dags/example_python_operator.py for tasks to queue
[2026-06-08T12:18:52.912+0000] {logging_mixin.py:188} INFO - [2026-06-08T12:18:52.912+0000] {dagbag.py:545} INFO - Filling up the DagBag from /home/airflow/.local/lib/python3.12/site-packages/airflow/example_dags/example_python_operator.py
[2026-06-08T12:18:52.923+0000] {processor.py:840} INFO - DAG(s) 'example_python_operator' retrieved from /home/airflow/.local/lib/python3.12/site-packages/airflow/example_dags/example_python_operator.py
[2026-06-08T12:18:52.947+0000] {logging_mixin.py:188} INFO - [2026-06-08T12:18:52.947+0000] {dag.py:3096} INFO - Sync 1 DAGs
[2026-06-08T12:18:52.961+0000] {logging_mixin.py:188} INFO - [2026-06-08T12:18:52.961+0000] {dag.py:3954} INFO - Setting next_dagrun for example_python_operator to None, run_after=None
[2026-06-08T12:18:52.981+0000] {processor.py:183} INFO - Processing /home/airflow/.local/lib/python3.12/site-packages/airflow/example_dags/example_python_operator.py took 0.077 seconds
[2026-06-08T12:19:23.236+0000] {processor.py:161} INFO - Started process (PID=251) to work on /home/airflow/.local/lib/python3.12/site-packages/airflow/example_dags/example_python_operator.py
[2026-06-08T12:19:23.238+0000] {processor.py:830} INFO - Processing file /home/airflow/.local/lib/python3.12/site-packages/airflow/example_dags/example_python_operator.py for tasks to queue
[2026-06-08T12:19:23.239+0000] {logging_mixin.py:188} INFO - [2026-06-08T12:19:23.239+0000] {dagbag.py:545} INFO - Filling up the DagBag from /home/airflow/.local/lib/python3.12/site-packages/airflow/example_dags/example_python_operator.py
[2026-06-08T12:19:23.245+0000] {processor.py:840} INFO - DAG(s) 'example_python_operator' retrieved from /home/airflow/.local/lib/python3.12/site-packages/airflow/example_dags/example_python_operator.py
[2026-06-08T12:19:23.264+0000] {logging_mixin.py:188} INFO - [2026-06-08T12:19:23.264+0000] {dag.py:3096} INFO - Sync 1 DAGs
[2026-06-08T12:19:23.274+0000] {logging_mixin.py:188} INFO - [2026-06-08T12:19:23.274+0000] {dag.py:3954} INFO - Setting next_dagrun for example_python_operator to None, run_after=None
[2026-06-08T12:19:23.287+0000] {processor.py:183} INFO - Processing /home/airflow/.local/lib/python3.12/site-packages/airflow/example_dags/example_python_operator.py took 0.055 seconds
[2026-06-08T12:19:53.805+0000] {processor.py:161} INFO - Started process (PID=309) to work on /home/airflow/.local/lib/python3.12/site-packages/airflow/example_dags/example_python_operator.py
[2026-06-08T12:19:53.806+0000] {processor.py:830} INFO - Processing file /home/airflow/.local/lib/python3.12/site-packages/airflow/example_dags/example_python_operator.py for tasks to queue
[2026-06-08T12:19:53.807+0000] {logging_mixin.py:188} INFO - [2026-06-08T12:19:53.807+0000] {dagbag.py:545} INFO - Filling up the DagBag from /home/airflow/.local/lib/python3.12/site-packages/airflow/example_dags/example_python_operator.py
[2026-06-08T12:19:53.813+0000] {processor.py:840} INFO - DAG(s) 'example_python_operator' retrieved from /home/airflow/.local/lib/python3.12/site-packages/airflow/example_dags/example_python_operator.py
[2026-06-08T12:19:53.828+0000] {logging_mixin.py:188} INFO - [2026-06-08T12:19:53.828+0000] {dag.py:3096} INFO - Sync 1 DAGs
[2026-06-08T12:19:53.836+0000] {logging_mixin.py:188} INFO - [2026-06-08T12:19:53.836+0000] {dag.py:3954} INFO - Setting next_dagrun for example_python_operator to None, run_after=None
[2026-06-08T12:19:53.848+0000] {processor.py:183} INFO - Processing /home/airflow/.local/lib/python3.12/site-packages/airflow/example_dags/example_python_operator.py took 0.047 seconds
[2026-06-08T12:20:24.267+0000] {processor.py:161} INFO - Started process (PID=367) to work on /home/airflow/.local/lib/python3.12/site-packages/airflow/example_dags/example_python_operator.py
[2026-06-08T12:20:24.268+0000] {processor.py:830} INFO - Processing file /home/airflow/.local/lib/python3.12/site-packages/airflow/example_dags/example_python_operator.py for tasks to queue
[2026-06-08T12:20:24.269+0000] {logging_mixin.py:188} INFO - [2026-06-08T12:20:24.269+0000] {dagbag.py:545} INFO - Filling up the DagBag from /home/airflow/.local/lib/python3.12/site-packages/airflow/example_dags/example_python_operator.py
[2026-06-08T12:20:24.277+0000] {processor.py:840} INFO - DAG(s) 'example_python_operator' retrieved from /home/airflow/.local/lib/python3.12/site-packages/airflow/example_dags/example_python_operator.py
[2026-06-08T12:20:24.303+0000] {logging_mixin.py:188} INFO - [2026-06-08T12:20:24.303+0000] {dag.py:3096} INFO - Sync 1 DAGs
[2026-06-08T12:20:24.315+0000] {logging_mixin.py:188} INFO - [2026-06-08T12:20:24.314+0000] {dag.py:3954} INFO - Setting next_dagrun for example_python_operator to None, run_after=None
[2026-06-08T12:20:24.334+0000] {processor.py:183} INFO - Processing /home/airflow/.local/lib/python3.12/site-packages/airflow/example_dags/example_python_operator.py took 0.074 seconds
[2026-06-08T12:20:54.841+0000] {processor.py:161} INFO - Started process (PID=425) to work on /home/airflow/.local/lib/python3.12/site-packages/airflow/example_dags/example_python_operator.py
[2026-06-08T12:20:54.841+0000] {processor.py:830} INFO - Processing file /home/airflow/.local/lib/python3.12/site-packages/airflow/example_dags/example_python_operator.py for tasks to queue
[2026-06-08T12:20:54.843+0000] {logging_mixin.py:188} INFO - [2026-06-08T12:20:54.843+0000] {dagbag.py:545} INFO - Filling up the DagBag from /home/airflow/.local/lib/python3.12/site-packages/airflow/example_dags/example_python_operator.py
[2026-06-08T12:20:54.850+0000] {processor.py:840} INFO - DAG(s) 'example_python_operator' retrieved from /home/airflow/.local/lib/python3.12/site-packages/airflow/example_dags/example_python_operator.py
[2026-06-08T12:20:54.871+0000] {logging_mixin.py:188} INFO - [2026-06-08T12:20:54.871+0000] {dag.py:3096} INFO - Sync 1 DAGs
[2026-06-08T12:20:54.880+0000] {logging_mixin.py:188} INFO - [2026-06-08T12:20:54.880+0000] {dag.py:3954} INFO - Setting next_dagrun for example_python_operator to None, run_after=None
[2026-06-08T12:20:54.900+0000] {processor.py:183} INFO - Processing /home/airflow/.local/lib/python3.12/site-packages/airflow/example_dags/example_python_operator.py took 0.065 seconds
[2026-06-08T12:21:24.958+0000] {processor.py:161} INFO - Started process (PID=483) to work on /home/airflow/.local/lib/python3.12/site-packages/airflow/example_dags/example_python_operator.py
[2026-06-08T12:21:24.958+0000] {processor.py:830} INFO - Processing file /home/airflow/.local/lib/python3.12/site-packages/airflow/example_dags/example_python_operator.py for tasks to queue
[2026-06-08T12:21:24.959+0000] {logging_mixin.py:188} INFO - [2026-06-08T12:21:24.959+0000] {dagbag.py:545} INFO - Filling up the DagBag from /home/airflow/.local/lib/python3.12/site-packages/airflow/example_dags/example_python_operator.py
[2026-06-08T12:21:24.966+0000] {processor.py:840} INFO - DAG(s) 'example_python_operator' retrieved from /home/airflow/.local/lib/python3.12/site-packages/airflow/example_dags/example_python_operator.py
[2026-06-08T12:21:24.984+0000] {logging_mixin.py:188} INFO - [2026-06-08T12:21:24.984+0000] {dag.py:3096} INFO - Sync 1 DAGs
[2026-06-08T12:21:24.997+0000] {logging_mixin.py:188} INFO - [2026-06-08T12:21:24.997+0000] {dag.py:3954} INFO - Setting next_dagrun for example_python_operator to None, run_after=None
[2026-06-08T12:21:25.010+0000] {processor.py:183} INFO - Processing /home/airflow/.local/lib/python3.12/site-packages/airflow/example_dags/example_python_operator.py took 0.055 seconds
[2026-06-08T12:21:55.591+0000] {processor.py:161} INFO - Started process (PID=563) to work on /home/airflow/.local/lib/python3.12/site-packages/airflow/example_dags/example_python_operator.py
[2026-06-08T12:21:55.592+0000] {processor.py:830} INFO - Processing file /home/airflow/.local/lib/python3.12/site-packages/airflow/example_dags/example_python_operator.py for tasks to queue
[2026-06-08T12:21:55.593+0000] {logging_mixin.py:188} INFO - [2026-06-08T12:21:55.593+0000] {dagbag.py:545} INFO - Filling up the DagBag from /home/airflow/.local/lib/python3.12/site-packages/airflow/example_dags/example_python_operator.py
[2026-06-08T12:21:55.601+0000] {processor.py:840} INFO - DAG(s) 'example_python_operator' retrieved from /home/airflow/.local/lib/python3.12/site-packages/airflow/example_dags/example_python_operator.py
[2026-06-08T12:21:55.617+0000] {logging_mixin.py:188} INFO - [2026-06-08T12:21:55.617+0000] {dag.py:3096} INFO - Sync 1 DAGs
[2026-06-08T12:21:55.625+0000] {logging_mixin.py:188} INFO - [2026-06-08T12:21:55.625+0000] {dag.py:3954} INFO - Setting next_dagrun for example_python_operator to None, run_after=None
[2026-06-08T12:21:55.640+0000] {processor.py:183} INFO - Processing /home/airflow/.local/lib/python3.12/site-packages/airflow/example_dags/example_python_operator.py took 0.053 seconds
[2026-06-08T12:22:26.724+0000] {processor.py:161} INFO - Started process (PID=621) to work on /home/airflow/.local/lib/python3.12/site-packages/airflow/example_dags/example_python_operator.py
[2026-06-08T12:22:26.725+0000] {processor.py:830} INFO - Processing file /home/airflow/.local/lib/python3.12/site-packages/airflow/example_dags/example_python_operator.py for tasks to queue
[2026-06-08T12:22:26.726+0000] {logging_mixin.py:188} INFO - [2026-06-08T12:22:26.726+0000] {dagbag.py:545} INFO - Filling up the DagBag from /home/airflow/.local/lib/python3.12/site-packages/airflow/example_dags/example_python_operator.py
[2026-06-08T12:22:26.734+0000] {processor.py:840} INFO - DAG(s) 'example_python_operator' retrieved from /home/airflow/.local/lib/python3.12/site-packages/airflow/example_dags/example_python_operator.py
[2026-06-08T12:22:26.756+0000] {logging_mixin.py:188} INFO - [2026-06-08T12:22:26.756+0000] {dag.py:3096} INFO - Sync 1 DAGs
[2026-06-08T12:22:26.765+0000] {logging_mixin.py:188} INFO - [2026-06-08T12:22:26.765+0000] {dag.py:3954} INFO - Setting next_dagrun for example_python_operator to None, run_after=None
[2026-06-08T12:22:26.795+0000] {processor.py:183} INFO - Processing /home/airflow/.local/lib/python3.12/site-packages/airflow/example_dags/example_python_operator.py took 0.075 seconds
[2026-06-08T12:22:57.481+0000] {processor.py:161} INFO - Started process (PID=702) to work on /home/airflow/.local/lib/python3.12/site-packages/airflow/example_dags/example_python_operator.py
[2026-06-08T12:22:57.481+0000] {processor.py:830} INFO - Processing file /home/airflow/.local/lib/python3.12/site-packages/airflow/example_dags/example_python_operator.py for tasks to queue
[2026-06-08T12:22:57.482+0000] {logging_mixin.py:188} INFO - [2026-06-08T12:22:57.482+0000] {dagbag.py:545} INFO - Filling up the DagBag from /home/airflow/.local/lib/python3.12/site-packages/airflow/example_dags/example_python_operator.py
[2026-06-08T12:22:57.493+0000] {processor.py:840} INFO - DAG(s) 'example_python_operator' retrieved from /home/airflow/.local/lib/python3.12/site-packages/airflow/example_dags/example_python_operator.py
[2026-06-08T12:22:57.510+0000] {logging_mixin.py:188} INFO - [2026-06-08T12:22:57.509+0000] {dag.py:3096} INFO - Sync 1 DAGs
[2026-06-08T12:22:57.524+0000] {logging_mixin.py:188} INFO - [2026-06-08T12:22:57.524+0000] {dag.py:3954} INFO - Setting next_dagrun for example_python_operator to None, run_after=None
[2026-06-08T12:22:57.546+0000] {processor.py:183} INFO - Processing /home/airflow/.local/lib/python3.12/site-packages/airflow/example_dags/example_python_operator.py took 0.069 seconds
[2026-06-08T12:23:28.528+0000] {processor.py:161} INFO - Started process (PID=782) to work on /home/airflow/.local/lib/python3.12/site-packages/airflow/example_dags/example_python_operator.py
[2026-06-08T12:23:28.528+0000] {processor.py:830} INFO - Processing file /home/airflow/.local/lib/python3.12/site-packages/airflow/example_dags/example_python_operator.py for tasks to queue
[2026-06-08T12:23:28.529+0000] {logging_mixin.py:188} INFO - [2026-06-08T12:23:28.529+0000] {dagbag.py:545} INFO - Filling up the DagBag from /home/airflow/.local/lib/python3.12/site-packages/airflow/example_dags/example_python_operator.py
[2026-06-08T12:23:28.536+0000] {processor.py:840} INFO - DAG(s) 'example_python_operator' retrieved from /home/airflow/.local/lib/python3.12/site-packages/airflow/example_dags/example_python_operator.py
[2026-06-08T12:23:28.605+0000] {logging_mixin.py:188} INFO - [2026-06-08T12:23:28.605+0000] {dag.py:3096} INFO - Sync 1 DAGs
[2026-06-08T12:23:28.612+0000] {logging_mixin.py:188} INFO - [2026-06-08T12:23:28.612+0000] {dag.py:3954} INFO - Setting next_dagrun for example_python_operator to None, run_after=None
[2026-06-08T12:23:28.626+0000] {processor.py:183} INFO - Processing /home/airflow/.local/lib/python3.12/site-packages/airflow/example_dags/example_python_operator.py took 0.102 seconds
[2026-06-08T12:23:59.025+0000] {processor.py:161} INFO - Started process (PID=841) to work on /home/airflow/.local/lib/python3.12/site-packages/airflow/example_dags/example_python_operator.py
[2026-06-08T12:23:59.026+0000] {processor.py:830} INFO - Processing file /home/airflow/.local/lib/python3.12/site-packages/airflow/example_dags/example_python_operator.py for tasks to queue
[2026-06-08T12:23:59.028+0000] {logging_mixin.py:188} INFO - [2026-06-08T12:23:59.027+0000] {dagbag.py:545} INFO - Filling up the DagBag from /home/airflow/.local/lib/python3.12/site-packages/airflow/example_dags/example_python_operator.py
[2026-06-08T12:23:59.037+0000] {processor.py:840} INFO - DAG(s) 'example_python_operator' retrieved from /home/airflow/.local/lib/python3.12/site-packages/airflow/example_dags/example_python_operator.py
[2026-06-08T12:23:59.052+0000] {logging_mixin.py:188} INFO - [2026-06-08T12:23:59.052+0000] {dag.py:3096} INFO - Sync 1 DAGs
[2026-06-08T12:23:59.060+0000] {logging_mixin.py:188} INFO - [2026-06-08T12:23:59.060+0000] {dag.py:3954} INFO - Setting next_dagrun for example_python_operator to None, run_after=None
[2026-06-08T12:23:59.076+0000] {processor.py:183} INFO - Processing /home/airflow/.local/lib/python3.12/site-packages/airflow/example_dags/example_python_operator.py took 0.057 seconds
[2026-06-08T12:24:29.737+0000] {processor.py:161} INFO - Started process (PID=900) to work on /home/airflow/.local/lib/python3.12/site-packages/airflow/example_dags/example_python_operator.py
[2026-06-08T12:24:29.737+0000] {processor.py:830} INFO - Processing file /home/airflow/.local/lib/python3.12/site-packages/airflow/example_dags/example_python_operator.py for tasks to queue
[2026-06-08T12:24:29.738+0000] {logging_mixin.py:188} INFO - [2026-06-08T12:24:29.738+0000] {dagbag.py:545} INFO - Filling up the DagBag from /home/airflow/.local/lib/python3.12/site-packages/airflow/example_dags/example_python_operator.py
[2026-06-08T12:24:29.744+0000] {processor.py:840} INFO - DAG(s) 'example_python_operator' retrieved from /home/airflow/.local/lib/python3.12/site-packages/airflow/example_dags/example_python_operator.py
[2026-06-08T12:24:29.768+0000] {logging_mixin.py:188} INFO - [2026-06-08T12:24:29.768+0000] {dag.py:3096} INFO - Sync 1 DAGs
[2026-06-08T12:24:29.782+0000] {logging_mixin.py:188} INFO - [2026-06-08T12:24:29.782+0000] {dag.py:3954} INFO - Setting next_dagrun for example_python_operator to None, run_after=None
[2026-06-08T12:24:29.794+0000] {processor.py:183} INFO - Processing /home/airflow/.local/lib/python3.12/site-packages/airflow/example_dags/example_python_operator.py took 0.061 seconds
[2026-06-08T12:25:00.180+0000] {processor.py:161} INFO - Started process (PID=959) to work on /home/airflow/.local/lib/python3.12/site-packages/airflow/example_dags/example_python_operator.py
[2026-06-08T12:25:00.181+0000] {processor.py:830} INFO - Processing file /home/airflow/.local/lib/python3.12/site-packages/airflow/example_dags/example_python_operator.py for tasks to queue
[2026-06-08T12:25:00.182+0000] {logging_mixin.py:188} INFO - [2026-06-08T12:25:00.182+0000] {dagbag.py:545} INFO - Filling up the DagBag from /home/airflow/.local/lib/python3.12/site-packages/airflow/example_dags/example_python_operator.py
[2026-06-08T12:25:00.189+0000] {processor.py:840} INFO - DAG(s) 'example_python_operator' retrieved from /home/airflow/.local/lib/python3.12/site-packages/airflow/example_dags/example_python_operator.py
[2026-06-08T12:25:00.212+0000] {logging_mixin.py:188} INFO - [2026-06-08T12:25:00.211+0000] {dag.py:3096} INFO - Sync 1 DAGs
[2026-06-08T12:25:00.221+0000] {logging_mixin.py:188} INFO - [2026-06-08T12:25:00.220+0000] {dag.py:3954} INFO - Setting next_dagrun for example_python_operator to None, run_after=None
[2026-06-08T12:25:00.236+0000] {processor.py:183} INFO - Processing /home/airflow/.local/lib/python3.12/site-packages/airflow/example_dags/example_python_operator.py took 0.061 seconds
[2026-06-08T12:25:30.697+0000] {processor.py:161} INFO - Started process (PID=1019) to work on /home/airflow/.local/lib/python3.12/site-packages/airflow/example_dags/example_python_operator.py
[2026-06-08T12:25:30.698+0000] {processor.py:830} INFO - Processing file /home/airflow/.local/lib/python3.12/site-packages/airflow/example_dags/example_python_operator.py for tasks to queue
[2026-06-08T12:25:30.699+0000] {logging_mixin.py:188} INFO - [2026-06-08T12:25:30.699+0000] {dagbag.py:545} INFO - Filling up the DagBag from /home/airflow/.local/lib/python3.12/site-packages/airflow/example_dags/example_python_operator.py
[2026-06-08T12:25:30.706+0000] {processor.py:840} INFO - DAG(s) 'example_python_operator' retrieved from /home/airflow/.local/lib/python3.12/site-packages/airflow/example_dags/example_python_operator.py
[2026-06-08T12:25:30.721+0000] {logging_mixin.py:188} INFO - [2026-06-08T12:25:30.721+0000] {dag.py:3096} INFO - Sync 1 DAGs
[2026-06-08T12:25:30.729+0000] {logging_mixin.py:188} INFO - [2026-06-08T12:25:30.729+0000] {dag.py:3954} INFO - Setting next_dagrun for example_python_operator to None, run_after=None
[2026-06-08T12:25:30.742+0000] {processor.py:183} INFO - Processing /home/airflow/.local/lib/python3.12/site-packages/airflow/example_dags/example_python_operator.py took 0.049 seconds
[2026-06-08T12:26:01.202+0000] {processor.py:161} INFO - Started process (PID=1078) to work on /home/airflow/.local/lib/python3.12/site-packages/airflow/example_dags/example_python_operator.py
[2026-06-08T12:26:01.203+0000] {processor.py:830} INFO - Processing file /home/airflow/.local/lib/python3.12/site-packages/airflow/example_dags/example_python_operator.py for tasks to queue
[2026-06-08T12:26:01.204+0000] {logging_mixin.py:188} INFO - [2026-06-08T12:26:01.204+0000] {dagbag.py:545} INFO - Filling up the DagBag from /home/airflow/.local/lib/python3.12/site-packages/airflow/example_dags/example_python_operator.py
[2026-06-08T12:26:01.210+0000] {processor.py:840} INFO - DAG(s) 'example_python_operator' retrieved from /home/airflow/.local/lib/python3.12/site-packages/airflow/example_dags/example_python_operator.py
[2026-06-08T12:26:01.225+0000] {logging_mixin.py:188} INFO - [2026-06-08T12:26:01.225+0000] {dag.py:3096} INFO - Sync 1 DAGs
[2026-06-08T12:26:01.234+0000] {logging_mixin.py:188} INFO - [2026-06-08T12:26:01.234+0000] {dag.py:3954} INFO - Setting next_dagrun for example_python_operator to None, run_after=None
[2026-06-08T12:26:01.247+0000] {processor.py:183} INFO - Processing /home/airflow/.local/lib/python3.12/site-packages/airflow/example_dags/example_python_operator.py took 0.049 seconds
[2026-06-08T12:26:31.508+0000] {processor.py:161} INFO - Started process (PID=1137) to work on /home/airflow/.local/lib/python3.12/site-packages/airflow/example_dags/example_python_operator.py
[2026-06-08T12:26:31.509+0000] {processor.py:830} INFO - Processing file /home/airflow/.local/lib/python3.12/site-packages/airflow/example_dags/example_python_operator.py for tasks to queue
[2026-06-08T12:26:31.511+0000] {logging_mixin.py:188} INFO - [2026-06-08T12:26:31.510+0000] {dagbag.py:545} INFO - Filling up the DagBag from /home/airflow/.local/lib/python3.12/site-packages/airflow/example_dags/example_python_operator.py
[2026-06-08T12:26:31.523+0000] {processor.py:840} INFO - DAG(s) 'example_python_operator' retrieved from /home/airflow/.local/lib/python3.12/site-packages/airflow/example_dags/example_python_operator.py
[2026-06-08T12:26:31.545+0000] {logging_mixin.py:188} INFO - [2026-06-08T12:26:31.545+0000] {dag.py:3096} INFO - Sync 1 DAGs
[2026-06-08T12:26:31.554+0000] {logging_mixin.py:188} INFO - [2026-06-08T12:26:31.554+0000] {dag.py:3954} INFO - Setting next_dagrun for example_python_operator to None, run_after=None
[2026-06-08T12:26:31.573+0000] {processor.py:183} INFO - Processing /home/airflow/.local/lib/python3.12/site-packages/airflow/example_dags/example_python_operator.py took 0.071 seconds
[2026-06-08T12:27:02.073+0000] {processor.py:161} INFO - Started process (PID=1196) to work on /home/airflow/.local/lib/python3.12/site-packages/airflow/example_dags/example_python_operator.py
[2026-06-08T12:27:02.073+0000] {processor.py:830} INFO - Processing file /home/airflow/.local/lib/python3.12/site-packages/airflow/example_dags/example_python_operator.py for tasks to queue
[2026-06-08T12:27:02.075+0000] {logging_mixin.py:188} INFO - [2026-06-08T12:27:02.075+0000] {dagbag.py:545} INFO - Filling up the DagBag from /home/airflow/.local/lib/python3.12/site-packages/airflow/example_dags/example_python_operator.py
[2026-06-08T12:27:02.084+0000] {processor.py:840} INFO - DAG(s) 'example_python_operator' retrieved from /home/airflow/.local/lib/python3.12/site-packages/airflow/example_dags/example_python_operator.py
[2026-06-08T12:27:02.103+0000] {logging_mixin.py:188} INFO - [2026-06-08T12:27:02.103+0000] {dag.py:3096} INFO - Sync 1 DAGs
[2026-06-08T12:27:02.114+0000] {logging_mixin.py:188} INFO - [2026-06-08T12:27:02.114+0000] {dag.py:3954} INFO - Setting next_dagrun for example_python_operator to None, run_after=None
[2026-06-08T12:27:02.132+0000] {processor.py:183} INFO - Processing /home/airflow/.local/lib/python3.12/site-packages/airflow/example_dags/example_python_operator.py took 0.065 seconds
[2026-06-08T12:27:32.632+0000] {processor.py:161} INFO - Started process (PID=1255) to work on /home/airflow/.local/lib/python3.12/site-packages/airflow/example_dags/example_python_operator.py
[2026-06-08T12:27:32.633+0000] {processor.py:830} INFO - Processing file /home/airflow/.local/lib/python3.12/site-packages/airflow/example_dags/example_python_operator.py for tasks to queue
[2026-06-08T12:27:32.635+0000] {logging_mixin.py:188} INFO - [2026-06-08T12:27:32.635+0000] {dagbag.py:545} INFO - Filling up the DagBag from /home/airflow/.local/lib/python3.12/site-packages/airflow/example_dags/example_python_operator.py
[2026-06-08T12:27:32.645+0000] {processor.py:840} INFO - DAG(s) 'example_python_operator' retrieved from /home/airflow/.local/lib/python3.12/site-packages/airflow/example_dags/example_python_operator.py
[2026-06-08T12:27:32.661+0000] {logging_mixin.py:188} INFO - [2026-06-08T12:27:32.661+0000] {dag.py:3096} INFO - Sync 1 DAGs
[2026-06-08T12:27:32.670+0000] {logging_mixin.py:188} INFO - [2026-06-08T12:27:32.670+0000] {dag.py:3954} INFO - Setting next_dagrun for example_python_operator to None, run_after=None
[2026-06-08T12:27:32.689+0000] {processor.py:183} INFO - Processing /home/airflow/.local/lib/python3.12/site-packages/airflow/example_dags/example_python_operator.py took 0.067 seconds
[2026-06-08T12:28:03.091+0000] {processor.py:161} INFO - Started process (PID=1314) to work on /home/airflow/.local/lib/python3.12/site-packages/airflow/example_dags/example_python_operator.py
[2026-06-08T12:28:03.091+0000] {processor.py:830} INFO - Processing file /home/airflow/.local/lib/python3.12/site-packages/airflow/example_dags/example_python_operator.py for tasks to queue
[2026-06-08T12:28:03.093+0000] {logging_mixin.py:188} INFO - [2026-06-08T12:28:03.092+0000] {dagbag.py:545} INFO - Filling up the DagBag from /home/airflow/.local/lib/python3.12/site-packages/airflow/example_dags/example_python_operator.py
[2026-06-08T12:28:03.099+0000] {processor.py:840} INFO - DAG(s) 'example_python_operator' retrieved from /home/airflow/.local/lib/python3.12/site-packages/airflow/example_dags/example_python_operator.py
[2026-06-08T12:28:03.121+0000] {logging_mixin.py:188} INFO - [2026-06-08T12:28:03.121+0000] {dag.py:3096} INFO - Sync 1 DAGs
[2026-06-08T12:28:03.131+0000] {logging_mixin.py:188} INFO - [2026-06-08T12:28:03.130+0000] {dag.py:3954} INFO - Setting next_dagrun for example_python_operator to None, run_after=None
[2026-06-08T12:28:03.143+0000] {processor.py:183} INFO - Processing /home/airflow/.local/lib/python3.12/site-packages/airflow/example_dags/example_python_operator.py took 0.056 seconds
[2026-06-08T12:28:33.697+0000] {processor.py:161} INFO - Started process (PID=1374) to work on /home/airflow/.local/lib/python3.12/site-packages/airflow/example_dags/example_python_operator.py
[2026-06-08T12:28:33.697+0000] {processor.py:830} INFO - Processing file /home/airflow/.local/lib/python3.12/site-packages/airflow/example_dags/example_python_operator.py for tasks to queue
[2026-06-08T12:28:33.699+0000] {logging_mixin.py:188} INFO - [2026-06-08T12:28:33.699+0000] {dagbag.py:545} INFO - Filling up the DagBag from /home/airflow/.local/lib/python3.12/site-packages/airflow/example_dags/example_python_operator.py
[2026-06-08T12:28:33.706+0000] {processor.py:840} INFO - DAG(s) 'example_python_operator' retrieved from /home/airflow/.local/lib/python3.12/site-packages/airflow/example_dags/example_python_operator.py
[2026-06-08T12:28:33.721+0000] {logging_mixin.py:188} INFO - [2026-06-08T12:28:33.721+0000] {dag.py:3096} INFO - Sync 1 DAGs
[2026-06-08T12:28:33.735+0000] {logging_mixin.py:188} INFO - [2026-06-08T12:28:33.735+0000] {dag.py:3954} INFO - Setting next_dagrun for example_python_operator to None, run_after=None
[2026-06-08T12:28:33.755+0000] {processor.py:183} INFO - Processing /home/airflow/.local/lib/python3.12/site-packages/airflow/example_dags/example_python_operator.py took 0.063 seconds
[2026-06-08T12:29:04.076+0000] {processor.py:161} INFO - Started process (PID=1433) to work on /home/airflow/.local/lib/python3.12/site-packages/airflow/example_dags/example_python_operator.py
[2026-06-08T12:29:04.076+0000] {processor.py:830} INFO - Processing file /home/airflow/.local/lib/python3.12/site-packages/airflow/example_dags/example_python_operator.py for tasks to queue
[2026-06-08T12:29:04.078+0000] {logging_mixin.py:188} INFO - [2026-06-08T12:29:04.077+0000] {dagbag.py:545} INFO - Filling up the DagBag from /home/airflow/.local/lib/python3.12/site-packages/airflow/example_dags/example_python_operator.py
[2026-06-08T12:29:04.085+0000] {processor.py:840} INFO - DAG(s) 'example_python_operator' retrieved from /home/airflow/.local/lib/python3.12/site-packages/airflow/example_dags/example_python_operator.py
[2026-06-08T12:29:04.102+0000] {logging_mixin.py:188} INFO - [2026-06-08T12:29:04.101+0000] {dag.py:3096} INFO - Sync 1 DAGs
[2026-06-08T12:29:04.110+0000] {logging_mixin.py:188} INFO - [2026-06-08T12:29:04.110+0000] {dag.py:3954} INFO - Setting next_dagrun for example_python_operator to None, run_after=None
[2026-06-08T12:29:04.126+0000] {processor.py:183} INFO - Processing /home/airflow/.local/lib/python3.12/site-packages/airflow/example_dags/example_python_operator.py took 0.054 seconds
[2026-06-08T12:29:34.408+0000] {processor.py:161} INFO - Started process (PID=1492) to work on /home/airflow/.local/lib/python3.12/site-packages/airflow/example_dags/example_python_operator.py
[2026-06-08T12:29:34.409+0000] {processor.py:830} INFO - Processing file /home/airflow/.local/lib/python3.12/site-packages/airflow/example_dags/example_python_operator.py for tasks to queue
[2026-06-08T12:29:34.410+0000] {logging_mixin.py:188} INFO - [2026-06-08T12:29:34.410+0000] {dagbag.py:545} INFO - Filling up the DagBag from /home/airflow/.local/lib/python3.12/site-packages/airflow/example_dags/example_python_operator.py
[2026-06-08T12:29:34.417+0000] {processor.py:840} INFO - DAG(s) 'example_python_operator' retrieved from /home/airflow/.local/lib/python3.12/site-packages/airflow/example_dags/example_python_operator.py
[2026-06-08T12:29:34.439+0000] {logging_mixin.py:188} INFO - [2026-06-08T12:29:34.438+0000] {dag.py:3096} INFO - Sync 1 DAGs
[2026-06-08T12:29:34.448+0000] {logging_mixin.py:188} INFO - [2026-06-08T12:29:34.448+0000] {dag.py:3954} INFO - Setting next_dagrun for example_python_operator to None, run_after=None
[2026-06-08T12:29:34.462+0000] {processor.py:183} INFO - Processing /home/airflow/.local/lib/python3.12/site-packages/airflow/example_dags/example_python_operator.py took 0.057 seconds
[2026-06-08T12:30:05.120+0000] {processor.py:161} INFO - Started process (PID=1551) to work on /home/airflow/.local/lib/python3.12/site-packages/airflow/example_dags/example_python_operator.py
[2026-06-08T12:30:05.121+0000] {processor.py:830} INFO - Processing file /home/airflow/.local/lib/python3.12/site-packages/airflow/example_dags/example_python_operator.py for tasks to queue
[2026-06-08T12:30:05.122+0000] {logging_mixin.py:188} INFO - [2026-06-08T12:30:05.122+0000] {dagbag.py:545} INFO - Filling up the DagBag from /home/airflow/.local/lib/python3.12/site-packages/airflow/example_dags/example_python_operator.py
[2026-06-08T12:30:05.129+0000] {processor.py:840} INFO - DAG(s) 'example_python_operator' retrieved from /home/airflow/.local/lib/python3.12/site-packages/airflow/example_dags/example_python_operator.py
[2026-06-08T12:30:05.153+0000] {logging_mixin.py:188} INFO - [2026-06-08T12:30:05.153+0000] {dag.py:3096} INFO - Sync 1 DAGs
[2026-06-08T12:30:05.167+0000] {logging_mixin.py:188} INFO - [2026-06-08T12:30:05.167+0000] {dag.py:3954} INFO - Setting next_dagrun for example_python_operator to None, run_after=None
[2026-06-08T12:30:05.185+0000] {processor.py:183} INFO - Processing /home/airflow/.local/lib/python3.12/site-packages/airflow/example_dags/example_python_operator.py took 0.071 seconds
[2026-06-08T12:30:35.624+0000] {processor.py:161} INFO - Started process (PID=1610) to work on /home/airflow/.local/lib/python3.12/site-packages/airflow/example_dags/example_python_operator.py
[2026-06-08T12:30:35.624+0000] {processor.py:830} INFO - Processing file /home/airflow/.local/lib/python3.12/site-packages/airflow/example_dags/example_python_operator.py for tasks to queue
[2026-06-08T12:30:35.625+0000] {logging_mixin.py:188} INFO - [2026-06-08T12:30:35.625+0000] {dagbag.py:545} INFO - Filling up the DagBag from /home/airflow/.local/lib/python3.12/site-packages/airflow/example_dags/example_python_operator.py
[2026-06-08T12:30:35.631+0000] {processor.py:840} INFO - DAG(s) 'example_python_operator' retrieved from /home/airflow/.local/lib/python3.12/site-packages/airflow/example_dags/example_python_operator.py
[2026-06-08T12:30:35.647+0000] {logging_mixin.py:188} INFO - [2026-06-08T12:30:35.647+0000] {dag.py:3096} INFO - Sync 1 DAGs
[2026-06-08T12:30:35.655+0000] {logging_mixin.py:188} INFO - [2026-06-08T12:30:35.655+0000] {dag.py:3954} INFO - Setting next_dagrun for example_python_operator to None, run_after=None
[2026-06-08T12:30:35.666+0000] {processor.py:183} INFO - Processing /home/airflow/.local/lib/python3.12/site-packages/airflow/example_dags/example_python_operator.py took 0.047 seconds
[2026-06-08T12:31:06.249+0000] {processor.py:161} INFO - Started process (PID=1669) to work on /home/airflow/.local/lib/python3.12/site-packages/airflow/example_dags/example_python_operator.py
[2026-06-08T12:31:06.249+0000] {processor.py:830} INFO - Processing file /home/airflow/.local/lib/python3.12/site-packages/airflow/example_dags/example_python_operator.py for tasks to queue
[2026-06-08T12:31:06.250+0000] {logging_mixin.py:188} INFO - [2026-06-08T12:31:06.250+0000] {dagbag.py:545} INFO - Filling up the DagBag from /home/airflow/.local/lib/python3.12/site-packages/airflow/example_dags/example_python_operator.py
[2026-06-08T12:31:06.257+0000] {processor.py:840} INFO - DAG(s) 'example_python_operator' retrieved from /home/airflow/.local/lib/python3.12/site-packages/airflow/example_dags/example_python_operator.py
[2026-06-08T12:31:06.271+0000] {logging_mixin.py:188} INFO - [2026-06-08T12:31:06.271+0000] {dag.py:3096} INFO - Sync 1 DAGs
[2026-06-08T12:31:06.279+0000] {logging_mixin.py:188} INFO - [2026-06-08T12:31:06.279+0000] {dag.py:3954} INFO - Setting next_dagrun for example_python_operator to None, run_after=None
[2026-06-08T12:31:06.291+0000] {processor.py:183} INFO - Processing /home/airflow/.local/lib/python3.12/site-packages/airflow/example_dags/example_python_operator.py took 0.046 seconds
[2026-06-08T12:31:36.681+0000] {processor.py:161} INFO - Started process (PID=1728) to work on /home/airflow/.local/lib/python3.12/site-packages/airflow/example_dags/example_python_operator.py
[2026-06-08T12:31:36.682+0000] {processor.py:830} INFO - Processing file /home/airflow/.local/lib/python3.12/site-packages/airflow/example_dags/example_python_operator.py for tasks to queue
[2026-06-08T12:31:36.683+0000] {logging_mixin.py:188} INFO - [2026-06-08T12:31:36.683+0000] {dagbag.py:545} INFO - Filling up the DagBag from /home/airflow/.local/lib/python3.12/site-packages/airflow/example_dags/example_python_operator.py
[2026-06-08T12:31:36.690+0000] {processor.py:840} INFO - DAG(s) 'example_python_operator' retrieved from /home/airflow/.local/lib/python3.12/site-packages/airflow/example_dags/example_python_operator.py
[2026-06-08T12:31:36.709+0000] {logging_mixin.py:188} INFO - [2026-06-08T12:31:36.709+0000] {dag.py:3096} INFO - Sync 1 DAGs
[2026-06-08T12:31:36.723+0000] {logging_mixin.py:188} INFO - [2026-06-08T12:31:36.723+0000] {dag.py:3954} INFO - Setting next_dagrun for example_python_operator to None, run_after=None
[2026-06-08T12:31:36.735+0000] {processor.py:183} INFO - Processing /home/airflow/.local/lib/python3.12/site-packages/airflow/example_dags/example_python_operator.py took 0.058 seconds
[2026-06-08T12:32:06.957+0000] {processor.py:161} INFO - Started process (PID=1787) to work on /home/airflow/.local/lib/python3.12/site-packages/airflow/example_dags/example_python_operator.py
[2026-06-08T12:32:06.957+0000] {processor.py:830} INFO - Processing file /home/airflow/.local/lib/python3.12/site-packages/airflow/example_dags/example_python_operator.py for tasks to queue
[2026-06-08T12:32:06.958+0000] {logging_mixin.py:188} INFO - [2026-06-08T12:32:06.958+0000] {dagbag.py:545} INFO - Filling up the DagBag from /home/airflow/.local/lib/python3.12/site-packages/airflow/example_dags/example_python_operator.py
[2026-06-08T12:32:06.965+0000] {processor.py:840} INFO - DAG(s) 'example_python_operator' retrieved from /home/airflow/.local/lib/python3.12/site-packages/airflow/example_dags/example_python_operator.py
[2026-06-08T12:32:06.981+0000] {logging_mixin.py:188} INFO - [2026-06-08T12:32:06.981+0000] {dag.py:3096} INFO - Sync 1 DAGs
[2026-06-08T12:32:06.992+0000] {logging_mixin.py:188} INFO - [2026-06-08T12:32:06.991+0000] {dag.py:3954} INFO - Setting next_dagrun for example_python_operator to None, run_after=None
[2026-06-08T12:32:07.004+0000] {processor.py:183} INFO - Processing /home/airflow/.local/lib/python3.12/site-packages/airflow/example_dags/example_python_operator.py took 0.052 seconds
[2026-06-08T12:32:37.807+0000] {processor.py:161} INFO - Started process (PID=1846) to work on /home/airflow/.local/lib/python3.12/site-packages/airflow/example_dags/example_python_operator.py
[2026-06-08T12:32:37.808+0000] {processor.py:830} INFO - Processing file /home/airflow/.local/lib/python3.12/site-packages/airflow/example_dags/example_python_operator.py for tasks to queue
[2026-06-08T12:32:37.809+0000] {logging_mixin.py:188} INFO - [2026-06-08T12:32:37.809+0000] {dagbag.py:545} INFO - Filling up the DagBag from /home/airflow/.local/lib/python3.12/site-packages/airflow/example_dags/example_python_operator.py
[2026-06-08T12:32:37.820+0000] {processor.py:840} INFO - DAG(s) 'example_python_operator' retrieved from /home/airflow/.local/lib/python3.12/site-packages/airflow/example_dags/example_python_operator.py
[2026-06-08T12:32:37.838+0000] {logging_mixin.py:188} INFO - [2026-06-08T12:32:37.838+0000] {dag.py:3096} INFO - Sync 1 DAGs
[2026-06-08T12:32:37.855+0000] {logging_mixin.py:188} INFO - [2026-06-08T12:32:37.855+0000] {dag.py:3954} INFO - Setting next_dagrun for example_python_operator to None, run_after=None
[2026-06-08T12:32:37.869+0000] {processor.py:183} INFO - Processing /home/airflow/.local/lib/python3.12/site-packages/airflow/example_dags/example_python_operator.py took 0.068 seconds
[2026-06-08T12:33:08.832+0000] {processor.py:161} INFO - Started process (PID=1905) to work on /home/airflow/.local/lib/python3.12/site-packages/airflow/example_dags/example_python_operator.py
[2026-06-08T12:33:08.833+0000] {processor.py:830} INFO - Processing file /home/airflow/.local/lib/python3.12/site-packages/airflow/example_dags/example_python_operator.py for tasks to queue
[2026-06-08T12:33:08.834+0000] {logging_mixin.py:188} INFO - [2026-06-08T12:33:08.834+0000] {dagbag.py:545} INFO - Filling up the DagBag from /home/airflow/.local/lib/python3.12/site-packages/airflow/example_dags/example_python_operator.py
[2026-06-08T12:33:08.841+0000] {processor.py:840} INFO - DAG(s) 'example_python_operator' retrieved from /home/airflow/.local/lib/python3.12/site-packages/airflow/example_dags/example_python_operator.py
[2026-06-08T12:33:08.868+0000] {logging_mixin.py:188} INFO - [2026-06-08T12:33:08.868+0000] {dag.py:3096} INFO - Sync 1 DAGs
[2026-06-08T12:33:08.881+0000] {logging_mixin.py:188} INFO - [2026-06-08T12:33:08.880+0000] {dag.py:3954} INFO - Setting next_dagrun for example_python_operator to None, run_after=None
[2026-06-08T12:33:08.897+0000] {processor.py:183} INFO - Processing /home/airflow/.local/lib/python3.12/site-packages/airflow/example_dags/example_python_operator.py took 0.069 seconds
[2026-06-08T12:33:39.041+0000] {processor.py:161} INFO - Started process (PID=1964) to work on /home/airflow/.local/lib/python3.12/site-packages/airflow/example_dags/example_python_operator.py
[2026-06-08T12:33:39.042+0000] {processor.py:830} INFO - Processing file /home/airflow/.local/lib/python3.12/site-packages/airflow/example_dags/example_python_operator.py for tasks to queue
[2026-06-08T12:33:39.043+0000] {logging_mixin.py:188} INFO - [2026-06-08T12:33:39.043+0000] {dagbag.py:545} INFO - Filling up the DagBag from /home/airflow/.local/lib/python3.12/site-packages/airflow/example_dags/example_python_operator.py
[2026-06-08T12:33:39.049+0000] {processor.py:840} INFO - DAG(s) 'example_python_operator' retrieved from /home/airflow/.local/lib/python3.12/site-packages/airflow/example_dags/example_python_operator.py
[2026-06-08T12:33:39.070+0000] {logging_mixin.py:188} INFO - [2026-06-08T12:33:39.070+0000] {dag.py:3096} INFO - Sync 1 DAGs
[2026-06-08T12:33:39.079+0000] {logging_mixin.py:188} INFO - [2026-06-08T12:33:39.079+0000] {dag.py:3954} INFO - Setting next_dagrun for example_python_operator to None, run_after=None
[2026-06-08T12:33:39.099+0000] {processor.py:183} INFO - Processing /home/airflow/.local/lib/python3.12/site-packages/airflow/example_dags/example_python_operator.py took 0.061 seconds
[2026-06-08T12:34:10.002+0000] {processor.py:161} INFO - Started process (PID=2023) to work on /home/airflow/.local/lib/python3.12/site-packages/airflow/example_dags/example_python_operator.py
[2026-06-08T12:34:10.003+0000] {processor.py:830} INFO - Processing file /home/airflow/.local/lib/python3.12/site-packages/airflow/example_dags/example_python_operator.py for tasks to queue
[2026-06-08T12:34:10.004+0000] {logging_mixin.py:188} INFO - [2026-06-08T12:34:10.004+0000] {dagbag.py:545} INFO - Filling up the DagBag from /home/airflow/.local/lib/python3.12/site-packages/airflow/example_dags/example_python_operator.py
[2026-06-08T12:34:10.010+0000] {processor.py:840} INFO - DAG(s) 'example_python_operator' retrieved from /home/airflow/.local/lib/python3.12/site-packages/airflow/example_dags/example_python_operator.py
[2026-06-08T12:34:10.028+0000] {logging_mixin.py:188} INFO - [2026-06-08T12:34:10.027+0000] {dag.py:3096} INFO - Sync 1 DAGs
[2026-06-08T12:34:10.037+0000] {logging_mixin.py:188} INFO - [2026-06-08T12:34:10.037+0000] {dag.py:3954} INFO - Setting next_dagrun for example_python_operator to None, run_after=None
[2026-06-08T12:34:10.050+0000] {processor.py:183} INFO - Processing /home/airflow/.local/lib/python3.12/site-packages/airflow/example_dags/example_python_operator.py took 0.051 seconds
[2026-06-08T12:34:41.084+0000] {processor.py:161} INFO - Started process (PID=2082) to work on /home/airflow/.local/lib/python3.12/site-packages/airflow/example_dags/example_python_operator.py
[2026-06-08T12:34:41.085+0000] {processor.py:830} INFO - Processing file /home/airflow/.local/lib/python3.12/site-packages/airflow/example_dags/example_python_operator.py for tasks to queue
[2026-06-08T12:34:41.088+0000] {logging_mixin.py:188} INFO - [2026-06-08T12:34:41.087+0000] {dagbag.py:545} INFO - Filling up the DagBag from /home/airflow/.local/lib/python3.12/site-packages/airflow/example_dags/example_python_operator.py
[2026-06-08T12:34:41.100+0000] {processor.py:840} INFO - DAG(s) 'example_python_operator' retrieved from /home/airflow/.local/lib/python3.12/site-packages/airflow/example_dags/example_python_operator.py
[2026-06-08T12:34:41.250+0000] {logging_mixin.py:188} INFO - [2026-06-08T12:34:41.250+0000] {dag.py:3096} INFO - Sync 1 DAGs
[2026-06-08T12:34:41.261+0000] {logging_mixin.py:188} INFO - [2026-06-08T12:34:41.261+0000] {dag.py:3954} INFO - Setting next_dagrun for example_python_operator to None, run_after=None
[2026-06-08T12:34:41.284+0000] {processor.py:183} INFO - Processing /home/airflow/.local/lib/python3.12/site-packages/airflow/example_dags/example_python_operator.py took 0.206 seconds
[2026-06-08T12:35:12.196+0000] {processor.py:161} INFO - Started process (PID=2141) to work on /home/airflow/.local/lib/python3.12/site-packages/airflow/example_dags/example_python_operator.py
[2026-06-08T12:35:12.206+0000] {processor.py:830} INFO - Processing file /home/airflow/.local/lib/python3.12/site-packages/airflow/example_dags/example_python_operator.py for tasks to queue
[2026-06-08T12:35:12.209+0000] {logging_mixin.py:188} INFO - [2026-06-08T12:35:12.208+0000] {dagbag.py:545} INFO - Filling up the DagBag from /home/airflow/.local/lib/python3.12/site-packages/airflow/example_dags/example_python_operator.py
[2026-06-08T12:35:12.220+0000] {processor.py:840} INFO - DAG(s) 'example_python_operator' retrieved from /home/airflow/.local/lib/python3.12/site-packages/airflow/example_dags/example_python_operator.py
[2026-06-08T12:35:12.243+0000] {logging_mixin.py:188} INFO - [2026-06-08T12:35:12.243+0000] {dag.py:3096} INFO - Sync 1 DAGs
[2026-06-08T12:35:12.251+0000] {logging_mixin.py:188} INFO - [2026-06-08T12:35:12.251+0000] {dag.py:3954} INFO - Setting next_dagrun for example_python_operator to None, run_after=None
[2026-06-08T12:35:12.268+0000] {processor.py:183} INFO - Processing /home/airflow/.local/lib/python3.12/site-packages/airflow/example_dags/example_python_operator.py took 0.081 seconds
[2026-06-08T12:35:42.769+0000] {processor.py:161} INFO - Started process (PID=2200) to work on /home/airflow/.local/lib/python3.12/site-packages/airflow/example_dags/example_python_operator.py
[2026-06-08T12:35:42.780+0000] {processor.py:830} INFO - Processing file /home/airflow/.local/lib/python3.12/site-packages/airflow/example_dags/example_python_operator.py for tasks to queue
[2026-06-08T12:35:42.784+0000] {logging_mixin.py:188} INFO - [2026-06-08T12:35:42.783+0000] {dagbag.py:545} INFO - Filling up the DagBag from /home/airflow/.local/lib/python3.12/site-packages/airflow/example_dags/example_python_operator.py
[2026-06-08T12:35:42.802+0000] {processor.py:840} INFO - DAG(s) 'example_python_operator' retrieved from /home/airflow/.local/lib/python3.12/site-packages/airflow/example_dags/example_python_operator.py
[2026-06-08T12:35:42.823+0000] {logging_mixin.py:188} INFO - [2026-06-08T12:35:42.823+0000] {dag.py:3096} INFO - Sync 1 DAGs
[2026-06-08T12:35:42.832+0000] {logging_mixin.py:188} INFO - [2026-06-08T12:35:42.831+0000] {dag.py:3954} INFO - Setting next_dagrun for example_python_operator to None, run_after=None
[2026-06-08T12:35:42.849+0000] {processor.py:183} INFO - Processing /home/airflow/.local/lib/python3.12/site-packages/airflow/example_dags/example_python_operator.py took 0.087 seconds
[2026-06-08T12:36:13.306+0000] {processor.py:161} INFO - Started process (PID=2259) to work on /home/airflow/.local/lib/python3.12/site-packages/airflow/example_dags/example_python_operator.py
[2026-06-08T12:36:13.307+0000] {processor.py:830} INFO - Processing file /home/airflow/.local/lib/python3.12/site-packages/airflow/example_dags/example_python_operator.py for tasks to queue
[2026-06-08T12:36:13.309+0000] {logging_mixin.py:188} INFO - [2026-06-08T12:36:13.309+0000] {dagbag.py:545} INFO - Filling up the DagBag from /home/airflow/.local/lib/python3.12/site-packages/airflow/example_dags/example_python_operator.py
[2026-06-08T12:36:13.318+0000] {processor.py:840} INFO - DAG(s) 'example_python_operator' retrieved from /home/airflow/.local/lib/python3.12/site-packages/airflow/example_dags/example_python_operator.py
[2026-06-08T12:36:13.338+0000] {logging_mixin.py:188} INFO - [2026-06-08T12:36:13.338+0000] {dag.py:3096} INFO - Sync 1 DAGs
[2026-06-08T12:36:13.346+0000] {logging_mixin.py:188} INFO - [2026-06-08T12:36:13.346+0000] {dag.py:3954} INFO - Setting next_dagrun for example_python_operator to None, run_after=None
[2026-06-08T12:36:13.359+0000] {processor.py:183} INFO - Processing /home/airflow/.local/lib/python3.12/site-packages/airflow/example_dags/example_python_operator.py took 0.061 seconds
[2026-06-08T12:36:43.814+0000] {processor.py:161} INFO - Started process (PID=2318) to work on /home/airflow/.local/lib/python3.12/site-packages/airflow/example_dags/example_python_operator.py
[2026-06-08T12:36:43.815+0000] {processor.py:830} INFO - Processing file /home/airflow/.local/lib/python3.12/site-packages/airflow/example_dags/example_python_operator.py for tasks to queue
[2026-06-08T12:36:43.817+0000] {logging_mixin.py:188} INFO - [2026-06-08T12:36:43.817+0000] {dagbag.py:545} INFO - Filling up the DagBag from /home/airflow/.local/lib/python3.12/site-packages/airflow/example_dags/example_python_operator.py
[2026-06-08T12:36:43.831+0000] {processor.py:840} INFO - DAG(s) 'example_python_operator' retrieved from /home/airflow/.local/lib/python3.12/site-packages/airflow/example_dags/example_python_operator.py
[2026-06-08T12:36:43.853+0000] {logging_mixin.py:188} INFO - [2026-06-08T12:36:43.853+0000] {dag.py:3096} INFO - Sync 1 DAGs
[2026-06-08T12:36:43.867+0000] {logging_mixin.py:188} INFO - [2026-06-08T12:36:43.867+0000] {dag.py:3954} INFO - Setting next_dagrun for example_python_operator to None, run_after=None
[2026-06-08T12:36:43.887+0000] {processor.py:183} INFO - Processing /home/airflow/.local/lib/python3.12/site-packages/airflow/example_dags/example_python_operator.py took 0.080 seconds
[2026-06-08T12:37:14.132+0000] {processor.py:161} INFO - Started process (PID=2377) to work on /home/airflow/.local/lib/python3.12/site-packages/airflow/example_dags/example_python_operator.py
[2026-06-08T12:37:14.142+0000] {processor.py:830} INFO - Processing file /home/airflow/.local/lib/python3.12/site-packages/airflow/example_dags/example_python_operator.py for tasks to queue
[2026-06-08T12:37:14.146+0000] {logging_mixin.py:188} INFO - [2026-06-08T12:37:14.145+0000] {dagbag.py:545} INFO - Filling up the DagBag from /home/airflow/.local/lib/python3.12/site-packages/airflow/example_dags/example_python_operator.py
[2026-06-08T12:37:14.157+0000] {processor.py:840} INFO - DAG(s) 'example_python_operator' retrieved from /home/airflow/.local/lib/python3.12/site-packages/airflow/example_dags/example_python_operator.py
[2026-06-08T12:37:14.184+0000] {logging_mixin.py:188} INFO - [2026-06-08T12:37:14.184+0000] {dag.py:3096} INFO - Sync 1 DAGs
[2026-06-08T12:37:14.194+0000] {logging_mixin.py:188} INFO - [2026-06-08T12:37:14.193+0000] {dag.py:3954} INFO - Setting next_dagrun for example_python_operator to None, run_after=None
[2026-06-08T12:37:14.215+0000] {processor.py:183} INFO - Processing /home/airflow/.local/lib/python3.12/site-packages/airflow/example_dags/example_python_operator.py took 0.093 seconds
[2026-06-08T12:37:44.626+0000] {processor.py:161} INFO - Started process (PID=2436) to work on /home/airflow/.local/lib/python3.12/site-packages/airflow/example_dags/example_python_operator.py
[2026-06-08T12:37:44.627+0000] {processor.py:830} INFO - Processing file /home/airflow/.local/lib/python3.12/site-packages/airflow/example_dags/example_python_operator.py for tasks to queue
[2026-06-08T12:37:44.629+0000] {logging_mixin.py:188} INFO - [2026-06-08T12:37:44.629+0000] {dagbag.py:545} INFO - Filling up the DagBag from /home/airflow/.local/lib/python3.12/site-packages/airflow/example_dags/example_python_operator.py
[2026-06-08T12:37:44.636+0000] {processor.py:840} INFO - DAG(s) 'example_python_operator' retrieved from /home/airflow/.local/lib/python3.12/site-packages/airflow/example_dags/example_python_operator.py
[2026-06-08T12:37:44.651+0000] {logging_mixin.py:188} INFO - [2026-06-08T12:37:44.651+0000] {dag.py:3096} INFO - Sync 1 DAGs
[2026-06-08T12:37:44.659+0000] {logging_mixin.py:188} INFO - [2026-06-08T12:37:44.659+0000] {dag.py:3954} INFO - Setting next_dagrun for example_python_operator to None, run_after=None
[2026-06-08T12:37:44.677+0000] {processor.py:183} INFO - Processing /home/airflow/.local/lib/python3.12/site-packages/airflow/example_dags/example_python_operator.py took 0.058 seconds
