[2026-06-08T12:17:51.627+0000] {processor.py:161} INFO - Started process (PID=72) to work on /home/airflow/.local/lib/python3.12/site-packages/airflow/example_dags/example_sensors.py
[2026-06-08T12:17:51.627+0000] {processor.py:830} INFO - Processing file /home/airflow/.local/lib/python3.12/site-packages/airflow/example_dags/example_sensors.py for tasks to queue
[2026-06-08T12:17:51.628+0000] {logging_mixin.py:188} INFO - [2026-06-08T12:17:51.628+0000] {dagbag.py:545} INFO - Filling up the DagBag from /home/airflow/.local/lib/python3.12/site-packages/airflow/example_dags/example_sensors.py
[2026-06-08T12:17:51.637+0000] {processor.py:840} INFO - DAG(s) 'example_sensors' retrieved from /home/airflow/.local/lib/python3.12/site-packages/airflow/example_dags/example_sensors.py
[2026-06-08T12:17:51.649+0000] {logging_mixin.py:188} INFO - [2026-06-08T12:17:51.648+0000] {dag.py:3096} INFO - Sync 1 DAGs
[2026-06-08T12:17:51.665+0000] {logging_mixin.py:188} INFO - [2026-06-08T12:17:51.664+0000] {dag.py:3954} INFO - Setting next_dagrun for example_sensors to None, run_after=None
[2026-06-08T12:17:51.682+0000] {processor.py:183} INFO - Processing /home/airflow/.local/lib/python3.12/site-packages/airflow/example_dags/example_sensors.py took 0.061 seconds
[2026-06-08T12:18:22.827+0000] {processor.py:161} INFO - Started process (PID=136) to work on /home/airflow/.local/lib/python3.12/site-packages/airflow/example_dags/example_sensors.py
[2026-06-08T12:18:22.827+0000] {processor.py:830} INFO - Processing file /home/airflow/.local/lib/python3.12/site-packages/airflow/example_dags/example_sensors.py for tasks to queue
[2026-06-08T12:18:22.828+0000] {logging_mixin.py:188} INFO - [2026-06-08T12:18:22.828+0000] {dagbag.py:545} INFO - Filling up the DagBag from /home/airflow/.local/lib/python3.12/site-packages/airflow/example_dags/example_sensors.py
[2026-06-08T12:18:22.835+0000] {processor.py:840} INFO - DAG(s) 'example_sensors' retrieved from /home/airflow/.local/lib/python3.12/site-packages/airflow/example_dags/example_sensors.py
[2026-06-08T12:18:22.915+0000] {logging_mixin.py:188} INFO - [2026-06-08T12:18:22.915+0000] {dag.py:3096} INFO - Sync 1 DAGs
[2026-06-08T12:18:22.926+0000] {logging_mixin.py:188} INFO - [2026-06-08T12:18:22.925+0000] {dag.py:3954} INFO - Setting next_dagrun for example_sensors to None, run_after=None
[2026-06-08T12:18:22.946+0000] {processor.py:183} INFO - Processing /home/airflow/.local/lib/python3.12/site-packages/airflow/example_dags/example_sensors.py took 0.123 seconds
[2026-06-08T12:18:52.986+0000] {processor.py:161} INFO - Started process (PID=194) to work on /home/airflow/.local/lib/python3.12/site-packages/airflow/example_dags/example_sensors.py
[2026-06-08T12:18:52.987+0000] {processor.py:830} INFO - Processing file /home/airflow/.local/lib/python3.12/site-packages/airflow/example_dags/example_sensors.py for tasks to queue
[2026-06-08T12:18:52.989+0000] {logging_mixin.py:188} INFO - [2026-06-08T12:18:52.989+0000] {dagbag.py:545} INFO - Filling up the DagBag from /home/airflow/.local/lib/python3.12/site-packages/airflow/example_dags/example_sensors.py
[2026-06-08T12:18:52.998+0000] {processor.py:840} INFO - DAG(s) 'example_sensors' retrieved from /home/airflow/.local/lib/python3.12/site-packages/airflow/example_dags/example_sensors.py
[2026-06-08T12:18:53.025+0000] {logging_mixin.py:188} INFO - [2026-06-08T12:18:53.025+0000] {dag.py:3096} INFO - Sync 1 DAGs
[2026-06-08T12:18:53.040+0000] {logging_mixin.py:188} INFO - [2026-06-08T12:18:53.040+0000] {dag.py:3954} INFO - Setting next_dagrun for example_sensors to None, run_after=None
[2026-06-08T12:18:53.062+0000] {processor.py:183} INFO - Processing /home/airflow/.local/lib/python3.12/site-packages/airflow/example_dags/example_sensors.py took 0.081 seconds
[2026-06-08T12:19:23.269+0000] {processor.py:161} INFO - Started process (PID=252) to work on /home/airflow/.local/lib/python3.12/site-packages/airflow/example_dags/example_sensors.py
[2026-06-08T12:19:23.270+0000] {processor.py:830} INFO - Processing file /home/airflow/.local/lib/python3.12/site-packages/airflow/example_dags/example_sensors.py for tasks to queue
[2026-06-08T12:19:23.273+0000] {logging_mixin.py:188} INFO - [2026-06-08T12:19:23.272+0000] {dagbag.py:545} INFO - Filling up the DagBag from /home/airflow/.local/lib/python3.12/site-packages/airflow/example_dags/example_sensors.py
[2026-06-08T12:19:23.278+0000] {processor.py:840} INFO - DAG(s) 'example_sensors' retrieved from /home/airflow/.local/lib/python3.12/site-packages/airflow/example_dags/example_sensors.py
[2026-06-08T12:19:23.299+0000] {logging_mixin.py:188} INFO - [2026-06-08T12:19:23.299+0000] {dag.py:3096} INFO - Sync 1 DAGs
[2026-06-08T12:19:23.309+0000] {logging_mixin.py:188} INFO - [2026-06-08T12:19:23.308+0000] {dag.py:3954} INFO - Setting next_dagrun for example_sensors to None, run_after=None
[2026-06-08T12:19:23.329+0000] {processor.py:183} INFO - Processing /home/airflow/.local/lib/python3.12/site-packages/airflow/example_dags/example_sensors.py took 0.066 seconds
[2026-06-08T12:19:53.809+0000] {processor.py:161} INFO - Started process (PID=310) to work on /home/airflow/.local/lib/python3.12/site-packages/airflow/example_dags/example_sensors.py
[2026-06-08T12:19:53.810+0000] {processor.py:830} INFO - Processing file /home/airflow/.local/lib/python3.12/site-packages/airflow/example_dags/example_sensors.py for tasks to queue
[2026-06-08T12:19:53.811+0000] {logging_mixin.py:188} INFO - [2026-06-08T12:19:53.810+0000] {dagbag.py:545} INFO - Filling up the DagBag from /home/airflow/.local/lib/python3.12/site-packages/airflow/example_dags/example_sensors.py
[2026-06-08T12:19:53.816+0000] {processor.py:840} INFO - DAG(s) 'example_sensors' retrieved from /home/airflow/.local/lib/python3.12/site-packages/airflow/example_dags/example_sensors.py
[2026-06-08T12:19:53.832+0000] {logging_mixin.py:188} INFO - [2026-06-08T12:19:53.832+0000] {dag.py:3096} INFO - Sync 1 DAGs
[2026-06-08T12:19:53.839+0000] {logging_mixin.py:188} INFO - [2026-06-08T12:19:53.839+0000] {dag.py:3954} INFO - Setting next_dagrun for example_sensors to None, run_after=None
[2026-06-08T12:19:53.851+0000] {processor.py:183} INFO - Processing /home/airflow/.local/lib/python3.12/site-packages/airflow/example_dags/example_sensors.py took 0.045 seconds
[2026-06-08T12:20:24.330+0000] {processor.py:161} INFO - Started process (PID=368) to work on /home/airflow/.local/lib/python3.12/site-packages/airflow/example_dags/example_sensors.py
[2026-06-08T12:20:24.331+0000] {processor.py:830} INFO - Processing file /home/airflow/.local/lib/python3.12/site-packages/airflow/example_dags/example_sensors.py for tasks to queue
[2026-06-08T12:20:24.332+0000] {logging_mixin.py:188} INFO - [2026-06-08T12:20:24.332+0000] {dagbag.py:545} INFO - Filling up the DagBag from /home/airflow/.local/lib/python3.12/site-packages/airflow/example_dags/example_sensors.py
[2026-06-08T12:20:24.339+0000] {processor.py:840} INFO - DAG(s) 'example_sensors' retrieved from /home/airflow/.local/lib/python3.12/site-packages/airflow/example_dags/example_sensors.py
[2026-06-08T12:20:24.359+0000] {logging_mixin.py:188} INFO - [2026-06-08T12:20:24.359+0000] {dag.py:3096} INFO - Sync 1 DAGs
[2026-06-08T12:20:24.368+0000] {logging_mixin.py:188} INFO - [2026-06-08T12:20:24.367+0000] {dag.py:3954} INFO - Setting next_dagrun for example_sensors to None, run_after=None
[2026-06-08T12:20:24.382+0000] {processor.py:183} INFO - Processing /home/airflow/.local/lib/python3.12/site-packages/airflow/example_dags/example_sensors.py took 0.058 seconds
[2026-06-08T12:20:54.894+0000] {processor.py:161} INFO - Started process (PID=426) to work on /home/airflow/.local/lib/python3.12/site-packages/airflow/example_dags/example_sensors.py
[2026-06-08T12:20:54.894+0000] {processor.py:830} INFO - Processing file /home/airflow/.local/lib/python3.12/site-packages/airflow/example_dags/example_sensors.py for tasks to queue
[2026-06-08T12:20:54.896+0000] {logging_mixin.py:188} INFO - [2026-06-08T12:20:54.896+0000] {dagbag.py:545} INFO - Filling up the DagBag from /home/airflow/.local/lib/python3.12/site-packages/airflow/example_dags/example_sensors.py
[2026-06-08T12:20:54.902+0000] {processor.py:840} INFO - DAG(s) 'example_sensors' retrieved from /home/airflow/.local/lib/python3.12/site-packages/airflow/example_dags/example_sensors.py
[2026-06-08T12:20:54.924+0000] {logging_mixin.py:188} INFO - [2026-06-08T12:20:54.923+0000] {dag.py:3096} INFO - Sync 1 DAGs
[2026-06-08T12:20:54.936+0000] {logging_mixin.py:188} INFO - [2026-06-08T12:20:54.936+0000] {dag.py:3954} INFO - Setting next_dagrun for example_sensors to None, run_after=None
[2026-06-08T12:20:54.954+0000] {processor.py:183} INFO - Processing /home/airflow/.local/lib/python3.12/site-packages/airflow/example_dags/example_sensors.py took 0.064 seconds
[2026-06-08T12:21:24.991+0000] {processor.py:161} INFO - Started process (PID=484) to work on /home/airflow/.local/lib/python3.12/site-packages/airflow/example_dags/example_sensors.py
[2026-06-08T12:21:24.992+0000] {processor.py:830} INFO - Processing file /home/airflow/.local/lib/python3.12/site-packages/airflow/example_dags/example_sensors.py for tasks to queue
[2026-06-08T12:21:24.993+0000] {logging_mixin.py:188} INFO - [2026-06-08T12:21:24.993+0000] {dagbag.py:545} INFO - Filling up the DagBag from /home/airflow/.local/lib/python3.12/site-packages/airflow/example_dags/example_sensors.py
[2026-06-08T12:21:24.999+0000] {processor.py:840} INFO - DAG(s) 'example_sensors' retrieved from /home/airflow/.local/lib/python3.12/site-packages/airflow/example_dags/example_sensors.py
[2026-06-08T12:21:25.015+0000] {logging_mixin.py:188} INFO - [2026-06-08T12:21:25.015+0000] {dag.py:3096} INFO - Sync 1 DAGs
[2026-06-08T12:21:25.023+0000] {logging_mixin.py:188} INFO - [2026-06-08T12:21:25.023+0000] {dag.py:3954} INFO - Setting next_dagrun for example_sensors to None, run_after=None
[2026-06-08T12:21:25.036+0000] {processor.py:183} INFO - Processing /home/airflow/.local/lib/python3.12/site-packages/airflow/example_dags/example_sensors.py took 0.049 seconds
[2026-06-08T12:21:55.653+0000] {processor.py:161} INFO - Started process (PID=564) to work on /home/airflow/.local/lib/python3.12/site-packages/airflow/example_dags/example_sensors.py
[2026-06-08T12:21:55.654+0000] {processor.py:830} INFO - Processing file /home/airflow/.local/lib/python3.12/site-packages/airflow/example_dags/example_sensors.py for tasks to queue
[2026-06-08T12:21:55.655+0000] {logging_mixin.py:188} INFO - [2026-06-08T12:21:55.655+0000] {dagbag.py:545} INFO - Filling up the DagBag from /home/airflow/.local/lib/python3.12/site-packages/airflow/example_dags/example_sensors.py
[2026-06-08T12:21:55.661+0000] {processor.py:840} INFO - DAG(s) 'example_sensors' retrieved from /home/airflow/.local/lib/python3.12/site-packages/airflow/example_dags/example_sensors.py
[2026-06-08T12:21:55.693+0000] {logging_mixin.py:188} INFO - [2026-06-08T12:21:55.693+0000] {dag.py:3096} INFO - Sync 1 DAGs
[2026-06-08T12:21:55.703+0000] {logging_mixin.py:188} INFO - [2026-06-08T12:21:55.703+0000] {dag.py:3954} INFO - Setting next_dagrun for example_sensors to None, run_after=None
[2026-06-08T12:21:55.724+0000] {processor.py:183} INFO - Processing /home/airflow/.local/lib/python3.12/site-packages/airflow/example_dags/example_sensors.py took 0.075 seconds
[2026-06-08T12:22:26.814+0000] {processor.py:161} INFO - Started process (PID=622) to work on /home/airflow/.local/lib/python3.12/site-packages/airflow/example_dags/example_sensors.py
[2026-06-08T12:22:26.814+0000] {processor.py:830} INFO - Processing file /home/airflow/.local/lib/python3.12/site-packages/airflow/example_dags/example_sensors.py for tasks to queue
[2026-06-08T12:22:26.815+0000] {logging_mixin.py:188} INFO - [2026-06-08T12:22:26.815+0000] {dagbag.py:545} INFO - Filling up the DagBag from /home/airflow/.local/lib/python3.12/site-packages/airflow/example_dags/example_sensors.py
[2026-06-08T12:22:26.821+0000] {processor.py:840} INFO - DAG(s) 'example_sensors' retrieved from /home/airflow/.local/lib/python3.12/site-packages/airflow/example_dags/example_sensors.py
[2026-06-08T12:22:26.843+0000] {logging_mixin.py:188} INFO - [2026-06-08T12:22:26.843+0000] {dag.py:3096} INFO - Sync 1 DAGs
[2026-06-08T12:22:26.863+0000] {logging_mixin.py:188} INFO - [2026-06-08T12:22:26.862+0000] {dag.py:3954} INFO - Setting next_dagrun for example_sensors to None, run_after=None
[2026-06-08T12:22:26.910+0000] {processor.py:183} INFO - Processing /home/airflow/.local/lib/python3.12/site-packages/airflow/example_dags/example_sensors.py took 0.102 seconds
[2026-06-08T12:22:57.485+0000] {processor.py:161} INFO - Started process (PID=703) to work on /home/airflow/.local/lib/python3.12/site-packages/airflow/example_dags/example_sensors.py
[2026-06-08T12:22:57.485+0000] {processor.py:830} INFO - Processing file /home/airflow/.local/lib/python3.12/site-packages/airflow/example_dags/example_sensors.py for tasks to queue
[2026-06-08T12:22:57.487+0000] {logging_mixin.py:188} INFO - [2026-06-08T12:22:57.486+0000] {dagbag.py:545} INFO - Filling up the DagBag from /home/airflow/.local/lib/python3.12/site-packages/airflow/example_dags/example_sensors.py
[2026-06-08T12:22:57.494+0000] {processor.py:840} INFO - DAG(s) 'example_sensors' retrieved from /home/airflow/.local/lib/python3.12/site-packages/airflow/example_dags/example_sensors.py
[2026-06-08T12:22:57.511+0000] {logging_mixin.py:188} INFO - [2026-06-08T12:22:57.510+0000] {dag.py:3096} INFO - Sync 1 DAGs
[2026-06-08T12:22:57.526+0000] {logging_mixin.py:188} INFO - [2026-06-08T12:22:57.525+0000] {dag.py:3954} INFO - Setting next_dagrun for example_sensors to None, run_after=None
[2026-06-08T12:22:57.545+0000] {processor.py:183} INFO - Processing /home/airflow/.local/lib/python3.12/site-packages/airflow/example_dags/example_sensors.py took 0.064 seconds
[2026-06-08T12:23:28.607+0000] {processor.py:161} INFO - Started process (PID=783) to work on /home/airflow/.local/lib/python3.12/site-packages/airflow/example_dags/example_sensors.py
[2026-06-08T12:23:28.608+0000] {processor.py:830} INFO - Processing file /home/airflow/.local/lib/python3.12/site-packages/airflow/example_dags/example_sensors.py for tasks to queue
[2026-06-08T12:23:28.609+0000] {logging_mixin.py:188} INFO - [2026-06-08T12:23:28.608+0000] {dagbag.py:545} INFO - Filling up the DagBag from /home/airflow/.local/lib/python3.12/site-packages/airflow/example_dags/example_sensors.py
[2026-06-08T12:23:28.615+0000] {processor.py:840} INFO - DAG(s) 'example_sensors' retrieved from /home/airflow/.local/lib/python3.12/site-packages/airflow/example_dags/example_sensors.py
[2026-06-08T12:23:28.682+0000] {logging_mixin.py:188} INFO - [2026-06-08T12:23:28.682+0000] {dag.py:3096} INFO - Sync 1 DAGs
[2026-06-08T12:23:28.688+0000] {logging_mixin.py:188} INFO - [2026-06-08T12:23:28.688+0000] {dag.py:3954} INFO - Setting next_dagrun for example_sensors to None, run_after=None
[2026-06-08T12:23:28.701+0000] {processor.py:183} INFO - Processing /home/airflow/.local/lib/python3.12/site-packages/airflow/example_dags/example_sensors.py took 0.100 seconds
[2026-06-08T12:23:59.034+0000] {processor.py:161} INFO - Started process (PID=842) to work on /home/airflow/.local/lib/python3.12/site-packages/airflow/example_dags/example_sensors.py
[2026-06-08T12:23:59.036+0000] {processor.py:830} INFO - Processing file /home/airflow/.local/lib/python3.12/site-packages/airflow/example_dags/example_sensors.py for tasks to queue
[2026-06-08T12:23:59.037+0000] {logging_mixin.py:188} INFO - [2026-06-08T12:23:59.037+0000] {dagbag.py:545} INFO - Filling up the DagBag from /home/airflow/.local/lib/python3.12/site-packages/airflow/example_dags/example_sensors.py
[2026-06-08T12:23:59.043+0000] {processor.py:840} INFO - DAG(s) 'example_sensors' retrieved from /home/airflow/.local/lib/python3.12/site-packages/airflow/example_dags/example_sensors.py
[2026-06-08T12:23:59.063+0000] {logging_mixin.py:188} INFO - [2026-06-08T12:23:59.063+0000] {dag.py:3096} INFO - Sync 1 DAGs
[2026-06-08T12:23:59.073+0000] {logging_mixin.py:188} INFO - [2026-06-08T12:23:59.072+0000] {dag.py:3954} INFO - Setting next_dagrun for example_sensors to None, run_after=None
[2026-06-08T12:23:59.089+0000] {processor.py:183} INFO - Processing /home/airflow/.local/lib/python3.12/site-packages/airflow/example_dags/example_sensors.py took 0.062 seconds
[2026-06-08T12:24:29.741+0000] {processor.py:161} INFO - Started process (PID=901) to work on /home/airflow/.local/lib/python3.12/site-packages/airflow/example_dags/example_sensors.py
[2026-06-08T12:24:29.742+0000] {processor.py:830} INFO - Processing file /home/airflow/.local/lib/python3.12/site-packages/airflow/example_dags/example_sensors.py for tasks to queue
[2026-06-08T12:24:29.743+0000] {logging_mixin.py:188} INFO - [2026-06-08T12:24:29.742+0000] {dagbag.py:545} INFO - Filling up the DagBag from /home/airflow/.local/lib/python3.12/site-packages/airflow/example_dags/example_sensors.py
[2026-06-08T12:24:29.748+0000] {processor.py:840} INFO - DAG(s) 'example_sensors' retrieved from /home/airflow/.local/lib/python3.12/site-packages/airflow/example_dags/example_sensors.py
[2026-06-08T12:24:29.769+0000] {logging_mixin.py:188} INFO - [2026-06-08T12:24:29.769+0000] {dag.py:3096} INFO - Sync 1 DAGs
[2026-06-08T12:24:29.777+0000] {logging_mixin.py:188} INFO - [2026-06-08T12:24:29.777+0000] {dag.py:3954} INFO - Setting next_dagrun for example_sensors to None, run_after=None
[2026-06-08T12:24:29.789+0000] {processor.py:183} INFO - Processing /home/airflow/.local/lib/python3.12/site-packages/airflow/example_dags/example_sensors.py took 0.051 seconds
[2026-06-08T12:25:00.261+0000] {processor.py:161} INFO - Started process (PID=960) to work on /home/airflow/.local/lib/python3.12/site-packages/airflow/example_dags/example_sensors.py
[2026-06-08T12:25:00.261+0000] {processor.py:830} INFO - Processing file /home/airflow/.local/lib/python3.12/site-packages/airflow/example_dags/example_sensors.py for tasks to queue
[2026-06-08T12:25:00.262+0000] {logging_mixin.py:188} INFO - [2026-06-08T12:25:00.262+0000] {dagbag.py:545} INFO - Filling up the DagBag from /home/airflow/.local/lib/python3.12/site-packages/airflow/example_dags/example_sensors.py
[2026-06-08T12:25:00.269+0000] {processor.py:840} INFO - DAG(s) 'example_sensors' retrieved from /home/airflow/.local/lib/python3.12/site-packages/airflow/example_dags/example_sensors.py
[2026-06-08T12:25:00.289+0000] {logging_mixin.py:188} INFO - [2026-06-08T12:25:00.288+0000] {dag.py:3096} INFO - Sync 1 DAGs
[2026-06-08T12:25:00.297+0000] {logging_mixin.py:188} INFO - [2026-06-08T12:25:00.297+0000] {dag.py:3954} INFO - Setting next_dagrun for example_sensors to None, run_after=None
[2026-06-08T12:25:00.312+0000] {processor.py:183} INFO - Processing /home/airflow/.local/lib/python3.12/site-packages/airflow/example_dags/example_sensors.py took 0.058 seconds
[2026-06-08T12:25:30.747+0000] {processor.py:161} INFO - Started process (PID=1020) to work on /home/airflow/.local/lib/python3.12/site-packages/airflow/example_dags/example_sensors.py
[2026-06-08T12:25:30.748+0000] {processor.py:830} INFO - Processing file /home/airflow/.local/lib/python3.12/site-packages/airflow/example_dags/example_sensors.py for tasks to queue
[2026-06-08T12:25:30.749+0000] {logging_mixin.py:188} INFO - [2026-06-08T12:25:30.749+0000] {dagbag.py:545} INFO - Filling up the DagBag from /home/airflow/.local/lib/python3.12/site-packages/airflow/example_dags/example_sensors.py
[2026-06-08T12:25:30.755+0000] {processor.py:840} INFO - DAG(s) 'example_sensors' retrieved from /home/airflow/.local/lib/python3.12/site-packages/airflow/example_dags/example_sensors.py
[2026-06-08T12:25:30.774+0000] {logging_mixin.py:188} INFO - [2026-06-08T12:25:30.774+0000] {dag.py:3096} INFO - Sync 1 DAGs
[2026-06-08T12:25:30.783+0000] {logging_mixin.py:188} INFO - [2026-06-08T12:25:30.782+0000] {dag.py:3954} INFO - Setting next_dagrun for example_sensors to None, run_after=None
[2026-06-08T12:25:30.795+0000] {processor.py:183} INFO - Processing /home/airflow/.local/lib/python3.12/site-packages/airflow/example_dags/example_sensors.py took 0.051 seconds
[2026-06-08T12:26:01.210+0000] {processor.py:161} INFO - Started process (PID=1079) to work on /home/airflow/.local/lib/python3.12/site-packages/airflow/example_dags/example_sensors.py
[2026-06-08T12:26:01.210+0000] {processor.py:830} INFO - Processing file /home/airflow/.local/lib/python3.12/site-packages/airflow/example_dags/example_sensors.py for tasks to queue
[2026-06-08T12:26:01.211+0000] {logging_mixin.py:188} INFO - [2026-06-08T12:26:01.211+0000] {dagbag.py:545} INFO - Filling up the DagBag from /home/airflow/.local/lib/python3.12/site-packages/airflow/example_dags/example_sensors.py
[2026-06-08T12:26:01.217+0000] {processor.py:840} INFO - DAG(s) 'example_sensors' retrieved from /home/airflow/.local/lib/python3.12/site-packages/airflow/example_dags/example_sensors.py
[2026-06-08T12:26:01.237+0000] {logging_mixin.py:188} INFO - [2026-06-08T12:26:01.237+0000] {dag.py:3096} INFO - Sync 1 DAGs
[2026-06-08T12:26:01.247+0000] {logging_mixin.py:188} INFO - [2026-06-08T12:26:01.247+0000] {dag.py:3954} INFO - Setting next_dagrun for example_sensors to None, run_after=None
[2026-06-08T12:26:01.259+0000] {processor.py:183} INFO - Processing /home/airflow/.local/lib/python3.12/site-packages/airflow/example_dags/example_sensors.py took 0.053 seconds
[2026-06-08T12:26:31.580+0000] {processor.py:161} INFO - Started process (PID=1138) to work on /home/airflow/.local/lib/python3.12/site-packages/airflow/example_dags/example_sensors.py
[2026-06-08T12:26:31.581+0000] {processor.py:830} INFO - Processing file /home/airflow/.local/lib/python3.12/site-packages/airflow/example_dags/example_sensors.py for tasks to queue
[2026-06-08T12:26:31.582+0000] {logging_mixin.py:188} INFO - [2026-06-08T12:26:31.582+0000] {dagbag.py:545} INFO - Filling up the DagBag from /home/airflow/.local/lib/python3.12/site-packages/airflow/example_dags/example_sensors.py
[2026-06-08T12:26:31.588+0000] {processor.py:840} INFO - DAG(s) 'example_sensors' retrieved from /home/airflow/.local/lib/python3.12/site-packages/airflow/example_dags/example_sensors.py
[2026-06-08T12:26:31.619+0000] {logging_mixin.py:188} INFO - [2026-06-08T12:26:31.619+0000] {dag.py:3096} INFO - Sync 1 DAGs
[2026-06-08T12:26:31.634+0000] {logging_mixin.py:188} INFO - [2026-06-08T12:26:31.634+0000] {dag.py:3954} INFO - Setting next_dagrun for example_sensors to None, run_after=None
[2026-06-08T12:26:31.649+0000] {processor.py:183} INFO - Processing /home/airflow/.local/lib/python3.12/site-packages/airflow/example_dags/example_sensors.py took 0.073 seconds
[2026-06-08T12:27:02.113+0000] {processor.py:161} INFO - Started process (PID=1197) to work on /home/airflow/.local/lib/python3.12/site-packages/airflow/example_dags/example_sensors.py
[2026-06-08T12:27:02.113+0000] {processor.py:830} INFO - Processing file /home/airflow/.local/lib/python3.12/site-packages/airflow/example_dags/example_sensors.py for tasks to queue
[2026-06-08T12:27:02.114+0000] {logging_mixin.py:188} INFO - [2026-06-08T12:27:02.114+0000] {dagbag.py:545} INFO - Filling up the DagBag from /home/airflow/.local/lib/python3.12/site-packages/airflow/example_dags/example_sensors.py
[2026-06-08T12:27:02.120+0000] {processor.py:840} INFO - DAG(s) 'example_sensors' retrieved from /home/airflow/.local/lib/python3.12/site-packages/airflow/example_dags/example_sensors.py
[2026-06-08T12:27:02.154+0000] {logging_mixin.py:188} INFO - [2026-06-08T12:27:02.154+0000] {dag.py:3096} INFO - Sync 1 DAGs
[2026-06-08T12:27:02.170+0000] {logging_mixin.py:188} INFO - [2026-06-08T12:27:02.170+0000] {dag.py:3954} INFO - Setting next_dagrun for example_sensors to None, run_after=None
[2026-06-08T12:27:02.185+0000] {processor.py:183} INFO - Processing /home/airflow/.local/lib/python3.12/site-packages/airflow/example_dags/example_sensors.py took 0.076 seconds
[2026-06-08T12:27:32.638+0000] {processor.py:161} INFO - Started process (PID=1256) to work on /home/airflow/.local/lib/python3.12/site-packages/airflow/example_dags/example_sensors.py
[2026-06-08T12:27:32.638+0000] {processor.py:830} INFO - Processing file /home/airflow/.local/lib/python3.12/site-packages/airflow/example_dags/example_sensors.py for tasks to queue
[2026-06-08T12:27:32.639+0000] {logging_mixin.py:188} INFO - [2026-06-08T12:27:32.639+0000] {dagbag.py:545} INFO - Filling up the DagBag from /home/airflow/.local/lib/python3.12/site-packages/airflow/example_dags/example_sensors.py
[2026-06-08T12:27:32.645+0000] {processor.py:840} INFO - DAG(s) 'example_sensors' retrieved from /home/airflow/.local/lib/python3.12/site-packages/airflow/example_dags/example_sensors.py
[2026-06-08T12:27:32.662+0000] {logging_mixin.py:188} INFO - [2026-06-08T12:27:32.661+0000] {dag.py:3096} INFO - Sync 1 DAGs
[2026-06-08T12:27:32.669+0000] {logging_mixin.py:188} INFO - [2026-06-08T12:27:32.669+0000] {dag.py:3954} INFO - Setting next_dagrun for example_sensors to None, run_after=None
[2026-06-08T12:27:32.684+0000] {processor.py:183} INFO - Processing /home/airflow/.local/lib/python3.12/site-packages/airflow/example_dags/example_sensors.py took 0.053 seconds
[2026-06-08T12:28:03.159+0000] {processor.py:161} INFO - Started process (PID=1315) to work on /home/airflow/.local/lib/python3.12/site-packages/airflow/example_dags/example_sensors.py
[2026-06-08T12:28:03.160+0000] {processor.py:830} INFO - Processing file /home/airflow/.local/lib/python3.12/site-packages/airflow/example_dags/example_sensors.py for tasks to queue
[2026-06-08T12:28:03.162+0000] {logging_mixin.py:188} INFO - [2026-06-08T12:28:03.162+0000] {dagbag.py:545} INFO - Filling up the DagBag from /home/airflow/.local/lib/python3.12/site-packages/airflow/example_dags/example_sensors.py
[2026-06-08T12:28:03.169+0000] {processor.py:840} INFO - DAG(s) 'example_sensors' retrieved from /home/airflow/.local/lib/python3.12/site-packages/airflow/example_dags/example_sensors.py
[2026-06-08T12:28:03.197+0000] {logging_mixin.py:188} INFO - [2026-06-08T12:28:03.196+0000] {dag.py:3096} INFO - Sync 1 DAGs
[2026-06-08T12:28:03.206+0000] {logging_mixin.py:188} INFO - [2026-06-08T12:28:03.206+0000] {dag.py:3954} INFO - Setting next_dagrun for example_sensors to None, run_after=None
[2026-06-08T12:28:03.222+0000] {processor.py:183} INFO - Processing /home/airflow/.local/lib/python3.12/site-packages/airflow/example_dags/example_sensors.py took 0.070 seconds
[2026-06-08T12:28:33.746+0000] {processor.py:161} INFO - Started process (PID=1375) to work on /home/airflow/.local/lib/python3.12/site-packages/airflow/example_dags/example_sensors.py
[2026-06-08T12:28:33.748+0000] {processor.py:830} INFO - Processing file /home/airflow/.local/lib/python3.12/site-packages/airflow/example_dags/example_sensors.py for tasks to queue
[2026-06-08T12:28:33.749+0000] {logging_mixin.py:188} INFO - [2026-06-08T12:28:33.749+0000] {dagbag.py:545} INFO - Filling up the DagBag from /home/airflow/.local/lib/python3.12/site-packages/airflow/example_dags/example_sensors.py
[2026-06-08T12:28:33.755+0000] {processor.py:840} INFO - DAG(s) 'example_sensors' retrieved from /home/airflow/.local/lib/python3.12/site-packages/airflow/example_dags/example_sensors.py
[2026-06-08T12:28:33.776+0000] {logging_mixin.py:188} INFO - [2026-06-08T12:28:33.776+0000] {dag.py:3096} INFO - Sync 1 DAGs
[2026-06-08T12:28:33.784+0000] {logging_mixin.py:188} INFO - [2026-06-08T12:28:33.784+0000] {dag.py:3954} INFO - Setting next_dagrun for example_sensors to None, run_after=None
[2026-06-08T12:28:33.800+0000] {processor.py:183} INFO - Processing /home/airflow/.local/lib/python3.12/site-packages/airflow/example_dags/example_sensors.py took 0.059 seconds
[2026-06-08T12:29:04.110+0000] {processor.py:161} INFO - Started process (PID=1434) to work on /home/airflow/.local/lib/python3.12/site-packages/airflow/example_dags/example_sensors.py
[2026-06-08T12:29:04.110+0000] {processor.py:830} INFO - Processing file /home/airflow/.local/lib/python3.12/site-packages/airflow/example_dags/example_sensors.py for tasks to queue
[2026-06-08T12:29:04.111+0000] {logging_mixin.py:188} INFO - [2026-06-08T12:29:04.111+0000] {dagbag.py:545} INFO - Filling up the DagBag from /home/airflow/.local/lib/python3.12/site-packages/airflow/example_dags/example_sensors.py
[2026-06-08T12:29:04.117+0000] {processor.py:840} INFO - DAG(s) 'example_sensors' retrieved from /home/airflow/.local/lib/python3.12/site-packages/airflow/example_dags/example_sensors.py
[2026-06-08T12:29:04.139+0000] {logging_mixin.py:188} INFO - [2026-06-08T12:29:04.138+0000] {dag.py:3096} INFO - Sync 1 DAGs
[2026-06-08T12:29:04.147+0000] {logging_mixin.py:188} INFO - [2026-06-08T12:29:04.147+0000] {dag.py:3954} INFO - Setting next_dagrun for example_sensors to None, run_after=None
[2026-06-08T12:29:04.164+0000] {processor.py:183} INFO - Processing /home/airflow/.local/lib/python3.12/site-packages/airflow/example_dags/example_sensors.py took 0.060 seconds
[2026-06-08T12:29:34.483+0000] {processor.py:161} INFO - Started process (PID=1493) to work on /home/airflow/.local/lib/python3.12/site-packages/airflow/example_dags/example_sensors.py
[2026-06-08T12:29:34.483+0000] {processor.py:830} INFO - Processing file /home/airflow/.local/lib/python3.12/site-packages/airflow/example_dags/example_sensors.py for tasks to queue
[2026-06-08T12:29:34.485+0000] {logging_mixin.py:188} INFO - [2026-06-08T12:29:34.485+0000] {dagbag.py:545} INFO - Filling up the DagBag from /home/airflow/.local/lib/python3.12/site-packages/airflow/example_dags/example_sensors.py
[2026-06-08T12:29:34.495+0000] {processor.py:840} INFO - DAG(s) 'example_sensors' retrieved from /home/airflow/.local/lib/python3.12/site-packages/airflow/example_dags/example_sensors.py
[2026-06-08T12:29:34.520+0000] {logging_mixin.py:188} INFO - [2026-06-08T12:29:34.519+0000] {dag.py:3096} INFO - Sync 1 DAGs
[2026-06-08T12:29:34.533+0000] {logging_mixin.py:188} INFO - [2026-06-08T12:29:34.533+0000] {dag.py:3954} INFO - Setting next_dagrun for example_sensors to None, run_after=None
[2026-06-08T12:29:34.552+0000] {processor.py:183} INFO - Processing /home/airflow/.local/lib/python3.12/site-packages/airflow/example_dags/example_sensors.py took 0.075 seconds
[2026-06-08T12:30:05.186+0000] {processor.py:161} INFO - Started process (PID=1552) to work on /home/airflow/.local/lib/python3.12/site-packages/airflow/example_dags/example_sensors.py
[2026-06-08T12:30:05.187+0000] {processor.py:830} INFO - Processing file /home/airflow/.local/lib/python3.12/site-packages/airflow/example_dags/example_sensors.py for tasks to queue
[2026-06-08T12:30:05.188+0000] {logging_mixin.py:188} INFO - [2026-06-08T12:30:05.188+0000] {dagbag.py:545} INFO - Filling up the DagBag from /home/airflow/.local/lib/python3.12/site-packages/airflow/example_dags/example_sensors.py
[2026-06-08T12:30:05.194+0000] {processor.py:840} INFO - DAG(s) 'example_sensors' retrieved from /home/airflow/.local/lib/python3.12/site-packages/airflow/example_dags/example_sensors.py
[2026-06-08T12:30:05.217+0000] {logging_mixin.py:188} INFO - [2026-06-08T12:30:05.216+0000] {dag.py:3096} INFO - Sync 1 DAGs
[2026-06-08T12:30:05.225+0000] {logging_mixin.py:188} INFO - [2026-06-08T12:30:05.225+0000] {dag.py:3954} INFO - Setting next_dagrun for example_sensors to None, run_after=None
[2026-06-08T12:30:05.237+0000] {processor.py:183} INFO - Processing /home/airflow/.local/lib/python3.12/site-packages/airflow/example_dags/example_sensors.py took 0.055 seconds
[2026-06-08T12:30:35.635+0000] {processor.py:161} INFO - Started process (PID=1611) to work on /home/airflow/.local/lib/python3.12/site-packages/airflow/example_dags/example_sensors.py
[2026-06-08T12:30:35.635+0000] {processor.py:830} INFO - Processing file /home/airflow/.local/lib/python3.12/site-packages/airflow/example_dags/example_sensors.py for tasks to queue
[2026-06-08T12:30:35.636+0000] {logging_mixin.py:188} INFO - [2026-06-08T12:30:35.636+0000] {dagbag.py:545} INFO - Filling up the DagBag from /home/airflow/.local/lib/python3.12/site-packages/airflow/example_dags/example_sensors.py
[2026-06-08T12:30:35.642+0000] {processor.py:840} INFO - DAG(s) 'example_sensors' retrieved from /home/airflow/.local/lib/python3.12/site-packages/airflow/example_dags/example_sensors.py
[2026-06-08T12:30:35.658+0000] {logging_mixin.py:188} INFO - [2026-06-08T12:30:35.658+0000] {dag.py:3096} INFO - Sync 1 DAGs
[2026-06-08T12:30:35.666+0000] {logging_mixin.py:188} INFO - [2026-06-08T12:30:35.666+0000] {dag.py:3954} INFO - Setting next_dagrun for example_sensors to None, run_after=None
[2026-06-08T12:30:35.679+0000] {processor.py:183} INFO - Processing /home/airflow/.local/lib/python3.12/site-packages/airflow/example_dags/example_sensors.py took 0.048 seconds
[2026-06-08T12:31:06.279+0000] {processor.py:161} INFO - Started process (PID=1670) to work on /home/airflow/.local/lib/python3.12/site-packages/airflow/example_dags/example_sensors.py
[2026-06-08T12:31:06.280+0000] {processor.py:830} INFO - Processing file /home/airflow/.local/lib/python3.12/site-packages/airflow/example_dags/example_sensors.py for tasks to queue
[2026-06-08T12:31:06.281+0000] {logging_mixin.py:188} INFO - [2026-06-08T12:31:06.281+0000] {dagbag.py:545} INFO - Filling up the DagBag from /home/airflow/.local/lib/python3.12/site-packages/airflow/example_dags/example_sensors.py
[2026-06-08T12:31:06.287+0000] {processor.py:840} INFO - DAG(s) 'example_sensors' retrieved from /home/airflow/.local/lib/python3.12/site-packages/airflow/example_dags/example_sensors.py
[2026-06-08T12:31:06.311+0000] {logging_mixin.py:188} INFO - [2026-06-08T12:31:06.311+0000] {dag.py:3096} INFO - Sync 1 DAGs
[2026-06-08T12:31:06.330+0000] {logging_mixin.py:188} INFO - [2026-06-08T12:31:06.330+0000] {dag.py:3954} INFO - Setting next_dagrun for example_sensors to None, run_after=None
[2026-06-08T12:31:06.352+0000] {processor.py:183} INFO - Processing /home/airflow/.local/lib/python3.12/site-packages/airflow/example_dags/example_sensors.py took 0.077 seconds
[2026-06-08T12:31:36.707+0000] {processor.py:161} INFO - Started process (PID=1729) to work on /home/airflow/.local/lib/python3.12/site-packages/airflow/example_dags/example_sensors.py
[2026-06-08T12:31:36.708+0000] {processor.py:830} INFO - Processing file /home/airflow/.local/lib/python3.12/site-packages/airflow/example_dags/example_sensors.py for tasks to queue
[2026-06-08T12:31:36.709+0000] {logging_mixin.py:188} INFO - [2026-06-08T12:31:36.709+0000] {dagbag.py:545} INFO - Filling up the DagBag from /home/airflow/.local/lib/python3.12/site-packages/airflow/example_dags/example_sensors.py
[2026-06-08T12:31:36.716+0000] {processor.py:840} INFO - DAG(s) 'example_sensors' retrieved from /home/airflow/.local/lib/python3.12/site-packages/airflow/example_dags/example_sensors.py
[2026-06-08T12:31:36.737+0000] {logging_mixin.py:188} INFO - [2026-06-08T12:31:36.737+0000] {dag.py:3096} INFO - Sync 1 DAGs
[2026-06-08T12:31:36.746+0000] {logging_mixin.py:188} INFO - [2026-06-08T12:31:36.745+0000] {dag.py:3954} INFO - Setting next_dagrun for example_sensors to None, run_after=None
[2026-06-08T12:31:36.758+0000] {processor.py:183} INFO - Processing /home/airflow/.local/lib/python3.12/site-packages/airflow/example_dags/example_sensors.py took 0.055 seconds
[2026-06-08T12:32:06.993+0000] {processor.py:161} INFO - Started process (PID=1788) to work on /home/airflow/.local/lib/python3.12/site-packages/airflow/example_dags/example_sensors.py
[2026-06-08T12:32:06.994+0000] {processor.py:830} INFO - Processing file /home/airflow/.local/lib/python3.12/site-packages/airflow/example_dags/example_sensors.py for tasks to queue
[2026-06-08T12:32:06.995+0000] {logging_mixin.py:188} INFO - [2026-06-08T12:32:06.994+0000] {dagbag.py:545} INFO - Filling up the DagBag from /home/airflow/.local/lib/python3.12/site-packages/airflow/example_dags/example_sensors.py
[2026-06-08T12:32:07.000+0000] {processor.py:840} INFO - DAG(s) 'example_sensors' retrieved from /home/airflow/.local/lib/python3.12/site-packages/airflow/example_dags/example_sensors.py
[2026-06-08T12:32:07.025+0000] {logging_mixin.py:188} INFO - [2026-06-08T12:32:07.025+0000] {dag.py:3096} INFO - Sync 1 DAGs
[2026-06-08T12:32:07.034+0000] {logging_mixin.py:188} INFO - [2026-06-08T12:32:07.034+0000] {dag.py:3954} INFO - Setting next_dagrun for example_sensors to None, run_after=None
[2026-06-08T12:32:07.046+0000] {processor.py:183} INFO - Processing /home/airflow/.local/lib/python3.12/site-packages/airflow/example_dags/example_sensors.py took 0.057 seconds
[2026-06-08T12:32:37.809+0000] {processor.py:161} INFO - Started process (PID=1847) to work on /home/airflow/.local/lib/python3.12/site-packages/airflow/example_dags/example_sensors.py
[2026-06-08T12:32:37.810+0000] {processor.py:830} INFO - Processing file /home/airflow/.local/lib/python3.12/site-packages/airflow/example_dags/example_sensors.py for tasks to queue
[2026-06-08T12:32:37.811+0000] {logging_mixin.py:188} INFO - [2026-06-08T12:32:37.811+0000] {dagbag.py:545} INFO - Filling up the DagBag from /home/airflow/.local/lib/python3.12/site-packages/airflow/example_dags/example_sensors.py
[2026-06-08T12:32:37.816+0000] {processor.py:840} INFO - DAG(s) 'example_sensors' retrieved from /home/airflow/.local/lib/python3.12/site-packages/airflow/example_dags/example_sensors.py
[2026-06-08T12:32:37.840+0000] {logging_mixin.py:188} INFO - [2026-06-08T12:32:37.840+0000] {dag.py:3096} INFO - Sync 1 DAGs
[2026-06-08T12:32:37.858+0000] {logging_mixin.py:188} INFO - [2026-06-08T12:32:37.857+0000] {dag.py:3954} INFO - Setting next_dagrun for example_sensors to None, run_after=None
[2026-06-08T12:32:37.877+0000] {processor.py:183} INFO - Processing /home/airflow/.local/lib/python3.12/site-packages/airflow/example_dags/example_sensors.py took 0.071 seconds
[2026-06-08T12:33:08.857+0000] {processor.py:161} INFO - Started process (PID=1906) to work on /home/airflow/.local/lib/python3.12/site-packages/airflow/example_dags/example_sensors.py
[2026-06-08T12:33:08.858+0000] {processor.py:830} INFO - Processing file /home/airflow/.local/lib/python3.12/site-packages/airflow/example_dags/example_sensors.py for tasks to queue
[2026-06-08T12:33:08.860+0000] {logging_mixin.py:188} INFO - [2026-06-08T12:33:08.860+0000] {dagbag.py:545} INFO - Filling up the DagBag from /home/airflow/.local/lib/python3.12/site-packages/airflow/example_dags/example_sensors.py
[2026-06-08T12:33:08.869+0000] {processor.py:840} INFO - DAG(s) 'example_sensors' retrieved from /home/airflow/.local/lib/python3.12/site-packages/airflow/example_dags/example_sensors.py
[2026-06-08T12:33:08.898+0000] {logging_mixin.py:188} INFO - [2026-06-08T12:33:08.898+0000] {dag.py:3096} INFO - Sync 1 DAGs
[2026-06-08T12:33:08.909+0000] {logging_mixin.py:188} INFO - [2026-06-08T12:33:08.909+0000] {dag.py:3954} INFO - Setting next_dagrun for example_sensors to None, run_after=None
[2026-06-08T12:33:08.929+0000] {processor.py:183} INFO - Processing /home/airflow/.local/lib/python3.12/site-packages/airflow/example_dags/example_sensors.py took 0.080 seconds
[2026-06-08T12:33:39.110+0000] {processor.py:161} INFO - Started process (PID=1965) to work on /home/airflow/.local/lib/python3.12/site-packages/airflow/example_dags/example_sensors.py
[2026-06-08T12:33:39.110+0000] {processor.py:830} INFO - Processing file /home/airflow/.local/lib/python3.12/site-packages/airflow/example_dags/example_sensors.py for tasks to queue
[2026-06-08T12:33:39.112+0000] {logging_mixin.py:188} INFO - [2026-06-08T12:33:39.112+0000] {dagbag.py:545} INFO - Filling up the DagBag from /home/airflow/.local/lib/python3.12/site-packages/airflow/example_dags/example_sensors.py
[2026-06-08T12:33:39.117+0000] {processor.py:840} INFO - DAG(s) 'example_sensors' retrieved from /home/airflow/.local/lib/python3.12/site-packages/airflow/example_dags/example_sensors.py
[2026-06-08T12:33:39.135+0000] {logging_mixin.py:188} INFO - [2026-06-08T12:33:39.135+0000] {dag.py:3096} INFO - Sync 1 DAGs
[2026-06-08T12:33:39.143+0000] {logging_mixin.py:188} INFO - [2026-06-08T12:33:39.143+0000] {dag.py:3954} INFO - Setting next_dagrun for example_sensors to None, run_after=None
[2026-06-08T12:33:39.157+0000] {processor.py:183} INFO - Processing /home/airflow/.local/lib/python3.12/site-packages/airflow/example_dags/example_sensors.py took 0.051 seconds
[2026-06-08T12:34:10.037+0000] {processor.py:161} INFO - Started process (PID=2024) to work on /home/airflow/.local/lib/python3.12/site-packages/airflow/example_dags/example_sensors.py
[2026-06-08T12:34:10.038+0000] {processor.py:830} INFO - Processing file /home/airflow/.local/lib/python3.12/site-packages/airflow/example_dags/example_sensors.py for tasks to queue
[2026-06-08T12:34:10.040+0000] {logging_mixin.py:188} INFO - [2026-06-08T12:34:10.039+0000] {dagbag.py:545} INFO - Filling up the DagBag from /home/airflow/.local/lib/python3.12/site-packages/airflow/example_dags/example_sensors.py
[2026-06-08T12:34:10.049+0000] {processor.py:840} INFO - DAG(s) 'example_sensors' retrieved from /home/airflow/.local/lib/python3.12/site-packages/airflow/example_dags/example_sensors.py
[2026-06-08T12:34:10.067+0000] {logging_mixin.py:188} INFO - [2026-06-08T12:34:10.066+0000] {dag.py:3096} INFO - Sync 1 DAGs
[2026-06-08T12:34:10.075+0000] {logging_mixin.py:188} INFO - [2026-06-08T12:34:10.075+0000] {dag.py:3954} INFO - Setting next_dagrun for example_sensors to None, run_after=None
[2026-06-08T12:34:10.087+0000] {processor.py:183} INFO - Processing /home/airflow/.local/lib/python3.12/site-packages/airflow/example_dags/example_sensors.py took 0.057 seconds
[2026-06-08T12:34:41.306+0000] {processor.py:161} INFO - Started process (PID=2083) to work on /home/airflow/.local/lib/python3.12/site-packages/airflow/example_dags/example_sensors.py
[2026-06-08T12:34:41.307+0000] {processor.py:830} INFO - Processing file /home/airflow/.local/lib/python3.12/site-packages/airflow/example_dags/example_sensors.py for tasks to queue
[2026-06-08T12:34:41.309+0000] {logging_mixin.py:188} INFO - [2026-06-08T12:34:41.308+0000] {dagbag.py:545} INFO - Filling up the DagBag from /home/airflow/.local/lib/python3.12/site-packages/airflow/example_dags/example_sensors.py
[2026-06-08T12:34:41.315+0000] {processor.py:840} INFO - DAG(s) 'example_sensors' retrieved from /home/airflow/.local/lib/python3.12/site-packages/airflow/example_dags/example_sensors.py
[2026-06-08T12:34:41.477+0000] {logging_mixin.py:188} INFO - [2026-06-08T12:34:41.477+0000] {dag.py:3096} INFO - Sync 1 DAGs
[2026-06-08T12:34:41.486+0000] {logging_mixin.py:188} INFO - [2026-06-08T12:34:41.486+0000] {dag.py:3954} INFO - Setting next_dagrun for example_sensors to None, run_after=None
[2026-06-08T12:34:41.517+0000] {processor.py:183} INFO - Processing /home/airflow/.local/lib/python3.12/site-packages/airflow/example_dags/example_sensors.py took 0.215 seconds
[2026-06-08T12:35:12.199+0000] {processor.py:161} INFO - Started process (PID=2142) to work on /home/airflow/.local/lib/python3.12/site-packages/airflow/example_dags/example_sensors.py
[2026-06-08T12:35:12.206+0000] {processor.py:830} INFO - Processing file /home/airflow/.local/lib/python3.12/site-packages/airflow/example_dags/example_sensors.py for tasks to queue
[2026-06-08T12:35:12.208+0000] {logging_mixin.py:188} INFO - [2026-06-08T12:35:12.208+0000] {dagbag.py:545} INFO - Filling up the DagBag from /home/airflow/.local/lib/python3.12/site-packages/airflow/example_dags/example_sensors.py
[2026-06-08T12:35:12.215+0000] {processor.py:840} INFO - DAG(s) 'example_sensors' retrieved from /home/airflow/.local/lib/python3.12/site-packages/airflow/example_dags/example_sensors.py
[2026-06-08T12:35:12.240+0000] {logging_mixin.py:188} INFO - [2026-06-08T12:35:12.240+0000] {dag.py:3096} INFO - Sync 1 DAGs
[2026-06-08T12:35:12.250+0000] {logging_mixin.py:188} INFO - [2026-06-08T12:35:12.249+0000] {dag.py:3954} INFO - Setting next_dagrun for example_sensors to None, run_after=None
[2026-06-08T12:35:12.261+0000] {processor.py:183} INFO - Processing /home/airflow/.local/lib/python3.12/site-packages/airflow/example_dags/example_sensors.py took 0.066 seconds
[2026-06-08T12:35:42.776+0000] {processor.py:161} INFO - Started process (PID=2201) to work on /home/airflow/.local/lib/python3.12/site-packages/airflow/example_dags/example_sensors.py
[2026-06-08T12:35:42.780+0000] {processor.py:830} INFO - Processing file /home/airflow/.local/lib/python3.12/site-packages/airflow/example_dags/example_sensors.py for tasks to queue
[2026-06-08T12:35:42.783+0000] {logging_mixin.py:188} INFO - [2026-06-08T12:35:42.782+0000] {dagbag.py:545} INFO - Filling up the DagBag from /home/airflow/.local/lib/python3.12/site-packages/airflow/example_dags/example_sensors.py
[2026-06-08T12:35:42.795+0000] {processor.py:840} INFO - DAG(s) 'example_sensors' retrieved from /home/airflow/.local/lib/python3.12/site-packages/airflow/example_dags/example_sensors.py
[2026-06-08T12:35:42.817+0000] {logging_mixin.py:188} INFO - [2026-06-08T12:35:42.816+0000] {dag.py:3096} INFO - Sync 1 DAGs
[2026-06-08T12:35:42.829+0000] {logging_mixin.py:188} INFO - [2026-06-08T12:35:42.829+0000] {dag.py:3954} INFO - Setting next_dagrun for example_sensors to None, run_after=None
[2026-06-08T12:35:42.841+0000] {processor.py:183} INFO - Processing /home/airflow/.local/lib/python3.12/site-packages/airflow/example_dags/example_sensors.py took 0.072 seconds
[2026-06-08T12:36:13.317+0000] {processor.py:161} INFO - Started process (PID=2260) to work on /home/airflow/.local/lib/python3.12/site-packages/airflow/example_dags/example_sensors.py
[2026-06-08T12:36:13.317+0000] {processor.py:830} INFO - Processing file /home/airflow/.local/lib/python3.12/site-packages/airflow/example_dags/example_sensors.py for tasks to queue
[2026-06-08T12:36:13.318+0000] {logging_mixin.py:188} INFO - [2026-06-08T12:36:13.318+0000] {dagbag.py:545} INFO - Filling up the DagBag from /home/airflow/.local/lib/python3.12/site-packages/airflow/example_dags/example_sensors.py
[2026-06-08T12:36:13.324+0000] {processor.py:840} INFO - DAG(s) 'example_sensors' retrieved from /home/airflow/.local/lib/python3.12/site-packages/airflow/example_dags/example_sensors.py
[2026-06-08T12:36:13.346+0000] {logging_mixin.py:188} INFO - [2026-06-08T12:36:13.346+0000] {dag.py:3096} INFO - Sync 1 DAGs
[2026-06-08T12:36:13.354+0000] {logging_mixin.py:188} INFO - [2026-06-08T12:36:13.354+0000] {dag.py:3954} INFO - Setting next_dagrun for example_sensors to None, run_after=None
[2026-06-08T12:36:13.369+0000] {processor.py:183} INFO - Processing /home/airflow/.local/lib/python3.12/site-packages/airflow/example_dags/example_sensors.py took 0.061 seconds
[2026-06-08T12:36:43.825+0000] {processor.py:161} INFO - Started process (PID=2319) to work on /home/airflow/.local/lib/python3.12/site-packages/airflow/example_dags/example_sensors.py
[2026-06-08T12:36:43.826+0000] {processor.py:830} INFO - Processing file /home/airflow/.local/lib/python3.12/site-packages/airflow/example_dags/example_sensors.py for tasks to queue
[2026-06-08T12:36:43.828+0000] {logging_mixin.py:188} INFO - [2026-06-08T12:36:43.827+0000] {dagbag.py:545} INFO - Filling up the DagBag from /home/airflow/.local/lib/python3.12/site-packages/airflow/example_dags/example_sensors.py
[2026-06-08T12:36:43.838+0000] {processor.py:840} INFO - DAG(s) 'example_sensors' retrieved from /home/airflow/.local/lib/python3.12/site-packages/airflow/example_dags/example_sensors.py
[2026-06-08T12:36:43.865+0000] {logging_mixin.py:188} INFO - [2026-06-08T12:36:43.865+0000] {dag.py:3096} INFO - Sync 1 DAGs
[2026-06-08T12:36:43.878+0000] {logging_mixin.py:188} INFO - [2026-06-08T12:36:43.878+0000] {dag.py:3954} INFO - Setting next_dagrun for example_sensors to None, run_after=None
[2026-06-08T12:36:43.893+0000] {processor.py:183} INFO - Processing /home/airflow/.local/lib/python3.12/site-packages/airflow/example_dags/example_sensors.py took 0.076 seconds
[2026-06-08T12:37:14.137+0000] {processor.py:161} INFO - Started process (PID=2378) to work on /home/airflow/.local/lib/python3.12/site-packages/airflow/example_dags/example_sensors.py
[2026-06-08T12:37:14.142+0000] {processor.py:830} INFO - Processing file /home/airflow/.local/lib/python3.12/site-packages/airflow/example_dags/example_sensors.py for tasks to queue
[2026-06-08T12:37:14.145+0000] {logging_mixin.py:188} INFO - [2026-06-08T12:37:14.144+0000] {dagbag.py:545} INFO - Filling up the DagBag from /home/airflow/.local/lib/python3.12/site-packages/airflow/example_dags/example_sensors.py
[2026-06-08T12:37:14.156+0000] {processor.py:840} INFO - DAG(s) 'example_sensors' retrieved from /home/airflow/.local/lib/python3.12/site-packages/airflow/example_dags/example_sensors.py
[2026-06-08T12:37:14.191+0000] {logging_mixin.py:188} INFO - [2026-06-08T12:37:14.191+0000] {dag.py:3096} INFO - Sync 1 DAGs
[2026-06-08T12:37:14.202+0000] {logging_mixin.py:188} INFO - [2026-06-08T12:37:14.202+0000] {dag.py:3954} INFO - Setting next_dagrun for example_sensors to None, run_after=None
[2026-06-08T12:37:14.224+0000] {processor.py:183} INFO - Processing /home/airflow/.local/lib/python3.12/site-packages/airflow/example_dags/example_sensors.py took 0.093 seconds
[2026-06-08T12:37:44.635+0000] {processor.py:161} INFO - Started process (PID=2437) to work on /home/airflow/.local/lib/python3.12/site-packages/airflow/example_dags/example_sensors.py
[2026-06-08T12:37:44.636+0000] {processor.py:830} INFO - Processing file /home/airflow/.local/lib/python3.12/site-packages/airflow/example_dags/example_sensors.py for tasks to queue
[2026-06-08T12:37:44.637+0000] {logging_mixin.py:188} INFO - [2026-06-08T12:37:44.637+0000] {dagbag.py:545} INFO - Filling up the DagBag from /home/airflow/.local/lib/python3.12/site-packages/airflow/example_dags/example_sensors.py
[2026-06-08T12:37:44.643+0000] {processor.py:840} INFO - DAG(s) 'example_sensors' retrieved from /home/airflow/.local/lib/python3.12/site-packages/airflow/example_dags/example_sensors.py
[2026-06-08T12:37:44.661+0000] {logging_mixin.py:188} INFO - [2026-06-08T12:37:44.661+0000] {dag.py:3096} INFO - Sync 1 DAGs
[2026-06-08T12:37:44.670+0000] {logging_mixin.py:188} INFO - [2026-06-08T12:37:44.670+0000] {dag.py:3954} INFO - Setting next_dagrun for example_sensors to None, run_after=None
[2026-06-08T12:37:44.686+0000] {processor.py:183} INFO - Processing /home/airflow/.local/lib/python3.12/site-packages/airflow/example_dags/example_sensors.py took 0.058 seconds
