[2026-06-08T12:17:50.657+0000] {processor.py:161} INFO - Started process (PID=53) to work on /home/airflow/.local/lib/python3.12/site-packages/airflow/example_dags/example_branch_operator.py
[2026-06-08T12:17:50.658+0000] {processor.py:830} INFO - Processing file /home/airflow/.local/lib/python3.12/site-packages/airflow/example_dags/example_branch_operator.py for tasks to queue
[2026-06-08T12:17:50.660+0000] {logging_mixin.py:188} INFO - [2026-06-08T12:17:50.659+0000] {dagbag.py:545} INFO - Filling up the DagBag from /home/airflow/.local/lib/python3.12/site-packages/airflow/example_dags/example_branch_operator.py
[2026-06-08T12:17:50.679+0000] {processor.py:840} INFO - DAG(s) 'example_branch_operator' retrieved from /home/airflow/.local/lib/python3.12/site-packages/airflow/example_dags/example_branch_operator.py
[2026-06-08T12:17:50.690+0000] {logging_mixin.py:188} INFO - [2026-06-08T12:17:50.689+0000] {dag.py:3096} INFO - Sync 1 DAGs
[2026-06-08T12:17:50.717+0000] {logging_mixin.py:188} INFO - [2026-06-08T12:17:50.716+0000] {dag.py:3954} INFO - Setting next_dagrun for example_branch_operator to 2026-06-07 00:00:00+00:00, run_after=2026-06-08 00:00:00+00:00
[2026-06-08T12:17:50.736+0000] {processor.py:183} INFO - Processing /home/airflow/.local/lib/python3.12/site-packages/airflow/example_dags/example_branch_operator.py took 0.085 seconds
[2026-06-08T12:18:21.410+0000] {processor.py:161} INFO - Started process (PID=111) to work on /home/airflow/.local/lib/python3.12/site-packages/airflow/example_dags/example_branch_operator.py
[2026-06-08T12:18:21.410+0000] {processor.py:830} INFO - Processing file /home/airflow/.local/lib/python3.12/site-packages/airflow/example_dags/example_branch_operator.py for tasks to queue
[2026-06-08T12:18:21.412+0000] {logging_mixin.py:188} INFO - [2026-06-08T12:18:21.411+0000] {dagbag.py:545} INFO - Filling up the DagBag from /home/airflow/.local/lib/python3.12/site-packages/airflow/example_dags/example_branch_operator.py
[2026-06-08T12:18:21.423+0000] {processor.py:840} INFO - DAG(s) 'example_branch_operator' retrieved from /home/airflow/.local/lib/python3.12/site-packages/airflow/example_dags/example_branch_operator.py
[2026-06-08T12:18:21.490+0000] {logging_mixin.py:188} INFO - [2026-06-08T12:18:21.490+0000] {dag.py:3096} INFO - Sync 1 DAGs
[2026-06-08T12:18:21.504+0000] {logging_mixin.py:188} INFO - [2026-06-08T12:18:21.504+0000] {dag.py:3954} INFO - Setting next_dagrun for example_branch_operator to 2026-06-07 00:00:00+00:00, run_after=2026-06-08 00:00:00+00:00
[2026-06-08T12:18:21.519+0000] {processor.py:183} INFO - Processing /home/airflow/.local/lib/python3.12/site-packages/airflow/example_dags/example_branch_operator.py took 0.115 seconds
[2026-06-08T12:18:52.067+0000] {processor.py:161} INFO - Started process (PID=169) to work on /home/airflow/.local/lib/python3.12/site-packages/airflow/example_dags/example_branch_operator.py
[2026-06-08T12:18:52.068+0000] {processor.py:830} INFO - Processing file /home/airflow/.local/lib/python3.12/site-packages/airflow/example_dags/example_branch_operator.py for tasks to queue
[2026-06-08T12:18:52.069+0000] {logging_mixin.py:188} INFO - [2026-06-08T12:18:52.069+0000] {dagbag.py:545} INFO - Filling up the DagBag from /home/airflow/.local/lib/python3.12/site-packages/airflow/example_dags/example_branch_operator.py
[2026-06-08T12:18:52.088+0000] {processor.py:840} INFO - DAG(s) 'example_branch_operator' retrieved from /home/airflow/.local/lib/python3.12/site-packages/airflow/example_dags/example_branch_operator.py
[2026-06-08T12:18:52.107+0000] {logging_mixin.py:188} INFO - [2026-06-08T12:18:52.107+0000] {dag.py:3096} INFO - Sync 1 DAGs
[2026-06-08T12:18:52.126+0000] {logging_mixin.py:188} INFO - [2026-06-08T12:18:52.126+0000] {dag.py:3954} INFO - Setting next_dagrun for example_branch_operator to 2026-06-07 00:00:00+00:00, run_after=2026-06-08 00:00:00+00:00
[2026-06-08T12:18:52.152+0000] {processor.py:183} INFO - Processing /home/airflow/.local/lib/python3.12/site-packages/airflow/example_dags/example_branch_operator.py took 0.091 seconds
[2026-06-08T12:19:22.509+0000] {processor.py:161} INFO - Started process (PID=233) to work on /home/airflow/.local/lib/python3.12/site-packages/airflow/example_dags/example_branch_operator.py
[2026-06-08T12:19:22.510+0000] {processor.py:830} INFO - Processing file /home/airflow/.local/lib/python3.12/site-packages/airflow/example_dags/example_branch_operator.py for tasks to queue
[2026-06-08T12:19:22.513+0000] {logging_mixin.py:188} INFO - [2026-06-08T12:19:22.512+0000] {dagbag.py:545} INFO - Filling up the DagBag from /home/airflow/.local/lib/python3.12/site-packages/airflow/example_dags/example_branch_operator.py
[2026-06-08T12:19:22.527+0000] {processor.py:840} INFO - DAG(s) 'example_branch_operator' retrieved from /home/airflow/.local/lib/python3.12/site-packages/airflow/example_dags/example_branch_operator.py
[2026-06-08T12:19:22.558+0000] {logging_mixin.py:188} INFO - [2026-06-08T12:19:22.558+0000] {dag.py:3096} INFO - Sync 1 DAGs
[2026-06-08T12:19:22.573+0000] {logging_mixin.py:188} INFO - [2026-06-08T12:19:22.573+0000] {dag.py:3954} INFO - Setting next_dagrun for example_branch_operator to 2026-06-07 00:00:00+00:00, run_after=2026-06-08 00:00:00+00:00
[2026-06-08T12:19:22.585+0000] {processor.py:183} INFO - Processing /home/airflow/.local/lib/python3.12/site-packages/airflow/example_dags/example_branch_operator.py took 0.081 seconds
[2026-06-08T12:19:53.024+0000] {processor.py:161} INFO - Started process (PID=291) to work on /home/airflow/.local/lib/python3.12/site-packages/airflow/example_dags/example_branch_operator.py
[2026-06-08T12:19:53.026+0000] {processor.py:830} INFO - Processing file /home/airflow/.local/lib/python3.12/site-packages/airflow/example_dags/example_branch_operator.py for tasks to queue
[2026-06-08T12:19:53.029+0000] {logging_mixin.py:188} INFO - [2026-06-08T12:19:53.028+0000] {dagbag.py:545} INFO - Filling up the DagBag from /home/airflow/.local/lib/python3.12/site-packages/airflow/example_dags/example_branch_operator.py
[2026-06-08T12:19:53.054+0000] {processor.py:840} INFO - DAG(s) 'example_branch_operator' retrieved from /home/airflow/.local/lib/python3.12/site-packages/airflow/example_dags/example_branch_operator.py
[2026-06-08T12:19:53.084+0000] {logging_mixin.py:188} INFO - [2026-06-08T12:19:53.084+0000] {dag.py:3096} INFO - Sync 1 DAGs
[2026-06-08T12:19:53.099+0000] {logging_mixin.py:188} INFO - [2026-06-08T12:19:53.099+0000] {dag.py:3954} INFO - Setting next_dagrun for example_branch_operator to 2026-06-07 00:00:00+00:00, run_after=2026-06-08 00:00:00+00:00
[2026-06-08T12:19:53.111+0000] {processor.py:183} INFO - Processing /home/airflow/.local/lib/python3.12/site-packages/airflow/example_dags/example_branch_operator.py took 0.093 seconds
[2026-06-08T12:20:23.318+0000] {processor.py:161} INFO - Started process (PID=349) to work on /home/airflow/.local/lib/python3.12/site-packages/airflow/example_dags/example_branch_operator.py
[2026-06-08T12:20:23.319+0000] {processor.py:830} INFO - Processing file /home/airflow/.local/lib/python3.12/site-packages/airflow/example_dags/example_branch_operator.py for tasks to queue
[2026-06-08T12:20:23.320+0000] {logging_mixin.py:188} INFO - [2026-06-08T12:20:23.320+0000] {dagbag.py:545} INFO - Filling up the DagBag from /home/airflow/.local/lib/python3.12/site-packages/airflow/example_dags/example_branch_operator.py
[2026-06-08T12:20:23.332+0000] {processor.py:840} INFO - DAG(s) 'example_branch_operator' retrieved from /home/airflow/.local/lib/python3.12/site-packages/airflow/example_dags/example_branch_operator.py
[2026-06-08T12:20:23.356+0000] {logging_mixin.py:188} INFO - [2026-06-08T12:20:23.356+0000] {dag.py:3096} INFO - Sync 1 DAGs
[2026-06-08T12:20:23.371+0000] {logging_mixin.py:188} INFO - [2026-06-08T12:20:23.371+0000] {dag.py:3954} INFO - Setting next_dagrun for example_branch_operator to 2026-06-07 00:00:00+00:00, run_after=2026-06-08 00:00:00+00:00
[2026-06-08T12:20:23.386+0000] {processor.py:183} INFO - Processing /home/airflow/.local/lib/python3.12/site-packages/airflow/example_dags/example_branch_operator.py took 0.073 seconds
[2026-06-08T12:20:53.924+0000] {processor.py:161} INFO - Started process (PID=407) to work on /home/airflow/.local/lib/python3.12/site-packages/airflow/example_dags/example_branch_operator.py
[2026-06-08T12:20:53.925+0000] {processor.py:830} INFO - Processing file /home/airflow/.local/lib/python3.12/site-packages/airflow/example_dags/example_branch_operator.py for tasks to queue
[2026-06-08T12:20:53.926+0000] {logging_mixin.py:188} INFO - [2026-06-08T12:20:53.926+0000] {dagbag.py:545} INFO - Filling up the DagBag from /home/airflow/.local/lib/python3.12/site-packages/airflow/example_dags/example_branch_operator.py
[2026-06-08T12:20:53.936+0000] {processor.py:840} INFO - DAG(s) 'example_branch_operator' retrieved from /home/airflow/.local/lib/python3.12/site-packages/airflow/example_dags/example_branch_operator.py
[2026-06-08T12:20:53.956+0000] {logging_mixin.py:188} INFO - [2026-06-08T12:20:53.956+0000] {dag.py:3096} INFO - Sync 1 DAGs
[2026-06-08T12:20:53.971+0000] {logging_mixin.py:188} INFO - [2026-06-08T12:20:53.971+0000] {dag.py:3954} INFO - Setting next_dagrun for example_branch_operator to 2026-06-07 00:00:00+00:00, run_after=2026-06-08 00:00:00+00:00
[2026-06-08T12:20:53.984+0000] {processor.py:183} INFO - Processing /home/airflow/.local/lib/python3.12/site-packages/airflow/example_dags/example_branch_operator.py took 0.063 seconds
[2026-06-08T12:21:24.254+0000] {processor.py:161} INFO - Started process (PID=465) to work on /home/airflow/.local/lib/python3.12/site-packages/airflow/example_dags/example_branch_operator.py
[2026-06-08T12:21:24.255+0000] {processor.py:830} INFO - Processing file /home/airflow/.local/lib/python3.12/site-packages/airflow/example_dags/example_branch_operator.py for tasks to queue
[2026-06-08T12:21:24.257+0000] {logging_mixin.py:188} INFO - [2026-06-08T12:21:24.257+0000] {dagbag.py:545} INFO - Filling up the DagBag from /home/airflow/.local/lib/python3.12/site-packages/airflow/example_dags/example_branch_operator.py
[2026-06-08T12:21:24.271+0000] {processor.py:840} INFO - DAG(s) 'example_branch_operator' retrieved from /home/airflow/.local/lib/python3.12/site-packages/airflow/example_dags/example_branch_operator.py
[2026-06-08T12:21:24.292+0000] {logging_mixin.py:188} INFO - [2026-06-08T12:21:24.291+0000] {dag.py:3096} INFO - Sync 1 DAGs
[2026-06-08T12:21:24.309+0000] {logging_mixin.py:188} INFO - [2026-06-08T12:21:24.309+0000] {dag.py:3954} INFO - Setting next_dagrun for example_branch_operator to 2026-06-07 00:00:00+00:00, run_after=2026-06-08 00:00:00+00:00
[2026-06-08T12:21:24.327+0000] {processor.py:183} INFO - Processing /home/airflow/.local/lib/python3.12/site-packages/airflow/example_dags/example_branch_operator.py took 0.077 seconds
[2026-06-08T12:21:54.810+0000] {processor.py:161} INFO - Started process (PID=545) to work on /home/airflow/.local/lib/python3.12/site-packages/airflow/example_dags/example_branch_operator.py
[2026-06-08T12:21:54.811+0000] {processor.py:830} INFO - Processing file /home/airflow/.local/lib/python3.12/site-packages/airflow/example_dags/example_branch_operator.py for tasks to queue
[2026-06-08T12:21:54.813+0000] {logging_mixin.py:188} INFO - [2026-06-08T12:21:54.812+0000] {dagbag.py:545} INFO - Filling up the DagBag from /home/airflow/.local/lib/python3.12/site-packages/airflow/example_dags/example_branch_operator.py
[2026-06-08T12:21:54.828+0000] {processor.py:840} INFO - DAG(s) 'example_branch_operator' retrieved from /home/airflow/.local/lib/python3.12/site-packages/airflow/example_dags/example_branch_operator.py
[2026-06-08T12:21:54.848+0000] {logging_mixin.py:188} INFO - [2026-06-08T12:21:54.847+0000] {dag.py:3096} INFO - Sync 1 DAGs
[2026-06-08T12:21:54.861+0000] {logging_mixin.py:188} INFO - [2026-06-08T12:21:54.861+0000] {dag.py:3954} INFO - Setting next_dagrun for example_branch_operator to 2026-06-07 00:00:00+00:00, run_after=2026-06-08 00:00:00+00:00
[2026-06-08T12:21:54.876+0000] {processor.py:183} INFO - Processing /home/airflow/.local/lib/python3.12/site-packages/airflow/example_dags/example_branch_operator.py took 0.073 seconds
[2026-06-08T12:22:25.474+0000] {processor.py:161} INFO - Started process (PID=603) to work on /home/airflow/.local/lib/python3.12/site-packages/airflow/example_dags/example_branch_operator.py
[2026-06-08T12:22:25.475+0000] {processor.py:830} INFO - Processing file /home/airflow/.local/lib/python3.12/site-packages/airflow/example_dags/example_branch_operator.py for tasks to queue
[2026-06-08T12:22:25.477+0000] {logging_mixin.py:188} INFO - [2026-06-08T12:22:25.477+0000] {dagbag.py:545} INFO - Filling up the DagBag from /home/airflow/.local/lib/python3.12/site-packages/airflow/example_dags/example_branch_operator.py
[2026-06-08T12:22:25.493+0000] {processor.py:840} INFO - DAG(s) 'example_branch_operator' retrieved from /home/airflow/.local/lib/python3.12/site-packages/airflow/example_dags/example_branch_operator.py
[2026-06-08T12:22:25.523+0000] {logging_mixin.py:188} INFO - [2026-06-08T12:22:25.523+0000] {dag.py:3096} INFO - Sync 1 DAGs
[2026-06-08T12:22:25.545+0000] {logging_mixin.py:188} INFO - [2026-06-08T12:22:25.544+0000] {dag.py:3954} INFO - Setting next_dagrun for example_branch_operator to 2026-06-07 00:00:00+00:00, run_after=2026-06-08 00:00:00+00:00
[2026-06-08T12:22:25.597+0000] {processor.py:183} INFO - Processing /home/airflow/.local/lib/python3.12/site-packages/airflow/example_dags/example_branch_operator.py took 0.131 seconds
[2026-06-08T12:22:56.584+0000] {processor.py:161} INFO - Started process (PID=684) to work on /home/airflow/.local/lib/python3.12/site-packages/airflow/example_dags/example_branch_operator.py
[2026-06-08T12:22:56.585+0000] {processor.py:830} INFO - Processing file /home/airflow/.local/lib/python3.12/site-packages/airflow/example_dags/example_branch_operator.py for tasks to queue
[2026-06-08T12:22:56.586+0000] {logging_mixin.py:188} INFO - [2026-06-08T12:22:56.586+0000] {dagbag.py:545} INFO - Filling up the DagBag from /home/airflow/.local/lib/python3.12/site-packages/airflow/example_dags/example_branch_operator.py
[2026-06-08T12:22:56.600+0000] {processor.py:840} INFO - DAG(s) 'example_branch_operator' retrieved from /home/airflow/.local/lib/python3.12/site-packages/airflow/example_dags/example_branch_operator.py
[2026-06-08T12:22:56.609+0000] {logging_mixin.py:188} INFO - [2026-06-08T12:22:56.609+0000] {dag.py:3096} INFO - Sync 1 DAGs
[2026-06-08T12:22:56.625+0000] {logging_mixin.py:188} INFO - [2026-06-08T12:22:56.625+0000] {dag.py:3954} INFO - Setting next_dagrun for example_branch_operator to 2026-06-07 00:00:00+00:00, run_after=2026-06-08 00:00:00+00:00
[2026-06-08T12:22:56.643+0000] {processor.py:183} INFO - Processing /home/airflow/.local/lib/python3.12/site-packages/airflow/example_dags/example_branch_operator.py took 0.066 seconds
[2026-06-08T12:23:27.201+0000] {processor.py:161} INFO - Started process (PID=764) to work on /home/airflow/.local/lib/python3.12/site-packages/airflow/example_dags/example_branch_operator.py
[2026-06-08T12:23:27.212+0000] {processor.py:830} INFO - Processing file /home/airflow/.local/lib/python3.12/site-packages/airflow/example_dags/example_branch_operator.py for tasks to queue
[2026-06-08T12:23:27.213+0000] {logging_mixin.py:188} INFO - [2026-06-08T12:23:27.213+0000] {dagbag.py:545} INFO - Filling up the DagBag from /home/airflow/.local/lib/python3.12/site-packages/airflow/example_dags/example_branch_operator.py
[2026-06-08T12:23:27.233+0000] {processor.py:840} INFO - DAG(s) 'example_branch_operator' retrieved from /home/airflow/.local/lib/python3.12/site-packages/airflow/example_dags/example_branch_operator.py
[2026-06-08T12:23:27.337+0000] {logging_mixin.py:188} INFO - [2026-06-08T12:23:27.337+0000] {dag.py:3096} INFO - Sync 1 DAGs
[2026-06-08T12:23:27.357+0000] {logging_mixin.py:188} INFO - [2026-06-08T12:23:27.356+0000] {dag.py:3954} INFO - Setting next_dagrun for example_branch_operator to 2026-06-07 00:00:00+00:00, run_after=2026-06-08 00:00:00+00:00
[2026-06-08T12:23:27.386+0000] {processor.py:183} INFO - Processing /home/airflow/.local/lib/python3.12/site-packages/airflow/example_dags/example_branch_operator.py took 0.188 seconds
[2026-06-08T12:23:58.227+0000] {processor.py:161} INFO - Started process (PID=823) to work on /home/airflow/.local/lib/python3.12/site-packages/airflow/example_dags/example_branch_operator.py
[2026-06-08T12:23:58.228+0000] {processor.py:830} INFO - Processing file /home/airflow/.local/lib/python3.12/site-packages/airflow/example_dags/example_branch_operator.py for tasks to queue
[2026-06-08T12:23:58.230+0000] {logging_mixin.py:188} INFO - [2026-06-08T12:23:58.229+0000] {dagbag.py:545} INFO - Filling up the DagBag from /home/airflow/.local/lib/python3.12/site-packages/airflow/example_dags/example_branch_operator.py
[2026-06-08T12:23:58.242+0000] {processor.py:840} INFO - DAG(s) 'example_branch_operator' retrieved from /home/airflow/.local/lib/python3.12/site-packages/airflow/example_dags/example_branch_operator.py
[2026-06-08T12:23:58.267+0000] {logging_mixin.py:188} INFO - [2026-06-08T12:23:58.266+0000] {dag.py:3096} INFO - Sync 1 DAGs
[2026-06-08T12:23:58.282+0000] {logging_mixin.py:188} INFO - [2026-06-08T12:23:58.281+0000] {dag.py:3954} INFO - Setting next_dagrun for example_branch_operator to 2026-06-07 00:00:00+00:00, run_after=2026-06-08 00:00:00+00:00
[2026-06-08T12:23:58.294+0000] {processor.py:183} INFO - Processing /home/airflow/.local/lib/python3.12/site-packages/airflow/example_dags/example_branch_operator.py took 0.075 seconds
[2026-06-08T12:24:28.779+0000] {processor.py:161} INFO - Started process (PID=882) to work on /home/airflow/.local/lib/python3.12/site-packages/airflow/example_dags/example_branch_operator.py
[2026-06-08T12:24:28.789+0000] {processor.py:830} INFO - Processing file /home/airflow/.local/lib/python3.12/site-packages/airflow/example_dags/example_branch_operator.py for tasks to queue
[2026-06-08T12:24:28.791+0000] {logging_mixin.py:188} INFO - [2026-06-08T12:24:28.791+0000] {dagbag.py:545} INFO - Filling up the DagBag from /home/airflow/.local/lib/python3.12/site-packages/airflow/example_dags/example_branch_operator.py
[2026-06-08T12:24:28.803+0000] {processor.py:840} INFO - DAG(s) 'example_branch_operator' retrieved from /home/airflow/.local/lib/python3.12/site-packages/airflow/example_dags/example_branch_operator.py
[2026-06-08T12:24:28.822+0000] {logging_mixin.py:188} INFO - [2026-06-08T12:24:28.822+0000] {dag.py:3096} INFO - Sync 1 DAGs
[2026-06-08T12:24:28.836+0000] {logging_mixin.py:188} INFO - [2026-06-08T12:24:28.836+0000] {dag.py:3954} INFO - Setting next_dagrun for example_branch_operator to 2026-06-07 00:00:00+00:00, run_after=2026-06-08 00:00:00+00:00
[2026-06-08T12:24:28.849+0000] {processor.py:183} INFO - Processing /home/airflow/.local/lib/python3.12/site-packages/airflow/example_dags/example_branch_operator.py took 0.078 seconds
[2026-06-08T12:24:59.322+0000] {processor.py:161} INFO - Started process (PID=941) to work on /home/airflow/.local/lib/python3.12/site-packages/airflow/example_dags/example_branch_operator.py
[2026-06-08T12:24:59.324+0000] {processor.py:830} INFO - Processing file /home/airflow/.local/lib/python3.12/site-packages/airflow/example_dags/example_branch_operator.py for tasks to queue
[2026-06-08T12:24:59.327+0000] {logging_mixin.py:188} INFO - [2026-06-08T12:24:59.327+0000] {dagbag.py:545} INFO - Filling up the DagBag from /home/airflow/.local/lib/python3.12/site-packages/airflow/example_dags/example_branch_operator.py
[2026-06-08T12:24:59.346+0000] {processor.py:840} INFO - DAG(s) 'example_branch_operator' retrieved from /home/airflow/.local/lib/python3.12/site-packages/airflow/example_dags/example_branch_operator.py
[2026-06-08T12:24:59.379+0000] {logging_mixin.py:188} INFO - [2026-06-08T12:24:59.379+0000] {dag.py:3096} INFO - Sync 1 DAGs
[2026-06-08T12:24:59.409+0000] {logging_mixin.py:188} INFO - [2026-06-08T12:24:59.409+0000] {dag.py:3954} INFO - Setting next_dagrun for example_branch_operator to 2026-06-07 00:00:00+00:00, run_after=2026-06-08 00:00:00+00:00
[2026-06-08T12:24:59.432+0000] {processor.py:183} INFO - Processing /home/airflow/.local/lib/python3.12/site-packages/airflow/example_dags/example_branch_operator.py took 0.125 seconds
[2026-06-08T12:25:29.934+0000] {processor.py:161} INFO - Started process (PID=1001) to work on /home/airflow/.local/lib/python3.12/site-packages/airflow/example_dags/example_branch_operator.py
[2026-06-08T12:25:29.935+0000] {processor.py:830} INFO - Processing file /home/airflow/.local/lib/python3.12/site-packages/airflow/example_dags/example_branch_operator.py for tasks to queue
[2026-06-08T12:25:29.937+0000] {logging_mixin.py:188} INFO - [2026-06-08T12:25:29.936+0000] {dagbag.py:545} INFO - Filling up the DagBag from /home/airflow/.local/lib/python3.12/site-packages/airflow/example_dags/example_branch_operator.py
[2026-06-08T12:25:29.958+0000] {processor.py:840} INFO - DAG(s) 'example_branch_operator' retrieved from /home/airflow/.local/lib/python3.12/site-packages/airflow/example_dags/example_branch_operator.py
[2026-06-08T12:25:29.980+0000] {logging_mixin.py:188} INFO - [2026-06-08T12:25:29.980+0000] {dag.py:3096} INFO - Sync 1 DAGs
[2026-06-08T12:25:29.995+0000] {logging_mixin.py:188} INFO - [2026-06-08T12:25:29.995+0000] {dag.py:3954} INFO - Setting next_dagrun for example_branch_operator to 2026-06-07 00:00:00+00:00, run_after=2026-06-08 00:00:00+00:00
[2026-06-08T12:25:30.012+0000] {processor.py:183} INFO - Processing /home/airflow/.local/lib/python3.12/site-packages/airflow/example_dags/example_branch_operator.py took 0.086 seconds
[2026-06-08T12:26:00.270+0000] {processor.py:161} INFO - Started process (PID=1060) to work on /home/airflow/.local/lib/python3.12/site-packages/airflow/example_dags/example_branch_operator.py
[2026-06-08T12:26:00.271+0000] {processor.py:830} INFO - Processing file /home/airflow/.local/lib/python3.12/site-packages/airflow/example_dags/example_branch_operator.py for tasks to queue
[2026-06-08T12:26:00.273+0000] {logging_mixin.py:188} INFO - [2026-06-08T12:26:00.272+0000] {dagbag.py:545} INFO - Filling up the DagBag from /home/airflow/.local/lib/python3.12/site-packages/airflow/example_dags/example_branch_operator.py
[2026-06-08T12:26:00.289+0000] {processor.py:840} INFO - DAG(s) 'example_branch_operator' retrieved from /home/airflow/.local/lib/python3.12/site-packages/airflow/example_dags/example_branch_operator.py
[2026-06-08T12:26:00.307+0000] {logging_mixin.py:188} INFO - [2026-06-08T12:26:00.307+0000] {dag.py:3096} INFO - Sync 1 DAGs
[2026-06-08T12:26:00.326+0000] {logging_mixin.py:188} INFO - [2026-06-08T12:26:00.326+0000] {dag.py:3954} INFO - Setting next_dagrun for example_branch_operator to 2026-06-07 00:00:00+00:00, run_after=2026-06-08 00:00:00+00:00
[2026-06-08T12:26:00.355+0000] {processor.py:183} INFO - Processing /home/airflow/.local/lib/python3.12/site-packages/airflow/example_dags/example_branch_operator.py took 0.092 seconds
[2026-06-08T12:26:30.652+0000] {processor.py:161} INFO - Started process (PID=1119) to work on /home/airflow/.local/lib/python3.12/site-packages/airflow/example_dags/example_branch_operator.py
[2026-06-08T12:26:30.654+0000] {processor.py:830} INFO - Processing file /home/airflow/.local/lib/python3.12/site-packages/airflow/example_dags/example_branch_operator.py for tasks to queue
[2026-06-08T12:26:30.656+0000] {logging_mixin.py:188} INFO - [2026-06-08T12:26:30.656+0000] {dagbag.py:545} INFO - Filling up the DagBag from /home/airflow/.local/lib/python3.12/site-packages/airflow/example_dags/example_branch_operator.py
[2026-06-08T12:26:30.674+0000] {processor.py:840} INFO - DAG(s) 'example_branch_operator' retrieved from /home/airflow/.local/lib/python3.12/site-packages/airflow/example_dags/example_branch_operator.py
[2026-06-08T12:26:30.695+0000] {logging_mixin.py:188} INFO - [2026-06-08T12:26:30.695+0000] {dag.py:3096} INFO - Sync 1 DAGs
[2026-06-08T12:26:30.711+0000] {logging_mixin.py:188} INFO - [2026-06-08T12:26:30.711+0000] {dag.py:3954} INFO - Setting next_dagrun for example_branch_operator to 2026-06-07 00:00:00+00:00, run_after=2026-06-08 00:00:00+00:00
[2026-06-08T12:26:30.729+0000] {processor.py:183} INFO - Processing /home/airflow/.local/lib/python3.12/site-packages/airflow/example_dags/example_branch_operator.py took 0.082 seconds
[2026-06-08T12:27:01.246+0000] {processor.py:161} INFO - Started process (PID=1178) to work on /home/airflow/.local/lib/python3.12/site-packages/airflow/example_dags/example_branch_operator.py
[2026-06-08T12:27:01.257+0000] {processor.py:830} INFO - Processing file /home/airflow/.local/lib/python3.12/site-packages/airflow/example_dags/example_branch_operator.py for tasks to queue
[2026-06-08T12:27:01.258+0000] {logging_mixin.py:188} INFO - [2026-06-08T12:27:01.258+0000] {dagbag.py:545} INFO - Filling up the DagBag from /home/airflow/.local/lib/python3.12/site-packages/airflow/example_dags/example_branch_operator.py
[2026-06-08T12:27:01.270+0000] {processor.py:840} INFO - DAG(s) 'example_branch_operator' retrieved from /home/airflow/.local/lib/python3.12/site-packages/airflow/example_dags/example_branch_operator.py
[2026-06-08T12:27:01.291+0000] {logging_mixin.py:188} INFO - [2026-06-08T12:27:01.291+0000] {dag.py:3096} INFO - Sync 1 DAGs
[2026-06-08T12:27:01.305+0000] {logging_mixin.py:188} INFO - [2026-06-08T12:27:01.305+0000] {dag.py:3954} INFO - Setting next_dagrun for example_branch_operator to 2026-06-07 00:00:00+00:00, run_after=2026-06-08 00:00:00+00:00
[2026-06-08T12:27:01.318+0000] {processor.py:183} INFO - Processing /home/airflow/.local/lib/python3.12/site-packages/airflow/example_dags/example_branch_operator.py took 0.083 seconds
[2026-06-08T12:27:31.641+0000] {processor.py:161} INFO - Started process (PID=1237) to work on /home/airflow/.local/lib/python3.12/site-packages/airflow/example_dags/example_branch_operator.py
[2026-06-08T12:27:31.651+0000] {processor.py:830} INFO - Processing file /home/airflow/.local/lib/python3.12/site-packages/airflow/example_dags/example_branch_operator.py for tasks to queue
[2026-06-08T12:27:31.652+0000] {logging_mixin.py:188} INFO - [2026-06-08T12:27:31.652+0000] {dagbag.py:545} INFO - Filling up the DagBag from /home/airflow/.local/lib/python3.12/site-packages/airflow/example_dags/example_branch_operator.py
[2026-06-08T12:27:31.663+0000] {processor.py:840} INFO - DAG(s) 'example_branch_operator' retrieved from /home/airflow/.local/lib/python3.12/site-packages/airflow/example_dags/example_branch_operator.py
[2026-06-08T12:27:31.689+0000] {logging_mixin.py:188} INFO - [2026-06-08T12:27:31.689+0000] {dag.py:3096} INFO - Sync 1 DAGs
[2026-06-08T12:27:31.704+0000] {logging_mixin.py:188} INFO - [2026-06-08T12:27:31.704+0000] {dag.py:3954} INFO - Setting next_dagrun for example_branch_operator to 2026-06-07 00:00:00+00:00, run_after=2026-06-08 00:00:00+00:00
[2026-06-08T12:27:31.724+0000] {processor.py:183} INFO - Processing /home/airflow/.local/lib/python3.12/site-packages/airflow/example_dags/example_branch_operator.py took 0.091 seconds
[2026-06-08T12:28:02.201+0000] {processor.py:161} INFO - Started process (PID=1296) to work on /home/airflow/.local/lib/python3.12/site-packages/airflow/example_dags/example_branch_operator.py
[2026-06-08T12:28:02.212+0000] {processor.py:830} INFO - Processing file /home/airflow/.local/lib/python3.12/site-packages/airflow/example_dags/example_branch_operator.py for tasks to queue
[2026-06-08T12:28:02.214+0000] {logging_mixin.py:188} INFO - [2026-06-08T12:28:02.214+0000] {dagbag.py:545} INFO - Filling up the DagBag from /home/airflow/.local/lib/python3.12/site-packages/airflow/example_dags/example_branch_operator.py
[2026-06-08T12:28:02.229+0000] {processor.py:840} INFO - DAG(s) 'example_branch_operator' retrieved from /home/airflow/.local/lib/python3.12/site-packages/airflow/example_dags/example_branch_operator.py
[2026-06-08T12:28:02.254+0000] {logging_mixin.py:188} INFO - [2026-06-08T12:28:02.254+0000] {dag.py:3096} INFO - Sync 1 DAGs
[2026-06-08T12:28:02.268+0000] {logging_mixin.py:188} INFO - [2026-06-08T12:28:02.268+0000] {dag.py:3954} INFO - Setting next_dagrun for example_branch_operator to 2026-06-07 00:00:00+00:00, run_after=2026-06-08 00:00:00+00:00
[2026-06-08T12:28:02.283+0000] {processor.py:183} INFO - Processing /home/airflow/.local/lib/python3.12/site-packages/airflow/example_dags/example_branch_operator.py took 0.087 seconds
[2026-06-08T12:28:32.952+0000] {processor.py:161} INFO - Started process (PID=1356) to work on /home/airflow/.local/lib/python3.12/site-packages/airflow/example_dags/example_branch_operator.py
[2026-06-08T12:28:32.953+0000] {processor.py:830} INFO - Processing file /home/airflow/.local/lib/python3.12/site-packages/airflow/example_dags/example_branch_operator.py for tasks to queue
[2026-06-08T12:28:32.955+0000] {logging_mixin.py:188} INFO - [2026-06-08T12:28:32.954+0000] {dagbag.py:545} INFO - Filling up the DagBag from /home/airflow/.local/lib/python3.12/site-packages/airflow/example_dags/example_branch_operator.py
[2026-06-08T12:28:32.972+0000] {processor.py:840} INFO - DAG(s) 'example_branch_operator' retrieved from /home/airflow/.local/lib/python3.12/site-packages/airflow/example_dags/example_branch_operator.py
[2026-06-08T12:28:32.996+0000] {logging_mixin.py:188} INFO - [2026-06-08T12:28:32.996+0000] {dag.py:3096} INFO - Sync 1 DAGs
[2026-06-08T12:28:33.011+0000] {logging_mixin.py:188} INFO - [2026-06-08T12:28:33.011+0000] {dag.py:3954} INFO - Setting next_dagrun for example_branch_operator to 2026-06-07 00:00:00+00:00, run_after=2026-06-08 00:00:00+00:00
[2026-06-08T12:28:33.025+0000] {processor.py:183} INFO - Processing /home/airflow/.local/lib/python3.12/site-packages/airflow/example_dags/example_branch_operator.py took 0.079 seconds
[2026-06-08T12:29:03.183+0000] {processor.py:161} INFO - Started process (PID=1415) to work on /home/airflow/.local/lib/python3.12/site-packages/airflow/example_dags/example_branch_operator.py
[2026-06-08T12:29:03.184+0000] {processor.py:830} INFO - Processing file /home/airflow/.local/lib/python3.12/site-packages/airflow/example_dags/example_branch_operator.py for tasks to queue
[2026-06-08T12:29:03.185+0000] {logging_mixin.py:188} INFO - [2026-06-08T12:29:03.185+0000] {dagbag.py:545} INFO - Filling up the DagBag from /home/airflow/.local/lib/python3.12/site-packages/airflow/example_dags/example_branch_operator.py
[2026-06-08T12:29:03.196+0000] {processor.py:840} INFO - DAG(s) 'example_branch_operator' retrieved from /home/airflow/.local/lib/python3.12/site-packages/airflow/example_dags/example_branch_operator.py
[2026-06-08T12:29:03.220+0000] {logging_mixin.py:188} INFO - [2026-06-08T12:29:03.220+0000] {dag.py:3096} INFO - Sync 1 DAGs
[2026-06-08T12:29:03.234+0000] {logging_mixin.py:188} INFO - [2026-06-08T12:29:03.234+0000] {dag.py:3954} INFO - Setting next_dagrun for example_branch_operator to 2026-06-07 00:00:00+00:00, run_after=2026-06-08 00:00:00+00:00
[2026-06-08T12:29:03.245+0000] {processor.py:183} INFO - Processing /home/airflow/.local/lib/python3.12/site-packages/airflow/example_dags/example_branch_operator.py took 0.068 seconds
[2026-06-08T12:29:33.525+0000] {processor.py:161} INFO - Started process (PID=1474) to work on /home/airflow/.local/lib/python3.12/site-packages/airflow/example_dags/example_branch_operator.py
[2026-06-08T12:29:33.526+0000] {processor.py:830} INFO - Processing file /home/airflow/.local/lib/python3.12/site-packages/airflow/example_dags/example_branch_operator.py for tasks to queue
[2026-06-08T12:29:33.527+0000] {logging_mixin.py:188} INFO - [2026-06-08T12:29:33.527+0000] {dagbag.py:545} INFO - Filling up the DagBag from /home/airflow/.local/lib/python3.12/site-packages/airflow/example_dags/example_branch_operator.py
[2026-06-08T12:29:33.543+0000] {processor.py:840} INFO - DAG(s) 'example_branch_operator' retrieved from /home/airflow/.local/lib/python3.12/site-packages/airflow/example_dags/example_branch_operator.py
[2026-06-08T12:29:33.570+0000] {logging_mixin.py:188} INFO - [2026-06-08T12:29:33.569+0000] {dag.py:3096} INFO - Sync 1 DAGs
[2026-06-08T12:29:33.594+0000] {logging_mixin.py:188} INFO - [2026-06-08T12:29:33.594+0000] {dag.py:3954} INFO - Setting next_dagrun for example_branch_operator to 2026-06-07 00:00:00+00:00, run_after=2026-06-08 00:00:00+00:00
[2026-06-08T12:29:33.618+0000] {processor.py:183} INFO - Processing /home/airflow/.local/lib/python3.12/site-packages/airflow/example_dags/example_branch_operator.py took 0.098 seconds
[2026-06-08T12:30:04.190+0000] {processor.py:161} INFO - Started process (PID=1533) to work on /home/airflow/.local/lib/python3.12/site-packages/airflow/example_dags/example_branch_operator.py
[2026-06-08T12:30:04.200+0000] {processor.py:830} INFO - Processing file /home/airflow/.local/lib/python3.12/site-packages/airflow/example_dags/example_branch_operator.py for tasks to queue
[2026-06-08T12:30:04.203+0000] {logging_mixin.py:188} INFO - [2026-06-08T12:30:04.202+0000] {dagbag.py:545} INFO - Filling up the DagBag from /home/airflow/.local/lib/python3.12/site-packages/airflow/example_dags/example_branch_operator.py
[2026-06-08T12:30:04.219+0000] {processor.py:840} INFO - DAG(s) 'example_branch_operator' retrieved from /home/airflow/.local/lib/python3.12/site-packages/airflow/example_dags/example_branch_operator.py
[2026-06-08T12:30:04.245+0000] {logging_mixin.py:188} INFO - [2026-06-08T12:30:04.245+0000] {dag.py:3096} INFO - Sync 1 DAGs
[2026-06-08T12:30:04.260+0000] {logging_mixin.py:188} INFO - [2026-06-08T12:30:04.259+0000] {dag.py:3954} INFO - Setting next_dagrun for example_branch_operator to 2026-06-07 00:00:00+00:00, run_after=2026-06-08 00:00:00+00:00
[2026-06-08T12:30:04.272+0000] {processor.py:183} INFO - Processing /home/airflow/.local/lib/python3.12/site-packages/airflow/example_dags/example_branch_operator.py took 0.089 seconds
[2026-06-08T12:30:34.751+0000] {processor.py:161} INFO - Started process (PID=1592) to work on /home/airflow/.local/lib/python3.12/site-packages/airflow/example_dags/example_branch_operator.py
[2026-06-08T12:30:34.752+0000] {processor.py:830} INFO - Processing file /home/airflow/.local/lib/python3.12/site-packages/airflow/example_dags/example_branch_operator.py for tasks to queue
[2026-06-08T12:30:34.754+0000] {logging_mixin.py:188} INFO - [2026-06-08T12:30:34.753+0000] {dagbag.py:545} INFO - Filling up the DagBag from /home/airflow/.local/lib/python3.12/site-packages/airflow/example_dags/example_branch_operator.py
[2026-06-08T12:30:34.766+0000] {processor.py:840} INFO - DAG(s) 'example_branch_operator' retrieved from /home/airflow/.local/lib/python3.12/site-packages/airflow/example_dags/example_branch_operator.py
[2026-06-08T12:30:34.785+0000] {logging_mixin.py:188} INFO - [2026-06-08T12:30:34.785+0000] {dag.py:3096} INFO - Sync 1 DAGs
[2026-06-08T12:30:34.817+0000] {logging_mixin.py:188} INFO - [2026-06-08T12:30:34.817+0000] {dag.py:3954} INFO - Setting next_dagrun for example_branch_operator to 2026-06-07 00:00:00+00:00, run_after=2026-06-08 00:00:00+00:00
[2026-06-08T12:30:34.839+0000] {processor.py:183} INFO - Processing /home/airflow/.local/lib/python3.12/site-packages/airflow/example_dags/example_branch_operator.py took 0.097 seconds
[2026-06-08T12:31:05.432+0000] {processor.py:161} INFO - Started process (PID=1651) to work on /home/airflow/.local/lib/python3.12/site-packages/airflow/example_dags/example_branch_operator.py
[2026-06-08T12:31:05.433+0000] {processor.py:830} INFO - Processing file /home/airflow/.local/lib/python3.12/site-packages/airflow/example_dags/example_branch_operator.py for tasks to queue
[2026-06-08T12:31:05.435+0000] {logging_mixin.py:188} INFO - [2026-06-08T12:31:05.435+0000] {dagbag.py:545} INFO - Filling up the DagBag from /home/airflow/.local/lib/python3.12/site-packages/airflow/example_dags/example_branch_operator.py
[2026-06-08T12:31:05.447+0000] {processor.py:840} INFO - DAG(s) 'example_branch_operator' retrieved from /home/airflow/.local/lib/python3.12/site-packages/airflow/example_dags/example_branch_operator.py
[2026-06-08T12:31:05.465+0000] {logging_mixin.py:188} INFO - [2026-06-08T12:31:05.465+0000] {dag.py:3096} INFO - Sync 1 DAGs
[2026-06-08T12:31:05.483+0000] {logging_mixin.py:188} INFO - [2026-06-08T12:31:05.483+0000] {dag.py:3954} INFO - Setting next_dagrun for example_branch_operator to 2026-06-07 00:00:00+00:00, run_after=2026-06-08 00:00:00+00:00
[2026-06-08T12:31:05.502+0000] {processor.py:183} INFO - Processing /home/airflow/.local/lib/python3.12/site-packages/airflow/example_dags/example_branch_operator.py took 0.076 seconds
[2026-06-08T12:31:35.882+0000] {processor.py:161} INFO - Started process (PID=1710) to work on /home/airflow/.local/lib/python3.12/site-packages/airflow/example_dags/example_branch_operator.py
[2026-06-08T12:31:35.882+0000] {processor.py:830} INFO - Processing file /home/airflow/.local/lib/python3.12/site-packages/airflow/example_dags/example_branch_operator.py for tasks to queue
[2026-06-08T12:31:35.884+0000] {logging_mixin.py:188} INFO - [2026-06-08T12:31:35.884+0000] {dagbag.py:545} INFO - Filling up the DagBag from /home/airflow/.local/lib/python3.12/site-packages/airflow/example_dags/example_branch_operator.py
[2026-06-08T12:31:35.895+0000] {processor.py:840} INFO - DAG(s) 'example_branch_operator' retrieved from /home/airflow/.local/lib/python3.12/site-packages/airflow/example_dags/example_branch_operator.py
[2026-06-08T12:31:35.921+0000] {logging_mixin.py:188} INFO - [2026-06-08T12:31:35.921+0000] {dag.py:3096} INFO - Sync 1 DAGs
[2026-06-08T12:31:35.937+0000] {logging_mixin.py:188} INFO - [2026-06-08T12:31:35.937+0000] {dag.py:3954} INFO - Setting next_dagrun for example_branch_operator to 2026-06-07 00:00:00+00:00, run_after=2026-06-08 00:00:00+00:00
[2026-06-08T12:31:35.953+0000] {processor.py:183} INFO - Processing /home/airflow/.local/lib/python3.12/site-packages/airflow/example_dags/example_branch_operator.py took 0.078 seconds
[2026-06-08T12:32:06.186+0000] {processor.py:161} INFO - Started process (PID=1769) to work on /home/airflow/.local/lib/python3.12/site-packages/airflow/example_dags/example_branch_operator.py
[2026-06-08T12:32:06.196+0000] {processor.py:830} INFO - Processing file /home/airflow/.local/lib/python3.12/site-packages/airflow/example_dags/example_branch_operator.py for tasks to queue
[2026-06-08T12:32:06.197+0000] {logging_mixin.py:188} INFO - [2026-06-08T12:32:06.197+0000] {dagbag.py:545} INFO - Filling up the DagBag from /home/airflow/.local/lib/python3.12/site-packages/airflow/example_dags/example_branch_operator.py
[2026-06-08T12:32:06.207+0000] {processor.py:840} INFO - DAG(s) 'example_branch_operator' retrieved from /home/airflow/.local/lib/python3.12/site-packages/airflow/example_dags/example_branch_operator.py
[2026-06-08T12:32:06.234+0000] {logging_mixin.py:188} INFO - [2026-06-08T12:32:06.234+0000] {dag.py:3096} INFO - Sync 1 DAGs
[2026-06-08T12:32:06.248+0000] {logging_mixin.py:188} INFO - [2026-06-08T12:32:06.248+0000] {dag.py:3954} INFO - Setting next_dagrun for example_branch_operator to 2026-06-07 00:00:00+00:00, run_after=2026-06-08 00:00:00+00:00
[2026-06-08T12:32:06.261+0000] {processor.py:183} INFO - Processing /home/airflow/.local/lib/python3.12/site-packages/airflow/example_dags/example_branch_operator.py took 0.083 seconds
[2026-06-08T12:32:36.848+0000] {processor.py:161} INFO - Started process (PID=1828) to work on /home/airflow/.local/lib/python3.12/site-packages/airflow/example_dags/example_branch_operator.py
[2026-06-08T12:32:36.849+0000] {processor.py:830} INFO - Processing file /home/airflow/.local/lib/python3.12/site-packages/airflow/example_dags/example_branch_operator.py for tasks to queue
[2026-06-08T12:32:36.851+0000] {logging_mixin.py:188} INFO - [2026-06-08T12:32:36.850+0000] {dagbag.py:545} INFO - Filling up the DagBag from /home/airflow/.local/lib/python3.12/site-packages/airflow/example_dags/example_branch_operator.py
[2026-06-08T12:32:36.861+0000] {processor.py:840} INFO - DAG(s) 'example_branch_operator' retrieved from /home/airflow/.local/lib/python3.12/site-packages/airflow/example_dags/example_branch_operator.py
[2026-06-08T12:32:36.882+0000] {logging_mixin.py:188} INFO - [2026-06-08T12:32:36.882+0000] {dag.py:3096} INFO - Sync 1 DAGs
[2026-06-08T12:32:36.898+0000] {logging_mixin.py:188} INFO - [2026-06-08T12:32:36.898+0000] {dag.py:3954} INFO - Setting next_dagrun for example_branch_operator to 2026-06-07 00:00:00+00:00, run_after=2026-06-08 00:00:00+00:00
[2026-06-08T12:32:36.911+0000] {processor.py:183} INFO - Processing /home/airflow/.local/lib/python3.12/site-packages/airflow/example_dags/example_branch_operator.py took 0.071 seconds
[2026-06-08T12:33:06.979+0000] {processor.py:161} INFO - Started process (PID=1887) to work on /home/airflow/.local/lib/python3.12/site-packages/airflow/example_dags/example_branch_operator.py
[2026-06-08T12:33:06.990+0000] {processor.py:830} INFO - Processing file /home/airflow/.local/lib/python3.12/site-packages/airflow/example_dags/example_branch_operator.py for tasks to queue
[2026-06-08T12:33:06.992+0000] {logging_mixin.py:188} INFO - [2026-06-08T12:33:06.991+0000] {dagbag.py:545} INFO - Filling up the DagBag from /home/airflow/.local/lib/python3.12/site-packages/airflow/example_dags/example_branch_operator.py
[2026-06-08T12:33:07.007+0000] {processor.py:840} INFO - DAG(s) 'example_branch_operator' retrieved from /home/airflow/.local/lib/python3.12/site-packages/airflow/example_dags/example_branch_operator.py
[2026-06-08T12:33:07.031+0000] {logging_mixin.py:188} INFO - [2026-06-08T12:33:07.031+0000] {dag.py:3096} INFO - Sync 1 DAGs
[2026-06-08T12:33:07.045+0000] {logging_mixin.py:188} INFO - [2026-06-08T12:33:07.045+0000] {dag.py:3954} INFO - Setting next_dagrun for example_branch_operator to 2026-06-07 00:00:00+00:00, run_after=2026-06-08 00:00:00+00:00
[2026-06-08T12:33:07.057+0000] {processor.py:183} INFO - Processing /home/airflow/.local/lib/python3.12/site-packages/airflow/example_dags/example_branch_operator.py took 0.086 seconds
[2026-06-08T12:33:37.230+0000] {processor.py:161} INFO - Started process (PID=1946) to work on /home/airflow/.local/lib/python3.12/site-packages/airflow/example_dags/example_branch_operator.py
[2026-06-08T12:33:37.231+0000] {processor.py:830} INFO - Processing file /home/airflow/.local/lib/python3.12/site-packages/airflow/example_dags/example_branch_operator.py for tasks to queue
[2026-06-08T12:33:37.232+0000] {logging_mixin.py:188} INFO - [2026-06-08T12:33:37.232+0000] {dagbag.py:545} INFO - Filling up the DagBag from /home/airflow/.local/lib/python3.12/site-packages/airflow/example_dags/example_branch_operator.py
[2026-06-08T12:33:37.242+0000] {processor.py:840} INFO - DAG(s) 'example_branch_operator' retrieved from /home/airflow/.local/lib/python3.12/site-packages/airflow/example_dags/example_branch_operator.py
[2026-06-08T12:33:37.271+0000] {logging_mixin.py:188} INFO - [2026-06-08T12:33:37.271+0000] {dag.py:3096} INFO - Sync 1 DAGs
[2026-06-08T12:33:37.298+0000] {logging_mixin.py:188} INFO - [2026-06-08T12:33:37.297+0000] {dag.py:3954} INFO - Setting next_dagrun for example_branch_operator to 2026-06-07 00:00:00+00:00, run_after=2026-06-08 00:00:00+00:00
[2026-06-08T12:33:37.318+0000] {processor.py:183} INFO - Processing /home/airflow/.local/lib/python3.12/site-packages/airflow/example_dags/example_branch_operator.py took 0.096 seconds
[2026-06-08T12:34:07.798+0000] {processor.py:161} INFO - Started process (PID=2005) to work on /home/airflow/.local/lib/python3.12/site-packages/airflow/example_dags/example_branch_operator.py
[2026-06-08T12:34:07.799+0000] {processor.py:830} INFO - Processing file /home/airflow/.local/lib/python3.12/site-packages/airflow/example_dags/example_branch_operator.py for tasks to queue
[2026-06-08T12:34:07.800+0000] {logging_mixin.py:188} INFO - [2026-06-08T12:34:07.800+0000] {dagbag.py:545} INFO - Filling up the DagBag from /home/airflow/.local/lib/python3.12/site-packages/airflow/example_dags/example_branch_operator.py
[2026-06-08T12:34:07.811+0000] {processor.py:840} INFO - DAG(s) 'example_branch_operator' retrieved from /home/airflow/.local/lib/python3.12/site-packages/airflow/example_dags/example_branch_operator.py
[2026-06-08T12:34:07.841+0000] {logging_mixin.py:188} INFO - [2026-06-08T12:34:07.841+0000] {dag.py:3096} INFO - Sync 1 DAGs
[2026-06-08T12:34:07.958+0000] {logging_mixin.py:188} INFO - [2026-06-08T12:34:07.958+0000] {dag.py:3954} INFO - Setting next_dagrun for example_branch_operator to 2026-06-07 00:00:00+00:00, run_after=2026-06-08 00:00:00+00:00
[2026-06-08T12:34:07.970+0000] {processor.py:183} INFO - Processing /home/airflow/.local/lib/python3.12/site-packages/airflow/example_dags/example_branch_operator.py took 0.182 seconds
[2026-06-08T12:34:38.914+0000] {processor.py:161} INFO - Started process (PID=2064) to work on /home/airflow/.local/lib/python3.12/site-packages/airflow/example_dags/example_branch_operator.py
[2026-06-08T12:34:38.924+0000] {processor.py:830} INFO - Processing file /home/airflow/.local/lib/python3.12/site-packages/airflow/example_dags/example_branch_operator.py for tasks to queue
[2026-06-08T12:34:38.926+0000] {logging_mixin.py:188} INFO - [2026-06-08T12:34:38.925+0000] {dagbag.py:545} INFO - Filling up the DagBag from /home/airflow/.local/lib/python3.12/site-packages/airflow/example_dags/example_branch_operator.py
[2026-06-08T12:34:38.937+0000] {processor.py:840} INFO - DAG(s) 'example_branch_operator' retrieved from /home/airflow/.local/lib/python3.12/site-packages/airflow/example_dags/example_branch_operator.py
[2026-06-08T12:34:38.969+0000] {logging_mixin.py:188} INFO - [2026-06-08T12:34:38.968+0000] {dag.py:3096} INFO - Sync 1 DAGs
[2026-06-08T12:34:38.986+0000] {logging_mixin.py:188} INFO - [2026-06-08T12:34:38.986+0000] {dag.py:3954} INFO - Setting next_dagrun for example_branch_operator to 2026-06-07 00:00:00+00:00, run_after=2026-06-08 00:00:00+00:00
[2026-06-08T12:34:39.116+0000] {processor.py:183} INFO - Processing /home/airflow/.local/lib/python3.12/site-packages/airflow/example_dags/example_branch_operator.py took 0.210 seconds
[2026-06-08T12:35:09.496+0000] {processor.py:161} INFO - Started process (PID=2123) to work on /home/airflow/.local/lib/python3.12/site-packages/airflow/example_dags/example_branch_operator.py
[2026-06-08T12:35:09.507+0000] {processor.py:830} INFO - Processing file /home/airflow/.local/lib/python3.12/site-packages/airflow/example_dags/example_branch_operator.py for tasks to queue
[2026-06-08T12:35:09.511+0000] {logging_mixin.py:188} INFO - [2026-06-08T12:35:09.510+0000] {dagbag.py:545} INFO - Filling up the DagBag from /home/airflow/.local/lib/python3.12/site-packages/airflow/example_dags/example_branch_operator.py
[2026-06-08T12:35:09.529+0000] {processor.py:840} INFO - DAG(s) 'example_branch_operator' retrieved from /home/airflow/.local/lib/python3.12/site-packages/airflow/example_dags/example_branch_operator.py
[2026-06-08T12:35:09.557+0000] {logging_mixin.py:188} INFO - [2026-06-08T12:35:09.557+0000] {dag.py:3096} INFO - Sync 1 DAGs
[2026-06-08T12:35:09.572+0000] {logging_mixin.py:188} INFO - [2026-06-08T12:35:09.572+0000] {dag.py:3954} INFO - Setting next_dagrun for example_branch_operator to 2026-06-07 00:00:00+00:00, run_after=2026-06-08 00:00:00+00:00
[2026-06-08T12:35:09.586+0000] {processor.py:183} INFO - Processing /home/airflow/.local/lib/python3.12/site-packages/airflow/example_dags/example_branch_operator.py took 0.102 seconds
[2026-06-08T12:35:39.872+0000] {processor.py:161} INFO - Started process (PID=2182) to work on /home/airflow/.local/lib/python3.12/site-packages/airflow/example_dags/example_branch_operator.py
[2026-06-08T12:35:39.883+0000] {processor.py:830} INFO - Processing file /home/airflow/.local/lib/python3.12/site-packages/airflow/example_dags/example_branch_operator.py for tasks to queue
[2026-06-08T12:35:39.886+0000] {logging_mixin.py:188} INFO - [2026-06-08T12:35:39.886+0000] {dagbag.py:545} INFO - Filling up the DagBag from /home/airflow/.local/lib/python3.12/site-packages/airflow/example_dags/example_branch_operator.py
[2026-06-08T12:35:39.901+0000] {processor.py:840} INFO - DAG(s) 'example_branch_operator' retrieved from /home/airflow/.local/lib/python3.12/site-packages/airflow/example_dags/example_branch_operator.py
[2026-06-08T12:35:39.924+0000] {logging_mixin.py:188} INFO - [2026-06-08T12:35:39.924+0000] {dag.py:3096} INFO - Sync 1 DAGs
[2026-06-08T12:35:39.939+0000] {logging_mixin.py:188} INFO - [2026-06-08T12:35:39.939+0000] {dag.py:3954} INFO - Setting next_dagrun for example_branch_operator to 2026-06-07 00:00:00+00:00, run_after=2026-06-08 00:00:00+00:00
[2026-06-08T12:35:39.951+0000] {processor.py:183} INFO - Processing /home/airflow/.local/lib/python3.12/site-packages/airflow/example_dags/example_branch_operator.py took 0.093 seconds
[2026-06-08T12:36:10.495+0000] {processor.py:161} INFO - Started process (PID=2241) to work on /home/airflow/.local/lib/python3.12/site-packages/airflow/example_dags/example_branch_operator.py
[2026-06-08T12:36:10.506+0000] {processor.py:830} INFO - Processing file /home/airflow/.local/lib/python3.12/site-packages/airflow/example_dags/example_branch_operator.py for tasks to queue
[2026-06-08T12:36:10.507+0000] {logging_mixin.py:188} INFO - [2026-06-08T12:36:10.507+0000] {dagbag.py:545} INFO - Filling up the DagBag from /home/airflow/.local/lib/python3.12/site-packages/airflow/example_dags/example_branch_operator.py
[2026-06-08T12:36:10.518+0000] {processor.py:840} INFO - DAG(s) 'example_branch_operator' retrieved from /home/airflow/.local/lib/python3.12/site-packages/airflow/example_dags/example_branch_operator.py
[2026-06-08T12:36:10.540+0000] {logging_mixin.py:188} INFO - [2026-06-08T12:36:10.539+0000] {dag.py:3096} INFO - Sync 1 DAGs
[2026-06-08T12:36:10.559+0000] {logging_mixin.py:188} INFO - [2026-06-08T12:36:10.559+0000] {dag.py:3954} INFO - Setting next_dagrun for example_branch_operator to 2026-06-07 00:00:00+00:00, run_after=2026-06-08 00:00:00+00:00
[2026-06-08T12:36:10.572+0000] {processor.py:183} INFO - Processing /home/airflow/.local/lib/python3.12/site-packages/airflow/example_dags/example_branch_operator.py took 0.085 seconds
[2026-06-08T12:36:40.865+0000] {processor.py:161} INFO - Started process (PID=2300) to work on /home/airflow/.local/lib/python3.12/site-packages/airflow/example_dags/example_branch_operator.py
[2026-06-08T12:36:40.866+0000] {processor.py:830} INFO - Processing file /home/airflow/.local/lib/python3.12/site-packages/airflow/example_dags/example_branch_operator.py for tasks to queue
[2026-06-08T12:36:40.867+0000] {logging_mixin.py:188} INFO - [2026-06-08T12:36:40.867+0000] {dagbag.py:545} INFO - Filling up the DagBag from /home/airflow/.local/lib/python3.12/site-packages/airflow/example_dags/example_branch_operator.py
[2026-06-08T12:36:40.880+0000] {processor.py:840} INFO - DAG(s) 'example_branch_operator' retrieved from /home/airflow/.local/lib/python3.12/site-packages/airflow/example_dags/example_branch_operator.py
[2026-06-08T12:36:40.908+0000] {logging_mixin.py:188} INFO - [2026-06-08T12:36:40.908+0000] {dag.py:3096} INFO - Sync 1 DAGs
[2026-06-08T12:36:40.934+0000] {logging_mixin.py:188} INFO - [2026-06-08T12:36:40.933+0000] {dag.py:3954} INFO - Setting next_dagrun for example_branch_operator to 2026-06-07 00:00:00+00:00, run_after=2026-06-08 00:00:00+00:00
[2026-06-08T12:36:40.953+0000] {processor.py:183} INFO - Processing /home/airflow/.local/lib/python3.12/site-packages/airflow/example_dags/example_branch_operator.py took 0.094 seconds
[2026-06-08T12:37:11.426+0000] {processor.py:161} INFO - Started process (PID=2359) to work on /home/airflow/.local/lib/python3.12/site-packages/airflow/example_dags/example_branch_operator.py
[2026-06-08T12:37:11.427+0000] {processor.py:830} INFO - Processing file /home/airflow/.local/lib/python3.12/site-packages/airflow/example_dags/example_branch_operator.py for tasks to queue
[2026-06-08T12:37:11.429+0000] {logging_mixin.py:188} INFO - [2026-06-08T12:37:11.429+0000] {dagbag.py:545} INFO - Filling up the DagBag from /home/airflow/.local/lib/python3.12/site-packages/airflow/example_dags/example_branch_operator.py
[2026-06-08T12:37:11.446+0000] {processor.py:840} INFO - DAG(s) 'example_branch_operator' retrieved from /home/airflow/.local/lib/python3.12/site-packages/airflow/example_dags/example_branch_operator.py
[2026-06-08T12:37:11.468+0000] {logging_mixin.py:188} INFO - [2026-06-08T12:37:11.468+0000] {dag.py:3096} INFO - Sync 1 DAGs
[2026-06-08T12:37:11.483+0000] {logging_mixin.py:188} INFO - [2026-06-08T12:37:11.483+0000] {dag.py:3954} INFO - Setting next_dagrun for example_branch_operator to 2026-06-07 00:00:00+00:00, run_after=2026-06-08 00:00:00+00:00
[2026-06-08T12:37:11.496+0000] {processor.py:183} INFO - Processing /home/airflow/.local/lib/python3.12/site-packages/airflow/example_dags/example_branch_operator.py took 0.075 seconds
[2026-06-08T12:37:41.836+0000] {processor.py:161} INFO - Started process (PID=2418) to work on /home/airflow/.local/lib/python3.12/site-packages/airflow/example_dags/example_branch_operator.py
[2026-06-08T12:37:41.847+0000] {processor.py:830} INFO - Processing file /home/airflow/.local/lib/python3.12/site-packages/airflow/example_dags/example_branch_operator.py for tasks to queue
[2026-06-08T12:37:41.849+0000] {logging_mixin.py:188} INFO - [2026-06-08T12:37:41.848+0000] {dagbag.py:545} INFO - Filling up the DagBag from /home/airflow/.local/lib/python3.12/site-packages/airflow/example_dags/example_branch_operator.py
[2026-06-08T12:37:41.862+0000] {processor.py:840} INFO - DAG(s) 'example_branch_operator' retrieved from /home/airflow/.local/lib/python3.12/site-packages/airflow/example_dags/example_branch_operator.py
[2026-06-08T12:37:41.880+0000] {logging_mixin.py:188} INFO - [2026-06-08T12:37:41.880+0000] {dag.py:3096} INFO - Sync 1 DAGs
[2026-06-08T12:37:41.895+0000] {logging_mixin.py:188} INFO - [2026-06-08T12:37:41.895+0000] {dag.py:3954} INFO - Setting next_dagrun for example_branch_operator to 2026-06-07 00:00:00+00:00, run_after=2026-06-08 00:00:00+00:00
[2026-06-08T12:37:41.906+0000] {processor.py:183} INFO - Processing /home/airflow/.local/lib/python3.12/site-packages/airflow/example_dags/example_branch_operator.py took 0.077 seconds
