[2026-06-08T12:17:52.352+0000] {processor.py:161} INFO - Started process (PID=88) to work on /home/airflow/.local/lib/python3.12/site-packages/airflow/example_dags/tutorial_dag.py
[2026-06-08T12:17:52.353+0000] {processor.py:830} INFO - Processing file /home/airflow/.local/lib/python3.12/site-packages/airflow/example_dags/tutorial_dag.py for tasks to queue
[2026-06-08T12:17:52.354+0000] {logging_mixin.py:188} INFO - [2026-06-08T12:17:52.354+0000] {dagbag.py:545} INFO - Filling up the DagBag from /home/airflow/.local/lib/python3.12/site-packages/airflow/example_dags/tutorial_dag.py
[2026-06-08T12:17:52.359+0000] {processor.py:840} INFO - DAG(s) 'tutorial_dag' retrieved from /home/airflow/.local/lib/python3.12/site-packages/airflow/example_dags/tutorial_dag.py
[2026-06-08T12:17:52.371+0000] {logging_mixin.py:188} INFO - [2026-06-08T12:17:52.370+0000] {dag.py:3096} INFO - Sync 1 DAGs
[2026-06-08T12:17:52.382+0000] {logging_mixin.py:188} INFO - [2026-06-08T12:17:52.382+0000] {dag.py:3954} INFO - Setting next_dagrun for tutorial_dag to None, run_after=None
[2026-06-08T12:17:52.399+0000] {processor.py:183} INFO - Processing /home/airflow/.local/lib/python3.12/site-packages/airflow/example_dags/tutorial_dag.py took 0.051 seconds
[2026-06-08T12:18:23.619+0000] {processor.py:161} INFO - Started process (PID=146) to work on /home/airflow/.local/lib/python3.12/site-packages/airflow/example_dags/tutorial_dag.py
[2026-06-08T12:18:23.620+0000] {processor.py:830} INFO - Processing file /home/airflow/.local/lib/python3.12/site-packages/airflow/example_dags/tutorial_dag.py for tasks to queue
[2026-06-08T12:18:23.621+0000] {logging_mixin.py:188} INFO - [2026-06-08T12:18:23.621+0000] {dagbag.py:545} INFO - Filling up the DagBag from /home/airflow/.local/lib/python3.12/site-packages/airflow/example_dags/tutorial_dag.py
[2026-06-08T12:18:23.625+0000] {processor.py:840} INFO - DAG(s) 'tutorial_dag' retrieved from /home/airflow/.local/lib/python3.12/site-packages/airflow/example_dags/tutorial_dag.py
[2026-06-08T12:18:23.700+0000] {logging_mixin.py:188} INFO - [2026-06-08T12:18:23.699+0000] {dag.py:3096} INFO - Sync 1 DAGs
[2026-06-08T12:18:23.707+0000] {logging_mixin.py:188} INFO - [2026-06-08T12:18:23.707+0000] {dag.py:3954} INFO - Setting next_dagrun for tutorial_dag to None, run_after=None
[2026-06-08T12:18:23.720+0000] {processor.py:183} INFO - Processing /home/airflow/.local/lib/python3.12/site-packages/airflow/example_dags/tutorial_dag.py took 0.107 seconds
[2026-06-08T12:18:54.430+0000] {processor.py:161} INFO - Started process (PID=204) to work on /home/airflow/.local/lib/python3.12/site-packages/airflow/example_dags/tutorial_dag.py
[2026-06-08T12:18:54.431+0000] {processor.py:830} INFO - Processing file /home/airflow/.local/lib/python3.12/site-packages/airflow/example_dags/tutorial_dag.py for tasks to queue
[2026-06-08T12:18:54.432+0000] {logging_mixin.py:188} INFO - [2026-06-08T12:18:54.432+0000] {dagbag.py:545} INFO - Filling up the DagBag from /home/airflow/.local/lib/python3.12/site-packages/airflow/example_dags/tutorial_dag.py
[2026-06-08T12:18:54.436+0000] {processor.py:840} INFO - DAG(s) 'tutorial_dag' retrieved from /home/airflow/.local/lib/python3.12/site-packages/airflow/example_dags/tutorial_dag.py
[2026-06-08T12:18:54.455+0000] {logging_mixin.py:188} INFO - [2026-06-08T12:18:54.455+0000] {dag.py:3096} INFO - Sync 1 DAGs
[2026-06-08T12:18:54.469+0000] {logging_mixin.py:188} INFO - [2026-06-08T12:18:54.469+0000] {dag.py:3954} INFO - Setting next_dagrun for tutorial_dag to None, run_after=None
[2026-06-08T12:18:54.486+0000] {processor.py:183} INFO - Processing /home/airflow/.local/lib/python3.12/site-packages/airflow/example_dags/tutorial_dag.py took 0.062 seconds
[2026-06-08T12:19:25.002+0000] {processor.py:161} INFO - Started process (PID=262) to work on /home/airflow/.local/lib/python3.12/site-packages/airflow/example_dags/tutorial_dag.py
[2026-06-08T12:19:25.003+0000] {processor.py:830} INFO - Processing file /home/airflow/.local/lib/python3.12/site-packages/airflow/example_dags/tutorial_dag.py for tasks to queue
[2026-06-08T12:19:25.005+0000] {logging_mixin.py:188} INFO - [2026-06-08T12:19:25.004+0000] {dagbag.py:545} INFO - Filling up the DagBag from /home/airflow/.local/lib/python3.12/site-packages/airflow/example_dags/tutorial_dag.py
[2026-06-08T12:19:25.009+0000] {processor.py:840} INFO - DAG(s) 'tutorial_dag' retrieved from /home/airflow/.local/lib/python3.12/site-packages/airflow/example_dags/tutorial_dag.py
[2026-06-08T12:19:25.025+0000] {logging_mixin.py:188} INFO - [2026-06-08T12:19:25.025+0000] {dag.py:3096} INFO - Sync 1 DAGs
[2026-06-08T12:19:25.035+0000] {logging_mixin.py:188} INFO - [2026-06-08T12:19:25.035+0000] {dag.py:3954} INFO - Setting next_dagrun for tutorial_dag to None, run_after=None
[2026-06-08T12:19:25.049+0000] {processor.py:183} INFO - Processing /home/airflow/.local/lib/python3.12/site-packages/airflow/example_dags/tutorial_dag.py took 0.054 seconds
[2026-06-08T12:19:55.252+0000] {processor.py:161} INFO - Started process (PID=320) to work on /home/airflow/.local/lib/python3.12/site-packages/airflow/example_dags/tutorial_dag.py
[2026-06-08T12:19:55.253+0000] {processor.py:830} INFO - Processing file /home/airflow/.local/lib/python3.12/site-packages/airflow/example_dags/tutorial_dag.py for tasks to queue
[2026-06-08T12:19:55.254+0000] {logging_mixin.py:188} INFO - [2026-06-08T12:19:55.254+0000] {dagbag.py:545} INFO - Filling up the DagBag from /home/airflow/.local/lib/python3.12/site-packages/airflow/example_dags/tutorial_dag.py
[2026-06-08T12:19:55.257+0000] {processor.py:840} INFO - DAG(s) 'tutorial_dag' retrieved from /home/airflow/.local/lib/python3.12/site-packages/airflow/example_dags/tutorial_dag.py
[2026-06-08T12:19:55.273+0000] {logging_mixin.py:188} INFO - [2026-06-08T12:19:55.273+0000] {dag.py:3096} INFO - Sync 1 DAGs
[2026-06-08T12:19:55.281+0000] {logging_mixin.py:188} INFO - [2026-06-08T12:19:55.281+0000] {dag.py:3954} INFO - Setting next_dagrun for tutorial_dag to None, run_after=None
[2026-06-08T12:19:55.293+0000] {processor.py:183} INFO - Processing /home/airflow/.local/lib/python3.12/site-packages/airflow/example_dags/tutorial_dag.py took 0.047 seconds
[2026-06-08T12:20:25.916+0000] {processor.py:161} INFO - Started process (PID=378) to work on /home/airflow/.local/lib/python3.12/site-packages/airflow/example_dags/tutorial_dag.py
[2026-06-08T12:20:25.917+0000] {processor.py:830} INFO - Processing file /home/airflow/.local/lib/python3.12/site-packages/airflow/example_dags/tutorial_dag.py for tasks to queue
[2026-06-08T12:20:25.919+0000] {logging_mixin.py:188} INFO - [2026-06-08T12:20:25.919+0000] {dagbag.py:545} INFO - Filling up the DagBag from /home/airflow/.local/lib/python3.12/site-packages/airflow/example_dags/tutorial_dag.py
[2026-06-08T12:20:25.924+0000] {processor.py:840} INFO - DAG(s) 'tutorial_dag' retrieved from /home/airflow/.local/lib/python3.12/site-packages/airflow/example_dags/tutorial_dag.py
[2026-06-08T12:20:25.950+0000] {logging_mixin.py:188} INFO - [2026-06-08T12:20:25.950+0000] {dag.py:3096} INFO - Sync 1 DAGs
[2026-06-08T12:20:25.965+0000] {logging_mixin.py:188} INFO - [2026-06-08T12:20:25.965+0000] {dag.py:3954} INFO - Setting next_dagrun for tutorial_dag to None, run_after=None
[2026-06-08T12:20:25.978+0000] {processor.py:183} INFO - Processing /home/airflow/.local/lib/python3.12/site-packages/airflow/example_dags/tutorial_dag.py took 0.070 seconds
[2026-06-08T12:20:56.329+0000] {processor.py:161} INFO - Started process (PID=436) to work on /home/airflow/.local/lib/python3.12/site-packages/airflow/example_dags/tutorial_dag.py
[2026-06-08T12:20:56.330+0000] {processor.py:830} INFO - Processing file /home/airflow/.local/lib/python3.12/site-packages/airflow/example_dags/tutorial_dag.py for tasks to queue
[2026-06-08T12:20:56.331+0000] {logging_mixin.py:188} INFO - [2026-06-08T12:20:56.331+0000] {dagbag.py:545} INFO - Filling up the DagBag from /home/airflow/.local/lib/python3.12/site-packages/airflow/example_dags/tutorial_dag.py
[2026-06-08T12:20:56.334+0000] {processor.py:840} INFO - DAG(s) 'tutorial_dag' retrieved from /home/airflow/.local/lib/python3.12/site-packages/airflow/example_dags/tutorial_dag.py
[2026-06-08T12:20:56.350+0000] {logging_mixin.py:188} INFO - [2026-06-08T12:20:56.350+0000] {dag.py:3096} INFO - Sync 1 DAGs
[2026-06-08T12:20:56.358+0000] {logging_mixin.py:188} INFO - [2026-06-08T12:20:56.358+0000] {dag.py:3954} INFO - Setting next_dagrun for tutorial_dag to None, run_after=None
[2026-06-08T12:20:56.370+0000] {processor.py:183} INFO - Processing /home/airflow/.local/lib/python3.12/site-packages/airflow/example_dags/tutorial_dag.py took 0.045 seconds
[2026-06-08T12:21:26.557+0000] {processor.py:161} INFO - Started process (PID=494) to work on /home/airflow/.local/lib/python3.12/site-packages/airflow/example_dags/tutorial_dag.py
[2026-06-08T12:21:26.557+0000] {processor.py:830} INFO - Processing file /home/airflow/.local/lib/python3.12/site-packages/airflow/example_dags/tutorial_dag.py for tasks to queue
[2026-06-08T12:21:26.558+0000] {logging_mixin.py:188} INFO - [2026-06-08T12:21:26.558+0000] {dagbag.py:545} INFO - Filling up the DagBag from /home/airflow/.local/lib/python3.12/site-packages/airflow/example_dags/tutorial_dag.py
[2026-06-08T12:21:26.561+0000] {processor.py:840} INFO - DAG(s) 'tutorial_dag' retrieved from /home/airflow/.local/lib/python3.12/site-packages/airflow/example_dags/tutorial_dag.py
[2026-06-08T12:21:26.574+0000] {logging_mixin.py:188} INFO - [2026-06-08T12:21:26.574+0000] {dag.py:3096} INFO - Sync 1 DAGs
[2026-06-08T12:21:26.583+0000] {logging_mixin.py:188} INFO - [2026-06-08T12:21:26.583+0000] {dag.py:3954} INFO - Setting next_dagrun for tutorial_dag to None, run_after=None
[2026-06-08T12:21:26.594+0000] {processor.py:183} INFO - Processing /home/airflow/.local/lib/python3.12/site-packages/airflow/example_dags/tutorial_dag.py took 0.041 seconds
[2026-06-08T12:21:57.280+0000] {processor.py:161} INFO - Started process (PID=574) to work on /home/airflow/.local/lib/python3.12/site-packages/airflow/example_dags/tutorial_dag.py
[2026-06-08T12:21:57.281+0000] {processor.py:830} INFO - Processing file /home/airflow/.local/lib/python3.12/site-packages/airflow/example_dags/tutorial_dag.py for tasks to queue
[2026-06-08T12:21:57.282+0000] {logging_mixin.py:188} INFO - [2026-06-08T12:21:57.282+0000] {dagbag.py:545} INFO - Filling up the DagBag from /home/airflow/.local/lib/python3.12/site-packages/airflow/example_dags/tutorial_dag.py
[2026-06-08T12:21:57.288+0000] {processor.py:840} INFO - DAG(s) 'tutorial_dag' retrieved from /home/airflow/.local/lib/python3.12/site-packages/airflow/example_dags/tutorial_dag.py
[2026-06-08T12:21:57.309+0000] {logging_mixin.py:188} INFO - [2026-06-08T12:21:57.309+0000] {dag.py:3096} INFO - Sync 1 DAGs
[2026-06-08T12:21:57.318+0000] {logging_mixin.py:188} INFO - [2026-06-08T12:21:57.318+0000] {dag.py:3954} INFO - Setting next_dagrun for tutorial_dag to None, run_after=None
[2026-06-08T12:21:57.338+0000] {processor.py:183} INFO - Processing /home/airflow/.local/lib/python3.12/site-packages/airflow/example_dags/tutorial_dag.py took 0.064 seconds
[2026-06-08T12:22:27.690+0000] {processor.py:161} INFO - Started process (PID=632) to work on /home/airflow/.local/lib/python3.12/site-packages/airflow/example_dags/tutorial_dag.py
[2026-06-08T12:22:27.691+0000] {processor.py:830} INFO - Processing file /home/airflow/.local/lib/python3.12/site-packages/airflow/example_dags/tutorial_dag.py for tasks to queue
[2026-06-08T12:22:27.693+0000] {logging_mixin.py:188} INFO - [2026-06-08T12:22:27.693+0000] {dagbag.py:545} INFO - Filling up the DagBag from /home/airflow/.local/lib/python3.12/site-packages/airflow/example_dags/tutorial_dag.py
[2026-06-08T12:22:27.698+0000] {processor.py:840} INFO - DAG(s) 'tutorial_dag' retrieved from /home/airflow/.local/lib/python3.12/site-packages/airflow/example_dags/tutorial_dag.py
[2026-06-08T12:22:27.725+0000] {logging_mixin.py:188} INFO - [2026-06-08T12:22:27.724+0000] {dag.py:3096} INFO - Sync 1 DAGs
[2026-06-08T12:22:27.746+0000] {logging_mixin.py:188} INFO - [2026-06-08T12:22:27.746+0000] {dag.py:3954} INFO - Setting next_dagrun for tutorial_dag to None, run_after=None
[2026-06-08T12:22:27.777+0000] {processor.py:183} INFO - Processing /home/airflow/.local/lib/python3.12/site-packages/airflow/example_dags/tutorial_dag.py took 0.097 seconds
[2026-06-08T12:22:58.077+0000] {processor.py:161} INFO - Started process (PID=713) to work on /home/airflow/.local/lib/python3.12/site-packages/airflow/example_dags/tutorial_dag.py
[2026-06-08T12:22:58.078+0000] {processor.py:830} INFO - Processing file /home/airflow/.local/lib/python3.12/site-packages/airflow/example_dags/tutorial_dag.py for tasks to queue
[2026-06-08T12:22:58.080+0000] {logging_mixin.py:188} INFO - [2026-06-08T12:22:58.080+0000] {dagbag.py:545} INFO - Filling up the DagBag from /home/airflow/.local/lib/python3.12/site-packages/airflow/example_dags/tutorial_dag.py
[2026-06-08T12:22:58.083+0000] {processor.py:840} INFO - DAG(s) 'tutorial_dag' retrieved from /home/airflow/.local/lib/python3.12/site-packages/airflow/example_dags/tutorial_dag.py
[2026-06-08T12:22:58.091+0000] {logging_mixin.py:188} INFO - [2026-06-08T12:22:58.091+0000] {dag.py:3096} INFO - Sync 1 DAGs
[2026-06-08T12:22:58.102+0000] {logging_mixin.py:188} INFO - [2026-06-08T12:22:58.102+0000] {dag.py:3954} INFO - Setting next_dagrun for tutorial_dag to None, run_after=None
[2026-06-08T12:22:58.113+0000] {processor.py:183} INFO - Processing /home/airflow/.local/lib/python3.12/site-packages/airflow/example_dags/tutorial_dag.py took 0.043 seconds
[2026-06-08T12:23:29.325+0000] {processor.py:161} INFO - Started process (PID=793) to work on /home/airflow/.local/lib/python3.12/site-packages/airflow/example_dags/tutorial_dag.py
[2026-06-08T12:23:29.326+0000] {processor.py:830} INFO - Processing file /home/airflow/.local/lib/python3.12/site-packages/airflow/example_dags/tutorial_dag.py for tasks to queue
[2026-06-08T12:23:29.328+0000] {logging_mixin.py:188} INFO - [2026-06-08T12:23:29.327+0000] {dagbag.py:545} INFO - Filling up the DagBag from /home/airflow/.local/lib/python3.12/site-packages/airflow/example_dags/tutorial_dag.py
[2026-06-08T12:23:29.333+0000] {processor.py:840} INFO - DAG(s) 'tutorial_dag' retrieved from /home/airflow/.local/lib/python3.12/site-packages/airflow/example_dags/tutorial_dag.py
[2026-06-08T12:23:29.408+0000] {logging_mixin.py:188} INFO - [2026-06-08T12:23:29.408+0000] {dag.py:3096} INFO - Sync 1 DAGs
[2026-06-08T12:23:29.415+0000] {logging_mixin.py:188} INFO - [2026-06-08T12:23:29.415+0000] {dag.py:3954} INFO - Setting next_dagrun for tutorial_dag to None, run_after=None
[2026-06-08T12:23:29.431+0000] {processor.py:183} INFO - Processing /home/airflow/.local/lib/python3.12/site-packages/airflow/example_dags/tutorial_dag.py took 0.112 seconds
[2026-06-08T12:23:59.549+0000] {processor.py:161} INFO - Started process (PID=852) to work on /home/airflow/.local/lib/python3.12/site-packages/airflow/example_dags/tutorial_dag.py
[2026-06-08T12:23:59.549+0000] {processor.py:830} INFO - Processing file /home/airflow/.local/lib/python3.12/site-packages/airflow/example_dags/tutorial_dag.py for tasks to queue
[2026-06-08T12:23:59.550+0000] {logging_mixin.py:188} INFO - [2026-06-08T12:23:59.550+0000] {dagbag.py:545} INFO - Filling up the DagBag from /home/airflow/.local/lib/python3.12/site-packages/airflow/example_dags/tutorial_dag.py
[2026-06-08T12:23:59.553+0000] {processor.py:840} INFO - DAG(s) 'tutorial_dag' retrieved from /home/airflow/.local/lib/python3.12/site-packages/airflow/example_dags/tutorial_dag.py
[2026-06-08T12:23:59.570+0000] {logging_mixin.py:188} INFO - [2026-06-08T12:23:59.570+0000] {dag.py:3096} INFO - Sync 1 DAGs
[2026-06-08T12:23:59.580+0000] {logging_mixin.py:188} INFO - [2026-06-08T12:23:59.579+0000] {dag.py:3954} INFO - Setting next_dagrun for tutorial_dag to None, run_after=None
[2026-06-08T12:23:59.596+0000] {processor.py:183} INFO - Processing /home/airflow/.local/lib/python3.12/site-packages/airflow/example_dags/tutorial_dag.py took 0.052 seconds
[2026-06-08T12:24:30.338+0000] {processor.py:161} INFO - Started process (PID=911) to work on /home/airflow/.local/lib/python3.12/site-packages/airflow/example_dags/tutorial_dag.py
[2026-06-08T12:24:30.339+0000] {processor.py:830} INFO - Processing file /home/airflow/.local/lib/python3.12/site-packages/airflow/example_dags/tutorial_dag.py for tasks to queue
[2026-06-08T12:24:30.341+0000] {logging_mixin.py:188} INFO - [2026-06-08T12:24:30.341+0000] {dagbag.py:545} INFO - Filling up the DagBag from /home/airflow/.local/lib/python3.12/site-packages/airflow/example_dags/tutorial_dag.py
[2026-06-08T12:24:30.346+0000] {processor.py:840} INFO - DAG(s) 'tutorial_dag' retrieved from /home/airflow/.local/lib/python3.12/site-packages/airflow/example_dags/tutorial_dag.py
[2026-06-08T12:24:30.374+0000] {logging_mixin.py:188} INFO - [2026-06-08T12:24:30.374+0000] {dag.py:3096} INFO - Sync 1 DAGs
[2026-06-08T12:24:30.384+0000] {logging_mixin.py:188} INFO - [2026-06-08T12:24:30.384+0000] {dag.py:3954} INFO - Setting next_dagrun for tutorial_dag to None, run_after=None
[2026-06-08T12:24:30.398+0000] {processor.py:183} INFO - Processing /home/airflow/.local/lib/python3.12/site-packages/airflow/example_dags/tutorial_dag.py took 0.068 seconds
[2026-06-08T12:25:00.871+0000] {processor.py:161} INFO - Started process (PID=970) to work on /home/airflow/.local/lib/python3.12/site-packages/airflow/example_dags/tutorial_dag.py
[2026-06-08T12:25:00.872+0000] {processor.py:830} INFO - Processing file /home/airflow/.local/lib/python3.12/site-packages/airflow/example_dags/tutorial_dag.py for tasks to queue
[2026-06-08T12:25:00.874+0000] {logging_mixin.py:188} INFO - [2026-06-08T12:25:00.874+0000] {dagbag.py:545} INFO - Filling up the DagBag from /home/airflow/.local/lib/python3.12/site-packages/airflow/example_dags/tutorial_dag.py
[2026-06-08T12:25:00.880+0000] {processor.py:840} INFO - DAG(s) 'tutorial_dag' retrieved from /home/airflow/.local/lib/python3.12/site-packages/airflow/example_dags/tutorial_dag.py
[2026-06-08T12:25:00.918+0000] {logging_mixin.py:188} INFO - [2026-06-08T12:25:00.918+0000] {dag.py:3096} INFO - Sync 1 DAGs
[2026-06-08T12:25:00.941+0000] {logging_mixin.py:188} INFO - [2026-06-08T12:25:00.941+0000] {dag.py:3954} INFO - Setting next_dagrun for tutorial_dag to None, run_after=None
[2026-06-08T12:25:00.971+0000] {processor.py:183} INFO - Processing /home/airflow/.local/lib/python3.12/site-packages/airflow/example_dags/tutorial_dag.py took 0.106 seconds
[2026-06-08T12:25:31.261+0000] {processor.py:161} INFO - Started process (PID=1030) to work on /home/airflow/.local/lib/python3.12/site-packages/airflow/example_dags/tutorial_dag.py
[2026-06-08T12:25:31.262+0000] {processor.py:830} INFO - Processing file /home/airflow/.local/lib/python3.12/site-packages/airflow/example_dags/tutorial_dag.py for tasks to queue
[2026-06-08T12:25:31.263+0000] {logging_mixin.py:188} INFO - [2026-06-08T12:25:31.262+0000] {dagbag.py:545} INFO - Filling up the DagBag from /home/airflow/.local/lib/python3.12/site-packages/airflow/example_dags/tutorial_dag.py
[2026-06-08T12:25:31.266+0000] {processor.py:840} INFO - DAG(s) 'tutorial_dag' retrieved from /home/airflow/.local/lib/python3.12/site-packages/airflow/example_dags/tutorial_dag.py
[2026-06-08T12:25:31.286+0000] {logging_mixin.py:188} INFO - [2026-06-08T12:25:31.286+0000] {dag.py:3096} INFO - Sync 1 DAGs
[2026-06-08T12:25:31.299+0000] {logging_mixin.py:188} INFO - [2026-06-08T12:25:31.299+0000] {dag.py:3954} INFO - Setting next_dagrun for tutorial_dag to None, run_after=None
[2026-06-08T12:25:31.316+0000] {processor.py:183} INFO - Processing /home/airflow/.local/lib/python3.12/site-packages/airflow/example_dags/tutorial_dag.py took 0.059 seconds
[2026-06-08T12:26:01.664+0000] {processor.py:161} INFO - Started process (PID=1089) to work on /home/airflow/.local/lib/python3.12/site-packages/airflow/example_dags/tutorial_dag.py
[2026-06-08T12:26:01.665+0000] {processor.py:830} INFO - Processing file /home/airflow/.local/lib/python3.12/site-packages/airflow/example_dags/tutorial_dag.py for tasks to queue
[2026-06-08T12:26:01.666+0000] {logging_mixin.py:188} INFO - [2026-06-08T12:26:01.665+0000] {dagbag.py:545} INFO - Filling up the DagBag from /home/airflow/.local/lib/python3.12/site-packages/airflow/example_dags/tutorial_dag.py
[2026-06-08T12:26:01.669+0000] {processor.py:840} INFO - DAG(s) 'tutorial_dag' retrieved from /home/airflow/.local/lib/python3.12/site-packages/airflow/example_dags/tutorial_dag.py
[2026-06-08T12:26:01.691+0000] {logging_mixin.py:188} INFO - [2026-06-08T12:26:01.690+0000] {dag.py:3096} INFO - Sync 1 DAGs
[2026-06-08T12:26:01.699+0000] {logging_mixin.py:188} INFO - [2026-06-08T12:26:01.699+0000] {dag.py:3954} INFO - Setting next_dagrun for tutorial_dag to None, run_after=None
[2026-06-08T12:26:01.713+0000] {processor.py:183} INFO - Processing /home/airflow/.local/lib/python3.12/site-packages/airflow/example_dags/tutorial_dag.py took 0.056 seconds
[2026-06-08T12:26:32.248+0000] {processor.py:161} INFO - Started process (PID=1148) to work on /home/airflow/.local/lib/python3.12/site-packages/airflow/example_dags/tutorial_dag.py
[2026-06-08T12:26:32.249+0000] {processor.py:830} INFO - Processing file /home/airflow/.local/lib/python3.12/site-packages/airflow/example_dags/tutorial_dag.py for tasks to queue
[2026-06-08T12:26:32.251+0000] {logging_mixin.py:188} INFO - [2026-06-08T12:26:32.251+0000] {dagbag.py:545} INFO - Filling up the DagBag from /home/airflow/.local/lib/python3.12/site-packages/airflow/example_dags/tutorial_dag.py
[2026-06-08T12:26:32.256+0000] {processor.py:840} INFO - DAG(s) 'tutorial_dag' retrieved from /home/airflow/.local/lib/python3.12/site-packages/airflow/example_dags/tutorial_dag.py
[2026-06-08T12:26:32.277+0000] {logging_mixin.py:188} INFO - [2026-06-08T12:26:32.277+0000] {dag.py:3096} INFO - Sync 1 DAGs
[2026-06-08T12:26:32.290+0000] {logging_mixin.py:188} INFO - [2026-06-08T12:26:32.290+0000] {dag.py:3954} INFO - Setting next_dagrun for tutorial_dag to None, run_after=None
[2026-06-08T12:26:32.309+0000] {processor.py:183} INFO - Processing /home/airflow/.local/lib/python3.12/site-packages/airflow/example_dags/tutorial_dag.py took 0.067 seconds
[2026-06-08T12:27:02.572+0000] {processor.py:161} INFO - Started process (PID=1207) to work on /home/airflow/.local/lib/python3.12/site-packages/airflow/example_dags/tutorial_dag.py
[2026-06-08T12:27:02.572+0000] {processor.py:830} INFO - Processing file /home/airflow/.local/lib/python3.12/site-packages/airflow/example_dags/tutorial_dag.py for tasks to queue
[2026-06-08T12:27:02.573+0000] {logging_mixin.py:188} INFO - [2026-06-08T12:27:02.573+0000] {dagbag.py:545} INFO - Filling up the DagBag from /home/airflow/.local/lib/python3.12/site-packages/airflow/example_dags/tutorial_dag.py
[2026-06-08T12:27:02.576+0000] {processor.py:840} INFO - DAG(s) 'tutorial_dag' retrieved from /home/airflow/.local/lib/python3.12/site-packages/airflow/example_dags/tutorial_dag.py
[2026-06-08T12:27:02.596+0000] {logging_mixin.py:188} INFO - [2026-06-08T12:27:02.596+0000] {dag.py:3096} INFO - Sync 1 DAGs
[2026-06-08T12:27:02.607+0000] {logging_mixin.py:188} INFO - [2026-06-08T12:27:02.606+0000] {dag.py:3954} INFO - Setting next_dagrun for tutorial_dag to None, run_after=None
[2026-06-08T12:27:02.618+0000] {processor.py:183} INFO - Processing /home/airflow/.local/lib/python3.12/site-packages/airflow/example_dags/tutorial_dag.py took 0.050 seconds
[2026-06-08T12:27:33.135+0000] {processor.py:161} INFO - Started process (PID=1266) to work on /home/airflow/.local/lib/python3.12/site-packages/airflow/example_dags/tutorial_dag.py
[2026-06-08T12:27:33.136+0000] {processor.py:830} INFO - Processing file /home/airflow/.local/lib/python3.12/site-packages/airflow/example_dags/tutorial_dag.py for tasks to queue
[2026-06-08T12:27:33.137+0000] {logging_mixin.py:188} INFO - [2026-06-08T12:27:33.137+0000] {dagbag.py:545} INFO - Filling up the DagBag from /home/airflow/.local/lib/python3.12/site-packages/airflow/example_dags/tutorial_dag.py
[2026-06-08T12:27:33.141+0000] {processor.py:840} INFO - DAG(s) 'tutorial_dag' retrieved from /home/airflow/.local/lib/python3.12/site-packages/airflow/example_dags/tutorial_dag.py
[2026-06-08T12:27:33.163+0000] {logging_mixin.py:188} INFO - [2026-06-08T12:27:33.162+0000] {dag.py:3096} INFO - Sync 1 DAGs
[2026-06-08T12:27:33.174+0000] {logging_mixin.py:188} INFO - [2026-06-08T12:27:33.174+0000] {dag.py:3954} INFO - Setting next_dagrun for tutorial_dag to None, run_after=None
[2026-06-08T12:27:33.194+0000] {processor.py:183} INFO - Processing /home/airflow/.local/lib/python3.12/site-packages/airflow/example_dags/tutorial_dag.py took 0.063 seconds
[2026-06-08T12:28:03.889+0000] {processor.py:161} INFO - Started process (PID=1325) to work on /home/airflow/.local/lib/python3.12/site-packages/airflow/example_dags/tutorial_dag.py
[2026-06-08T12:28:03.891+0000] {processor.py:830} INFO - Processing file /home/airflow/.local/lib/python3.12/site-packages/airflow/example_dags/tutorial_dag.py for tasks to queue
[2026-06-08T12:28:03.893+0000] {logging_mixin.py:188} INFO - [2026-06-08T12:28:03.892+0000] {dagbag.py:545} INFO - Filling up the DagBag from /home/airflow/.local/lib/python3.12/site-packages/airflow/example_dags/tutorial_dag.py
[2026-06-08T12:28:03.897+0000] {processor.py:840} INFO - DAG(s) 'tutorial_dag' retrieved from /home/airflow/.local/lib/python3.12/site-packages/airflow/example_dags/tutorial_dag.py
[2026-06-08T12:28:03.914+0000] {logging_mixin.py:188} INFO - [2026-06-08T12:28:03.914+0000] {dag.py:3096} INFO - Sync 1 DAGs
[2026-06-08T12:28:03.924+0000] {logging_mixin.py:188} INFO - [2026-06-08T12:28:03.924+0000] {dag.py:3954} INFO - Setting next_dagrun for tutorial_dag to None, run_after=None
[2026-06-08T12:28:03.937+0000] {processor.py:183} INFO - Processing /home/airflow/.local/lib/python3.12/site-packages/airflow/example_dags/tutorial_dag.py took 0.058 seconds
[2026-06-08T12:28:34.221+0000] {processor.py:161} INFO - Started process (PID=1385) to work on /home/airflow/.local/lib/python3.12/site-packages/airflow/example_dags/tutorial_dag.py
[2026-06-08T12:28:34.221+0000] {processor.py:830} INFO - Processing file /home/airflow/.local/lib/python3.12/site-packages/airflow/example_dags/tutorial_dag.py for tasks to queue
[2026-06-08T12:28:34.222+0000] {logging_mixin.py:188} INFO - [2026-06-08T12:28:34.222+0000] {dagbag.py:545} INFO - Filling up the DagBag from /home/airflow/.local/lib/python3.12/site-packages/airflow/example_dags/tutorial_dag.py
[2026-06-08T12:28:34.225+0000] {processor.py:840} INFO - DAG(s) 'tutorial_dag' retrieved from /home/airflow/.local/lib/python3.12/site-packages/airflow/example_dags/tutorial_dag.py
[2026-06-08T12:28:34.240+0000] {logging_mixin.py:188} INFO - [2026-06-08T12:28:34.240+0000] {dag.py:3096} INFO - Sync 1 DAGs
[2026-06-08T12:28:34.249+0000] {logging_mixin.py:188} INFO - [2026-06-08T12:28:34.249+0000] {dag.py:3954} INFO - Setting next_dagrun for tutorial_dag to None, run_after=None
[2026-06-08T12:28:34.261+0000] {processor.py:183} INFO - Processing /home/airflow/.local/lib/python3.12/site-packages/airflow/example_dags/tutorial_dag.py took 0.045 seconds
[2026-06-08T12:29:04.477+0000] {processor.py:161} INFO - Started process (PID=1443) to work on /home/airflow/.local/lib/python3.12/site-packages/airflow/example_dags/tutorial_dag.py
[2026-06-08T12:29:04.478+0000] {processor.py:830} INFO - Processing file /home/airflow/.local/lib/python3.12/site-packages/airflow/example_dags/tutorial_dag.py for tasks to queue
[2026-06-08T12:29:04.479+0000] {logging_mixin.py:188} INFO - [2026-06-08T12:29:04.479+0000] {dagbag.py:545} INFO - Filling up the DagBag from /home/airflow/.local/lib/python3.12/site-packages/airflow/example_dags/tutorial_dag.py
[2026-06-08T12:29:04.482+0000] {processor.py:840} INFO - DAG(s) 'tutorial_dag' retrieved from /home/airflow/.local/lib/python3.12/site-packages/airflow/example_dags/tutorial_dag.py
[2026-06-08T12:29:04.501+0000] {logging_mixin.py:188} INFO - [2026-06-08T12:29:04.501+0000] {dag.py:3096} INFO - Sync 1 DAGs
[2026-06-08T12:29:04.510+0000] {logging_mixin.py:188} INFO - [2026-06-08T12:29:04.510+0000] {dag.py:3954} INFO - Setting next_dagrun for tutorial_dag to None, run_after=None
[2026-06-08T12:29:04.522+0000] {processor.py:183} INFO - Processing /home/airflow/.local/lib/python3.12/site-packages/airflow/example_dags/tutorial_dag.py took 0.049 seconds
[2026-06-08T12:29:34.880+0000] {processor.py:161} INFO - Started process (PID=1502) to work on /home/airflow/.local/lib/python3.12/site-packages/airflow/example_dags/tutorial_dag.py
[2026-06-08T12:29:34.880+0000] {processor.py:830} INFO - Processing file /home/airflow/.local/lib/python3.12/site-packages/airflow/example_dags/tutorial_dag.py for tasks to queue
[2026-06-08T12:29:34.881+0000] {logging_mixin.py:188} INFO - [2026-06-08T12:29:34.881+0000] {dagbag.py:545} INFO - Filling up the DagBag from /home/airflow/.local/lib/python3.12/site-packages/airflow/example_dags/tutorial_dag.py
[2026-06-08T12:29:34.885+0000] {processor.py:840} INFO - DAG(s) 'tutorial_dag' retrieved from /home/airflow/.local/lib/python3.12/site-packages/airflow/example_dags/tutorial_dag.py
[2026-06-08T12:29:34.903+0000] {logging_mixin.py:188} INFO - [2026-06-08T12:29:34.903+0000] {dag.py:3096} INFO - Sync 1 DAGs
[2026-06-08T12:29:34.913+0000] {logging_mixin.py:188} INFO - [2026-06-08T12:29:34.913+0000] {dag.py:3954} INFO - Setting next_dagrun for tutorial_dag to None, run_after=None
[2026-06-08T12:29:34.927+0000] {processor.py:183} INFO - Processing /home/airflow/.local/lib/python3.12/site-packages/airflow/example_dags/tutorial_dag.py took 0.052 seconds
[2026-06-08T12:30:05.685+0000] {processor.py:161} INFO - Started process (PID=1562) to work on /home/airflow/.local/lib/python3.12/site-packages/airflow/example_dags/tutorial_dag.py
[2026-06-08T12:30:05.686+0000] {processor.py:830} INFO - Processing file /home/airflow/.local/lib/python3.12/site-packages/airflow/example_dags/tutorial_dag.py for tasks to queue
[2026-06-08T12:30:05.687+0000] {logging_mixin.py:188} INFO - [2026-06-08T12:30:05.687+0000] {dagbag.py:545} INFO - Filling up the DagBag from /home/airflow/.local/lib/python3.12/site-packages/airflow/example_dags/tutorial_dag.py
[2026-06-08T12:30:05.690+0000] {processor.py:840} INFO - DAG(s) 'tutorial_dag' retrieved from /home/airflow/.local/lib/python3.12/site-packages/airflow/example_dags/tutorial_dag.py
[2026-06-08T12:30:05.706+0000] {logging_mixin.py:188} INFO - [2026-06-08T12:30:05.705+0000] {dag.py:3096} INFO - Sync 1 DAGs
[2026-06-08T12:30:05.714+0000] {logging_mixin.py:188} INFO - [2026-06-08T12:30:05.714+0000] {dag.py:3954} INFO - Setting next_dagrun for tutorial_dag to None, run_after=None
[2026-06-08T12:30:05.730+0000] {processor.py:183} INFO - Processing /home/airflow/.local/lib/python3.12/site-packages/airflow/example_dags/tutorial_dag.py took 0.048 seconds
[2026-06-08T12:30:36.340+0000] {processor.py:161} INFO - Started process (PID=1621) to work on /home/airflow/.local/lib/python3.12/site-packages/airflow/example_dags/tutorial_dag.py
[2026-06-08T12:30:36.342+0000] {processor.py:830} INFO - Processing file /home/airflow/.local/lib/python3.12/site-packages/airflow/example_dags/tutorial_dag.py for tasks to queue
[2026-06-08T12:30:36.344+0000] {logging_mixin.py:188} INFO - [2026-06-08T12:30:36.344+0000] {dagbag.py:545} INFO - Filling up the DagBag from /home/airflow/.local/lib/python3.12/site-packages/airflow/example_dags/tutorial_dag.py
[2026-06-08T12:30:36.350+0000] {processor.py:840} INFO - DAG(s) 'tutorial_dag' retrieved from /home/airflow/.local/lib/python3.12/site-packages/airflow/example_dags/tutorial_dag.py
[2026-06-08T12:30:36.379+0000] {logging_mixin.py:188} INFO - [2026-06-08T12:30:36.378+0000] {dag.py:3096} INFO - Sync 1 DAGs
[2026-06-08T12:30:36.399+0000] {logging_mixin.py:188} INFO - [2026-06-08T12:30:36.399+0000] {dag.py:3954} INFO - Setting next_dagrun for tutorial_dag to None, run_after=None
[2026-06-08T12:30:36.424+0000] {processor.py:183} INFO - Processing /home/airflow/.local/lib/python3.12/site-packages/airflow/example_dags/tutorial_dag.py took 0.092 seconds
[2026-06-08T12:31:06.719+0000] {processor.py:161} INFO - Started process (PID=1680) to work on /home/airflow/.local/lib/python3.12/site-packages/airflow/example_dags/tutorial_dag.py
[2026-06-08T12:31:06.720+0000] {processor.py:830} INFO - Processing file /home/airflow/.local/lib/python3.12/site-packages/airflow/example_dags/tutorial_dag.py for tasks to queue
[2026-06-08T12:31:06.722+0000] {logging_mixin.py:188} INFO - [2026-06-08T12:31:06.721+0000] {dagbag.py:545} INFO - Filling up the DagBag from /home/airflow/.local/lib/python3.12/site-packages/airflow/example_dags/tutorial_dag.py
[2026-06-08T12:31:06.727+0000] {processor.py:840} INFO - DAG(s) 'tutorial_dag' retrieved from /home/airflow/.local/lib/python3.12/site-packages/airflow/example_dags/tutorial_dag.py
[2026-06-08T12:31:06.750+0000] {logging_mixin.py:188} INFO - [2026-06-08T12:31:06.750+0000] {dag.py:3096} INFO - Sync 1 DAGs
[2026-06-08T12:31:06.768+0000] {logging_mixin.py:188} INFO - [2026-06-08T12:31:06.768+0000] {dag.py:3954} INFO - Setting next_dagrun for tutorial_dag to None, run_after=None
[2026-06-08T12:31:06.792+0000] {processor.py:183} INFO - Processing /home/airflow/.local/lib/python3.12/site-packages/airflow/example_dags/tutorial_dag.py took 0.079 seconds
[2026-06-08T12:31:37.162+0000] {processor.py:161} INFO - Started process (PID=1739) to work on /home/airflow/.local/lib/python3.12/site-packages/airflow/example_dags/tutorial_dag.py
[2026-06-08T12:31:37.162+0000] {processor.py:830} INFO - Processing file /home/airflow/.local/lib/python3.12/site-packages/airflow/example_dags/tutorial_dag.py for tasks to queue
[2026-06-08T12:31:37.163+0000] {logging_mixin.py:188} INFO - [2026-06-08T12:31:37.163+0000] {dagbag.py:545} INFO - Filling up the DagBag from /home/airflow/.local/lib/python3.12/site-packages/airflow/example_dags/tutorial_dag.py
[2026-06-08T12:31:37.166+0000] {processor.py:840} INFO - DAG(s) 'tutorial_dag' retrieved from /home/airflow/.local/lib/python3.12/site-packages/airflow/example_dags/tutorial_dag.py
[2026-06-08T12:31:37.186+0000] {logging_mixin.py:188} INFO - [2026-06-08T12:31:37.186+0000] {dag.py:3096} INFO - Sync 1 DAGs
[2026-06-08T12:31:37.195+0000] {logging_mixin.py:188} INFO - [2026-06-08T12:31:37.194+0000] {dag.py:3954} INFO - Setting next_dagrun for tutorial_dag to None, run_after=None
[2026-06-08T12:31:37.211+0000] {processor.py:183} INFO - Processing /home/airflow/.local/lib/python3.12/site-packages/airflow/example_dags/tutorial_dag.py took 0.053 seconds
[2026-06-08T12:32:07.584+0000] {processor.py:161} INFO - Started process (PID=1798) to work on /home/airflow/.local/lib/python3.12/site-packages/airflow/example_dags/tutorial_dag.py
[2026-06-08T12:32:07.585+0000] {processor.py:830} INFO - Processing file /home/airflow/.local/lib/python3.12/site-packages/airflow/example_dags/tutorial_dag.py for tasks to queue
[2026-06-08T12:32:07.586+0000] {logging_mixin.py:188} INFO - [2026-06-08T12:32:07.586+0000] {dagbag.py:545} INFO - Filling up the DagBag from /home/airflow/.local/lib/python3.12/site-packages/airflow/example_dags/tutorial_dag.py
[2026-06-08T12:32:07.591+0000] {processor.py:840} INFO - DAG(s) 'tutorial_dag' retrieved from /home/airflow/.local/lib/python3.12/site-packages/airflow/example_dags/tutorial_dag.py
[2026-06-08T12:32:07.609+0000] {logging_mixin.py:188} INFO - [2026-06-08T12:32:07.609+0000] {dag.py:3096} INFO - Sync 1 DAGs
[2026-06-08T12:32:07.623+0000] {logging_mixin.py:188} INFO - [2026-06-08T12:32:07.622+0000] {dag.py:3954} INFO - Setting next_dagrun for tutorial_dag to None, run_after=None
[2026-06-08T12:32:07.645+0000] {processor.py:183} INFO - Processing /home/airflow/.local/lib/python3.12/site-packages/airflow/example_dags/tutorial_dag.py took 0.067 seconds
[2026-06-08T12:32:38.405+0000] {processor.py:161} INFO - Started process (PID=1857) to work on /home/airflow/.local/lib/python3.12/site-packages/airflow/example_dags/tutorial_dag.py
[2026-06-08T12:32:38.406+0000] {processor.py:830} INFO - Processing file /home/airflow/.local/lib/python3.12/site-packages/airflow/example_dags/tutorial_dag.py for tasks to queue
[2026-06-08T12:32:38.409+0000] {logging_mixin.py:188} INFO - [2026-06-08T12:32:38.408+0000] {dagbag.py:545} INFO - Filling up the DagBag from /home/airflow/.local/lib/python3.12/site-packages/airflow/example_dags/tutorial_dag.py
[2026-06-08T12:32:38.416+0000] {processor.py:840} INFO - DAG(s) 'tutorial_dag' retrieved from /home/airflow/.local/lib/python3.12/site-packages/airflow/example_dags/tutorial_dag.py
[2026-06-08T12:32:38.446+0000] {logging_mixin.py:188} INFO - [2026-06-08T12:32:38.446+0000] {dag.py:3096} INFO - Sync 1 DAGs
[2026-06-08T12:32:38.463+0000] {logging_mixin.py:188} INFO - [2026-06-08T12:32:38.462+0000] {dag.py:3954} INFO - Setting next_dagrun for tutorial_dag to None, run_after=None
[2026-06-08T12:32:38.475+0000] {processor.py:183} INFO - Processing /home/airflow/.local/lib/python3.12/site-packages/airflow/example_dags/tutorial_dag.py took 0.077 seconds
[2026-06-08T12:33:09.495+0000] {processor.py:161} INFO - Started process (PID=1916) to work on /home/airflow/.local/lib/python3.12/site-packages/airflow/example_dags/tutorial_dag.py
[2026-06-08T12:33:09.496+0000] {processor.py:830} INFO - Processing file /home/airflow/.local/lib/python3.12/site-packages/airflow/example_dags/tutorial_dag.py for tasks to queue
[2026-06-08T12:33:09.497+0000] {logging_mixin.py:188} INFO - [2026-06-08T12:33:09.497+0000] {dagbag.py:545} INFO - Filling up the DagBag from /home/airflow/.local/lib/python3.12/site-packages/airflow/example_dags/tutorial_dag.py
[2026-06-08T12:33:09.500+0000] {processor.py:840} INFO - DAG(s) 'tutorial_dag' retrieved from /home/airflow/.local/lib/python3.12/site-packages/airflow/example_dags/tutorial_dag.py
[2026-06-08T12:33:09.520+0000] {logging_mixin.py:188} INFO - [2026-06-08T12:33:09.520+0000] {dag.py:3096} INFO - Sync 1 DAGs
[2026-06-08T12:33:09.538+0000] {logging_mixin.py:188} INFO - [2026-06-08T12:33:09.538+0000] {dag.py:3954} INFO - Setting next_dagrun for tutorial_dag to None, run_after=None
[2026-06-08T12:33:09.553+0000] {processor.py:183} INFO - Processing /home/airflow/.local/lib/python3.12/site-packages/airflow/example_dags/tutorial_dag.py took 0.064 seconds
[2026-06-08T12:33:40.622+0000] {processor.py:161} INFO - Started process (PID=1975) to work on /home/airflow/.local/lib/python3.12/site-packages/airflow/example_dags/tutorial_dag.py
[2026-06-08T12:33:40.622+0000] {processor.py:830} INFO - Processing file /home/airflow/.local/lib/python3.12/site-packages/airflow/example_dags/tutorial_dag.py for tasks to queue
[2026-06-08T12:33:40.623+0000] {logging_mixin.py:188} INFO - [2026-06-08T12:33:40.623+0000] {dagbag.py:545} INFO - Filling up the DagBag from /home/airflow/.local/lib/python3.12/site-packages/airflow/example_dags/tutorial_dag.py
[2026-06-08T12:33:40.627+0000] {processor.py:840} INFO - DAG(s) 'tutorial_dag' retrieved from /home/airflow/.local/lib/python3.12/site-packages/airflow/example_dags/tutorial_dag.py
[2026-06-08T12:33:40.641+0000] {logging_mixin.py:188} INFO - [2026-06-08T12:33:40.641+0000] {dag.py:3096} INFO - Sync 1 DAGs
[2026-06-08T12:33:40.650+0000] {logging_mixin.py:188} INFO - [2026-06-08T12:33:40.650+0000] {dag.py:3954} INFO - Setting next_dagrun for tutorial_dag to None, run_after=None
[2026-06-08T12:33:40.661+0000] {processor.py:183} INFO - Processing /home/airflow/.local/lib/python3.12/site-packages/airflow/example_dags/tutorial_dag.py took 0.045 seconds
[2026-06-08T12:34:11.541+0000] {processor.py:161} INFO - Started process (PID=2034) to work on /home/airflow/.local/lib/python3.12/site-packages/airflow/example_dags/tutorial_dag.py
[2026-06-08T12:34:11.542+0000] {processor.py:830} INFO - Processing file /home/airflow/.local/lib/python3.12/site-packages/airflow/example_dags/tutorial_dag.py for tasks to queue
[2026-06-08T12:34:11.543+0000] {logging_mixin.py:188} INFO - [2026-06-08T12:34:11.543+0000] {dagbag.py:545} INFO - Filling up the DagBag from /home/airflow/.local/lib/python3.12/site-packages/airflow/example_dags/tutorial_dag.py
[2026-06-08T12:34:11.546+0000] {processor.py:840} INFO - DAG(s) 'tutorial_dag' retrieved from /home/airflow/.local/lib/python3.12/site-packages/airflow/example_dags/tutorial_dag.py
[2026-06-08T12:34:11.561+0000] {logging_mixin.py:188} INFO - [2026-06-08T12:34:11.561+0000] {dag.py:3096} INFO - Sync 1 DAGs
[2026-06-08T12:34:11.573+0000] {logging_mixin.py:188} INFO - [2026-06-08T12:34:11.573+0000] {dag.py:3954} INFO - Setting next_dagrun for tutorial_dag to None, run_after=None
[2026-06-08T12:34:11.588+0000] {processor.py:183} INFO - Processing /home/airflow/.local/lib/python3.12/site-packages/airflow/example_dags/tutorial_dag.py took 0.050 seconds
[2026-06-08T12:34:42.601+0000] {processor.py:161} INFO - Started process (PID=2093) to work on /home/airflow/.local/lib/python3.12/site-packages/airflow/example_dags/tutorial_dag.py
[2026-06-08T12:34:42.601+0000] {processor.py:830} INFO - Processing file /home/airflow/.local/lib/python3.12/site-packages/airflow/example_dags/tutorial_dag.py for tasks to queue
[2026-06-08T12:34:42.602+0000] {logging_mixin.py:188} INFO - [2026-06-08T12:34:42.602+0000] {dagbag.py:545} INFO - Filling up the DagBag from /home/airflow/.local/lib/python3.12/site-packages/airflow/example_dags/tutorial_dag.py
[2026-06-08T12:34:42.605+0000] {processor.py:840} INFO - DAG(s) 'tutorial_dag' retrieved from /home/airflow/.local/lib/python3.12/site-packages/airflow/example_dags/tutorial_dag.py
[2026-06-08T12:34:42.620+0000] {logging_mixin.py:188} INFO - [2026-06-08T12:34:42.620+0000] {dag.py:3096} INFO - Sync 1 DAGs
[2026-06-08T12:34:42.629+0000] {logging_mixin.py:188} INFO - [2026-06-08T12:34:42.629+0000] {dag.py:3954} INFO - Setting next_dagrun for tutorial_dag to None, run_after=None
[2026-06-08T12:34:42.642+0000] {processor.py:183} INFO - Processing /home/airflow/.local/lib/python3.12/site-packages/airflow/example_dags/tutorial_dag.py took 0.046 seconds
[2026-06-08T12:35:12.776+0000] {processor.py:161} INFO - Started process (PID=2152) to work on /home/airflow/.local/lib/python3.12/site-packages/airflow/example_dags/tutorial_dag.py
[2026-06-08T12:35:12.777+0000] {processor.py:830} INFO - Processing file /home/airflow/.local/lib/python3.12/site-packages/airflow/example_dags/tutorial_dag.py for tasks to queue
[2026-06-08T12:35:12.778+0000] {logging_mixin.py:188} INFO - [2026-06-08T12:35:12.778+0000] {dagbag.py:545} INFO - Filling up the DagBag from /home/airflow/.local/lib/python3.12/site-packages/airflow/example_dags/tutorial_dag.py
[2026-06-08T12:35:12.781+0000] {processor.py:840} INFO - DAG(s) 'tutorial_dag' retrieved from /home/airflow/.local/lib/python3.12/site-packages/airflow/example_dags/tutorial_dag.py
[2026-06-08T12:35:12.794+0000] {logging_mixin.py:188} INFO - [2026-06-08T12:35:12.794+0000] {dag.py:3096} INFO - Sync 1 DAGs
[2026-06-08T12:35:12.803+0000] {logging_mixin.py:188} INFO - [2026-06-08T12:35:12.803+0000] {dag.py:3954} INFO - Setting next_dagrun for tutorial_dag to None, run_after=None
[2026-06-08T12:35:12.814+0000] {processor.py:183} INFO - Processing /home/airflow/.local/lib/python3.12/site-packages/airflow/example_dags/tutorial_dag.py took 0.042 seconds
[2026-06-08T12:35:43.289+0000] {processor.py:161} INFO - Started process (PID=2211) to work on /home/airflow/.local/lib/python3.12/site-packages/airflow/example_dags/tutorial_dag.py
[2026-06-08T12:35:43.290+0000] {processor.py:830} INFO - Processing file /home/airflow/.local/lib/python3.12/site-packages/airflow/example_dags/tutorial_dag.py for tasks to queue
[2026-06-08T12:35:43.292+0000] {logging_mixin.py:188} INFO - [2026-06-08T12:35:43.292+0000] {dagbag.py:545} INFO - Filling up the DagBag from /home/airflow/.local/lib/python3.12/site-packages/airflow/example_dags/tutorial_dag.py
[2026-06-08T12:35:43.298+0000] {processor.py:840} INFO - DAG(s) 'tutorial_dag' retrieved from /home/airflow/.local/lib/python3.12/site-packages/airflow/example_dags/tutorial_dag.py
[2026-06-08T12:35:43.320+0000] {logging_mixin.py:188} INFO - [2026-06-08T12:35:43.320+0000] {dag.py:3096} INFO - Sync 1 DAGs
[2026-06-08T12:35:43.341+0000] {logging_mixin.py:188} INFO - [2026-06-08T12:35:43.341+0000] {dag.py:3954} INFO - Setting next_dagrun for tutorial_dag to None, run_after=None
[2026-06-08T12:35:43.358+0000] {processor.py:183} INFO - Processing /home/airflow/.local/lib/python3.12/site-packages/airflow/example_dags/tutorial_dag.py took 0.077 seconds
[2026-06-08T12:36:13.828+0000] {processor.py:161} INFO - Started process (PID=2270) to work on /home/airflow/.local/lib/python3.12/site-packages/airflow/example_dags/tutorial_dag.py
[2026-06-08T12:36:13.828+0000] {processor.py:830} INFO - Processing file /home/airflow/.local/lib/python3.12/site-packages/airflow/example_dags/tutorial_dag.py for tasks to queue
[2026-06-08T12:36:13.829+0000] {logging_mixin.py:188} INFO - [2026-06-08T12:36:13.829+0000] {dagbag.py:545} INFO - Filling up the DagBag from /home/airflow/.local/lib/python3.12/site-packages/airflow/example_dags/tutorial_dag.py
[2026-06-08T12:36:13.833+0000] {processor.py:840} INFO - DAG(s) 'tutorial_dag' retrieved from /home/airflow/.local/lib/python3.12/site-packages/airflow/example_dags/tutorial_dag.py
[2026-06-08T12:36:13.850+0000] {logging_mixin.py:188} INFO - [2026-06-08T12:36:13.850+0000] {dag.py:3096} INFO - Sync 1 DAGs
[2026-06-08T12:36:13.861+0000] {logging_mixin.py:188} INFO - [2026-06-08T12:36:13.861+0000] {dag.py:3954} INFO - Setting next_dagrun for tutorial_dag to None, run_after=None
[2026-06-08T12:36:13.874+0000] {processor.py:183} INFO - Processing /home/airflow/.local/lib/python3.12/site-packages/airflow/example_dags/tutorial_dag.py took 0.050 seconds
[2026-06-08T12:36:44.491+0000] {processor.py:161} INFO - Started process (PID=2329) to work on /home/airflow/.local/lib/python3.12/site-packages/airflow/example_dags/tutorial_dag.py
[2026-06-08T12:36:44.492+0000] {processor.py:830} INFO - Processing file /home/airflow/.local/lib/python3.12/site-packages/airflow/example_dags/tutorial_dag.py for tasks to queue
[2026-06-08T12:36:44.493+0000] {logging_mixin.py:188} INFO - [2026-06-08T12:36:44.493+0000] {dagbag.py:545} INFO - Filling up the DagBag from /home/airflow/.local/lib/python3.12/site-packages/airflow/example_dags/tutorial_dag.py
[2026-06-08T12:36:44.496+0000] {processor.py:840} INFO - DAG(s) 'tutorial_dag' retrieved from /home/airflow/.local/lib/python3.12/site-packages/airflow/example_dags/tutorial_dag.py
[2026-06-08T12:36:44.514+0000] {logging_mixin.py:188} INFO - [2026-06-08T12:36:44.514+0000] {dag.py:3096} INFO - Sync 1 DAGs
[2026-06-08T12:36:44.528+0000] {logging_mixin.py:188} INFO - [2026-06-08T12:36:44.527+0000] {dag.py:3954} INFO - Setting next_dagrun for tutorial_dag to None, run_after=None
[2026-06-08T12:36:44.548+0000] {processor.py:183} INFO - Processing /home/airflow/.local/lib/python3.12/site-packages/airflow/example_dags/tutorial_dag.py took 0.060 seconds
[2026-06-08T12:37:14.694+0000] {processor.py:161} INFO - Started process (PID=2388) to work on /home/airflow/.local/lib/python3.12/site-packages/airflow/example_dags/tutorial_dag.py
[2026-06-08T12:37:14.695+0000] {processor.py:830} INFO - Processing file /home/airflow/.local/lib/python3.12/site-packages/airflow/example_dags/tutorial_dag.py for tasks to queue
[2026-06-08T12:37:14.696+0000] {logging_mixin.py:188} INFO - [2026-06-08T12:37:14.696+0000] {dagbag.py:545} INFO - Filling up the DagBag from /home/airflow/.local/lib/python3.12/site-packages/airflow/example_dags/tutorial_dag.py
[2026-06-08T12:37:14.699+0000] {processor.py:840} INFO - DAG(s) 'tutorial_dag' retrieved from /home/airflow/.local/lib/python3.12/site-packages/airflow/example_dags/tutorial_dag.py
[2026-06-08T12:37:14.716+0000] {logging_mixin.py:188} INFO - [2026-06-08T12:37:14.716+0000] {dag.py:3096} INFO - Sync 1 DAGs
[2026-06-08T12:37:14.724+0000] {logging_mixin.py:188} INFO - [2026-06-08T12:37:14.723+0000] {dag.py:3954} INFO - Setting next_dagrun for tutorial_dag to None, run_after=None
[2026-06-08T12:37:14.736+0000] {processor.py:183} INFO - Processing /home/airflow/.local/lib/python3.12/site-packages/airflow/example_dags/tutorial_dag.py took 0.048 seconds
[2026-06-08T12:37:45.087+0000] {processor.py:161} INFO - Started process (PID=2447) to work on /home/airflow/.local/lib/python3.12/site-packages/airflow/example_dags/tutorial_dag.py
[2026-06-08T12:37:45.088+0000] {processor.py:830} INFO - Processing file /home/airflow/.local/lib/python3.12/site-packages/airflow/example_dags/tutorial_dag.py for tasks to queue
[2026-06-08T12:37:45.089+0000] {logging_mixin.py:188} INFO - [2026-06-08T12:37:45.089+0000] {dagbag.py:545} INFO - Filling up the DagBag from /home/airflow/.local/lib/python3.12/site-packages/airflow/example_dags/tutorial_dag.py
[2026-06-08T12:37:45.092+0000] {processor.py:840} INFO - DAG(s) 'tutorial_dag' retrieved from /home/airflow/.local/lib/python3.12/site-packages/airflow/example_dags/tutorial_dag.py
[2026-06-08T12:37:45.105+0000] {logging_mixin.py:188} INFO - [2026-06-08T12:37:45.105+0000] {dag.py:3096} INFO - Sync 1 DAGs
[2026-06-08T12:37:45.114+0000] {logging_mixin.py:188} INFO - [2026-06-08T12:37:45.114+0000] {dag.py:3954} INFO - Setting next_dagrun for tutorial_dag to None, run_after=None
[2026-06-08T12:37:45.128+0000] {processor.py:183} INFO - Processing /home/airflow/.local/lib/python3.12/site-packages/airflow/example_dags/tutorial_dag.py took 0.045 seconds
