[2026-06-08T12:17:51.631+0000] {processor.py:161} INFO - Started process (PID=73) to work on /home/airflow/.local/lib/python3.12/site-packages/airflow/example_dags/tutorial.py
[2026-06-08T12:17:51.632+0000] {processor.py:830} INFO - Processing file /home/airflow/.local/lib/python3.12/site-packages/airflow/example_dags/tutorial.py for tasks to queue
[2026-06-08T12:17:51.634+0000] {logging_mixin.py:188} INFO - [2026-06-08T12:17:51.634+0000] {dagbag.py:545} INFO - Filling up the DagBag from /home/airflow/.local/lib/python3.12/site-packages/airflow/example_dags/tutorial.py
[2026-06-08T12:17:51.642+0000] {processor.py:840} INFO - DAG(s) 'tutorial' retrieved from /home/airflow/.local/lib/python3.12/site-packages/airflow/example_dags/tutorial.py
[2026-06-08T12:17:51.650+0000] {logging_mixin.py:188} INFO - [2026-06-08T12:17:51.650+0000] {dag.py:3096} INFO - Sync 1 DAGs
[2026-06-08T12:17:51.668+0000] {logging_mixin.py:188} INFO - [2026-06-08T12:17:51.668+0000] {dag.py:3954} INFO - Setting next_dagrun for tutorial to 2026-06-07 00:00:00+00:00, run_after=2026-06-08 00:00:00+00:00
[2026-06-08T12:17:51.684+0000] {processor.py:183} INFO - Processing /home/airflow/.local/lib/python3.12/site-packages/airflow/example_dags/tutorial.py took 0.058 seconds
[2026-06-08T12:18:22.852+0000] {processor.py:161} INFO - Started process (PID=137) to work on /home/airflow/.local/lib/python3.12/site-packages/airflow/example_dags/tutorial.py
[2026-06-08T12:18:22.852+0000] {processor.py:830} INFO - Processing file /home/airflow/.local/lib/python3.12/site-packages/airflow/example_dags/tutorial.py for tasks to queue
[2026-06-08T12:18:22.853+0000] {logging_mixin.py:188} INFO - [2026-06-08T12:18:22.853+0000] {dagbag.py:545} INFO - Filling up the DagBag from /home/airflow/.local/lib/python3.12/site-packages/airflow/example_dags/tutorial.py
[2026-06-08T12:18:22.857+0000] {processor.py:840} INFO - DAG(s) 'tutorial' retrieved from /home/airflow/.local/lib/python3.12/site-packages/airflow/example_dags/tutorial.py
[2026-06-08T12:18:22.933+0000] {logging_mixin.py:188} INFO - [2026-06-08T12:18:22.932+0000] {dag.py:3096} INFO - Sync 1 DAGs
[2026-06-08T12:18:22.952+0000] {logging_mixin.py:188} INFO - [2026-06-08T12:18:22.951+0000] {dag.py:3954} INFO - Setting next_dagrun for tutorial to 2026-06-07 00:00:00+00:00, run_after=2026-06-08 00:00:00+00:00
[2026-06-08T12:18:22.968+0000] {processor.py:183} INFO - Processing /home/airflow/.local/lib/python3.12/site-packages/airflow/example_dags/tutorial.py took 0.121 seconds
[2026-06-08T12:18:53.004+0000] {processor.py:161} INFO - Started process (PID=195) to work on /home/airflow/.local/lib/python3.12/site-packages/airflow/example_dags/tutorial.py
[2026-06-08T12:18:53.004+0000] {processor.py:830} INFO - Processing file /home/airflow/.local/lib/python3.12/site-packages/airflow/example_dags/tutorial.py for tasks to queue
[2026-06-08T12:18:53.006+0000] {logging_mixin.py:188} INFO - [2026-06-08T12:18:53.006+0000] {dagbag.py:545} INFO - Filling up the DagBag from /home/airflow/.local/lib/python3.12/site-packages/airflow/example_dags/tutorial.py
[2026-06-08T12:18:53.012+0000] {processor.py:840} INFO - DAG(s) 'tutorial' retrieved from /home/airflow/.local/lib/python3.12/site-packages/airflow/example_dags/tutorial.py
[2026-06-08T12:18:53.030+0000] {logging_mixin.py:188} INFO - [2026-06-08T12:18:53.030+0000] {dag.py:3096} INFO - Sync 1 DAGs
[2026-06-08T12:18:53.047+0000] {logging_mixin.py:188} INFO - [2026-06-08T12:18:53.047+0000] {dag.py:3954} INFO - Setting next_dagrun for tutorial to 2026-06-07 00:00:00+00:00, run_after=2026-06-08 00:00:00+00:00
[2026-06-08T12:18:53.067+0000] {processor.py:183} INFO - Processing /home/airflow/.local/lib/python3.12/site-packages/airflow/example_dags/tutorial.py took 0.070 seconds
[2026-06-08T12:19:23.310+0000] {processor.py:161} INFO - Started process (PID=253) to work on /home/airflow/.local/lib/python3.12/site-packages/airflow/example_dags/tutorial.py
[2026-06-08T12:19:23.311+0000] {processor.py:830} INFO - Processing file /home/airflow/.local/lib/python3.12/site-packages/airflow/example_dags/tutorial.py for tasks to queue
[2026-06-08T12:19:23.313+0000] {logging_mixin.py:188} INFO - [2026-06-08T12:19:23.312+0000] {dagbag.py:545} INFO - Filling up the DagBag from /home/airflow/.local/lib/python3.12/site-packages/airflow/example_dags/tutorial.py
[2026-06-08T12:19:23.319+0000] {processor.py:840} INFO - DAG(s) 'tutorial' retrieved from /home/airflow/.local/lib/python3.12/site-packages/airflow/example_dags/tutorial.py
[2026-06-08T12:19:23.339+0000] {logging_mixin.py:188} INFO - [2026-06-08T12:19:23.339+0000] {dag.py:3096} INFO - Sync 1 DAGs
[2026-06-08T12:19:23.357+0000] {logging_mixin.py:188} INFO - [2026-06-08T12:19:23.356+0000] {dag.py:3954} INFO - Setting next_dagrun for tutorial to 2026-06-07 00:00:00+00:00, run_after=2026-06-08 00:00:00+00:00
[2026-06-08T12:19:23.374+0000] {processor.py:183} INFO - Processing /home/airflow/.local/lib/python3.12/site-packages/airflow/example_dags/tutorial.py took 0.072 seconds
[2026-06-08T12:19:53.863+0000] {processor.py:161} INFO - Started process (PID=311) to work on /home/airflow/.local/lib/python3.12/site-packages/airflow/example_dags/tutorial.py
[2026-06-08T12:19:53.863+0000] {processor.py:830} INFO - Processing file /home/airflow/.local/lib/python3.12/site-packages/airflow/example_dags/tutorial.py for tasks to queue
[2026-06-08T12:19:53.864+0000] {logging_mixin.py:188} INFO - [2026-06-08T12:19:53.864+0000] {dagbag.py:545} INFO - Filling up the DagBag from /home/airflow/.local/lib/python3.12/site-packages/airflow/example_dags/tutorial.py
[2026-06-08T12:19:53.868+0000] {processor.py:840} INFO - DAG(s) 'tutorial' retrieved from /home/airflow/.local/lib/python3.12/site-packages/airflow/example_dags/tutorial.py
[2026-06-08T12:19:53.882+0000] {logging_mixin.py:188} INFO - [2026-06-08T12:19:53.882+0000] {dag.py:3096} INFO - Sync 1 DAGs
[2026-06-08T12:19:53.897+0000] {logging_mixin.py:188} INFO - [2026-06-08T12:19:53.896+0000] {dag.py:3954} INFO - Setting next_dagrun for tutorial to 2026-06-07 00:00:00+00:00, run_after=2026-06-08 00:00:00+00:00
[2026-06-08T12:19:53.911+0000] {processor.py:183} INFO - Processing /home/airflow/.local/lib/python3.12/site-packages/airflow/example_dags/tutorial.py took 0.052 seconds
[2026-06-08T12:20:24.357+0000] {processor.py:161} INFO - Started process (PID=369) to work on /home/airflow/.local/lib/python3.12/site-packages/airflow/example_dags/tutorial.py
[2026-06-08T12:20:24.358+0000] {processor.py:830} INFO - Processing file /home/airflow/.local/lib/python3.12/site-packages/airflow/example_dags/tutorial.py for tasks to queue
[2026-06-08T12:20:24.360+0000] {logging_mixin.py:188} INFO - [2026-06-08T12:20:24.360+0000] {dagbag.py:545} INFO - Filling up the DagBag from /home/airflow/.local/lib/python3.12/site-packages/airflow/example_dags/tutorial.py
[2026-06-08T12:20:24.366+0000] {processor.py:840} INFO - DAG(s) 'tutorial' retrieved from /home/airflow/.local/lib/python3.12/site-packages/airflow/example_dags/tutorial.py
[2026-06-08T12:20:24.382+0000] {logging_mixin.py:188} INFO - [2026-06-08T12:20:24.382+0000] {dag.py:3096} INFO - Sync 1 DAGs
[2026-06-08T12:20:24.399+0000] {logging_mixin.py:188} INFO - [2026-06-08T12:20:24.399+0000] {dag.py:3954} INFO - Setting next_dagrun for tutorial to 2026-06-07 00:00:00+00:00, run_after=2026-06-08 00:00:00+00:00
[2026-06-08T12:20:24.413+0000] {processor.py:183} INFO - Processing /home/airflow/.local/lib/python3.12/site-packages/airflow/example_dags/tutorial.py took 0.062 seconds
[2026-06-08T12:20:54.919+0000] {processor.py:161} INFO - Started process (PID=427) to work on /home/airflow/.local/lib/python3.12/site-packages/airflow/example_dags/tutorial.py
[2026-06-08T12:20:54.920+0000] {processor.py:830} INFO - Processing file /home/airflow/.local/lib/python3.12/site-packages/airflow/example_dags/tutorial.py for tasks to queue
[2026-06-08T12:20:54.921+0000] {logging_mixin.py:188} INFO - [2026-06-08T12:20:54.920+0000] {dagbag.py:545} INFO - Filling up the DagBag from /home/airflow/.local/lib/python3.12/site-packages/airflow/example_dags/tutorial.py
[2026-06-08T12:20:54.924+0000] {processor.py:840} INFO - DAG(s) 'tutorial' retrieved from /home/airflow/.local/lib/python3.12/site-packages/airflow/example_dags/tutorial.py
[2026-06-08T12:20:54.946+0000] {logging_mixin.py:188} INFO - [2026-06-08T12:20:54.945+0000] {dag.py:3096} INFO - Sync 1 DAGs
[2026-06-08T12:20:54.968+0000] {logging_mixin.py:188} INFO - [2026-06-08T12:20:54.968+0000] {dag.py:3954} INFO - Setting next_dagrun for tutorial to 2026-06-07 00:00:00+00:00, run_after=2026-06-08 00:00:00+00:00
[2026-06-08T12:20:54.989+0000] {processor.py:183} INFO - Processing /home/airflow/.local/lib/python3.12/site-packages/airflow/example_dags/tutorial.py took 0.074 seconds
[2026-06-08T12:21:25.028+0000] {processor.py:161} INFO - Started process (PID=485) to work on /home/airflow/.local/lib/python3.12/site-packages/airflow/example_dags/tutorial.py
[2026-06-08T12:21:25.028+0000] {processor.py:830} INFO - Processing file /home/airflow/.local/lib/python3.12/site-packages/airflow/example_dags/tutorial.py for tasks to queue
[2026-06-08T12:21:25.030+0000] {logging_mixin.py:188} INFO - [2026-06-08T12:21:25.030+0000] {dagbag.py:545} INFO - Filling up the DagBag from /home/airflow/.local/lib/python3.12/site-packages/airflow/example_dags/tutorial.py
[2026-06-08T12:21:25.036+0000] {processor.py:840} INFO - DAG(s) 'tutorial' retrieved from /home/airflow/.local/lib/python3.12/site-packages/airflow/example_dags/tutorial.py
[2026-06-08T12:21:25.060+0000] {logging_mixin.py:188} INFO - [2026-06-08T12:21:25.060+0000] {dag.py:3096} INFO - Sync 1 DAGs
[2026-06-08T12:21:25.090+0000] {logging_mixin.py:188} INFO - [2026-06-08T12:21:25.090+0000] {dag.py:3954} INFO - Setting next_dagrun for tutorial to 2026-06-07 00:00:00+00:00, run_after=2026-06-08 00:00:00+00:00
[2026-06-08T12:21:25.119+0000] {processor.py:183} INFO - Processing /home/airflow/.local/lib/python3.12/site-packages/airflow/example_dags/tutorial.py took 0.095 seconds
[2026-06-08T12:21:55.754+0000] {processor.py:161} INFO - Started process (PID=565) to work on /home/airflow/.local/lib/python3.12/site-packages/airflow/example_dags/tutorial.py
[2026-06-08T12:21:55.755+0000] {processor.py:830} INFO - Processing file /home/airflow/.local/lib/python3.12/site-packages/airflow/example_dags/tutorial.py for tasks to queue
[2026-06-08T12:21:55.757+0000] {logging_mixin.py:188} INFO - [2026-06-08T12:21:55.756+0000] {dagbag.py:545} INFO - Filling up the DagBag from /home/airflow/.local/lib/python3.12/site-packages/airflow/example_dags/tutorial.py
[2026-06-08T12:21:55.762+0000] {processor.py:840} INFO - DAG(s) 'tutorial' retrieved from /home/airflow/.local/lib/python3.12/site-packages/airflow/example_dags/tutorial.py
[2026-06-08T12:21:55.781+0000] {logging_mixin.py:188} INFO - [2026-06-08T12:21:55.781+0000] {dag.py:3096} INFO - Sync 1 DAGs
[2026-06-08T12:21:55.799+0000] {logging_mixin.py:188} INFO - [2026-06-08T12:21:55.799+0000] {dag.py:3954} INFO - Setting next_dagrun for tutorial to 2026-06-07 00:00:00+00:00, run_after=2026-06-08 00:00:00+00:00
[2026-06-08T12:21:55.813+0000] {processor.py:183} INFO - Processing /home/airflow/.local/lib/python3.12/site-packages/airflow/example_dags/tutorial.py took 0.066 seconds
[2026-06-08T12:22:26.939+0000] {processor.py:161} INFO - Started process (PID=623) to work on /home/airflow/.local/lib/python3.12/site-packages/airflow/example_dags/tutorial.py
[2026-06-08T12:22:26.940+0000] {processor.py:830} INFO - Processing file /home/airflow/.local/lib/python3.12/site-packages/airflow/example_dags/tutorial.py for tasks to queue
[2026-06-08T12:22:26.942+0000] {logging_mixin.py:188} INFO - [2026-06-08T12:22:26.942+0000] {dagbag.py:545} INFO - Filling up the DagBag from /home/airflow/.local/lib/python3.12/site-packages/airflow/example_dags/tutorial.py
[2026-06-08T12:22:26.948+0000] {processor.py:840} INFO - DAG(s) 'tutorial' retrieved from /home/airflow/.local/lib/python3.12/site-packages/airflow/example_dags/tutorial.py
[2026-06-08T12:22:26.981+0000] {logging_mixin.py:188} INFO - [2026-06-08T12:22:26.980+0000] {dag.py:3096} INFO - Sync 1 DAGs
[2026-06-08T12:22:26.995+0000] {logging_mixin.py:188} INFO - [2026-06-08T12:22:26.995+0000] {dag.py:3954} INFO - Setting next_dagrun for tutorial to 2026-06-07 00:00:00+00:00, run_after=2026-06-08 00:00:00+00:00
[2026-06-08T12:22:27.009+0000] {processor.py:183} INFO - Processing /home/airflow/.local/lib/python3.12/site-packages/airflow/example_dags/tutorial.py took 0.078 seconds
[2026-06-08T12:22:57.572+0000] {processor.py:161} INFO - Started process (PID=704) to work on /home/airflow/.local/lib/python3.12/site-packages/airflow/example_dags/tutorial.py
[2026-06-08T12:22:57.572+0000] {processor.py:830} INFO - Processing file /home/airflow/.local/lib/python3.12/site-packages/airflow/example_dags/tutorial.py for tasks to queue
[2026-06-08T12:22:57.573+0000] {logging_mixin.py:188} INFO - [2026-06-08T12:22:57.573+0000] {dagbag.py:545} INFO - Filling up the DagBag from /home/airflow/.local/lib/python3.12/site-packages/airflow/example_dags/tutorial.py
[2026-06-08T12:22:57.576+0000] {processor.py:840} INFO - DAG(s) 'tutorial' retrieved from /home/airflow/.local/lib/python3.12/site-packages/airflow/example_dags/tutorial.py
[2026-06-08T12:22:57.588+0000] {logging_mixin.py:188} INFO - [2026-06-08T12:22:57.587+0000] {dag.py:3096} INFO - Sync 1 DAGs
[2026-06-08T12:22:57.612+0000] {logging_mixin.py:188} INFO - [2026-06-08T12:22:57.611+0000] {dag.py:3954} INFO - Setting next_dagrun for tutorial to 2026-06-07 00:00:00+00:00, run_after=2026-06-08 00:00:00+00:00
[2026-06-08T12:22:57.624+0000] {processor.py:183} INFO - Processing /home/airflow/.local/lib/python3.12/site-packages/airflow/example_dags/tutorial.py took 0.057 seconds
[2026-06-08T12:23:28.652+0000] {processor.py:161} INFO - Started process (PID=784) to work on /home/airflow/.local/lib/python3.12/site-packages/airflow/example_dags/tutorial.py
[2026-06-08T12:23:28.653+0000] {processor.py:830} INFO - Processing file /home/airflow/.local/lib/python3.12/site-packages/airflow/example_dags/tutorial.py for tasks to queue
[2026-06-08T12:23:28.655+0000] {logging_mixin.py:188} INFO - [2026-06-08T12:23:28.654+0000] {dagbag.py:545} INFO - Filling up the DagBag from /home/airflow/.local/lib/python3.12/site-packages/airflow/example_dags/tutorial.py
[2026-06-08T12:23:28.659+0000] {processor.py:840} INFO - DAG(s) 'tutorial' retrieved from /home/airflow/.local/lib/python3.12/site-packages/airflow/example_dags/tutorial.py
[2026-06-08T12:23:28.724+0000] {logging_mixin.py:188} INFO - [2026-06-08T12:23:28.724+0000] {dag.py:3096} INFO - Sync 1 DAGs
[2026-06-08T12:23:28.736+0000] {logging_mixin.py:188} INFO - [2026-06-08T12:23:28.736+0000] {dag.py:3954} INFO - Setting next_dagrun for tutorial to 2026-06-07 00:00:00+00:00, run_after=2026-06-08 00:00:00+00:00
[2026-06-08T12:23:28.748+0000] {processor.py:183} INFO - Processing /home/airflow/.local/lib/python3.12/site-packages/airflow/example_dags/tutorial.py took 0.102 seconds
[2026-06-08T12:23:59.095+0000] {processor.py:161} INFO - Started process (PID=843) to work on /home/airflow/.local/lib/python3.12/site-packages/airflow/example_dags/tutorial.py
[2026-06-08T12:23:59.095+0000] {processor.py:830} INFO - Processing file /home/airflow/.local/lib/python3.12/site-packages/airflow/example_dags/tutorial.py for tasks to queue
[2026-06-08T12:23:59.096+0000] {logging_mixin.py:188} INFO - [2026-06-08T12:23:59.096+0000] {dagbag.py:545} INFO - Filling up the DagBag from /home/airflow/.local/lib/python3.12/site-packages/airflow/example_dags/tutorial.py
[2026-06-08T12:23:59.100+0000] {processor.py:840} INFO - DAG(s) 'tutorial' retrieved from /home/airflow/.local/lib/python3.12/site-packages/airflow/example_dags/tutorial.py
[2026-06-08T12:23:59.118+0000] {logging_mixin.py:188} INFO - [2026-06-08T12:23:59.118+0000] {dag.py:3096} INFO - Sync 1 DAGs
[2026-06-08T12:23:59.133+0000] {logging_mixin.py:188} INFO - [2026-06-08T12:23:59.133+0000] {dag.py:3954} INFO - Setting next_dagrun for tutorial to 2026-06-07 00:00:00+00:00, run_after=2026-06-08 00:00:00+00:00
[2026-06-08T12:23:59.147+0000] {processor.py:183} INFO - Processing /home/airflow/.local/lib/python3.12/site-packages/airflow/example_dags/tutorial.py took 0.056 seconds
[2026-06-08T12:24:29.812+0000] {processor.py:161} INFO - Started process (PID=902) to work on /home/airflow/.local/lib/python3.12/site-packages/airflow/example_dags/tutorial.py
[2026-06-08T12:24:29.813+0000] {processor.py:830} INFO - Processing file /home/airflow/.local/lib/python3.12/site-packages/airflow/example_dags/tutorial.py for tasks to queue
[2026-06-08T12:24:29.815+0000] {logging_mixin.py:188} INFO - [2026-06-08T12:24:29.815+0000] {dagbag.py:545} INFO - Filling up the DagBag from /home/airflow/.local/lib/python3.12/site-packages/airflow/example_dags/tutorial.py
[2026-06-08T12:24:29.821+0000] {processor.py:840} INFO - DAG(s) 'tutorial' retrieved from /home/airflow/.local/lib/python3.12/site-packages/airflow/example_dags/tutorial.py
[2026-06-08T12:24:29.843+0000] {logging_mixin.py:188} INFO - [2026-06-08T12:24:29.843+0000] {dag.py:3096} INFO - Sync 1 DAGs
[2026-06-08T12:24:29.857+0000] {logging_mixin.py:188} INFO - [2026-06-08T12:24:29.857+0000] {dag.py:3954} INFO - Setting next_dagrun for tutorial to 2026-06-07 00:00:00+00:00, run_after=2026-06-08 00:00:00+00:00
[2026-06-08T12:24:29.868+0000] {processor.py:183} INFO - Processing /home/airflow/.local/lib/python3.12/site-packages/airflow/example_dags/tutorial.py took 0.064 seconds
[2026-06-08T12:25:00.334+0000] {processor.py:161} INFO - Started process (PID=961) to work on /home/airflow/.local/lib/python3.12/site-packages/airflow/example_dags/tutorial.py
[2026-06-08T12:25:00.335+0000] {processor.py:830} INFO - Processing file /home/airflow/.local/lib/python3.12/site-packages/airflow/example_dags/tutorial.py for tasks to queue
[2026-06-08T12:25:00.336+0000] {logging_mixin.py:188} INFO - [2026-06-08T12:25:00.336+0000] {dagbag.py:545} INFO - Filling up the DagBag from /home/airflow/.local/lib/python3.12/site-packages/airflow/example_dags/tutorial.py
[2026-06-08T12:25:00.341+0000] {processor.py:840} INFO - DAG(s) 'tutorial' retrieved from /home/airflow/.local/lib/python3.12/site-packages/airflow/example_dags/tutorial.py
[2026-06-08T12:25:00.360+0000] {logging_mixin.py:188} INFO - [2026-06-08T12:25:00.360+0000] {dag.py:3096} INFO - Sync 1 DAGs
[2026-06-08T12:25:00.395+0000] {logging_mixin.py:188} INFO - [2026-06-08T12:25:00.394+0000] {dag.py:3954} INFO - Setting next_dagrun for tutorial to 2026-06-07 00:00:00+00:00, run_after=2026-06-08 00:00:00+00:00
[2026-06-08T12:25:00.421+0000] {processor.py:183} INFO - Processing /home/airflow/.local/lib/python3.12/site-packages/airflow/example_dags/tutorial.py took 0.092 seconds
[2026-06-08T12:25:30.769+0000] {processor.py:161} INFO - Started process (PID=1021) to work on /home/airflow/.local/lib/python3.12/site-packages/airflow/example_dags/tutorial.py
[2026-06-08T12:25:30.770+0000] {processor.py:830} INFO - Processing file /home/airflow/.local/lib/python3.12/site-packages/airflow/example_dags/tutorial.py for tasks to queue
[2026-06-08T12:25:30.772+0000] {logging_mixin.py:188} INFO - [2026-06-08T12:25:30.772+0000] {dagbag.py:545} INFO - Filling up the DagBag from /home/airflow/.local/lib/python3.12/site-packages/airflow/example_dags/tutorial.py
[2026-06-08T12:25:30.777+0000] {processor.py:840} INFO - DAG(s) 'tutorial' retrieved from /home/airflow/.local/lib/python3.12/site-packages/airflow/example_dags/tutorial.py
[2026-06-08T12:25:30.796+0000] {logging_mixin.py:188} INFO - [2026-06-08T12:25:30.796+0000] {dag.py:3096} INFO - Sync 1 DAGs
[2026-06-08T12:25:30.819+0000] {logging_mixin.py:188} INFO - [2026-06-08T12:25:30.819+0000] {dag.py:3954} INFO - Setting next_dagrun for tutorial to 2026-06-07 00:00:00+00:00, run_after=2026-06-08 00:00:00+00:00
[2026-06-08T12:25:30.833+0000] {processor.py:183} INFO - Processing /home/airflow/.local/lib/python3.12/site-packages/airflow/example_dags/tutorial.py took 0.070 seconds
[2026-06-08T12:26:01.264+0000] {processor.py:161} INFO - Started process (PID=1080) to work on /home/airflow/.local/lib/python3.12/site-packages/airflow/example_dags/tutorial.py
[2026-06-08T12:26:01.265+0000] {processor.py:830} INFO - Processing file /home/airflow/.local/lib/python3.12/site-packages/airflow/example_dags/tutorial.py for tasks to queue
[2026-06-08T12:26:01.266+0000] {logging_mixin.py:188} INFO - [2026-06-08T12:26:01.266+0000] {dagbag.py:545} INFO - Filling up the DagBag from /home/airflow/.local/lib/python3.12/site-packages/airflow/example_dags/tutorial.py
[2026-06-08T12:26:01.270+0000] {processor.py:840} INFO - DAG(s) 'tutorial' retrieved from /home/airflow/.local/lib/python3.12/site-packages/airflow/example_dags/tutorial.py
[2026-06-08T12:26:01.285+0000] {logging_mixin.py:188} INFO - [2026-06-08T12:26:01.285+0000] {dag.py:3096} INFO - Sync 1 DAGs
[2026-06-08T12:26:01.299+0000] {logging_mixin.py:188} INFO - [2026-06-08T12:26:01.299+0000] {dag.py:3954} INFO - Setting next_dagrun for tutorial to 2026-06-07 00:00:00+00:00, run_after=2026-06-08 00:00:00+00:00
[2026-06-08T12:26:01.314+0000] {processor.py:183} INFO - Processing /home/airflow/.local/lib/python3.12/site-packages/airflow/example_dags/tutorial.py took 0.054 seconds
[2026-06-08T12:26:31.604+0000] {processor.py:161} INFO - Started process (PID=1139) to work on /home/airflow/.local/lib/python3.12/site-packages/airflow/example_dags/tutorial.py
[2026-06-08T12:26:31.605+0000] {processor.py:830} INFO - Processing file /home/airflow/.local/lib/python3.12/site-packages/airflow/example_dags/tutorial.py for tasks to queue
[2026-06-08T12:26:31.606+0000] {logging_mixin.py:188} INFO - [2026-06-08T12:26:31.606+0000] {dagbag.py:545} INFO - Filling up the DagBag from /home/airflow/.local/lib/python3.12/site-packages/airflow/example_dags/tutorial.py
[2026-06-08T12:26:31.613+0000] {processor.py:840} INFO - DAG(s) 'tutorial' retrieved from /home/airflow/.local/lib/python3.12/site-packages/airflow/example_dags/tutorial.py
[2026-06-08T12:26:31.629+0000] {logging_mixin.py:188} INFO - [2026-06-08T12:26:31.629+0000] {dag.py:3096} INFO - Sync 1 DAGs
[2026-06-08T12:26:31.646+0000] {logging_mixin.py:188} INFO - [2026-06-08T12:26:31.646+0000] {dag.py:3954} INFO - Setting next_dagrun for tutorial to 2026-06-07 00:00:00+00:00, run_after=2026-06-08 00:00:00+00:00
[2026-06-08T12:26:31.658+0000] {processor.py:183} INFO - Processing /home/airflow/.local/lib/python3.12/site-packages/airflow/example_dags/tutorial.py took 0.063 seconds
[2026-06-08T12:27:02.166+0000] {processor.py:161} INFO - Started process (PID=1198) to work on /home/airflow/.local/lib/python3.12/site-packages/airflow/example_dags/tutorial.py
[2026-06-08T12:27:02.167+0000] {processor.py:830} INFO - Processing file /home/airflow/.local/lib/python3.12/site-packages/airflow/example_dags/tutorial.py for tasks to queue
[2026-06-08T12:27:02.169+0000] {logging_mixin.py:188} INFO - [2026-06-08T12:27:02.169+0000] {dagbag.py:545} INFO - Filling up the DagBag from /home/airflow/.local/lib/python3.12/site-packages/airflow/example_dags/tutorial.py
[2026-06-08T12:27:02.174+0000] {processor.py:840} INFO - DAG(s) 'tutorial' retrieved from /home/airflow/.local/lib/python3.12/site-packages/airflow/example_dags/tutorial.py
[2026-06-08T12:27:02.189+0000] {logging_mixin.py:188} INFO - [2026-06-08T12:27:02.189+0000] {dag.py:3096} INFO - Sync 1 DAGs
[2026-06-08T12:27:02.215+0000] {logging_mixin.py:188} INFO - [2026-06-08T12:27:02.215+0000] {dag.py:3954} INFO - Setting next_dagrun for tutorial to 2026-06-07 00:00:00+00:00, run_after=2026-06-08 00:00:00+00:00
[2026-06-08T12:27:02.231+0000] {processor.py:183} INFO - Processing /home/airflow/.local/lib/python3.12/site-packages/airflow/example_dags/tutorial.py took 0.074 seconds
[2026-06-08T12:27:32.710+0000] {processor.py:161} INFO - Started process (PID=1257) to work on /home/airflow/.local/lib/python3.12/site-packages/airflow/example_dags/tutorial.py
[2026-06-08T12:27:32.711+0000] {processor.py:830} INFO - Processing file /home/airflow/.local/lib/python3.12/site-packages/airflow/example_dags/tutorial.py for tasks to queue
[2026-06-08T12:27:32.712+0000] {logging_mixin.py:188} INFO - [2026-06-08T12:27:32.712+0000] {dagbag.py:545} INFO - Filling up the DagBag from /home/airflow/.local/lib/python3.12/site-packages/airflow/example_dags/tutorial.py
[2026-06-08T12:27:32.718+0000] {processor.py:840} INFO - DAG(s) 'tutorial' retrieved from /home/airflow/.local/lib/python3.12/site-packages/airflow/example_dags/tutorial.py
[2026-06-08T12:27:32.733+0000] {logging_mixin.py:188} INFO - [2026-06-08T12:27:32.733+0000] {dag.py:3096} INFO - Sync 1 DAGs
[2026-06-08T12:27:32.748+0000] {logging_mixin.py:188} INFO - [2026-06-08T12:27:32.748+0000] {dag.py:3954} INFO - Setting next_dagrun for tutorial to 2026-06-07 00:00:00+00:00, run_after=2026-06-08 00:00:00+00:00
[2026-06-08T12:27:32.761+0000] {processor.py:183} INFO - Processing /home/airflow/.local/lib/python3.12/site-packages/airflow/example_dags/tutorial.py took 0.058 seconds
[2026-06-08T12:28:03.243+0000] {processor.py:161} INFO - Started process (PID=1316) to work on /home/airflow/.local/lib/python3.12/site-packages/airflow/example_dags/tutorial.py
[2026-06-08T12:28:03.244+0000] {processor.py:830} INFO - Processing file /home/airflow/.local/lib/python3.12/site-packages/airflow/example_dags/tutorial.py for tasks to queue
[2026-06-08T12:28:03.246+0000] {logging_mixin.py:188} INFO - [2026-06-08T12:28:03.245+0000] {dagbag.py:545} INFO - Filling up the DagBag from /home/airflow/.local/lib/python3.12/site-packages/airflow/example_dags/tutorial.py
[2026-06-08T12:28:03.250+0000] {processor.py:840} INFO - DAG(s) 'tutorial' retrieved from /home/airflow/.local/lib/python3.12/site-packages/airflow/example_dags/tutorial.py
[2026-06-08T12:28:03.266+0000] {logging_mixin.py:188} INFO - [2026-06-08T12:28:03.266+0000] {dag.py:3096} INFO - Sync 1 DAGs
[2026-06-08T12:28:03.291+0000] {logging_mixin.py:188} INFO - [2026-06-08T12:28:03.291+0000] {dag.py:3954} INFO - Setting next_dagrun for tutorial to 2026-06-07 00:00:00+00:00, run_after=2026-06-08 00:00:00+00:00
[2026-06-08T12:28:03.333+0000] {processor.py:183} INFO - Processing /home/airflow/.local/lib/python3.12/site-packages/airflow/example_dags/tutorial.py took 0.097 seconds
[2026-06-08T12:28:33.780+0000] {processor.py:161} INFO - Started process (PID=1376) to work on /home/airflow/.local/lib/python3.12/site-packages/airflow/example_dags/tutorial.py
[2026-06-08T12:28:33.780+0000] {processor.py:830} INFO - Processing file /home/airflow/.local/lib/python3.12/site-packages/airflow/example_dags/tutorial.py for tasks to queue
[2026-06-08T12:28:33.782+0000] {logging_mixin.py:188} INFO - [2026-06-08T12:28:33.782+0000] {dagbag.py:545} INFO - Filling up the DagBag from /home/airflow/.local/lib/python3.12/site-packages/airflow/example_dags/tutorial.py
[2026-06-08T12:28:33.788+0000] {processor.py:840} INFO - DAG(s) 'tutorial' retrieved from /home/airflow/.local/lib/python3.12/site-packages/airflow/example_dags/tutorial.py
[2026-06-08T12:28:33.805+0000] {logging_mixin.py:188} INFO - [2026-06-08T12:28:33.805+0000] {dag.py:3096} INFO - Sync 1 DAGs
[2026-06-08T12:28:33.819+0000] {logging_mixin.py:188} INFO - [2026-06-08T12:28:33.819+0000] {dag.py:3954} INFO - Setting next_dagrun for tutorial to 2026-06-07 00:00:00+00:00, run_after=2026-06-08 00:00:00+00:00
[2026-06-08T12:28:33.832+0000] {processor.py:183} INFO - Processing /home/airflow/.local/lib/python3.12/site-packages/airflow/example_dags/tutorial.py took 0.059 seconds
[2026-06-08T12:29:04.144+0000] {processor.py:161} INFO - Started process (PID=1435) to work on /home/airflow/.local/lib/python3.12/site-packages/airflow/example_dags/tutorial.py
[2026-06-08T12:29:04.145+0000] {processor.py:830} INFO - Processing file /home/airflow/.local/lib/python3.12/site-packages/airflow/example_dags/tutorial.py for tasks to queue
[2026-06-08T12:29:04.146+0000] {logging_mixin.py:188} INFO - [2026-06-08T12:29:04.146+0000] {dagbag.py:545} INFO - Filling up the DagBag from /home/airflow/.local/lib/python3.12/site-packages/airflow/example_dags/tutorial.py
[2026-06-08T12:29:04.151+0000] {processor.py:840} INFO - DAG(s) 'tutorial' retrieved from /home/airflow/.local/lib/python3.12/site-packages/airflow/example_dags/tutorial.py
[2026-06-08T12:29:04.165+0000] {logging_mixin.py:188} INFO - [2026-06-08T12:29:04.165+0000] {dag.py:3096} INFO - Sync 1 DAGs
[2026-06-08T12:29:04.181+0000] {logging_mixin.py:188} INFO - [2026-06-08T12:29:04.181+0000] {dag.py:3954} INFO - Setting next_dagrun for tutorial to 2026-06-07 00:00:00+00:00, run_after=2026-06-08 00:00:00+00:00
[2026-06-08T12:29:04.196+0000] {processor.py:183} INFO - Processing /home/airflow/.local/lib/python3.12/site-packages/airflow/example_dags/tutorial.py took 0.056 seconds
[2026-06-08T12:29:34.487+0000] {processor.py:161} INFO - Started process (PID=1494) to work on /home/airflow/.local/lib/python3.12/site-packages/airflow/example_dags/tutorial.py
[2026-06-08T12:29:34.488+0000] {processor.py:830} INFO - Processing file /home/airflow/.local/lib/python3.12/site-packages/airflow/example_dags/tutorial.py for tasks to queue
[2026-06-08T12:29:34.489+0000] {logging_mixin.py:188} INFO - [2026-06-08T12:29:34.489+0000] {dagbag.py:545} INFO - Filling up the DagBag from /home/airflow/.local/lib/python3.12/site-packages/airflow/example_dags/tutorial.py
[2026-06-08T12:29:34.493+0000] {processor.py:840} INFO - DAG(s) 'tutorial' retrieved from /home/airflow/.local/lib/python3.12/site-packages/airflow/example_dags/tutorial.py
[2026-06-08T12:29:34.506+0000] {logging_mixin.py:188} INFO - [2026-06-08T12:29:34.506+0000] {dag.py:3096} INFO - Sync 1 DAGs
[2026-06-08T12:29:34.521+0000] {logging_mixin.py:188} INFO - [2026-06-08T12:29:34.521+0000] {dag.py:3954} INFO - Setting next_dagrun for tutorial to 2026-06-07 00:00:00+00:00, run_after=2026-06-08 00:00:00+00:00
[2026-06-08T12:29:34.538+0000] {processor.py:183} INFO - Processing /home/airflow/.local/lib/python3.12/site-packages/airflow/example_dags/tutorial.py took 0.057 seconds
[2026-06-08T12:30:05.206+0000] {processor.py:161} INFO - Started process (PID=1553) to work on /home/airflow/.local/lib/python3.12/site-packages/airflow/example_dags/tutorial.py
[2026-06-08T12:30:05.207+0000] {processor.py:830} INFO - Processing file /home/airflow/.local/lib/python3.12/site-packages/airflow/example_dags/tutorial.py for tasks to queue
[2026-06-08T12:30:05.208+0000] {logging_mixin.py:188} INFO - [2026-06-08T12:30:05.208+0000] {dagbag.py:545} INFO - Filling up the DagBag from /home/airflow/.local/lib/python3.12/site-packages/airflow/example_dags/tutorial.py
[2026-06-08T12:30:05.212+0000] {processor.py:840} INFO - DAG(s) 'tutorial' retrieved from /home/airflow/.local/lib/python3.12/site-packages/airflow/example_dags/tutorial.py
[2026-06-08T12:30:05.229+0000] {logging_mixin.py:188} INFO - [2026-06-08T12:30:05.229+0000] {dag.py:3096} INFO - Sync 1 DAGs
[2026-06-08T12:30:05.244+0000] {logging_mixin.py:188} INFO - [2026-06-08T12:30:05.244+0000] {dag.py:3954} INFO - Setting next_dagrun for tutorial to 2026-06-07 00:00:00+00:00, run_after=2026-06-08 00:00:00+00:00
[2026-06-08T12:30:05.259+0000] {processor.py:183} INFO - Processing /home/airflow/.local/lib/python3.12/site-packages/airflow/example_dags/tutorial.py took 0.057 seconds
[2026-06-08T12:30:35.686+0000] {processor.py:161} INFO - Started process (PID=1612) to work on /home/airflow/.local/lib/python3.12/site-packages/airflow/example_dags/tutorial.py
[2026-06-08T12:30:35.686+0000] {processor.py:830} INFO - Processing file /home/airflow/.local/lib/python3.12/site-packages/airflow/example_dags/tutorial.py for tasks to queue
[2026-06-08T12:30:35.687+0000] {logging_mixin.py:188} INFO - [2026-06-08T12:30:35.687+0000] {dagbag.py:545} INFO - Filling up the DagBag from /home/airflow/.local/lib/python3.12/site-packages/airflow/example_dags/tutorial.py
[2026-06-08T12:30:35.691+0000] {processor.py:840} INFO - DAG(s) 'tutorial' retrieved from /home/airflow/.local/lib/python3.12/site-packages/airflow/example_dags/tutorial.py
[2026-06-08T12:30:35.705+0000] {logging_mixin.py:188} INFO - [2026-06-08T12:30:35.705+0000] {dag.py:3096} INFO - Sync 1 DAGs
[2026-06-08T12:30:35.718+0000] {logging_mixin.py:188} INFO - [2026-06-08T12:30:35.718+0000] {dag.py:3954} INFO - Setting next_dagrun for tutorial to 2026-06-07 00:00:00+00:00, run_after=2026-06-08 00:00:00+00:00
[2026-06-08T12:30:35.729+0000] {processor.py:183} INFO - Processing /home/airflow/.local/lib/python3.12/site-packages/airflow/example_dags/tutorial.py took 0.050 seconds
[2026-06-08T12:31:06.309+0000] {processor.py:161} INFO - Started process (PID=1671) to work on /home/airflow/.local/lib/python3.12/site-packages/airflow/example_dags/tutorial.py
[2026-06-08T12:31:06.310+0000] {processor.py:830} INFO - Processing file /home/airflow/.local/lib/python3.12/site-packages/airflow/example_dags/tutorial.py for tasks to queue
[2026-06-08T12:31:06.312+0000] {logging_mixin.py:188} INFO - [2026-06-08T12:31:06.312+0000] {dagbag.py:545} INFO - Filling up the DagBag from /home/airflow/.local/lib/python3.12/site-packages/airflow/example_dags/tutorial.py
[2026-06-08T12:31:06.321+0000] {processor.py:840} INFO - DAG(s) 'tutorial' retrieved from /home/airflow/.local/lib/python3.12/site-packages/airflow/example_dags/tutorial.py
[2026-06-08T12:31:06.343+0000] {logging_mixin.py:188} INFO - [2026-06-08T12:31:06.343+0000] {dag.py:3096} INFO - Sync 1 DAGs
[2026-06-08T12:31:06.358+0000] {logging_mixin.py:188} INFO - [2026-06-08T12:31:06.357+0000] {dag.py:3954} INFO - Setting next_dagrun for tutorial to 2026-06-07 00:00:00+00:00, run_after=2026-06-08 00:00:00+00:00
[2026-06-08T12:31:06.370+0000] {processor.py:183} INFO - Processing /home/airflow/.local/lib/python3.12/site-packages/airflow/example_dags/tutorial.py took 0.066 seconds
[2026-06-08T12:31:36.755+0000] {processor.py:161} INFO - Started process (PID=1730) to work on /home/airflow/.local/lib/python3.12/site-packages/airflow/example_dags/tutorial.py
[2026-06-08T12:31:36.756+0000] {processor.py:830} INFO - Processing file /home/airflow/.local/lib/python3.12/site-packages/airflow/example_dags/tutorial.py for tasks to queue
[2026-06-08T12:31:36.757+0000] {logging_mixin.py:188} INFO - [2026-06-08T12:31:36.757+0000] {dagbag.py:545} INFO - Filling up the DagBag from /home/airflow/.local/lib/python3.12/site-packages/airflow/example_dags/tutorial.py
[2026-06-08T12:31:36.761+0000] {processor.py:840} INFO - DAG(s) 'tutorial' retrieved from /home/airflow/.local/lib/python3.12/site-packages/airflow/example_dags/tutorial.py
[2026-06-08T12:31:36.778+0000] {logging_mixin.py:188} INFO - [2026-06-08T12:31:36.778+0000] {dag.py:3096} INFO - Sync 1 DAGs
[2026-06-08T12:31:36.794+0000] {logging_mixin.py:188} INFO - [2026-06-08T12:31:36.794+0000] {dag.py:3954} INFO - Setting next_dagrun for tutorial to 2026-06-07 00:00:00+00:00, run_after=2026-06-08 00:00:00+00:00
[2026-06-08T12:31:36.808+0000] {processor.py:183} INFO - Processing /home/airflow/.local/lib/python3.12/site-packages/airflow/example_dags/tutorial.py took 0.059 seconds
[2026-06-08T12:32:07.024+0000] {processor.py:161} INFO - Started process (PID=1789) to work on /home/airflow/.local/lib/python3.12/site-packages/airflow/example_dags/tutorial.py
[2026-06-08T12:32:07.025+0000] {processor.py:830} INFO - Processing file /home/airflow/.local/lib/python3.12/site-packages/airflow/example_dags/tutorial.py for tasks to queue
[2026-06-08T12:32:07.027+0000] {logging_mixin.py:188} INFO - [2026-06-08T12:32:07.026+0000] {dagbag.py:545} INFO - Filling up the DagBag from /home/airflow/.local/lib/python3.12/site-packages/airflow/example_dags/tutorial.py
[2026-06-08T12:32:07.032+0000] {processor.py:840} INFO - DAG(s) 'tutorial' retrieved from /home/airflow/.local/lib/python3.12/site-packages/airflow/example_dags/tutorial.py
[2026-06-08T12:32:07.048+0000] {logging_mixin.py:188} INFO - [2026-06-08T12:32:07.047+0000] {dag.py:3096} INFO - Sync 1 DAGs
[2026-06-08T12:32:07.076+0000] {logging_mixin.py:188} INFO - [2026-06-08T12:32:07.076+0000] {dag.py:3954} INFO - Setting next_dagrun for tutorial to 2026-06-07 00:00:00+00:00, run_after=2026-06-08 00:00:00+00:00
[2026-06-08T12:32:07.105+0000] {processor.py:183} INFO - Processing /home/airflow/.local/lib/python3.12/site-packages/airflow/example_dags/tutorial.py took 0.087 seconds
[2026-06-08T12:32:37.888+0000] {processor.py:161} INFO - Started process (PID=1848) to work on /home/airflow/.local/lib/python3.12/site-packages/airflow/example_dags/tutorial.py
[2026-06-08T12:32:37.889+0000] {processor.py:830} INFO - Processing file /home/airflow/.local/lib/python3.12/site-packages/airflow/example_dags/tutorial.py for tasks to queue
[2026-06-08T12:32:37.890+0000] {logging_mixin.py:188} INFO - [2026-06-08T12:32:37.890+0000] {dagbag.py:545} INFO - Filling up the DagBag from /home/airflow/.local/lib/python3.12/site-packages/airflow/example_dags/tutorial.py
[2026-06-08T12:32:37.895+0000] {processor.py:840} INFO - DAG(s) 'tutorial' retrieved from /home/airflow/.local/lib/python3.12/site-packages/airflow/example_dags/tutorial.py
[2026-06-08T12:32:37.911+0000] {logging_mixin.py:188} INFO - [2026-06-08T12:32:37.911+0000] {dag.py:3096} INFO - Sync 1 DAGs
[2026-06-08T12:32:37.926+0000] {logging_mixin.py:188} INFO - [2026-06-08T12:32:37.925+0000] {dag.py:3954} INFO - Setting next_dagrun for tutorial to 2026-06-07 00:00:00+00:00, run_after=2026-06-08 00:00:00+00:00
[2026-06-08T12:32:37.939+0000] {processor.py:183} INFO - Processing /home/airflow/.local/lib/python3.12/site-packages/airflow/example_dags/tutorial.py took 0.056 seconds
[2026-06-08T12:33:08.914+0000] {processor.py:161} INFO - Started process (PID=1907) to work on /home/airflow/.local/lib/python3.12/site-packages/airflow/example_dags/tutorial.py
[2026-06-08T12:33:08.915+0000] {processor.py:830} INFO - Processing file /home/airflow/.local/lib/python3.12/site-packages/airflow/example_dags/tutorial.py for tasks to queue
[2026-06-08T12:33:08.917+0000] {logging_mixin.py:188} INFO - [2026-06-08T12:33:08.916+0000] {dagbag.py:545} INFO - Filling up the DagBag from /home/airflow/.local/lib/python3.12/site-packages/airflow/example_dags/tutorial.py
[2026-06-08T12:33:08.922+0000] {processor.py:840} INFO - DAG(s) 'tutorial' retrieved from /home/airflow/.local/lib/python3.12/site-packages/airflow/example_dags/tutorial.py
[2026-06-08T12:33:08.947+0000] {logging_mixin.py:188} INFO - [2026-06-08T12:33:08.946+0000] {dag.py:3096} INFO - Sync 1 DAGs
[2026-06-08T12:33:08.965+0000] {logging_mixin.py:188} INFO - [2026-06-08T12:33:08.965+0000] {dag.py:3954} INFO - Setting next_dagrun for tutorial to 2026-06-07 00:00:00+00:00, run_after=2026-06-08 00:00:00+00:00
[2026-06-08T12:33:08.977+0000] {processor.py:183} INFO - Processing /home/airflow/.local/lib/python3.12/site-packages/airflow/example_dags/tutorial.py took 0.067 seconds
[2026-06-08T12:33:39.121+0000] {processor.py:161} INFO - Started process (PID=1966) to work on /home/airflow/.local/lib/python3.12/site-packages/airflow/example_dags/tutorial.py
[2026-06-08T12:33:39.122+0000] {processor.py:830} INFO - Processing file /home/airflow/.local/lib/python3.12/site-packages/airflow/example_dags/tutorial.py for tasks to queue
[2026-06-08T12:33:39.123+0000] {logging_mixin.py:188} INFO - [2026-06-08T12:33:39.123+0000] {dagbag.py:545} INFO - Filling up the DagBag from /home/airflow/.local/lib/python3.12/site-packages/airflow/example_dags/tutorial.py
[2026-06-08T12:33:39.127+0000] {processor.py:840} INFO - DAG(s) 'tutorial' retrieved from /home/airflow/.local/lib/python3.12/site-packages/airflow/example_dags/tutorial.py
[2026-06-08T12:33:39.141+0000] {logging_mixin.py:188} INFO - [2026-06-08T12:33:39.141+0000] {dag.py:3096} INFO - Sync 1 DAGs
[2026-06-08T12:33:39.154+0000] {logging_mixin.py:188} INFO - [2026-06-08T12:33:39.154+0000] {dag.py:3954} INFO - Setting next_dagrun for tutorial to 2026-06-07 00:00:00+00:00, run_after=2026-06-08 00:00:00+00:00
[2026-06-08T12:33:39.167+0000] {processor.py:183} INFO - Processing /home/airflow/.local/lib/python3.12/site-packages/airflow/example_dags/tutorial.py took 0.052 seconds
[2026-06-08T12:34:10.069+0000] {processor.py:161} INFO - Started process (PID=2025) to work on /home/airflow/.local/lib/python3.12/site-packages/airflow/example_dags/tutorial.py
[2026-06-08T12:34:10.070+0000] {processor.py:830} INFO - Processing file /home/airflow/.local/lib/python3.12/site-packages/airflow/example_dags/tutorial.py for tasks to queue
[2026-06-08T12:34:10.071+0000] {logging_mixin.py:188} INFO - [2026-06-08T12:34:10.071+0000] {dagbag.py:545} INFO - Filling up the DagBag from /home/airflow/.local/lib/python3.12/site-packages/airflow/example_dags/tutorial.py
[2026-06-08T12:34:10.077+0000] {processor.py:840} INFO - DAG(s) 'tutorial' retrieved from /home/airflow/.local/lib/python3.12/site-packages/airflow/example_dags/tutorial.py
[2026-06-08T12:34:10.093+0000] {logging_mixin.py:188} INFO - [2026-06-08T12:34:10.093+0000] {dag.py:3096} INFO - Sync 1 DAGs
[2026-06-08T12:34:10.111+0000] {logging_mixin.py:188} INFO - [2026-06-08T12:34:10.110+0000] {dag.py:3954} INFO - Setting next_dagrun for tutorial to 2026-06-07 00:00:00+00:00, run_after=2026-06-08 00:00:00+00:00
[2026-06-08T12:34:10.132+0000] {processor.py:183} INFO - Processing /home/airflow/.local/lib/python3.12/site-packages/airflow/example_dags/tutorial.py took 0.069 seconds
[2026-06-08T12:34:41.317+0000] {processor.py:161} INFO - Started process (PID=2084) to work on /home/airflow/.local/lib/python3.12/site-packages/airflow/example_dags/tutorial.py
[2026-06-08T12:34:41.318+0000] {processor.py:830} INFO - Processing file /home/airflow/.local/lib/python3.12/site-packages/airflow/example_dags/tutorial.py for tasks to queue
[2026-06-08T12:34:41.319+0000] {logging_mixin.py:188} INFO - [2026-06-08T12:34:41.319+0000] {dagbag.py:545} INFO - Filling up the DagBag from /home/airflow/.local/lib/python3.12/site-packages/airflow/example_dags/tutorial.py
[2026-06-08T12:34:41.323+0000] {processor.py:840} INFO - DAG(s) 'tutorial' retrieved from /home/airflow/.local/lib/python3.12/site-packages/airflow/example_dags/tutorial.py
[2026-06-08T12:34:41.470+0000] {logging_mixin.py:188} INFO - [2026-06-08T12:34:41.470+0000] {dag.py:3096} INFO - Sync 1 DAGs
[2026-06-08T12:34:41.488+0000] {logging_mixin.py:188} INFO - [2026-06-08T12:34:41.488+0000] {dag.py:3954} INFO - Setting next_dagrun for tutorial to 2026-06-07 00:00:00+00:00, run_after=2026-06-08 00:00:00+00:00
[2026-06-08T12:34:41.518+0000] {processor.py:183} INFO - Processing /home/airflow/.local/lib/python3.12/site-packages/airflow/example_dags/tutorial.py took 0.207 seconds
[2026-06-08T12:35:12.280+0000] {processor.py:161} INFO - Started process (PID=2143) to work on /home/airflow/.local/lib/python3.12/site-packages/airflow/example_dags/tutorial.py
[2026-06-08T12:35:12.281+0000] {processor.py:830} INFO - Processing file /home/airflow/.local/lib/python3.12/site-packages/airflow/example_dags/tutorial.py for tasks to queue
[2026-06-08T12:35:12.282+0000] {logging_mixin.py:188} INFO - [2026-06-08T12:35:12.282+0000] {dagbag.py:545} INFO - Filling up the DagBag from /home/airflow/.local/lib/python3.12/site-packages/airflow/example_dags/tutorial.py
[2026-06-08T12:35:12.286+0000] {processor.py:840} INFO - DAG(s) 'tutorial' retrieved from /home/airflow/.local/lib/python3.12/site-packages/airflow/example_dags/tutorial.py
[2026-06-08T12:35:12.302+0000] {logging_mixin.py:188} INFO - [2026-06-08T12:35:12.301+0000] {dag.py:3096} INFO - Sync 1 DAGs
[2026-06-08T12:35:12.316+0000] {logging_mixin.py:188} INFO - [2026-06-08T12:35:12.316+0000] {dag.py:3954} INFO - Setting next_dagrun for tutorial to 2026-06-07 00:00:00+00:00, run_after=2026-06-08 00:00:00+00:00
[2026-06-08T12:35:12.328+0000] {processor.py:183} INFO - Processing /home/airflow/.local/lib/python3.12/site-packages/airflow/example_dags/tutorial.py took 0.054 seconds
[2026-06-08T12:35:42.859+0000] {processor.py:161} INFO - Started process (PID=2202) to work on /home/airflow/.local/lib/python3.12/site-packages/airflow/example_dags/tutorial.py
[2026-06-08T12:35:42.860+0000] {processor.py:830} INFO - Processing file /home/airflow/.local/lib/python3.12/site-packages/airflow/example_dags/tutorial.py for tasks to queue
[2026-06-08T12:35:42.861+0000] {logging_mixin.py:188} INFO - [2026-06-08T12:35:42.861+0000] {dagbag.py:545} INFO - Filling up the DagBag from /home/airflow/.local/lib/python3.12/site-packages/airflow/example_dags/tutorial.py
[2026-06-08T12:35:42.865+0000] {processor.py:840} INFO - DAG(s) 'tutorial' retrieved from /home/airflow/.local/lib/python3.12/site-packages/airflow/example_dags/tutorial.py
[2026-06-08T12:35:42.882+0000] {logging_mixin.py:188} INFO - [2026-06-08T12:35:42.882+0000] {dag.py:3096} INFO - Sync 1 DAGs
[2026-06-08T12:35:42.907+0000] {logging_mixin.py:188} INFO - [2026-06-08T12:35:42.906+0000] {dag.py:3954} INFO - Setting next_dagrun for tutorial to 2026-06-07 00:00:00+00:00, run_after=2026-06-08 00:00:00+00:00
[2026-06-08T12:35:42.921+0000] {processor.py:183} INFO - Processing /home/airflow/.local/lib/python3.12/site-packages/airflow/example_dags/tutorial.py took 0.066 seconds
[2026-06-08T12:36:13.378+0000] {processor.py:161} INFO - Started process (PID=2261) to work on /home/airflow/.local/lib/python3.12/site-packages/airflow/example_dags/tutorial.py
[2026-06-08T12:36:13.378+0000] {processor.py:830} INFO - Processing file /home/airflow/.local/lib/python3.12/site-packages/airflow/example_dags/tutorial.py for tasks to queue
[2026-06-08T12:36:13.380+0000] {logging_mixin.py:188} INFO - [2026-06-08T12:36:13.379+0000] {dagbag.py:545} INFO - Filling up the DagBag from /home/airflow/.local/lib/python3.12/site-packages/airflow/example_dags/tutorial.py
[2026-06-08T12:36:13.384+0000] {processor.py:840} INFO - DAG(s) 'tutorial' retrieved from /home/airflow/.local/lib/python3.12/site-packages/airflow/example_dags/tutorial.py
[2026-06-08T12:36:13.402+0000] {logging_mixin.py:188} INFO - [2026-06-08T12:36:13.401+0000] {dag.py:3096} INFO - Sync 1 DAGs
[2026-06-08T12:36:13.416+0000] {logging_mixin.py:188} INFO - [2026-06-08T12:36:13.415+0000] {dag.py:3954} INFO - Setting next_dagrun for tutorial to 2026-06-07 00:00:00+00:00, run_after=2026-06-08 00:00:00+00:00
[2026-06-08T12:36:13.428+0000] {processor.py:183} INFO - Processing /home/airflow/.local/lib/python3.12/site-packages/airflow/example_dags/tutorial.py took 0.055 seconds
[2026-06-08T12:36:43.915+0000] {processor.py:161} INFO - Started process (PID=2320) to work on /home/airflow/.local/lib/python3.12/site-packages/airflow/example_dags/tutorial.py
[2026-06-08T12:36:43.917+0000] {processor.py:830} INFO - Processing file /home/airflow/.local/lib/python3.12/site-packages/airflow/example_dags/tutorial.py for tasks to queue
[2026-06-08T12:36:43.920+0000] {logging_mixin.py:188} INFO - [2026-06-08T12:36:43.919+0000] {dagbag.py:545} INFO - Filling up the DagBag from /home/airflow/.local/lib/python3.12/site-packages/airflow/example_dags/tutorial.py
[2026-06-08T12:36:43.930+0000] {processor.py:840} INFO - DAG(s) 'tutorial' retrieved from /home/airflow/.local/lib/python3.12/site-packages/airflow/example_dags/tutorial.py
[2026-06-08T12:36:43.957+0000] {logging_mixin.py:188} INFO - [2026-06-08T12:36:43.957+0000] {dag.py:3096} INFO - Sync 1 DAGs
[2026-06-08T12:36:43.982+0000] {logging_mixin.py:188} INFO - [2026-06-08T12:36:43.982+0000] {dag.py:3954} INFO - Setting next_dagrun for tutorial to 2026-06-07 00:00:00+00:00, run_after=2026-06-08 00:00:00+00:00
[2026-06-08T12:36:44.001+0000] {processor.py:183} INFO - Processing /home/airflow/.local/lib/python3.12/site-packages/airflow/example_dags/tutorial.py took 0.092 seconds
[2026-06-08T12:37:14.237+0000] {processor.py:161} INFO - Started process (PID=2379) to work on /home/airflow/.local/lib/python3.12/site-packages/airflow/example_dags/tutorial.py
[2026-06-08T12:37:14.239+0000] {processor.py:830} INFO - Processing file /home/airflow/.local/lib/python3.12/site-packages/airflow/example_dags/tutorial.py for tasks to queue
[2026-06-08T12:37:14.240+0000] {logging_mixin.py:188} INFO - [2026-06-08T12:37:14.239+0000] {dagbag.py:545} INFO - Filling up the DagBag from /home/airflow/.local/lib/python3.12/site-packages/airflow/example_dags/tutorial.py
[2026-06-08T12:37:14.243+0000] {processor.py:840} INFO - DAG(s) 'tutorial' retrieved from /home/airflow/.local/lib/python3.12/site-packages/airflow/example_dags/tutorial.py
[2026-06-08T12:37:14.260+0000] {logging_mixin.py:188} INFO - [2026-06-08T12:37:14.260+0000] {dag.py:3096} INFO - Sync 1 DAGs
[2026-06-08T12:37:14.280+0000] {logging_mixin.py:188} INFO - [2026-06-08T12:37:14.280+0000] {dag.py:3954} INFO - Setting next_dagrun for tutorial to 2026-06-07 00:00:00+00:00, run_after=2026-06-08 00:00:00+00:00
[2026-06-08T12:37:14.297+0000] {processor.py:183} INFO - Processing /home/airflow/.local/lib/python3.12/site-packages/airflow/example_dags/tutorial.py took 0.064 seconds
[2026-06-08T12:37:44.698+0000] {processor.py:161} INFO - Started process (PID=2438) to work on /home/airflow/.local/lib/python3.12/site-packages/airflow/example_dags/tutorial.py
[2026-06-08T12:37:44.698+0000] {processor.py:830} INFO - Processing file /home/airflow/.local/lib/python3.12/site-packages/airflow/example_dags/tutorial.py for tasks to queue
[2026-06-08T12:37:44.700+0000] {logging_mixin.py:188} INFO - [2026-06-08T12:37:44.699+0000] {dagbag.py:545} INFO - Filling up the DagBag from /home/airflow/.local/lib/python3.12/site-packages/airflow/example_dags/tutorial.py
[2026-06-08T12:37:44.704+0000] {processor.py:840} INFO - DAG(s) 'tutorial' retrieved from /home/airflow/.local/lib/python3.12/site-packages/airflow/example_dags/tutorial.py
[2026-06-08T12:37:44.720+0000] {logging_mixin.py:188} INFO - [2026-06-08T12:37:44.720+0000] {dag.py:3096} INFO - Sync 1 DAGs
[2026-06-08T12:37:44.738+0000] {logging_mixin.py:188} INFO - [2026-06-08T12:37:44.738+0000] {dag.py:3954} INFO - Setting next_dagrun for tutorial to 2026-06-07 00:00:00+00:00, run_after=2026-06-08 00:00:00+00:00
[2026-06-08T12:37:44.760+0000] {processor.py:183} INFO - Processing /home/airflow/.local/lib/python3.12/site-packages/airflow/example_dags/tutorial.py took 0.070 seconds
