[2026-06-08T12:23:12.225+0000] {local_task_job_runner.py:120} INFO - ::group::Pre task execution logs
[2026-06-08T12:23:12.247+0000] {taskinstance.py:2076} INFO - Dependencies all met for dep_context=non-requeueable deps ti=<TaskInstance: weather_pipeline.fetch_paris manual__2026-06-08T12:23:10.373810+00:00 [queued]>
[2026-06-08T12:23:12.252+0000] {taskinstance.py:2076} INFO - Dependencies all met for dep_context=requeueable deps ti=<TaskInstance: weather_pipeline.fetch_paris manual__2026-06-08T12:23:10.373810+00:00 [queued]>
[2026-06-08T12:23:12.252+0000] {taskinstance.py:2306} INFO - Starting attempt 1 of 3
[2026-06-08T12:23:12.264+0000] {taskinstance.py:2330} INFO - Executing <Task(PythonOperator): fetch_paris> on 2026-06-08 12:23:10.373810+00:00
[2026-06-08T12:23:12.273+0000] {warnings.py:110} WARNING - /home/***/.local/lib/python3.12/site-packages/***/task/task_runner/standard_task_runner.py:61: DeprecationWarning: This process (pid=154) is multi-threaded, use of fork() may lead to deadlocks in the child.
  pid = os.fork()

[2026-06-08T12:23:12.275+0000] {standard_task_runner.py:63} INFO - Started process 162 to run task
[2026-06-08T12:23:12.275+0000] {standard_task_runner.py:90} INFO - Running: ['***', 'tasks', 'run', 'weather_pipeline', 'fetch_paris', 'manual__2026-06-08T12:23:10.373810+00:00', '--job-id', '10', '--raw', '--subdir', 'DAGS_FOLDER/weather_pipeline.py', '--cfg-path', '/tmp/tmp3uo7tlnj']
[2026-06-08T12:23:12.277+0000] {standard_task_runner.py:91} INFO - Job 10: Subtask fetch_paris
[2026-06-08T12:23:12.317+0000] {task_command.py:426} INFO - Running <TaskInstance: weather_pipeline.fetch_paris manual__2026-06-08T12:23:10.373810+00:00 [running]> on host 6222566259b1
[2026-06-08T12:23:12.391+0000] {taskinstance.py:2648} INFO - Exporting env vars: AIRFLOW_CTX_DAG_OWNER='samuel' AIRFLOW_CTX_DAG_ID='weather_pipeline' AIRFLOW_CTX_TASK_ID='fetch_paris' AIRFLOW_CTX_EXECUTION_DATE='2026-06-08T12:23:10.373810+00:00' AIRFLOW_CTX_TRY_NUMBER='1' AIRFLOW_CTX_DAG_RUN_ID='manual__2026-06-08T12:23:10.373810+00:00'
[2026-06-08T12:23:12.393+0000] {taskinstance.py:430} INFO - ::endgroup::
[2026-06-08T12:23:12.393+0000] {logging_mixin.py:188} INFO - [fetch] Appel API météo pour Paris
[2026-06-08T12:23:12.393+0000] {python.py:237} INFO - Done. Returned value was: None
[2026-06-08T12:23:12.393+0000] {taskinstance.py:441} INFO - ::group::Post task execution logs
[2026-06-08T12:23:12.401+0000] {taskinstance.py:1206} INFO - Marking task as SUCCESS. dag_id=weather_pipeline, task_id=fetch_paris, run_id=manual__2026-06-08T12:23:10.373810+00:00, execution_date=20260608T122310, start_date=20260608T122312, end_date=20260608T122312
[2026-06-08T12:23:12.448+0000] {local_task_job_runner.py:240} INFO - Task exited with return code 0
[2026-06-08T12:23:12.480+0000] {taskinstance.py:3498} INFO - 1 downstream tasks scheduled from follow-on schedule check
[2026-06-08T12:23:12.483+0000] {local_task_job_runner.py:222} INFO - ::endgroup::
