[2026-06-09T07:47:30.947+0000] {local_task_job_runner.py:120} INFO - ::group::Pre task execution logs
[2026-06-09T07:47:30.968+0000] {taskinstance.py:2076} INFO - Dependencies all met for dep_context=non-requeueable deps ti=<TaskInstance: weather_pipeline.load_to_db manual__2026-06-09T07:47:24.094881+00:00 [queued]>
[2026-06-09T07:47:30.977+0000] {taskinstance.py:2076} INFO - Dependencies all met for dep_context=requeueable deps ti=<TaskInstance: weather_pipeline.load_to_db manual__2026-06-09T07:47:24.094881+00:00 [queued]>
[2026-06-09T07:47:30.977+0000] {taskinstance.py:2306} INFO - Starting attempt 1 of 3
[2026-06-09T07:47:30.988+0000] {taskinstance.py:2330} INFO - Executing <Task(PythonOperator): load_to_db> on 2026-06-09 07:47:24.094881+00:00
[2026-06-09T07:47:30.993+0000] {warnings.py:110} WARNING - /home/***/.local/lib/python3.12/site-packages/***/task/task_runner/standard_task_runner.py:61: DeprecationWarning: This process (pid=3614) is multi-threaded, use of fork() may lead to deadlocks in the child.
  pid = os.fork()

[2026-06-09T07:47:30.994+0000] {standard_task_runner.py:63} INFO - Started process 3616 to run task
[2026-06-09T07:47:30.995+0000] {standard_task_runner.py:90} INFO - Running: ['***', 'tasks', 'run', 'weather_pipeline', 'load_to_db', 'manual__2026-06-09T07:47:24.094881+00:00', '--job-id', '44', '--raw', '--subdir', 'DAGS_FOLDER/weather_pipeline.py', '--cfg-path', '/tmp/tmpy0bjk241']
[2026-06-09T07:47:30.997+0000] {standard_task_runner.py:91} INFO - Job 44: Subtask load_to_db
[2026-06-09T07:47:31.032+0000] {task_command.py:426} INFO - Running <TaskInstance: weather_pipeline.load_to_db manual__2026-06-09T07:47:24.094881+00:00 [running]> on host 6222566259b1
[2026-06-09T07:47:31.107+0000] {taskinstance.py:2648} INFO - Exporting env vars: AIRFLOW_CTX_DAG_OWNER='samuel' AIRFLOW_CTX_DAG_ID='weather_pipeline' AIRFLOW_CTX_TASK_ID='load_to_db' AIRFLOW_CTX_EXECUTION_DATE='2026-06-09T07:47:24.094881+00:00' AIRFLOW_CTX_TRY_NUMBER='1' AIRFLOW_CTX_DAG_RUN_ID='manual__2026-06-09T07:47:24.094881+00:00'
[2026-06-09T07:47:31.108+0000] {taskinstance.py:430} INFO - ::endgroup::
[2026-06-09T07:47:31.118+0000] {logging_mixin.py:188} INFO - [load] Insertion pour Paris : {'city': 'Paris', 'temperature_c': 13.8, 'windspeed_kmh': 12.6, 'weather_code': 2, 'humidity_pct': 81, 'collected_at': '2026-06-09T09:45'}
[2026-06-09T07:47:31.125+0000] {logging_mixin.py:188} INFO - [load] Insertion pour Lyon : {'city': 'Lyon', 'temperature_c': 17.3, 'windspeed_kmh': 12.6, 'weather_code': 3, 'humidity_pct': 86, 'collected_at': '2026-06-09T09:45'}
[2026-06-09T07:47:31.131+0000] {logging_mixin.py:188} INFO - [load] Insertion pour Marseille : {'city': 'Marseille', 'temperature_c': 23.5, 'windspeed_kmh': 13.7, 'weather_code': 0, 'humidity_pct': 69, 'collected_at': '2026-06-09T09:45'}
[2026-06-09T07:47:31.132+0000] {python.py:237} INFO - Done. Returned value was: None
[2026-06-09T07:47:31.132+0000] {taskinstance.py:441} INFO - ::group::Post task execution logs
[2026-06-09T07:47:31.140+0000] {taskinstance.py:1206} INFO - Marking task as SUCCESS. dag_id=weather_pipeline, task_id=load_to_db, run_id=manual__2026-06-09T07:47:24.094881+00:00, execution_date=20260609T074724, start_date=20260609T074730, end_date=20260609T074731
[2026-06-09T07:47:31.167+0000] {local_task_job_runner.py:240} INFO - Task exited with return code 0
[2026-06-09T07:47:31.182+0000] {taskinstance.py:3498} INFO - 1 downstream tasks scheduled from follow-on schedule check
[2026-06-09T07:47:31.183+0000] {local_task_job_runner.py:222} INFO - ::endgroup::
